Number of Records,Index Type,Query Time (s),EXPLAIN Plan
100,No Index,0.0004921674728393555,"[('Index Scan using uniq_user_app_email on user_app  (cost=0.38..8.39 rows=1 width=2088) (actual time=0.025..0.029 rows=1 loops=1)',), (""  Index Cond: ((email)::text = 'ianhrxdwnp@example.com'::text)"",), ('  Buffers: shared hit=4',), ('Planning Time: 0.038 ms',), ('Execution Time: 0.048 ms',)]"
100,BTREE,0.0005189895629882813,"[('Index Scan using idx_email_btree on user_app  (cost=0.12..8.14 rows=1 width=2088) (actual time=0.011..0.015 rows=1 loops=1)',), (""  Index Cond: ((email)::text = 'nznnjenmyn@example.com'::text)"",), ('  Buffers: shared hit=2',), ('Planning Time: 0.051 ms',), ('Execution Time: 0.036 ms',)]"
100,HASH,0.00026891231536865237,"[('Index Scan using idx_email_hash on user_app  (cost=0.00..8.02 rows=1 width=2088) (actual time=0.005..0.009 rows=1 loops=1)',), (""  Index Cond: ((email)::text = 'braqrojffu@example.com'::text)"",), ('  Buffers: shared hit=2',), ('Planning Time: 0.023 ms',), ('Execution Time: 0.020 ms',)]"
101,No Index,0.00029542446136474607,"[('Index Scan using uniq_user_app_email on user_app  (cost=0.38..8.39 rows=1 width=2088) (actual time=0.008..0.010 rows=1 loops=1)',), (""  Index Cond: ((email)::text = 'ltabqzlxof@example.com'::text)"",), ('  Buffers: shared hit=4',), ('Planning Time: 0.021 ms',), ('Execution Time: 0.021 ms',)]"
101,BTREE,0.0002822399139404297,"[('Index Scan using idx_email_btree on user_app  (cost=0.12..8.14 rows=1 width=2088) (actual time=0.005..0.008 rows=1 loops=1)',), (""  Index Cond: ((email)::text = 'jjdlmlcnwo@example.com'::text)"",), ('  Buffers: shared hit=2',), ('Planning Time: 0.019 ms',), ('Execution Time: 0.017 ms',)]"
101,HASH,0.0006679058074951172,"[('Index Scan using idx_email_hash on user_app  (cost=0.00..8.02 rows=1 width=2088) (actual time=0.010..0.015 rows=1 loops=1)',), (""  Index Cond: ((email)::text = 'sfjlomxbon@example.com'::text)"",), ('  Buffers: shared hit=2',), ('Planning Time: 0.056 ms',), ('Execution Time: 0.036 ms',)]"
102,No Index,0.0008041620254516602,"[('Index Scan using uniq_user_app_email on user_app  (cost=0.38..8.39 rows=1 width=2088) (actual time=0.020..0.025 rows=1 loops=1)',), (""  Index Cond: ((email)::text = 'dgcdnunwrj@example.com'::text)"",), ('  Buffers: shared hit=4',), ('Planning Time: 0.060 ms',), ('Execution Time: 0.047 ms',)]"
102,BTREE,0.0008490562438964843,"[('Index Scan using idx_email_btree on user_app  (cost=0.12..8.14 rows=1 width=2088) (actual time=0.013..0.018 rows=1 loops=1)',), (""  Index Cond: ((email)::text = 'fplokgdict@example.com'::text)"",), ('  Buffers: shared hit=2',), ('Planning Time: 0.062 ms',), ('Execution Time: 0.040 ms',)]"
102,HASH,0.0007981300354003906,"[('Index Scan using idx_email_hash on user_app  (cost=0.00..8.02 rows=1 width=2088) (actual time=0.011..0.016 rows=1 loops=1)',), (""  Index Cond: ((email)::text = 'rzoqhgvajs@example.com'::text)"",), ('  Buffers: shared hit=2',), ('Planning Time: 0.062 ms',), ('Execution Time: 0.039 ms',)]"
103,No Index,0.000556778907775879,"[('Index Scan using uniq_user_app_email on user_app  (cost=0.38..8.39 rows=1 width=2088) (actual time=0.020..0.025 rows=1 loops=1)',), (""  Index Cond: ((email)::text = 'qtipomufkq@example.com'::text)"",), ('  Buffers: shared hit=4',), ('Planning Time: 0.057 ms',), ('Execution Time: 0.048 ms',)]"
103,BTREE,0.0006612062454223633,"[('Index Scan using idx_email_btree on user_app  (cost=0.12..8.14 rows=1 width=2088) (actual time=0.012..0.017 rows=1 loops=1)',), (""  Index Cond: ((email)::text = 'tsnhomlrve@example.com'::text)"",), ('  Buffers: shared hit=2',), ('Planning Time: 0.057 ms',), ('Execution Time: 0.038 ms',)]"
103,HASH,0.0006623983383178711,"[('Index Scan using idx_email_hash on user_app  (cost=0.00..8.02 rows=1 width=2088) (actual time=0.010..0.015 rows=1 loops=1)',), (""  Index Cond: ((email)::text = 'yymwtfpbgt@example.com'::text)"",), ('  Buffers: shared hit=2',), ('Planning Time: 0.057 ms',), ('Execution Time: 0.035 ms',)]"
104,No Index,0.0007300615310668945,"[('Index Scan using uniq_user_app_email on user_app  (cost=0.38..8.39 rows=1 width=2088) (actual time=0.020..0.025 rows=1 loops=1)',), (""  Index Cond: ((email)::text = 'igngwdaeuq@example.com'::text)"",), ('  Buffers: shared hit=4',), ('Planning Time: 0.057 ms',), ('Execution Time: 0.048 ms',)]"
104,BTREE,0.000734710693359375,"[('Index Scan using idx_email_btree on user_app  (cost=0.12..8.14 rows=1 width=2088) (actual time=0.014..0.019 rows=1 loops=1)',), (""  Index Cond: ((email)::text = 'dwueoeixxm@example.com'::text)"",), ('  Buffers: shared hit=2',), ('Planning Time: 0.063 ms',), ('Execution Time: 0.040 ms',)]"
104,HASH,0.0007421970367431641,"[('Index Scan using idx_email_hash on user_app  (cost=0.00..8.02 rows=1 width=2088) (actual time=0.011..0.016 rows=1 loops=1)',), (""  Index Cond: ((email)::text = 'jnorvufwch@example.com'::text)"",), ('  Buffers: shared hit=2',), ('Planning Time: 0.062 ms',), ('Execution Time: 0.038 ms',)]"
105,No Index,0.0007184267044067383,"[('Index Scan using uniq_user_app_email on user_app  (cost=0.38..8.39 rows=1 width=2088) (actual time=0.020..0.026 rows=1 loops=1)',), (""  Index Cond: ((email)::text = 'picyhgslye@example.com'::text)"",), ('  Buffers: shared hit=4',), ('Planning Time: 0.057 ms',), ('Execution Time: 0.048 ms',)]"
105,BTREE,0.0005548477172851562,"[('Index Scan using idx_email_btree on user_app  (cost=0.12..8.14 rows=1 width=2088) (actual time=0.012..0.018 rows=1 loops=1)',), (""  Index Cond: ((email)::text = 'xgqeomdryz@example.com'::text)"",), ('  Buffers: shared hit=2',), ('Planning Time: 0.055 ms',), ('Execution Time: 0.038 ms',)]"
105,HASH,0.00024759769439697266,"[('Index Scan using idx_email_hash on user_app  (cost=0.00..8.02 rows=1 width=2088) (actual time=0.003..0.006 rows=1 loops=1)',), (""  Index Cond: ((email)::text = 'xjhuxiwbue@example.com'::text)"",), ('  Buffers: shared hit=2',), ('Planning Time: 0.019 ms',), ('Execution Time: 0.017 ms',)]"
106,No Index,0.00048508644104003904,"[('Index Scan using uniq_user_app_email on user_app  (cost=0.38..8.39 rows=1 width=2088) (actual time=0.017..0.022 rows=1 loops=1)',), (""  Index Cond: ((email)::text = 'gtxxsccaxj@example.com'::text)"",), ('  Buffers: shared hit=4',), ('Planning Time: 0.045 ms',), ('Execution Time: 0.042 ms',)]"
106,BTREE,0.0007761955261230469,"[('Index Scan using idx_email_btree on user_app  (cost=0.12..8.14 rows=1 width=2088) (actual time=0.016..0.022 rows=1 loops=1)',), (""  Index Cond: ((email)::text = 'vobftkuuqt@example.com'::text)"",), ('  Buffers: shared hit=2',), ('Planning Time: 0.108 ms',), ('Execution Time: 0.047 ms',)]"
106,HASH,0.0007719993591308594,"[('Index Scan using idx_email_hash on user_app  (cost=0.00..8.02 rows=1 width=2088) (actual time=0.012..0.017 rows=1 loops=1)',), (""  Index Cond: ((email)::text = 'toigxxrduj@example.com'::text)"",), ('  Buffers: shared hit=2',), ('Planning Time: 0.064 ms',), ('Execution Time: 0.039 ms',)]"
107,No Index,0.0006693124771118164,"[('Index Scan using uniq_user_app_email on user_app  (cost=0.38..8.39 rows=1 width=2088) (actual time=0.020..0.026 rows=1 loops=1)',), (""  Index Cond: ((email)::text = 'ehpkwcuhzh@example.com'::text)"",), ('  Buffers: shared hit=4',), ('Planning Time: 0.057 ms',), ('Execution Time: 0.048 ms',)]"
107,BTREE,0.0008027553558349609,"[('Index Scan using idx_email_btree on user_app  (cost=0.12..8.14 rows=1 width=2088) (actual time=0.013..0.018 rows=1 loops=1)',), (""  Index Cond: ((email)::text = 'histktiewb@example.com'::text)"",), ('  Buffers: shared hit=2',), ('Planning Time: 0.062 ms',), ('Execution Time: 0.040 ms',)]"
107,HASH,0.000819993019104004,"[('Index Scan using idx_email_hash on user_app  (cost=0.00..8.02 rows=1 width=2088) (actual time=0.012..0.017 rows=1 loops=1)',), (""  Index Cond: ((email)::text = 'nhyjegqpjt@example.com'::text)"",), ('  Buffers: shared hit=2',), ('Planning Time: 0.063 ms',), ('Execution Time: 0.038 ms',)]"
108,No Index,0.0003306865692138672,"[('Index Scan using uniq_user_app_email on user_app  (cost=0.38..8.39 rows=1 width=2088) (actual time=0.013..0.017 rows=1 loops=1)',), (""  Index Cond: ((email)::text = 'sfylcwijco@example.com'::text)"",), ('  Buffers: shared hit=4',), ('Planning Time: 0.035 ms',), ('Execution Time: 0.034 ms',)]"
108,BTREE,0.00019500255584716796,"[('Index Scan using idx_email_btree on user_app  (cost=0.12..8.14 rows=1 width=2088) (actual time=0.005..0.007 rows=1 loops=1)',), (""  Index Cond: ((email)::text = 'hxdvwdlqnh@example.com'::text)"",), ('  Buffers: shared hit=2',), ('Planning Time: 0.019 ms',), ('Execution Time: 0.017 ms',)]"
108,HASH,0.0002722740173339844,"[('Index Scan using idx_email_hash on user_app  (cost=0.00..8.02 rows=1 width=2088) (actual time=0.004..0.007 rows=1 loops=1)',), (""  Index Cond: ((email)::text = 'leuepygfum@example.com'::text)"",), ('  Buffers: shared hit=2',), ('Planning Time: 0.021 ms',), ('Execution Time: 0.017 ms',)]"
109,No Index,0.0002529382705688477,"[('Index Scan using uniq_user_app_email on user_app  (cost=0.38..8.39 rows=1 width=2088) (actual time=0.007..0.010 rows=1 loops=1)',), (""  Index Cond: ((email)::text = 'cjenxlfjvf@example.com'::text)"",), ('  Buffers: shared hit=4',), ('Planning Time: 0.018 ms',), ('Execution Time: 0.020 ms',)]"
109,BTREE,0.0002688884735107422,"[('Index Scan using idx_email_btree on user_app  (cost=0.12..8.14 rows=1 width=2088) (actual time=0.006..0.009 rows=1 loops=1)',), (""  Index Cond: ((email)::text = 'srgjvvhdrh@example.com'::text)"",), ('  Buffers: shared hit=2',), ('Planning Time: 0.024 ms',), ('Execution Time: 0.020 ms',)]"
109,HASH,0.00025990009307861326,"[('Index Scan using idx_email_hash on user_app  (cost=0.00..8.02 rows=1 width=2088) (actual time=0.005..0.007 rows=1 loops=1)',), (""  Index Cond: ((email)::text = 'exydlcqfzg@example.com'::text)"",), ('  Buffers: shared hit=2',), ('Planning Time: 0.023 ms',), ('Execution Time: 0.018 ms',)]"
110,No Index,0.0002652406692504883,"[('Index Scan using uniq_user_app_email on user_app  (cost=0.38..8.39 rows=1 width=2088) (actual time=0.007..0.009 rows=1 loops=1)',), (""  Index Cond: ((email)::text = 'frjbhjsjvw@example.com'::text)"",), ('  Buffers: shared hit=4',), ('Planning Time: 0.018 ms',), ('Execution Time: 0.020 ms',)]"
110,BTREE,0.0003009319305419922,"[('Index Scan using idx_email_btree on user_app  (cost=0.12..8.14 rows=1 width=2088) (actual time=0.005..0.008 rows=1 loops=1)',), (""  Index Cond: ((email)::text = 'ceahpnuwto@example.com'::text)"",), ('  Buffers: shared hit=2',), ('Planning Time: 0.019 ms',), ('Execution Time: 0.018 ms',)]"
110,HASH,0.0002580881118774414,"[('Index Scan using idx_email_hash on user_app  (cost=0.00..8.02 rows=1 width=2088) (actual time=0.005..0.009 rows=1 loops=1)',), (""  Index Cond: ((email)::text = 'pgusfcuxzh@example.com'::text)"",), ('  Buffers: shared hit=2',), ('Planning Time: 0.024 ms',), ('Execution Time: 0.020 ms',)]"
111,No Index,0.0005062341690063477,"[('Index Scan using uniq_user_app_email on user_app  (cost=0.38..8.39 rows=1 width=2088) (actual time=0.017..0.021 rows=1 loops=1)',), (""  Index Cond: ((email)::text = 'pjbcbvxrav@example.com'::text)"",), ('  Buffers: shared hit=4',), ('Planning Time: 0.045 ms',), ('Execution Time: 0.042 ms',)]"
111,BTREE,0.0007714271545410156,"[('Index Scan using idx_email_btree on user_app  (cost=0.12..8.14 rows=1 width=2088) (actual time=0.014..0.019 rows=1 loops=1)',), (""  Index Cond: ((email)::text = 'iybmzdgjsa@example.com'::text)"",), ('  Buffers: shared hit=2',), ('Planning Time: 0.062 ms',), ('Execution Time: 0.041 ms',)]"
111,HASH,0.0007090568542480469,"[('Index Scan using idx_email_hash on user_app  (cost=0.00..8.02 rows=1 width=2088) (actual time=0.012..0.017 rows=1 loops=1)',), (""  Index Cond: ((email)::text = 'vihriabmre@example.com'::text)"",), ('  Buffers: shared hit=2',), ('Planning Time: 0.062 ms',), ('Execution Time: 0.038 ms',)]"
112,No Index,0.0006549596786499023,"[('Index Scan using uniq_user_app_email on user_app  (cost=0.38..8.39 rows=1 width=2088) (actual time=0.020..0.025 rows=1 loops=1)',), (""  Index Cond: ((email)::text = 'sdxqjpxpqm@example.com'::text)"",), ('  Buffers: shared hit=4',), ('Planning Time: 0.056 ms',), ('Execution Time: 0.047 ms',)]"
112,BTREE,0.0008718490600585938,"[('Index Scan using idx_email_btree on user_app  (cost=0.12..8.14 rows=1 width=2088) (actual time=0.013..0.019 rows=1 loops=1)',), (""  Index Cond: ((email)::text = 'hwzqsantdl@example.com'::text)"",), ('  Buffers: shared hit=2',), ('Planning Time: 0.062 ms',), ('Execution Time: 0.041 ms',)]"
112,HASH,0.0006625890731811523,"[('Index Scan using idx_email_hash on user_app  (cost=0.00..8.02 rows=1 width=2088) (actual time=0.010..0.015 rows=1 loops=1)',), (""  Index Cond: ((email)::text = 'rcbylbolgj@example.com'::text)"",), ('  Buffers: shared hit=2',), ('Planning Time: 0.058 ms',), ('Execution Time: 0.036 ms',)]"
113,No Index,0.0006722211837768555,"[('Index Scan using uniq_user_app_email on user_app  (cost=0.38..8.39 rows=1 width=2088) (actual time=0.018..0.022 rows=1 loops=1)',), (""  Index Cond: ((email)::text = 'wmagfecepq@example.com'::text)"",), ('  Buffers: shared hit=4',), ('Planning Time: 0.053 ms',), ('Execution Time: 0.044 ms',)]"
113,BTREE,0.00025637149810791015,"[('Index Scan using idx_email_btree on user_app  (cost=0.12..8.14 rows=1 width=2088) (actual time=0.005..0.007 rows=1 loops=1)',), (""  Index Cond: ((email)::text = 'rwbvkprjzu@example.com'::text)"",), ('  Buffers: shared hit=2',), ('Planning Time: 0.019 ms',), ('Execution Time: 0.018 ms',)]"
113,HASH,0.00027325153350830076,"[('Index Scan using idx_email_hash on user_app  (cost=0.00..8.02 rows=1 width=2088) (actual time=0.004..0.007 rows=1 loops=1)',), (""  Index Cond: ((email)::text = 'uspokfuccy@example.com'::text)"",), ('  Buffers: shared hit=2',), ('Planning Time: 0.021 ms',), ('Execution Time: 0.017 ms',)]"
114,No Index,0.0002928733825683594,"[('Index Scan using uniq_user_app_email on user_app  (cost=0.38..8.39 rows=1 width=2088) (actual time=0.009..0.011 rows=1 loops=1)',), (""  Index Cond: ((email)::text = 'purfzwbvxr@example.com'::text)"",), ('  Buffers: shared hit=4',), ('Planning Time: 0.022 ms',), ('Execution Time: 0.022 ms',)]"
114,BTREE,0.0006386756896972657,"[('Index Scan using idx_email_btree on user_app  (cost=0.12..8.14 rows=1 width=2088) (actual time=0.014..0.019 rows=1 loops=1)',), (""  Index Cond: ((email)::text = 'pmvpshgwqu@example.com'::text)"",), ('  Buffers: shared hit=2',), ('Planning Time: 0.063 ms',), ('Execution Time: 0.041 ms',)]"
114,HASH,0.00025005340576171874,"[('Index Scan using idx_email_hash on user_app  (cost=0.00..8.02 rows=1 width=2088) (actual time=0.003..0.006 rows=1 loops=1)',), (""  Index Cond: ((email)::text = 'yzclemvwgy@example.com'::text)"",), ('  Buffers: shared hit=2',), ('Planning Time: 0.019 ms',), ('Execution Time: 0.015 ms',)]"
115,No Index,0.0003354310989379883,"[('Index Scan using uniq_user_app_email on user_app  (cost=0.38..8.39 rows=1 width=2088) (actual time=0.008..0.010 rows=1 loops=1)',), (""  Index Cond: ((email)::text = 'onxjzghhln@example.com'::text)"",), ('  Buffers: shared hit=4',), ('Planning Time: 0.021 ms',), ('Execution Time: 0.022 ms',)]"
115,BTREE,0.0002513885498046875,"[('Index Scan using idx_email_btree on user_app  (cost=0.12..8.14 rows=1 width=2088) (actual time=0.004..0.007 rows=1 loops=1)',), (""  Index Cond: ((email)::text = 'deucnxdujc@example.com'::text)"",), ('  Buffers: shared hit=2',), ('Planning Time: 0.018 ms',), ('Execution Time: 0.018 ms',)]"
115,HASH,0.00025179386138916013,"[('Index Scan using idx_email_hash on user_app  (cost=0.00..8.02 rows=1 width=2088) (actual time=0.003..0.006 rows=1 loops=1)',), (""  Index Cond: ((email)::text = 'knkxwfucoj@example.com'::text)"",), ('  Buffers: shared hit=2',), ('Planning Time: 0.019 ms',), ('Execution Time: 0.015 ms',)]"
116,No Index,0.00030803680419921875,"[('Index Scan using uniq_user_app_email on user_app  (cost=0.38..8.39 rows=1 width=2088) (actual time=0.007..0.010 rows=1 loops=1)',), (""  Index Cond: ((email)::text = 'pdpaujvqty@example.com'::text)"",), ('  Buffers: shared hit=4',), ('Planning Time: 0.017 ms',), ('Execution Time: 0.020 ms',)]"
116,BTREE,0.0005597591400146485,"[('Index Scan using idx_email_btree on user_app  (cost=0.12..8.14 rows=1 width=2088) (actual time=0.012..0.017 rows=1 loops=1)',), (""  Index Cond: ((email)::text = 'wrkinyyqsu@example.com'::text)"",), ('  Buffers: shared hit=2',), ('Planning Time: 0.058 ms',), ('Execution Time: 0.038 ms',)]"
116,HASH,0.0002191781997680664,"[('Index Scan using idx_email_hash on user_app  (cost=0.00..8.02 rows=1 width=2088) (actual time=0.004..0.007 rows=1 loops=1)',), (""  Index Cond: ((email)::text = 'pmelhgdnkf@example.com'::text)"",), ('  Buffers: shared hit=2',), ('Planning Time: 0.023 ms',), ('Execution Time: 0.017 ms',)]"
117,No Index,0.0002956867218017578,"[('Index Scan using uniq_user_app_email on user_app  (cost=0.38..8.39 rows=1 width=2088) (actual time=0.007..0.010 rows=1 loops=1)',), (""  Index Cond: ((email)::text = 'jxppndhxjk@example.com'::text)"",), ('  Buffers: shared hit=4',), ('Planning Time: 0.018 ms',), ('Execution Time: 0.021 ms',)]"
117,BTREE,0.00026743412017822267,"[('Index Scan using idx_email_btree on user_app  (cost=0.12..8.14 rows=1 width=2088) (actual time=0.005..0.008 rows=1 loops=1)',), (""  Index Cond: ((email)::text = 'fkeggxzfgu@example.com'::text)"",), ('  Buffers: shared hit=2',), ('Planning Time: 0.019 ms',), ('Execution Time: 0.017 ms',)]"
117,HASH,0.0007890701293945312,"[('Index Scan using idx_email_hash on user_app  (cost=0.00..8.02 rows=1 width=2088) (actual time=0.010..0.015 rows=1 loops=1)',), (""  Index Cond: ((email)::text = 'tjpnriijfl@example.com'::text)"",), ('  Buffers: shared hit=2',), ('Planning Time: 0.057 ms',), ('Execution Time: 0.034 ms',)]"
118,No Index,0.0006165027618408204,"[('Index Scan using uniq_user_app_email on user_app  (cost=0.38..8.39 rows=1 width=2088) (actual time=0.020..0.025 rows=1 loops=1)',), (""  Index Cond: ((email)::text = 'kzruaamlyu@example.com'::text)"",), ('  Buffers: shared hit=4',), ('Planning Time: 0.057 ms',), ('Execution Time: 0.048 ms',)]"
118,BTREE,0.0002594470977783203,"[('Index Scan using idx_email_btree on user_app  (cost=0.12..8.14 rows=1 width=2088) (actual time=0.006..0.009 rows=1 loops=1)',), (""  Index Cond: ((email)::text = 'jleqveyxam@example.com'::text)"",), ('  Buffers: shared hit=2',), ('Planning Time: 0.021 ms',), ('Execution Time: 0.020 ms',)]"
118,HASH,0.00025801658630371095,"[('Index Scan using idx_email_hash on user_app  (cost=0.00..8.02 rows=1 width=2088) (actual time=0.005..0.008 rows=1 loops=1)',), (""  Index Cond: ((email)::text = 'pxfqwjrbtv@example.com'::text)"",), ('  Buffers: shared hit=2',), ('Planning Time: 0.021 ms',), ('Execution Time: 0.018 ms',)]"
119,No Index,0.0002705097198486328,"[('Index Scan using uniq_user_app_email on user_app  (cost=0.38..8.39 rows=1 width=2088) (actual time=0.008..0.010 rows=1 loops=1)',), (""  Index Cond: ((email)::text = 'skfqkqgvsz@example.com'::text)"",), ('  Buffers: shared hit=4',), ('Planning Time: 0.023 ms',), ('Execution Time: 0.022 ms',)]"
119,BTREE,0.0002933979034423828,"[('Index Scan using idx_email_btree on user_app  (cost=0.12..8.14 rows=1 width=2088) (actual time=0.004..0.007 rows=1 loops=1)',), (""  Index Cond: ((email)::text = 'bgcnrfwetf@example.com'::text)"",), ('  Buffers: shared hit=2',), ('Planning Time: 0.019 ms',), ('Execution Time: 0.018 ms',)]"
119,HASH,0.00025095939636230467,"[('Index Scan using idx_email_hash on user_app  (cost=0.00..8.02 rows=1 width=2088) (actual time=0.004..0.007 rows=1 loops=1)',), (""  Index Cond: ((email)::text = 'oprvglysqh@example.com'::text)"",), ('  Buffers: shared hit=2',), ('Planning Time: 0.019 ms',), ('Execution Time: 0.016 ms',)]"
120,No Index,0.0002619028091430664,"[('Index Scan using uniq_user_app_email on user_app  (cost=0.38..8.39 rows=1 width=2088) (actual time=0.007..0.009 rows=1 loops=1)',), (""  Index Cond: ((email)::text = 'cdtognkkzw@example.com'::text)"",), ('  Buffers: shared hit=4',), ('Planning Time: 0.017 ms',), ('Execution Time: 0.020 ms',)]"
120,BTREE,0.0002576112747192383,"[('Index Scan using idx_email_btree on user_app  (cost=0.12..8.14 rows=1 width=2088) (actual time=0.005..0.008 rows=1 loops=1)',), (""  Index Cond: ((email)::text = 'twgryggqoe@example.com'::text)"",), ('  Buffers: shared hit=2',), ('Planning Time: 0.019 ms',), ('Execution Time: 0.018 ms',)]"
120,HASH,0.0002692222595214844,"[('Index Scan using idx_email_hash on user_app  (cost=0.00..8.02 rows=1 width=2088) (actual time=0.004..0.007 rows=1 loops=1)',), (""  Index Cond: ((email)::text = 'xgqmeqnqxm@example.com'::text)"",), ('  Buffers: shared hit=2',), ('Planning Time: 0.019 ms',), ('Execution Time: 0.017 ms',)]"
121,No Index,0.00026092529296875,"[('Index Scan using uniq_user_app_email on user_app  (cost=0.38..8.39 rows=1 width=2088) (actual time=0.007..0.010 rows=1 loops=1)',), (""  Index Cond: ((email)::text = 'oyjszznjru@example.com'::text)"",), ('  Buffers: shared hit=4',), ('Planning Time: 0.020 ms',), ('Execution Time: 0.021 ms',)]"
121,BTREE,0.0002628803253173828,"[('Index Scan using idx_email_btree on user_app  (cost=0.12..8.14 rows=1 width=2088) (actual time=0.005..0.009 rows=1 loops=1)',), (""  Index Cond: ((email)::text = 'auvciduiof@example.com'::text)"",), ('  Buffers: shared hit=2',), ('Planning Time: 0.022 ms',), ('Execution Time: 0.020 ms',)]"
121,HASH,0.0002583503723144531,"[('Index Scan using idx_email_hash on user_app  (cost=0.00..8.02 rows=1 width=2088) (actual time=0.004..0.007 rows=1 loops=1)',), (""  Index Cond: ((email)::text = 'ayxetpswhm@example.com'::text)"",), ('  Buffers: shared hit=2',), ('Planning Time: 0.021 ms',), ('Execution Time: 0.018 ms',)]"
122,No Index,0.00026049613952636717,"[('Index Scan using uniq_user_app_email on user_app  (cost=0.38..8.39 rows=1 width=2088) (actual time=0.007..0.009 rows=1 loops=1)',), (""  Index Cond: ((email)::text = 'znhckzpdpp@example.com'::text)"",), ('  Buffers: shared hit=4',), ('Planning Time: 0.019 ms',), ('Execution Time: 0.021 ms',)]"
122,BTREE,0.0002726078033447266,"[('Index Scan using idx_email_btree on user_app  (cost=0.12..8.14 rows=1 width=2088) (actual time=0.007..0.010 rows=1 loops=1)',), (""  Index Cond: ((email)::text = 'gqxtwzerbz@example.com'::text)"",), ('  Buffers: shared hit=2',), ('Planning Time: 0.025 ms',), ('Execution Time: 0.022 ms',)]"
122,HASH,0.0005710601806640625,"[('Index Scan using idx_email_hash on user_app  (cost=0.00..8.02 rows=1 width=2088) (actual time=0.011..0.016 rows=1 loops=1)',), (""  Index Cond: ((email)::text = 'bisujdpxfx@example.com'::text)"",), ('  Buffers: shared hit=2',), ('Planning Time: 0.062 ms',), ('Execution Time: 0.038 ms',)]"
123,No Index,0.0005996465682983398,"[('Index Scan using uniq_user_app_email on user_app  (cost=0.38..8.39 rows=1 width=2088) (actual time=0.020..0.024 rows=1 loops=1)',), (""  Index Cond: ((email)::text = 'udixoajbty@example.com'::text)"",), ('  Buffers: shared hit=4',), ('Planning Time: 0.057 ms',), ('Execution Time: 0.046 ms',)]"
123,BTREE,0.0002681970596313477,"[('Index Scan using idx_email_btree on user_app  (cost=0.12..8.14 rows=1 width=2088) (actual time=0.005..0.007 rows=1 loops=1)',), (""  Index Cond: ((email)::text = 'pgsxojzryv@example.com'::text)"",), ('  Buffers: shared hit=2',), ('Planning Time: 0.019 ms',), ('Execution Time: 0.018 ms',)]"
123,HASH,0.0002888917922973633,"[('Index Scan using idx_email_hash on user_app  (cost=0.00..8.02 rows=1 width=2088) (actual time=0.004..0.008 rows=1 loops=1)',), (""  Index Cond: ((email)::text = 'rgahqupksn@example.com'::text)"",), ('  Buffers: shared hit=2',), ('Planning Time: 0.023 ms',), ('Execution Time: 0.019 ms',)]"
124,No Index,0.000665283203125,"[('Index Scan using uniq_user_app_email on user_app  (cost=0.38..8.39 rows=1 width=2088) (actual time=0.020..0.025 rows=1 loops=1)',), (""  Index Cond: ((email)::text = 'gujeaoyvgy@example.com'::text)"",), ('  Buffers: shared hit=4',), ('Planning Time: 0.053 ms',), ('Execution Time: 0.046 ms',)]"
124,BTREE,0.00032019615173339844,"[('Index Scan using idx_email_btree on user_app  (cost=0.12..8.14 rows=1 width=2088) (actual time=0.008..0.013 rows=1 loops=1)',), (""  Index Cond: ((email)::text = 'xggeaaqxcp@example.com'::text)"",), ('  Buffers: shared hit=2',), ('Planning Time: 0.039 ms',), ('Execution Time: 0.029 ms',)]"
124,HASH,0.00025961399078369143,"[('Index Scan using idx_email_hash on user_app  (cost=0.00..8.02 rows=1 width=2088) (actual time=0.003..0.007 rows=1 loops=1)',), (""  Index Cond: ((email)::text = 'ttmciuumax@example.com'::text)"",), ('  Buffers: shared hit=2',), ('Planning Time: 0.019 ms',), ('Execution Time: 0.017 ms',)]"
125,No Index,0.0002939939498901367,"[('Index Scan using uniq_user_app_email on user_app  (cost=0.38..8.39 rows=1 width=2088) (actual time=0.007..0.010 rows=1 loops=1)',), (""  Index Cond: ((email)::text = 'kwfcskccek@example.com'::text)"",), ('  Buffers: shared hit=4',), ('Planning Time: 0.027 ms',), ('Execution Time: 0.030 ms',)]"
125,BTREE,0.0002960681915283203,"[('Index Scan using idx_email_btree on user_app  (cost=0.12..8.14 rows=1 width=2088) (actual time=0.004..0.007 rows=1 loops=1)',), (""  Index Cond: ((email)::text = 'xjuahmmvhz@example.com'::text)"",), ('  Buffers: shared hit=2',), ('Planning Time: 0.019 ms',), ('Execution Time: 0.018 ms',)]"
125,HASH,0.00025107860565185545,"[('Index Scan using idx_email_hash on user_app  (cost=0.00..8.02 rows=1 width=2088) (actual time=0.003..0.006 rows=1 loops=1)',), (""  Index Cond: ((email)::text = 'klrqxxsrwn@example.com'::text)"",), ('  Buffers: shared hit=2',), ('Planning Time: 0.019 ms',), ('Execution Time: 0.017 ms',)]"
126,No Index,0.0002529144287109375,"[('Index Scan using uniq_user_app_email on user_app  (cost=0.38..8.39 rows=1 width=2088) (actual time=0.007..0.010 rows=1 loops=1)',), (""  Index Cond: ((email)::text = 'ftphnzmhhx@example.com'::text)"",), ('  Buffers: shared hit=4',), ('Planning Time: 0.017 ms',), ('Execution Time: 0.020 ms',)]"
126,BTREE,0.000590205192565918,"[('Index Scan using idx_email_btree on user_app  (cost=0.12..8.14 rows=1 width=2088) (actual time=0.011..0.016 rows=1 loops=1)',), (""  Index Cond: ((email)::text = 'bbnnbxscrw@example.com'::text)"",), ('  Buffers: shared hit=2',), ('Planning Time: 0.052 ms',), ('Execution Time: 0.036 ms',)]"
126,HASH,0.0004856348037719727,"[('Index Scan using idx_email_hash on user_app  (cost=0.00..8.02 rows=1 width=2088) (actual time=0.010..0.015 rows=1 loops=1)',), (""  Index Cond: ((email)::text = 'kffyrbdjsz@example.com'::text)"",), ('  Buffers: shared hit=2',), ('Planning Time: 0.064 ms',), ('Execution Time: 0.035 ms',)]"
127,No Index,0.0002552032470703125,"[('Index Scan using uniq_user_app_email on user_app  (cost=0.38..8.39 rows=1 width=2088) (actual time=0.007..0.010 rows=1 loops=1)',), (""  Index Cond: ((email)::text = 'nexgobdbqm@example.com'::text)"",), ('  Buffers: shared hit=4',), ('Planning Time: 0.019 ms',), ('Execution Time: 0.021 ms',)]"
127,BTREE,0.0002526521682739258,"[('Index Scan using idx_email_btree on user_app  (cost=0.12..8.14 rows=1 width=2088) (actual time=0.004..0.008 rows=1 loops=1)',), (""  Index Cond: ((email)::text = 'wwwpefxhzo@example.com'::text)"",), ('  Buffers: shared hit=2',), ('Planning Time: 0.019 ms',), ('Execution Time: 0.018 ms',)]"
127,HASH,0.00027356147766113283,"[('Index Scan using idx_email_hash on user_app  (cost=0.00..8.02 rows=1 width=2088) (actual time=0.004..0.008 rows=1 loops=1)',), (""  Index Cond: ((email)::text = 'qukuforuyv@example.com'::text)"",), ('  Buffers: shared hit=2',), ('Planning Time: 0.041 ms',), ('Execution Time: 0.019 ms',)]"
128,No Index,0.00046503543853759766,"[('Index Scan using uniq_user_app_email on user_app  (cost=0.38..8.39 rows=1 width=2088) (actual time=0.016..0.021 rows=1 loops=1)',), (""  Index Cond: ((email)::text = 'qgehhadhhg@example.com'::text)"",), ('  Buffers: shared hit=4',), ('Planning Time: 0.045 ms',), ('Execution Time: 0.041 ms',)]"
128,BTREE,0.0004979610443115234,"[('Index Scan using idx_email_btree on user_app  (cost=0.12..8.14 rows=1 width=2088) (actual time=0.022..0.027 rows=1 loops=1)',), (""  Index Cond: ((email)::text = 'didbjyipxo@example.com'::text)"",), ('  Buffers: shared hit=2',), ('Planning Time: 0.087 ms',), ('Execution Time: 0.071 ms',)]"
128,HASH,0.0002513408660888672,"[('Index Scan using idx_email_hash on user_app  (cost=0.00..8.02 rows=1 width=2088) (actual time=0.004..0.006 rows=1 loops=1)',), (""  Index Cond: ((email)::text = 'guzzphdjyo@example.com'::text)"",), ('  Buffers: shared hit=2',), ('Planning Time: 0.019 ms',), ('Execution Time: 0.017 ms',)]"
129,No Index,0.00048277378082275393,"[('Index Scan using uniq_user_app_email on user_app  (cost=0.38..8.39 rows=1 width=2088) (actual time=0.017..0.021 rows=1 loops=1)',), (""  Index Cond: ((email)::text = 'vmvfvvklbp@example.com'::text)"",), ('  Buffers: shared hit=4',), ('Planning Time: 0.045 ms',), ('Execution Time: 0.041 ms',)]"
129,BTREE,0.00026237964630126953,"[('Index Scan using idx_email_btree on user_app  (cost=0.12..8.14 rows=1 width=2088) (actual time=0.005..0.008 rows=1 loops=1)',), (""  Index Cond: ((email)::text = 'llxhtxguvs@example.com'::text)"",), ('  Buffers: shared hit=2',), ('Planning Time: 0.022 ms',), ('Execution Time: 0.020 ms',)]"
129,HASH,0.0002524852752685547,"[('Index Scan using idx_email_hash on user_app  (cost=0.00..8.02 rows=1 width=2088) (actual time=0.004..0.007 rows=1 loops=1)',), (""  Index Cond: ((email)::text = 'cmvmxzhorf@example.com'::text)"",), ('  Buffers: shared hit=2',), ('Planning Time: 0.018 ms',), ('Execution Time: 0.017 ms',)]"
130,No Index,0.0002584695816040039,"[('Index Scan using uniq_user_app_email on user_app  (cost=0.38..8.39 rows=1 width=2088) (actual time=0.007..0.010 rows=1 loops=1)',), (""  Index Cond: ((email)::text = 'dctutvautn@example.com'::text)"",), ('  Buffers: shared hit=4',), ('Planning Time: 0.019 ms',), ('Execution Time: 0.021 ms',)]"
130,BTREE,0.00024878978729248047,"[('Index Scan using idx_email_btree on user_app  (cost=0.12..8.14 rows=1 width=2088) (actual time=0.004..0.007 rows=1 loops=1)',), (""  Index Cond: ((email)::text = 'liteuicobw@example.com'::text)"",), ('  Buffers: shared hit=2',), ('Planning Time: 0.019 ms',), ('Execution Time: 0.018 ms',)]"
130,HASH,0.00026128292083740237,"[('Index Scan using idx_email_hash on user_app  (cost=0.00..8.02 rows=1 width=2088) (actual time=0.004..0.006 rows=1 loops=1)',), (""  Index Cond: ((email)::text = 'baqrwfuzzw@example.com'::text)"",), ('  Buffers: shared hit=2',), ('Planning Time: 0.018 ms',), ('Execution Time: 0.016 ms',)]"
131,No Index,0.00025286674499511717,"[('Index Scan using uniq_user_app_email on user_app  (cost=0.38..8.39 rows=1 width=2088) (actual time=0.007..0.010 rows=1 loops=1)',), (""  Index Cond: ((email)::text = 'vvulnqvbfs@example.com'::text)"",), ('  Buffers: shared hit=4',), ('Planning Time: 0.017 ms',), ('Execution Time: 0.021 ms',)]"
131,BTREE,0.00026061534881591795,"[('Index Scan using idx_email_btree on user_app  (cost=0.12..8.14 rows=1 width=2088) (actual time=0.005..0.008 rows=1 loops=1)',), (""  Index Cond: ((email)::text = 'xdlxpkcnbl@example.com'::text)"",), ('  Buffers: shared hit=2',), ('Planning Time: 0.019 ms',), ('Execution Time: 0.017 ms',)]"
131,HASH,0.0002493858337402344,"[('Index Scan using idx_email_hash on user_app  (cost=0.00..8.02 rows=1 width=2088) (actual time=0.004..0.006 rows=1 loops=1)',), (""  Index Cond: ((email)::text = 'vjrnkwdpzx@example.com'::text)"",), ('  Buffers: shared hit=2',), ('Planning Time: 0.018 ms',), ('Execution Time: 0.017 ms',)]"
132,No Index,0.0002572298049926758,"[('Index Scan using uniq_user_app_email on user_app  (cost=0.38..8.39 rows=1 width=2088) (actual time=0.007..0.011 rows=1 loops=1)',), (""  Index Cond: ((email)::text = 'irgkyjrpui@example.com'::text)"",), ('  Buffers: shared hit=4',), ('Planning Time: 0.020 ms',), ('Execution Time: 0.021 ms',)]"
132,BTREE,0.00025799274444580076,"[('Index Scan using idx_email_btree on user_app  (cost=0.12..8.14 rows=1 width=2088) (actual time=0.004..0.007 rows=1 loops=1)',), (""  Index Cond: ((email)::text = 'ybsdpwogwj@example.com'::text)"",), ('  Buffers: shared hit=2',), ('Planning Time: 0.019 ms',), ('Execution Time: 0.017 ms',)]"
132,HASH,0.00027618408203125,"[('Index Scan using idx_email_hash on user_app  (cost=0.00..8.02 rows=1 width=2088) (actual time=0.005..0.008 rows=1 loops=1)',), (""  Index Cond: ((email)::text = 'dbgnznzosa@example.com'::text)"",), ('  Buffers: shared hit=2',), ('Planning Time: 0.049 ms',), ('Execution Time: 0.059 ms',)]"
133,No Index,0.0002539873123168945,"[('Index Scan using uniq_user_app_email on user_app  (cost=0.38..8.39 rows=1 width=2088) (actual time=0.006..0.009 rows=1 loops=1)',), (""  Index Cond: ((email)::text = 'dndeyumxpd@example.com'::text)"",), ('  Buffers: shared hit=4',), ('Planning Time: 0.018 ms',), ('Execution Time: 0.019 ms',)]"
133,BTREE,0.0005001068115234375,"[('Index Scan using idx_email_btree on user_app  (cost=0.12..8.14 rows=1 width=2088) (actual time=0.013..0.017 rows=1 loops=1)',), (""  Index Cond: ((email)::text = 'dzhjnelugf@example.com'::text)"",), ('  Buffers: shared hit=2',), ('Planning Time: 0.062 ms',), ('Execution Time: 0.040 ms',)]"
133,HASH,0.0007582902908325195,"[('Index Scan using idx_email_hash on user_app  (cost=0.00..8.02 rows=1 width=2088) (actual time=0.012..0.016 rows=1 loops=1)',), (""  Index Cond: ((email)::text = 'ummqblmvgf@example.com'::text)"",), ('  Buffers: shared hit=2',), ('Planning Time: 0.062 ms',), ('Execution Time: 0.038 ms',)]"
134,No Index,0.0004848480224609375,"[('Index Scan using uniq_user_app_email on user_app  (cost=0.38..8.39 rows=1 width=2088) (actual time=0.021..0.026 rows=1 loops=1)',), (""  Index Cond: ((email)::text = 'ulaftnnldx@example.com'::text)"",), ('  Buffers: shared hit=4',), ('Planning Time: 0.057 ms',), ('Execution Time: 0.048 ms',)]"
134,BTREE,0.0002612590789794922,"[('Index Scan using idx_email_btree on user_app  (cost=0.12..8.14 rows=1 width=2088) (actual time=0.005..0.009 rows=1 loops=1)',), (""  Index Cond: ((email)::text = 'gaqahekjid@example.com'::text)"",), ('  Buffers: shared hit=2',), ('Planning Time: 0.023 ms',), ('Execution Time: 0.019 ms',)]"
134,HASH,0.000254058837890625,"[('Index Scan using idx_email_hash on user_app  (cost=0.00..8.02 rows=1 width=2088) (actual time=0.003..0.005 rows=1 loops=1)',), (""  Index Cond: ((email)::text = 'hblnwzjzvj@example.com'::text)"",), ('  Buffers: shared hit=2',), ('Planning Time: 0.019 ms',), ('Execution Time: 0.016 ms',)]"
135,No Index,0.0002851963043212891,"[('Index Scan using uniq_user_app_email on user_app  (cost=0.38..8.39 rows=1 width=2088) (actual time=0.008..0.012 rows=1 loops=1)',), (""  Index Cond: ((email)::text = 'pzxucxxowz@example.com'::text)"",), ('  Buffers: shared hit=4',), ('Planning Time: 0.021 ms',), ('Execution Time: 0.022 ms',)]"
135,BTREE,0.0002573728561401367,"[('Index Scan using idx_email_btree on user_app  (cost=0.12..8.14 rows=1 width=2088) (actual time=0.005..0.008 rows=1 loops=1)',), (""  Index Cond: ((email)::text = 'yzickfxgxs@example.com'::text)"",), ('  Buffers: shared hit=2',), ('Planning Time: 0.019 ms',), ('Execution Time: 0.018 ms',)]"
135,HASH,0.00031273365020751954,"[('Index Scan using idx_email_hash on user_app  (cost=0.00..8.02 rows=1 width=2088) (actual time=0.007..0.011 rows=1 loops=1)',), (""  Index Cond: ((email)::text = 'uwvstkqcvs@example.com'::text)"",), ('  Buffers: shared hit=2',), ('Planning Time: 0.039 ms',), ('Execution Time: 0.027 ms',)]"
136,No Index,0.00029251575469970705,"[('Index Scan using uniq_user_app_email on user_app  (cost=0.38..8.39 rows=1 width=2088) (actual time=0.009..0.012 rows=1 loops=1)',), (""  Index Cond: ((email)::text = 'idqybauujg@example.com'::text)"",), ('  Buffers: shared hit=4',), ('Planning Time: 0.027 ms',), ('Execution Time: 0.026 ms',)]"
136,BTREE,0.00040247440338134763,"[('Index Scan using idx_email_btree on user_app  (cost=0.12..8.14 rows=1 width=2088) (actual time=0.008..0.012 rows=1 loops=1)',), (""  Index Cond: ((email)::text = 'fdnkqzbcqk@example.com'::text)"",), ('  Buffers: shared hit=2',), ('Planning Time: 0.039 ms',), ('Execution Time: 0.028 ms',)]"
136,HASH,0.0001985311508178711,"[('Index Scan using idx_email_hash on user_app  (cost=0.00..8.02 rows=1 width=2088) (actual time=0.003..0.007 rows=1 loops=1)',), (""  Index Cond: ((email)::text = 'lqpcpkxdfg@example.com'::text)"",), ('  Buffers: shared hit=2',), ('Planning Time: 0.019 ms',), ('Execution Time: 0.017 ms',)]"
137,No Index,0.00030205249786376955,"[('Index Scan using uniq_user_app_email on user_app  (cost=0.38..8.39 rows=1 width=2088) (actual time=0.015..0.018 rows=1 loops=1)',), (""  Index Cond: ((email)::text = 'yrlpsfztbu@example.com'::text)"",), ('  Buffers: shared hit=4',), ('Planning Time: 0.054 ms',), ('Execution Time: 0.037 ms',)]"
137,BTREE,0.0002533435821533203,"[('Index Scan using idx_email_btree on user_app  (cost=0.12..8.14 rows=1 width=2088) (actual time=0.005..0.008 rows=1 loops=1)',), (""  Index Cond: ((email)::text = 'yodchkpcva@example.com'::text)"",), ('  Buffers: shared hit=2',), ('Planning Time: 0.019 ms',), ('Execution Time: 0.018 ms',)]"
137,HASH,0.00028502941131591797,"[('Index Scan using idx_email_hash on user_app  (cost=0.00..8.02 rows=1 width=2088) (actual time=0.004..0.008 rows=1 loops=1)',), (""  Index Cond: ((email)::text = 'lvevxlwboh@example.com'::text)"",), ('  Buffers: shared hit=2',), ('Planning Time: 0.020 ms',), ('Execution Time: 0.017 ms',)]"
138,No Index,0.0002069711685180664,"[('Index Scan using uniq_user_app_email on user_app  (cost=0.38..8.39 rows=1 width=2088) (actual time=0.007..0.010 rows=1 loops=1)',), (""  Index Cond: ((email)::text = 'yvieaixplt@example.com'::text)"",), ('  Buffers: shared hit=4',), ('Planning Time: 0.017 ms',), ('Execution Time: 0.020 ms',)]"
138,BTREE,0.00026166439056396484,"[('Index Scan using idx_email_btree on user_app  (cost=0.12..8.14 rows=1 width=2088) (actual time=0.005..0.008 rows=1 loops=1)',), (""  Index Cond: ((email)::text = 'zfgvsjskup@example.com'::text)"",), ('  Buffers: shared hit=2',), ('Planning Time: 0.022 ms',), ('Execution Time: 0.019 ms',)]"
138,HASH,0.0002601385116577148,"[('Index Scan using idx_email_hash on user_app  (cost=0.00..8.02 rows=1 width=2088) (actual time=0.005..0.008 rows=1 loops=1)',), (""  Index Cond: ((email)::text = 'fsidaqxeyl@example.com'::text)"",), ('  Buffers: shared hit=2',), ('Planning Time: 0.021 ms',), ('Execution Time: 0.019 ms',)]"
139,No Index,0.0002676248550415039,"[('Index Scan using uniq_user_app_email on user_app  (cost=0.38..8.39 rows=1 width=2088) (actual time=0.007..0.011 rows=1 loops=1)',), (""  Index Cond: ((email)::text = 'ygpypcrvhj@example.com'::text)"",), ('  Buffers: shared hit=4',), ('Planning Time: 0.020 ms',), ('Execution Time: 0.021 ms',)]"
139,BTREE,0.0003003835678100586,"[('Index Scan using idx_email_btree on user_app  (cost=0.12..8.14 rows=1 width=2088) (actual time=0.009..0.013 rows=1 loops=1)',), (""  Index Cond: ((email)::text = 'bovvseeltt@example.com'::text)"",), ('  Buffers: shared hit=2',), ('Planning Time: 0.039 ms',), ('Execution Time: 0.029 ms',)]"
139,HASH,0.00025093555450439453,"[('Index Scan using idx_email_hash on user_app  (cost=0.00..8.02 rows=1 width=2088) (actual time=0.004..0.007 rows=1 loops=1)',), (""  Index Cond: ((email)::text = 'kumkrxbotd@example.com'::text)"",), ('  Buffers: shared hit=2',), ('Planning Time: 0.019 ms',), ('Execution Time: 0.017 ms',)]"
140,No Index,0.0005428075790405273,"[('Index Scan using uniq_user_app_email on user_app  (cost=0.38..8.39 rows=1 width=2088) (actual time=0.017..0.022 rows=1 loops=1)',), (""  Index Cond: ((email)::text = 'onchihjzqj@example.com'::text)"",), ('  Buffers: shared hit=4',), ('Planning Time: 0.046 ms',), ('Execution Time: 0.042 ms',)]"
140,BTREE,0.00033545494079589844,"[('Index Scan using idx_email_btree on user_app  (cost=0.12..8.14 rows=1 width=2088) (actual time=0.005..0.007 rows=1 loops=1)',), (""  Index Cond: ((email)::text = 'viirijwhgb@example.com'::text)"",), ('  Buffers: shared hit=2',), ('Planning Time: 0.018 ms',), ('Execution Time: 0.022 ms',)]"
140,HASH,0.000302886962890625,"[('Index Scan using idx_email_hash on user_app  (cost=0.00..8.02 rows=1 width=2088) (actual time=0.004..0.007 rows=1 loops=1)',), (""  Index Cond: ((email)::text = 'rbopcvnppr@example.com'::text)"",), ('  Buffers: shared hit=2',), ('Planning Time: 0.021 ms',), ('Execution Time: 0.017 ms',)]"
141,No Index,0.00025260448455810547,"[('Index Scan using uniq_user_app_email on user_app  (cost=0.38..8.39 rows=1 width=2088) (actual time=0.007..0.010 rows=1 loops=1)',), (""  Index Cond: ((email)::text = 'nmnfrpiokg@example.com'::text)"",), ('  Buffers: shared hit=4',), ('Planning Time: 0.019 ms',), ('Execution Time: 0.020 ms',)]"
141,BTREE,0.0005305528640747071,"[('Index Scan using idx_email_btree on user_app  (cost=0.12..8.14 rows=1 width=2088) (actual time=0.011..0.015 rows=1 loops=1)',), (""  Index Cond: ((email)::text = 'xonzikaokr@example.com'::text)"",), ('  Buffers: shared hit=2',), ('Planning Time: 0.050 ms',), ('Execution Time: 0.035 ms',)]"
141,HASH,0.0002758264541625977,"[('Index Scan using idx_email_hash on user_app  (cost=0.00..8.02 rows=1 width=2088) (actual time=0.005..0.008 rows=1 loops=1)',), (""  Index Cond: ((email)::text = 'blwlzgdvzd@example.com'::text)"",), ('  Buffers: shared hit=2',), ('Planning Time: 0.024 ms',), ('Execution Time: 0.020 ms',)]"
142,No Index,0.00026404857635498047,"[('Index Scan using uniq_user_app_email on user_app  (cost=0.38..8.39 rows=1 width=2088) (actual time=0.008..0.011 rows=1 loops=1)',), (""  Index Cond: ((email)::text = 'eppieatfpq@example.com'::text)"",), ('  Buffers: shared hit=4',), ('Planning Time: 0.022 ms',), ('Execution Time: 0.022 ms',)]"
142,BTREE,0.0002603054046630859,"[('Index Scan using idx_email_btree on user_app  (cost=0.12..8.14 rows=1 width=2088) (actual time=0.006..0.008 rows=1 loops=1)',), (""  Index Cond: ((email)::text = 'zdlajzkduj@example.com'::text)"",), ('  Buffers: shared hit=2',), ('Planning Time: 0.025 ms',), ('Execution Time: 0.020 ms',)]"
142,HASH,0.000256037712097168,"[('Index Scan using idx_email_hash on user_app  (cost=0.00..8.02 rows=1 width=2088) (actual time=0.004..0.006 rows=1 loops=1)',), (""  Index Cond: ((email)::text = 'noafxatfyf@example.com'::text)"",), ('  Buffers: shared hit=2',), ('Planning Time: 0.019 ms',), ('Execution Time: 0.017 ms',)]"
143,No Index,0.00027358531951904297,"[('Index Scan using uniq_user_app_email on user_app  (cost=0.38..8.39 rows=1 width=2088) (actual time=0.007..0.010 rows=1 loops=1)',), (""  Index Cond: ((email)::text = 'spjqbpxqhf@example.com'::text)"",), ('  Buffers: shared hit=4',), ('Planning Time: 0.018 ms',), ('Execution Time: 0.020 ms',)]"
143,BTREE,0.00027735233306884765,"[('Index Scan using idx_email_btree on user_app  (cost=0.12..8.14 rows=1 width=2088) (actual time=0.006..0.008 rows=1 loops=1)',), (""  Index Cond: ((email)::text = 'iazrebqjsr@example.com'::text)"",), ('  Buffers: shared hit=2',), ('Planning Time: 0.023 ms',), ('Execution Time: 0.020 ms',)]"
143,HASH,0.0001936197280883789,"[('Index Scan using idx_email_hash on user_app  (cost=0.00..8.02 rows=1 width=2088) (actual time=0.004..0.007 rows=1 loops=1)',), (""  Index Cond: ((email)::text = 'mzsrsyaqve@example.com'::text)"",), ('  Buffers: shared hit=2',), ('Planning Time: 0.019 ms',), ('Execution Time: 0.017 ms',)]"
144,No Index,0.00019369125366210937,"[('Index Scan using uniq_user_app_email on user_app  (cost=0.38..8.39 rows=1 width=2088) (actual time=0.007..0.010 rows=1 loops=1)',), (""  Index Cond: ((email)::text = 'akenuaevwh@example.com'::text)"",), ('  Buffers: shared hit=4',), ('Planning Time: 0.017 ms',), ('Execution Time: 0.020 ms',)]"
144,BTREE,0.00019466876983642578,"[('Index Scan using idx_email_btree on user_app  (cost=0.12..8.14 rows=1 width=2088) (actual time=0.005..0.008 rows=1 loops=1)',), (""  Index Cond: ((email)::text = 'riqawrwtgt@example.com'::text)"",), ('  Buffers: shared hit=2',), ('Planning Time: 0.019 ms',), ('Execution Time: 0.018 ms',)]"
144,HASH,0.00033502578735351564,"[('Index Scan using idx_email_hash on user_app  (cost=0.00..8.02 rows=1 width=2088) (actual time=0.004..0.008 rows=1 loops=1)',), (""  Index Cond: ((email)::text = 'xpltcblcox@example.com'::text)"",), ('  Buffers: shared hit=2',), ('Planning Time: 0.021 ms',), ('Execution Time: 0.019 ms',)]"
145,No Index,0.00029876232147216795,"[('Index Scan using uniq_user_app_email on user_app  (cost=0.38..8.39 rows=1 width=2088) (actual time=0.007..0.010 rows=1 loops=1)',), (""  Index Cond: ((email)::text = 'cohvavrgqs@example.com'::text)"",), ('  Buffers: shared hit=4',), ('Planning Time: 0.017 ms',), ('Execution Time: 0.021 ms',)]"
145,BTREE,0.00038170814514160156,"[('Index Scan using idx_email_btree on user_app  (cost=0.12..8.14 rows=1 width=2088) (actual time=0.006..0.009 rows=1 loops=1)',), (""  Index Cond: ((email)::text = 'vzdciilpqj@example.com'::text)"",), ('  Buffers: shared hit=2',), ('Planning Time: 0.021 ms',), ('Execution Time: 0.020 ms',)]"
145,HASH,0.0003062248229980469,"[('Index Scan using idx_email_hash on user_app  (cost=0.00..8.02 rows=1 width=2088) (actual time=0.004..0.006 rows=1 loops=1)',), (""  Index Cond: ((email)::text = 'jykbqvgehi@example.com'::text)"",), ('  Buffers: shared hit=2',), ('Planning Time: 0.019 ms',), ('Execution Time: 0.016 ms',)]"
146,No Index,0.00026180744171142576,"[('Index Scan using uniq_user_app_email on user_app  (cost=0.38..8.39 rows=1 width=2088) (actual time=0.008..0.010 rows=1 loops=1)',), (""  Index Cond: ((email)::text = 'uiinsuxcon@example.com'::text)"",), ('  Buffers: shared hit=4',), ('Planning Time: 0.019 ms',), ('Execution Time: 0.020 ms',)]"
146,BTREE,0.00032722949981689453,"[('Index Scan using idx_email_btree on user_app  (cost=0.12..8.14 rows=1 width=2088) (actual time=0.005..0.009 rows=1 loops=1)',), (""  Index Cond: ((email)::text = 'jwstpkknlz@example.com'::text)"",), ('  Buffers: shared hit=2',), ('Planning Time: 0.022 ms',), ('Execution Time: 0.019 ms',)]"
146,HASH,0.00028231143951416013,"[('Index Scan using idx_email_hash on user_app  (cost=0.00..8.02 rows=1 width=2088) (actual time=0.005..0.007 rows=1 loops=1)',), (""  Index Cond: ((email)::text = 'iuvyyxhlym@example.com'::text)"",), ('  Buffers: shared hit=2',), ('Planning Time: 0.023 ms',), ('Execution Time: 0.018 ms',)]"
147,No Index,0.0002556324005126953,"[('Index Scan using uniq_user_app_email on user_app  (cost=0.38..8.39 rows=1 width=2088) (actual time=0.007..0.009 rows=1 loops=1)',), (""  Index Cond: ((email)::text = 'ytsnqjwiaz@example.com'::text)"",), ('  Buffers: shared hit=4',), ('Planning Time: 0.017 ms',), ('Execution Time: 0.020 ms',)]"
147,BTREE,0.0006574392318725586,"[('Index Scan using idx_email_btree on user_app  (cost=0.12..8.14 rows=1 width=2088) (actual time=0.013..0.018 rows=1 loops=1)',), (""  Index Cond: ((email)::text = 'ufesbrhlsy@example.com'::text)"",), ('  Buffers: shared hit=2',), ('Planning Time: 0.057 ms',), ('Execution Time: 0.039 ms',)]"
147,HASH,0.0006610870361328125,"[('Index Scan using idx_email_hash on user_app  (cost=0.00..8.02 rows=1 width=2088) (actual time=0.010..0.015 rows=1 loops=1)',), (""  Index Cond: ((email)::text = 'nyogddgqxj@example.com'::text)"",), ('  Buffers: shared hit=2',), ('Planning Time: 0.061 ms',), ('Execution Time: 0.036 ms',)]"
148,No Index,0.0006695270538330078,"[('Index Scan using uniq_user_app_email on user_app  (cost=0.38..8.39 rows=1 width=2088) (actual time=0.019..0.023 rows=1 loops=1)',), (""  Index Cond: ((email)::text = 'xdheyxanny@example.com'::text)"",), ('  Buffers: shared hit=4',), ('Planning Time: 0.052 ms',), ('Execution Time: 0.045 ms',)]"
148,BTREE,0.00026237964630126953,"[('Index Scan using idx_email_btree on user_app  (cost=0.12..8.14 rows=1 width=2088) (actual time=0.005..0.008 rows=1 loops=1)',), (""  Index Cond: ((email)::text = 'zlscelnmjy@example.com'::text)"",), ('  Buffers: shared hit=2',), ('Planning Time: 0.022 ms',), ('Execution Time: 0.019 ms',)]"
148,HASH,0.00026152133941650393,"[('Index Scan using idx_email_hash on user_app  (cost=0.00..8.02 rows=1 width=2088) (actual time=0.004..0.007 rows=1 loops=1)',), (""  Index Cond: ((email)::text = 'htfvtealqm@example.com'::text)"",), ('  Buffers: shared hit=2',), ('Planning Time: 0.022 ms',), ('Execution Time: 0.018 ms',)]"
149,No Index,0.000263667106628418,"[('Index Scan using uniq_user_app_email on user_app  (cost=0.38..8.39 rows=1 width=2088) (actual time=0.009..0.011 rows=1 loops=1)',), (""  Index Cond: ((email)::text = 'pporjricxe@example.com'::text)"",), ('  Buffers: shared hit=4',), ('Planning Time: 0.023 ms',), ('Execution Time: 0.022 ms',)]"
149,BTREE,0.00026192665100097654,"[('Index Scan using idx_email_btree on user_app  (cost=0.12..8.14 rows=1 width=2088) (actual time=0.006..0.008 rows=1 loops=1)',), (""  Index Cond: ((email)::text = 'efntymdffo@example.com'::text)"",), ('  Buffers: shared hit=2',), ('Planning Time: 0.022 ms',), ('Execution Time: 0.020 ms',)]"
149,HASH,0.000264739990234375,"[('Index Scan using idx_email_hash on user_app  (cost=0.00..8.02 rows=1 width=2088) (actual time=0.004..0.007 rows=1 loops=1)',), (""  Index Cond: ((email)::text = 'gibpwukiol@example.com'::text)"",), ('  Buffers: shared hit=2',), ('Planning Time: 0.021 ms',), ('Execution Time: 0.018 ms',)]"
150,No Index,0.00026535987854003906,"[('Index Scan using uniq_user_app_email on user_app  (cost=0.38..8.39 rows=1 width=2088) (actual time=0.008..0.011 rows=1 loops=1)',), (""  Index Cond: ((email)::text = 'lcxcpbfpsf@example.com'::text)"",), ('  Buffers: shared hit=4',), ('Planning Time: 0.021 ms',), ('Execution Time: 0.022 ms',)]"
150,BTREE,0.00026154518127441406,"[('Index Scan using idx_email_btree on user_app  (cost=0.12..8.14 rows=1 width=2088) (actual time=0.006..0.008 rows=1 loops=1)',), (""  Index Cond: ((email)::text = 'dyhxbpjcvb@example.com'::text)"",), ('  Buffers: shared hit=2',), ('Planning Time: 0.024 ms',), ('Execution Time: 0.019 ms',)]"
150,HASH,0.0002604246139526367,"[('Index Scan using idx_email_hash on user_app  (cost=0.00..8.02 rows=1 width=2088) (actual time=0.004..0.006 rows=1 loops=1)',), (""  Index Cond: ((email)::text = 'owesyxrbcg@example.com'::text)"",), ('  Buffers: shared hit=2',), ('Planning Time: 0.019 ms',), ('Execution Time: 0.016 ms',)]"
151,No Index,0.0002630710601806641,"[('Index Scan using uniq_user_app_email on user_app  (cost=0.38..8.39 rows=1 width=2088) (actual time=0.007..0.010 rows=1 loops=1)',), (""  Index Cond: ((email)::text = 'fwmnmuoxwa@example.com'::text)"",), ('  Buffers: shared hit=4',), ('Planning Time: 0.017 ms',), ('Execution Time: 0.019 ms',)]"
151,BTREE,0.0006661415100097656,"[('Index Scan using idx_email_btree on user_app  (cost=0.12..8.14 rows=1 width=2088) (actual time=0.013..0.018 rows=1 loops=1)',), (""  Index Cond: ((email)::text = 'pjarmxahvm@example.com'::text)"",), ('  Buffers: shared hit=2',), ('Planning Time: 0.060 ms',), ('Execution Time: 0.039 ms',)]"
151,HASH,0.0002598285675048828,"[('Index Scan using idx_email_hash on user_app  (cost=0.00..8.02 rows=1 width=2088) (actual time=0.004..0.007 rows=1 loops=1)',), (""  Index Cond: ((email)::text = 'swghyrcmwd@example.com'::text)"",), ('  Buffers: shared hit=2',), ('Planning Time: 0.022 ms',), ('Execution Time: 0.018 ms',)]"
152,No Index,0.00026330947875976565,"[('Index Scan using uniq_user_app_email on user_app  (cost=0.38..8.39 rows=1 width=2088) (actual time=0.008..0.012 rows=1 loops=1)',), (""  Index Cond: ((email)::text = 'gdybhjlloi@example.com'::text)"",), ('  Buffers: shared hit=4',), ('Planning Time: 0.020 ms',), ('Execution Time: 0.021 ms',)]"
152,BTREE,0.00030684471130371094,"[('Index Scan using idx_email_btree on user_app  (cost=0.12..8.14 rows=1 width=2088) (actual time=0.009..0.013 rows=1 loops=1)',), (""  Index Cond: ((email)::text = 'jrscxxcwaa@example.com'::text)"",), ('  Buffers: shared hit=2',), ('Planning Time: 0.039 ms',), ('Execution Time: 0.029 ms',)]"
152,HASH,0.0002800941467285156,"[('Index Scan using idx_email_hash on user_app  (cost=0.00..8.02 rows=1 width=2088) (actual time=0.003..0.006 rows=1 loops=1)',), (""  Index Cond: ((email)::text = 'gyzgjoywyu@example.com'::text)"",), ('  Buffers: shared hit=2',), ('Planning Time: 0.018 ms',), ('Execution Time: 0.016 ms',)]"
153,No Index,0.0002861499786376953,"[('Index Scan using uniq_user_app_email on user_app  (cost=0.38..8.39 rows=1 width=2088) (actual time=0.008..0.011 rows=1 loops=1)',), (""  Index Cond: ((email)::text = 'enogitwuni@example.com'::text)"",), ('  Buffers: shared hit=4',), ('Planning Time: 0.021 ms',), ('Execution Time: 0.022 ms',)]"
153,BTREE,0.00027515888214111326,"[('Index Scan using idx_email_btree on user_app  (cost=0.12..8.14 rows=1 width=2088) (actual time=0.006..0.009 rows=1 loops=1)',), (""  Index Cond: ((email)::text = 'kjkwyturus@example.com'::text)"",), ('  Buffers: shared hit=2',), ('Planning Time: 0.023 ms',), ('Execution Time: 0.020 ms',)]"
153,HASH,0.0002691984176635742,"[('Index Scan using idx_email_hash on user_app  (cost=0.00..8.02 rows=1 width=2088) (actual time=0.004..0.006 rows=1 loops=1)',), (""  Index Cond: ((email)::text = 'rtnwxihaxv@example.com'::text)"",), ('  Buffers: shared hit=2',), ('Planning Time: 0.020 ms',), ('Execution Time: 0.021 ms',)]"
154,No Index,0.00025508403778076174,"[('Index Scan using uniq_user_app_email on user_app  (cost=0.38..8.39 rows=1 width=2088) (actual time=0.007..0.009 rows=1 loops=1)',), (""  Index Cond: ((email)::text = 'xhvjhgrvpm@example.com'::text)"",), ('  Buffers: shared hit=4',), ('Planning Time: 0.017 ms',), ('Execution Time: 0.019 ms',)]"
154,BTREE,0.00025298595428466795,"[('Index Scan using idx_email_btree on user_app  (cost=0.12..8.14 rows=1 width=2088) (actual time=0.005..0.009 rows=1 loops=1)',), (""  Index Cond: ((email)::text = 'xhvjhgrvpm@example.com'::text)"",), ('  Buffers: shared hit=2',), ('Planning Time: 0.020 ms',), ('Execution Time: 0.018 ms',)]"
154,HASH,0.00026679039001464844,"[('Index Scan using idx_email_hash on user_app  (cost=0.00..8.02 rows=1 width=2088) (actual time=0.004..0.006 rows=1 loops=1)',), (""  Index Cond: ((email)::text = 'crywvdrkdu@example.com'::text)"",), ('  Buffers: shared hit=2',), ('Planning Time: 0.019 ms',), ('Execution Time: 0.017 ms',)]"
155,No Index,0.0002687931060791016,"[('Index Scan using uniq_user_app_email on user_app  (cost=0.38..8.39 rows=1 width=2088) (actual time=0.006..0.009 rows=1 loops=1)',), (""  Index Cond: ((email)::text = 'nrbqptzdeo@example.com'::text)"",), ('  Buffers: shared hit=4',), ('Planning Time: 0.017 ms',), ('Execution Time: 0.019 ms',)]"
155,BTREE,0.00028324127197265625,"[('Index Scan using idx_email_btree on user_app  (cost=0.12..8.14 rows=1 width=2088) (actual time=0.006..0.008 rows=1 loops=1)',), (""  Index Cond: ((email)::text = 'yeuezfmaus@example.com'::text)"",), ('  Buffers: shared hit=2',), ('Planning Time: 0.023 ms',), ('Execution Time: 0.020 ms',)]"
155,HASH,0.0002987146377563477,"[('Index Scan using idx_email_hash on user_app  (cost=0.00..8.02 rows=1 width=2088) (actual time=0.005..0.008 rows=1 loops=1)',), (""  Index Cond: ((email)::text = 'lrqiqiosjg@example.com'::text)"",), ('  Buffers: shared hit=2',), ('Planning Time: 0.023 ms',), ('Execution Time: 0.019 ms',)]"
156,No Index,0.0004769563674926758,"[('Index Scan using uniq_user_app_email on user_app  (cost=0.38..8.39 rows=1 width=2088) (actual time=0.017..0.022 rows=1 loops=1)',), (""  Index Cond: ((email)::text = 'bwajmiskrn@example.com'::text)"",), ('  Buffers: shared hit=4',), ('Planning Time: 0.046 ms',), ('Execution Time: 0.041 ms',)]"
156,BTREE,0.00043549537658691404,"[('Index Scan using idx_email_btree on user_app  (cost=0.12..8.14 rows=1 width=2088) (actual time=0.009..0.014 rows=1 loops=1)',), (""  Index Cond: ((email)::text = 'mfurgltsps@example.com'::text)"",), ('  Buffers: shared hit=2',), ('Planning Time: 0.043 ms',), ('Execution Time: 0.030 ms',)]"
156,HASH,0.0006397485733032227,"[('Index Scan using idx_email_hash on user_app  (cost=0.00..8.02 rows=1 width=2088) (actual time=0.009..0.013 rows=1 loops=1)',), (""  Index Cond: ((email)::text = 'braxpsghgl@example.com'::text)"",), ('  Buffers: shared hit=2',), ('Planning Time: 0.051 ms',), ('Execution Time: 0.033 ms',)]"
157,No Index,0.00028717517852783203,"[('Index Scan using uniq_user_app_email on user_app  (cost=0.38..8.39 rows=1 width=2088) (actual time=0.008..0.010 rows=1 loops=1)',), (""  Index Cond: ((email)::text = 'fgeyqigdgs@example.com'::text)"",), ('  Buffers: shared hit=4',), ('Planning Time: 0.021 ms',), ('Execution Time: 0.021 ms',)]"
157,BTREE,0.000252079963684082,"[('Index Scan using idx_email_btree on user_app  (cost=0.12..8.14 rows=1 width=2088) (actual time=0.005..0.008 rows=1 loops=1)',), (""  Index Cond: ((email)::text = 'kqkoqinsom@example.com'::text)"",), ('  Buffers: shared hit=2',), ('Planning Time: 0.019 ms',), ('Execution Time: 0.018 ms',)]"
157,HASH,0.0003000020980834961,"[('Index Scan using idx_email_hash on user_app  (cost=0.00..8.02 rows=1 width=2088) (actual time=0.003..0.007 rows=1 loops=1)',), (""  Index Cond: ((email)::text = 'bodvwkztda@example.com'::text)"",), ('  Buffers: shared hit=2',), ('Planning Time: 0.018 ms',), ('Execution Time: 0.017 ms',)]"
158,No Index,0.0002564668655395508,"[('Index Scan using uniq_user_app_email on user_app  (cost=0.38..8.39 rows=1 width=2088) (actual time=0.007..0.010 rows=1 loops=1)',), (""  Index Cond: ((email)::text = 'pfoqvdfdwz@example.com'::text)"",), ('  Buffers: shared hit=4',), ('Planning Time: 0.017 ms',), ('Execution Time: 0.020 ms',)]"
158,BTREE,0.00028970241546630857,"[('Index Scan using idx_email_btree on user_app  (cost=0.12..8.14 rows=1 width=2088) (actual time=0.006..0.009 rows=1 loops=1)',), (""  Index Cond: ((email)::text = 'oyjupcpkbu@example.com'::text)"",), ('  Buffers: shared hit=2',), ('Planning Time: 0.024 ms',), ('Execution Time: 0.020 ms',)]"
158,HASH,0.00027179718017578125,"[('Index Scan using idx_email_hash on user_app  (cost=0.00..8.02 rows=1 width=2088) (actual time=0.004..0.007 rows=1 loops=1)',), (""  Index Cond: ((email)::text = 'wiesxfrjsq@example.com'::text)"",), ('  Buffers: shared hit=2',), ('Planning Time: 0.020 ms',), ('Execution Time: 0.017 ms',)]"
159,No Index,0.00031507015228271484,"[('Index Scan using uniq_user_app_email on user_app  (cost=0.38..8.39 rows=1 width=2088) (actual time=0.009..0.011 rows=1 loops=1)',), (""  Index Cond: ((email)::text = 'mnzicideqt@example.com'::text)"",), ('  Buffers: shared hit=4',), ('Planning Time: 0.022 ms',), ('Execution Time: 0.023 ms',)]"
159,BTREE,0.0005392313003540039,"[('Index Scan using idx_email_btree on user_app  (cost=0.12..8.14 rows=1 width=2088) (actual time=0.012..0.016 rows=1 loops=1)',), (""  Index Cond: ((email)::text = 'hbjresupgl@example.com'::text)"",), ('  Buffers: shared hit=2',), ('Planning Time: 0.051 ms',), ('Execution Time: 0.036 ms',)]"
159,HASH,0.0002705574035644531,"[('Index Scan using idx_email_hash on user_app  (cost=0.00..8.02 rows=1 width=2088) (actual time=0.004..0.007 rows=1 loops=1)',), (""  Index Cond: ((email)::text = 'qngziyozyu@example.com'::text)"",), ('  Buffers: shared hit=2',), ('Planning Time: 0.019 ms',), ('Execution Time: 0.016 ms',)]"
160,No Index,0.0002692222595214844,"[('Index Scan using uniq_user_app_email on user_app  (cost=0.38..8.39 rows=1 width=2088) (actual time=0.007..0.010 rows=1 loops=1)',), (""  Index Cond: ((email)::text = 'mwjuegrehu@example.com'::text)"",), ('  Buffers: shared hit=4',), ('Planning Time: 0.018 ms',), ('Execution Time: 0.020 ms',)]"
160,BTREE,0.00027506351470947267,"[('Index Scan using idx_email_btree on user_app  (cost=0.12..8.14 rows=1 width=2088) (actual time=0.005..0.007 rows=1 loops=1)',), (""  Index Cond: ((email)::text = 'ndjghhmdwb@example.com'::text)"",), ('  Buffers: shared hit=2',), ('Planning Time: 0.019 ms',), ('Execution Time: 0.018 ms',)]"
160,HASH,0.00027635097503662107,"[('Index Scan using idx_email_hash on user_app  (cost=0.00..8.02 rows=1 width=2088) (actual time=0.004..0.006 rows=1 loops=1)',), (""  Index Cond: ((email)::text = 'milxnjvaad@example.com'::text)"",), ('  Buffers: shared hit=2',), ('Planning Time: 0.019 ms',), ('Execution Time: 0.017 ms',)]"
161,No Index,0.000260162353515625,"[('Index Scan using uniq_user_app_email on user_app  (cost=0.38..8.39 rows=1 width=2088) (actual time=0.007..0.009 rows=1 loops=1)',), (""  Index Cond: ((email)::text = 'izvvalvczy@example.com'::text)"",), ('  Buffers: shared hit=4',), ('Planning Time: 0.018 ms',), ('Execution Time: 0.020 ms',)]"
161,BTREE,0.0002839088439941406,"[('Index Scan using idx_email_btree on user_app  (cost=0.12..8.14 rows=1 width=2088) (actual time=0.006..0.009 rows=1 loops=1)',), (""  Index Cond: ((email)::text = 'styaocztrp@example.com'::text)"",), ('  Buffers: shared hit=2',), ('Planning Time: 0.025 ms',), ('Execution Time: 0.020 ms',)]"
161,HASH,0.0005304574966430664,"[('Index Scan using idx_email_hash on user_app  (cost=0.00..8.02 rows=1 width=2088) (actual time=0.011..0.015 rows=1 loops=1)',), (""  Index Cond: ((email)::text = 'zqnqvbaloe@example.com'::text)"",), ('  Buffers: shared hit=2',), ('Planning Time: 0.062 ms',), ('Execution Time: 0.037 ms',)]"
162,No Index,0.00043227672576904295,"[('Index Scan using uniq_user_app_email on user_app  (cost=0.38..8.39 rows=1 width=2088) (actual time=0.014..0.018 rows=1 loops=1)',), (""  Index Cond: ((email)::text = 'qcuvtrozqu@example.com'::text)"",), ('  Buffers: shared hit=4',), ('Planning Time: 0.038 ms',), ('Execution Time: 0.036 ms',)]"
162,BTREE,0.0008126735687255859,"[('Index Scan using idx_email_btree on user_app  (cost=0.12..8.14 rows=1 width=2088) (actual time=0.014..0.019 rows=1 loops=1)',), (""  Index Cond: ((email)::text = 'xoqaxfaggd@example.com'::text)"",), ('  Buffers: shared hit=2',), ('Planning Time: 0.064 ms',), ('Execution Time: 0.041 ms',)]"
162,HASH,0.0005913972854614258,"[('Index Scan using idx_email_hash on user_app  (cost=0.00..8.02 rows=1 width=2088) (actual time=0.009..0.014 rows=1 loops=1)',), (""  Index Cond: ((email)::text = 'oaxmxuxkcc@example.com'::text)"",), ('  Buffers: shared hit=2',), ('Planning Time: 0.051 ms',), ('Execution Time: 0.034 ms',)]"
163,No Index,0.0007149934768676758,"[('Index Scan using uniq_user_app_email on user_app  (cost=0.38..8.39 rows=1 width=2088) (actual time=0.021..0.026 rows=1 loops=1)',), (""  Index Cond: ((email)::text = 'wqbxlqlksa@example.com'::text)"",), ('  Buffers: shared hit=4',), ('Planning Time: 0.056 ms',), ('Execution Time: 0.049 ms',)]"
163,BTREE,0.0008020401000976562,"[('Index Scan using idx_email_btree on user_app  (cost=0.12..8.14 rows=1 width=2088) (actual time=0.014..0.019 rows=1 loops=1)',), (""  Index Cond: ((email)::text = 'uuwtkzixoq@example.com'::text)"",), ('  Buffers: shared hit=2',), ('Planning Time: 0.063 ms',), ('Execution Time: 0.041 ms',)]"
163,HASH,0.0006602764129638672,"[('Index Scan using idx_email_hash on user_app  (cost=0.00..8.02 rows=1 width=2088) (actual time=0.011..0.016 rows=1 loops=1)',), (""  Index Cond: ((email)::text = 'kiydewgmkw@example.com'::text)"",), ('  Buffers: shared hit=2',), ('Planning Time: 0.063 ms',), ('Execution Time: 0.039 ms',)]"
164,No Index,0.000649261474609375,"[('Index Scan using uniq_user_app_email on user_app  (cost=0.38..8.39 rows=1 width=2088) (actual time=0.021..0.026 rows=1 loops=1)',), (""  Index Cond: ((email)::text = 'sciwdvvpng@example.com'::text)"",), ('  Buffers: shared hit=4',), ('Planning Time: 0.057 ms',), ('Execution Time: 0.048 ms',)]"
164,BTREE,0.0006800413131713868,"[('Index Scan using idx_email_btree on user_app  (cost=0.12..8.14 rows=1 width=2088) (actual time=0.013..0.018 rows=1 loops=1)',), (""  Index Cond: ((email)::text = 'kfwfypxqup@example.com'::text)"",), ('  Buffers: shared hit=2',), ('Planning Time: 0.063 ms',), ('Execution Time: 0.041 ms',)]"
164,HASH,0.00047483444213867185,"[('Index Scan using idx_email_hash on user_app  (cost=0.00..8.02 rows=1 width=2088) (actual time=0.008..0.013 rows=1 loops=1)',), (""  Index Cond: ((email)::text = 'sencyekput@example.com'::text)"",), ('  Buffers: shared hit=2',), ('Planning Time: 0.050 ms',), ('Execution Time: 0.033 ms',)]"
165,No Index,0.00047881603240966796,"[('Index Scan using uniq_user_app_email on user_app  (cost=0.38..8.39 rows=1 width=2088) (actual time=0.018..0.022 rows=1 loops=1)',), (""  Index Cond: ((email)::text = 'lqnsgbgmfd@example.com'::text)"",), ('  Buffers: shared hit=4',), ('Planning Time: 0.048 ms',), ('Execution Time: 0.042 ms',)]"
165,BTREE,0.00028619766235351565,"[('Index Scan using idx_email_btree on user_app  (cost=0.12..8.14 rows=1 width=2088) (actual time=0.006..0.009 rows=1 loops=1)',), (""  Index Cond: ((email)::text = 'lorrrupxay@example.com'::text)"",), ('  Buffers: shared hit=2',), ('Planning Time: 0.023 ms',), ('Execution Time: 0.020 ms',)]"
165,HASH,0.0003021240234375,"[('Index Scan using idx_email_hash on user_app  (cost=0.00..8.02 rows=1 width=2088) (actual time=0.003..0.006 rows=1 loops=1)',), (""  Index Cond: ((email)::text = 'lorrrupxay@example.com'::text)"",), ('  Buffers: shared hit=2',), ('Planning Time: 0.019 ms',), ('Execution Time: 0.017 ms',)]"
166,No Index,0.00028629302978515624,"[('Index Scan using uniq_user_app_email on user_app  (cost=0.38..8.39 rows=1 width=2088) (actual time=0.008..0.011 rows=1 loops=1)',), (""  Index Cond: ((email)::text = 'kxnzwabgmu@example.com'::text)"",), ('  Buffers: shared hit=4',), ('Planning Time: 0.022 ms',), ('Execution Time: 0.022 ms',)]"
166,BTREE,0.00028250217437744143,"[('Index Scan using idx_email_btree on user_app  (cost=0.12..8.14 rows=1 width=2088) (actual time=0.006..0.009 rows=1 loops=1)',), (""  Index Cond: ((email)::text = 'dkxrycpfke@example.com'::text)"",), ('  Buffers: shared hit=2',), ('Planning Time: 0.023 ms',), ('Execution Time: 0.019 ms',)]"
166,HASH,0.0005970001220703125,"[('Index Scan using idx_email_hash on user_app  (cost=0.00..8.02 rows=1 width=2088) (actual time=0.011..0.017 rows=1 loops=1)',), (""  Index Cond: ((email)::text = 'glozdfxauy@example.com'::text)"",), ('  Buffers: shared hit=2',), ('Planning Time: 0.062 ms',), ('Execution Time: 0.038 ms',)]"
167,No Index,0.00047602653503417967,"[('Index Scan using uniq_user_app_email on user_app  (cost=0.38..8.39 rows=1 width=2088) (actual time=0.017..0.022 rows=1 loops=1)',), (""  Index Cond: ((email)::text = 'rcxeqhfash@example.com'::text)"",), ('  Buffers: shared hit=4',), ('Planning Time: 0.049 ms',), ('Execution Time: 0.043 ms',)]"
167,BTREE,0.0002611398696899414,"[('Index Scan using idx_email_btree on user_app  (cost=0.12..8.14 rows=1 width=2088) (actual time=0.006..0.008 rows=1 loops=1)',), (""  Index Cond: ((email)::text = 'ydhuensfmb@example.com'::text)"",), ('  Buffers: shared hit=2',), ('Planning Time: 0.021 ms',), ('Execution Time: 0.019 ms',)]"
167,HASH,0.00026006698608398436,"[('Index Scan using idx_email_hash on user_app  (cost=0.00..8.02 rows=1 width=2088) (actual time=0.004..0.007 rows=1 loops=1)',), (""  Index Cond: ((email)::text = 'ahmzrbssik@example.com'::text)"",), ('  Buffers: shared hit=2',), ('Planning Time: 0.022 ms',), ('Execution Time: 0.018 ms',)]"
168,No Index,0.0002608299255371094,"[('Index Scan using uniq_user_app_email on user_app  (cost=0.38..8.39 rows=1 width=2088) (actual time=0.008..0.011 rows=1 loops=1)',), (""  Index Cond: ((email)::text = 'bmuancuomv@example.com'::text)"",), ('  Buffers: shared hit=4',), ('Planning Time: 0.020 ms',), ('Execution Time: 0.021 ms',)]"
168,BTREE,0.00025887489318847655,"[('Index Scan using idx_email_btree on user_app  (cost=0.12..8.14 rows=1 width=2088) (actual time=0.006..0.008 rows=1 loops=1)',), (""  Index Cond: ((email)::text = 'sanceqaylh@example.com'::text)"",), ('  Buffers: shared hit=2',), ('Planning Time: 0.022 ms',), ('Execution Time: 0.020 ms',)]"
168,HASH,0.00026128292083740237,"[('Index Scan using idx_email_hash on user_app  (cost=0.00..8.02 rows=1 width=2088) (actual time=0.004..0.007 rows=1 loops=1)',), (""  Index Cond: ((email)::text = 'qinfjaefgm@example.com'::text)"",), ('  Buffers: shared hit=2',), ('Planning Time: 0.021 ms',), ('Execution Time: 0.018 ms',)]"
169,No Index,0.0002607583999633789,"[('Index Scan using uniq_user_app_email on user_app  (cost=0.38..8.39 rows=1 width=2088) (actual time=0.007..0.010 rows=1 loops=1)',), (""  Index Cond: ((email)::text = 'fiqslnybpr@example.com'::text)"",), ('  Buffers: shared hit=4',), ('Planning Time: 0.019 ms',), ('Execution Time: 0.021 ms',)]"
169,BTREE,0.00025877952575683596,"[('Index Scan using idx_email_btree on user_app  (cost=0.12..8.14 rows=1 width=2088) (actual time=0.005..0.008 rows=1 loops=1)',), (""  Index Cond: ((email)::text = 'roajetfxsz@example.com'::text)"",), ('  Buffers: shared hit=2',), ('Planning Time: 0.022 ms',), ('Execution Time: 0.019 ms',)]"
169,HASH,0.00026047229766845703,"[('Index Scan using idx_email_hash on user_app  (cost=0.00..8.02 rows=1 width=2088) (actual time=0.005..0.008 rows=1 loops=1)',), (""  Index Cond: ((email)::text = 'inxusonqos@example.com'::text)"",), ('  Buffers: shared hit=2',), ('Planning Time: 0.021 ms',), ('Execution Time: 0.018 ms',)]"
170,No Index,0.0002665519714355469,"[('Index Scan using uniq_user_app_email on user_app  (cost=0.38..8.39 rows=1 width=2088) (actual time=0.007..0.010 rows=1 loops=1)',), (""  Index Cond: ((email)::text = 'bpgwfqwbdl@example.com'::text)"",), ('  Buffers: shared hit=4',), ('Planning Time: 0.019 ms',), ('Execution Time: 0.019 ms',)]"
170,BTREE,0.0002628326416015625,"[('Index Scan using idx_email_btree on user_app  (cost=0.12..8.14 rows=1 width=2088) (actual time=0.006..0.008 rows=1 loops=1)',), (""  Index Cond: ((email)::text = 'lntufcillk@example.com'::text)"",), ('  Buffers: shared hit=2',), ('Planning Time: 0.022 ms',), ('Execution Time: 0.019 ms',)]"
170,HASH,0.0002626657485961914,"[('Index Scan using idx_email_hash on user_app  (cost=0.00..8.02 rows=1 width=2088) (actual time=0.004..0.008 rows=1 loops=1)',), (""  Index Cond: ((email)::text = 'goyrtppuer@example.com'::text)"",), ('  Buffers: shared hit=2',), ('Planning Time: 0.021 ms',), ('Execution Time: 0.018 ms',)]"
171,No Index,0.000275111198425293,"[('Index Scan using uniq_user_app_email on user_app  (cost=0.38..8.39 rows=1 width=2088) (actual time=0.007..0.009 rows=1 loops=1)',), (""  Index Cond: ((email)::text = 'djquvexoci@example.com'::text)"",), ('  Buffers: shared hit=4',), ('Planning Time: 0.019 ms',), ('Execution Time: 0.020 ms',)]"
171,BTREE,0.00028924942016601564,"[('Index Scan using idx_email_btree on user_app  (cost=0.12..8.14 rows=1 width=2088) (actual time=0.004..0.007 rows=1 loops=1)',), (""  Index Cond: ((email)::text = 'phuslzslsb@example.com'::text)"",), ('  Buffers: shared hit=2',), ('Planning Time: 0.019 ms',), ('Execution Time: 0.018 ms',)]"
171,HASH,0.0002844810485839844,"[('Index Scan using idx_email_hash on user_app  (cost=0.00..8.02 rows=1 width=2088) (actual time=0.004..0.007 rows=1 loops=1)',), (""  Index Cond: ((email)::text = 'gktgombheo@example.com'::text)"",), ('  Buffers: shared hit=2',), ('Planning Time: 0.019 ms',), ('Execution Time: 0.017 ms',)]"
172,No Index,0.00028967857360839844,"[('Index Scan using uniq_user_app_email on user_app  (cost=0.38..8.39 rows=1 width=2088) (actual time=0.009..0.012 rows=1 loops=1)',), (""  Index Cond: ((email)::text = 'wpyepzfrxf@example.com'::text)"",), ('  Buffers: shared hit=4',), ('Planning Time: 0.022 ms',), ('Execution Time: 0.023 ms',)]"
172,BTREE,0.00029835700988769533,"[('Index Scan using idx_email_btree on user_app  (cost=0.12..8.14 rows=1 width=2088) (actual time=0.005..0.007 rows=1 loops=1)',), (""  Index Cond: ((email)::text = 'rtjhdaxzbq@example.com'::text)"",), ('  Buffers: shared hit=2',), ('Planning Time: 0.019 ms',), ('Execution Time: 0.018 ms',)]"
172,HASH,0.0002753973007202148,"[('Index Scan using idx_email_hash on user_app  (cost=0.00..8.02 rows=1 width=2088) (actual time=0.004..0.006 rows=1 loops=1)',), (""  Index Cond: ((email)::text = 'mrogwuiqdn@example.com'::text)"",), ('  Buffers: shared hit=2',), ('Planning Time: 0.018 ms',), ('Execution Time: 0.016 ms',)]"
173,No Index,0.0002755880355834961,"[('Index Scan using uniq_user_app_email on user_app  (cost=0.38..8.39 rows=1 width=2088) (actual time=0.008..0.010 rows=1 loops=1)',), (""  Index Cond: ((email)::text = 'kxotriddws@example.com'::text)"",), ('  Buffers: shared hit=4',), ('Planning Time: 0.020 ms',), ('Execution Time: 0.022 ms',)]"
173,BTREE,0.00028836727142333984,"[('Index Scan using idx_email_btree on user_app  (cost=0.12..8.14 rows=1 width=2088) (actual time=0.016..0.018 rows=1 loops=1)',), (""  Index Cond: ((email)::text = 'xjqvmggtdh@example.com'::text)"",), ('  Buffers: shared hit=2',), ('Planning Time: 0.044 ms',), ('Execution Time: 0.030 ms',)]"
173,HASH,0.0002790212631225586,"[('Index Scan using idx_email_hash on user_app  (cost=0.00..8.02 rows=1 width=2088) (actual time=0.005..0.008 rows=1 loops=1)',), (""  Index Cond: ((email)::text = 'hpjnxlmbqn@example.com'::text)"",), ('  Buffers: shared hit=2',), ('Planning Time: 0.044 ms',), ('Execution Time: 0.028 ms',)]"
174,No Index,0.0002613067626953125,"[('Index Scan using uniq_user_app_email on user_app  (cost=0.38..8.39 rows=1 width=2088) (actual time=0.007..0.011 rows=1 loops=1)',), (""  Index Cond: ((email)::text = 'sadwdpngtf@example.com'::text)"",), ('  Buffers: shared hit=4',), ('Planning Time: 0.020 ms',), ('Execution Time: 0.021 ms',)]"
174,BTREE,0.0002785921096801758,"[('Index Scan using idx_email_btree on user_app  (cost=0.12..8.14 rows=1 width=2088) (actual time=0.005..0.008 rows=1 loops=1)',), (""  Index Cond: ((email)::text = 'zkiobetunh@example.com'::text)"",), ('  Buffers: shared hit=2',), ('Planning Time: 0.022 ms',), ('Execution Time: 0.020 ms',)]"
174,HASH,0.0002922773361206055,"[('Index Scan using idx_email_hash on user_app  (cost=0.00..8.02 rows=1 width=2088) (actual time=0.004..0.008 rows=1 loops=1)',), (""  Index Cond: ((email)::text = 'fthkwtpzxw@example.com'::text)"",), ('  Buffers: shared hit=2',), ('Planning Time: 0.039 ms',), ('Execution Time: 0.020 ms',)]"
175,No Index,0.0002975940704345703,"[('Index Scan using uniq_user_app_email on user_app  (cost=0.38..8.39 rows=1 width=2088) (actual time=0.017..0.020 rows=1 loops=1)',), (""  Index Cond: ((email)::text = 'bpiutnaewx@example.com'::text)"",), ('  Buffers: shared hit=4',), ('Planning Time: 0.042 ms',), ('Execution Time: 0.031 ms',)]"
175,BTREE,0.0002489328384399414,"[('Index Scan using idx_email_btree on user_app  (cost=0.12..8.14 rows=1 width=2088) (actual time=0.005..0.008 rows=1 loops=1)',), (""  Index Cond: ((email)::text = 'ufipyiaqbl@example.com'::text)"",), ('  Buffers: shared hit=2',), ('Planning Time: 0.021 ms',), ('Execution Time: 0.018 ms',)]"
175,HASH,0.00025727748870849607,"[('Index Scan using idx_email_hash on user_app  (cost=0.00..8.02 rows=1 width=2088) (actual time=0.004..0.007 rows=1 loops=1)',), (""  Index Cond: ((email)::text = 'hxbuljzyhc@example.com'::text)"",), ('  Buffers: shared hit=2',), ('Planning Time: 0.019 ms',), ('Execution Time: 0.017 ms',)]"
176,No Index,0.0006166458129882813,"[('Index Scan using uniq_user_app_email on user_app  (cost=0.38..8.39 rows=1 width=2088) (actual time=0.017..0.021 rows=1 loops=1)',), (""  Index Cond: ((email)::text = 'maejepizag@example.com'::text)"",), ('  Buffers: shared hit=4',), ('Planning Time: 0.046 ms',), ('Execution Time: 0.041 ms',)]"
176,BTREE,0.0002529621124267578,"[('Index Scan using idx_email_btree on user_app  (cost=0.12..8.14 rows=1 width=2088) (actual time=0.005..0.008 rows=1 loops=1)',), (""  Index Cond: ((email)::text = 'fpprcsxoty@example.com'::text)"",), ('  Buffers: shared hit=2',), ('Planning Time: 0.020 ms',), ('Execution Time: 0.017 ms',)]"
176,HASH,0.00045959949493408204,"[('Index Scan using idx_email_hash on user_app  (cost=0.00..8.02 rows=1 width=2088) (actual time=0.009..0.014 rows=1 loops=1)',), (""  Index Cond: ((email)::text = 'zpenmrqpqb@example.com'::text)"",), ('  Buffers: shared hit=2',), ('Planning Time: 0.058 ms',), ('Execution Time: 0.034 ms',)]"
177,No Index,0.00026063919067382814,"[('Index Scan using uniq_user_app_email on user_app  (cost=0.38..8.39 rows=1 width=2088) (actual time=0.008..0.010 rows=1 loops=1)',), (""  Index Cond: ((email)::text = 'iujiycdusx@example.com'::text)"",), ('  Buffers: shared hit=4',), ('Planning Time: 0.020 ms',), ('Execution Time: 0.021 ms',)]"
177,BTREE,0.00019400119781494142,"[('Index Scan using idx_email_btree on user_app  (cost=0.12..8.14 rows=1 width=2088) (actual time=0.005..0.007 rows=1 loops=1)',), (""  Index Cond: ((email)::text = 'eqzwiowuji@example.com'::text)"",), ('  Buffers: shared hit=2',), ('Planning Time: 0.019 ms',), ('Execution Time: 0.018 ms',)]"
177,HASH,0.00026590824127197265,"[('Index Scan using idx_email_hash on user_app  (cost=0.00..8.02 rows=1 width=2088) (actual time=0.005..0.008 rows=1 loops=1)',), (""  Index Cond: ((email)::text = 'fylfvrxtpl@example.com'::text)"",), ('  Buffers: shared hit=2',), ('Planning Time: 0.023 ms',), ('Execution Time: 0.019 ms',)]"
178,No Index,0.00025408267974853517,"[('Index Scan using uniq_user_app_email on user_app  (cost=0.38..8.39 rows=1 width=2088) (actual time=0.007..0.010 rows=1 loops=1)',), (""  Index Cond: ((email)::text = 'cxloogxabq@example.com'::text)"",), ('  Buffers: shared hit=4',), ('Planning Time: 0.017 ms',), ('Execution Time: 0.020 ms',)]"
178,BTREE,0.0003610849380493164,"[('Index Scan using idx_email_btree on user_app  (cost=0.12..8.14 rows=1 width=2088) (actual time=0.010..0.013 rows=1 loops=1)',), (""  Index Cond: ((email)::text = 'eweucjiirg@example.com'::text)"",), ('  Buffers: shared hit=2',), ('Planning Time: 0.041 ms',), ('Execution Time: 0.030 ms',)]"
178,HASH,0.00026929378509521484,"[('Index Scan using idx_email_hash on user_app  (cost=0.00..8.02 rows=1 width=2088) (actual time=0.004..0.007 rows=1 loops=1)',), (""  Index Cond: ((email)::text = 'utomchbgvm@example.com'::text)"",), ('  Buffers: shared hit=2',), ('Planning Time: 0.019 ms',), ('Execution Time: 0.018 ms',)]"
179,No Index,0.00030777454376220705,"[('Index Scan using uniq_user_app_email on user_app  (cost=0.38..8.39 rows=1 width=2088) (actual time=0.008..0.010 rows=1 loops=1)',), (""  Index Cond: ((email)::text = 'nersoeocpt@example.com'::text)"",), ('  Buffers: shared hit=4',), ('Planning Time: 0.021 ms',), ('Execution Time: 0.021 ms',)]"
179,BTREE,0.00027782917022705077,"[('Index Scan using idx_email_btree on user_app  (cost=0.12..8.14 rows=1 width=2088) (actual time=0.005..0.007 rows=1 loops=1)',), (""  Index Cond: ((email)::text = 'cdiwqlygde@example.com'::text)"",), ('  Buffers: shared hit=2',), ('Planning Time: 0.019 ms',), ('Execution Time: 0.018 ms',)]"
179,HASH,0.0006704330444335938,"[('Index Scan using idx_email_hash on user_app  (cost=0.00..8.02 rows=1 width=2088) (actual time=0.010..0.014 rows=1 loops=1)',), (""  Index Cond: ((email)::text = 'rqhpzozxdp@example.com'::text)"",), ('  Buffers: shared hit=2',), ('Planning Time: 0.057 ms',), ('Execution Time: 0.036 ms',)]"
180,No Index,0.0006579875946044922,"[('Index Scan using uniq_user_app_email on user_app  (cost=0.38..8.39 rows=1 width=2088) (actual time=0.019..0.024 rows=1 loops=1)',), (""  Index Cond: ((email)::text = 'spgjwhazws@example.com'::text)"",), ('  Buffers: shared hit=4',), ('Planning Time: 0.051 ms',), ('Execution Time: 0.046 ms',)]"
180,BTREE,0.00026445388793945314,"[('Index Scan using idx_email_btree on user_app  (cost=0.12..8.14 rows=1 width=2088) (actual time=0.006..0.009 rows=1 loops=1)',), (""  Index Cond: ((email)::text = 'jhsphgovic@example.com'::text)"",), ('  Buffers: shared hit=2',), ('Planning Time: 0.022 ms',), ('Execution Time: 0.019 ms',)]"
180,HASH,0.0002598285675048828,"[('Index Scan using idx_email_hash on user_app  (cost=0.00..8.02 rows=1 width=2088) (actual time=0.004..0.007 rows=1 loops=1)',), (""  Index Cond: ((email)::text = 'eyxgphmvcs@example.com'::text)"",), ('  Buffers: shared hit=2',), ('Planning Time: 0.022 ms',), ('Execution Time: 0.019 ms',)]"
181,No Index,0.00026476383209228516,"[('Index Scan using uniq_user_app_email on user_app  (cost=0.38..8.39 rows=1 width=2088) (actual time=0.009..0.011 rows=1 loops=1)',), (""  Index Cond: ((email)::text = 'ymxngmnfcj@example.com'::text)"",), ('  Buffers: shared hit=4',), ('Planning Time: 0.020 ms',), ('Execution Time: 0.022 ms',)]"
181,BTREE,0.0002632617950439453,"[('Index Scan using idx_email_btree on user_app  (cost=0.12..8.14 rows=1 width=2088) (actual time=0.006..0.009 rows=1 loops=1)',), (""  Index Cond: ((email)::text = 'opvdnnklib@example.com'::text)"",), ('  Buffers: shared hit=2',), ('Planning Time: 0.030 ms',), ('Execution Time: 0.020 ms',)]"
181,HASH,0.0003029584884643555,"[('Index Scan using idx_email_hash on user_app  (cost=0.00..8.02 rows=1 width=2088) (actual time=0.007..0.011 rows=1 loops=1)',), (""  Index Cond: ((email)::text = 'engzhkvkbj@example.com'::text)"",), ('  Buffers: shared hit=2',), ('Planning Time: 0.038 ms',), ('Execution Time: 0.027 ms',)]"
182,No Index,0.00027530193328857423,"[('Index Scan using uniq_user_app_email on user_app  (cost=0.38..8.39 rows=1 width=2088) (actual time=0.008..0.011 rows=1 loops=1)',), (""  Index Cond: ((email)::text = 'thxfmltszd@example.com'::text)"",), ('  Buffers: shared hit=4',), ('Planning Time: 0.022 ms',), ('Execution Time: 0.023 ms',)]"
182,BTREE,0.000666499137878418,"[('Index Scan using idx_email_btree on user_app  (cost=0.12..8.14 rows=1 width=2088) (actual time=0.013..0.018 rows=1 loops=1)',), (""  Index Cond: ((email)::text = 'yjvngutexb@example.com'::text)"",), ('  Buffers: shared hit=2',), ('Planning Time: 0.061 ms',), ('Execution Time: 0.039 ms',)]"
182,HASH,0.00026297569274902344,"[('Index Scan using idx_email_hash on user_app  (cost=0.00..8.02 rows=1 width=2088) (actual time=0.004..0.007 rows=1 loops=1)',), (""  Index Cond: ((email)::text = 'zqitryoirg@example.com'::text)"",), ('  Buffers: shared hit=2',), ('Planning Time: 0.021 ms',), ('Execution Time: 0.019 ms',)]"
183,No Index,0.0002648115158081055,"[('Index Scan using uniq_user_app_email on user_app  (cost=0.38..8.39 rows=1 width=2088) (actual time=0.007..0.010 rows=1 loops=1)',), (""  Index Cond: ((email)::text = 'qyirsgutpv@example.com'::text)"",), ('  Buffers: shared hit=4',), ('Planning Time: 0.021 ms',), ('Execution Time: 0.022 ms',)]"
183,BTREE,0.00026552677154541017,"[('Index Scan using idx_email_btree on user_app  (cost=0.12..8.14 rows=1 width=2088) (actual time=0.006..0.009 rows=1 loops=1)',), (""  Index Cond: ((email)::text = 'bfxmdjzhlk@example.com'::text)"",), ('  Buffers: shared hit=2',), ('Planning Time: 0.021 ms',), ('Execution Time: 0.019 ms',)]"
183,HASH,0.00026106834411621094,"[('Index Scan using idx_email_hash on user_app  (cost=0.00..8.02 rows=1 width=2088) (actual time=0.004..0.007 rows=1 loops=1)',), (""  Index Cond: ((email)::text = 'zmqsdyagav@example.com'::text)"",), ('  Buffers: shared hit=2',), ('Planning Time: 0.022 ms',), ('Execution Time: 0.018 ms',)]"
184,No Index,0.0002648115158081055,"[('Index Scan using uniq_user_app_email on user_app  (cost=0.38..8.39 rows=1 width=2088) (actual time=0.008..0.010 rows=1 loops=1)',), (""  Index Cond: ((email)::text = 'ymxzsukgpv@example.com'::text)"",), ('  Buffers: shared hit=4',), ('Planning Time: 0.019 ms',), ('Execution Time: 0.022 ms',)]"
184,BTREE,0.0003030061721801758,"[('Index Scan using idx_email_btree on user_app  (cost=0.12..8.14 rows=1 width=2088) (actual time=0.009..0.013 rows=1 loops=1)',), (""  Index Cond: ((email)::text = 'eftiqhuxzz@example.com'::text)"",), ('  Buffers: shared hit=2',), ('Planning Time: 0.041 ms',), ('Execution Time: 0.030 ms',)]"
184,HASH,0.0002864837646484375,"[('Index Scan using idx_email_hash on user_app  (cost=0.00..8.02 rows=1 width=2088) (actual time=0.004..0.008 rows=1 loops=1)',), (""  Index Cond: ((email)::text = 'ggxhpueuul@example.com'::text)"",), ('  Buffers: shared hit=2',), ('Planning Time: 0.023 ms',), ('Execution Time: 0.019 ms',)]"
185,No Index,0.0003066301345825195,"[('Index Scan using uniq_user_app_email on user_app  (cost=0.38..8.39 rows=1 width=2088) (actual time=0.007..0.010 rows=1 loops=1)',), (""  Index Cond: ((email)::text = 'hlixeljhoa@example.com'::text)"",), ('  Buffers: shared hit=4',), ('Planning Time: 0.017 ms',), ('Execution Time: 0.020 ms',)]"
185,BTREE,0.0003097295761108398,"[('Index Scan using idx_email_btree on user_app  (cost=0.12..8.14 rows=1 width=2088) (actual time=0.006..0.009 rows=1 loops=1)',), (""  Index Cond: ((email)::text = 'zynaywoegf@example.com'::text)"",), ('  Buffers: shared hit=2',), ('Planning Time: 0.024 ms',), ('Execution Time: 0.020 ms',)]"
185,HASH,0.0003041744232177734,"[('Index Scan using idx_email_hash on user_app  (cost=0.00..8.02 rows=1 width=2088) (actual time=0.005..0.008 rows=1 loops=1)',), (""  Index Cond: ((email)::text = 'hvqwbqvwbk@example.com'::text)"",), ('  Buffers: shared hit=2',), ('Planning Time: 0.023 ms',), ('Execution Time: 0.019 ms',)]"
186,No Index,0.00028119087219238283,"[('Index Scan using uniq_user_app_email on user_app  (cost=0.38..8.39 rows=1 width=2088) (actual time=0.007..0.009 rows=1 loops=1)',), (""  Index Cond: ((email)::text = 'lraxwzjehe@example.com'::text)"",), ('  Buffers: shared hit=4',), ('Planning Time: 0.017 ms',), ('Execution Time: 0.020 ms',)]"
186,BTREE,0.0002761363983154297,"[('Index Scan using idx_email_btree on user_app  (cost=0.12..8.14 rows=1 width=2088) (actual time=0.006..0.008 rows=1 loops=1)',), (""  Index Cond: ((email)::text = 'upzhmfddev@example.com'::text)"",), ('  Buffers: shared hit=2',), ('Planning Time: 0.023 ms',), ('Execution Time: 0.019 ms',)]"
186,HASH,0.00025260448455810547,"[('Index Scan using idx_email_hash on user_app  (cost=0.00..8.02 rows=1 width=2088) (actual time=0.004..0.007 rows=1 loops=1)',), (""  Index Cond: ((email)::text = 'dsknfiummz@example.com'::text)"",), ('  Buffers: shared hit=2',), ('Planning Time: 0.019 ms',), ('Execution Time: 0.016 ms',)]"
187,No Index,0.00028841495513916017,"[('Index Scan using uniq_user_app_email on user_app  (cost=0.38..8.39 rows=1 width=2088) (actual time=0.008..0.011 rows=1 loops=1)',), (""  Index Cond: ((email)::text = 'tfxzoouapp@example.com'::text)"",), ('  Buffers: shared hit=4',), ('Planning Time: 0.022 ms',), ('Execution Time: 0.022 ms',)]"
187,BTREE,0.00025980472564697267,"[('Index Scan using idx_email_btree on user_app  (cost=0.12..8.14 rows=1 width=2088) (actual time=0.005..0.008 rows=1 loops=1)',), (""  Index Cond: ((email)::text = 'jvnbhxsxtx@example.com'::text)"",), ('  Buffers: shared hit=2',), ('Planning Time: 0.020 ms',), ('Execution Time: 0.017 ms',)]"
187,HASH,0.00028145313262939453,"[('Index Scan using idx_email_hash on user_app  (cost=0.00..8.02 rows=1 width=2088) (actual time=0.005..0.008 rows=1 loops=1)',), (""  Index Cond: ((email)::text = 'qabctxadon@example.com'::text)"",), ('  Buffers: shared hit=2',), ('Planning Time: 0.023 ms',), ('Execution Time: 0.019 ms',)]"
188,No Index,0.00026023387908935547,"[('Index Scan using uniq_user_app_email on user_app  (cost=0.38..8.39 rows=1 width=2088) (actual time=0.007..0.010 rows=1 loops=1)',), (""  Index Cond: ((email)::text = 'heollzogzu@example.com'::text)"",), ('  Buffers: shared hit=4',), ('Planning Time: 0.017 ms',), ('Execution Time: 0.020 ms',)]"
188,BTREE,0.00028324127197265625,"[('Index Scan using idx_email_btree on user_app  (cost=0.12..8.14 rows=1 width=2088) (actual time=0.006..0.009 rows=1 loops=1)',), (""  Index Cond: ((email)::text = 'zrqpcnpaii@example.com'::text)"",), ('  Buffers: shared hit=2',), ('Planning Time: 0.023 ms',), ('Execution Time: 0.020 ms',)]"
188,HASH,0.0003067493438720703,"[('Index Scan using idx_email_hash on user_app  (cost=0.00..8.02 rows=1 width=2088) (actual time=0.005..0.008 rows=1 loops=1)',), (""  Index Cond: ((email)::text = 'tbdjqswxbf@example.com'::text)"",), ('  Buffers: shared hit=2',), ('Planning Time: 0.023 ms',), ('Execution Time: 0.019 ms',)]"
189,No Index,0.00027272701263427737,"[('Index Scan using uniq_user_app_email on user_app  (cost=0.38..8.39 rows=1 width=2088) (actual time=0.007..0.010 rows=1 loops=1)',), (""  Index Cond: ((email)::text = 'odtxuehgvn@example.com'::text)"",), ('  Buffers: shared hit=4',), ('Planning Time: 0.017 ms',), ('Execution Time: 0.020 ms',)]"
189,BTREE,0.0002501726150512695,"[('Index Scan using idx_email_btree on user_app  (cost=0.12..8.14 rows=1 width=2088) (actual time=0.005..0.008 rows=1 loops=1)',), (""  Index Cond: ((email)::text = 'joaawvashi@example.com'::text)"",), ('  Buffers: shared hit=2',), ('Planning Time: 0.019 ms',), ('Execution Time: 0.018 ms',)]"
189,HASH,0.0007183313369750977,"[('Index Scan using idx_email_hash on user_app  (cost=0.00..8.02 rows=1 width=2088) (actual time=0.012..0.017 rows=1 loops=1)',), (""  Index Cond: ((email)::text = 'cutbjfzyxe@example.com'::text)"",), ('  Buffers: shared hit=2',), ('Planning Time: 0.062 ms',), ('Execution Time: 0.038 ms',)]"
190,No Index,0.0006507396697998047,"[('Index Scan using uniq_user_app_email on user_app  (cost=0.38..8.39 rows=1 width=2088) (actual time=0.020..0.025 rows=1 loops=1)',), (""  Index Cond: ((email)::text = 'xkltffcgno@example.com'::text)"",), ('  Buffers: shared hit=4',), ('Planning Time: 0.056 ms',), ('Execution Time: 0.048 ms',)]"
190,BTREE,0.0006521940231323242,"[('Index Scan using idx_email_btree on user_app  (cost=0.12..8.14 rows=1 width=2088) (actual time=0.014..0.019 rows=1 loops=1)',), (""  Index Cond: ((email)::text = 'hfueskughz@example.com'::text)"",), ('  Buffers: shared hit=2',), ('Planning Time: 0.062 ms',), ('Execution Time: 0.041 ms',)]"
190,HASH,0.0008554935455322265,"[('Index Scan using idx_email_hash on user_app  (cost=0.00..8.02 rows=1 width=2088) (actual time=0.011..0.016 rows=1 loops=1)',), (""  Index Cond: ((email)::text = 'ozospetgkh@example.com'::text)"",), ('  Buffers: shared hit=2',), ('Planning Time: 0.062 ms',), ('Execution Time: 0.038 ms',)]"
191,No Index,0.0006939172744750977,"[('Index Scan using uniq_user_app_email on user_app  (cost=0.38..8.39 rows=1 width=2088) (actual time=0.020..0.025 rows=1 loops=1)',), (""  Index Cond: ((email)::text = 'ryywjhapaw@example.com'::text)"",), ('  Buffers: shared hit=4',), ('Planning Time: 0.058 ms',), ('Execution Time: 0.047 ms',)]"
191,BTREE,0.00043480396270751954,"[('Index Scan using idx_email_btree on user_app  (cost=0.12..8.14 rows=1 width=2088) (actual time=0.010..0.014 rows=1 loops=1)',), (""  Index Cond: ((email)::text = 'dnmuywzdtz@example.com'::text)"",), ('  Buffers: shared hit=2',), ('Planning Time: 0.044 ms',), ('Execution Time: 0.031 ms',)]"
191,HASH,0.00043435096740722655,"[('Index Scan using idx_email_hash on user_app  (cost=0.00..8.02 rows=1 width=2088) (actual time=0.008..0.011 rows=1 loops=1)',), (""  Index Cond: ((email)::text = 'jtkynbbywh@example.com'::text)"",), ('  Buffers: shared hit=2',), ('Planning Time: 0.042 ms',), ('Execution Time: 0.029 ms',)]"
192,No Index,0.00044229030609130857,"[('Index Scan using uniq_user_app_email on user_app  (cost=0.38..8.39 rows=1 width=2088) (actual time=0.014..0.019 rows=1 loops=1)',), (""  Index Cond: ((email)::text = 'lgjggcwgxv@example.com'::text)"",), ('  Buffers: shared hit=4',), ('Planning Time: 0.039 ms',), ('Execution Time: 0.037 ms',)]"
192,BTREE,0.00028455257415771484,"[('Index Scan using idx_email_btree on user_app  (cost=0.12..8.14 rows=1 width=2088) (actual time=0.006..0.009 rows=1 loops=1)',), (""  Index Cond: ((email)::text = 'ngmycuqmcx@example.com'::text)"",), ('  Buffers: shared hit=2',), ('Planning Time: 0.023 ms',), ('Execution Time: 0.020 ms',)]"
192,HASH,0.000529170036315918,"[('Index Scan using idx_email_hash on user_app  (cost=0.00..8.02 rows=1 width=2088) (actual time=0.009..0.014 rows=1 loops=1)',), (""  Index Cond: ((email)::text = 'hoghpnieit@example.com'::text)"",), ('  Buffers: shared hit=2',), ('Planning Time: 0.051 ms',), ('Execution Time: 0.033 ms',)]"
193,No Index,0.0003241300582885742,"[('Index Scan using uniq_user_app_email on user_app  (cost=0.38..8.39 rows=1 width=2088) (actual time=0.008..0.011 rows=1 loops=1)',), (""  Index Cond: ((email)::text = 'rcwajehggg@example.com'::text)"",), ('  Buffers: shared hit=4',), ('Planning Time: 0.022 ms',), ('Execution Time: 0.022 ms',)]"
193,BTREE,0.000270843505859375,"[('Index Scan using idx_email_btree on user_app  (cost=0.12..8.14 rows=1 width=2088) (actual time=0.005..0.008 rows=1 loops=1)',), (""  Index Cond: ((email)::text = 'uclpuwproa@example.com'::text)"",), ('  Buffers: shared hit=2',), ('Planning Time: 0.019 ms',), ('Execution Time: 0.018 ms',)]"
193,HASH,0.0002747058868408203,"[('Index Scan using idx_email_hash on user_app  (cost=0.00..8.02 rows=1 width=2088) (actual time=0.004..0.008 rows=1 loops=1)',), (""  Index Cond: ((email)::text = 'mtawzasbzp@example.com'::text)"",), ('  Buffers: shared hit=2',), ('Planning Time: 0.019 ms',), ('Execution Time: 0.017 ms',)]"
194,No Index,0.000657200813293457,"[('Index Scan using uniq_user_app_email on user_app  (cost=0.38..8.39 rows=1 width=2088) (actual time=0.018..0.023 rows=1 loops=1)',), (""  Index Cond: ((email)::text = 'abtzdgqygf@example.com'::text)"",), ('  Buffers: shared hit=4',), ('Planning Time: 0.052 ms',), ('Execution Time: 0.044 ms',)]"
194,BTREE,0.00025990009307861326,"[('Index Scan using idx_email_btree on user_app  (cost=0.12..8.14 rows=1 width=2088) (actual time=0.005..0.009 rows=1 loops=1)',), (""  Index Cond: ((email)::text = 'fnicyyarmv@example.com'::text)"",), ('  Buffers: shared hit=2',), ('Planning Time: 0.022 ms',), ('Execution Time: 0.019 ms',)]"
194,HASH,0.00033824443817138673,"[('Index Scan using idx_email_hash on user_app  (cost=0.00..8.02 rows=1 width=2088) (actual time=0.007..0.011 rows=1 loops=1)',), (""  Index Cond: ((email)::text = 'nouieqrphu@example.com'::text)"",), ('  Buffers: shared hit=2',), ('Planning Time: 0.038 ms',), ('Execution Time: 0.028 ms',)]"
195,No Index,0.00039224624633789064,"[('Index Scan using uniq_user_app_email on user_app  (cost=0.38..8.39 rows=1 width=2088) (actual time=0.009..0.012 rows=1 loops=1)',), (""  Index Cond: ((email)::text = 'bmenjyimfv@example.com'::text)"",), ('  Buffers: shared hit=4',), ('Planning Time: 0.022 ms',), ('Execution Time: 0.023 ms',)]"
195,BTREE,0.0006607532501220703,"[('Index Scan using idx_email_btree on user_app  (cost=0.12..8.14 rows=1 width=2088) (actual time=0.013..0.018 rows=1 loops=1)',), (""  Index Cond: ((email)::text = 'phjksgcqwu@example.com'::text)"",), ('  Buffers: shared hit=2',), ('Planning Time: 0.058 ms',), ('Execution Time: 0.038 ms',)]"
195,HASH,0.00019710063934326173,"[('Index Scan using idx_email_hash on user_app  (cost=0.00..8.02 rows=1 width=2088) (actual time=0.003..0.006 rows=1 loops=1)',), (""  Index Cond: ((email)::text = 'jfneftmwjr@example.com'::text)"",), ('  Buffers: shared hit=2',), ('Planning Time: 0.019 ms',), ('Execution Time: 0.016 ms',)]"
196,No Index,0.0002559185028076172,"[('Index Scan using uniq_user_app_email on user_app  (cost=0.38..8.39 rows=1 width=2088) (actual time=0.007..0.010 rows=1 loops=1)',), (""  Index Cond: ((email)::text = 'pxjwclkpem@example.com'::text)"",), ('  Buffers: shared hit=4',), ('Planning Time: 0.017 ms',), ('Execution Time: 0.020 ms',)]"
196,BTREE,0.0002864360809326172,"[('Index Scan using idx_email_btree on user_app  (cost=0.12..8.14 rows=1 width=2088) (actual time=0.006..0.008 rows=1 loops=1)',), (""  Index Cond: ((email)::text = 'onejnztvsh@example.com'::text)"",), ('  Buffers: shared hit=2',), ('Planning Time: 0.023 ms',), ('Execution Time: 0.020 ms',)]"
196,HASH,0.0003050565719604492,"[('Index Scan using idx_email_hash on user_app  (cost=0.00..8.02 rows=1 width=2088) (actual time=0.013..0.016 rows=1 loops=1)',), (""  Index Cond: ((email)::text = 'vcwmslfpgr@example.com'::text)"",), ('  Buffers: shared hit=2',), ('Planning Time: 0.059 ms',), ('Execution Time: 0.034 ms',)]"
197,No Index,0.00023119449615478517,"[('Index Scan using uniq_user_app_email on user_app  (cost=0.38..8.39 rows=1 width=2088) (actual time=0.007..0.009 rows=1 loops=1)',), (""  Index Cond: ((email)::text = 'pfojfkkxvn@example.com'::text)"",), ('  Buffers: shared hit=4',), ('Planning Time: 0.017 ms',), ('Execution Time: 0.020 ms',)]"
197,BTREE,0.000299072265625,"[('Index Scan using idx_email_btree on user_app  (cost=0.12..8.14 rows=1 width=2088) (actual time=0.006..0.009 rows=1 loops=1)',), (""  Index Cond: ((email)::text = 'zgzfyozrpy@example.com'::text)"",), ('  Buffers: shared hit=2',), ('Planning Time: 0.023 ms',), ('Execution Time: 0.020 ms',)]"
197,HASH,0.0002566099166870117,"[('Index Scan using idx_email_hash on user_app  (cost=0.00..8.02 rows=1 width=2088) (actual time=0.004..0.007 rows=1 loops=1)',), (""  Index Cond: ((email)::text = 'hhhyjerjdj@example.com'::text)"",), ('  Buffers: shared hit=2',), ('Planning Time: 0.019 ms',), ('Execution Time: 0.016 ms',)]"
198,No Index,0.000292205810546875,"[('Index Scan using uniq_user_app_email on user_app  (cost=0.38..8.39 rows=1 width=2088) (actual time=0.008..0.010 rows=1 loops=1)',), (""  Index Cond: ((email)::text = 'kvddoedkzv@example.com'::text)"",), ('  Buffers: shared hit=4',), ('Planning Time: 0.020 ms',), ('Execution Time: 0.021 ms',)]"
198,BTREE,0.0002773284912109375,"[('Index Scan using idx_email_btree on user_app  (cost=0.12..8.14 rows=1 width=2088) (actual time=0.005..0.007 rows=1 loops=1)',), (""  Index Cond: ((email)::text = 'vkixosqcry@example.com'::text)"",), ('  Buffers: shared hit=2',), ('Planning Time: 0.020 ms',), ('Execution Time: 0.018 ms',)]"
198,HASH,0.0002874612808227539,"[('Index Scan using idx_email_hash on user_app  (cost=0.00..8.02 rows=1 width=2088) (actual time=0.005..0.008 rows=1 loops=1)',), (""  Index Cond: ((email)::text = 'yoszdxefzs@example.com'::text)"",), ('  Buffers: shared hit=2',), ('Planning Time: 0.023 ms',), ('Execution Time: 0.019 ms',)]"
199,No Index,0.00031142234802246095,"[('Index Scan using uniq_user_app_email on user_app  (cost=0.38..8.39 rows=1 width=2088) (actual time=0.008..0.011 rows=1 loops=1)',), (""  Index Cond: ((email)::text = 'nqvikaztty@example.com'::text)"",), ('  Buffers: shared hit=4',), ('Planning Time: 0.021 ms',), ('Execution Time: 0.022 ms',)]"
199,BTREE,0.00029451847076416015,"[('Index Scan using idx_email_btree on user_app  (cost=0.12..8.14 rows=1 width=2088) (actual time=0.006..0.009 rows=1 loops=1)',), (""  Index Cond: ((email)::text = 'nqvikaztty@example.com'::text)"",), ('  Buffers: shared hit=2',), ('Planning Time: 0.024 ms',), ('Execution Time: 0.019 ms',)]"
199,HASH,0.0002807140350341797,"[('Index Scan using idx_email_hash on user_app  (cost=0.00..8.02 rows=1 width=2088) (actual time=0.005..0.007 rows=1 loops=1)',), (""  Index Cond: ((email)::text = 'rycncznnri@example.com'::text)"",), ('  Buffers: shared hit=2',), ('Planning Time: 0.022 ms',), ('Execution Time: 0.018 ms',)]"
200,No Index,0.00031800270080566405,"[('Index Scan using uniq_user_app_email on user_app  (cost=0.38..8.39 rows=1 width=2088) (actual time=0.008..0.011 rows=1 loops=1)',), (""  Index Cond: ((email)::text = 'dnqvtqernq@example.com'::text)"",), ('  Buffers: shared hit=4',), ('Planning Time: 0.021 ms',), ('Execution Time: 0.023 ms',)]"
200,BTREE,0.00027904510498046877,"[('Index Scan using idx_email_btree on user_app  (cost=0.12..8.14 rows=1 width=2088) (actual time=0.006..0.009 rows=1 loops=1)',), (""  Index Cond: ((email)::text = 'mjfvkyimah@example.com'::text)"",), ('  Buffers: shared hit=2',), ('Planning Time: 0.023 ms',), ('Execution Time: 0.020 ms',)]"
200,HASH,0.0002868413925170898,"[('Index Scan using idx_email_hash on user_app  (cost=0.00..8.02 rows=1 width=2088) (actual time=0.005..0.008 rows=1 loops=1)',), (""  Index Cond: ((email)::text = 'hwbopabfqo@example.com'::text)"",), ('  Buffers: shared hit=2',), ('Planning Time: 0.024 ms',), ('Execution Time: 0.018 ms',)]"
201,No Index,0.0005262374877929687,"[('Index Scan using uniq_user_app_email on user_app  (cost=0.38..8.39 rows=1 width=2088) (actual time=0.017..0.021 rows=1 loops=1)',), (""  Index Cond: ((email)::text = 'uahrkyovha@example.com'::text)"",), ('  Buffers: shared hit=4',), ('Planning Time: 0.048 ms',), ('Execution Time: 0.041 ms',)]"
201,BTREE,0.0006637096405029297,"[('Index Scan using idx_email_btree on user_app  (cost=0.12..8.14 rows=1 width=2088) (actual time=0.013..0.018 rows=1 loops=1)',), (""  Index Cond: ((email)::text = 'wgibliaqxd@example.com'::text)"",), ('  Buffers: shared hit=2',), ('Planning Time: 0.058 ms',), ('Execution Time: 0.039 ms',)]"
201,HASH,0.00025980472564697267,"[('Index Scan using idx_email_hash on user_app  (cost=0.00..8.02 rows=1 width=2088) (actual time=0.004..0.008 rows=1 loops=1)',), (""  Index Cond: ((email)::text = 'tmnnuapgfw@example.com'::text)"",), ('  Buffers: shared hit=2',), ('Planning Time: 0.024 ms',), ('Execution Time: 0.018 ms',)]"
202,No Index,0.00030260086059570314,"[('Index Scan using uniq_user_app_email on user_app  (cost=0.38..8.39 rows=1 width=2088) (actual time=0.007..0.009 rows=1 loops=1)',), (""  Index Cond: ((email)::text = 'ccrljwakfg@example.com'::text)"",), ('  Buffers: shared hit=4',), ('Planning Time: 0.020 ms',), ('Execution Time: 0.021 ms',)]"
202,BTREE,0.000309443473815918,"[('Index Scan using idx_email_btree on user_app  (cost=0.12..8.14 rows=1 width=2088) (actual time=0.009..0.013 rows=1 loops=1)',), (""  Index Cond: ((email)::text = 'fkgfvqglrl@example.com'::text)"",), ('  Buffers: shared hit=2',), ('Planning Time: 0.039 ms',), ('Execution Time: 0.029 ms',)]"
202,HASH,0.0002718687057495117,"[('Index Scan using idx_email_hash on user_app  (cost=0.00..8.02 rows=1 width=2088) (actual time=0.004..0.006 rows=1 loops=1)',), (""  Index Cond: ((email)::text = 'wchxaesocg@example.com'::text)"",), ('  Buffers: shared hit=2',), ('Planning Time: 0.018 ms',), ('Execution Time: 0.016 ms',)]"
203,No Index,0.000638270378112793,"[('Index Scan using uniq_user_app_email on user_app  (cost=0.38..8.39 rows=1 width=2088) (actual time=0.020..0.025 rows=1 loops=1)',), (""  Index Cond: ((email)::text = 'bkqrukwlal@example.com'::text)"",), ('  Buffers: shared hit=4',), ('Planning Time: 0.057 ms',), ('Execution Time: 0.048 ms',)]"
203,BTREE,0.0002619028091430664,"[('Index Scan using idx_email_btree on user_app  (cost=0.12..8.14 rows=1 width=2088) (actual time=0.005..0.008 rows=1 loops=1)',), (""  Index Cond: ((email)::text = 'gphvgkduic@example.com'::text)"",), ('  Buffers: shared hit=2',), ('Planning Time: 0.020 ms',), ('Execution Time: 0.018 ms',)]"
203,HASH,0.0002699613571166992,"[('Index Scan using idx_email_hash on user_app  (cost=0.00..8.02 rows=1 width=2088) (actual time=0.004..0.006 rows=1 loops=1)',), (""  Index Cond: ((email)::text = 'bkoeaisuql@example.com'::text)"",), ('  Buffers: shared hit=2',), ('Planning Time: 0.019 ms',), ('Execution Time: 0.016 ms',)]"
204,No Index,0.0004891395568847656,"[('Index Scan using uniq_user_app_email on user_app  (cost=0.38..8.39 rows=1 width=2088) (actual time=0.018..0.022 rows=1 loops=1)',), (""  Index Cond: ((email)::text = 'hbrhrwgggq@example.com'::text)"",), ('  Buffers: shared hit=4',), ('Planning Time: 0.046 ms',), ('Execution Time: 0.042 ms',)]"
204,BTREE,0.00029571056365966796,"[('Index Scan using idx_email_btree on user_app  (cost=0.12..8.14 rows=1 width=2088) (actual time=0.005..0.008 rows=1 loops=1)',), (""  Index Cond: ((email)::text = 'hmmezkbpfc@example.com'::text)"",), ('  Buffers: shared hit=2',), ('Planning Time: 0.019 ms',), ('Execution Time: 0.018 ms',)]"
204,HASH,0.0002884864807128906,"[('Index Scan using idx_email_hash on user_app  (cost=0.00..8.02 rows=1 width=2088) (actual time=0.005..0.008 rows=1 loops=1)',), (""  Index Cond: ((email)::text = 'gcsgrvzndw@example.com'::text)"",), ('  Buffers: shared hit=2',), ('Planning Time: 0.023 ms',), ('Execution Time: 0.019 ms',)]"
205,No Index,0.0002547264099121094,"[('Index Scan using uniq_user_app_email on user_app  (cost=0.38..8.39 rows=1 width=2088) (actual time=0.007..0.010 rows=1 loops=1)',), (""  Index Cond: ((email)::text = 'ebxohwcaty@example.com'::text)"",), ('  Buffers: shared hit=4',), ('Planning Time: 0.017 ms',), ('Execution Time: 0.020 ms',)]"
205,BTREE,0.0008302927017211914,"[('Index Scan using idx_email_btree on user_app  (cost=0.12..8.14 rows=1 width=2088) (actual time=0.014..0.019 rows=1 loops=1)',), (""  Index Cond: ((email)::text = 'gmlvcksmxy@example.com'::text)"",), ('  Buffers: shared hit=2',), ('Planning Time: 0.063 ms',), ('Execution Time: 0.041 ms',)]"
205,HASH,0.0006678581237792968,"[('Index Scan using idx_email_hash on user_app  (cost=0.00..8.02 rows=1 width=2088) (actual time=0.011..0.016 rows=1 loops=1)',), (""  Index Cond: ((email)::text = 'gjqnezccrs@example.com'::text)"",), ('  Buffers: shared hit=2',), ('Planning Time: 0.062 ms',), ('Execution Time: 0.038 ms',)]"
206,No Index,0.0002593994140625,"[('Index Scan using uniq_user_app_email on user_app  (cost=0.38..8.39 rows=1 width=2088) (actual time=0.007..0.010 rows=1 loops=1)',), (""  Index Cond: ((email)::text = 'jquylhzyax@example.com'::text)"",), ('  Buffers: shared hit=4',), ('Planning Time: 0.018 ms',), ('Execution Time: 0.021 ms',)]"
206,BTREE,0.00019502639770507812,"[('Index Scan using idx_email_btree on user_app  (cost=0.12..8.14 rows=1 width=2088) (actual time=0.005..0.007 rows=1 loops=1)',), (""  Index Cond: ((email)::text = 'eohznjkgqt@example.com'::text)"",), ('  Buffers: shared hit=2',), ('Planning Time: 0.019 ms',), ('Execution Time: 0.018 ms',)]"
206,HASH,0.0006543397903442383,"[('Index Scan using idx_email_hash on user_app  (cost=0.00..8.02 rows=1 width=2088) (actual time=0.011..0.016 rows=1 loops=1)',), (""  Index Cond: ((email)::text = 'rwupjmomdm@example.com'::text)"",), ('  Buffers: shared hit=2',), ('Planning Time: 0.057 ms',), ('Execution Time: 0.036 ms',)]"
207,No Index,0.0004431009292602539,"[('Index Scan using uniq_user_app_email on user_app  (cost=0.38..8.39 rows=1 width=2088) (actual time=0.014..0.018 rows=1 loops=1)',), (""  Index Cond: ((email)::text = 'ldyppadhpt@example.com'::text)"",), ('  Buffers: shared hit=4',), ('Planning Time: 0.038 ms',), ('Execution Time: 0.036 ms',)]"
207,BTREE,0.0002780914306640625,"[('Index Scan using idx_email_btree on user_app  (cost=0.12..8.14 rows=1 width=2088) (actual time=0.006..0.008 rows=1 loops=1)',), (""  Index Cond: ((email)::text = 'bahytvfmta@example.com'::text)"",), ('  Buffers: shared hit=2',), ('Planning Time: 0.024 ms',), ('Execution Time: 0.020 ms',)]"
207,HASH,0.0002524852752685547,"[('Index Scan using idx_email_hash on user_app  (cost=0.00..8.02 rows=1 width=2088) (actual time=0.004..0.006 rows=1 loops=1)',), (""  Index Cond: ((email)::text = 'jbogqeakik@example.com'::text)"",), ('  Buffers: shared hit=2',), ('Planning Time: 0.019 ms',), ('Execution Time: 0.017 ms',)]"
208,No Index,0.000706624984741211,"[('Index Scan using uniq_user_app_email on user_app  (cost=0.38..8.39 rows=1 width=2088) (actual time=0.021..0.026 rows=1 loops=1)',), (""  Index Cond: ((email)::text = 'lwaejqqpuc@example.com'::text)"",), ('  Buffers: shared hit=4',), ('Planning Time: 0.057 ms',), ('Execution Time: 0.048 ms',)]"
208,BTREE,0.00019593238830566405,"[('Index Scan using idx_email_btree on user_app  (cost=0.12..8.14 rows=1 width=2088) (actual time=0.005..0.008 rows=1 loops=1)',), (""  Index Cond: ((email)::text = 'cubdyupuwq@example.com'::text)"",), ('  Buffers: shared hit=2',), ('Planning Time: 0.019 ms',), ('Execution Time: 0.018 ms',)]"
208,HASH,0.00027315616607666017,"[('Index Scan using idx_email_hash on user_app  (cost=0.00..8.02 rows=1 width=2088) (actual time=0.005..0.008 rows=1 loops=1)',), (""  Index Cond: ((email)::text = 'utlfpwqaci@example.com'::text)"",), ('  Buffers: shared hit=2',), ('Planning Time: 0.021 ms',), ('Execution Time: 0.021 ms',)]"
209,No Index,0.0002561807632446289,"[('Index Scan using uniq_user_app_email on user_app  (cost=0.38..8.39 rows=1 width=2088) (actual time=0.007..0.009 rows=1 loops=1)',), (""  Index Cond: ((email)::text = 'cdpodckccr@example.com'::text)"",), ('  Buffers: shared hit=4',), ('Planning Time: 0.019 ms',), ('Execution Time: 0.020 ms',)]"
209,BTREE,0.0002545595169067383,"[('Index Scan using idx_email_btree on user_app  (cost=0.12..8.14 rows=1 width=2088) (actual time=0.005..0.008 rows=1 loops=1)',), (""  Index Cond: ((email)::text = 'wyxmnbxgau@example.com'::text)"",), ('  Buffers: shared hit=2',), ('Planning Time: 0.022 ms',), ('Execution Time: 0.018 ms',)]"
209,HASH,0.00026841163635253905,"[('Index Scan using idx_email_hash on user_app  (cost=0.00..8.02 rows=1 width=2088) (actual time=0.003..0.006 rows=1 loops=1)',), (""  Index Cond: ((email)::text = 'pjzbugmnlp@example.com'::text)"",), ('  Buffers: shared hit=2',), ('Planning Time: 0.019 ms',), ('Execution Time: 0.015 ms',)]"
210,No Index,0.0006731271743774414,"[('Index Scan using uniq_user_app_email on user_app  (cost=0.38..8.39 rows=1 width=2088) (actual time=0.018..0.023 rows=1 loops=1)',), (""  Index Cond: ((email)::text = 'ijirtpsbql@example.com'::text)"",), ('  Buffers: shared hit=4',), ('Planning Time: 0.052 ms',), ('Execution Time: 0.045 ms',)]"
210,BTREE,0.00018410682678222657,"[('Index Scan using idx_email_btree on user_app  (cost=0.12..8.14 rows=1 width=2088) (actual time=0.004..0.007 rows=1 loops=1)',), (""  Index Cond: ((email)::text = 'otnrsofvaw@example.com'::text)"",), ('  Buffers: shared hit=2',), ('Planning Time: 0.019 ms',), ('Execution Time: 0.016 ms',)]"
210,HASH,0.0002573251724243164,"[('Index Scan using idx_email_hash on user_app  (cost=0.00..8.02 rows=1 width=2088) (actual time=0.005..0.007 rows=1 loops=1)',), (""  Index Cond: ((email)::text = 'plkpwgtnef@example.com'::text)"",), ('  Buffers: shared hit=2',), ('Planning Time: 0.022 ms',), ('Execution Time: 0.018 ms',)]"
211,No Index,0.0002611637115478516,"[('Index Scan using uniq_user_app_email on user_app  (cost=0.38..8.39 rows=1 width=2088) (actual time=0.007..0.009 rows=1 loops=1)',), (""  Index Cond: ((email)::text = 'gpeqtrjpwf@example.com'::text)"",), ('  Buffers: shared hit=4',), ('Planning Time: 0.017 ms',), ('Execution Time: 0.020 ms',)]"
211,BTREE,0.0002824068069458008,"[('Index Scan using idx_email_btree on user_app  (cost=0.12..8.14 rows=1 width=2088) (actual time=0.006..0.009 rows=1 loops=1)',), (""  Index Cond: ((email)::text = 'ntusnodhov@example.com'::text)"",), ('  Buffers: shared hit=2',), ('Planning Time: 0.026 ms',), ('Execution Time: 0.019 ms',)]"
211,HASH,0.0004797458648681641,"[('Index Scan using idx_email_hash on user_app  (cost=0.00..8.02 rows=1 width=2088) (actual time=0.009..0.012 rows=1 loops=1)',), (""  Index Cond: ((email)::text = 'rslijjovmf@example.com'::text)"",), ('  Buffers: shared hit=2',), ('Planning Time: 0.049 ms',), ('Execution Time: 0.030 ms',)]"
212,No Index,0.0005608797073364258,"[('Index Scan using uniq_user_app_email on user_app  (cost=0.38..8.39 rows=1 width=2088) (actual time=0.023..0.027 rows=1 loops=1)',), (""  Index Cond: ((email)::text = 'khwdcpkbyu@example.com'::text)"",), ('  Buffers: shared hit=4',), ('Planning Time: 0.058 ms',), ('Execution Time: 0.050 ms',)]"
212,BTREE,0.000244140625,"[('Index Scan using idx_email_btree on user_app  (cost=0.12..8.14 rows=1 width=2088) (actual time=0.004..0.007 rows=1 loops=1)',), (""  Index Cond: ((email)::text = 'zzfzmzlofa@example.com'::text)"",), ('  Buffers: shared hit=2',), ('Planning Time: 0.019 ms',), ('Execution Time: 0.017 ms',)]"
212,HASH,0.00035202503204345703,"[('Index Scan using idx_email_hash on user_app  (cost=0.00..8.02 rows=1 width=2088) (actual time=0.004..0.007 rows=1 loops=1)',), (""  Index Cond: ((email)::text = 'rcjevllazg@example.com'::text)"",), ('  Buffers: shared hit=2',), ('Planning Time: 0.020 ms',), ('Execution Time: 0.017 ms',)]"
213,No Index,0.000315093994140625,"[('Index Scan using uniq_user_app_email on user_app  (cost=0.38..8.39 rows=1 width=2088) (actual time=0.008..0.011 rows=1 loops=1)',), (""  Index Cond: ((email)::text = 'brlmsywrzc@example.com'::text)"",), ('  Buffers: shared hit=4',), ('Planning Time: 0.019 ms',), ('Execution Time: 0.022 ms',)]"
213,BTREE,0.0004905462265014648,"[('Index Scan using idx_email_btree on user_app  (cost=0.12..8.14 rows=1 width=2088) (actual time=0.012..0.016 rows=1 loops=1)',), (""  Index Cond: ((email)::text = 'lnetbbqjwd@example.com'::text)"",), ('  Buffers: shared hit=2',), ('Planning Time: 0.051 ms',), ('Execution Time: 0.035 ms',)]"
213,HASH,0.0002488136291503906,"[('Index Scan using idx_email_hash on user_app  (cost=0.00..8.02 rows=1 width=2088) (actual time=0.004..0.007 rows=1 loops=1)',), (""  Index Cond: ((email)::text = 'otfkpsjwvq@example.com'::text)"",), ('  Buffers: shared hit=2',), ('Planning Time: 0.022 ms',), ('Execution Time: 0.018 ms',)]"
214,No Index,0.0002538442611694336,"[('Index Scan using uniq_user_app_email on user_app  (cost=0.38..8.39 rows=1 width=2088) (actual time=0.006..0.008 rows=1 loops=1)',), (""  Index Cond: ((email)::text = 'psrjlfipuc@example.com'::text)"",), ('  Buffers: shared hit=4',), ('Planning Time: 0.017 ms',), ('Execution Time: 0.019 ms',)]"
214,BTREE,0.0002110004425048828,"[('Index Scan using idx_email_btree on user_app  (cost=0.12..8.14 rows=1 width=2088) (actual time=0.006..0.008 rows=1 loops=1)',), (""  Index Cond: ((email)::text = 'wnailfnwye@example.com'::text)"",), ('  Buffers: shared hit=2',), ('Planning Time: 0.025 ms',), ('Execution Time: 0.019 ms',)]"
214,HASH,0.0002567529678344727,"[('Index Scan using idx_email_hash on user_app  (cost=0.00..8.02 rows=1 width=2088) (actual time=0.004..0.007 rows=1 loops=1)',), (""  Index Cond: ((email)::text = 'ztdkryipfi@example.com'::text)"",), ('  Buffers: shared hit=2',), ('Planning Time: 0.020 ms',), ('Execution Time: 0.018 ms',)]"
215,No Index,0.00036869049072265627,"[('Index Scan using uniq_user_app_email on user_app  (cost=0.38..8.39 rows=1 width=2088) (actual time=0.009..0.012 rows=1 loops=1)',), (""  Index Cond: ((email)::text = 'ywcofihgcc@example.com'::text)"",), ('  Buffers: shared hit=4',), ('Planning Time: 0.026 ms',), ('Execution Time: 0.022 ms',)]"
215,BTREE,0.0003837108612060547,"[('Index Scan using idx_email_btree on user_app  (cost=0.12..8.14 rows=1 width=2088) (actual time=0.009..0.013 rows=1 loops=1)',), (""  Index Cond: ((email)::text = 'dajjxpcwje@example.com'::text)"",), ('  Buffers: shared hit=2',), ('Planning Time: 0.038 ms',), ('Execution Time: 0.026 ms',)]"
215,HASH,0.0001949787139892578,"[('Index Scan using idx_email_hash on user_app  (cost=0.00..8.02 rows=1 width=2088) (actual time=0.004..0.006 rows=1 loops=1)',), (""  Index Cond: ((email)::text = 'wzelagidnm@example.com'::text)"",), ('  Buffers: shared hit=2',), ('Planning Time: 0.019 ms',), ('Execution Time: 0.016 ms',)]"
216,No Index,0.0002895355224609375,"[('Index Scan using uniq_user_app_email on user_app  (cost=0.38..8.39 rows=1 width=2088) (actual time=0.007..0.011 rows=1 loops=1)',), (""  Index Cond: ((email)::text = 'aobfkxdakk@example.com'::text)"",), ('  Buffers: shared hit=4',), ('Planning Time: 0.024 ms',), ('Execution Time: 0.019 ms',)]"
216,BTREE,0.0004741668701171875,"[('Index Scan using idx_email_btree on user_app  (cost=0.12..8.14 rows=1 width=2088) (actual time=0.011..0.015 rows=1 loops=1)',), (""  Index Cond: ((email)::text = 'kzobskvexn@example.com'::text)"",), ('  Buffers: shared hit=2',), ('Planning Time: 0.051 ms',), ('Execution Time: 0.036 ms',)]"
216,HASH,0.0002563238143920898,"[('Index Scan using idx_email_hash on user_app  (cost=0.00..8.02 rows=1 width=2088) (actual time=0.006..0.009 rows=1 loops=1)',), (""  Index Cond: ((email)::text = 'sdlllezkem@example.com'::text)"",), ('  Buffers: shared hit=2',), ('Planning Time: 0.024 ms',), ('Execution Time: 0.019 ms',)]"
217,No Index,0.0003067970275878906,"[('Index Scan using uniq_user_app_email on user_app  (cost=0.38..8.39 rows=1 width=2088) (actual time=0.014..0.018 rows=1 loops=1)',), (""  Index Cond: ((email)::text = 'tredrooawm@example.com'::text)"",), ('  Buffers: shared hit=4',), ('Planning Time: 0.036 ms',), ('Execution Time: 0.034 ms',)]"
217,BTREE,0.00019321441650390624,"[('Index Scan using idx_email_btree on user_app  (cost=0.12..8.14 rows=1 width=2088) (actual time=0.005..0.008 rows=1 loops=1)',), (""  Index Cond: ((email)::text = 'lorpbrabwa@example.com'::text)"",), ('  Buffers: shared hit=2',), ('Planning Time: 0.019 ms',), ('Execution Time: 0.017 ms',)]"
217,HASH,0.00020551681518554688,"[('Index Scan using idx_email_hash on user_app  (cost=0.00..8.02 rows=1 width=2088) (actual time=0.004..0.007 rows=1 loops=1)',), (""  Index Cond: ((email)::text = 'tcfspnkjel@example.com'::text)"",), ('  Buffers: shared hit=2',), ('Planning Time: 0.019 ms',), ('Execution Time: 0.017 ms',)]"
218,No Index,0.0002506017684936523,"[('Index Scan using uniq_user_app_email on user_app  (cost=0.38..8.39 rows=1 width=2088) (actual time=0.007..0.010 rows=1 loops=1)',), (""  Index Cond: ((email)::text = 'tuzhrutoau@example.com'::text)"",), ('  Buffers: shared hit=4',), ('Planning Time: 0.017 ms',), ('Execution Time: 0.019 ms',)]"
218,BTREE,0.0002756834030151367,"[('Index Scan using idx_email_btree on user_app  (cost=0.12..8.14 rows=1 width=2088) (actual time=0.006..0.008 rows=1 loops=1)',), (""  Index Cond: ((email)::text = 'jlbhrjloxv@example.com'::text)"",), ('  Buffers: shared hit=2',), ('Planning Time: 0.023 ms',), ('Execution Time: 0.020 ms',)]"
218,HASH,0.00026977062225341797,"[('Index Scan using idx_email_hash on user_app  (cost=0.00..8.02 rows=1 width=2088) (actual time=0.005..0.008 rows=1 loops=1)',), (""  Index Cond: ((email)::text = 'lplfrdgqwr@example.com'::text)"",), ('  Buffers: shared hit=2',), ('Planning Time: 0.023 ms',), ('Execution Time: 0.018 ms',)]"
219,No Index,0.0002512931823730469,"[('Index Scan using uniq_user_app_email on user_app  (cost=0.38..8.39 rows=1 width=2088) (actual time=0.007..0.009 rows=1 loops=1)',), (""  Index Cond: ((email)::text = 'qhzptazjor@example.com'::text)"",), ('  Buffers: shared hit=4',), ('Planning Time: 0.017 ms',), ('Execution Time: 0.020 ms',)]"
219,BTREE,0.0006589412689208985,"[('Index Scan using idx_email_btree on user_app  (cost=0.12..8.14 rows=1 width=2088) (actual time=0.015..0.019 rows=1 loops=1)',), (""  Index Cond: ((email)::text = 'fuydsttrfb@example.com'::text)"",), ('  Buffers: shared hit=2',), ('Planning Time: 0.064 ms',), ('Execution Time: 0.042 ms',)]"
219,HASH,0.0006888628005981446,"[('Index Scan using idx_email_hash on user_app  (cost=0.00..8.02 rows=1 width=2088) (actual time=0.013..0.017 rows=1 loops=1)',), (""  Index Cond: ((email)::text = 'jlsibfsjqn@example.com'::text)"",), ('  Buffers: shared hit=2',), ('Planning Time: 0.072 ms',), ('Execution Time: 0.039 ms',)]"
220,No Index,0.0002815485000610352,"[('Index Scan using uniq_user_app_email on user_app  (cost=0.38..8.39 rows=1 width=2088) (actual time=0.006..0.009 rows=1 loops=1)',), (""  Index Cond: ((email)::text = 'vperiupgob@example.com'::text)"",), ('  Buffers: shared hit=4',), ('Planning Time: 0.017 ms',), ('Execution Time: 0.019 ms',)]"
220,BTREE,0.00022153854370117189,"[('Index Scan using idx_email_btree on user_app  (cost=0.12..8.14 rows=1 width=2088) (actual time=0.008..0.011 rows=1 loops=1)',), (""  Index Cond: ((email)::text = 'ptwvpzdqei@example.com'::text)"",), ('  Buffers: shared hit=2',), ('Planning Time: 0.033 ms',), ('Execution Time: 0.023 ms',)]"
220,HASH,0.0005658388137817383,"[('Index Scan using idx_email_hash on user_app  (cost=0.00..8.02 rows=1 width=2088) (actual time=0.030..0.035 rows=1 loops=1)',), (""  Index Cond: ((email)::text = 'vperiupgob@example.com'::text)"",), ('  Buffers: shared hit=2',), ('Planning Time: 0.045 ms',), ('Execution Time: 0.051 ms',)]"
221,No Index,0.0002806425094604492,"[('Index Scan using uniq_user_app_email on user_app  (cost=0.38..8.39 rows=1 width=2088) (actual time=0.012..0.015 rows=1 loops=1)',), (""  Index Cond: ((email)::text = 'guudjmtgas@example.com'::text)"",), ('  Buffers: shared hit=4',), ('Planning Time: 0.033 ms',), ('Execution Time: 0.028 ms',)]"
221,BTREE,0.0002457141876220703,"[('Index Scan using idx_email_btree on user_app  (cost=0.12..8.14 rows=1 width=2088) (actual time=0.005..0.007 rows=1 loops=1)',), (""  Index Cond: ((email)::text = 'ouzrfqvukf@example.com'::text)"",), ('  Buffers: shared hit=2',), ('Planning Time: 0.019 ms',), ('Execution Time: 0.017 ms',)]"
221,HASH,0.000602889060974121,"[('Index Scan using idx_email_hash on user_app  (cost=0.00..8.02 rows=1 width=2088) (actual time=0.012..0.017 rows=1 loops=1)',), (""  Index Cond: ((email)::text = 'wwnajslakc@example.com'::text)"",), ('  Buffers: shared hit=2',), ('Planning Time: 0.063 ms',), ('Execution Time: 0.039 ms',)]"
222,No Index,0.0002871274948120117,"[('Index Scan using uniq_user_app_email on user_app  (cost=0.38..8.39 rows=1 width=2088) (actual time=0.008..0.010 rows=1 loops=1)',), (""  Index Cond: ((email)::text = 'grcxkbdluu@example.com'::text)"",), ('  Buffers: shared hit=4',), ('Planning Time: 0.021 ms',), ('Execution Time: 0.022 ms',)]"
222,BTREE,0.0002695322036743164,"[('Index Scan using idx_email_btree on user_app  (cost=0.12..8.14 rows=1 width=2088) (actual time=0.006..0.010 rows=1 loops=1)',), (""  Index Cond: ((email)::text = 'jgcniudxpg@example.com'::text)"",), ('  Buffers: shared hit=2',), ('Planning Time: 0.023 ms',), ('Execution Time: 0.019 ms',)]"
222,HASH,0.00025360584259033204,"[('Index Scan using idx_email_hash on user_app  (cost=0.00..8.02 rows=1 width=2088) (actual time=0.004..0.007 rows=1 loops=1)',), (""  Index Cond: ((email)::text = 'hismkfzzps@example.com'::text)"",), ('  Buffers: shared hit=2',), ('Planning Time: 0.023 ms',), ('Execution Time: 0.017 ms',)]"
223,No Index,0.00019669532775878906,"[('Index Scan using uniq_user_app_email on user_app  (cost=0.38..8.39 rows=1 width=2088) (actual time=0.007..0.009 rows=1 loops=1)',), (""  Index Cond: ((email)::text = 'aojjpvupft@example.com'::text)"",), ('  Buffers: shared hit=4',), ('Planning Time: 0.017 ms',), ('Execution Time: 0.021 ms',)]"
223,BTREE,0.0002800464630126953,"[('Index Scan using idx_email_btree on user_app  (cost=0.12..8.14 rows=1 width=2088) (actual time=0.005..0.008 rows=1 loops=1)',), (""  Index Cond: ((email)::text = 'sucuyvnqud@example.com'::text)"",), ('  Buffers: shared hit=2',), ('Planning Time: 0.019 ms',), ('Execution Time: 0.018 ms',)]"
223,HASH,0.0004730224609375,"[('Index Scan using idx_email_hash on user_app  (cost=0.00..8.02 rows=1 width=2088) (actual time=0.009..0.014 rows=1 loops=1)',), (""  Index Cond: ((email)::text = 'hpzhiyyhnk@example.com'::text)"",), ('  Buffers: shared hit=2',), ('Planning Time: 0.050 ms',), ('Execution Time: 0.033 ms',)]"
224,No Index,0.00028810501098632815,"[('Index Scan using uniq_user_app_email on user_app  (cost=0.38..8.39 rows=1 width=2088) (actual time=0.008..0.011 rows=1 loops=1)',), (""  Index Cond: ((email)::text = 'xmzglxtshs@example.com'::text)"",), ('  Buffers: shared hit=4',), ('Planning Time: 0.022 ms',), ('Execution Time: 0.022 ms',)]"
224,BTREE,0.00025887489318847655,"[('Index Scan using idx_email_btree on user_app  (cost=0.12..8.14 rows=1 width=2088) (actual time=0.006..0.009 rows=1 loops=1)',), (""  Index Cond: ((email)::text = 'hlixuaxmdh@example.com'::text)"",), ('  Buffers: shared hit=2',), ('Planning Time: 0.023 ms',), ('Execution Time: 0.020 ms',)]"
224,HASH,0.0002553224563598633,"[('Index Scan using idx_email_hash on user_app  (cost=0.00..8.02 rows=1 width=2088) (actual time=0.004..0.007 rows=1 loops=1)',), (""  Index Cond: ((email)::text = 'qhcmpxpciv@example.com'::text)"",), ('  Buffers: shared hit=2',), ('Planning Time: 0.019 ms',), ('Execution Time: 0.016 ms',)]"
225,No Index,0.00028984546661376954,"[('Index Scan using uniq_user_app_email on user_app  (cost=0.38..8.39 rows=1 width=2088) (actual time=0.008..0.011 rows=1 loops=1)',), (""  Index Cond: ((email)::text = 'zazlkaxflj@example.com'::text)"",), ('  Buffers: shared hit=4',), ('Planning Time: 0.021 ms',), ('Execution Time: 0.022 ms',)]"
225,BTREE,0.0002816915512084961,"[('Index Scan using idx_email_btree on user_app  (cost=0.12..8.14 rows=1 width=2088) (actual time=0.005..0.008 rows=1 loops=1)',), (""  Index Cond: ((email)::text = 'nofclpqaur@example.com'::text)"",), ('  Buffers: shared hit=2',), ('Planning Time: 0.019 ms',), ('Execution Time: 0.018 ms',)]"
225,HASH,0.0005145072937011719,"[('Index Scan using idx_email_hash on user_app  (cost=0.00..8.02 rows=1 width=2088) (actual time=0.009..0.013 rows=1 loops=1)',), (""  Index Cond: ((email)::text = 'wyqrmjqwda@example.com'::text)"",), ('  Buffers: shared hit=2',), ('Planning Time: 0.052 ms',), ('Execution Time: 0.033 ms',)]"
226,No Index,0.00027325153350830076,"[('Index Scan using uniq_user_app_email on user_app  (cost=0.38..8.39 rows=1 width=2088) (actual time=0.008..0.012 rows=1 loops=1)',), (""  Index Cond: ((email)::text = 'wctknvxlnx@example.com'::text)"",), ('  Buffers: shared hit=4',), ('Planning Time: 0.019 ms',), ('Execution Time: 0.022 ms',)]"
226,BTREE,0.00025069713592529297,"[('Index Scan using idx_email_btree on user_app  (cost=0.12..8.14 rows=1 width=2088) (actual time=0.005..0.008 rows=1 loops=1)',), (""  Index Cond: ((email)::text = 'hewlqymbyz@example.com'::text)"",), ('  Buffers: shared hit=2',), ('Planning Time: 0.018 ms',), ('Execution Time: 0.018 ms',)]"
226,HASH,0.0002639293670654297,"[('Index Scan using idx_email_hash on user_app  (cost=0.00..8.02 rows=1 width=2088) (actual time=0.005..0.008 rows=1 loops=1)',), (""  Index Cond: ((email)::text = 'bhqacmnssv@example.com'::text)"",), ('  Buffers: shared hit=2',), ('Planning Time: 0.023 ms',), ('Execution Time: 0.019 ms',)]"
227,No Index,0.00025167465209960935,"[('Index Scan using uniq_user_app_email on user_app  (cost=0.38..8.39 rows=1 width=2088) (actual time=0.007..0.009 rows=1 loops=1)',), (""  Index Cond: ((email)::text = 'bwrmnybnbk@example.com'::text)"",), ('  Buffers: shared hit=4',), ('Planning Time: 0.017 ms',), ('Execution Time: 0.020 ms',)]"
227,BTREE,0.00035278797149658204,"[('Index Scan using idx_email_btree on user_app  (cost=0.25..8.27 rows=1 width=2088) (actual time=0.007..0.010 rows=1 loops=1)',), (""  Index Cond: ((email)::text = 'sogsipjdbo@example.com'::text)"",), ('  Buffers: shared hit=3',), ('Planning Time: 0.025 ms',), ('Execution Time: 0.022 ms',)]"
227,HASH,0.0002660512924194336,"[('Index Scan using idx_email_hash on user_app  (cost=0.00..8.02 rows=1 width=2088) (actual time=0.004..0.007 rows=1 loops=1)',), (""  Index Cond: ((email)::text = 'qbgzeccbxa@example.com'::text)"",), ('  Buffers: shared hit=2',), ('Planning Time: 0.023 ms',), ('Execution Time: 0.019 ms',)]"
228,No Index,0.00020222663879394532,"[('Index Scan using uniq_user_app_email on user_app  (cost=0.38..8.39 rows=1 width=2088) (actual time=0.007..0.010 rows=1 loops=1)',), (""  Index Cond: ((email)::text = 'wyxxgltlke@example.com'::text)"",), ('  Buffers: shared hit=4',), ('Planning Time: 0.017 ms',), ('Execution Time: 0.020 ms',)]"
228,BTREE,0.00020110607147216797,"[('Index Scan using idx_email_btree on user_app  (cost=0.25..8.27 rows=1 width=2088) (actual time=0.006..0.009 rows=1 loops=1)',), (""  Index Cond: ((email)::text = 'caedyeghaw@example.com'::text)"",), ('  Buffers: shared hit=3',), ('Planning Time: 0.023 ms',), ('Execution Time: 0.020 ms',)]"
228,HASH,0.0001947164535522461,"[('Index Scan using idx_email_hash on user_app  (cost=0.00..8.02 rows=1 width=2088) (actual time=0.004..0.007 rows=1 loops=1)',), (""  Index Cond: ((email)::text = 'ujzzfinato@example.com'::text)"",), ('  Buffers: shared hit=2',), ('Planning Time: 0.020 ms',), ('Execution Time: 0.017 ms',)]"
229,No Index,0.00033826828002929686,"[('Index Scan using uniq_user_app_email on user_app  (cost=0.38..8.39 rows=1 width=2088) (actual time=0.013..0.017 rows=1 loops=1)',), (""  Index Cond: ((email)::text = 'qoangwfjyj@example.com'::text)"",), ('  Buffers: shared hit=4',), ('Planning Time: 0.035 ms',), ('Execution Time: 0.034 ms',)]"
229,BTREE,0.000787806510925293,"[('Index Scan using idx_email_btree on user_app  (cost=0.25..8.27 rows=1 width=2088) (actual time=0.014..0.020 rows=1 loops=1)',), (""  Index Cond: ((email)::text = 'lfdzzqpxad@example.com'::text)"",), ('  Buffers: shared hit=3',), ('Planning Time: 0.061 ms',), ('Execution Time: 0.041 ms',)]"
229,HASH,0.0002799034118652344,"[('Index Scan using idx_email_hash on user_app  (cost=0.00..8.02 rows=1 width=2088) (actual time=0.005..0.007 rows=1 loops=1)',), (""  Index Cond: ((email)::text = 'eptgbdonfg@example.com'::text)"",), ('  Buffers: shared hit=2',), ('Planning Time: 0.023 ms',), ('Execution Time: 0.019 ms',)]"
230,No Index,0.00045287609100341797,"[('Index Scan using uniq_user_app_email on user_app  (cost=0.38..8.39 rows=1 width=2088) (actual time=0.007..0.010 rows=1 loops=1)',), (""  Index Cond: ((email)::text = 'xpenztkgyp@example.com'::text)"",), ('  Buffers: shared hit=4',), ('Planning Time: 0.021 ms',), ('Execution Time: 0.020 ms',)]"
230,BTREE,0.0006636142730712891,"[('Index Scan using idx_email_btree on user_app  (cost=0.25..8.27 rows=1 width=2088) (actual time=0.014..0.018 rows=1 loops=1)',), (""  Index Cond: ((email)::text = 'tsfydckajv@example.com'::text)"",), ('  Buffers: shared hit=3',), ('Planning Time: 0.057 ms',), ('Execution Time: 0.038 ms',)]"
230,HASH,0.00025069713592529297,"[('Index Scan using idx_email_hash on user_app  (cost=0.00..8.02 rows=1 width=2088) (actual time=0.005..0.008 rows=1 loops=1)',), (""  Index Cond: ((email)::text = 'yluweppqmw@example.com'::text)"",), ('  Buffers: shared hit=2',), ('Planning Time: 0.022 ms',), ('Execution Time: 0.017 ms',)]"
231,No Index,0.0002583503723144531,"[('Index Scan using uniq_user_app_email on user_app  (cost=0.38..8.39 rows=1 width=2088) (actual time=0.008..0.010 rows=1 loops=1)',), (""  Index Cond: ((email)::text = 'oqqeovnlvs@example.com'::text)"",), ('  Buffers: shared hit=4',), ('Planning Time: 0.019 ms',), ('Execution Time: 0.021 ms',)]"
231,BTREE,0.0002532005310058594,"[('Index Scan using idx_email_btree on user_app  (cost=0.25..8.27 rows=1 width=2088) (actual time=0.006..0.009 rows=1 loops=1)',), (""  Index Cond: ((email)::text = 'iqcewlviya@example.com'::text)"",), ('  Buffers: shared hit=3',), ('Planning Time: 0.022 ms',), ('Execution Time: 0.019 ms',)]"
231,HASH,0.0002552986145019531,"[('Index Scan using idx_email_hash on user_app  (cost=0.00..8.02 rows=1 width=2088) (actual time=0.004..0.007 rows=1 loops=1)',), (""  Index Cond: ((email)::text = 'uvaarupwce@example.com'::text)"",), ('  Buffers: shared hit=2',), ('Planning Time: 0.022 ms',), ('Execution Time: 0.017 ms',)]"
232,No Index,0.0002567291259765625,"[('Index Scan using uniq_user_app_email on user_app  (cost=0.38..8.39 rows=1 width=2088) (actual time=0.008..0.011 rows=1 loops=1)',), (""  Index Cond: ((email)::text = 'wngypqtsel@example.com'::text)"",), ('  Buffers: shared hit=4',), ('Planning Time: 0.019 ms',), ('Execution Time: 0.021 ms',)]"
232,BTREE,0.0002887487411499023,"[('Index Scan using idx_email_btree on user_app  (cost=0.25..8.27 rows=1 width=2088) (actual time=0.006..0.008 rows=1 loops=1)',), (""  Index Cond: ((email)::text = 'vuyuxamhsf@example.com'::text)"",), ('  Buffers: shared hit=3',), ('Planning Time: 0.021 ms',), ('Execution Time: 0.018 ms',)]"
232,HASH,0.0006175756454467774,"[('Index Scan using idx_email_hash on user_app  (cost=0.00..8.02 rows=1 width=2088) (actual time=0.011..0.016 rows=1 loops=1)',), (""  Index Cond: ((email)::text = 'uebckblosg@example.com'::text)"",), ('  Buffers: shared hit=2',), ('Planning Time: 0.062 ms',), ('Execution Time: 0.038 ms',)]"
233,No Index,0.00019528865814208985,"[('Index Scan using uniq_user_app_email on user_app  (cost=0.38..8.39 rows=1 width=2088) (actual time=0.007..0.009 rows=1 loops=1)',), (""  Index Cond: ((email)::text = 'txckjkkcia@example.com'::text)"",), ('  Buffers: shared hit=4',), ('Planning Time: 0.018 ms',), ('Execution Time: 0.019 ms',)]"
233,BTREE,0.0002589225769042969,"[('Index Scan using idx_email_btree on user_app  (cost=0.25..8.27 rows=1 width=2088) (actual time=0.005..0.009 rows=1 loops=1)',), (""  Index Cond: ((email)::text = 'knzferrgrh@example.com'::text)"",), ('  Buffers: shared hit=3',), ('Planning Time: 0.021 ms',), ('Execution Time: 0.020 ms',)]"
233,HASH,0.00025327205657958983,"[('Index Scan using idx_email_hash on user_app  (cost=0.00..8.02 rows=1 width=2088) (actual time=0.004..0.007 rows=1 loops=1)',), (""  Index Cond: ((email)::text = 'mqbglblnfg@example.com'::text)"",), ('  Buffers: shared hit=2',), ('Planning Time: 0.023 ms',), ('Execution Time: 0.018 ms',)]"
234,No Index,0.0002526760101318359,"[('Index Scan using uniq_user_app_email on user_app  (cost=0.38..8.39 rows=1 width=2088) (actual time=0.007..0.010 rows=1 loops=1)',), (""  Index Cond: ((email)::text = 'qbqvzxjewa@example.com'::text)"",), ('  Buffers: shared hit=4',), ('Planning Time: 0.019 ms',), ('Execution Time: 0.019 ms',)]"
234,BTREE,0.000259709358215332,"[('Index Scan using idx_email_btree on user_app  (cost=0.25..8.27 rows=1 width=2088) (actual time=0.006..0.010 rows=1 loops=1)',), (""  Index Cond: ((email)::text = 'lvuqgdzonl@example.com'::text)"",), ('  Buffers: shared hit=3',), ('Planning Time: 0.023 ms',), ('Execution Time: 0.021 ms',)]"
234,HASH,0.00025501251220703123,"[('Index Scan using idx_email_hash on user_app  (cost=0.00..8.02 rows=1 width=2088) (actual time=0.004..0.006 rows=1 loops=1)',), (""  Index Cond: ((email)::text = 'szsnelibzj@example.com'::text)"",), ('  Buffers: shared hit=2',), ('Planning Time: 0.023 ms',), ('Execution Time: 0.017 ms',)]"
235,No Index,0.00024669170379638673,"[('Index Scan using uniq_user_app_email on user_app  (cost=0.38..8.39 rows=1 width=2088) (actual time=0.008..0.010 rows=1 loops=1)',), (""  Index Cond: ((email)::text = 'ootrkckuoa@example.com'::text)"",), ('  Buffers: shared hit=4',), ('Planning Time: 0.017 ms',), ('Execution Time: 0.020 ms',)]"
235,BTREE,0.000267791748046875,"[('Index Scan using idx_email_btree on user_app  (cost=0.25..8.27 rows=1 width=2088) (actual time=0.004..0.007 rows=1 loops=1)',), (""  Index Cond: ((email)::text = 'yaqrnlknpi@example.com'::text)"",), ('  Buffers: shared hit=3',), ('Planning Time: 0.019 ms',), ('Execution Time: 0.017 ms',)]"
235,HASH,0.00029163360595703126,"[('Index Scan using idx_email_hash on user_app  (cost=0.00..8.02 rows=1 width=2088) (actual time=0.004..0.006 rows=1 loops=1)',), (""  Index Cond: ((email)::text = 'dxgefpmgmt@example.com'::text)"",), ('  Buffers: shared hit=2',), ('Planning Time: 0.020 ms',), ('Execution Time: 0.017 ms',)]"
236,No Index,0.0001968860626220703,"[('Index Scan using uniq_user_app_email on user_app  (cost=0.38..8.39 rows=1 width=2088) (actual time=0.007..0.009 rows=1 loops=1)',), (""  Index Cond: ((email)::text = 'nmzkikjdre@example.com'::text)"",), ('  Buffers: shared hit=4',), ('Planning Time: 0.018 ms',), ('Execution Time: 0.019 ms',)]"
236,BTREE,0.00020678043365478515,"[('Index Scan using idx_email_btree on user_app  (cost=0.25..8.27 rows=1 width=2088) (actual time=0.005..0.007 rows=1 loops=1)',), (""  Index Cond: ((email)::text = 'frzexjzzyu@example.com'::text)"",), ('  Buffers: shared hit=3',), ('Planning Time: 0.019 ms',), ('Execution Time: 0.017 ms',)]"
236,HASH,0.00025377273559570315,"[('Index Scan using idx_email_hash on user_app  (cost=0.00..8.02 rows=1 width=2088) (actual time=0.004..0.006 rows=1 loops=1)',), (""  Index Cond: ((email)::text = 'zwzrvxruzg@example.com'::text)"",), ('  Buffers: shared hit=2',), ('Planning Time: 0.020 ms',), ('Execution Time: 0.017 ms',)]"
237,No Index,0.0002960681915283203,"[('Index Scan using uniq_user_app_email on user_app  (cost=0.38..8.39 rows=1 width=2088) (actual time=0.007..0.010 rows=1 loops=1)',), (""  Index Cond: ((email)::text = 'hdipnxzuod@example.com'::text)"",), ('  Buffers: shared hit=4',), ('Planning Time: 0.018 ms',), ('Execution Time: 0.021 ms',)]"
237,BTREE,0.00020422935485839844,"[('Index Scan using idx_email_btree on user_app  (cost=0.25..8.27 rows=1 width=2088) (actual time=0.005..0.008 rows=1 loops=1)',), (""  Index Cond: ((email)::text = 'bkusjaxnta@example.com'::text)"",), ('  Buffers: shared hit=3',), ('Planning Time: 0.019 ms',), ('Execution Time: 0.019 ms',)]"
237,HASH,0.00023112297058105468,"[('Index Scan using idx_email_hash on user_app  (cost=0.00..8.02 rows=1 width=2088) (actual time=0.003..0.005 rows=1 loops=1)',), (""  Index Cond: ((email)::text = 'fwgsscyqnu@example.com'::text)"",), ('  Buffers: shared hit=2',), ('Planning Time: 0.020 ms',), ('Execution Time: 0.017 ms',)]"
238,No Index,0.00021834373474121093,"[('Index Scan using uniq_user_app_email on user_app  (cost=0.38..8.39 rows=1 width=2088) (actual time=0.023..0.026 rows=1 loops=1)',), (""  Index Cond: ((email)::text = 'woxokcvthp@example.com'::text)"",), ('  Buffers: shared hit=4',), ('Planning Time: 0.065 ms',), ('Execution Time: 0.046 ms',)]"
238,BTREE,0.0005220651626586914,"[('Index Scan using idx_email_btree on user_app  (cost=0.25..8.27 rows=1 width=2088) (actual time=0.016..0.021 rows=1 loops=1)',), (""  Index Cond: ((email)::text = 'luqlsfipbb@example.com'::text)"",), ('  Buffers: shared hit=3',), ('Planning Time: 0.062 ms',), ('Execution Time: 0.043 ms',)]"
238,HASH,0.00021710395812988282,"[('Index Scan using idx_email_hash on user_app  (cost=0.00..8.02 rows=1 width=2088) (actual time=0.004..0.007 rows=1 loops=1)',), (""  Index Cond: ((email)::text = 'ozgjuyngby@example.com'::text)"",), ('  Buffers: shared hit=2',), ('Planning Time: 0.019 ms',), ('Execution Time: 0.016 ms',)]"
239,No Index,0.000266718864440918,"[('Index Scan using uniq_user_app_email on user_app  (cost=0.38..8.39 rows=1 width=2088) (actual time=0.008..0.011 rows=1 loops=1)',), (""  Index Cond: ((email)::text = 'fkdoddaxbk@example.com'::text)"",), ('  Buffers: shared hit=4',), ('Planning Time: 0.022 ms',), ('Execution Time: 0.022 ms',)]"
239,BTREE,0.0002628803253173828,"[('Index Scan using idx_email_btree on user_app  (cost=0.25..8.27 rows=1 width=2088) (actual time=0.006..0.009 rows=1 loops=1)',), (""  Index Cond: ((email)::text = 'vfwpdkydlh@example.com'::text)"",), ('  Buffers: shared hit=3',), ('Planning Time: 0.019 ms',), ('Execution Time: 0.018 ms',)]"
239,HASH,0.00026462078094482424,"[('Index Scan using idx_email_hash on user_app  (cost=0.00..8.02 rows=1 width=2088) (actual time=0.004..0.007 rows=1 loops=1)',), (""  Index Cond: ((email)::text = 'vavhycbzty@example.com'::text)"",), ('  Buffers: shared hit=2',), ('Planning Time: 0.019 ms',), ('Execution Time: 0.017 ms',)]"
240,No Index,0.00043802261352539064,"[('Index Scan using uniq_user_app_email on user_app  (cost=0.38..8.39 rows=1 width=2088) (actual time=0.019..0.024 rows=1 loops=1)',), (""  Index Cond: ((email)::text = 'kcajiomzmf@example.com'::text)"",), ('  Buffers: shared hit=4',), ('Planning Time: 0.062 ms',), ('Execution Time: 0.046 ms',)]"
240,BTREE,0.0002778768539428711,"[('Index Scan using idx_email_btree on user_app  (cost=0.25..8.27 rows=1 width=2088) (actual time=0.006..0.008 rows=1 loops=1)',), (""  Index Cond: ((email)::text = 'piublowcni@example.com'::text)"",), ('  Buffers: shared hit=3',), ('Planning Time: 0.021 ms',), ('Execution Time: 0.019 ms',)]"
240,HASH,0.000466156005859375,"[('Index Scan using idx_email_hash on user_app  (cost=0.00..8.02 rows=1 width=2088) (actual time=0.009..0.013 rows=1 loops=1)',), (""  Index Cond: ((email)::text = 'fydgpbssov@example.com'::text)"",), ('  Buffers: shared hit=2',), ('Planning Time: 0.051 ms',), ('Execution Time: 0.032 ms',)]"
241,No Index,0.00025408267974853517,"[('Index Scan using uniq_user_app_email on user_app  (cost=0.38..8.39 rows=1 width=2088) (actual time=0.007..0.009 rows=1 loops=1)',), (""  Index Cond: ((email)::text = 'yeyftzzuxe@example.com'::text)"",), ('  Buffers: shared hit=4',), ('Planning Time: 0.017 ms',), ('Execution Time: 0.020 ms',)]"
241,BTREE,0.0002526283264160156,"[('Index Scan using idx_email_btree on user_app  (cost=0.25..8.27 rows=1 width=2088) (actual time=0.005..0.008 rows=1 loops=1)',), (""  Index Cond: ((email)::text = 'nwxldbbrpn@example.com'::text)"",), ('  Buffers: shared hit=3',), ('Planning Time: 0.019 ms',), ('Execution Time: 0.018 ms',)]"
241,HASH,0.0002646446228027344,"[('Index Scan using idx_email_hash on user_app  (cost=0.00..8.02 rows=1 width=2088) (actual time=0.005..0.008 rows=1 loops=1)',), (""  Index Cond: ((email)::text = 'afynhumaup@example.com'::text)"",), ('  Buffers: shared hit=2',), ('Planning Time: 0.022 ms',), ('Execution Time: 0.018 ms',)]"
242,No Index,0.0002688884735107422,"[('Index Scan using uniq_user_app_email on user_app  (cost=0.38..8.39 rows=1 width=2088) (actual time=0.007..0.010 rows=1 loops=1)',), (""  Index Cond: ((email)::text = 'krbmurizhq@example.com'::text)"",), ('  Buffers: shared hit=4',), ('Planning Time: 0.020 ms',), ('Execution Time: 0.021 ms',)]"
242,BTREE,0.0007677793502807618,"[('Index Scan using idx_email_btree on user_app  (cost=0.25..8.27 rows=1 width=2088) (actual time=0.016..0.021 rows=1 loops=1)',), (""  Index Cond: ((email)::text = 'uwaazpuygz@example.com'::text)"",), ('  Buffers: shared hit=3',), ('Planning Time: 0.067 ms',), ('Execution Time: 0.043 ms',)]"
242,HASH,0.0002503156661987305,"[('Index Scan using idx_email_hash on user_app  (cost=0.00..8.02 rows=1 width=2088) (actual time=0.004..0.007 rows=1 loops=1)',), (""  Index Cond: ((email)::text = 'ritmpiplkz@example.com'::text)"",), ('  Buffers: shared hit=2',), ('Planning Time: 0.018 ms',), ('Execution Time: 0.016 ms',)]"
243,No Index,0.0002476692199707031,"[('Index Scan using uniq_user_app_email on user_app  (cost=0.38..8.39 rows=1 width=2088) (actual time=0.007..0.010 rows=1 loops=1)',), (""  Index Cond: ((email)::text = 'lykbpdcuyg@example.com'::text)"",), ('  Buffers: shared hit=4',), ('Planning Time: 0.018 ms',), ('Execution Time: 0.019 ms',)]"
243,BTREE,0.00024671554565429686,"[('Index Scan using idx_email_btree on user_app  (cost=0.25..8.27 rows=1 width=2088) (actual time=0.005..0.008 rows=1 loops=1)',), (""  Index Cond: ((email)::text = 'wcxazfcwbf@example.com'::text)"",), ('  Buffers: shared hit=3',), ('Planning Time: 0.019 ms',), ('Execution Time: 0.017 ms',)]"
243,HASH,0.00019650459289550782,"[('Index Scan using idx_email_hash on user_app  (cost=0.00..8.02 rows=1 width=2088) (actual time=0.003..0.006 rows=1 loops=1)',), (""  Index Cond: ((email)::text = 'xsxzpzxxvp@example.com'::text)"",), ('  Buffers: shared hit=2',), ('Planning Time: 0.018 ms',), ('Execution Time: 0.017 ms',)]"
244,No Index,0.00025537014007568357,"[('Index Scan using uniq_user_app_email on user_app  (cost=0.38..8.39 rows=1 width=2088) (actual time=0.007..0.010 rows=1 loops=1)',), (""  Index Cond: ((email)::text = 'nhdxfhblms@example.com'::text)"",), ('  Buffers: shared hit=4',), ('Planning Time: 0.019 ms',), ('Execution Time: 0.020 ms',)]"
244,BTREE,0.0002595663070678711,"[('Index Scan using idx_email_btree on user_app  (cost=0.25..8.27 rows=1 width=2088) (actual time=0.005..0.007 rows=1 loops=1)',), (""  Index Cond: ((email)::text = 'swqhlvdxcz@example.com'::text)"",), ('  Buffers: shared hit=3',), ('Planning Time: 0.022 ms',), ('Execution Time: 0.018 ms',)]"
244,HASH,0.00025539398193359376,"[('Index Scan using idx_email_hash on user_app  (cost=0.00..8.02 rows=1 width=2088) (actual time=0.004..0.007 rows=1 loops=1)',), (""  Index Cond: ((email)::text = 'ojwngzouwi@example.com'::text)"",), ('  Buffers: shared hit=2',), ('Planning Time: 0.021 ms',), ('Execution Time: 0.017 ms',)]"
245,No Index,0.00026450157165527346,"[('Index Scan using uniq_user_app_email on user_app  (cost=0.38..8.39 rows=1 width=2088) (actual time=0.008..0.010 rows=1 loops=1)',), (""  Index Cond: ((email)::text = 'cidanmlkgl@example.com'::text)"",), ('  Buffers: shared hit=4',), ('Planning Time: 0.021 ms',), ('Execution Time: 0.021 ms',)]"
245,BTREE,0.0002628803253173828,"[('Index Scan using idx_email_btree on user_app  (cost=0.25..8.27 rows=1 width=2088) (actual time=0.006..0.009 rows=1 loops=1)',), (""  Index Cond: ((email)::text = 'lhcxmoqxol@example.com'::text)"",), ('  Buffers: shared hit=3',), ('Planning Time: 0.023 ms',), ('Execution Time: 0.020 ms',)]"
245,HASH,0.00027327537536621095,"[('Index Scan using idx_email_hash on user_app  (cost=0.00..8.02 rows=1 width=2088) (actual time=0.004..0.007 rows=1 loops=1)',), (""  Index Cond: ((email)::text = 'uojzvlwfot@example.com'::text)"",), ('  Buffers: shared hit=2',), ('Planning Time: 0.021 ms',), ('Execution Time: 0.019 ms',)]"
246,No Index,0.0004308938980102539,"[('Index Scan using uniq_user_app_email on user_app  (cost=0.38..8.39 rows=1 width=2088) (actual time=0.007..0.010 rows=1 loops=1)',), (""  Index Cond: ((email)::text = 'diczcugqgz@example.com'::text)"",), ('  Buffers: shared hit=4',), ('Planning Time: 0.021 ms',), ('Execution Time: 0.021 ms',)]"
246,BTREE,0.0002739191055297852,"[('Index Scan using idx_email_btree on user_app  (cost=0.25..8.27 rows=1 width=2088) (actual time=0.006..0.009 rows=1 loops=1)',), (""  Index Cond: ((email)::text = 'ayxkibwduz@example.com'::text)"",), ('  Buffers: shared hit=3',), ('Planning Time: 0.023 ms',), ('Execution Time: 0.020 ms',)]"
246,HASH,0.00024595260620117185,"[('Index Scan using idx_email_hash on user_app  (cost=0.00..8.02 rows=1 width=2088) (actual time=0.003..0.006 rows=1 loops=1)',), (""  Index Cond: ((email)::text = 'iogwjrgebf@example.com'::text)"",), ('  Buffers: shared hit=2',), ('Planning Time: 0.019 ms',), ('Execution Time: 0.019 ms',)]"
247,No Index,0.00019130706787109374,"[('Index Scan using uniq_user_app_email on user_app  (cost=0.38..8.39 rows=1 width=2088) (actual time=0.007..0.010 rows=1 loops=1)',), (""  Index Cond: ((email)::text = 'eyfejdzchl@example.com'::text)"",), ('  Buffers: shared hit=4',), ('Planning Time: 0.017 ms',), ('Execution Time: 0.019 ms',)]"
247,BTREE,0.0002743959426879883,"[('Index Scan using idx_email_btree on user_app  (cost=0.25..8.27 rows=1 width=2088) (actual time=0.005..0.008 rows=1 loops=1)',), (""  Index Cond: ((email)::text = 'dznqeivgdk@example.com'::text)"",), ('  Buffers: shared hit=3',), ('Planning Time: 0.020 ms',), ('Execution Time: 0.018 ms',)]"
247,HASH,0.00027031898498535155,"[('Index Scan using idx_email_hash on user_app  (cost=0.00..8.02 rows=1 width=2088) (actual time=0.005..0.007 rows=1 loops=1)',), (""  Index Cond: ((email)::text = 'xjrdcmdhqw@example.com'::text)"",), ('  Buffers: shared hit=2',), ('Planning Time: 0.023 ms',), ('Execution Time: 0.018 ms',)]"
248,No Index,0.00030758380889892576,"[('Index Scan using uniq_user_app_email on user_app  (cost=0.38..8.39 rows=1 width=2088) (actual time=0.008..0.011 rows=1 loops=1)',), (""  Index Cond: ((email)::text = 'afvoahvnkx@example.com'::text)"",), ('  Buffers: shared hit=4',), ('Planning Time: 0.021 ms',), ('Execution Time: 0.022 ms',)]"
248,BTREE,0.0006938457489013671,"[('Index Scan using idx_email_btree on user_app  (cost=0.25..8.27 rows=1 width=2088) (actual time=0.016..0.021 rows=1 loops=1)',), (""  Index Cond: ((email)::text = 'lfsyqoupph@example.com'::text)"",), ('  Buffers: shared hit=3',), ('Planning Time: 0.062 ms',), ('Execution Time: 0.043 ms',)]"
248,HASH,0.0002805233001708984,"[('Index Scan using idx_email_hash on user_app  (cost=0.00..8.02 rows=1 width=2088) (actual time=0.005..0.008 rows=1 loops=1)',), (""  Index Cond: ((email)::text = 'urfjrrvzyc@example.com'::text)"",), ('  Buffers: shared hit=2',), ('Planning Time: 0.023 ms',), ('Execution Time: 0.019 ms',)]"
249,No Index,0.0002701044082641602,"[('Index Scan using uniq_user_app_email on user_app  (cost=0.38..8.39 rows=1 width=2088) (actual time=0.008..0.011 rows=1 loops=1)',), (""  Index Cond: ((email)::text = 'gtmrsfujhq@example.com'::text)"",), ('  Buffers: shared hit=4',), ('Planning Time: 0.021 ms',), ('Execution Time: 0.022 ms',)]"
249,BTREE,0.00048499107360839845,"[('Index Scan using idx_email_btree on user_app  (cost=0.25..8.27 rows=1 width=2088) (actual time=0.015..0.019 rows=1 loops=1)',), (""  Index Cond: ((email)::text = 'skidojmabq@example.com'::text)"",), ('  Buffers: shared hit=3',), ('Planning Time: 0.063 ms',), ('Execution Time: 0.041 ms',)]"
249,HASH,0.00025448799133300783,"[('Index Scan using idx_email_hash on user_app  (cost=0.00..8.02 rows=1 width=2088) (actual time=0.004..0.006 rows=1 loops=1)',), (""  Index Cond: ((email)::text = 'okfrxqeuse@example.com'::text)"",), ('  Buffers: shared hit=2',), ('Planning Time: 0.020 ms',), ('Execution Time: 0.018 ms',)]"
250,No Index,0.00028924942016601564,"[('Index Scan using uniq_user_app_email on user_app  (cost=0.38..8.39 rows=1 width=2088) (actual time=0.008..0.011 rows=1 loops=1)',), (""  Index Cond: ((email)::text = 'yflqgwfhyn@example.com'::text)"",), ('  Buffers: shared hit=4',), ('Planning Time: 0.021 ms',), ('Execution Time: 0.022 ms',)]"
250,BTREE,0.00027284622192382815,"[('Index Scan using idx_email_btree on user_app  (cost=0.25..8.27 rows=1 width=2088) (actual time=0.006..0.009 rows=1 loops=1)',), (""  Index Cond: ((email)::text = 'jctfwnshht@example.com'::text)"",), ('  Buffers: shared hit=3',), ('Planning Time: 0.025 ms',), ('Execution Time: 0.021 ms',)]"
250,HASH,0.000693511962890625,"[('Index Scan using idx_email_hash on user_app  (cost=0.00..8.02 rows=1 width=2088) (actual time=0.011..0.016 rows=1 loops=1)',), (""  Index Cond: ((email)::text = 'jvccmslgmc@example.com'::text)"",), ('  Buffers: shared hit=2',), ('Planning Time: 0.062 ms',), ('Execution Time: 0.038 ms',)]"
251,No Index,0.00047614574432373045,"[('Index Scan using uniq_user_app_email on user_app  (cost=0.38..8.39 rows=1 width=2088) (actual time=0.017..0.021 rows=1 loops=1)',), (""  Index Cond: ((email)::text = 'xectzqibea@example.com'::text)"",), ('  Buffers: shared hit=4',), ('Planning Time: 0.046 ms',), ('Execution Time: 0.041 ms',)]"
251,BTREE,0.000759124755859375,"[('Index Scan using idx_email_btree on user_app  (cost=0.25..8.27 rows=1 width=2088) (actual time=0.021..0.026 rows=1 loops=1)',), (""  Index Cond: ((email)::text = 'boudotugpu@example.com'::text)"",), ('  Buffers: shared hit=3',), ('Planning Time: 0.079 ms',), ('Execution Time: 0.050 ms',)]"
251,HASH,0.0002958059310913086,"[('Index Scan using idx_email_hash on user_app  (cost=0.00..8.02 rows=1 width=2088) (actual time=0.011..0.014 rows=1 loops=1)',), (""  Index Cond: ((email)::text = 'ojwmgaktby@example.com'::text)"",), ('  Buffers: shared hit=2',), ('Planning Time: 0.063 ms',), ('Execution Time: 0.034 ms',)]"
252,No Index,0.0003076791763305664,"[('Index Scan using uniq_user_app_email on user_app  (cost=0.38..8.39 rows=1 width=2088) (actual time=0.009..0.012 rows=1 loops=1)',), (""  Index Cond: ((email)::text = 'tmrsbqpzpr@example.com'::text)"",), ('  Buffers: shared hit=4',), ('Planning Time: 0.027 ms',), ('Execution Time: 0.026 ms',)]"
252,BTREE,0.00019657611846923828,"[('Index Scan using idx_email_btree on user_app  (cost=0.25..8.27 rows=1 width=2088) (actual time=0.005..0.008 rows=1 loops=1)',), (""  Index Cond: ((email)::text = 'gqmtiqlndo@example.com'::text)"",), ('  Buffers: shared hit=3',), ('Planning Time: 0.019 ms',), ('Execution Time: 0.018 ms',)]"
252,HASH,0.00026180744171142576,"[('Index Scan using idx_email_hash on user_app  (cost=0.00..8.02 rows=1 width=2088) (actual time=0.004..0.007 rows=1 loops=1)',), (""  Index Cond: ((email)::text = 'iifikppmoh@example.com'::text)"",), ('  Buffers: shared hit=2',), ('Planning Time: 0.019 ms',), ('Execution Time: 0.017 ms',)]"
253,No Index,0.00027680397033691406,"[('Index Scan using uniq_user_app_email on user_app  (cost=0.38..8.39 rows=1 width=2088) (actual time=0.007..0.010 rows=1 loops=1)',), (""  Index Cond: ((email)::text = 'ryubtprhtg@example.com'::text)"",), ('  Buffers: shared hit=4',), ('Planning Time: 0.019 ms',), ('Execution Time: 0.021 ms',)]"
253,BTREE,0.0004677295684814453,"[('Index Scan using idx_email_btree on user_app  (cost=0.25..8.27 rows=1 width=2088) (actual time=0.013..0.018 rows=1 loops=1)',), (""  Index Cond: ((email)::text = 'nmevzesaxn@example.com'::text)"",), ('  Buffers: shared hit=3',), ('Planning Time: 0.050 ms',), ('Execution Time: 0.038 ms',)]"
253,HASH,0.0002821207046508789,"[('Index Scan using idx_email_hash on user_app  (cost=0.00..8.02 rows=1 width=2088) (actual time=0.005..0.007 rows=1 loops=1)',), (""  Index Cond: ((email)::text = 'owqhzjttew@example.com'::text)"",), ('  Buffers: shared hit=2',), ('Planning Time: 0.023 ms',), ('Execution Time: 0.019 ms',)]"
254,No Index,0.0002526760101318359,"[('Index Scan using uniq_user_app_email on user_app  (cost=0.38..8.39 rows=1 width=2088) (actual time=0.007..0.010 rows=1 loops=1)',), (""  Index Cond: ((email)::text = 'nncgrtzpfk@example.com'::text)"",), ('  Buffers: shared hit=4',), ('Planning Time: 0.019 ms',), ('Execution Time: 0.021 ms',)]"
254,BTREE,0.00036182403564453123,"[('Index Scan using idx_email_btree on user_app  (cost=0.25..8.27 rows=1 width=2088) (actual time=0.013..0.017 rows=1 loops=1)',), (""  Index Cond: ((email)::text = 'xbmwjlqtcj@example.com'::text)"",), ('  Buffers: shared hit=3',), ('Planning Time: 0.046 ms',), ('Execution Time: 0.033 ms',)]"
254,HASH,0.000305628776550293,"[('Index Scan using idx_email_hash on user_app  (cost=0.00..8.02 rows=1 width=2088) (actual time=0.005..0.008 rows=1 loops=1)',), (""  Index Cond: ((email)::text = 'krnjrqujxf@example.com'::text)"",), ('  Buffers: shared hit=2',), ('Planning Time: 0.023 ms',), ('Execution Time: 0.019 ms',)]"
255,No Index,0.00028421878814697263,"[('Index Scan using uniq_user_app_email on user_app  (cost=0.38..8.39 rows=1 width=2088) (actual time=0.007..0.010 rows=1 loops=1)',), (""  Index Cond: ((email)::text = 'iekoeebyzu@example.com'::text)"",), ('  Buffers: shared hit=4',), ('Planning Time: 0.019 ms',), ('Execution Time: 0.024 ms',)]"
255,BTREE,0.0004809379577636719,"[('Index Scan using idx_email_btree on user_app  (cost=0.25..8.27 rows=1 width=2088) (actual time=0.014..0.018 rows=1 loops=1)',), (""  Index Cond: ((email)::text = 'uyqxqhaftj@example.com'::text)"",), ('  Buffers: shared hit=3',), ('Planning Time: 0.050 ms',), ('Execution Time: 0.038 ms',)]"
255,HASH,0.0002614498138427734,"[('Index Scan using idx_email_hash on user_app  (cost=0.00..8.02 rows=1 width=2088) (actual time=0.004..0.007 rows=1 loops=1)',), (""  Index Cond: ((email)::text = 'merhtcwypf@example.com'::text)"",), ('  Buffers: shared hit=2',), ('Planning Time: 0.019 ms',), ('Execution Time: 0.017 ms',)]"
256,No Index,0.00045108795166015625,"[('Index Scan using uniq_user_app_email on user_app  (cost=0.38..8.39 rows=1 width=2088) (actual time=0.015..0.020 rows=1 loops=1)',), (""  Index Cond: ((email)::text = 'vrorengkef@example.com'::text)"",), ('  Buffers: shared hit=4',), ('Planning Time: 0.040 ms',), ('Execution Time: 0.037 ms',)]"
256,BTREE,0.00030407905578613283,"[('Index Scan using idx_email_btree on user_app  (cost=0.25..8.27 rows=1 width=2088) (actual time=0.010..0.014 rows=1 loops=1)',), (""  Index Cond: ((email)::text = 'oaptmibhnf@example.com'::text)"",), ('  Buffers: shared hit=3',), ('Planning Time: 0.039 ms',), ('Execution Time: 0.030 ms',)]"
256,HASH,0.00025050640106201173,"[('Index Scan using idx_email_hash on user_app  (cost=0.00..8.02 rows=1 width=2088) (actual time=0.004..0.006 rows=1 loops=1)',), (""  Index Cond: ((email)::text = 'iywooqisxg@example.com'::text)"",), ('  Buffers: shared hit=2',), ('Planning Time: 0.019 ms',), ('Execution Time: 0.017 ms',)]"
257,No Index,0.00021142959594726561,"[('Index Scan using uniq_user_app_email on user_app  (cost=0.38..8.39 rows=1 width=2088) (actual time=0.007..0.010 rows=1 loops=1)',), (""  Index Cond: ((email)::text = 'iloydiradt@example.com'::text)"",), ('  Buffers: shared hit=4',), ('Planning Time: 0.017 ms',), ('Execution Time: 0.020 ms',)]"
257,BTREE,0.00020725727081298827,"[('Index Scan using idx_email_btree on user_app  (cost=0.25..8.27 rows=1 width=2088) (actual time=0.005..0.008 rows=1 loops=1)',), (""  Index Cond: ((email)::text = 'fzwpkhfufc@example.com'::text)"",), ('  Buffers: shared hit=3',), ('Planning Time: 0.020 ms',), ('Execution Time: 0.018 ms',)]"
257,HASH,0.0001960277557373047,"[('Index Scan using idx_email_hash on user_app  (cost=0.00..8.02 rows=1 width=2088) (actual time=0.003..0.006 rows=1 loops=1)',), (""  Index Cond: ((email)::text = 'grysfbsazu@example.com'::text)"",), ('  Buffers: shared hit=2',), ('Planning Time: 0.019 ms',), ('Execution Time: 0.017 ms',)]"
258,No Index,0.00029435157775878904,"[('Index Scan using uniq_user_app_email on user_app  (cost=0.38..8.39 rows=1 width=2088) (actual time=0.008..0.011 rows=1 loops=1)',), (""  Index Cond: ((email)::text = 'tgbdaqsxxc@example.com'::text)"",), ('  Buffers: shared hit=4',), ('Planning Time: 0.021 ms',), ('Execution Time: 0.023 ms',)]"
258,BTREE,0.0002603769302368164,"[('Index Scan using idx_email_btree on user_app  (cost=0.25..8.27 rows=1 width=2088) (actual time=0.006..0.009 rows=1 loops=1)',), (""  Index Cond: ((email)::text = 'kccjcaeawt@example.com'::text)"",), ('  Buffers: shared hit=3',), ('Planning Time: 0.022 ms',), ('Execution Time: 0.020 ms',)]"
258,HASH,0.00019292831420898439,"[('Index Scan using idx_email_hash on user_app  (cost=0.00..8.02 rows=1 width=2088) (actual time=0.004..0.007 rows=1 loops=1)',), (""  Index Cond: ((email)::text = 'cebckqoqze@example.com'::text)"",), ('  Buffers: shared hit=2',), ('Planning Time: 0.019 ms',), ('Execution Time: 0.017 ms',)]"
259,No Index,0.0002575397491455078,"[('Index Scan using uniq_user_app_email on user_app  (cost=0.38..8.39 rows=1 width=2088) (actual time=0.006..0.009 rows=1 loops=1)',), (""  Index Cond: ((email)::text = 'ajpdnmwjaj@example.com'::text)"",), ('  Buffers: shared hit=4',), ('Planning Time: 0.018 ms',), ('Execution Time: 0.019 ms',)]"
259,BTREE,0.0002655029296875,"[('Index Scan using idx_email_btree on user_app  (cost=0.25..8.27 rows=1 width=2088) (actual time=0.007..0.009 rows=1 loops=1)',), (""  Index Cond: ((email)::text = 'lalytncqkf@example.com'::text)"",), ('  Buffers: shared hit=3',), ('Planning Time: 0.022 ms',), ('Execution Time: 0.020 ms',)]"
259,HASH,0.0002348184585571289,"[('Index Scan using idx_email_hash on user_app  (cost=0.00..8.02 rows=1 width=2088) (actual time=0.004..0.007 rows=1 loops=1)',), (""  Index Cond: ((email)::text = 'wftmikvxwr@example.com'::text)"",), ('  Buffers: shared hit=2',), ('Planning Time: 0.019 ms',), ('Execution Time: 0.018 ms',)]"
260,No Index,0.0002553224563598633,"[('Index Scan using uniq_user_app_email on user_app  (cost=0.38..8.39 rows=1 width=2088) (actual time=0.007..0.010 rows=1 loops=1)',), (""  Index Cond: ((email)::text = 'gkqdxpqfdc@example.com'::text)"",), ('  Buffers: shared hit=4',), ('Planning Time: 0.017 ms',), ('Execution Time: 0.020 ms',)]"
260,BTREE,0.0002770185470581055,"[('Index Scan using idx_email_btree on user_app  (cost=0.25..8.27 rows=1 width=2088) (actual time=0.007..0.009 rows=1 loops=1)',), (""  Index Cond: ((email)::text = 'gpghbncxud@example.com'::text)"",), ('  Buffers: shared hit=3',), ('Planning Time: 0.023 ms',), ('Execution Time: 0.021 ms',)]"
260,HASH,0.0002580404281616211,"[('Index Scan using idx_email_hash on user_app  (cost=0.00..8.02 rows=1 width=2088) (actual time=0.004..0.006 rows=1 loops=1)',), (""  Index Cond: ((email)::text = 'aqvpheujkq@example.com'::text)"",), ('  Buffers: shared hit=2',), ('Planning Time: 0.019 ms',), ('Execution Time: 0.016 ms',)]"
261,No Index,0.00029304027557373045,"[('Index Scan using uniq_user_app_email on user_app  (cost=0.38..8.39 rows=1 width=2088) (actual time=0.008..0.010 rows=1 loops=1)',), (""  Index Cond: ((email)::text = 'xgqqxeiibx@example.com'::text)"",), ('  Buffers: shared hit=4',), ('Planning Time: 0.021 ms',), ('Execution Time: 0.022 ms',)]"
261,BTREE,0.0002799510955810547,"[('Index Scan using idx_email_btree on user_app  (cost=0.25..8.27 rows=1 width=2088) (actual time=0.005..0.008 rows=1 loops=1)',), (""  Index Cond: ((email)::text = 'rvethmgcrg@example.com'::text)"",), ('  Buffers: shared hit=3',), ('Planning Time: 0.019 ms',), ('Execution Time: 0.017 ms',)]"
261,HASH,0.00025599002838134767,"[('Index Scan using idx_email_hash on user_app  (cost=0.00..8.02 rows=1 width=2088) (actual time=0.004..0.007 rows=1 loops=1)',), (""  Index Cond: ((email)::text = 'nahlhcvcae@example.com'::text)"",), ('  Buffers: shared hit=2',), ('Planning Time: 0.019 ms',), ('Execution Time: 0.017 ms',)]"
262,No Index,0.00028252601623535156,"[('Index Scan using uniq_user_app_email on user_app  (cost=0.38..8.39 rows=1 width=2088) (actual time=0.008..0.011 rows=1 loops=1)',), (""  Index Cond: ((email)::text = 'tpcyvfruqt@example.com'::text)"",), ('  Buffers: shared hit=4',), ('Planning Time: 0.021 ms',), ('Execution Time: 0.022 ms',)]"
262,BTREE,0.0002527952194213867,"[('Index Scan using idx_email_btree on user_app  (cost=0.25..8.27 rows=1 width=2088) (actual time=0.005..0.008 rows=1 loops=1)',), (""  Index Cond: ((email)::text = 'pogdhcfmyx@example.com'::text)"",), ('  Buffers: shared hit=3',), ('Planning Time: 0.032 ms',), ('Execution Time: 0.022 ms',)]"
262,HASH,0.0002935647964477539,"[('Index Scan using idx_email_hash on user_app  (cost=0.00..8.02 rows=1 width=2088) (actual time=0.005..0.007 rows=1 loops=1)',), (""  Index Cond: ((email)::text = 'nvxstpeoxu@example.com'::text)"",), ('  Buffers: shared hit=2',), ('Planning Time: 0.023 ms',), ('Execution Time: 0.019 ms',)]"
263,No Index,0.0002629518508911133,"[('Index Scan using uniq_user_app_email on user_app  (cost=0.38..8.39 rows=1 width=2088) (actual time=0.007..0.009 rows=1 loops=1)',), (""  Index Cond: ((email)::text = 'gauxqfhoij@example.com'::text)"",), ('  Buffers: shared hit=4',), ('Planning Time: 0.020 ms',), ('Execution Time: 0.021 ms',)]"
263,BTREE,0.0005407571792602539,"[('Index Scan using idx_email_btree on user_app  (cost=0.25..8.27 rows=1 width=2088) (actual time=0.006..0.009 rows=1 loops=1)',), (""  Index Cond: ((email)::text = 'adtlfyxzsw@example.com'::text)"",), ('  Buffers: shared hit=3',), ('Planning Time: 0.022 ms',), ('Execution Time: 0.020 ms',)]"
263,HASH,0.00026257038116455077,"[('Index Scan using idx_email_hash on user_app  (cost=0.00..8.02 rows=1 width=2088) (actual time=0.004..0.007 rows=1 loops=1)',), (""  Index Cond: ((email)::text = 'druqookffi@example.com'::text)"",), ('  Buffers: shared hit=2',), ('Planning Time: 0.022 ms',), ('Execution Time: 0.018 ms',)]"
264,No Index,0.0002982616424560547,"[('Index Scan using uniq_user_app_email on user_app  (cost=0.38..8.39 rows=1 width=2088) (actual time=0.008..0.011 rows=1 loops=1)',), (""  Index Cond: ((email)::text = 'mpogmouyjv@example.com'::text)"",), ('  Buffers: shared hit=4',), ('Planning Time: 0.021 ms',), ('Execution Time: 0.022 ms',)]"
264,BTREE,0.0002543926239013672,"[('Index Scan using idx_email_btree on user_app  (cost=0.25..8.27 rows=1 width=2088) (actual time=0.006..0.009 rows=1 loops=1)',), (""  Index Cond: ((email)::text = 'nghjqqqlfc@example.com'::text)"",), ('  Buffers: shared hit=3',), ('Planning Time: 0.026 ms',), ('Execution Time: 0.021 ms',)]"
264,HASH,0.000278782844543457,"[('Index Scan using idx_email_hash on user_app  (cost=0.00..8.02 rows=1 width=2088) (actual time=0.004..0.007 rows=1 loops=1)',), (""  Index Cond: ((email)::text = 'wvxbinbgxd@example.com'::text)"",), ('  Buffers: shared hit=2',), ('Planning Time: 0.023 ms',), ('Execution Time: 0.018 ms',)]"
265,No Index,0.0005397319793701172,"[('Index Scan using uniq_user_app_email on user_app  (cost=0.38..8.39 rows=1 width=2088) (actual time=0.021..0.026 rows=1 loops=1)',), (""  Index Cond: ((email)::text = 'splwbrtmfk@example.com'::text)"",), ('  Buffers: shared hit=4',), ('Planning Time: 0.057 ms',), ('Execution Time: 0.048 ms',)]"
265,BTREE,0.0003081321716308594,"[('Index Scan using idx_email_btree on user_app  (cost=0.25..8.27 rows=1 width=2088) (actual time=0.005..0.008 rows=1 loops=1)',), (""  Index Cond: ((email)::text = 'gjhglhnfpk@example.com'::text)"",), ('  Buffers: shared hit=3',), ('Planning Time: 0.018 ms',), ('Execution Time: 0.018 ms',)]"
265,HASH,0.0005229234695434571,"[('Index Scan using idx_email_hash on user_app  (cost=0.00..8.02 rows=1 width=2088) (actual time=0.011..0.014 rows=1 loops=1)',), (""  Index Cond: ((email)::text = 'ugelvxurtk@example.com'::text)"",), ('  Buffers: shared hit=2',), ('Planning Time: 0.050 ms',), ('Execution Time: 0.032 ms',)]"
266,No Index,0.00026416778564453125,"[('Index Scan using uniq_user_app_email on user_app  (cost=0.38..8.39 rows=1 width=2088) (actual time=0.008..0.010 rows=1 loops=1)',), (""  Index Cond: ((email)::text = 'vtygzbqoff@example.com'::text)"",), ('  Buffers: shared hit=4',), ('Planning Time: 0.019 ms',), ('Execution Time: 0.022 ms',)]"
266,BTREE,0.0006319761276245117,"[('Index Scan using idx_email_btree on user_app  (cost=0.25..8.27 rows=1 width=2088) (actual time=0.015..0.019 rows=1 loops=1)',), (""  Index Cond: ((email)::text = 'aqgdrlkylb@example.com'::text)"",), ('  Buffers: shared hit=3',), ('Planning Time: 0.062 ms',), ('Execution Time: 0.040 ms',)]"
266,HASH,0.00038967132568359377,"[('Index Scan using idx_email_hash on user_app  (cost=0.00..8.02 rows=1 width=2088) (actual time=0.004..0.006 rows=1 loops=1)',), (""  Index Cond: ((email)::text = 'nylqeqxyti@example.com'::text)"",), ('  Buffers: shared hit=2',), ('Planning Time: 0.019 ms',), ('Execution Time: 0.016 ms',)]"
267,No Index,0.00030598640441894533,"[('Index Scan using uniq_user_app_email on user_app  (cost=0.38..8.39 rows=1 width=2088) (actual time=0.008..0.011 rows=1 loops=1)',), (""  Index Cond: ((email)::text = 'gelndgrdka@example.com'::text)"",), ('  Buffers: shared hit=4',), ('Planning Time: 0.021 ms',), ('Execution Time: 0.023 ms',)]"
267,BTREE,0.00027616024017333983,"[('Index Scan using idx_email_btree on user_app  (cost=0.25..8.27 rows=1 width=2088) (actual time=0.007..0.009 rows=1 loops=1)',), (""  Index Cond: ((email)::text = 'xanztguxqr@example.com'::text)"",), ('  Buffers: shared hit=3',), ('Planning Time: 0.024 ms',), ('Execution Time: 0.020 ms',)]"
267,HASH,0.00027003288269042967,"[('Index Scan using idx_email_hash on user_app  (cost=0.00..8.02 rows=1 width=2088) (actual time=0.005..0.009 rows=1 loops=1)',), (""  Index Cond: ((email)::text = 'lfqbdeuolk@example.com'::text)"",), ('  Buffers: shared hit=2',), ('Planning Time: 0.023 ms',), ('Execution Time: 0.019 ms',)]"
268,No Index,0.0002576112747192383,"[('Index Scan using uniq_user_app_email on user_app  (cost=0.38..8.39 rows=1 width=2088) (actual time=0.007..0.009 rows=1 loops=1)',), (""  Index Cond: ((email)::text = 'fdcuigamkg@example.com'::text)"",), ('  Buffers: shared hit=4',), ('Planning Time: 0.017 ms',), ('Execution Time: 0.020 ms',)]"
268,BTREE,0.0002669095993041992,"[('Index Scan using idx_email_btree on user_app  (cost=0.25..8.27 rows=1 width=2088) (actual time=0.006..0.009 rows=1 loops=1)',), (""  Index Cond: ((email)::text = 'tzgnpdsowu@example.com'::text)"",), ('  Buffers: shared hit=3',), ('Planning Time: 0.023 ms',), ('Execution Time: 0.021 ms',)]"
268,HASH,0.0002846479415893555,"[('Index Scan using idx_email_hash on user_app  (cost=0.00..8.02 rows=1 width=2088) (actual time=0.005..0.008 rows=1 loops=1)',), (""  Index Cond: ((email)::text = 'tkhvetujrm@example.com'::text)"",), ('  Buffers: shared hit=2',), ('Planning Time: 0.022 ms',), ('Execution Time: 0.019 ms',)]"
269,No Index,0.00026092529296875,"[('Index Scan using uniq_user_app_email on user_app  (cost=0.38..8.39 rows=1 width=2088) (actual time=0.008..0.010 rows=1 loops=1)',), (""  Index Cond: ((email)::text = 'hvsnqpxrri@example.com'::text)"",), ('  Buffers: shared hit=4',), ('Planning Time: 0.024 ms',), ('Execution Time: 0.022 ms',)]"
269,BTREE,0.00026679039001464844,"[('Index Scan using idx_email_btree on user_app  (cost=0.25..8.27 rows=1 width=2088) (actual time=0.006..0.009 rows=1 loops=1)',), (""  Index Cond: ((email)::text = 'yaylyjpyad@example.com'::text)"",), ('  Buffers: shared hit=3',), ('Planning Time: 0.022 ms',), ('Execution Time: 0.020 ms',)]"
269,HASH,0.00019521713256835936,"[('Index Scan using idx_email_hash on user_app  (cost=0.00..8.02 rows=1 width=2088) (actual time=0.004..0.007 rows=1 loops=1)',), (""  Index Cond: ((email)::text = 'draolomilm@example.com'::text)"",), ('  Buffers: shared hit=2',), ('Planning Time: 0.019 ms',), ('Execution Time: 0.017 ms',)]"
270,No Index,0.0002850532531738281,"[('Index Scan using uniq_user_app_email on user_app  (cost=0.38..8.39 rows=1 width=2088) (actual time=0.006..0.009 rows=1 loops=1)',), (""  Index Cond: ((email)::text = 'tqriiamuty@example.com'::text)"",), ('  Buffers: shared hit=4',), ('Planning Time: 0.017 ms',), ('Execution Time: 0.020 ms',)]"
270,BTREE,0.0002655506134033203,"[('Index Scan using idx_email_btree on user_app  (cost=0.25..8.27 rows=1 width=2088) (actual time=0.005..0.008 rows=1 loops=1)',), (""  Index Cond: ((email)::text = 'wucigyyoau@example.com'::text)"",), ('  Buffers: shared hit=3',), ('Planning Time: 0.020 ms',), ('Execution Time: 0.018 ms',)]"
270,HASH,0.0005171775817871093,"[('Index Scan using idx_email_hash on user_app  (cost=0.00..8.02 rows=1 width=2088) (actual time=0.009..0.014 rows=1 loops=1)',), (""  Index Cond: ((email)::text = 'yrqyajjced@example.com'::text)"",), ('  Buffers: shared hit=2',), ('Planning Time: 0.050 ms',), ('Execution Time: 0.033 ms',)]"
271,No Index,0.000749969482421875,"[('Index Scan using uniq_user_app_email on user_app  (cost=0.38..8.39 rows=1 width=2088) (actual time=0.027..0.032 rows=1 loops=1)',), (""  Index Cond: ((email)::text = 'iqyztegswc@example.com'::text)"",), ('  Buffers: shared hit=4',), ('Planning Time: 0.070 ms',), ('Execution Time: 0.058 ms',)]"
271,BTREE,0.0003512859344482422,"[('Index Scan using idx_email_btree on user_app  (cost=0.25..8.27 rows=1 width=2088) (actual time=0.011..0.014 rows=1 loops=1)',), (""  Index Cond: ((email)::text = 'skybvoytmw@example.com'::text)"",), ('  Buffers: shared hit=3',), ('Planning Time: 0.039 ms',), ('Execution Time: 0.027 ms',)]"
271,HASH,0.0002673149108886719,"[('Index Scan using idx_email_hash on user_app  (cost=0.00..8.02 rows=1 width=2088) (actual time=0.004..0.007 rows=1 loops=1)',), (""  Index Cond: ((email)::text = 'exgauybryg@example.com'::text)"",), ('  Buffers: shared hit=2',), ('Planning Time: 0.019 ms',), ('Execution Time: 0.018 ms',)]"
272,No Index,0.0002529382705688477,"[('Index Scan using uniq_user_app_email on user_app  (cost=0.38..8.39 rows=1 width=2088) (actual time=0.007..0.010 rows=1 loops=1)',), (""  Index Cond: ((email)::text = 'tplkhsrjib@example.com'::text)"",), ('  Buffers: shared hit=4',), ('Planning Time: 0.017 ms',), ('Execution Time: 0.020 ms',)]"
272,BTREE,0.0002734899520874023,"[('Index Scan using idx_email_btree on user_app  (cost=0.25..8.27 rows=1 width=2088) (actual time=0.006..0.009 rows=1 loops=1)',), (""  Index Cond: ((email)::text = 'wyrshcuoso@example.com'::text)"",), ('  Buffers: shared hit=3',), ('Planning Time: 0.024 ms',), ('Execution Time: 0.020 ms',)]"
272,HASH,0.00025446414947509765,"[('Index Scan using idx_email_hash on user_app  (cost=0.00..8.02 rows=1 width=2088) (actual time=0.004..0.007 rows=1 loops=1)',), (""  Index Cond: ((email)::text = 'hdutbalwze@example.com'::text)"",), ('  Buffers: shared hit=2',), ('Planning Time: 0.021 ms',), ('Execution Time: 0.017 ms',)]"
273,No Index,0.00025501251220703123,"[('Index Scan using uniq_user_app_email on user_app  (cost=0.38..8.39 rows=1 width=2088) (actual time=0.006..0.009 rows=1 loops=1)',), (""  Index Cond: ((email)::text = 'vtvlpjgjci@example.com'::text)"",), ('  Buffers: shared hit=4',), ('Planning Time: 0.017 ms',), ('Execution Time: 0.019 ms',)]"
273,BTREE,0.00019693374633789062,"[('Index Scan using idx_email_btree on user_app  (cost=0.25..8.27 rows=1 width=2088) (actual time=0.005..0.008 rows=1 loops=1)',), (""  Index Cond: ((email)::text = 'icokjjqohd@example.com'::text)"",), ('  Buffers: shared hit=3',), ('Planning Time: 0.020 ms',), ('Execution Time: 0.019 ms',)]"
273,HASH,0.0005682468414306641,"[('Index Scan using idx_email_hash on user_app  (cost=0.00..8.02 rows=1 width=2088) (actual time=0.011..0.015 rows=1 loops=1)',), (""  Index Cond: ((email)::text = 'pjjchmwwaf@example.com'::text)"",), ('  Buffers: shared hit=2',), ('Planning Time: 0.056 ms',), ('Execution Time: 0.034 ms',)]"
274,No Index,0.0008907556533813476,"[('Index Scan using uniq_user_app_email on user_app  (cost=0.38..8.39 rows=1 width=2088) (actual time=0.029..0.034 rows=1 loops=1)',), (""  Index Cond: ((email)::text = 'axlbvhqxjv@example.com'::text)"",), ('  Buffers: shared hit=4',), ('Planning Time: 0.076 ms',), ('Execution Time: 0.060 ms',)]"
274,BTREE,0.000278162956237793,"[('Index Scan using idx_email_btree on user_app  (cost=0.25..8.27 rows=1 width=2088) (actual time=0.005..0.008 rows=1 loops=1)',), (""  Index Cond: ((email)::text = 'bwvwvhpvuv@example.com'::text)"",), ('  Buffers: shared hit=3',), ('Planning Time: 0.020 ms',), ('Execution Time: 0.018 ms',)]"
274,HASH,0.0002978801727294922,"[('Index Scan using idx_email_hash on user_app  (cost=0.00..8.02 rows=1 width=2088) (actual time=0.005..0.007 rows=1 loops=1)',), (""  Index Cond: ((email)::text = 'mfeluwteio@example.com'::text)"",), ('  Buffers: shared hit=2',), ('Planning Time: 0.022 ms',), ('Execution Time: 0.019 ms',)]"
275,No Index,0.00026049613952636717,"[('Index Scan using uniq_user_app_email on user_app  (cost=0.38..8.39 rows=1 width=2088) (actual time=0.007..0.010 rows=1 loops=1)',), (""  Index Cond: ((email)::text = 'ynemqvxeku@example.com'::text)"",), ('  Buffers: shared hit=4',), ('Planning Time: 0.020 ms',), ('Execution Time: 0.022 ms',)]"
275,BTREE,0.00025243759155273436,"[('Index Scan using idx_email_btree on user_app  (cost=0.25..8.27 rows=1 width=2088) (actual time=0.005..0.008 rows=1 loops=1)',), (""  Index Cond: ((email)::text = 'xocjummhkq@example.com'::text)"",), ('  Buffers: shared hit=3',), ('Planning Time: 0.019 ms',), ('Execution Time: 0.018 ms',)]"
275,HASH,0.000286555290222168,"[('Index Scan using idx_email_hash on user_app  (cost=0.00..8.02 rows=1 width=2088) (actual time=0.005..0.008 rows=1 loops=1)',), (""  Index Cond: ((email)::text = 'nfebwwhmmb@example.com'::text)"",), ('  Buffers: shared hit=2',), ('Planning Time: 0.023 ms',), ('Execution Time: 0.019 ms',)]"
276,No Index,0.0002532958984375,"[('Index Scan using uniq_user_app_email on user_app  (cost=0.38..8.39 rows=1 width=2088) (actual time=0.007..0.010 rows=1 loops=1)',), (""  Index Cond: ((email)::text = 'psihdlfxno@example.com'::text)"",), ('  Buffers: shared hit=4',), ('Planning Time: 0.017 ms',), ('Execution Time: 0.020 ms',)]"
276,BTREE,0.00047414302825927735,"[('Index Scan using idx_email_btree on user_app  (cost=0.25..8.27 rows=1 width=2088) (actual time=0.012..0.017 rows=1 loops=1)',), (""  Index Cond: ((email)::text = 'vgntzichul@example.com'::text)"",), ('  Buffers: shared hit=3',), ('Planning Time: 0.050 ms',), ('Execution Time: 0.036 ms',)]"
276,HASH,0.00026493072509765626,"[('Index Scan using idx_email_hash on user_app  (cost=0.00..8.02 rows=1 width=2088) (actual time=0.003..0.006 rows=1 loops=1)',), (""  Index Cond: ((email)::text = 'ltchrvrxhs@example.com'::text)"",), ('  Buffers: shared hit=2',), ('Planning Time: 0.019 ms',), ('Execution Time: 0.016 ms',)]"
277,No Index,0.0002927064895629883,"[('Index Scan using uniq_user_app_email on user_app  (cost=0.38..8.39 rows=1 width=2088) (actual time=0.007..0.009 rows=1 loops=1)',), (""  Index Cond: ((email)::text = 'kzjdsykzfo@example.com'::text)"",), ('  Buffers: shared hit=4',), ('Planning Time: 0.017 ms',), ('Execution Time: 0.019 ms',)]"
277,BTREE,0.0004748821258544922,"[('Index Scan using idx_email_btree on user_app  (cost=0.25..8.27 rows=1 width=2088) (actual time=0.013..0.017 rows=1 loops=1)',), (""  Index Cond: ((email)::text = 'prjlmlgoho@example.com'::text)"",), ('  Buffers: shared hit=3',), ('Planning Time: 0.051 ms',), ('Execution Time: 0.037 ms',)]"
277,HASH,0.0002541542053222656,"[('Index Scan using idx_email_hash on user_app  (cost=0.00..8.02 rows=1 width=2088) (actual time=0.004..0.007 rows=1 loops=1)',), (""  Index Cond: ((email)::text = 'rexypuzyqi@example.com'::text)"",), ('  Buffers: shared hit=2',), ('Planning Time: 0.019 ms',), ('Execution Time: 0.017 ms',)]"
278,No Index,0.0002850532531738281,"[('Index Scan using uniq_user_app_email on user_app  (cost=0.38..8.39 rows=1 width=2088) (actual time=0.008..0.010 rows=1 loops=1)',), (""  Index Cond: ((email)::text = 'ywdvjkfhuo@example.com'::text)"",), ('  Buffers: shared hit=4',), ('Planning Time: 0.021 ms',), ('Execution Time: 0.022 ms',)]"
278,BTREE,0.00047180652618408205,"[('Index Scan using idx_email_btree on user_app  (cost=0.25..8.27 rows=1 width=2088) (actual time=0.019..0.024 rows=1 loops=1)',), (""  Index Cond: ((email)::text = 'ncnpzvxqcj@example.com'::text)"",), ('  Buffers: shared hit=3',), ('Planning Time: 0.077 ms',), ('Execution Time: 0.048 ms',)]"
278,HASH,0.0003877401351928711,"[('Index Scan using idx_email_hash on user_app  (cost=0.00..8.02 rows=1 width=2088) (actual time=0.007..0.011 rows=1 loops=1)',), (""  Index Cond: ((email)::text = 'ncequrpbsw@example.com'::text)"",), ('  Buffers: shared hit=2',), ('Planning Time: 0.038 ms',), ('Execution Time: 0.026 ms',)]"
279,No Index,0.0002785921096801758,"[('Index Scan using uniq_user_app_email on user_app  (cost=0.38..8.39 rows=1 width=2088) (actual time=0.008..0.011 rows=1 loops=1)',), (""  Index Cond: ((email)::text = 'jjfjovculr@example.com'::text)"",), ('  Buffers: shared hit=4',), ('Planning Time: 0.022 ms',), ('Execution Time: 0.023 ms',)]"
279,BTREE,0.0002730607986450195,"[('Index Scan using idx_email_btree on user_app  (cost=0.25..8.27 rows=1 width=2088) (actual time=0.006..0.009 rows=1 loops=1)',), (""  Index Cond: ((email)::text = 'jsacqvcfks@example.com'::text)"",), ('  Buffers: shared hit=3',), ('Planning Time: 0.023 ms',), ('Execution Time: 0.021 ms',)]"
279,HASH,0.00025184154510498046,"[('Index Scan using idx_email_hash on user_app  (cost=0.00..8.02 rows=1 width=2088) (actual time=0.003..0.006 rows=1 loops=1)',), (""  Index Cond: ((email)::text = 'fokwbkyzhx@example.com'::text)"",), ('  Buffers: shared hit=2',), ('Planning Time: 0.019 ms',), ('Execution Time: 0.017 ms',)]"
280,No Index,0.000271296501159668,"[('Index Scan using uniq_user_app_email on user_app  (cost=0.38..8.39 rows=1 width=2088) (actual time=0.007..0.010 rows=1 loops=1)',), (""  Index Cond: ((email)::text = 'fhrrckqcqs@example.com'::text)"",), ('  Buffers: shared hit=4',), ('Planning Time: 0.017 ms',), ('Execution Time: 0.020 ms',)]"
280,BTREE,0.0002826690673828125,"[('Index Scan using idx_email_btree on user_app  (cost=0.25..8.27 rows=1 width=2088) (actual time=0.006..0.008 rows=1 loops=1)',), (""  Index Cond: ((email)::text = 'oxzajksjsr@example.com'::text)"",), ('  Buffers: shared hit=3',), ('Planning Time: 0.020 ms',), ('Execution Time: 0.018 ms',)]"
280,HASH,0.0006318807601928711,"[('Index Scan using idx_email_hash on user_app  (cost=0.00..8.02 rows=1 width=2088) (actual time=0.012..0.017 rows=1 loops=1)',), (""  Index Cond: ((email)::text = 'cxqzcekouz@example.com'::text)"",), ('  Buffers: shared hit=2',), ('Planning Time: 0.062 ms',), ('Execution Time: 0.039 ms',)]"
281,No Index,0.00025830268859863283,"[('Index Scan using uniq_user_app_email on user_app  (cost=0.38..8.39 rows=1 width=2088) (actual time=0.008..0.011 rows=1 loops=1)',), (""  Index Cond: ((email)::text = 'jzuwwsqynm@example.com'::text)"",), ('  Buffers: shared hit=4',), ('Planning Time: 0.022 ms',), ('Execution Time: 0.022 ms',)]"
281,BTREE,0.000278162956237793,"[('Index Scan using idx_email_btree on user_app  (cost=0.25..8.27 rows=1 width=2088) (actual time=0.006..0.010 rows=1 loops=1)',), (""  Index Cond: ((email)::text = 'wongqkbtxr@example.com'::text)"",), ('  Buffers: shared hit=3',), ('Planning Time: 0.023 ms',), ('Execution Time: 0.020 ms',)]"
281,HASH,0.00031023025512695314,"[('Index Scan using idx_email_hash on user_app  (cost=0.00..8.02 rows=1 width=2088) (actual time=0.005..0.008 rows=1 loops=1)',), (""  Index Cond: ((email)::text = 'vuphjortqf@example.com'::text)"",), ('  Buffers: shared hit=2',), ('Planning Time: 0.023 ms',), ('Execution Time: 0.019 ms',)]"
282,No Index,0.00029561519622802737,"[('Index Scan using uniq_user_app_email on user_app  (cost=0.38..8.39 rows=1 width=2088) (actual time=0.008..0.011 rows=1 loops=1)',), (""  Index Cond: ((email)::text = 'pxwoqywofz@example.com'::text)"",), ('  Buffers: shared hit=4',), ('Planning Time: 0.021 ms',), ('Execution Time: 0.022 ms',)]"
282,BTREE,0.0002821445465087891,"[('Index Scan using idx_email_btree on user_app  (cost=0.25..8.27 rows=1 width=2088) (actual time=0.005..0.008 rows=1 loops=1)',), (""  Index Cond: ((email)::text = 'jdpcdueomu@example.com'::text)"",), ('  Buffers: shared hit=3',), ('Planning Time: 0.019 ms',), ('Execution Time: 0.018 ms',)]"
282,HASH,0.00026400089263916015,"[('Index Scan using idx_email_hash on user_app  (cost=0.00..8.02 rows=1 width=2088) (actual time=0.004..0.007 rows=1 loops=1)',), (""  Index Cond: ((email)::text = 'dhjvpfgbrl@example.com'::text)"",), ('  Buffers: shared hit=2',), ('Planning Time: 0.019 ms',), ('Execution Time: 0.017 ms',)]"
283,No Index,0.00034754276275634767,"[('Index Scan using uniq_user_app_email on user_app  (cost=0.38..8.39 rows=1 width=2088) (actual time=0.013..0.017 rows=1 loops=1)',), (""  Index Cond: ((email)::text = 'undhzivvej@example.com'::text)"",), ('  Buffers: shared hit=4',), ('Planning Time: 0.036 ms',), ('Execution Time: 0.034 ms',)]"
283,BTREE,0.0003472566604614258,"[('Index Scan using idx_email_btree on user_app  (cost=0.25..8.27 rows=1 width=2088) (actual time=0.021..0.025 rows=1 loops=1)',), (""  Index Cond: ((email)::text = 'nhvebdiiya@example.com'::text)"",), ('  Buffers: shared hit=3',), ('Planning Time: 0.026 ms',), ('Execution Time: 0.036 ms',)]"
283,HASH,0.0002574443817138672,"[('Index Scan using idx_email_hash on user_app  (cost=0.00..8.02 rows=1 width=2088) (actual time=0.004..0.006 rows=1 loops=1)',), (""  Index Cond: ((email)::text = 'keqbigsttq@example.com'::text)"",), ('  Buffers: shared hit=2',), ('Planning Time: 0.019 ms',), ('Execution Time: 0.017 ms',)]"
284,No Index,0.0007820606231689453,"[('Index Scan using uniq_user_app_email on user_app  (cost=0.38..8.39 rows=1 width=2088) (actual time=0.032..0.039 rows=1 loops=1)',), (""  Index Cond: ((email)::text = 'ylwmvbdrkf@example.com'::text)"",), ('  Buffers: shared hit=4',), ('Planning Time: 0.093 ms',), ('Execution Time: 0.069 ms',)]"
284,BTREE,0.0002535343170166016,"[('Index Scan using idx_email_btree on user_app  (cost=0.25..8.27 rows=1 width=2088) (actual time=0.006..0.009 rows=1 loops=1)',), (""  Index Cond: ((email)::text = 'usafupjuqc@example.com'::text)"",), ('  Buffers: shared hit=3',), ('Planning Time: 0.020 ms',), ('Execution Time: 0.019 ms',)]"
284,HASH,0.0002515077590942383,"[('Index Scan using idx_email_hash on user_app  (cost=0.00..8.02 rows=1 width=2088) (actual time=0.004..0.006 rows=1 loops=1)',), (""  Index Cond: ((email)::text = 'ixhrxylttr@example.com'::text)"",), ('  Buffers: shared hit=2',), ('Planning Time: 0.019 ms',), ('Execution Time: 0.016 ms',)]"
285,No Index,0.0002858400344848633,"[('Index Scan using uniq_user_app_email on user_app  (cost=0.38..8.39 rows=1 width=2088) (actual time=0.007..0.009 rows=1 loops=1)',), (""  Index Cond: ((email)::text = 'nweupdqzyt@example.com'::text)"",), ('  Buffers: shared hit=4',), ('Planning Time: 0.019 ms',), ('Execution Time: 0.021 ms',)]"
285,BTREE,0.0002626657485961914,"[('Index Scan using idx_email_btree on user_app  (cost=0.25..8.27 rows=1 width=2088) (actual time=0.005..0.008 rows=1 loops=1)',), (""  Index Cond: ((email)::text = 'nweupdqzyt@example.com'::text)"",), ('  Buffers: shared hit=3',), ('Planning Time: 0.021 ms',), ('Execution Time: 0.019 ms',)]"
285,HASH,0.00026836395263671873,"[('Index Scan using idx_email_hash on user_app  (cost=0.00..8.02 rows=1 width=2088) (actual time=0.005..0.008 rows=1 loops=1)',), (""  Index Cond: ((email)::text = 'ormnipdfkq@example.com'::text)"",), ('  Buffers: shared hit=2',), ('Planning Time: 0.024 ms',), ('Execution Time: 0.019 ms',)]"
286,No Index,0.00042352676391601565,"[('Index Scan using uniq_user_app_email on user_app  (cost=0.38..8.39 rows=1 width=2088) (actual time=0.010..0.014 rows=1 loops=1)',), (""  Index Cond: ((email)::text = 'yusifrvaoa@example.com'::text)"",), ('  Buffers: shared hit=4',), ('Planning Time: 0.029 ms',), ('Execution Time: 0.026 ms',)]"
286,BTREE,0.00030765533447265627,"[('Index Scan using idx_email_btree on user_app  (cost=0.25..8.27 rows=1 width=2088) (actual time=0.006..0.009 rows=1 loops=1)',), (""  Index Cond: ((email)::text = 'rwzessdrbl@example.com'::text)"",), ('  Buffers: shared hit=3',), ('Planning Time: 0.023 ms',), ('Execution Time: 0.021 ms',)]"
286,HASH,0.0004752397537231445,"[('Index Scan using idx_email_hash on user_app  (cost=0.00..8.02 rows=1 width=2088) (actual time=0.011..0.016 rows=1 loops=1)',), (""  Index Cond: ((email)::text = 'xjmuwugeqc@example.com'::text)"",), ('  Buffers: shared hit=2',), ('Planning Time: 0.061 ms',), ('Execution Time: 0.037 ms',)]"
287,No Index,0.0002928733825683594,"[('Index Scan using uniq_user_app_email on user_app  (cost=0.38..8.39 rows=1 width=2088) (actual time=0.007..0.009 rows=1 loops=1)',), (""  Index Cond: ((email)::text = 'pczhnpmtsj@example.com'::text)"",), ('  Buffers: shared hit=4',), ('Planning Time: 0.017 ms',), ('Execution Time: 0.019 ms',)]"
287,BTREE,0.0002578258514404297,"[('Index Scan using idx_email_btree on user_app  (cost=0.25..8.27 rows=1 width=2088) (actual time=0.006..0.008 rows=1 loops=1)',), (""  Index Cond: ((email)::text = 'kxknquwntq@example.com'::text)"",), ('  Buffers: shared hit=3',), ('Planning Time: 0.022 ms',), ('Execution Time: 0.019 ms',)]"
287,HASH,0.0001941680908203125,"[('Index Scan using idx_email_hash on user_app  (cost=0.00..8.02 rows=1 width=2088) (actual time=0.004..0.008 rows=1 loops=1)',), (""  Index Cond: ((email)::text = 'rhwxvdwolj@example.com'::text)"",), ('  Buffers: shared hit=2',), ('Planning Time: 0.021 ms',), ('Execution Time: 0.019 ms',)]"
288,No Index,0.00046482086181640623,"[('Index Scan using uniq_user_app_email on user_app  (cost=0.38..8.39 rows=1 width=2088) (actual time=0.017..0.022 rows=1 loops=1)',), (""  Index Cond: ((email)::text = 'pfqvsrgwnv@example.com'::text)"",), ('  Buffers: shared hit=4',), ('Planning Time: 0.046 ms',), ('Execution Time: 0.041 ms',)]"
288,BTREE,0.0002605438232421875,"[('Index Scan using idx_email_btree on user_app  (cost=0.25..8.27 rows=1 width=2088) (actual time=0.006..0.009 rows=1 loops=1)',), (""  Index Cond: ((email)::text = 'sprydqygzk@example.com'::text)"",), ('  Buffers: shared hit=3',), ('Planning Time: 0.022 ms',), ('Execution Time: 0.020 ms',)]"
288,HASH,0.0002698659896850586,"[('Index Scan using idx_email_hash on user_app  (cost=0.00..8.02 rows=1 width=2088) (actual time=0.004..0.007 rows=1 loops=1)',), (""  Index Cond: ((email)::text = 'yolaupzyad@example.com'::text)"",), ('  Buffers: shared hit=2',), ('Planning Time: 0.023 ms',), ('Execution Time: 0.019 ms',)]"
289,No Index,0.00029942989349365237,"[('Index Scan using uniq_user_app_email on user_app  (cost=0.38..8.39 rows=1 width=2088) (actual time=0.006..0.009 rows=1 loops=1)',), (""  Index Cond: ((email)::text = 'xymjboirya@example.com'::text)"",), ('  Buffers: shared hit=4',), ('Planning Time: 0.017 ms',), ('Execution Time: 0.019 ms',)]"
289,BTREE,0.00026915073394775393,"[('Index Scan using idx_email_btree on user_app  (cost=0.25..8.27 rows=1 width=2088) (actual time=0.007..0.010 rows=1 loops=1)',), (""  Index Cond: ((email)::text = 'lckdiniszo@example.com'::text)"",), ('  Buffers: shared hit=3',), ('Planning Time: 0.023 ms',), ('Execution Time: 0.021 ms',)]"
289,HASH,0.00028967857360839844,"[('Index Scan using idx_email_hash on user_app  (cost=0.00..8.02 rows=1 width=2088) (actual time=0.004..0.007 rows=1 loops=1)',), (""  Index Cond: ((email)::text = 'fknyujazqo@example.com'::text)"",), ('  Buffers: shared hit=2',), ('Planning Time: 0.023 ms',), ('Execution Time: 0.019 ms',)]"
290,No Index,0.0002879619598388672,"[('Index Scan using uniq_user_app_email on user_app  (cost=0.38..8.39 rows=1 width=2088) (actual time=0.008..0.010 rows=1 loops=1)',), (""  Index Cond: ((email)::text = 'ytrzkwictb@example.com'::text)"",), ('  Buffers: shared hit=4',), ('Planning Time: 0.021 ms',), ('Execution Time: 0.022 ms',)]"
290,BTREE,0.00026211738586425783,"[('Index Scan using idx_email_btree on user_app  (cost=0.25..8.27 rows=1 width=2088) (actual time=0.006..0.009 rows=1 loops=1)',), (""  Index Cond: ((email)::text = 'ltvpndocgs@example.com'::text)"",), ('  Buffers: shared hit=3',), ('Planning Time: 0.022 ms',), ('Execution Time: 0.020 ms',)]"
290,HASH,0.0004132986068725586,"[('Index Scan using idx_email_hash on user_app  (cost=0.00..8.02 rows=1 width=2088) (actual time=0.007..0.011 rows=1 loops=1)',), (""  Index Cond: ((email)::text = 'xupombpzco@example.com'::text)"",), ('  Buffers: shared hit=2',), ('Planning Time: 0.038 ms',), ('Execution Time: 0.027 ms',)]"
291,No Index,0.00036699771881103515,"[('Index Scan using uniq_user_app_email on user_app  (cost=0.38..8.39 rows=1 width=2088) (actual time=0.007..0.009 rows=1 loops=1)',), (""  Index Cond: ((email)::text = 'plebbstudg@example.com'::text)"",), ('  Buffers: shared hit=4',), ('Planning Time: 0.017 ms',), ('Execution Time: 0.019 ms',)]"
291,BTREE,0.0002502918243408203,"[('Index Scan using idx_email_btree on user_app  (cost=0.25..8.27 rows=1 width=2088) (actual time=0.005..0.008 rows=1 loops=1)',), (""  Index Cond: ((email)::text = 'wxgnkvzlmg@example.com'::text)"",), ('  Buffers: shared hit=3',), ('Planning Time: 0.019 ms',), ('Execution Time: 0.018 ms',)]"
291,HASH,0.0005197763442993164,"[('Index Scan using idx_email_hash on user_app  (cost=0.00..8.02 rows=1 width=2088) (actual time=0.013..0.018 rows=1 loops=1)',), (""  Index Cond: ((email)::text = 'oirvwbzdnn@example.com'::text)"",), ('  Buffers: shared hit=2',), ('Planning Time: 0.062 ms',), ('Execution Time: 0.041 ms',)]"
292,No Index,0.0002635955810546875,"[('Index Scan using uniq_user_app_email on user_app  (cost=0.38..8.39 rows=1 width=2088) (actual time=0.007..0.010 rows=1 loops=1)',), (""  Index Cond: ((email)::text = 'wbzzzlgbdq@example.com'::text)"",), ('  Buffers: shared hit=4',), ('Planning Time: 0.017 ms',), ('Execution Time: 0.020 ms',)]"
292,BTREE,0.000578761100769043,"[('Index Scan using idx_email_btree on user_app  (cost=0.25..8.27 rows=1 width=2088) (actual time=0.015..0.020 rows=1 loops=1)',), (""  Index Cond: ((email)::text = 'yhqkxbgzxo@example.com'::text)"",), ('  Buffers: shared hit=3',), ('Planning Time: 0.062 ms',), ('Execution Time: 0.041 ms',)]"
292,HASH,0.00026299953460693357,"[('Index Scan using idx_email_hash on user_app  (cost=0.00..8.02 rows=1 width=2088) (actual time=0.005..0.008 rows=1 loops=1)',), (""  Index Cond: ((email)::text = 'mxjmqysacm@example.com'::text)"",), ('  Buffers: shared hit=2',), ('Planning Time: 0.023 ms',), ('Execution Time: 0.019 ms',)]"
293,No Index,0.0005135059356689454,"[('Index Scan using uniq_user_app_email on user_app  (cost=0.38..8.39 rows=1 width=2088) (actual time=0.014..0.018 rows=1 loops=1)',), (""  Index Cond: ((email)::text = 'riqfsyfiqw@example.com'::text)"",), ('  Buffers: shared hit=4',), ('Planning Time: 0.037 ms',), ('Execution Time: 0.035 ms',)]"
293,BTREE,0.0002649545669555664,"[('Index Scan using idx_email_btree on user_app  (cost=0.25..8.27 rows=1 width=2088) (actual time=0.006..0.009 rows=1 loops=1)',), (""  Index Cond: ((email)::text = 'rwgvzzablo@example.com'::text)"",), ('  Buffers: shared hit=3',), ('Planning Time: 0.022 ms',), ('Execution Time: 0.019 ms',)]"
293,HASH,0.00026051998138427735,"[('Index Scan using idx_email_hash on user_app  (cost=0.00..8.02 rows=1 width=2088) (actual time=0.004..0.007 rows=1 loops=1)',), (""  Index Cond: ((email)::text = 'mrfwggpaiy@example.com'::text)"",), ('  Buffers: shared hit=2',), ('Planning Time: 0.021 ms',), ('Execution Time: 0.018 ms',)]"
294,No Index,0.0002810955047607422,"[('Index Scan using uniq_user_app_email on user_app  (cost=0.38..8.39 rows=1 width=2088) (actual time=0.007..0.009 rows=1 loops=1)',), (""  Index Cond: ((email)::text = 'dlaabcikon@example.com'::text)"",), ('  Buffers: shared hit=4',), ('Planning Time: 0.017 ms',), ('Execution Time: 0.019 ms',)]"
294,BTREE,0.0002821445465087891,"[('Index Scan using idx_email_btree on user_app  (cost=0.25..8.27 rows=1 width=2088) (actual time=0.005..0.007 rows=1 loops=1)',), (""  Index Cond: ((email)::text = 'gsuzvpxwfv@example.com'::text)"",), ('  Buffers: shared hit=3',), ('Planning Time: 0.019 ms',), ('Execution Time: 0.018 ms',)]"
294,HASH,0.00045735836029052733,"[('Index Scan using idx_email_hash on user_app  (cost=0.00..8.02 rows=1 width=2088) (actual time=0.011..0.016 rows=1 loops=1)',), (""  Index Cond: ((email)::text = 'fdswuyjvad@example.com'::text)"",), ('  Buffers: shared hit=2',), ('Planning Time: 0.062 ms',), ('Execution Time: 0.038 ms',)]"
295,No Index,0.0003144025802612305,"[('Index Scan using uniq_user_app_email on user_app  (cost=0.38..8.39 rows=1 width=2088) (actual time=0.008..0.010 rows=1 loops=1)',), (""  Index Cond: ((email)::text = 'ogsmvdyzqk@example.com'::text)"",), ('  Buffers: shared hit=4',), ('Planning Time: 0.021 ms',), ('Execution Time: 0.022 ms',)]"
295,BTREE,0.00019545555114746093,"[('Index Scan using idx_email_btree on user_app  (cost=0.25..8.27 rows=1 width=2088) (actual time=0.005..0.008 rows=1 loops=1)',), (""  Index Cond: ((email)::text = 'rqhdyuqqun@example.com'::text)"",), ('  Buffers: shared hit=3',), ('Planning Time: 0.019 ms',), ('Execution Time: 0.019 ms',)]"
295,HASH,0.00027675628662109374,"[('Index Scan using idx_email_hash on user_app  (cost=0.00..8.02 rows=1 width=2088) (actual time=0.004..0.006 rows=1 loops=1)',), (""  Index Cond: ((email)::text = 'kpqmcjvcif@example.com'::text)"",), ('  Buffers: shared hit=2',), ('Planning Time: 0.019 ms',), ('Execution Time: 0.017 ms',)]"
296,No Index,0.00027987957000732424,"[('Index Scan using uniq_user_app_email on user_app  (cost=0.38..8.39 rows=1 width=2088) (actual time=0.008..0.011 rows=1 loops=1)',), (""  Index Cond: ((email)::text = 'mjnbilweft@example.com'::text)"",), ('  Buffers: shared hit=4',), ('Planning Time: 0.021 ms',), ('Execution Time: 0.022 ms',)]"
296,BTREE,0.0002693891525268555,"[('Index Scan using idx_email_btree on user_app  (cost=0.25..8.27 rows=1 width=2088) (actual time=0.007..0.010 rows=1 loops=1)',), (""  Index Cond: ((email)::text = 'wdhzzsjdlp@example.com'::text)"",), ('  Buffers: shared hit=3',), ('Planning Time: 0.023 ms',), ('Execution Time: 0.021 ms',)]"
296,HASH,0.0003209114074707031,"[('Index Scan using idx_email_hash on user_app  (cost=0.00..8.02 rows=1 width=2088) (actual time=0.018..0.022 rows=1 loops=1)',), (""  Index Cond: ((email)::text = 'qeigyjseep@example.com'::text)"",), ('  Buffers: shared hit=2',), ('Planning Time: 0.091 ms',), ('Execution Time: 0.051 ms',)]"
297,No Index,0.00048193931579589846,"[('Index Scan using uniq_user_app_email on user_app  (cost=0.38..8.39 rows=1 width=2088) (actual time=0.017..0.022 rows=1 loops=1)',), (""  Index Cond: ((email)::text = 'ygnlflvspg@example.com'::text)"",), ('  Buffers: shared hit=4',), ('Planning Time: 0.047 ms',), ('Execution Time: 0.042 ms',)]"
297,BTREE,0.0002535581588745117,"[('Index Scan using idx_email_btree on user_app  (cost=0.25..8.27 rows=1 width=2088) (actual time=0.005..0.008 rows=1 loops=1)',), (""  Index Cond: ((email)::text = 'wdhdnynwau@example.com'::text)"",), ('  Buffers: shared hit=3',), ('Planning Time: 0.019 ms',), ('Execution Time: 0.018 ms',)]"
297,HASH,0.00043790340423583985,"[('Index Scan using idx_email_hash on user_app  (cost=0.00..8.02 rows=1 width=2088) (actual time=0.010..0.014 rows=1 loops=1)',), (""  Index Cond: ((email)::text = 'wmcezfmbnx@example.com'::text)"",), ('  Buffers: shared hit=2',), ('Planning Time: 0.060 ms',), ('Execution Time: 0.035 ms',)]"
298,No Index,0.0006366252899169921,"[('Index Scan using uniq_user_app_email on user_app  (cost=0.38..8.39 rows=1 width=2088) (actual time=0.020..0.026 rows=1 loops=1)',), (""  Index Cond: ((email)::text = 'gpwrskksqs@example.com'::text)"",), ('  Buffers: shared hit=4',), ('Planning Time: 0.058 ms',), ('Execution Time: 0.048 ms',)]"
298,BTREE,0.0003108978271484375,"[('Index Scan using idx_email_btree on user_app  (cost=0.25..8.27 rows=1 width=2088) (actual time=0.005..0.008 rows=1 loops=1)',), (""  Index Cond: ((email)::text = 'znioddzfuq@example.com'::text)"",), ('  Buffers: shared hit=3',), ('Planning Time: 0.019 ms',), ('Execution Time: 0.018 ms',)]"
298,HASH,0.00026090145111083983,"[('Index Scan using idx_email_hash on user_app  (cost=0.00..8.02 rows=1 width=2088) (actual time=0.005..0.008 rows=1 loops=1)',), (""  Index Cond: ((email)::text = 'grreqtlbsu@example.com'::text)"",), ('  Buffers: shared hit=2',), ('Planning Time: 0.023 ms',), ('Execution Time: 0.018 ms',)]"
299,No Index,0.00047633647918701174,"[('Index Scan using uniq_user_app_email on user_app  (cost=0.38..8.39 rows=1 width=2088) (actual time=0.016..0.021 rows=1 loops=1)',), (""  Index Cond: ((email)::text = 'eizcgsarbi@example.com'::text)"",), ('  Buffers: shared hit=4',), ('Planning Time: 0.045 ms',), ('Execution Time: 0.040 ms',)]"
299,BTREE,0.000263214111328125,"[('Index Scan using idx_email_btree on user_app  (cost=0.25..8.27 rows=1 width=2088) (actual time=0.006..0.008 rows=1 loops=1)',), (""  Index Cond: ((email)::text = 'zhvsecmubg@example.com'::text)"",), ('  Buffers: shared hit=3',), ('Planning Time: 0.022 ms',), ('Execution Time: 0.020 ms',)]"
299,HASH,0.00027973651885986327,"[('Index Scan using idx_email_hash on user_app  (cost=0.00..8.02 rows=1 width=2088) (actual time=0.005..0.008 rows=1 loops=1)',), (""  Index Cond: ((email)::text = 'iusqgvnchi@example.com'::text)"",), ('  Buffers: shared hit=2',), ('Planning Time: 0.025 ms',), ('Execution Time: 0.019 ms',)]"
300,No Index,0.00026094913482666016,"[('Index Scan using uniq_user_app_email on user_app  (cost=0.38..8.39 rows=1 width=2088) (actual time=0.008..0.010 rows=1 loops=1)',), (""  Index Cond: ((email)::text = 'lnyqtahdpl@example.com'::text)"",), ('  Buffers: shared hit=4',), ('Planning Time: 0.020 ms',), ('Execution Time: 0.022 ms',)]"
300,BTREE,0.00019783973693847655,"[('Index Scan using idx_email_btree on user_app  (cost=0.25..8.27 rows=1 width=2088) (actual time=0.005..0.008 rows=1 loops=1)',), (""  Index Cond: ((email)::text = 'wsncrrpyzb@example.com'::text)"",), ('  Buffers: shared hit=3',), ('Planning Time: 0.019 ms',), ('Execution Time: 0.018 ms',)]"
300,HASH,0.0004980087280273438,"[('Index Scan using idx_email_hash on user_app  (cost=0.00..8.02 rows=1 width=2088) (actual time=0.011..0.016 rows=1 loops=1)',), (""  Index Cond: ((email)::text = 'kqetqgpypo@example.com'::text)"",), ('  Buffers: shared hit=2',), ('Planning Time: 0.062 ms',), ('Execution Time: 0.038 ms',)]"
301,No Index,0.0002819538116455078,"[('Index Scan using uniq_user_app_email on user_app  (cost=0.38..8.39 rows=1 width=2088) (actual time=0.008..0.011 rows=1 loops=1)',), (""  Index Cond: ((email)::text = 'tnfqlsijgh@example.com'::text)"",), ('  Buffers: shared hit=4',), ('Planning Time: 0.022 ms',), ('Execution Time: 0.022 ms',)]"
301,BTREE,0.0004824161529541016,"[('Index Scan using idx_email_btree on user_app  (cost=0.25..8.27 rows=1 width=2088) (actual time=0.013..0.018 rows=1 loops=1)',), (""  Index Cond: ((email)::text = 'zlzlfflyod@example.com'::text)"",), ('  Buffers: shared hit=3',), ('Planning Time: 0.055 ms',), ('Execution Time: 0.038 ms',)]"
301,HASH,0.0003005027770996094,"[('Index Scan using idx_email_hash on user_app  (cost=0.00..8.02 rows=1 width=2088) (actual time=0.005..0.008 rows=1 loops=1)',), (""  Index Cond: ((email)::text = 'jfvlrcersq@example.com'::text)"",), ('  Buffers: shared hit=2',), ('Planning Time: 0.023 ms',), ('Execution Time: 0.020 ms',)]"
302,No Index,0.0002834320068359375,"[('Index Scan using uniq_user_app_email on user_app  (cost=0.38..8.39 rows=1 width=2088) (actual time=0.008..0.011 rows=1 loops=1)',), (""  Index Cond: ((email)::text = 'ggityjfdaa@example.com'::text)"",), ('  Buffers: shared hit=4',), ('Planning Time: 0.022 ms',), ('Execution Time: 0.022 ms',)]"
302,BTREE,0.0002640962600708008,"[('Index Scan using idx_email_btree on user_app  (cost=0.25..8.27 rows=1 width=2088) (actual time=0.006..0.009 rows=1 loops=1)',), (""  Index Cond: ((email)::text = 'mgbdrhnkix@example.com'::text)"",), ('  Buffers: shared hit=3',), ('Planning Time: 0.019 ms',), ('Execution Time: 0.019 ms',)]"
302,HASH,0.0002802371978759766,"[('Index Scan using idx_email_hash on user_app  (cost=0.00..8.02 rows=1 width=2088) (actual time=0.004..0.006 rows=1 loops=1)',), (""  Index Cond: ((email)::text = 'tqorniwqna@example.com'::text)"",), ('  Buffers: shared hit=2',), ('Planning Time: 0.019 ms',), ('Execution Time: 0.017 ms',)]"
303,No Index,0.00034074783325195314,"[('Index Scan using uniq_user_app_email on user_app  (cost=0.38..8.39 rows=1 width=2088) (actual time=0.009..0.012 rows=1 loops=1)',), (""  Index Cond: ((email)::text = 'mmfaxpewon@example.com'::text)"",), ('  Buffers: shared hit=4',), ('Planning Time: 0.022 ms',), ('Execution Time: 0.023 ms',)]"
303,BTREE,0.0004662752151489258,"[('Index Scan using idx_email_btree on user_app  (cost=0.25..8.27 rows=1 width=2088) (actual time=0.013..0.017 rows=1 loops=1)',), (""  Index Cond: ((email)::text = 'tblnlnjizb@example.com'::text)"",), ('  Buffers: shared hit=3',), ('Planning Time: 0.050 ms',), ('Execution Time: 0.037 ms',)]"
303,HASH,0.0002615690231323242,"[('Index Scan using idx_email_hash on user_app  (cost=0.00..8.02 rows=1 width=2088) (actual time=0.004..0.007 rows=1 loops=1)',), (""  Index Cond: ((email)::text = 'mrdwezkdrk@example.com'::text)"",), ('  Buffers: shared hit=2',), ('Planning Time: 0.019 ms',), ('Execution Time: 0.018 ms',)]"
304,No Index,0.0006011962890625,"[('Index Scan using uniq_user_app_email on user_app  (cost=0.38..8.39 rows=1 width=2088) (actual time=0.021..0.025 rows=1 loops=1)',), (""  Index Cond: ((email)::text = 'zsnasiwdoo@example.com'::text)"",), ('  Buffers: shared hit=4',), ('Planning Time: 0.063 ms',), ('Execution Time: 0.048 ms',)]"
304,BTREE,0.0003021001815795898,"[('Index Scan using idx_email_btree on user_app  (cost=0.25..8.27 rows=1 width=2088) (actual time=0.007..0.010 rows=1 loops=1)',), (""  Index Cond: ((email)::text = 'ogdwlzktcw@example.com'::text)"",), ('  Buffers: shared hit=3',), ('Planning Time: 0.024 ms',), ('Execution Time: 0.021 ms',)]"
304,HASH,0.00028178691864013674,"[('Index Scan using idx_email_hash on user_app  (cost=0.00..8.02 rows=1 width=2088) (actual time=0.004..0.007 rows=1 loops=1)',), (""  Index Cond: ((email)::text = 'guysghaaqf@example.com'::text)"",), ('  Buffers: shared hit=2',), ('Planning Time: 0.019 ms',), ('Execution Time: 0.017 ms',)]"
305,No Index,0.00033166408538818357,"[('Index Scan using uniq_user_app_email on user_app  (cost=0.38..8.39 rows=1 width=2088) (actual time=0.008..0.010 rows=1 loops=1)',), (""  Index Cond: ((email)::text = 'jzmavrkcdb@example.com'::text)"",), ('  Buffers: shared hit=4',), ('Planning Time: 0.021 ms',), ('Execution Time: 0.022 ms',)]"
305,BTREE,0.0002847909927368164,"[('Index Scan using idx_email_btree on user_app  (cost=0.25..8.27 rows=1 width=2088) (actual time=0.007..0.010 rows=1 loops=1)',), (""  Index Cond: ((email)::text = 'fzojigwktd@example.com'::text)"",), ('  Buffers: shared hit=3',), ('Planning Time: 0.023 ms',), ('Execution Time: 0.020 ms',)]"
305,HASH,0.0002662897109985352,"[('Index Scan using idx_email_hash on user_app  (cost=0.00..8.02 rows=1 width=2088) (actual time=0.004..0.006 rows=1 loops=1)',), (""  Index Cond: ((email)::text = 'ykbwxlkohh@example.com'::text)"",), ('  Buffers: shared hit=2',), ('Planning Time: 0.019 ms',), ('Execution Time: 0.016 ms',)]"
306,No Index,0.000569915771484375,"[('Index Scan using uniq_user_app_email on user_app  (cost=0.38..8.39 rows=1 width=2088) (actual time=0.021..0.026 rows=1 loops=1)',), (""  Index Cond: ((email)::text = 'flvkluwyxz@example.com'::text)"",), ('  Buffers: shared hit=4',), ('Planning Time: 0.057 ms',), ('Execution Time: 0.047 ms',)]"
306,BTREE,0.0002673625946044922,"[('Index Scan using idx_email_btree on user_app  (cost=0.25..8.27 rows=1 width=2088) (actual time=0.005..0.009 rows=1 loops=1)',), (""  Index Cond: ((email)::text = 'rsuxafdxvs@example.com'::text)"",), ('  Buffers: shared hit=3',), ('Planning Time: 0.020 ms',), ('Execution Time: 0.018 ms',)]"
306,HASH,0.00026607513427734375,"[('Index Scan using idx_email_hash on user_app  (cost=0.00..8.02 rows=1 width=2088) (actual time=0.003..0.006 rows=1 loops=1)',), (""  Index Cond: ((email)::text = 'orpnzzhuxx@example.com'::text)"",), ('  Buffers: shared hit=2',), ('Planning Time: 0.019 ms',), ('Execution Time: 0.017 ms',)]"
307,No Index,0.00029413700103759767,"[('Index Scan using uniq_user_app_email on user_app  (cost=0.38..8.39 rows=1 width=2088) (actual time=0.008..0.011 rows=1 loops=1)',), (""  Index Cond: ((email)::text = 'csvjuqfmmh@example.com'::text)"",), ('  Buffers: shared hit=4',), ('Planning Time: 0.021 ms',), ('Execution Time: 0.023 ms',)]"
307,BTREE,0.00027091503143310546,"[('Index Scan using idx_email_btree on user_app  (cost=0.25..8.27 rows=1 width=2088) (actual time=0.006..0.009 rows=1 loops=1)',), (""  Index Cond: ((email)::text = 'djvdelvfrs@example.com'::text)"",), ('  Buffers: shared hit=3',), ('Planning Time: 0.023 ms',), ('Execution Time: 0.020 ms',)]"
307,HASH,0.0002645730972290039,"[('Index Scan using idx_email_hash on user_app  (cost=0.00..8.02 rows=1 width=2088) (actual time=0.004..0.007 rows=1 loops=1)',), (""  Index Cond: ((email)::text = 'kjivspbdqw@example.com'::text)"",), ('  Buffers: shared hit=2',), ('Planning Time: 0.019 ms',), ('Execution Time: 0.017 ms',)]"
308,No Index,0.0004780054092407227,"[('Index Scan using uniq_user_app_email on user_app  (cost=0.38..8.39 rows=1 width=2088) (actual time=0.016..0.021 rows=1 loops=1)',), (""  Index Cond: ((email)::text = 'hfdciopdty@example.com'::text)"",), ('  Buffers: shared hit=4',), ('Planning Time: 0.046 ms',), ('Execution Time: 0.041 ms',)]"
308,BTREE,0.00029621124267578127,"[('Index Scan using idx_email_btree on user_app  (cost=0.25..8.27 rows=1 width=2088) (actual time=0.006..0.009 rows=1 loops=1)',), (""  Index Cond: ((email)::text = 'wzaghpvzxw@example.com'::text)"",), ('  Buffers: shared hit=3',), ('Planning Time: 0.023 ms',), ('Execution Time: 0.020 ms',)]"
308,HASH,0.00028357505798339846,"[('Index Scan using idx_email_hash on user_app  (cost=0.00..8.02 rows=1 width=2088) (actual time=0.005..0.008 rows=1 loops=1)',), (""  Index Cond: ((email)::text = 'sckbuyprpa@example.com'::text)"",), ('  Buffers: shared hit=2',), ('Planning Time: 0.022 ms',), ('Execution Time: 0.019 ms',)]"
309,No Index,0.00030965805053710936,"[('Index Scan using uniq_user_app_email on user_app  (cost=0.38..8.39 rows=1 width=2088) (actual time=0.008..0.011 rows=1 loops=1)',), (""  Index Cond: ((email)::text = 'ruhwuxfjbh@example.com'::text)"",), ('  Buffers: shared hit=4',), ('Planning Time: 0.021 ms',), ('Execution Time: 0.022 ms',)]"
309,BTREE,0.00027530193328857423,"[('Index Scan using idx_email_btree on user_app  (cost=0.25..8.27 rows=1 width=2088) (actual time=0.006..0.009 rows=1 loops=1)',), (""  Index Cond: ((email)::text = 'umxlxpzfot@example.com'::text)"",), ('  Buffers: shared hit=3',), ('Planning Time: 0.023 ms',), ('Execution Time: 0.020 ms',)]"
309,HASH,0.00025641918182373047,"[('Index Scan using idx_email_hash on user_app  (cost=0.00..8.02 rows=1 width=2088) (actual time=0.004..0.008 rows=1 loops=1)',), (""  Index Cond: ((email)::text = 'fxifavepir@example.com'::text)"",), ('  Buffers: shared hit=2',), ('Planning Time: 0.023 ms',), ('Execution Time: 0.019 ms',)]"
310,No Index,0.0002692222595214844,"[('Index Scan using uniq_user_app_email on user_app  (cost=0.38..8.39 rows=1 width=2088) (actual time=0.007..0.009 rows=1 loops=1)',), (""  Index Cond: ((email)::text = 'oauohspxkg@example.com'::text)"",), ('  Buffers: shared hit=4',), ('Planning Time: 0.017 ms',), ('Execution Time: 0.019 ms',)]"
310,BTREE,0.0002524852752685547,"[('Index Scan using idx_email_btree on user_app  (cost=0.25..8.27 rows=1 width=2088) (actual time=0.005..0.008 rows=1 loops=1)',), (""  Index Cond: ((email)::text = 'cxncwpcksu@example.com'::text)"",), ('  Buffers: shared hit=3',), ('Planning Time: 0.019 ms',), ('Execution Time: 0.018 ms',)]"
310,HASH,0.0007784605026245117,"[('Index Scan using idx_email_hash on user_app  (cost=0.00..8.02 rows=1 width=2088) (actual time=0.015..0.019 rows=1 loops=1)',), (""  Index Cond: ((email)::text = 'caasqeqlrs@example.com'::text)"",), ('  Buffers: shared hit=2',), ('Planning Time: 0.077 ms',), ('Execution Time: 0.042 ms',)]"
311,No Index,0.0002774715423583984,"[('Index Scan using uniq_user_app_email on user_app  (cost=0.38..8.39 rows=1 width=2088) (actual time=0.007..0.010 rows=1 loops=1)',), (""  Index Cond: ((email)::text = 'ogoomggkrv@example.com'::text)"",), ('  Buffers: shared hit=4',), ('Planning Time: 0.017 ms',), ('Execution Time: 0.019 ms',)]"
311,BTREE,0.00027697086334228517,"[('Index Scan using idx_email_btree on user_app  (cost=0.25..8.27 rows=1 width=2088) (actual time=0.006..0.009 rows=1 loops=1)',), (""  Index Cond: ((email)::text = 'rfnndzzkzu@example.com'::text)"",), ('  Buffers: shared hit=3',), ('Planning Time: 0.024 ms',), ('Execution Time: 0.020 ms',)]"
311,HASH,0.0002614498138427734,"[('Index Scan using idx_email_hash on user_app  (cost=0.00..8.02 rows=1 width=2088) (actual time=0.004..0.008 rows=1 loops=1)',), (""  Index Cond: ((email)::text = 'dsyybqhqnz@example.com'::text)"",), ('  Buffers: shared hit=2',), ('Planning Time: 0.022 ms',), ('Execution Time: 0.018 ms',)]"
312,No Index,0.00026786327362060547,"[('Index Scan using uniq_user_app_email on user_app  (cost=0.38..8.39 rows=1 width=2088) (actual time=0.007..0.009 rows=1 loops=1)',), (""  Index Cond: ((email)::text = 'rnacjlaypa@example.com'::text)"",), ('  Buffers: shared hit=4',), ('Planning Time: 0.019 ms',), ('Execution Time: 0.021 ms',)]"
312,BTREE,0.00027065277099609376,"[('Index Scan using idx_email_btree on user_app  (cost=0.25..8.27 rows=1 width=2088) (actual time=0.005..0.009 rows=1 loops=1)',), (""  Index Cond: ((email)::text = 'izhoawetyv@example.com'::text)"",), ('  Buffers: shared hit=3',), ('Planning Time: 0.023 ms',), ('Execution Time: 0.020 ms',)]"
312,HASH,0.00026137828826904296,"[('Index Scan using idx_email_hash on user_app  (cost=0.00..8.02 rows=1 width=2088) (actual time=0.004..0.007 rows=1 loops=1)',), (""  Index Cond: ((email)::text = 'vuqgcuueyg@example.com'::text)"",), ('  Buffers: shared hit=2',), ('Planning Time: 0.021 ms',), ('Execution Time: 0.018 ms',)]"
313,No Index,0.0002869844436645508,"[('Index Scan using uniq_user_app_email on user_app  (cost=0.38..8.39 rows=1 width=2088) (actual time=0.008..0.011 rows=1 loops=1)',), (""  Index Cond: ((email)::text = 'vdrhgjjykb@example.com'::text)"",), ('  Buffers: shared hit=4',), ('Planning Time: 0.021 ms',), ('Execution Time: 0.022 ms',)]"
313,BTREE,0.0005666971206665039,"[('Index Scan using idx_email_btree on user_app  (cost=0.25..8.27 rows=1 width=2088) (actual time=0.012..0.017 rows=1 loops=1)',), (""  Index Cond: ((email)::text = 'gaailbahaw@example.com'::text)"",), ('  Buffers: shared hit=3',), ('Planning Time: 0.052 ms',), ('Execution Time: 0.037 ms',)]"
313,HASH,0.00027325153350830076,"[('Index Scan using idx_email_hash on user_app  (cost=0.00..8.02 rows=1 width=2088) (actual time=0.004..0.007 rows=1 loops=1)',), (""  Index Cond: ((email)::text = 'kkxmxxtgag@example.com'::text)"",), ('  Buffers: shared hit=2',), ('Planning Time: 0.019 ms',), ('Execution Time: 0.017 ms',)]"
314,No Index,0.0002611637115478516,"[('Index Scan using uniq_user_app_email on user_app  (cost=0.38..8.39 rows=1 width=2088) (actual time=0.007..0.011 rows=1 loops=1)',), (""  Index Cond: ((email)::text = 'cktilmwowc@example.com'::text)"",), ('  Buffers: shared hit=4',), ('Planning Time: 0.020 ms',), ('Execution Time: 0.021 ms',)]"
314,BTREE,0.00019936561584472657,"[('Index Scan using idx_email_btree on user_app  (cost=0.25..8.27 rows=1 width=2088) (actual time=0.005..0.008 rows=1 loops=1)',), (""  Index Cond: ((email)::text = 'nxkajulnhe@example.com'::text)"",), ('  Buffers: shared hit=3',), ('Planning Time: 0.020 ms',), ('Execution Time: 0.019 ms',)]"
314,HASH,0.0004932641983032227,"[('Index Scan using idx_email_hash on user_app  (cost=0.00..8.02 rows=1 width=2088) (actual time=0.005..0.007 rows=1 loops=1)',), (""  Index Cond: ((email)::text = 'wgvefzpvpu@example.com'::text)"",), ('  Buffers: shared hit=2',), ('Planning Time: 0.025 ms',), ('Execution Time: 0.017 ms',)]"
315,No Index,0.0006004571914672852,"[('Index Scan using uniq_user_app_email on user_app  (cost=0.38..8.39 rows=1 width=2088) (actual time=0.018..0.023 rows=1 loops=1)',), (""  Index Cond: ((email)::text = 'firosdydxf@example.com'::text)"",), ('  Buffers: shared hit=4',), ('Planning Time: 0.045 ms',), ('Execution Time: 0.043 ms',)]"
315,BTREE,0.0002536296844482422,"[('Index Scan using idx_email_btree on user_app  (cost=0.25..8.27 rows=1 width=2088) (actual time=0.005..0.008 rows=1 loops=1)',), (""  Index Cond: ((email)::text = 'aikowuwgdo@example.com'::text)"",), ('  Buffers: shared hit=3',), ('Planning Time: 0.020 ms',), ('Execution Time: 0.018 ms',)]"
315,HASH,0.0003974676132202148,"[('Index Scan using idx_email_hash on user_app  (cost=0.00..8.02 rows=1 width=2088) (actual time=0.009..0.012 rows=1 loops=1)',), (""  Index Cond: ((email)::text = 'sknpjwuubf@example.com'::text)"",), ('  Buffers: shared hit=2',), ('Planning Time: 0.048 ms',), ('Execution Time: 0.031 ms',)]"
316,No Index,0.0006743669509887695,"[('Index Scan using uniq_user_app_email on user_app  (cost=0.38..8.39 rows=1 width=2088) (actual time=0.019..0.023 rows=1 loops=1)',), (""  Index Cond: ((email)::text = 'nqdctwqvxa@example.com'::text)"",), ('  Buffers: shared hit=4',), ('Planning Time: 0.056 ms',), ('Execution Time: 0.046 ms',)]"
316,BTREE,0.0005194425582885742,"[('Index Scan using idx_email_btree on user_app  (cost=0.25..8.27 rows=1 width=2088) (actual time=0.016..0.020 rows=1 loops=1)',), (""  Index Cond: ((email)::text = 'wsnqzohojh@example.com'::text)"",), ('  Buffers: shared hit=3',), ('Planning Time: 0.065 ms',), ('Execution Time: 0.042 ms',)]"
316,HASH,0.0002889156341552734,"[('Index Scan using idx_email_hash on user_app  (cost=0.00..8.02 rows=1 width=2088) (actual time=0.005..0.007 rows=1 loops=1)',), (""  Index Cond: ((email)::text = 'owiwankdxv@example.com'::text)"",), ('  Buffers: shared hit=2',), ('Planning Time: 0.023 ms',), ('Execution Time: 0.019 ms',)]"
317,No Index,0.0006738901138305664,"[('Index Scan using uniq_user_app_email on user_app  (cost=0.38..8.39 rows=1 width=2088) (actual time=0.019..0.024 rows=1 loops=1)',), (""  Index Cond: ((email)::text = 'amksylwyoq@example.com'::text)"",), ('  Buffers: shared hit=4',), ('Planning Time: 0.053 ms',), ('Execution Time: 0.046 ms',)]"
317,BTREE,0.0002596855163574219,"[('Index Scan using idx_email_btree on user_app  (cost=0.25..8.27 rows=1 width=2088) (actual time=0.005..0.008 rows=1 loops=1)',), (""  Index Cond: ((email)::text = 'ykykrizpbi@example.com'::text)"",), ('  Buffers: shared hit=3',), ('Planning Time: 0.021 ms',), ('Execution Time: 0.019 ms',)]"
317,HASH,0.0002702951431274414,"[('Index Scan using idx_email_hash on user_app  (cost=0.00..8.02 rows=1 width=2088) (actual time=0.004..0.006 rows=1 loops=1)',), (""  Index Cond: ((email)::text = 'tjurrfakcu@example.com'::text)"",), ('  Buffers: shared hit=2',), ('Planning Time: 0.019 ms',), ('Execution Time: 0.016 ms',)]"
318,No Index,0.0002691984176635742,"[('Index Scan using uniq_user_app_email on user_app  (cost=0.38..8.39 rows=1 width=2088) (actual time=0.007..0.009 rows=1 loops=1)',), (""  Index Cond: ((email)::text = 'xwvindlgqt@example.com'::text)"",), ('  Buffers: shared hit=4',), ('Planning Time: 0.017 ms',), ('Execution Time: 0.020 ms',)]"
318,BTREE,0.0002907991409301758,"[('Index Scan using idx_email_btree on user_app  (cost=0.25..8.27 rows=1 width=2088) (actual time=0.006..0.009 rows=1 loops=1)',), (""  Index Cond: ((email)::text = 'kdmqmiolex@example.com'::text)"",), ('  Buffers: shared hit=3',), ('Planning Time: 0.020 ms',), ('Execution Time: 0.018 ms',)]"
318,HASH,0.0006730318069458008,"[('Index Scan using idx_email_hash on user_app  (cost=0.00..8.02 rows=1 width=2088) (actual time=0.010..0.015 rows=1 loops=1)',), (""  Index Cond: ((email)::text = 'rddndhbpca@example.com'::text)"",), ('  Buffers: shared hit=2',), ('Planning Time: 0.058 ms',), ('Execution Time: 0.035 ms',)]"
319,No Index,0.0005495309829711914,"[('Index Scan using uniq_user_app_email on user_app  (cost=0.38..8.39 rows=1 width=2088) (actual time=0.020..0.024 rows=1 loops=1)',), (""  Index Cond: ((email)::text = 'ztvmyuvrje@example.com'::text)"",), ('  Buffers: shared hit=4',), ('Planning Time: 0.057 ms',), ('Execution Time: 0.048 ms',)]"
319,BTREE,0.00027387142181396485,"[('Index Scan using idx_email_btree on user_app  (cost=0.25..8.27 rows=1 width=2088) (actual time=0.006..0.009 rows=1 loops=1)',), (""  Index Cond: ((email)::text = 'mbatsixboi@example.com'::text)"",), ('  Buffers: shared hit=3',), ('Planning Time: 0.024 ms',), ('Execution Time: 0.021 ms',)]"
319,HASH,0.00043289661407470704,"[('Index Scan using idx_email_hash on user_app  (cost=0.00..8.02 rows=1 width=2088) (actual time=0.007..0.011 rows=1 loops=1)',), (""  Index Cond: ((email)::text = 'upnqggkmjz@example.com'::text)"",), ('  Buffers: shared hit=2',), ('Planning Time: 0.041 ms',), ('Execution Time: 0.029 ms',)]"
320,No Index,0.0002763032913208008,"[('Index Scan using uniq_user_app_email on user_app  (cost=0.38..8.39 rows=1 width=2088) (actual time=0.007..0.011 rows=1 loops=1)',), (""  Index Cond: ((email)::text = 'hquodzphdo@example.com'::text)"",), ('  Buffers: shared hit=4',), ('Planning Time: 0.017 ms',), ('Execution Time: 0.020 ms',)]"
320,BTREE,0.0006514787673950195,"[('Index Scan using idx_email_btree on user_app  (cost=0.25..8.27 rows=1 width=2088) (actual time=0.015..0.021 rows=1 loops=1)',), (""  Index Cond: ((email)::text = 'fjenaeomea@example.com'::text)"",), ('  Buffers: shared hit=3',), ('Planning Time: 0.063 ms',), ('Execution Time: 0.042 ms',)]"
320,HASH,0.00026576519012451173,"[('Index Scan using idx_email_hash on user_app  (cost=0.00..8.02 rows=1 width=2088) (actual time=0.004..0.007 rows=1 loops=1)',), (""  Index Cond: ((email)::text = 'vtaksxcqcq@example.com'::text)"",), ('  Buffers: shared hit=2',), ('Planning Time: 0.021 ms',), ('Execution Time: 0.018 ms',)]"
321,No Index,0.0002617359161376953,"[('Index Scan using uniq_user_app_email on user_app  (cost=0.38..8.39 rows=1 width=2088) (actual time=0.007..0.010 rows=1 loops=1)',), (""  Index Cond: ((email)::text = 'yfoavczriy@example.com'::text)"",), ('  Buffers: shared hit=4',), ('Planning Time: 0.017 ms',), ('Execution Time: 0.020 ms',)]"
321,BTREE,0.00025327205657958983,"[('Index Scan using idx_email_btree on user_app  (cost=0.25..8.27 rows=1 width=2088) (actual time=0.005..0.008 rows=1 loops=1)',), (""  Index Cond: ((email)::text = 'leewubukqq@example.com'::text)"",), ('  Buffers: shared hit=3',), ('Planning Time: 0.019 ms',), ('Execution Time: 0.018 ms',)]"
321,HASH,0.0002959012985229492,"[('Index Scan using idx_email_hash on user_app  (cost=0.00..8.02 rows=1 width=2088) (actual time=0.006..0.009 rows=1 loops=1)',), (""  Index Cond: ((email)::text = 'lczcxrrrll@example.com'::text)"",), ('  Buffers: shared hit=2',), ('Planning Time: 0.029 ms',), ('Execution Time: 0.021 ms',)]"
322,No Index,0.0007371664047241211,"[('Index Scan using uniq_user_app_email on user_app  (cost=0.38..8.39 rows=1 width=2088) (actual time=0.021..0.026 rows=1 loops=1)',), (""  Index Cond: ((email)::text = 'pjoeetgiul@example.com'::text)"",), ('  Buffers: shared hit=4',), ('Planning Time: 0.060 ms',), ('Execution Time: 0.049 ms',)]"
322,BTREE,0.0002604007720947266,"[('Index Scan using idx_email_btree on user_app  (cost=0.25..8.27 rows=1 width=2088) (actual time=0.006..0.009 rows=1 loops=1)',), (""  Index Cond: ((email)::text = 'uzbdqqjvaz@example.com'::text)"",), ('  Buffers: shared hit=3',), ('Planning Time: 0.022 ms',), ('Execution Time: 0.020 ms',)]"
322,HASH,0.00025918483734130857,"[('Index Scan using idx_email_hash on user_app  (cost=0.00..8.02 rows=1 width=2088) (actual time=0.004..0.007 rows=1 loops=1)',), (""  Index Cond: ((email)::text = 'mfewobncio@example.com'::text)"",), ('  Buffers: shared hit=2',), ('Planning Time: 0.021 ms',), ('Execution Time: 0.018 ms',)]"
323,No Index,0.00025386810302734374,"[('Index Scan using uniq_user_app_email on user_app  (cost=0.38..8.39 rows=1 width=2088) (actual time=0.007..0.009 rows=1 loops=1)',), (""  Index Cond: ((email)::text = 'ugoiopcsxb@example.com'::text)"",), ('  Buffers: shared hit=4',), ('Planning Time: 0.017 ms',), ('Execution Time: 0.019 ms',)]"
323,BTREE,0.00027091503143310546,"[('Index Scan using idx_email_btree on user_app  (cost=0.25..8.27 rows=1 width=2088) (actual time=0.006..0.009 rows=1 loops=1)',), (""  Index Cond: ((email)::text = 'jeixqmsmle@example.com'::text)"",), ('  Buffers: shared hit=3',), ('Planning Time: 0.020 ms',), ('Execution Time: 0.019 ms',)]"
323,HASH,0.0005410432815551758,"[('Index Scan using idx_email_hash on user_app  (cost=0.00..8.02 rows=1 width=2088) (actual time=0.011..0.016 rows=1 loops=1)',), (""  Index Cond: ((email)::text = 'ubnlnfvwsz@example.com'::text)"",), ('  Buffers: shared hit=2',), ('Planning Time: 0.066 ms',), ('Execution Time: 0.038 ms',)]"
324,No Index,0.00027487277984619143,"[('Index Scan using uniq_user_app_email on user_app  (cost=0.38..8.39 rows=1 width=2088) (actual time=0.007..0.010 rows=1 loops=1)',), (""  Index Cond: ((email)::text = 'pjhnsejjdw@example.com'::text)"",), ('  Buffers: shared hit=4',), ('Planning Time: 0.018 ms',), ('Execution Time: 0.020 ms',)]"
324,BTREE,0.0002527952194213867,"[('Index Scan using idx_email_btree on user_app  (cost=0.25..8.27 rows=1 width=2088) (actual time=0.005..0.008 rows=1 loops=1)',), (""  Index Cond: ((email)::text = 'yndkhfrfek@example.com'::text)"",), ('  Buffers: shared hit=3',), ('Planning Time: 0.019 ms',), ('Execution Time: 0.019 ms',)]"
324,HASH,0.0003156185150146484,"[('Index Scan using idx_email_hash on user_app  (cost=0.00..8.02 rows=1 width=2088) (actual time=0.004..0.007 rows=1 loops=1)',), (""  Index Cond: ((email)::text = 'cgimyedaad@example.com'::text)"",), ('  Buffers: shared hit=2',), ('Planning Time: 0.019 ms',), ('Execution Time: 0.017 ms',)]"
325,No Index,0.00025155544281005857,"[('Index Scan using uniq_user_app_email on user_app  (cost=0.38..8.39 rows=1 width=2088) (actual time=0.007..0.009 rows=1 loops=1)',), (""  Index Cond: ((email)::text = 'qrnchdmxen@example.com'::text)"",), ('  Buffers: shared hit=4',), ('Planning Time: 0.017 ms',), ('Execution Time: 0.019 ms',)]"
325,BTREE,0.0002970695495605469,"[('Index Scan using idx_email_btree on user_app  (cost=0.25..8.27 rows=1 width=2088) (actual time=0.007..0.010 rows=1 loops=1)',), (""  Index Cond: ((email)::text = 'fkohzqfemi@example.com'::text)"",), ('  Buffers: shared hit=3',), ('Planning Time: 0.025 ms',), ('Execution Time: 0.021 ms',)]"
325,HASH,0.0002964019775390625,"[('Index Scan using idx_email_hash on user_app  (cost=0.00..8.02 rows=1 width=2088) (actual time=0.003..0.006 rows=1 loops=1)',), (""  Index Cond: ((email)::text = 'exajgzbntj@example.com'::text)"",), ('  Buffers: shared hit=2',), ('Planning Time: 0.019 ms',), ('Execution Time: 0.017 ms',)]"
326,No Index,0.0002566099166870117,"[('Index Scan using uniq_user_app_email on user_app  (cost=0.38..8.39 rows=1 width=2088) (actual time=0.007..0.010 rows=1 loops=1)',), (""  Index Cond: ((email)::text = 'uiyegrnjzo@example.com'::text)"",), ('  Buffers: shared hit=4',), ('Planning Time: 0.017 ms',), ('Execution Time: 0.020 ms',)]"
326,BTREE,0.0006222724914550781,"[('Index Scan using idx_email_btree on user_app  (cost=0.25..8.27 rows=1 width=2088) (actual time=0.016..0.021 rows=1 loops=1)',), (""  Index Cond: ((email)::text = 'gjttvrvlju@example.com'::text)"",), ('  Buffers: shared hit=3',), ('Planning Time: 0.062 ms',), ('Execution Time: 0.043 ms',)]"
326,HASH,0.0006087064743041992,"[('Index Scan using idx_email_hash on user_app  (cost=0.00..8.02 rows=1 width=2088) (actual time=0.010..0.014 rows=1 loops=1)',), (""  Index Cond: ((email)::text = 'ganjqqomjd@example.com'::text)"",), ('  Buffers: shared hit=2',), ('Planning Time: 0.052 ms',), ('Execution Time: 0.035 ms',)]"
327,No Index,0.00025830268859863283,"[('Index Scan using uniq_user_app_email on user_app  (cost=0.38..8.39 rows=1 width=2088) (actual time=0.007..0.010 rows=1 loops=1)',), (""  Index Cond: ((email)::text = 'eeakzuhzyk@example.com'::text)"",), ('  Buffers: shared hit=4',), ('Planning Time: 0.017 ms',), ('Execution Time: 0.021 ms',)]"
327,BTREE,0.0002679586410522461,"[('Index Scan using idx_email_btree on user_app  (cost=0.25..8.27 rows=1 width=2088) (actual time=0.007..0.010 rows=1 loops=1)',), (""  Index Cond: ((email)::text = 'etwvcqektg@example.com'::text)"",), ('  Buffers: shared hit=3',), ('Planning Time: 0.023 ms',), ('Execution Time: 0.020 ms',)]"
327,HASH,0.0002946615219116211,"[('Index Scan using idx_email_hash on user_app  (cost=0.00..8.02 rows=1 width=2088) (actual time=0.004..0.006 rows=1 loops=1)',), (""  Index Cond: ((email)::text = 'sukolperwj@example.com'::text)"",), ('  Buffers: shared hit=2',), ('Planning Time: 0.019 ms',), ('Execution Time: 0.017 ms',)]"
328,No Index,0.0006401538848876953,"[('Index Scan using uniq_user_app_email on user_app  (cost=0.38..8.39 rows=1 width=2088) (actual time=0.019..0.024 rows=1 loops=1)',), (""  Index Cond: ((email)::text = 'bpauhhbhcp@example.com'::text)"",), ('  Buffers: shared hit=4',), ('Planning Time: 0.057 ms',), ('Execution Time: 0.047 ms',)]"
328,BTREE,0.0002613544464111328,"[('Index Scan using idx_email_btree on user_app  (cost=0.25..8.27 rows=1 width=2088) (actual time=0.009..0.012 rows=1 loops=1)',), (""  Index Cond: ((email)::text = 'skoabiulpv@example.com'::text)"",), ('  Buffers: shared hit=3',), ('Planning Time: 0.035 ms',), ('Execution Time: 0.025 ms',)]"
328,HASH,0.00019321441650390624,"[('Index Scan using idx_email_hash on user_app  (cost=0.00..8.02 rows=1 width=2088) (actual time=0.004..0.006 rows=1 loops=1)',), (""  Index Cond: ((email)::text = 'uemegjqzbj@example.com'::text)"",), ('  Buffers: shared hit=2',), ('Planning Time: 0.020 ms',), ('Execution Time: 0.018 ms',)]"
329,No Index,0.00019788742065429688,"[('Index Scan using uniq_user_app_email on user_app  (cost=0.38..8.39 rows=1 width=2088) (actual time=0.007..0.009 rows=1 loops=1)',), (""  Index Cond: ((email)::text = 'udaxxihjtd@example.com'::text)"",), ('  Buffers: shared hit=4',), ('Planning Time: 0.017 ms',), ('Execution Time: 0.020 ms',)]"
329,BTREE,0.00019686222076416017,"[('Index Scan using idx_email_btree on user_app  (cost=0.25..8.27 rows=1 width=2088) (actual time=0.006..0.008 rows=1 loops=1)',), (""  Index Cond: ((email)::text = 'kdkvswvkhp@example.com'::text)"",), ('  Buffers: shared hit=3',), ('Planning Time: 0.019 ms',), ('Execution Time: 0.019 ms',)]"
329,HASH,0.000197601318359375,"[('Index Scan using idx_email_hash on user_app  (cost=0.00..8.02 rows=1 width=2088) (actual time=0.004..0.007 rows=1 loops=1)',), (""  Index Cond: ((email)::text = 'eflnpdjlcf@example.com'::text)"",), ('  Buffers: shared hit=2',), ('Planning Time: 0.019 ms',), ('Execution Time: 0.018 ms',)]"
330,No Index,0.0002922534942626953,"[('Index Scan using uniq_user_app_email on user_app  (cost=0.38..8.39 rows=1 width=2088) (actual time=0.007..0.010 rows=1 loops=1)',), (""  Index Cond: ((email)::text = 'tbsetriwpi@example.com'::text)"",), ('  Buffers: shared hit=4',), ('Planning Time: 0.019 ms',), ('Execution Time: 0.020 ms',)]"
330,BTREE,0.000623631477355957,"[('Index Scan using idx_email_btree on user_app  (cost=0.25..8.27 rows=1 width=2088) (actual time=0.016..0.020 rows=1 loops=1)',), (""  Index Cond: ((email)::text = 'ghowomsujf@example.com'::text)"",), ('  Buffers: shared hit=3',), ('Planning Time: 0.063 ms',), ('Execution Time: 0.042 ms',)]"
330,HASH,0.000659942626953125,"[('Index Scan using idx_email_hash on user_app  (cost=0.00..8.02 rows=1 width=2088) (actual time=0.010..0.015 rows=1 loops=1)',), (""  Index Cond: ((email)::text = 'mlfijtajji@example.com'::text)"",), ('  Buffers: shared hit=2',), ('Planning Time: 0.063 ms',), ('Execution Time: 0.036 ms',)]"
331,No Index,0.0005283117294311524,"[('Index Scan using uniq_user_app_email on user_app  (cost=0.38..8.39 rows=1 width=2088) (actual time=0.017..0.021 rows=1 loops=1)',), (""  Index Cond: ((email)::text = 'cuqmrnkxzc@example.com'::text)"",), ('  Buffers: shared hit=4',), ('Planning Time: 0.046 ms',), ('Execution Time: 0.041 ms',)]"
331,BTREE,0.00048694610595703127,"[('Index Scan using idx_email_btree on user_app  (cost=0.25..8.27 rows=1 width=2088) (actual time=0.012..0.017 rows=1 loops=1)',), (""  Index Cond: ((email)::text = 'hsaqpljklo@example.com'::text)"",), ('  Buffers: shared hit=3',), ('Planning Time: 0.050 ms',), ('Execution Time: 0.037 ms',)]"
331,HASH,0.000297856330871582,"[('Index Scan using idx_email_hash on user_app  (cost=0.00..8.02 rows=1 width=2088) (actual time=0.010..0.013 rows=1 loops=1)',), (""  Index Cond: ((email)::text = 'fbpjnxzkej@example.com'::text)"",), ('  Buffers: shared hit=2',), ('Planning Time: 0.047 ms',), ('Execution Time: 0.029 ms',)]"
332,No Index,0.0008760690689086914,"[('Index Scan using uniq_user_app_email on user_app  (cost=0.38..8.39 rows=1 width=2088) (actual time=0.031..0.038 rows=1 loops=1)',), (""  Index Cond: ((email)::text = 'djoqhzrzid@example.com'::text)"",), ('  Buffers: shared hit=4',), ('Planning Time: 0.085 ms',), ('Execution Time: 0.067 ms',)]"
332,BTREE,0.000282597541809082,"[('Index Scan using idx_email_btree on user_app  (cost=0.25..8.27 rows=1 width=2088) (actual time=0.007..0.009 rows=1 loops=1)',), (""  Index Cond: ((email)::text = 'atxohceprp@example.com'::text)"",), ('  Buffers: shared hit=3',), ('Planning Time: 0.023 ms',), ('Execution Time: 0.020 ms',)]"
332,HASH,0.0002515077590942383,"[('Index Scan using idx_email_hash on user_app  (cost=0.00..8.02 rows=1 width=2088) (actual time=0.004..0.007 rows=1 loops=1)',), (""  Index Cond: ((email)::text = 'fxgplkafjp@example.com'::text)"",), ('  Buffers: shared hit=2',), ('Planning Time: 0.019 ms',), ('Execution Time: 0.017 ms',)]"
333,No Index,0.0006722688674926757,"[('Index Scan using uniq_user_app_email on user_app  (cost=0.38..8.39 rows=1 width=2088) (actual time=0.019..0.024 rows=1 loops=1)',), (""  Index Cond: ((email)::text = 'vqckmqalkz@example.com'::text)"",), ('  Buffers: shared hit=4',), ('Planning Time: 0.052 ms',), ('Execution Time: 0.045 ms',)]"
333,BTREE,0.0003059148788452148,"[('Index Scan using idx_email_btree on user_app  (cost=0.25..8.27 rows=1 width=2088) (actual time=0.010..0.014 rows=1 loops=1)',), (""  Index Cond: ((email)::text = 'qgpvkdimwd@example.com'::text)"",), ('  Buffers: shared hit=3',), ('Planning Time: 0.040 ms',), ('Execution Time: 0.030 ms',)]"
333,HASH,0.0003004789352416992,"[('Index Scan using idx_email_hash on user_app  (cost=0.00..8.02 rows=1 width=2088) (actual time=0.007..0.010 rows=1 loops=1)',), (""  Index Cond: ((email)::text = 'dfrxawijno@example.com'::text)"",), ('  Buffers: shared hit=2',), ('Planning Time: 0.039 ms',), ('Execution Time: 0.027 ms',)]"
334,No Index,0.0002722740173339844,"[('Index Scan using uniq_user_app_email on user_app  (cost=0.38..8.39 rows=1 width=2088) (actual time=0.007..0.010 rows=1 loops=1)',), (""  Index Cond: ((email)::text = 'hmwocqxznh@example.com'::text)"",), ('  Buffers: shared hit=4',), ('Planning Time: 0.017 ms',), ('Execution Time: 0.020 ms',)]"
334,BTREE,0.0006650924682617187,"[('Index Scan using idx_email_btree on user_app  (cost=0.25..8.27 rows=1 width=2088) (actual time=0.014..0.019 rows=1 loops=1)',), (""  Index Cond: ((email)::text = 'ptnpsejwme@example.com'::text)"",), ('  Buffers: shared hit=3',), ('Planning Time: 0.088 ms',), ('Execution Time: 0.040 ms',)]"
334,HASH,0.0002590179443359375,"[('Index Scan using idx_email_hash on user_app  (cost=0.00..8.02 rows=1 width=2088) (actual time=0.004..0.007 rows=1 loops=1)',), (""  Index Cond: ((email)::text = 'zgzoxcmsiz@example.com'::text)"",), ('  Buffers: shared hit=2',), ('Planning Time: 0.022 ms',), ('Execution Time: 0.019 ms',)]"
335,No Index,0.0002623319625854492,"[('Index Scan using uniq_user_app_email on user_app  (cost=0.38..8.39 rows=1 width=2088) (actual time=0.008..0.010 rows=1 loops=1)',), (""  Index Cond: ((email)::text = 'estsbnpiif@example.com'::text)"",), ('  Buffers: shared hit=4',), ('Planning Time: 0.019 ms',), ('Execution Time: 0.021 ms',)]"
335,BTREE,0.0002622842788696289,"[('Index Scan using idx_email_btree on user_app  (cost=0.25..8.27 rows=1 width=2088) (actual time=0.006..0.009 rows=1 loops=1)',), (""  Index Cond: ((email)::text = 'slqgsqixdm@example.com'::text)"",), ('  Buffers: shared hit=3',), ('Planning Time: 0.022 ms',), ('Execution Time: 0.019 ms',)]"
335,HASH,0.00026123523712158204,"[('Index Scan using idx_email_hash on user_app  (cost=0.00..8.02 rows=1 width=2088) (actual time=0.005..0.008 rows=1 loops=1)',), (""  Index Cond: ((email)::text = 'kxxilddpea@example.com'::text)"",), ('  Buffers: shared hit=2',), ('Planning Time: 0.021 ms',), ('Execution Time: 0.020 ms',)]"
336,No Index,0.000262904167175293,"[('Index Scan using uniq_user_app_email on user_app  (cost=0.38..8.39 rows=1 width=2088) (actual time=0.008..0.011 rows=1 loops=1)',), (""  Index Cond: ((email)::text = 'rrgfuiplwr@example.com'::text)"",), ('  Buffers: shared hit=4',), ('Planning Time: 0.021 ms',), ('Execution Time: 0.021 ms',)]"
336,BTREE,0.00026047229766845703,"[('Index Scan using idx_email_btree on user_app  (cost=0.25..8.27 rows=1 width=2088) (actual time=0.006..0.010 rows=1 loops=1)',), (""  Index Cond: ((email)::text = 'rcnqdyaikn@example.com'::text)"",), ('  Buffers: shared hit=3',), ('Planning Time: 0.022 ms',), ('Execution Time: 0.020 ms',)]"
336,HASH,0.000255894660949707,"[('Index Scan using idx_email_hash on user_app  (cost=0.00..8.02 rows=1 width=2088) (actual time=0.004..0.006 rows=1 loops=1)',), (""  Index Cond: ((email)::text = 'vdqinggifr@example.com'::text)"",), ('  Buffers: shared hit=2',), ('Planning Time: 0.019 ms',), ('Execution Time: 0.017 ms',)]"
337,No Index,0.00026237964630126953,"[('Index Scan using uniq_user_app_email on user_app  (cost=0.38..8.39 rows=1 width=2088) (actual time=0.008..0.010 rows=1 loops=1)',), (""  Index Cond: ((email)::text = 'ldoaplxhjr@example.com'::text)"",), ('  Buffers: shared hit=4',), ('Planning Time: 0.020 ms',), ('Execution Time: 0.021 ms',)]"
337,BTREE,0.0006227970123291015,"[('Index Scan using idx_email_btree on user_app  (cost=0.25..8.27 rows=1 width=2088) (actual time=0.016..0.020 rows=1 loops=1)',), (""  Index Cond: ((email)::text = 'ewknasmpwv@example.com'::text)"",), ('  Buffers: shared hit=3',), ('Planning Time: 0.062 ms',), ('Execution Time: 0.042 ms',)]"
337,HASH,0.0002499103546142578,"[('Index Scan using idx_email_hash on user_app  (cost=0.00..8.02 rows=1 width=2088) (actual time=0.004..0.007 rows=1 loops=1)',), (""  Index Cond: ((email)::text = 'edscktjtlx@example.com'::text)"",), ('  Buffers: shared hit=2',), ('Planning Time: 0.019 ms',), ('Execution Time: 0.018 ms',)]"
338,No Index,0.0004790067672729492,"[('Index Scan using uniq_user_app_email on user_app  (cost=0.38..8.39 rows=1 width=2088) (actual time=0.021..0.025 rows=1 loops=1)',), (""  Index Cond: ((email)::text = 'zqylnachfp@example.com'::text)"",), ('  Buffers: shared hit=4',), ('Planning Time: 0.047 ms',), ('Execution Time: 0.048 ms',)]"
338,BTREE,0.00025730133056640626,"[('Index Scan using idx_email_btree on user_app  (cost=0.25..8.27 rows=1 width=2088) (actual time=0.005..0.008 rows=1 loops=1)',), (""  Index Cond: ((email)::text = 'wdmchjnkwn@example.com'::text)"",), ('  Buffers: shared hit=3',), ('Planning Time: 0.020 ms',), ('Execution Time: 0.018 ms',)]"
338,HASH,0.00026640892028808596,"[('Index Scan using idx_email_hash on user_app  (cost=0.00..8.02 rows=1 width=2088) (actual time=0.005..0.008 rows=1 loops=1)',), (""  Index Cond: ((email)::text = 'uqlceiuszv@example.com'::text)"",), ('  Buffers: shared hit=2',), ('Planning Time: 0.023 ms',), ('Execution Time: 0.019 ms',)]"
339,No Index,0.0002726078033447266,"[('Index Scan using uniq_user_app_email on user_app  (cost=0.38..8.39 rows=1 width=2088) (actual time=0.008..0.011 rows=1 loops=1)',), (""  Index Cond: ((email)::text = 'qkqslxpjem@example.com'::text)"",), ('  Buffers: shared hit=4',), ('Planning Time: 0.021 ms',), ('Execution Time: 0.022 ms',)]"
339,BTREE,0.0002744913101196289,"[('Index Scan using idx_email_btree on user_app  (cost=0.25..8.27 rows=1 width=2088) (actual time=0.006..0.009 rows=1 loops=1)',), (""  Index Cond: ((email)::text = 'iwgdngksuy@example.com'::text)"",), ('  Buffers: shared hit=3',), ('Planning Time: 0.023 ms',), ('Execution Time: 0.020 ms',)]"
339,HASH,0.00046918392181396487,"[('Index Scan using idx_email_hash on user_app  (cost=0.00..8.02 rows=1 width=2088) (actual time=0.010..0.014 rows=1 loops=1)',), (""  Index Cond: ((email)::text = 'yqanbvplle@example.com'::text)"",), ('  Buffers: shared hit=2',), ('Planning Time: 0.054 ms',), ('Execution Time: 0.035 ms',)]"
340,No Index,0.00025615692138671877,"[('Index Scan using uniq_user_app_email on user_app  (cost=0.38..8.39 rows=1 width=2088) (actual time=0.007..0.009 rows=1 loops=1)',), (""  Index Cond: ((email)::text = 'najcizljfw@example.com'::text)"",), ('  Buffers: shared hit=4',), ('Planning Time: 0.018 ms',), ('Execution Time: 0.019 ms',)]"
340,BTREE,0.0002618551254272461,"[('Index Scan using idx_email_btree on user_app  (cost=0.25..8.27 rows=1 width=2088) (actual time=0.007..0.009 rows=1 loops=1)',), (""  Index Cond: ((email)::text = 'ylajcggeeb@example.com'::text)"",), ('  Buffers: shared hit=3',), ('Planning Time: 0.023 ms',), ('Execution Time: 0.021 ms',)]"
340,HASH,0.0002698421478271484,"[('Index Scan using idx_email_hash on user_app  (cost=0.00..8.02 rows=1 width=2088) (actual time=0.005..0.008 rows=1 loops=1)',), (""  Index Cond: ((email)::text = 'hkfxpiuyuc@example.com'::text)"",), ('  Buffers: shared hit=2',), ('Planning Time: 0.023 ms',), ('Execution Time: 0.018 ms',)]"
341,No Index,0.00026590824127197265,"[('Index Scan using uniq_user_app_email on user_app  (cost=0.38..8.39 rows=1 width=2088) (actual time=0.008..0.011 rows=1 loops=1)',), (""  Index Cond: ((email)::text = 'sjolzbtjgs@example.com'::text)"",), ('  Buffers: shared hit=4',), ('Planning Time: 0.022 ms',), ('Execution Time: 0.023 ms',)]"
341,BTREE,0.000305628776550293,"[('Index Scan using idx_email_btree on user_app  (cost=0.25..8.27 rows=1 width=2088) (actual time=0.005..0.008 rows=1 loops=1)',), (""  Index Cond: ((email)::text = 'tfurgsjtxg@example.com'::text)"",), ('  Buffers: shared hit=3',), ('Planning Time: 0.020 ms',), ('Execution Time: 0.019 ms',)]"
341,HASH,0.0002777576446533203,"[('Index Scan using idx_email_hash on user_app  (cost=0.00..8.02 rows=1 width=2088) (actual time=0.005..0.008 rows=1 loops=1)',), (""  Index Cond: ((email)::text = 'kwfgkvcwrv@example.com'::text)"",), ('  Buffers: shared hit=2',), ('Planning Time: 0.023 ms',), ('Execution Time: 0.019 ms',)]"
342,No Index,0.0002732038497924805,"[('Index Scan using uniq_user_app_email on user_app  (cost=0.38..8.39 rows=1 width=2088) (actual time=0.008..0.011 rows=1 loops=1)',), (""  Index Cond: ((email)::text = 'xmcldtkalg@example.com'::text)"",), ('  Buffers: shared hit=4',), ('Planning Time: 0.022 ms',), ('Execution Time: 0.022 ms',)]"
342,BTREE,0.0002548456192016602,"[('Index Scan using idx_email_btree on user_app  (cost=0.25..8.27 rows=1 width=2088) (actual time=0.006..0.009 rows=1 loops=1)',), (""  Index Cond: ((email)::text = 'wdpbdbhhcb@example.com'::text)"",), ('  Buffers: shared hit=3',), ('Planning Time: 0.023 ms',), ('Execution Time: 0.021 ms',)]"
342,HASH,0.0002660274505615234,"[('Index Scan using idx_email_hash on user_app  (cost=0.00..8.02 rows=1 width=2088) (actual time=0.005..0.008 rows=1 loops=1)',), (""  Index Cond: ((email)::text = 'ygogerrrax@example.com'::text)"",), ('  Buffers: shared hit=2',), ('Planning Time: 0.026 ms',), ('Execution Time: 0.020 ms',)]"
343,No Index,0.00028793811798095704,"[('Index Scan using uniq_user_app_email on user_app  (cost=0.38..8.39 rows=1 width=2088) (actual time=0.008..0.010 rows=1 loops=1)',), (""  Index Cond: ((email)::text = 'rdahtfuqea@example.com'::text)"",), ('  Buffers: shared hit=4',), ('Planning Time: 0.021 ms',), ('Execution Time: 0.021 ms',)]"
343,BTREE,0.0002774477005004883,"[('Index Scan using idx_email_btree on user_app  (cost=0.25..8.27 rows=1 width=2088) (actual time=0.006..0.009 rows=1 loops=1)',), (""  Index Cond: ((email)::text = 'dvxviorpvl@example.com'::text)"",), ('  Buffers: shared hit=3',), ('Planning Time: 0.024 ms',), ('Execution Time: 0.020 ms',)]"
343,HASH,0.0005618572235107422,"[('Index Scan using idx_email_hash on user_app  (cost=0.00..8.02 rows=1 width=2088) (actual time=0.009..0.013 rows=1 loops=1)',), (""  Index Cond: ((email)::text = 'sejsvnlzuk@example.com'::text)"",), ('  Buffers: shared hit=2',), ('Planning Time: 0.049 ms',), ('Execution Time: 0.032 ms',)]"
344,No Index,0.0002597332000732422,"[('Index Scan using uniq_user_app_email on user_app  (cost=0.38..8.39 rows=1 width=2088) (actual time=0.007..0.010 rows=1 loops=1)',), (""  Index Cond: ((email)::text = 'ndvvktrozu@example.com'::text)"",), ('  Buffers: shared hit=4',), ('Planning Time: 0.017 ms',), ('Execution Time: 0.019 ms',)]"
344,BTREE,0.00026330947875976565,"[('Index Scan using idx_email_btree on user_app  (cost=0.25..8.27 rows=1 width=2088) (actual time=0.007..0.009 rows=1 loops=1)',), (""  Index Cond: ((email)::text = 'shqbkuhnbe@example.com'::text)"",), ('  Buffers: shared hit=3',), ('Planning Time: 0.026 ms',), ('Execution Time: 0.020 ms',)]"
344,HASH,0.00043804645538330077,"[('Index Scan using idx_email_hash on user_app  (cost=0.00..8.02 rows=1 width=2088) (actual time=0.008..0.012 rows=1 loops=1)',), (""  Index Cond: ((email)::text = 'cilaafncmi@example.com'::text)"",), ('  Buffers: shared hit=2',), ('Planning Time: 0.041 ms',), ('Execution Time: 0.029 ms',)]"
345,No Index,0.0003124713897705078,"[('Index Scan using uniq_user_app_email on user_app  (cost=0.38..8.39 rows=1 width=2088) (actual time=0.007..0.010 rows=1 loops=1)',), (""  Index Cond: ((email)::text = 'hbnogbctme@example.com'::text)"",), ('  Buffers: shared hit=4',), ('Planning Time: 0.017 ms',), ('Execution Time: 0.020 ms',)]"
345,BTREE,0.0006711006164550782,"[('Index Scan using idx_email_btree on user_app  (cost=0.25..8.27 rows=1 width=2088) (actual time=0.016..0.021 rows=1 loops=1)',), (""  Index Cond: ((email)::text = 'smemwmxzuo@example.com'::text)"",), ('  Buffers: shared hit=3',), ('Planning Time: 0.069 ms',), ('Execution Time: 0.043 ms',)]"
345,HASH,0.00026431083679199217,"[('Index Scan using idx_email_hash on user_app  (cost=0.00..8.02 rows=1 width=2088) (actual time=0.005..0.008 rows=1 loops=1)',), (""  Index Cond: ((email)::text = 'ldquclygxw@example.com'::text)"",), ('  Buffers: shared hit=2',), ('Planning Time: 0.022 ms',), ('Execution Time: 0.018 ms',)]"
346,No Index,0.0006642580032348633,"[('Index Scan using uniq_user_app_email on user_app  (cost=0.38..8.39 rows=1 width=2088) (actual time=0.019..0.024 rows=1 loops=1)',), (""  Index Cond: ((email)::text = 'qmxgaxwupb@example.com'::text)"",), ('  Buffers: shared hit=4',), ('Planning Time: 0.052 ms',), ('Execution Time: 0.047 ms',)]"
346,BTREE,0.0002592325210571289,"[('Index Scan using idx_email_btree on user_app  (cost=0.25..8.27 rows=1 width=2088) (actual time=0.007..0.009 rows=1 loops=1)',), (""  Index Cond: ((email)::text = 'fhwwyadbme@example.com'::text)"",), ('  Buffers: shared hit=3',), ('Planning Time: 0.024 ms',), ('Execution Time: 0.021 ms',)]"
346,HASH,0.0002610206604003906,"[('Index Scan using idx_email_hash on user_app  (cost=0.00..8.02 rows=1 width=2088) (actual time=0.004..0.008 rows=1 loops=1)',), (""  Index Cond: ((email)::text = 'kanbjrxxgr@example.com'::text)"",), ('  Buffers: shared hit=2',), ('Planning Time: 0.022 ms',), ('Execution Time: 0.018 ms',)]"
347,No Index,0.000256037712097168,"[('Index Scan using uniq_user_app_email on user_app  (cost=0.38..8.39 rows=1 width=2088) (actual time=0.007..0.011 rows=1 loops=1)',), (""  Index Cond: ((email)::text = 'shkuorncbn@example.com'::text)"",), ('  Buffers: shared hit=4',), ('Planning Time: 0.017 ms',), ('Execution Time: 0.020 ms',)]"
347,BTREE,0.00046646595001220703,"[('Index Scan using idx_email_btree on user_app  (cost=0.25..8.27 rows=1 width=2088) (actual time=0.011..0.015 rows=1 loops=1)',), (""  Index Cond: ((email)::text = 'tolamaqokm@example.com'::text)"",), ('  Buffers: shared hit=3',), ('Planning Time: 0.042 ms',), ('Execution Time: 0.032 ms',)]"
347,HASH,0.0006595134735107421,"[('Index Scan using idx_email_hash on user_app  (cost=0.00..8.02 rows=1 width=2088) (actual time=0.013..0.018 rows=1 loops=1)',), (""  Index Cond: ((email)::text = 'mgzazodjpb@example.com'::text)"",), ('  Buffers: shared hit=2',), ('Planning Time: 0.058 ms',), ('Execution Time: 0.039 ms',)]"
348,No Index,0.000481414794921875,"[('Index Scan using uniq_user_app_email on user_app  (cost=0.38..8.39 rows=1 width=2088) (actual time=0.016..0.021 rows=1 loops=1)',), (""  Index Cond: ((email)::text = 'jzsdtnrotv@example.com'::text)"",), ('  Buffers: shared hit=4',), ('Planning Time: 0.047 ms',), ('Execution Time: 0.040 ms',)]"
348,BTREE,0.0002955913543701172,"[('Index Scan using idx_email_btree on user_app  (cost=0.25..8.27 rows=1 width=2088) (actual time=0.005..0.008 rows=1 loops=1)',), (""  Index Cond: ((email)::text = 'cpevxtousq@example.com'::text)"",), ('  Buffers: shared hit=3',), ('Planning Time: 0.019 ms',), ('Execution Time: 0.019 ms',)]"
348,HASH,0.00026562213897705076,"[('Index Scan using idx_email_hash on user_app  (cost=0.00..8.02 rows=1 width=2088) (actual time=0.005..0.008 rows=1 loops=1)',), (""  Index Cond: ((email)::text = 'gmcagsdmkq@example.com'::text)"",), ('  Buffers: shared hit=2',), ('Planning Time: 0.023 ms',), ('Execution Time: 0.019 ms',)]"
349,No Index,0.0006048679351806641,"[('Index Scan using uniq_user_app_email on user_app  (cost=0.38..8.39 rows=1 width=2088) (actual time=0.021..0.025 rows=1 loops=1)',), (""  Index Cond: ((email)::text = 'pkrboakwxl@example.com'::text)"",), ('  Buffers: shared hit=4',), ('Planning Time: 0.057 ms',), ('Execution Time: 0.048 ms',)]"
349,BTREE,0.0005342960357666016,"[('Index Scan using idx_email_btree on user_app  (cost=0.25..8.27 rows=1 width=2088) (actual time=0.015..0.020 rows=1 loops=1)',), (""  Index Cond: ((email)::text = 'byrkfnfbvn@example.com'::text)"",), ('  Buffers: shared hit=3',), ('Planning Time: 0.062 ms',), ('Execution Time: 0.041 ms',)]"
349,HASH,0.00019805431365966798,"[('Index Scan using idx_email_hash on user_app  (cost=0.00..8.02 rows=1 width=2088) (actual time=0.003..0.006 rows=1 loops=1)',), (""  Index Cond: ((email)::text = 'ezpeebxfek@example.com'::text)"",), ('  Buffers: shared hit=2',), ('Planning Time: 0.019 ms',), ('Execution Time: 0.016 ms',)]"
350,No Index,0.0003107309341430664,"[('Index Scan using uniq_user_app_email on user_app  (cost=0.38..8.39 rows=1 width=2088) (actual time=0.013..0.018 rows=1 loops=1)',), (""  Index Cond: ((email)::text = 'xnqokwpqxv@example.com'::text)"",), ('  Buffers: shared hit=4',), ('Planning Time: 0.034 ms',), ('Execution Time: 0.033 ms',)]"
350,BTREE,0.00019767284393310547,"[('Index Scan using idx_email_btree on user_app  (cost=0.25..8.27 rows=1 width=2088) (actual time=0.005..0.008 rows=1 loops=1)',), (""  Index Cond: ((email)::text = 'xlvyvkthnf@example.com'::text)"",), ('  Buffers: shared hit=3',), ('Planning Time: 0.019 ms',), ('Execution Time: 0.019 ms',)]"
350,HASH,0.0004048347473144531,"[('Index Scan using idx_email_hash on user_app  (cost=0.00..8.02 rows=1 width=2088) (actual time=0.003..0.007 rows=1 loops=1)',), (""  Index Cond: ((email)::text = 'uidmuamsnh@example.com'::text)"",), ('  Buffers: shared hit=2',), ('Planning Time: 0.019 ms',), ('Execution Time: 0.018 ms',)]"
351,No Index,0.00026552677154541017,"[('Index Scan using uniq_user_app_email on user_app  (cost=0.38..8.39 rows=1 width=2088) (actual time=0.006..0.009 rows=1 loops=1)',), (""  Index Cond: ((email)::text = 'ltbsoaivkx@example.com'::text)"",), ('  Buffers: shared hit=4',), ('Planning Time: 0.017 ms',), ('Execution Time: 0.020 ms',)]"
351,BTREE,0.0006657600402832031,"[('Index Scan using idx_email_btree on user_app  (cost=0.25..8.27 rows=1 width=2088) (actual time=0.014..0.019 rows=1 loops=1)',), (""  Index Cond: ((email)::text = 'brsrruexeo@example.com'::text)"",), ('  Buffers: shared hit=3',), ('Planning Time: 0.058 ms',), ('Execution Time: 0.041 ms',)]"
351,HASH,0.0002601385116577148,"[('Index Scan using idx_email_hash on user_app  (cost=0.00..8.02 rows=1 width=2088) (actual time=0.005..0.008 rows=1 loops=1)',), (""  Index Cond: ((email)::text = 'udqdptofqe@example.com'::text)"",), ('  Buffers: shared hit=2',), ('Planning Time: 0.024 ms',), ('Execution Time: 0.018 ms',)]"
352,No Index,0.0002604007720947266,"[('Index Scan using uniq_user_app_email on user_app  (cost=0.38..8.39 rows=1 width=2088) (actual time=0.008..0.011 rows=1 loops=1)',), (""  Index Cond: ((email)::text = 'prvnlyyhah@example.com'::text)"",), ('  Buffers: shared hit=4',), ('Planning Time: 0.020 ms',), ('Execution Time: 0.022 ms',)]"
352,BTREE,0.00025959014892578124,"[('Index Scan using idx_email_btree on user_app  (cost=0.25..8.27 rows=1 width=2088) (actual time=0.005..0.008 rows=1 loops=1)',), (""  Index Cond: ((email)::text = 'yfyzidhncj@example.com'::text)"",), ('  Buffers: shared hit=3',), ('Planning Time: 0.022 ms',), ('Execution Time: 0.019 ms',)]"
352,HASH,0.0004636287689208984,"[('Index Scan using idx_email_hash on user_app  (cost=0.00..8.02 rows=1 width=2088) (actual time=0.009..0.014 rows=1 loops=1)',), (""  Index Cond: ((email)::text = 'tyatbbqnja@example.com'::text)"",), ('  Buffers: shared hit=2',), ('Planning Time: 0.051 ms',), ('Execution Time: 0.034 ms',)]"
353,No Index,0.0002521514892578125,"[('Index Scan using uniq_user_app_email on user_app  (cost=0.38..8.39 rows=1 width=2088) (actual time=0.007..0.009 rows=1 loops=1)',), (""  Index Cond: ((email)::text = 'mtxsworgye@example.com'::text)"",), ('  Buffers: shared hit=4',), ('Planning Time: 0.017 ms',), ('Execution Time: 0.020 ms',)]"
353,BTREE,0.00026297569274902344,"[('Index Scan using idx_email_btree on user_app  (cost=0.25..8.27 rows=1 width=2088) (actual time=0.005..0.008 rows=1 loops=1)',), (""  Index Cond: ((email)::text = 'fdluqlmdun@example.com'::text)"",), ('  Buffers: shared hit=3',), ('Planning Time: 0.019 ms',), ('Execution Time: 0.018 ms',)]"
353,HASH,0.00026121139526367185,"[('Index Scan using idx_email_hash on user_app  (cost=0.00..8.02 rows=1 width=2088) (actual time=0.004..0.008 rows=1 loops=1)',), (""  Index Cond: ((email)::text = 'pejtwvpxtm@example.com'::text)"",), ('  Buffers: shared hit=2',), ('Planning Time: 0.022 ms',), ('Execution Time: 0.018 ms',)]"
354,No Index,0.0003012180328369141,"[('Index Scan using uniq_user_app_email on user_app  (cost=0.38..8.39 rows=1 width=2088) (actual time=0.008..0.010 rows=1 loops=1)',), (""  Index Cond: ((email)::text = 'gaijmsfpdp@example.com'::text)"",), ('  Buffers: shared hit=4',), ('Planning Time: 0.022 ms',), ('Execution Time: 0.022 ms',)]"
354,BTREE,0.0002538442611694336,"[('Index Scan using idx_email_btree on user_app  (cost=0.25..8.27 rows=1 width=2088) (actual time=0.015..0.018 rows=1 loops=1)',), (""  Index Cond: ((email)::text = 'mubkqambrh@example.com'::text)"",), ('  Buffers: shared hit=3',), ('Planning Time: 0.019 ms',), ('Execution Time: 0.030 ms',)]"
354,HASH,0.0002603292465209961,"[('Index Scan using idx_email_hash on user_app  (cost=0.00..8.02 rows=1 width=2088) (actual time=0.006..0.009 rows=1 loops=1)',), (""  Index Cond: ((email)::text = 'escvdjylhn@example.com'::text)"",), ('  Buffers: shared hit=2',), ('Planning Time: 0.024 ms',), ('Execution Time: 0.022 ms',)]"
355,No Index,0.0002653837203979492,"[('Index Scan using uniq_user_app_email on user_app  (cost=0.38..8.39 rows=1 width=2088) (actual time=0.007..0.009 rows=1 loops=1)',), (""  Index Cond: ((email)::text = 'zysjutfsnn@example.com'::text)"",), ('  Buffers: shared hit=4',), ('Planning Time: 0.016 ms',), ('Execution Time: 0.020 ms',)]"
355,BTREE,0.0003383159637451172,"[('Index Scan using idx_email_btree on user_app  (cost=0.25..8.27 rows=1 width=2088) (actual time=0.012..0.017 rows=1 loops=1)',), (""  Index Cond: ((email)::text = 'bnivpdvudj@example.com'::text)"",), ('  Buffers: shared hit=3',), ('Planning Time: 0.048 ms',), ('Execution Time: 0.034 ms',)]"
355,HASH,0.0003995418548583984,"[('Index Scan using idx_email_hash on user_app  (cost=0.00..8.02 rows=1 width=2088) (actual time=0.006..0.009 rows=1 loops=1)',), (""  Index Cond: ((email)::text = 'igswokihol@example.com'::text)"",), ('  Buffers: shared hit=2',), ('Planning Time: 0.027 ms',), ('Execution Time: 0.022 ms',)]"
356,No Index,0.00031671524047851565,"[('Index Scan using uniq_user_app_email on user_app  (cost=0.38..8.39 rows=1 width=2088) (actual time=0.009..0.011 rows=1 loops=1)',), (""  Index Cond: ((email)::text = 'andhhlgihh@example.com'::text)"",), ('  Buffers: shared hit=4',), ('Planning Time: 0.021 ms',), ('Execution Time: 0.022 ms',)]"
356,BTREE,0.0002519369125366211,"[('Index Scan using idx_email_btree on user_app  (cost=0.25..8.27 rows=1 width=2088) (actual time=0.005..0.009 rows=1 loops=1)',), (""  Index Cond: ((email)::text = 'jrictddzcm@example.com'::text)"",), ('  Buffers: shared hit=3',), ('Planning Time: 0.020 ms',), ('Execution Time: 0.019 ms',)]"
356,HASH,0.0002552509307861328,"[('Index Scan using idx_email_hash on user_app  (cost=0.00..8.02 rows=1 width=2088) (actual time=0.004..0.006 rows=1 loops=1)',), (""  Index Cond: ((email)::text = 'bltywuzjsc@example.com'::text)"",), ('  Buffers: shared hit=2',), ('Planning Time: 0.019 ms',), ('Execution Time: 0.017 ms',)]"
357,No Index,0.0004758119583129883,"[('Index Scan using uniq_user_app_email on user_app  (cost=0.38..8.39 rows=1 width=2088) (actual time=0.020..0.025 rows=1 loops=1)',), (""  Index Cond: ((email)::text = 'rrixdjcfcw@example.com'::text)"",), ('  Buffers: shared hit=4',), ('Planning Time: 0.049 ms',), ('Execution Time: 0.046 ms',)]"
357,BTREE,0.00018849372863769532,"[('Index Scan using idx_email_btree on user_app  (cost=0.25..8.27 rows=1 width=2088) (actual time=0.005..0.007 rows=1 loops=1)',), (""  Index Cond: ((email)::text = 'awkqyeaurc@example.com'::text)"",), ('  Buffers: shared hit=3',), ('Planning Time: 0.019 ms',), ('Execution Time: 0.017 ms',)]"
357,HASH,0.00030193328857421877,"[('Index Scan using idx_email_hash on user_app  (cost=0.00..8.02 rows=1 width=2088) (actual time=0.005..0.008 rows=1 loops=1)',), (""  Index Cond: ((email)::text = 'zvpjhswcax@example.com'::text)"",), ('  Buffers: shared hit=2',), ('Planning Time: 0.023 ms',), ('Execution Time: 0.019 ms',)]"
358,No Index,0.0004033803939819336,"[('Index Scan using uniq_user_app_email on user_app  (cost=0.38..8.39 rows=1 width=2088) (actual time=0.008..0.011 rows=1 loops=1)',), (""  Index Cond: ((email)::text = 'hwvkodqfuu@example.com'::text)"",), ('  Buffers: shared hit=4',), ('Planning Time: 0.022 ms',), ('Execution Time: 0.023 ms',)]"
358,BTREE,0.0002623081207275391,"[('Index Scan using idx_email_btree on user_app  (cost=0.25..8.27 rows=1 width=2088) (actual time=0.006..0.009 rows=1 loops=1)',), (""  Index Cond: ((email)::text = 'czloonhoei@example.com'::text)"",), ('  Buffers: shared hit=3',), ('Planning Time: 0.023 ms',), ('Execution Time: 0.020 ms',)]"
358,HASH,0.0005741596221923828,"[('Index Scan using idx_email_hash on user_app  (cost=0.00..8.02 rows=1 width=2088) (actual time=0.010..0.014 rows=1 loops=1)',), (""  Index Cond: ((email)::text = 'ccnnxwxzar@example.com'::text)"",), ('  Buffers: shared hit=2',), ('Planning Time: 0.056 ms',), ('Execution Time: 0.035 ms',)]"
359,No Index,0.0006793498992919922,"[('Index Scan using uniq_user_app_email on user_app  (cost=0.38..8.39 rows=1 width=2088) (actual time=0.016..0.020 rows=1 loops=1)',), (""  Index Cond: ((email)::text = 'ydowdslmaw@example.com'::text)"",), ('  Buffers: shared hit=4',), ('Planning Time: 0.046 ms',), ('Execution Time: 0.041 ms',)]"
359,BTREE,0.0002676248550415039,"[('Index Scan using idx_email_btree on user_app  (cost=0.25..8.27 rows=1 width=2088) (actual time=0.005..0.008 rows=1 loops=1)',), (""  Index Cond: ((email)::text = 'hzartbakyo@example.com'::text)"",), ('  Buffers: shared hit=3',), ('Planning Time: 0.020 ms',), ('Execution Time: 0.019 ms',)]"
359,HASH,0.00024492740631103515,"[('Index Scan using idx_email_hash on user_app  (cost=0.00..8.02 rows=1 width=2088) (actual time=0.003..0.006 rows=1 loops=1)',), (""  Index Cond: ((email)::text = 'vqqvydlosq@example.com'::text)"",), ('  Buffers: shared hit=2',), ('Planning Time: 0.019 ms',), ('Execution Time: 0.016 ms',)]"
360,No Index,0.0004726886749267578,"[('Index Scan using uniq_user_app_email on user_app  (cost=0.38..8.39 rows=1 width=2088) (actual time=0.016..0.021 rows=1 loops=1)',), (""  Index Cond: ((email)::text = 'cbpmgbpxmq@example.com'::text)"",), ('  Buffers: shared hit=4',), ('Planning Time: 0.046 ms',), ('Execution Time: 0.041 ms',)]"
360,BTREE,0.00028002262115478516,"[('Index Scan using idx_email_btree on user_app  (cost=0.25..8.27 rows=1 width=2088) (actual time=0.007..0.009 rows=1 loops=1)',), (""  Index Cond: ((email)::text = 'xtstgikxfk@example.com'::text)"",), ('  Buffers: shared hit=3',), ('Planning Time: 0.023 ms',), ('Execution Time: 0.019 ms',)]"
360,HASH,0.00025491714477539064,"[('Index Scan using idx_email_hash on user_app  (cost=0.00..8.02 rows=1 width=2088) (actual time=0.004..0.007 rows=1 loops=1)',), (""  Index Cond: ((email)::text = 'xfwclqwglt@example.com'::text)"",), ('  Buffers: shared hit=2',), ('Planning Time: 0.021 ms',), ('Execution Time: 0.017 ms',)]"
361,No Index,0.00026171207427978517,"[('Index Scan using uniq_user_app_email on user_app  (cost=0.38..8.39 rows=1 width=2088) (actual time=0.008..0.010 rows=1 loops=1)',), (""  Index Cond: ((email)::text = 'rapxhawzlv@example.com'::text)"",), ('  Buffers: shared hit=4',), ('Planning Time: 0.019 ms',), ('Execution Time: 0.021 ms',)]"
361,BTREE,0.00033164024353027344,"[('Index Scan using idx_email_btree on user_app  (cost=0.25..8.27 rows=1 width=2088) (actual time=0.012..0.016 rows=1 loops=1)',), (""  Index Cond: ((email)::text = 'rapxhawzlv@example.com'::text)"",), ('  Buffers: shared hit=3',), ('Planning Time: 0.049 ms',), ('Execution Time: 0.035 ms',)]"
361,HASH,0.00025053024291992186,"[('Index Scan using idx_email_hash on user_app  (cost=0.00..8.02 rows=1 width=2088) (actual time=0.004..0.007 rows=1 loops=1)',), (""  Index Cond: ((email)::text = 'kjvugffhct@example.com'::text)"",), ('  Buffers: shared hit=2',), ('Planning Time: 0.019 ms',), ('Execution Time: 0.017 ms',)]"
362,No Index,0.0005689859390258789,"[('Index Scan using uniq_user_app_email on user_app  (cost=0.38..8.39 rows=1 width=2088) (actual time=0.020..0.025 rows=1 loops=1)',), (""  Index Cond: ((email)::text = 'jexpzkzoum@example.com'::text)"",), ('  Buffers: shared hit=4',), ('Planning Time: 0.057 ms',), ('Execution Time: 0.047 ms',)]"
362,BTREE,0.0002673149108886719,"[('Index Scan using idx_email_btree on user_app  (cost=0.25..8.27 rows=1 width=2088) (actual time=0.006..0.009 rows=1 loops=1)',), (""  Index Cond: ((email)::text = 'egyxkptohp@example.com'::text)"",), ('  Buffers: shared hit=3',), ('Planning Time: 0.022 ms',), ('Execution Time: 0.020 ms',)]"
362,HASH,0.00026109218597412107,"[('Index Scan using idx_email_hash on user_app  (cost=0.00..8.02 rows=1 width=2088) (actual time=0.004..0.007 rows=1 loops=1)',), (""  Index Cond: ((email)::text = 'wlmsedhcsj@example.com'::text)"",), ('  Buffers: shared hit=2',), ('Planning Time: 0.022 ms',), ('Execution Time: 0.018 ms',)]"
363,No Index,0.0002903461456298828,"[('Index Scan using uniq_user_app_email on user_app  (cost=0.38..8.39 rows=1 width=2088) (actual time=0.009..0.011 rows=1 loops=1)',), (""  Index Cond: ((email)::text = 'aqfxsggqfc@example.com'::text)"",), ('  Buffers: shared hit=4',), ('Planning Time: 0.022 ms',), ('Execution Time: 0.023 ms',)]"
363,BTREE,0.0001974344253540039,"[('Index Scan using idx_email_btree on user_app  (cost=0.25..8.27 rows=1 width=2088) (actual time=0.006..0.009 rows=1 loops=1)',), (""  Index Cond: ((email)::text = 'ulmimqyiiq@example.com'::text)"",), ('  Buffers: shared hit=3',), ('Planning Time: 0.019 ms',), ('Execution Time: 0.019 ms',)]"
363,HASH,0.00025107860565185545,"[('Index Scan using idx_email_hash on user_app  (cost=0.00..8.02 rows=1 width=2088) (actual time=0.004..0.006 rows=1 loops=1)',), (""  Index Cond: ((email)::text = 'felslhxjbf@example.com'::text)"",), ('  Buffers: shared hit=2',), ('Planning Time: 0.018 ms',), ('Execution Time: 0.017 ms',)]"
364,No Index,0.00027148723602294923,"[('Index Scan using uniq_user_app_email on user_app  (cost=0.38..8.39 rows=1 width=2088) (actual time=0.008..0.011 rows=1 loops=1)',), (""  Index Cond: ((email)::text = 'fgqjdwwagc@example.com'::text)"",), ('  Buffers: shared hit=4',), ('Planning Time: 0.019 ms',), ('Execution Time: 0.022 ms',)]"
364,BTREE,0.0002642393112182617,"[('Index Scan using idx_email_btree on user_app  (cost=0.25..8.27 rows=1 width=2088) (actual time=0.006..0.008 rows=1 loops=1)',), (""  Index Cond: ((email)::text = 'fewcschoim@example.com'::text)"",), ('  Buffers: shared hit=3',), ('Planning Time: 0.022 ms',), ('Execution Time: 0.020 ms',)]"
364,HASH,0.0002620697021484375,"[('Index Scan using idx_email_hash on user_app  (cost=0.00..8.02 rows=1 width=2088) (actual time=0.005..0.007 rows=1 loops=1)',), (""  Index Cond: ((email)::text = 'bleqvcuage@example.com'::text)"",), ('  Buffers: shared hit=2',), ('Planning Time: 0.023 ms',), ('Execution Time: 0.018 ms',)]"
365,No Index,0.00026562213897705076,"[('Index Scan using uniq_user_app_email on user_app  (cost=0.38..8.39 rows=1 width=2088) (actual time=0.008..0.011 rows=1 loops=1)',), (""  Index Cond: ((email)::text = 'nqhrcoehrt@example.com'::text)"",), ('  Buffers: shared hit=4',), ('Planning Time: 0.019 ms',), ('Execution Time: 0.022 ms',)]"
365,BTREE,0.00026752948760986326,"[('Index Scan using idx_email_btree on user_app  (cost=0.25..8.27 rows=1 width=2088) (actual time=0.006..0.008 rows=1 loops=1)',), (""  Index Cond: ((email)::text = 'xqkniintqb@example.com'::text)"",), ('  Buffers: shared hit=3',), ('Planning Time: 0.022 ms',), ('Execution Time: 0.019 ms',)]"
365,HASH,0.0002641439437866211,"[('Index Scan using idx_email_hash on user_app  (cost=0.00..8.02 rows=1 width=2088) (actual time=0.005..0.008 rows=1 loops=1)',), (""  Index Cond: ((email)::text = 'nqhrcoehrt@example.com'::text)"",), ('  Buffers: shared hit=2',), ('Planning Time: 0.022 ms',), ('Execution Time: 0.019 ms',)]"
366,No Index,0.0002761125564575195,"[('Index Scan using uniq_user_app_email on user_app  (cost=0.38..8.39 rows=1 width=2088) (actual time=0.008..0.011 rows=1 loops=1)',), (""  Index Cond: ((email)::text = 'lrptrqzjen@example.com'::text)"",), ('  Buffers: shared hit=4',), ('Planning Time: 0.021 ms',), ('Execution Time: 0.022 ms',)]"
366,BTREE,0.0004732847213745117,"[('Index Scan using idx_email_btree on user_app  (cost=0.25..8.27 rows=1 width=2088) (actual time=0.012..0.017 rows=1 loops=1)',), (""  Index Cond: ((email)::text = 'zolkwfrpgr@example.com'::text)"",), ('  Buffers: shared hit=3',), ('Planning Time: 0.051 ms',), ('Execution Time: 0.036 ms',)]"
366,HASH,0.0002759695053100586,"[('Index Scan using idx_email_hash on user_app  (cost=0.00..8.02 rows=1 width=2088) (actual time=0.004..0.007 rows=1 loops=1)',), (""  Index Cond: ((email)::text = 'rqotswnkrk@example.com'::text)"",), ('  Buffers: shared hit=2',), ('Planning Time: 0.019 ms',), ('Execution Time: 0.016 ms',)]"
367,No Index,0.00026152133941650393,"[('Index Scan using uniq_user_app_email on user_app  (cost=0.38..8.39 rows=1 width=2088) (actual time=0.007..0.010 rows=1 loops=1)',), (""  Index Cond: ((email)::text = 'trlbgewwli@example.com'::text)"",), ('  Buffers: shared hit=4',), ('Planning Time: 0.017 ms',), ('Execution Time: 0.021 ms',)]"
367,BTREE,0.00028660297393798826,"[('Index Scan using idx_email_btree on user_app  (cost=0.25..8.27 rows=1 width=2088) (actual time=0.006..0.009 rows=1 loops=1)',), (""  Index Cond: ((email)::text = 'djaahhduhe@example.com'::text)"",), ('  Buffers: shared hit=3',), ('Planning Time: 0.023 ms',), ('Execution Time: 0.019 ms',)]"
367,HASH,0.0004567623138427734,"[('Index Scan using idx_email_hash on user_app  (cost=0.00..8.02 rows=1 width=2088) (actual time=0.006..0.009 rows=1 loops=1)',), (""  Index Cond: ((email)::text = 'brlqkijfpb@example.com'::text)"",), ('  Buffers: shared hit=2',), ('Planning Time: 0.024 ms',), ('Execution Time: 0.020 ms',)]"
368,No Index,0.0002500295639038086,"[('Index Scan using uniq_user_app_email on user_app  (cost=0.38..8.39 rows=1 width=2088) (actual time=0.007..0.011 rows=1 loops=1)',), (""  Index Cond: ((email)::text = 'bthgcbwwdg@example.com'::text)"",), ('  Buffers: shared hit=4',), ('Planning Time: 0.017 ms',), ('Execution Time: 0.022 ms',)]"
368,BTREE,0.0006693840026855469,"[('Index Scan using idx_email_btree on user_app  (cost=0.25..8.27 rows=1 width=2088) (actual time=0.013..0.018 rows=1 loops=1)',), (""  Index Cond: ((email)::text = 'ydhfsysrrz@example.com'::text)"",), ('  Buffers: shared hit=3',), ('Planning Time: 0.058 ms',), ('Execution Time: 0.040 ms',)]"
368,HASH,0.0003518581390380859,"[('Index Scan using idx_email_hash on user_app  (cost=0.00..8.02 rows=1 width=2088) (actual time=0.013..0.018 rows=1 loops=1)',), (""  Index Cond: ((email)::text = 'vhcqxcbspu@example.com'::text)"",), ('  Buffers: shared hit=2',), ('Planning Time: 0.068 ms',), ('Execution Time: 0.038 ms',)]"
369,No Index,0.00046017169952392576,"[('Index Scan using uniq_user_app_email on user_app  (cost=0.38..8.39 rows=1 width=2088) (actual time=0.022..0.027 rows=1 loops=1)',), (""  Index Cond: ((email)::text = 'cqgbqwbbnn@example.com'::text)"",), ('  Buffers: shared hit=4',), ('Planning Time: 0.061 ms',), ('Execution Time: 0.049 ms',)]"
369,BTREE,0.0002889394760131836,"[('Index Scan using idx_email_btree on user_app  (cost=0.25..8.27 rows=1 width=2088) (actual time=0.008..0.011 rows=1 loops=1)',), (""  Index Cond: ((email)::text = 'eskdeyobrk@example.com'::text)"",), ('  Buffers: shared hit=3',), ('Planning Time: 0.032 ms',), ('Execution Time: 0.022 ms',)]"
369,HASH,0.0002599954605102539,"[('Index Scan using idx_email_hash on user_app  (cost=0.00..8.02 rows=1 width=2088) (actual time=0.005..0.008 rows=1 loops=1)',), (""  Index Cond: ((email)::text = 'bexheieiog@example.com'::text)"",), ('  Buffers: shared hit=2',), ('Planning Time: 0.024 ms',), ('Execution Time: 0.018 ms',)]"
370,No Index,0.0002696990966796875,"[('Index Scan using uniq_user_app_email on user_app  (cost=0.38..8.39 rows=1 width=2088) (actual time=0.007..0.009 rows=1 loops=1)',), (""  Index Cond: ((email)::text = 'hrpkreknhb@example.com'::text)"",), ('  Buffers: shared hit=4',), ('Planning Time: 0.018 ms',), ('Execution Time: 0.020 ms',)]"
370,BTREE,0.0002614259719848633,"[('Index Scan using idx_email_btree on user_app  (cost=0.25..8.27 rows=1 width=2088) (actual time=0.006..0.009 rows=1 loops=1)',), (""  Index Cond: ((email)::text = 'mmqxezegjs@example.com'::text)"",), ('  Buffers: shared hit=3',), ('Planning Time: 0.023 ms',), ('Execution Time: 0.021 ms',)]"
370,HASH,0.00025501251220703123,"[('Index Scan using idx_email_hash on user_app  (cost=0.00..8.02 rows=1 width=2088) (actual time=0.004..0.007 rows=1 loops=1)',), (""  Index Cond: ((email)::text = 'axakflbyms@example.com'::text)"",), ('  Buffers: shared hit=2',), ('Planning Time: 0.019 ms',), ('Execution Time: 0.017 ms',)]"
371,No Index,0.00043625831604003905,"[('Index Scan using uniq_user_app_email on user_app  (cost=0.38..8.39 rows=1 width=2088) (actual time=0.013..0.017 rows=1 loops=1)',), (""  Index Cond: ((email)::text = 'zhdmydmhiv@example.com'::text)"",), ('  Buffers: shared hit=4',), ('Planning Time: 0.034 ms',), ('Execution Time: 0.033 ms',)]"
371,BTREE,0.0005093574523925781,"[('Index Scan using idx_email_btree on user_app  (cost=0.25..8.27 rows=1 width=2088) (actual time=0.012..0.017 rows=1 loops=1)',), (""  Index Cond: ((email)::text = 'zhdmydmhiv@example.com'::text)"",), ('  Buffers: shared hit=3',), ('Planning Time: 0.051 ms',), ('Execution Time: 0.037 ms',)]"
371,HASH,0.00030057430267333985,"[('Index Scan using idx_email_hash on user_app  (cost=0.00..8.02 rows=1 width=2088) (actual time=0.008..0.010 rows=1 loops=1)',), (""  Index Cond: ((email)::text = 'durgtjucyy@example.com'::text)"",), ('  Buffers: shared hit=2',), ('Planning Time: 0.021 ms',), ('Execution Time: 0.021 ms',)]"
372,No Index,0.000680994987487793,"[('Index Scan using uniq_user_app_email on user_app  (cost=0.38..8.39 rows=1 width=2088) (actual time=0.018..0.022 rows=1 loops=1)',), (""  Index Cond: ((email)::text = 'vfanklglfl@example.com'::text)"",), ('  Buffers: shared hit=4',), ('Planning Time: 0.046 ms',), ('Execution Time: 0.043 ms',)]"
372,BTREE,0.0005087614059448242,"[('Index Scan using idx_email_btree on user_app  (cost=0.25..8.27 rows=1 width=2088) (actual time=0.013..0.019 rows=1 loops=1)',), (""  Index Cond: ((email)::text = 'nrhlhfewyj@example.com'::text)"",), ('  Buffers: shared hit=3',), ('Planning Time: 0.052 ms',), ('Execution Time: 0.038 ms',)]"
372,HASH,0.00025115013122558596,"[('Index Scan using idx_email_hash on user_app  (cost=0.00..8.02 rows=1 width=2088) (actual time=0.004..0.006 rows=1 loops=1)',), (""  Index Cond: ((email)::text = 'yjusrrbyjp@example.com'::text)"",), ('  Buffers: shared hit=2',), ('Planning Time: 0.019 ms',), ('Execution Time: 0.017 ms',)]"
373,No Index,0.00025475025177001953,"[('Index Scan using uniq_user_app_email on user_app  (cost=0.38..8.39 rows=1 width=2088) (actual time=0.007..0.010 rows=1 loops=1)',), (""  Index Cond: ((email)::text = 'slyhswkxzp@example.com'::text)"",), ('  Buffers: shared hit=4',), ('Planning Time: 0.029 ms',), ('Execution Time: 0.021 ms',)]"
373,BTREE,0.0008932828903198242,"[('Index Scan using idx_email_btree on user_app  (cost=0.25..8.27 rows=1 width=2088) (actual time=0.013..0.018 rows=1 loops=1)',), (""  Index Cond: ((email)::text = 'etfvcdyxuc@example.com'::text)"",), ('  Buffers: shared hit=3',), ('Planning Time: 0.051 ms',), ('Execution Time: 0.038 ms',)]"
373,HASH,0.00026080608367919924,"[('Index Scan using idx_email_hash on user_app  (cost=0.00..8.02 rows=1 width=2088) (actual time=0.004..0.007 rows=1 loops=1)',), (""  Index Cond: ((email)::text = 'qtpsdiaiwh@example.com'::text)"",), ('  Buffers: shared hit=2',), ('Planning Time: 0.021 ms',), ('Execution Time: 0.018 ms',)]"
374,No Index,0.00026090145111083983,"[('Index Scan using uniq_user_app_email on user_app  (cost=0.38..8.39 rows=1 width=2088) (actual time=0.007..0.010 rows=1 loops=1)',), (""  Index Cond: ((email)::text = 'icvfvmxkkb@example.com'::text)"",), ('  Buffers: shared hit=4',), ('Planning Time: 0.017 ms',), ('Execution Time: 0.020 ms',)]"
374,BTREE,0.00025064945220947265,"[('Index Scan using idx_email_btree on user_app  (cost=0.25..8.27 rows=1 width=2088) (actual time=0.005..0.007 rows=1 loops=1)',), (""  Index Cond: ((email)::text = 'wodfgwvsza@example.com'::text)"",), ('  Buffers: shared hit=3',), ('Planning Time: 0.019 ms',), ('Execution Time: 0.017 ms',)]"
374,HASH,0.0002627849578857422,"[('Index Scan using idx_email_hash on user_app  (cost=0.00..8.02 rows=1 width=2088) (actual time=0.004..0.007 rows=1 loops=1)',), (""  Index Cond: ((email)::text = 'zxepjhwjaf@example.com'::text)"",), ('  Buffers: shared hit=2',), ('Planning Time: 0.021 ms',), ('Execution Time: 0.017 ms',)]"
375,No Index,0.0006781339645385743,"[('Index Scan using uniq_user_app_email on user_app  (cost=0.38..8.39 rows=1 width=2088) (actual time=0.019..0.023 rows=1 loops=1)',), (""  Index Cond: ((email)::text = 'gtqmehqnuk@example.com'::text)"",), ('  Buffers: shared hit=4',), ('Planning Time: 0.051 ms',), ('Execution Time: 0.045 ms',)]"
375,BTREE,0.0002596855163574219,"[('Index Scan using idx_email_btree on user_app  (cost=0.25..8.27 rows=1 width=2088) (actual time=0.006..0.009 rows=1 loops=1)',), (""  Index Cond: ((email)::text = 'gilwinunep@example.com'::text)"",), ('  Buffers: shared hit=3',), ('Planning Time: 0.023 ms',), ('Execution Time: 0.018 ms',)]"
375,HASH,0.0002617597579956055,"[('Index Scan using idx_email_hash on user_app  (cost=0.00..8.02 rows=1 width=2088) (actual time=0.004..0.007 rows=1 loops=1)',), (""  Index Cond: ((email)::text = 'ivzjygyqsg@example.com'::text)"",), ('  Buffers: shared hit=2',), ('Planning Time: 0.021 ms',), ('Execution Time: 0.018 ms',)]"
376,No Index,0.0002674579620361328,"[('Index Scan using uniq_user_app_email on user_app  (cost=0.38..8.39 rows=1 width=2088) (actual time=0.008..0.011 rows=1 loops=1)',), (""  Index Cond: ((email)::text = 'hckrvagurd@example.com'::text)"",), ('  Buffers: shared hit=4',), ('Planning Time: 0.021 ms',), ('Execution Time: 0.022 ms',)]"
376,BTREE,0.00026051998138427735,"[('Index Scan using idx_email_btree on user_app  (cost=0.25..8.27 rows=1 width=2088) (actual time=0.006..0.009 rows=1 loops=1)',), (""  Index Cond: ((email)::text = 'erzasqmnxl@example.com'::text)"",), ('  Buffers: shared hit=3',), ('Planning Time: 0.022 ms',), ('Execution Time: 0.021 ms',)]"
376,HASH,0.0002626657485961914,"[('Index Scan using idx_email_hash on user_app  (cost=0.00..8.02 rows=1 width=2088) (actual time=0.004..0.007 rows=1 loops=1)',), (""  Index Cond: ((email)::text = 'xtkjurkfom@example.com'::text)"",), ('  Buffers: shared hit=2',), ('Planning Time: 0.021 ms',), ('Execution Time: 0.018 ms',)]"
377,No Index,0.00030069351196289064,"[('Index Scan using uniq_user_app_email on user_app  (cost=0.38..8.39 rows=1 width=2088) (actual time=0.013..0.018 rows=1 loops=1)',), (""  Index Cond: ((email)::text = 'xlekmrogyh@example.com'::text)"",), ('  Buffers: shared hit=4',), ('Planning Time: 0.035 ms',), ('Execution Time: 0.034 ms',)]"
377,BTREE,0.000323939323425293,"[('Index Scan using idx_email_btree on user_app  (cost=0.25..8.27 rows=1 width=2088) (actual time=0.010..0.013 rows=1 loops=1)',), (""  Index Cond: ((email)::text = 'kuujjloigc@example.com'::text)"",), ('  Buffers: shared hit=3',), ('Planning Time: 0.038 ms',), ('Execution Time: 0.045 ms',)]"
377,HASH,0.0005448579788208008,"[('Index Scan using idx_email_hash on user_app  (cost=0.00..8.02 rows=1 width=2088) (actual time=0.011..0.016 rows=1 loops=1)',), (""  Index Cond: ((email)::text = 'kbrqwfvchp@example.com'::text)"",), ('  Buffers: shared hit=2',), ('Planning Time: 0.062 ms',), ('Execution Time: 0.039 ms',)]"
378,No Index,0.0002927541732788086,"[('Index Scan using uniq_user_app_email on user_app  (cost=0.38..8.39 rows=1 width=2088) (actual time=0.008..0.011 rows=1 loops=1)',), (""  Index Cond: ((email)::text = 'ucrtqujsak@example.com'::text)"",), ('  Buffers: shared hit=4',), ('Planning Time: 0.021 ms',), ('Execution Time: 0.022 ms',)]"
378,BTREE,0.0002767324447631836,"[('Index Scan using idx_email_btree on user_app  (cost=0.25..8.27 rows=1 width=2088) (actual time=0.006..0.009 rows=1 loops=1)',), (""  Index Cond: ((email)::text = 'domobyhsxk@example.com'::text)"",), ('  Buffers: shared hit=3',), ('Planning Time: 0.021 ms',), ('Execution Time: 0.019 ms',)]"
378,HASH,0.00024924278259277346,"[('Index Scan using idx_email_hash on user_app  (cost=0.00..8.02 rows=1 width=2088) (actual time=0.004..0.007 rows=1 loops=1)',), (""  Index Cond: ((email)::text = 'ygvfohkjer@example.com'::text)"",), ('  Buffers: shared hit=2',), ('Planning Time: 0.019 ms',), ('Execution Time: 0.017 ms',)]"
379,No Index,0.0003043174743652344,"[('Index Scan using uniq_user_app_email on user_app  (cost=0.38..8.39 rows=1 width=2088) (actual time=0.009..0.012 rows=1 loops=1)',), (""  Index Cond: ((email)::text = 'xvscijoxds@example.com'::text)"",), ('  Buffers: shared hit=4',), ('Planning Time: 0.024 ms',), ('Execution Time: 0.023 ms',)]"
379,BTREE,0.0002897739410400391,"[('Index Scan using idx_email_btree on user_app  (cost=0.25..8.27 rows=1 width=2088) (actual time=0.007..0.010 rows=1 loops=1)',), (""  Index Cond: ((email)::text = 'tcycokfwtn@example.com'::text)"",), ('  Buffers: shared hit=3',), ('Planning Time: 0.023 ms',), ('Execution Time: 0.020 ms',)]"
379,HASH,0.0004033327102661133,"[('Index Scan using idx_email_hash on user_app  (cost=0.00..8.02 rows=1 width=2088) (actual time=0.005..0.009 rows=1 loops=1)',), (""  Index Cond: ((email)::text = 'ofrprhnfzk@example.com'::text)"",), ('  Buffers: shared hit=2',), ('Planning Time: 0.025 ms',), ('Execution Time: 0.020 ms',)]"
380,No Index,0.00023162364959716797,"[('Index Scan using uniq_user_app_email on user_app  (cost=0.38..8.39 rows=1 width=2088) (actual time=0.010..0.013 rows=1 loops=1)',), (""  Index Cond: ((email)::text = 'advoafapix@example.com'::text)"",), ('  Buffers: shared hit=4',), ('Planning Time: 0.028 ms',), ('Execution Time: 0.027 ms',)]"
380,BTREE,0.00019590854644775392,"[('Index Scan using idx_email_btree on user_app  (cost=0.25..8.27 rows=1 width=2088) (actual time=0.005..0.008 rows=1 loops=1)',), (""  Index Cond: ((email)::text = 'biaseuahnl@example.com'::text)"",), ('  Buffers: shared hit=3',), ('Planning Time: 0.019 ms',), ('Execution Time: 0.018 ms',)]"
380,HASH,0.00030248165130615235,"[('Index Scan using idx_email_hash on user_app  (cost=0.00..8.02 rows=1 width=2088) (actual time=0.006..0.009 rows=1 loops=1)',), (""  Index Cond: ((email)::text = 'ckhafeiahm@example.com'::text)"",), ('  Buffers: shared hit=2',), ('Planning Time: 0.032 ms',), ('Execution Time: 0.021 ms',)]"
381,No Index,0.000473475456237793,"[('Index Scan using uniq_user_app_email on user_app  (cost=0.38..8.39 rows=1 width=2088) (actual time=0.017..0.022 rows=1 loops=1)',), (""  Index Cond: ((email)::text = 'qqfsgcvjcg@example.com'::text)"",), ('  Buffers: shared hit=4',), ('Planning Time: 0.045 ms',), ('Execution Time: 0.042 ms',)]"
381,BTREE,0.0003258943557739258,"[('Index Scan using idx_email_btree on user_app  (cost=0.25..8.27 rows=1 width=2088) (actual time=0.009..0.012 rows=1 loops=1)',), (""  Index Cond: ((email)::text = 'aukqtupzyr@example.com'::text)"",), ('  Buffers: shared hit=3',), ('Planning Time: 0.034 ms',), ('Execution Time: 0.025 ms',)]"
381,HASH,0.00025479793548583985,"[('Index Scan using idx_email_hash on user_app  (cost=0.00..8.02 rows=1 width=2088) (actual time=0.004..0.008 rows=1 loops=1)',), (""  Index Cond: ((email)::text = 'rtouhzpzbi@example.com'::text)"",), ('  Buffers: shared hit=2',), ('Planning Time: 0.021 ms',), ('Execution Time: 0.019 ms',)]"
382,No Index,0.00021417140960693358,"[('Index Scan using uniq_user_app_email on user_app  (cost=0.38..8.39 rows=1 width=2088) (actual time=0.007..0.009 rows=1 loops=1)',), (""  Index Cond: ((email)::text = 'uzudjzokki@example.com'::text)"",), ('  Buffers: shared hit=4',), ('Planning Time: 0.017 ms',), ('Execution Time: 0.020 ms',)]"
382,BTREE,0.00019810199737548828,"[('Index Scan using idx_email_btree on user_app  (cost=0.25..8.27 rows=1 width=2088) (actual time=0.006..0.009 rows=1 loops=1)',), (""  Index Cond: ((email)::text = 'vuqglgmnnt@example.com'::text)"",), ('  Buffers: shared hit=3',), ('Planning Time: 0.019 ms',), ('Execution Time: 0.020 ms',)]"
382,HASH,0.0002599954605102539,"[('Index Scan using idx_email_hash on user_app  (cost=0.00..8.02 rows=1 width=2088) (actual time=0.004..0.007 rows=1 loops=1)',), (""  Index Cond: ((email)::text = 'icndzbeolr@example.com'::text)"",), ('  Buffers: shared hit=2',), ('Planning Time: 0.021 ms',), ('Execution Time: 0.018 ms',)]"
383,No Index,0.000263524055480957,"[('Index Scan using uniq_user_app_email on user_app  (cost=0.38..8.39 rows=1 width=2088) (actual time=0.008..0.010 rows=1 loops=1)',), (""  Index Cond: ((email)::text = 'lamlkbuhza@example.com'::text)"",), ('  Buffers: shared hit=4',), ('Planning Time: 0.019 ms',), ('Execution Time: 0.022 ms',)]"
383,BTREE,0.0002673625946044922,"[('Index Scan using idx_email_btree on user_app  (cost=0.25..8.27 rows=1 width=2088) (actual time=0.006..0.008 rows=1 loops=1)',), (""  Index Cond: ((email)::text = 'sytcukpsts@example.com'::text)"",), ('  Buffers: shared hit=3',), ('Planning Time: 0.040 ms',), ('Execution Time: 0.019 ms',)]"
383,HASH,0.0002660274505615234,"[('Index Scan using idx_email_hash on user_app  (cost=0.00..8.02 rows=1 width=2088) (actual time=0.004..0.007 rows=1 loops=1)',), (""  Index Cond: ((email)::text = 'zwuqgemhzb@example.com'::text)"",), ('  Buffers: shared hit=2',), ('Planning Time: 0.022 ms',), ('Execution Time: 0.018 ms',)]"
384,No Index,0.0002883434295654297,"[('Index Scan using uniq_user_app_email on user_app  (cost=0.38..8.39 rows=1 width=2088) (actual time=0.012..0.014 rows=1 loops=1)',), (""  Index Cond: ((email)::text = 'qcjkzqlydt@example.com'::text)"",), ('  Buffers: shared hit=4',), ('Planning Time: 0.026 ms',), ('Execution Time: 0.028 ms',)]"
384,BTREE,0.0002660512924194336,"[('Index Scan using idx_email_btree on user_app  (cost=0.25..8.27 rows=1 width=2088) (actual time=0.008..0.011 rows=1 loops=1)',), (""  Index Cond: ((email)::text = 'fycdicqonp@example.com'::text)"",), ('  Buffers: shared hit=3',), ('Planning Time: 0.024 ms',), ('Execution Time: 0.025 ms',)]"
384,HASH,0.00031580924987792967,"[('Index Scan using idx_email_hash on user_app  (cost=0.00..8.02 rows=1 width=2088) (actual time=0.004..0.007 rows=1 loops=1)',), (""  Index Cond: ((email)::text = 'plfrnslpqa@example.com'::text)"",), ('  Buffers: shared hit=2',), ('Planning Time: 0.021 ms',), ('Execution Time: 0.018 ms',)]"
385,No Index,0.0002586841583251953,"[('Index Scan using uniq_user_app_email on user_app  (cost=0.38..8.39 rows=1 width=2088) (actual time=0.008..0.010 rows=1 loops=1)',), (""  Index Cond: ((email)::text = 'aenxgzdmxt@example.com'::text)"",), ('  Buffers: shared hit=4',), ('Planning Time: 0.022 ms',), ('Execution Time: 0.020 ms',)]"
385,BTREE,0.0004304647445678711,"[('Index Scan using idx_email_btree on user_app  (cost=0.25..8.27 rows=1 width=2088) (actual time=0.005..0.008 rows=1 loops=1)',), (""  Index Cond: ((email)::text = 'pdyywchmln@example.com'::text)"",), ('  Buffers: shared hit=3',), ('Planning Time: 0.029 ms',), ('Execution Time: 0.017 ms',)]"
385,HASH,0.00025963783264160156,"[('Index Scan using idx_email_hash on user_app  (cost=0.00..8.02 rows=1 width=2088) (actual time=0.005..0.007 rows=1 loops=1)',), (""  Index Cond: ((email)::text = 'gpylqnyozg@example.com'::text)"",), ('  Buffers: shared hit=2',), ('Planning Time: 0.021 ms',), ('Execution Time: 0.018 ms',)]"
386,No Index,0.00027790069580078123,"[('Index Scan using uniq_user_app_email on user_app  (cost=0.38..8.39 rows=1 width=2088) (actual time=0.023..0.025 rows=1 loops=1)',), (""  Index Cond: ((email)::text = 'qahegowluy@example.com'::text)"",), ('  Buffers: shared hit=4',), ('Planning Time: 0.023 ms',), ('Execution Time: 0.037 ms',)]"
386,BTREE,0.000251317024230957,"[('Index Scan using idx_email_btree on user_app  (cost=0.25..8.27 rows=1 width=2088) (actual time=0.006..0.009 rows=1 loops=1)',), (""  Index Cond: ((email)::text = 'gkipqygfrr@example.com'::text)"",), ('  Buffers: shared hit=3',), ('Planning Time: 0.022 ms',), ('Execution Time: 0.018 ms',)]"
386,HASH,0.00018668174743652344,"[('Index Scan using idx_email_hash on user_app  (cost=0.00..8.02 rows=1 width=2088) (actual time=0.004..0.006 rows=1 loops=1)',), (""  Index Cond: ((email)::text = 'etimdsnapg@example.com'::text)"",), ('  Buffers: shared hit=2',), ('Planning Time: 0.019 ms',), ('Execution Time: 0.016 ms',)]"
387,No Index,0.0003302574157714844,"[('Index Scan using uniq_user_app_email on user_app  (cost=0.38..8.39 rows=1 width=2088) (actual time=0.010..0.013 rows=1 loops=1)',), (""  Index Cond: ((email)::text = 'jhhrxfvkhq@example.com'::text)"",), ('  Buffers: shared hit=4',), ('Planning Time: 0.034 ms',), ('Execution Time: 0.026 ms',)]"
387,BTREE,0.00026330947875976565,"[('Index Scan using idx_email_btree on user_app  (cost=0.25..8.27 rows=1 width=2088) (actual time=0.005..0.007 rows=1 loops=1)',), (""  Index Cond: ((email)::text = 'ngiwdrfxam@example.com'::text)"",), ('  Buffers: shared hit=3',), ('Planning Time: 0.018 ms',), ('Execution Time: 0.017 ms',)]"
387,HASH,0.0002163410186767578,"[('Index Scan using idx_email_hash on user_app  (cost=0.00..8.02 rows=1 width=2088) (actual time=0.013..0.015 rows=1 loops=1)',), (""  Index Cond: ((email)::text = 'bgnpsrojfo@example.com'::text)"",), ('  Buffers: shared hit=2',), ('Planning Time: 0.051 ms',), ('Execution Time: 0.033 ms',)]"
388,No Index,0.00021076202392578125,"[('Index Scan using uniq_user_app_email on user_app  (cost=0.38..8.39 rows=1 width=2088) (actual time=0.007..0.009 rows=1 loops=1)',), (""  Index Cond: ((email)::text = 'kdckuwvvhv@example.com'::text)"",), ('  Buffers: shared hit=4',), ('Planning Time: 0.017 ms',), ('Execution Time: 0.019 ms',)]"
388,BTREE,0.0002662897109985352,"[('Index Scan using idx_email_btree on user_app  (cost=0.25..8.27 rows=1 width=2088) (actual time=0.005..0.008 rows=1 loops=1)',), (""  Index Cond: ((email)::text = 'trpwuqaaza@example.com'::text)"",), ('  Buffers: shared hit=3',), ('Planning Time: 0.019 ms',), ('Execution Time: 0.018 ms',)]"
388,HASH,0.0002762317657470703,"[('Index Scan using idx_email_hash on user_app  (cost=0.00..8.02 rows=1 width=2088) (actual time=0.005..0.008 rows=1 loops=1)',), (""  Index Cond: ((email)::text = 'xftoanxkvl@example.com'::text)"",), ('  Buffers: shared hit=2',), ('Planning Time: 0.024 ms',), ('Execution Time: 0.018 ms',)]"
389,No Index,0.0002809286117553711,"[('Index Scan using uniq_user_app_email on user_app  (cost=0.38..8.39 rows=1 width=2088) (actual time=0.007..0.010 rows=1 loops=1)',), (""  Index Cond: ((email)::text = 'uqchrjajnt@example.com'::text)"",), ('  Buffers: shared hit=4',), ('Planning Time: 0.019 ms',), ('Execution Time: 0.019 ms',)]"
389,BTREE,0.00026094913482666016,"[('Index Scan using idx_email_btree on user_app  (cost=0.25..8.27 rows=1 width=2088) (actual time=0.010..0.013 rows=1 loops=1)',), (""  Index Cond: ((email)::text = 'fxgzieacqb@example.com'::text)"",), ('  Buffers: shared hit=3',), ('Planning Time: 0.039 ms',), ('Execution Time: 0.029 ms',)]"
389,HASH,0.00034825801849365235,"[('Index Scan using idx_email_hash on user_app  (cost=0.00..8.02 rows=1 width=2088) (actual time=0.006..0.009 rows=1 loops=1)',), (""  Index Cond: ((email)::text = 'janzqtrufc@example.com'::text)"",), ('  Buffers: shared hit=2',), ('Planning Time: 0.039 ms',), ('Execution Time: 0.021 ms',)]"
390,No Index,0.00021064281463623047,"[('Index Scan using uniq_user_app_email on user_app  (cost=0.38..8.39 rows=1 width=2088) (actual time=0.007..0.010 rows=1 loops=1)',), (""  Index Cond: ((email)::text = 'ndttzqrype@example.com'::text)"",), ('  Buffers: shared hit=4',), ('Planning Time: 0.019 ms',), ('Execution Time: 0.020 ms',)]"
390,BTREE,0.00022487640380859376,"[('Index Scan using idx_email_btree on user_app  (cost=0.25..8.27 rows=1 width=2088) (actual time=0.016..0.019 rows=1 loops=1)',), (""  Index Cond: ((email)::text = 'frurrxoenz@example.com'::text)"",), ('  Buffers: shared hit=3',), ('Planning Time: 0.046 ms',), ('Execution Time: 0.038 ms',)]"
390,HASH,0.00024259090423583984,"[('Index Scan using idx_email_hash on user_app  (cost=0.00..8.02 rows=1 width=2088) (actual time=0.004..0.006 rows=1 loops=1)',), (""  Index Cond: ((email)::text = 'ndborqzlff@example.com'::text)"",), ('  Buffers: shared hit=2',), ('Planning Time: 0.019 ms',), ('Execution Time: 0.017 ms',)]"
391,No Index,0.00018644332885742188,"[('Index Scan using uniq_user_app_email on user_app  (cost=0.38..8.39 rows=1 width=2088) (actual time=0.006..0.009 rows=1 loops=1)',), (""  Index Cond: ((email)::text = 'btxtykdopj@example.com'::text)"",), ('  Buffers: shared hit=4',), ('Planning Time: 0.017 ms',), ('Execution Time: 0.019 ms',)]"
391,BTREE,0.00020604133605957032,"[('Index Scan using idx_email_btree on user_app  (cost=0.25..8.27 rows=1 width=2088) (actual time=0.008..0.011 rows=1 loops=1)',), (""  Index Cond: ((email)::text = 'csfyrekabd@example.com'::text)"",), ('  Buffers: shared hit=3',), ('Planning Time: 0.031 ms',), ('Execution Time: 0.021 ms',)]"
391,HASH,0.000368499755859375,"[('Index Scan using idx_email_hash on user_app  (cost=0.00..8.02 rows=1 width=2088) (actual time=0.003..0.006 rows=1 loops=1)',), (""  Index Cond: ((email)::text = 'tcnghfoote@example.com'::text)"",), ('  Buffers: shared hit=2',), ('Planning Time: 0.018 ms',), ('Execution Time: 0.015 ms',)]"
392,No Index,0.00018846988677978516,"[('Index Scan using uniq_user_app_email on user_app  (cost=0.38..8.39 rows=1 width=2088) (actual time=0.007..0.010 rows=1 loops=1)',), (""  Index Cond: ((email)::text = 'ovplikxrpz@example.com'::text)"",), ('  Buffers: shared hit=4',), ('Planning Time: 0.017 ms',), ('Execution Time: 0.019 ms',)]"
392,BTREE,0.00025238990783691404,"[('Index Scan using idx_email_btree on user_app  (cost=0.25..8.27 rows=1 width=2088) (actual time=0.006..0.009 rows=1 loops=1)',), (""  Index Cond: ((email)::text = 'ehjuftfxdt@example.com'::text)"",), ('  Buffers: shared hit=3',), ('Planning Time: 0.022 ms',), ('Execution Time: 0.018 ms',)]"
392,HASH,0.0002718687057495117,"[('Index Scan using idx_email_hash on user_app  (cost=0.00..8.02 rows=1 width=2088) (actual time=0.007..0.010 rows=1 loops=1)',), (""  Index Cond: ((email)::text = 'vlmpbrxahy@example.com'::text)"",), ('  Buffers: shared hit=2',), ('Planning Time: 0.049 ms',), ('Execution Time: 0.020 ms',)]"
393,No Index,0.00018842220306396483,"[('Index Scan using uniq_user_app_email on user_app  (cost=0.38..8.39 rows=1 width=2088) (actual time=0.006..0.009 rows=1 loops=1)',), (""  Index Cond: ((email)::text = 'awhzhzrjfa@example.com'::text)"",), ('  Buffers: shared hit=4',), ('Planning Time: 0.017 ms',), ('Execution Time: 0.018 ms',)]"
393,BTREE,0.00020756721496582032,"[('Index Scan using idx_email_btree on user_app  (cost=0.25..8.27 rows=1 width=2088) (actual time=0.005..0.008 rows=1 loops=1)',), (""  Index Cond: ((email)::text = 'dhneuoranl@example.com'::text)"",), ('  Buffers: shared hit=3',), ('Planning Time: 0.019 ms',), ('Execution Time: 0.017 ms',)]"
393,HASH,0.0002481222152709961,"[('Index Scan using idx_email_hash on user_app  (cost=0.00..8.02 rows=1 width=2088) (actual time=0.005..0.008 rows=1 loops=1)',), (""  Index Cond: ((email)::text = 'sosxevohxm@example.com'::text)"",), ('  Buffers: shared hit=2',), ('Planning Time: 0.023 ms',), ('Execution Time: 0.019 ms',)]"
394,No Index,0.00019097328186035156,"[('Index Scan using uniq_user_app_email on user_app  (cost=0.38..8.39 rows=1 width=2088) (actual time=0.007..0.010 rows=1 loops=1)',), (""  Index Cond: ((email)::text = 'vzannfenda@example.com'::text)"",), ('  Buffers: shared hit=4',), ('Planning Time: 0.018 ms',), ('Execution Time: 0.020 ms',)]"
394,BTREE,0.00021257400512695313,"[('Index Scan using idx_email_btree on user_app  (cost=0.25..8.27 rows=1 width=2088) (actual time=0.005..0.008 rows=1 loops=1)',), (""  Index Cond: ((email)::text = 'iphoiraxzw@example.com'::text)"",), ('  Buffers: shared hit=3',), ('Planning Time: 0.019 ms',), ('Execution Time: 0.017 ms',)]"
394,HASH,0.00025992393493652345,"[('Index Scan using idx_email_hash on user_app  (cost=0.00..8.02 rows=1 width=2088) (actual time=0.004..0.007 rows=1 loops=1)',), (""  Index Cond: ((email)::text = 'qotxsbboig@example.com'::text)"",), ('  Buffers: shared hit=2',), ('Planning Time: 0.021 ms',), ('Execution Time: 0.017 ms',)]"
395,No Index,0.00038020610809326173,"[('Index Scan using uniq_user_app_email on user_app  (cost=0.38..8.39 rows=1 width=2088) (actual time=0.017..0.021 rows=1 loops=1)',), (""  Index Cond: ((email)::text = 'mcqxqgmtuz@example.com'::text)"",), ('  Buffers: shared hit=4',), ('Planning Time: 0.057 ms',), ('Execution Time: 0.041 ms',)]"
395,BTREE,0.0002750873565673828,"[('Index Scan using idx_email_btree on user_app  (cost=0.25..8.27 rows=1 width=2088) (actual time=0.006..0.008 rows=1 loops=1)',), (""  Index Cond: ((email)::text = 'qmypnqnllg@example.com'::text)"",), ('  Buffers: shared hit=3',), ('Planning Time: 0.021 ms',), ('Execution Time: 0.019 ms',)]"
395,HASH,0.00027134418487548826,"[('Index Scan using idx_email_hash on user_app  (cost=0.00..8.02 rows=1 width=2088) (actual time=0.004..0.006 rows=1 loops=1)',), (""  Index Cond: ((email)::text = 'pbrkecvdsb@example.com'::text)"",), ('  Buffers: shared hit=2',), ('Planning Time: 0.019 ms',), ('Execution Time: 0.016 ms',)]"
396,No Index,0.0004592418670654297,"[('Index Scan using uniq_user_app_email on user_app  (cost=0.38..8.39 rows=1 width=2088) (actual time=0.013..0.017 rows=1 loops=1)',), (""  Index Cond: ((email)::text = 'xtvxyixwvk@example.com'::text)"",), ('  Buffers: shared hit=4',), ('Planning Time: 0.035 ms',), ('Execution Time: 0.032 ms',)]"
396,BTREE,0.0002931356430053711,"[('Index Scan using idx_email_btree on user_app  (cost=0.25..8.27 rows=1 width=2088) (actual time=0.006..0.010 rows=1 loops=1)',), (""  Index Cond: ((email)::text = 'itiprybiwi@example.com'::text)"",), ('  Buffers: shared hit=3',), ('Planning Time: 0.026 ms',), ('Execution Time: 0.020 ms',)]"
396,HASH,0.00026149749755859374,"[('Index Scan using idx_email_hash on user_app  (cost=0.00..8.02 rows=1 width=2088) (actual time=0.005..0.007 rows=1 loops=1)',), (""  Index Cond: ((email)::text = 'fwjicidzmg@example.com'::text)"",), ('  Buffers: shared hit=2',), ('Planning Time: 0.023 ms',), ('Execution Time: 0.018 ms',)]"
397,No Index,0.0002555370330810547,"[('Index Scan using uniq_user_app_email on user_app  (cost=0.38..8.39 rows=1 width=2088) (actual time=0.007..0.009 rows=1 loops=1)',), (""  Index Cond: ((email)::text = 'dexclfkbcv@example.com'::text)"",), ('  Buffers: shared hit=4',), ('Planning Time: 0.017 ms',), ('Execution Time: 0.019 ms',)]"
397,BTREE,0.00030012130737304686,"[('Index Scan using idx_email_btree on user_app  (cost=0.25..8.27 rows=1 width=2088) (actual time=0.005..0.009 rows=1 loops=1)',), (""  Index Cond: ((email)::text = 'jbpisdszvl@example.com'::text)"",), ('  Buffers: shared hit=3',), ('Planning Time: 0.022 ms',), ('Execution Time: 0.017 ms',)]"
397,HASH,0.0005631208419799805,"[('Index Scan using idx_email_hash on user_app  (cost=0.00..8.02 rows=1 width=2088) (actual time=0.009..0.013 rows=1 loops=1)',), (""  Index Cond: ((email)::text = 'cgxuokenba@example.com'::text)"",), ('  Buffers: shared hit=2',), ('Planning Time: 0.048 ms',), ('Execution Time: 0.030 ms',)]"
398,No Index,0.00027413368225097655,"[('Index Scan using uniq_user_app_email on user_app  (cost=0.38..8.39 rows=1 width=2088) (actual time=0.008..0.010 rows=1 loops=1)',), (""  Index Cond: ((email)::text = 'cfsnfwrdjp@example.com'::text)"",), ('  Buffers: shared hit=4',), ('Planning Time: 0.021 ms',), ('Execution Time: 0.021 ms',)]"
398,BTREE,0.00021331310272216798,"[('Index Scan using idx_email_btree on user_app  (cost=0.25..8.27 rows=1 width=2088) (actual time=0.005..0.008 rows=1 loops=1)',), (""  Index Cond: ((email)::text = 'vdferoiuaw@example.com'::text)"",), ('  Buffers: shared hit=3',), ('Planning Time: 0.019 ms',), ('Execution Time: 0.018 ms',)]"
398,HASH,0.00025699138641357424,"[('Index Scan using idx_email_hash on user_app  (cost=0.00..8.02 rows=1 width=2088) (actual time=0.004..0.007 rows=1 loops=1)',), (""  Index Cond: ((email)::text = 'clrxacghuf@example.com'::text)"",), ('  Buffers: shared hit=2',), ('Planning Time: 0.019 ms',), ('Execution Time: 0.016 ms',)]"
399,No Index,0.0005445718765258789,"[('Index Scan using uniq_user_app_email on user_app  (cost=0.38..8.39 rows=1 width=2088) (actual time=0.013..0.016 rows=1 loops=1)',), (""  Index Cond: ((email)::text = 'swyfqemnaf@example.com'::text)"",), ('  Buffers: shared hit=4',), ('Planning Time: 0.035 ms',), ('Execution Time: 0.032 ms',)]"
399,BTREE,0.0002520561218261719,"[('Index Scan using idx_email_btree on user_app  (cost=0.25..8.27 rows=1 width=2088) (actual time=0.006..0.008 rows=1 loops=1)',), (""  Index Cond: ((email)::text = 'cmkzbvgraa@example.com'::text)"",), ('  Buffers: shared hit=3',), ('Planning Time: 0.022 ms',), ('Execution Time: 0.019 ms',)]"
399,HASH,0.00018968582153320313,"[('Index Scan using idx_email_hash on user_app  (cost=0.00..8.02 rows=1 width=2088) (actual time=0.004..0.006 rows=1 loops=1)',), (""  Index Cond: ((email)::text = 'vensiuabms@example.com'::text)"",), ('  Buffers: shared hit=2',), ('Planning Time: 0.019 ms',), ('Execution Time: 0.016 ms',)]"
400,No Index,0.00021491050720214843,"[('Index Scan using uniq_user_app_email on user_app  (cost=0.38..8.39 rows=1 width=2088) (actual time=0.008..0.011 rows=1 loops=1)',), (""  Index Cond: ((email)::text = 'spwpdzohij@example.com'::text)"",), ('  Buffers: shared hit=4',), ('Planning Time: 0.025 ms',), ('Execution Time: 0.023 ms',)]"
400,BTREE,0.00018687248229980468,"[('Index Scan using idx_email_btree on user_app  (cost=0.25..8.27 rows=1 width=2088) (actual time=0.005..0.007 rows=1 loops=1)',), (""  Index Cond: ((email)::text = 'kucszbfqph@example.com'::text)"",), ('  Buffers: shared hit=3',), ('Planning Time: 0.019 ms',), ('Execution Time: 0.017 ms',)]"
400,HASH,0.00029115676879882814,"[('Index Scan using idx_email_hash on user_app  (cost=0.00..8.02 rows=1 width=2088) (actual time=0.004..0.007 rows=1 loops=1)',), (""  Index Cond: ((email)::text = 'hnhrlafwcb@example.com'::text)"",), ('  Buffers: shared hit=2',), ('Planning Time: 0.023 ms',), ('Execution Time: 0.018 ms',)]"
401,No Index,0.00026257038116455077,"[('Index Scan using uniq_user_app_email on user_app  (cost=0.38..8.39 rows=1 width=2088) (actual time=0.008..0.010 rows=1 loops=1)',), (""  Index Cond: ((email)::text = 'xtvifgnbom@example.com'::text)"",), ('  Buffers: shared hit=4',), ('Planning Time: 0.024 ms',), ('Execution Time: 0.021 ms',)]"
401,BTREE,0.00028307437896728515,"[('Index Scan using idx_email_btree on user_app  (cost=0.25..8.27 rows=1 width=2088) (actual time=0.007..0.010 rows=1 loops=1)',), (""  Index Cond: ((email)::text = 'vdxqcvxfry@example.com'::text)"",), ('  Buffers: shared hit=3',), ('Planning Time: 0.025 ms',), ('Execution Time: 0.022 ms',)]"
401,HASH,0.00024111270904541015,"[('Index Scan using idx_email_hash on user_app  (cost=0.00..8.02 rows=1 width=2088) (actual time=0.003..0.006 rows=1 loops=1)',), (""  Index Cond: ((email)::text = 'lnorbiajiu@example.com'::text)"",), ('  Buffers: shared hit=2',), ('Planning Time: 0.019 ms',), ('Execution Time: 0.016 ms',)]"
402,No Index,0.0003003120422363281,"[('Index Scan using uniq_user_app_email on user_app  (cost=0.38..8.39 rows=1 width=2088) (actual time=0.008..0.011 rows=1 loops=1)',), (""  Index Cond: ((email)::text = 'oasifuhtju@example.com'::text)"",), ('  Buffers: shared hit=4',), ('Planning Time: 0.021 ms',), ('Execution Time: 0.022 ms',)]"
402,BTREE,0.00037755966186523435,"[('Index Scan using idx_email_btree on user_app  (cost=0.25..8.27 rows=1 width=2088) (actual time=0.006..0.009 rows=1 loops=1)',), (""  Index Cond: ((email)::text = 'mxqxxinipr@example.com'::text)"",), ('  Buffers: shared hit=3',), ('Planning Time: 0.023 ms',), ('Execution Time: 0.019 ms',)]"
402,HASH,0.00018858909606933594,"[('Index Scan using idx_email_hash on user_app  (cost=0.00..8.02 rows=1 width=2088) (actual time=0.004..0.006 rows=1 loops=1)',), (""  Index Cond: ((email)::text = 'uawzhmjapb@example.com'::text)"",), ('  Buffers: shared hit=2',), ('Planning Time: 0.019 ms',), ('Execution Time: 0.016 ms',)]"
403,No Index,0.0001886129379272461,"[('Index Scan using uniq_user_app_email on user_app  (cost=0.38..8.39 rows=1 width=2088) (actual time=0.006..0.009 rows=1 loops=1)',), (""  Index Cond: ((email)::text = 'hovgqtinlk@example.com'::text)"",), ('  Buffers: shared hit=4',), ('Planning Time: 0.017 ms',), ('Execution Time: 0.019 ms',)]"
403,BTREE,0.00027017593383789064,"[('Index Scan using idx_email_btree on user_app  (cost=0.25..8.27 rows=1 width=2088) (actual time=0.033..0.036 rows=1 loops=1)',), (""  Index Cond: ((email)::text = 'aceossmlbu@example.com'::text)"",), ('  Buffers: shared hit=3',), ('Planning Time: 0.047 ms',), ('Execution Time: 0.059 ms',)]"
403,HASH,0.00025830268859863283,"[('Index Scan using idx_email_hash on user_app  (cost=0.00..8.02 rows=1 width=2088) (actual time=0.005..0.008 rows=1 loops=1)',), (""  Index Cond: ((email)::text = 'ulybbxiusg@example.com'::text)"",), ('  Buffers: shared hit=2',), ('Planning Time: 0.023 ms',), ('Execution Time: 0.019 ms',)]"
404,No Index,0.00025665760040283203,"[('Index Scan using uniq_user_app_email on user_app  (cost=0.38..8.39 rows=1 width=2088) (actual time=0.008..0.011 rows=1 loops=1)',), (""  Index Cond: ((email)::text = 'vpenmesapq@example.com'::text)"",), ('  Buffers: shared hit=4',), ('Planning Time: 0.021 ms',), ('Execution Time: 0.022 ms',)]"
404,BTREE,0.000256037712097168,"[('Index Scan using idx_email_btree on user_app  (cost=0.25..8.27 rows=1 width=2088) (actual time=0.005..0.008 rows=1 loops=1)',), (""  Index Cond: ((email)::text = 'jqotyrhjal@example.com'::text)"",), ('  Buffers: shared hit=3',), ('Planning Time: 0.019 ms',), ('Execution Time: 0.017 ms',)]"
404,HASH,0.0001836061477661133,"[('Index Scan using idx_email_hash on user_app  (cost=0.00..8.02 rows=1 width=2088) (actual time=0.004..0.006 rows=1 loops=1)',), (""  Index Cond: ((email)::text = 'tidzvkqzlr@example.com'::text)"",), ('  Buffers: shared hit=2',), ('Planning Time: 0.018 ms',), ('Execution Time: 0.016 ms',)]"
405,No Index,0.00034389495849609377,"[('Index Scan using uniq_user_app_email on user_app  (cost=0.38..8.39 rows=1 width=2088) (actual time=0.013..0.016 rows=1 loops=1)',), (""  Index Cond: ((email)::text = 'guusjqajza@example.com'::text)"",), ('  Buffers: shared hit=4',), ('Planning Time: 0.035 ms',), ('Execution Time: 0.029 ms',)]"
405,BTREE,0.00030980110168457033,"[('Index Scan using idx_email_btree on user_app  (cost=0.25..8.27 rows=1 width=2088) (actual time=0.006..0.008 rows=1 loops=1)',), (""  Index Cond: ((email)::text = 'heittcqcsq@example.com'::text)"",), ('  Buffers: shared hit=3',), ('Planning Time: 0.021 ms',), ('Execution Time: 0.018 ms',)]"
405,HASH,0.00021665096282958985,"[('Index Scan using idx_email_hash on user_app  (cost=0.00..8.02 rows=1 width=2088) (actual time=0.004..0.007 rows=1 loops=1)',), (""  Index Cond: ((email)::text = 'hubexcwdof@example.com'::text)"",), ('  Buffers: shared hit=2',), ('Planning Time: 0.021 ms',), ('Execution Time: 0.018 ms',)]"
406,No Index,0.0001895427703857422,"[('Index Scan using uniq_user_app_email on user_app  (cost=0.38..8.39 rows=1 width=2088) (actual time=0.007..0.009 rows=1 loops=1)',), (""  Index Cond: ((email)::text = 'ikelzqljwx@example.com'::text)"",), ('  Buffers: shared hit=4',), ('Planning Time: 0.017 ms',), ('Execution Time: 0.019 ms',)]"
406,BTREE,0.00027606487274169924,"[('Index Scan using idx_email_btree on user_app  (cost=0.25..8.27 rows=1 width=2088) (actual time=0.007..0.010 rows=1 loops=1)',), (""  Index Cond: ((email)::text = 'ngnvxfrilv@example.com'::text)"",), ('  Buffers: shared hit=3',), ('Planning Time: 0.032 ms',), ('Execution Time: 0.020 ms',)]"
406,HASH,0.0001905679702758789,"[('Index Scan using idx_email_hash on user_app  (cost=0.00..8.02 rows=1 width=2088) (actual time=0.004..0.006 rows=1 loops=1)',), (""  Index Cond: ((email)::text = 'rewxgpuywn@example.com'::text)"",), ('  Buffers: shared hit=2',), ('Planning Time: 0.019 ms',), ('Execution Time: 0.016 ms',)]"
407,No Index,0.0002573728561401367,"[('Index Scan using uniq_user_app_email on user_app  (cost=0.38..8.39 rows=1 width=2088) (actual time=0.007..0.011 rows=1 loops=1)',), (""  Index Cond: ((email)::text = 'hudjbskugn@example.com'::text)"",), ('  Buffers: shared hit=4',), ('Planning Time: 0.019 ms',), ('Execution Time: 0.020 ms',)]"
407,BTREE,0.00018770694732666015,"[('Index Scan using idx_email_btree on user_app  (cost=0.25..8.27 rows=1 width=2088) (actual time=0.005..0.009 rows=1 loops=1)',), (""  Index Cond: ((email)::text = 'edlqepfuhq@example.com'::text)"",), ('  Buffers: shared hit=3',), ('Planning Time: 0.019 ms',), ('Execution Time: 0.018 ms',)]"
407,HASH,0.0002761363983154297,"[('Index Scan using idx_email_hash on user_app  (cost=0.00..8.02 rows=1 width=2088) (actual time=0.005..0.008 rows=1 loops=1)',), (""  Index Cond: ((email)::text = 'dxdpfeudrz@example.com'::text)"",), ('  Buffers: shared hit=2',), ('Planning Time: 0.025 ms',), ('Execution Time: 0.020 ms',)]"
408,No Index,0.0002633571624755859,"[('Index Scan using uniq_user_app_email on user_app  (cost=0.38..8.39 rows=1 width=2088) (actual time=0.008..0.010 rows=1 loops=1)',), (""  Index Cond: ((email)::text = 'umslneujqg@example.com'::text)"",), ('  Buffers: shared hit=4',), ('Planning Time: 0.020 ms',), ('Execution Time: 0.021 ms',)]"
408,BTREE,0.0002639293670654297,"[('Index Scan using idx_email_btree on user_app  (cost=0.25..8.27 rows=1 width=2088) (actual time=0.005..0.008 rows=1 loops=1)',), (""  Index Cond: ((email)::text = 'ocagpzyflf@example.com'::text)"",), ('  Buffers: shared hit=3',), ('Planning Time: 0.019 ms',), ('Execution Time: 0.019 ms',)]"
408,HASH,0.0003511190414428711,"[('Index Scan using idx_email_hash on user_app  (cost=0.00..8.02 rows=1 width=2088) (actual time=0.008..0.010 rows=1 loops=1)',), (""  Index Cond: ((email)::text = 'mstpfvblbf@example.com'::text)"",), ('  Buffers: shared hit=2',), ('Planning Time: 0.039 ms',), ('Execution Time: 0.026 ms',)]"
409,No Index,0.000396728515625,"[('Index Scan using uniq_user_app_email on user_app  (cost=0.38..8.39 rows=1 width=2088) (actual time=0.017..0.022 rows=1 loops=1)',), (""  Index Cond: ((email)::text = 'kcrhrdyhsm@example.com'::text)"",), ('  Buffers: shared hit=4',), ('Planning Time: 0.048 ms',), ('Execution Time: 0.039 ms',)]"
409,BTREE,0.0003195285797119141,"[('Index Scan using idx_email_btree on user_app  (cost=0.25..8.27 rows=1 width=2088) (actual time=0.006..0.008 rows=1 loops=1)',), (""  Index Cond: ((email)::text = 'adzguclhfv@example.com'::text)"",), ('  Buffers: shared hit=3',), ('Planning Time: 0.024 ms',), ('Execution Time: 0.020 ms',)]"
409,HASH,0.0002686500549316406,"[('Index Scan using idx_email_hash on user_app  (cost=0.00..8.02 rows=1 width=2088) (actual time=0.004..0.006 rows=1 loops=1)',), (""  Index Cond: ((email)::text = 'jlwhdhbrfo@example.com'::text)"",), ('  Buffers: shared hit=2',), ('Planning Time: 0.019 ms',), ('Execution Time: 0.018 ms',)]"
410,No Index,0.00035762786865234375,"[('Index Scan using uniq_user_app_email on user_app  (cost=0.38..8.39 rows=1 width=2088) (actual time=0.027..0.031 rows=1 loops=1)',), (""  Index Cond: ((email)::text = 'mmopqndexy@example.com'::text)"",), ('  Buffers: shared hit=4',), ('Planning Time: 0.066 ms',), ('Execution Time: 0.055 ms',)]"
410,BTREE,0.00023207664489746093,"[('Index Scan using idx_email_btree on user_app  (cost=0.25..8.27 rows=1 width=2088) (actual time=0.005..0.008 rows=1 loops=1)',), (""  Index Cond: ((email)::text = 'nkwxqlfnbd@example.com'::text)"",), ('  Buffers: shared hit=3',), ('Planning Time: 0.019 ms',), ('Execution Time: 0.018 ms',)]"
410,HASH,0.00034604072570800783,"[('Index Scan using idx_email_hash on user_app  (cost=0.00..8.02 rows=1 width=2088) (actual time=0.013..0.017 rows=1 loops=1)',), (""  Index Cond: ((email)::text = 'eavaxwrnty@example.com'::text)"",), ('  Buffers: shared hit=2',), ('Planning Time: 0.054 ms',), ('Execution Time: 0.034 ms',)]"
411,No Index,0.00020625591278076172,"[('Index Scan using uniq_user_app_email on user_app  (cost=0.38..8.39 rows=1 width=2088) (actual time=0.008..0.011 rows=1 loops=1)',), (""  Index Cond: ((email)::text = 'ltjomswxkd@example.com'::text)"",), ('  Buffers: shared hit=4',), ('Planning Time: 0.017 ms',), ('Execution Time: 0.019 ms',)]"
411,BTREE,0.000186920166015625,"[('Index Scan using idx_email_btree on user_app  (cost=0.25..8.27 rows=1 width=2088) (actual time=0.005..0.008 rows=1 loops=1)',), (""  Index Cond: ((email)::text = 'bimbfsjubf@example.com'::text)"",), ('  Buffers: shared hit=3',), ('Planning Time: 0.019 ms',), ('Execution Time: 0.017 ms',)]"
411,HASH,0.00025370121002197263,"[('Index Scan using idx_email_hash on user_app  (cost=0.00..8.02 rows=1 width=2088) (actual time=0.005..0.007 rows=1 loops=1)',), (""  Index Cond: ((email)::text = 'nbfgacgmrn@example.com'::text)"",), ('  Buffers: shared hit=2',), ('Planning Time: 0.021 ms',), ('Execution Time: 0.018 ms',)]"
412,No Index,0.0002216815948486328,"[('Index Scan using uniq_user_app_email on user_app  (cost=0.38..8.39 rows=1 width=2088) (actual time=0.008..0.010 rows=1 loops=1)',), (""  Index Cond: ((email)::text = 'cjmzhmqfnt@example.com'::text)"",), ('  Buffers: shared hit=4',), ('Planning Time: 0.021 ms',), ('Execution Time: 0.021 ms',)]"
412,BTREE,0.00020325183868408203,"[('Index Scan using idx_email_btree on user_app  (cost=0.25..8.27 rows=1 width=2088) (actual time=0.007..0.009 rows=1 loops=1)',), (""  Index Cond: ((email)::text = 'uptkjfrbtd@example.com'::text)"",), ('  Buffers: shared hit=3',), ('Planning Time: 0.023 ms',), ('Execution Time: 0.020 ms',)]"
412,HASH,0.0002210378646850586,"[('Index Scan using idx_email_hash on user_app  (cost=0.00..8.02 rows=1 width=2088) (actual time=0.008..0.011 rows=1 loops=1)',), (""  Index Cond: ((email)::text = 'zhtbhlwnof@example.com'::text)"",), ('  Buffers: shared hit=2',), ('Planning Time: 0.036 ms',), ('Execution Time: 0.023 ms',)]"
413,No Index,0.00025727748870849607,"[('Index Scan using uniq_user_app_email on user_app  (cost=0.38..8.39 rows=1 width=2088) (actual time=0.007..0.010 rows=1 loops=1)',), (""  Index Cond: ((email)::text = 'ltovlrrubt@example.com'::text)"",), ('  Buffers: shared hit=4',), ('Planning Time: 0.020 ms',), ('Execution Time: 0.020 ms',)]"
413,BTREE,0.00026636123657226564,"[('Index Scan using idx_email_btree on user_app  (cost=0.25..8.27 rows=1 width=2088) (actual time=0.005..0.008 rows=1 loops=1)',), (""  Index Cond: ((email)::text = 'ldvqbvruhq@example.com'::text)"",), ('  Buffers: shared hit=3',), ('Planning Time: 0.019 ms',), ('Execution Time: 0.017 ms',)]"
413,HASH,0.0003066301345825195,"[('Index Scan using idx_email_hash on user_app  (cost=0.00..8.02 rows=1 width=2088) (actual time=0.004..0.007 rows=1 loops=1)',), (""  Index Cond: ((email)::text = 'oyvkfntrwj@example.com'::text)"",), ('  Buffers: shared hit=2',), ('Planning Time: 0.019 ms',), ('Execution Time: 0.017 ms',)]"
414,No Index,0.00026073455810546873,"[('Index Scan using uniq_user_app_email on user_app  (cost=0.38..8.39 rows=1 width=2088) (actual time=0.008..0.010 rows=1 loops=1)',), (""  Index Cond: ((email)::text = 'hkjcwzqlmh@example.com'::text)"",), ('  Buffers: shared hit=4',), ('Planning Time: 0.020 ms',), ('Execution Time: 0.020 ms',)]"
414,BTREE,0.00033588409423828124,"[('Index Scan using idx_email_btree on user_app  (cost=0.25..8.27 rows=1 width=2088) (actual time=0.006..0.009 rows=1 loops=1)',), (""  Index Cond: ((email)::text = 'pjcramxgxc@example.com'::text)"",), ('  Buffers: shared hit=3',), ('Planning Time: 0.023 ms',), ('Execution Time: 0.020 ms',)]"
414,HASH,0.00022752285003662108,"[('Index Scan using idx_email_hash on user_app  (cost=0.00..8.02 rows=1 width=2088) (actual time=0.004..0.006 rows=1 loops=1)',), (""  Index Cond: ((email)::text = 'gqmwxzewcu@example.com'::text)"",), ('  Buffers: shared hit=2',), ('Planning Time: 0.018 ms',), ('Execution Time: 0.016 ms',)]"
415,No Index,0.00019674301147460939,"[('Index Scan using uniq_user_app_email on user_app  (cost=0.38..8.39 rows=1 width=2088) (actual time=0.007..0.010 rows=1 loops=1)',), (""  Index Cond: ((email)::text = 'qnjtkvipup@example.com'::text)"",), ('  Buffers: shared hit=4',), ('Planning Time: 0.017 ms',), ('Execution Time: 0.019 ms',)]"
415,BTREE,0.00031244754791259766,"[('Index Scan using idx_email_btree on user_app  (cost=0.25..8.27 rows=1 width=2088) (actual time=0.005..0.008 rows=1 loops=1)',), (""  Index Cond: ((email)::text = 'hnobcphqso@example.com'::text)"",), ('  Buffers: shared hit=3',), ('Planning Time: 0.019 ms',), ('Execution Time: 0.017 ms',)]"
415,HASH,0.00028104782104492186,"[('Index Scan using idx_email_hash on user_app  (cost=0.00..8.02 rows=1 width=2088) (actual time=0.004..0.006 rows=1 loops=1)',), (""  Index Cond: ((email)::text = 'wqatuafpfi@example.com'::text)"",), ('  Buffers: shared hit=2',), ('Planning Time: 0.020 ms',), ('Execution Time: 0.016 ms',)]"
416,No Index,0.00025446414947509765,"[('Index Scan using uniq_user_app_email on user_app  (cost=0.38..8.39 rows=1 width=2088) (actual time=0.007..0.010 rows=1 loops=1)',), (""  Index Cond: ((email)::text = 'wvtnridbcq@example.com'::text)"",), ('  Buffers: shared hit=4',), ('Planning Time: 0.018 ms',), ('Execution Time: 0.020 ms',)]"
416,BTREE,0.00027797222137451174,"[('Index Scan using idx_email_btree on user_app  (cost=0.25..8.27 rows=1 width=2088) (actual time=0.006..0.009 rows=1 loops=1)',), (""  Index Cond: ((email)::text = 'rctstiwyjx@example.com'::text)"",), ('  Buffers: shared hit=3',), ('Planning Time: 0.023 ms',), ('Execution Time: 0.020 ms',)]"
416,HASH,0.0002436399459838867,"[('Index Scan using idx_email_hash on user_app  (cost=0.00..8.02 rows=1 width=2088) (actual time=0.004..0.006 rows=1 loops=1)',), (""  Index Cond: ((email)::text = 'woaxpjjior@example.com'::text)"",), ('  Buffers: shared hit=2',), ('Planning Time: 0.018 ms',), ('Execution Time: 0.017 ms',)]"
417,No Index,0.0002457380294799805,"[('Index Scan using uniq_user_app_email on user_app  (cost=0.38..8.39 rows=1 width=2088) (actual time=0.007..0.009 rows=1 loops=1)',), (""  Index Cond: ((email)::text = 'tuefzestxs@example.com'::text)"",), ('  Buffers: shared hit=4',), ('Planning Time: 0.017 ms',), ('Execution Time: 0.019 ms',)]"
417,BTREE,0.00028264522552490234,"[('Index Scan using idx_email_btree on user_app  (cost=0.25..8.27 rows=1 width=2088) (actual time=0.008..0.010 rows=1 loops=1)',), (""  Index Cond: ((email)::text = 'dwxcgejgsi@example.com'::text)"",), ('  Buffers: shared hit=3',), ('Planning Time: 0.023 ms',), ('Execution Time: 0.021 ms',)]"
417,HASH,0.0005273818969726562,"[('Index Scan using idx_email_hash on user_app  (cost=0.00..8.02 rows=1 width=2088) (actual time=0.010..0.014 rows=1 loops=1)',), (""  Index Cond: ((email)::text = 'gbmodhwyes@example.com'::text)"",), ('  Buffers: shared hit=2',), ('Planning Time: 0.054 ms',), ('Execution Time: 0.033 ms',)]"
418,No Index,0.00031723976135253904,"[('Index Scan using uniq_user_app_email on user_app  (cost=0.38..8.39 rows=1 width=2088) (actual time=0.007..0.009 rows=1 loops=1)',), (""  Index Cond: ((email)::text = 'oyddiuffvq@example.com'::text)"",), ('  Buffers: shared hit=4',), ('Planning Time: 0.017 ms',), ('Execution Time: 0.018 ms',)]"
418,BTREE,0.00030624866485595703,"[('Index Scan using idx_email_btree on user_app  (cost=0.25..8.27 rows=1 width=2088) (actual time=0.006..0.009 rows=1 loops=1)',), (""  Index Cond: ((email)::text = 'tqgysobfqc@example.com'::text)"",), ('  Buffers: shared hit=3',), ('Planning Time: 0.023 ms',), ('Execution Time: 0.020 ms',)]"
418,HASH,0.0006283998489379882,"[('Index Scan using idx_email_hash on user_app  (cost=0.00..8.02 rows=1 width=2088) (actual time=0.010..0.014 rows=1 loops=1)',), (""  Index Cond: ((email)::text = 'plrvpfbtam@example.com'::text)"",), ('  Buffers: shared hit=2',), ('Planning Time: 0.057 ms',), ('Execution Time: 0.035 ms',)]"
419,No Index,0.0002805233001708984,"[('Index Scan using uniq_user_app_email on user_app  (cost=0.38..8.39 rows=1 width=2088) (actual time=0.007..0.009 rows=1 loops=1)',), (""  Index Cond: ((email)::text = 'yarpijgitn@example.com'::text)"",), ('  Buffers: shared hit=4',), ('Planning Time: 0.018 ms',), ('Execution Time: 0.019 ms',)]"
419,BTREE,0.0003287792205810547,"[('Index Scan using idx_email_btree on user_app  (cost=0.25..8.27 rows=1 width=2088) (actual time=0.012..0.016 rows=1 loops=1)',), (""  Index Cond: ((email)::text = 'xnaycdsyxo@example.com'::text)"",), ('  Buffers: shared hit=3',), ('Planning Time: 0.049 ms',), ('Execution Time: 0.033 ms',)]"
419,HASH,0.000259709358215332,"[('Index Scan using idx_email_hash on user_app  (cost=0.00..8.02 rows=1 width=2088) (actual time=0.003..0.006 rows=1 loops=1)',), (""  Index Cond: ((email)::text = 'tqpymkcoef@example.com'::text)"",), ('  Buffers: shared hit=2',), ('Planning Time: 0.019 ms',), ('Execution Time: 0.016 ms',)]"
420,No Index,0.0002530813217163086,"[('Index Scan using uniq_user_app_email on user_app  (cost=0.38..8.39 rows=1 width=2088) (actual time=0.006..0.009 rows=1 loops=1)',), (""  Index Cond: ((email)::text = 'piwxllidwp@example.com'::text)"",), ('  Buffers: shared hit=4',), ('Planning Time: 0.017 ms',), ('Execution Time: 0.019 ms',)]"
420,BTREE,0.0003112077713012695,"[('Index Scan using idx_email_btree on user_app  (cost=0.25..8.27 rows=1 width=2088) (actual time=0.010..0.014 rows=1 loops=1)',), (""  Index Cond: ((email)::text = 'oeclcljrru@example.com'::text)"",), ('  Buffers: shared hit=3',), ('Planning Time: 0.041 ms',), ('Execution Time: 0.031 ms',)]"
420,HASH,0.00024626255035400393,"[('Index Scan using idx_email_hash on user_app  (cost=0.00..8.02 rows=1 width=2088) (actual time=0.004..0.007 rows=1 loops=1)',), (""  Index Cond: ((email)::text = 'kelplocmom@example.com'::text)"",), ('  Buffers: shared hit=2',), ('Planning Time: 0.019 ms',), ('Execution Time: 0.016 ms',)]"
421,No Index,0.0005594491958618164,"[('Index Scan using uniq_user_app_email on user_app  (cost=0.38..8.39 rows=1 width=2088) (actual time=0.016..0.020 rows=1 loops=1)',), (""  Index Cond: ((email)::text = 'qjlubdlqrz@example.com'::text)"",), ('  Buffers: shared hit=4',), ('Planning Time: 0.044 ms',), ('Execution Time: 0.038 ms',)]"
421,BTREE,0.0003656625747680664,"[('Index Scan using idx_email_btree on user_app  (cost=0.25..8.27 rows=1 width=2088) (actual time=0.007..0.010 rows=1 loops=1)',), (""  Index Cond: ((email)::text = 'tqmpxqmnpy@example.com'::text)"",), ('  Buffers: shared hit=3',), ('Planning Time: 0.028 ms',), ('Execution Time: 0.021 ms',)]"
421,HASH,0.00019567012786865235,"[('Index Scan using idx_email_hash on user_app  (cost=0.00..8.02 rows=1 width=2088) (actual time=0.003..0.006 rows=1 loops=1)',), (""  Index Cond: ((email)::text = 'acoavavzcp@example.com'::text)"",), ('  Buffers: shared hit=2',), ('Planning Time: 0.019 ms',), ('Execution Time: 0.016 ms',)]"
422,No Index,0.00034017562866210936,"[('Index Scan using uniq_user_app_email on user_app  (cost=0.38..8.39 rows=1 width=2088) (actual time=0.007..0.009 rows=1 loops=1)',), (""  Index Cond: ((email)::text = 'wczkwcdkks@example.com'::text)"",), ('  Buffers: shared hit=4',), ('Planning Time: 0.017 ms',), ('Execution Time: 0.019 ms',)]"
422,BTREE,0.00036449432373046874,"[('Index Scan using idx_email_btree on user_app  (cost=0.25..8.27 rows=1 width=2088) (actual time=0.043..0.048 rows=1 loops=1)',), (""  Index Cond: ((email)::text = 'pztbqmuzbh@example.com'::text)"",), ('  Buffers: shared hit=3',), ('Planning Time: 0.144 ms',), ('Execution Time: 0.085 ms',)]"
422,HASH,0.00025873184204101564,"[('Index Scan using idx_email_hash on user_app  (cost=0.00..8.02 rows=1 width=2088) (actual time=0.005..0.008 rows=1 loops=1)',), (""  Index Cond: ((email)::text = 'zacenrvegf@example.com'::text)"",), ('  Buffers: shared hit=2',), ('Planning Time: 0.027 ms',), ('Execution Time: 0.018 ms',)]"
423,No Index,0.0002575397491455078,"[('Index Scan using uniq_user_app_email on user_app  (cost=0.38..8.39 rows=1 width=2088) (actual time=0.007..0.010 rows=1 loops=1)',), (""  Index Cond: ((email)::text = 'ihoqwpmvdx@example.com'::text)"",), ('  Buffers: shared hit=4',), ('Planning Time: 0.019 ms',), ('Execution Time: 0.020 ms',)]"
423,BTREE,0.00019109249114990234,"[('Index Scan using idx_email_btree on user_app  (cost=0.25..8.27 rows=1 width=2088) (actual time=0.006..0.009 rows=1 loops=1)',), (""  Index Cond: ((email)::text = 'vyohzcznre@example.com'::text)"",), ('  Buffers: shared hit=3',), ('Planning Time: 0.019 ms',), ('Execution Time: 0.017 ms',)]"
423,HASH,0.00025310516357421873,"[('Index Scan using idx_email_hash on user_app  (cost=0.00..8.02 rows=1 width=2088) (actual time=0.005..0.008 rows=1 loops=1)',), (""  Index Cond: ((email)::text = 'ufbltkyoqe@example.com'::text)"",), ('  Buffers: shared hit=2',), ('Planning Time: 0.021 ms',), ('Execution Time: 0.018 ms',)]"
424,No Index,0.000263214111328125,"[('Index Scan using uniq_user_app_email on user_app  (cost=0.38..8.39 rows=1 width=2088) (actual time=0.007..0.011 rows=1 loops=1)',), (""  Index Cond: ((email)::text = 'obkdeqyzlh@example.com'::text)"",), ('  Buffers: shared hit=4',), ('Planning Time: 0.020 ms',), ('Execution Time: 0.025 ms',)]"
424,BTREE,0.00028879642486572265,"[('Index Scan using idx_email_btree on user_app  (cost=0.25..8.27 rows=1 width=2088) (actual time=0.013..0.015 rows=1 loops=1)',), (""  Index Cond: ((email)::text = 'nsuuyjuwuy@example.com'::text)"",), ('  Buffers: shared hit=3',), ('Planning Time: 0.064 ms',), ('Execution Time: 0.030 ms',)]"
424,HASH,0.0003453731536865234,"[('Index Scan using idx_email_hash on user_app  (cost=0.00..8.02 rows=1 width=2088) (actual time=0.018..0.021 rows=1 loops=1)',), (""  Index Cond: ((email)::text = 'oghndeavkl@example.com'::text)"",), ('  Buffers: shared hit=2',), ('Planning Time: 0.114 ms',), ('Execution Time: 0.040 ms',)]"
425,No Index,0.00026361942291259767,"[('Index Scan using uniq_user_app_email on user_app  (cost=0.38..8.39 rows=1 width=2088) (actual time=0.008..0.011 rows=1 loops=1)',), (""  Index Cond: ((email)::text = 'hecersosdc@example.com'::text)"",), ('  Buffers: shared hit=4',), ('Planning Time: 0.020 ms',), ('Execution Time: 0.023 ms',)]"
425,BTREE,0.0005455493927001953,"[('Index Scan using idx_email_btree on user_app  (cost=0.25..8.27 rows=1 width=2088) (actual time=0.011..0.015 rows=1 loops=1)',), (""  Index Cond: ((email)::text = 'ffygyqhzar@example.com'::text)"",), ('  Buffers: shared hit=3',), ('Planning Time: 0.048 ms',), ('Execution Time: 0.033 ms',)]"
425,HASH,0.000186920166015625,"[('Index Scan using idx_email_hash on user_app  (cost=0.00..8.02 rows=1 width=2088) (actual time=0.003..0.006 rows=1 loops=1)',), (""  Index Cond: ((email)::text = 'fwecmralcr@example.com'::text)"",), ('  Buffers: shared hit=2',), ('Planning Time: 0.018 ms',), ('Execution Time: 0.016 ms',)]"
426,No Index,0.0002931833267211914,"[('Index Scan using uniq_user_app_email on user_app  (cost=0.38..8.39 rows=1 width=2088) (actual time=0.008..0.010 rows=1 loops=1)',), (""  Index Cond: ((email)::text = 'umhowotjlx@example.com'::text)"",), ('  Buffers: shared hit=4',), ('Planning Time: 0.020 ms',), ('Execution Time: 0.021 ms',)]"
426,BTREE,0.0002917766571044922,"[('Index Scan using idx_email_btree on user_app  (cost=0.25..8.27 rows=1 width=2088) (actual time=0.006..0.009 rows=1 loops=1)',), (""  Index Cond: ((email)::text = 'mwpqiolgcj@example.com'::text)"",), ('  Buffers: shared hit=3',), ('Planning Time: 0.028 ms',), ('Execution Time: 0.021 ms',)]"
426,HASH,0.00020291805267333985,"[('Index Scan using idx_email_hash on user_app  (cost=0.00..8.02 rows=1 width=2088) (actual time=0.005..0.007 rows=1 loops=1)',), (""  Index Cond: ((email)::text = 'vjyfiiyxau@example.com'::text)"",), ('  Buffers: shared hit=2',), ('Planning Time: 0.023 ms',), ('Execution Time: 0.019 ms',)]"
427,No Index,0.00018868446350097656,"[('Index Scan using uniq_user_app_email on user_app  (cost=0.38..8.39 rows=1 width=2088) (actual time=0.006..0.009 rows=1 loops=1)',), (""  Index Cond: ((email)::text = 'nkrlytskhj@example.com'::text)"",), ('  Buffers: shared hit=4',), ('Planning Time: 0.018 ms',), ('Execution Time: 0.019 ms',)]"
427,BTREE,0.00020513534545898437,"[('Index Scan using idx_email_btree on user_app  (cost=0.25..8.27 rows=1 width=2088) (actual time=0.005..0.008 rows=1 loops=1)',), (""  Index Cond: ((email)::text = 'tyfuqwrjrs@example.com'::text)"",), ('  Buffers: shared hit=3',), ('Planning Time: 0.019 ms',), ('Execution Time: 0.017 ms',)]"
427,HASH,0.0003031253814697266,"[('Index Scan using idx_email_hash on user_app  (cost=0.00..8.02 rows=1 width=2088) (actual time=0.005..0.007 rows=1 loops=1)',), (""  Index Cond: ((email)::text = 'woiykuvybt@example.com'::text)"",), ('  Buffers: shared hit=2',), ('Planning Time: 0.025 ms',), ('Execution Time: 0.018 ms',)]"
428,No Index,0.0002785205841064453,"[('Index Scan using uniq_user_app_email on user_app  (cost=0.38..8.39 rows=1 width=2088) (actual time=0.007..0.010 rows=1 loops=1)',), (""  Index Cond: ((email)::text = 'dhxyprfovj@example.com'::text)"",), ('  Buffers: shared hit=4',), ('Planning Time: 0.020 ms',), ('Execution Time: 0.020 ms',)]"
428,BTREE,0.00031871795654296874,"[('Index Scan using idx_email_btree on user_app  (cost=0.25..8.27 rows=1 width=2088) (actual time=0.012..0.015 rows=1 loops=1)',), (""  Index Cond: ((email)::text = 'gtqsydhira@example.com'::text)"",), ('  Buffers: shared hit=3',), ('Planning Time: 0.042 ms',), ('Execution Time: 0.028 ms',)]"
428,HASH,0.00022013187408447265,"[('Index Scan using idx_email_hash on user_app  (cost=0.00..8.02 rows=1 width=2088) (actual time=0.008..0.010 rows=1 loops=1)',), (""  Index Cond: ((email)::text = 'qndvuorahm@example.com'::text)"",), ('  Buffers: shared hit=2',), ('Planning Time: 0.036 ms',), ('Execution Time: 0.023 ms',)]"
429,No Index,0.00036835670471191406,"[('Index Scan using uniq_user_app_email on user_app  (cost=0.38..8.39 rows=1 width=2088) (actual time=0.015..0.019 rows=1 loops=1)',), (""  Index Cond: ((email)::text = 'weovwihofx@example.com'::text)"",), ('  Buffers: shared hit=4',), ('Planning Time: 0.040 ms',), ('Execution Time: 0.047 ms',)]"
429,BTREE,0.0002569437026977539,"[('Index Scan using idx_email_btree on user_app  (cost=0.25..8.27 rows=1 width=2088) (actual time=0.012..0.016 rows=1 loops=1)',), (""  Index Cond: ((email)::text = 'rnrekipeum@example.com'::text)"",), ('  Buffers: shared hit=3',), ('Planning Time: 0.051 ms',), ('Execution Time: 0.031 ms',)]"
429,HASH,0.0002579212188720703,"[('Index Scan using idx_email_hash on user_app  (cost=0.00..8.02 rows=1 width=2088) (actual time=0.004..0.006 rows=1 loops=1)',), (""  Index Cond: ((email)::text = 'rztjszilpe@example.com'::text)"",), ('  Buffers: shared hit=2',), ('Planning Time: 0.019 ms',), ('Execution Time: 0.015 ms',)]"
430,No Index,0.00027594566345214846,"[('Index Scan using uniq_user_app_email on user_app  (cost=0.38..8.39 rows=1 width=2088) (actual time=0.007..0.009 rows=1 loops=1)',), (""  Index Cond: ((email)::text = 'yiypyldddk@example.com'::text)"",), ('  Buffers: shared hit=4',), ('Planning Time: 0.017 ms',), ('Execution Time: 0.020 ms',)]"
430,BTREE,0.0002690553665161133,"[('Index Scan using idx_email_btree on user_app  (cost=0.25..8.27 rows=1 width=2088) (actual time=0.005..0.008 rows=1 loops=1)',), (""  Index Cond: ((email)::text = 'tspqniercf@example.com'::text)"",), ('  Buffers: shared hit=3',), ('Planning Time: 0.021 ms',), ('Execution Time: 0.018 ms',)]"
430,HASH,0.00030057430267333985,"[('Index Scan using idx_email_hash on user_app  (cost=0.00..8.02 rows=1 width=2088) (actual time=0.004..0.007 rows=1 loops=1)',), (""  Index Cond: ((email)::text = 'qxjjmbnavd@example.com'::text)"",), ('  Buffers: shared hit=2',), ('Planning Time: 0.020 ms',), ('Execution Time: 0.018 ms',)]"
431,No Index,0.0006247520446777344,"[('Index Scan using uniq_user_app_email on user_app  (cost=0.38..8.39 rows=1 width=2088) (actual time=0.016..0.020 rows=1 loops=1)',), (""  Index Cond: ((email)::text = 'jaxkuxijlb@example.com'::text)"",), ('  Buffers: shared hit=4',), ('Planning Time: 0.044 ms',), ('Execution Time: 0.038 ms',)]"
431,BTREE,0.0002724885940551758,"[('Index Scan using idx_email_btree on user_app  (cost=0.25..8.27 rows=1 width=2088) (actual time=0.008..0.011 rows=1 loops=1)',), (""  Index Cond: ((email)::text = 'dxwypznhfb@example.com'::text)"",), ('  Buffers: shared hit=3',), ('Planning Time: 0.033 ms',), ('Execution Time: 0.023 ms',)]"
431,HASH,0.00028045177459716796,"[('Index Scan using idx_email_hash on user_app  (cost=0.00..8.02 rows=1 width=2088) (actual time=0.004..0.007 rows=1 loops=1)',), (""  Index Cond: ((email)::text = 'gxxfgwpdcg@example.com'::text)"",), ('  Buffers: shared hit=2',), ('Planning Time: 0.022 ms',), ('Execution Time: 0.018 ms',)]"
432,No Index,0.00028238296508789065,"[('Index Scan using uniq_user_app_email on user_app  (cost=0.38..8.39 rows=1 width=2088) (actual time=0.010..0.013 rows=1 loops=1)',), (""  Index Cond: ((email)::text = 'lphzdwpuvm@example.com'::text)"",), ('  Buffers: shared hit=4',), ('Planning Time: 0.026 ms',), ('Execution Time: 0.025 ms',)]"
432,BTREE,0.00020329952239990235,"[('Index Scan using idx_email_btree on user_app  (cost=0.25..8.27 rows=1 width=2088) (actual time=0.006..0.009 rows=1 loops=1)',), (""  Index Cond: ((email)::text = 'ttcqspbrun@example.com'::text)"",), ('  Buffers: shared hit=3',), ('Planning Time: 0.021 ms',), ('Execution Time: 0.020 ms',)]"
432,HASH,0.00026535987854003906,"[('Index Scan using idx_email_hash on user_app  (cost=0.00..8.02 rows=1 width=2088) (actual time=0.004..0.008 rows=1 loops=1)',), (""  Index Cond: ((email)::text = 'xnkrtlsdph@example.com'::text)"",), ('  Buffers: shared hit=2',), ('Planning Time: 0.022 ms',), ('Execution Time: 0.018 ms',)]"
433,No Index,0.0003489971160888672,"[('Index Scan using uniq_user_app_email on user_app  (cost=0.38..8.39 rows=1 width=2088) (actual time=0.014..0.017 rows=1 loops=1)',), (""  Index Cond: ((email)::text = 'mcgclffyzx@example.com'::text)"",), ('  Buffers: shared hit=4',), ('Planning Time: 0.024 ms',), ('Execution Time: 0.031 ms',)]"
433,BTREE,0.00018727779388427734,"[('Index Scan using idx_email_btree on user_app  (cost=0.25..8.27 rows=1 width=2088) (actual time=0.005..0.008 rows=1 loops=1)',), (""  Index Cond: ((email)::text = 'tixrvwstnr@example.com'::text)"",), ('  Buffers: shared hit=3',), ('Planning Time: 0.019 ms',), ('Execution Time: 0.018 ms',)]"
433,HASH,0.00033516883850097655,"[('Index Scan using idx_email_hash on user_app  (cost=0.00..8.02 rows=1 width=2088) (actual time=0.005..0.008 rows=1 loops=1)',), (""  Index Cond: ((email)::text = 'yfmpivikyp@example.com'::text)"",), ('  Buffers: shared hit=2',), ('Planning Time: 0.024 ms',), ('Execution Time: 0.019 ms',)]"
434,No Index,0.00029129981994628905,"[('Index Scan using uniq_user_app_email on user_app  (cost=0.38..8.39 rows=1 width=2088) (actual time=0.008..0.010 rows=1 loops=1)',), (""  Index Cond: ((email)::text = 'sxhnitnljx@example.com'::text)"",), ('  Buffers: shared hit=4',), ('Planning Time: 0.020 ms',), ('Execution Time: 0.022 ms',)]"
434,BTREE,0.0001947641372680664,"[('Index Scan using idx_email_btree on user_app  (cost=0.25..8.27 rows=1 width=2088) (actual time=0.005..0.008 rows=1 loops=1)',), (""  Index Cond: ((email)::text = 'qbddciknsv@example.com'::text)"",), ('  Buffers: shared hit=3',), ('Planning Time: 0.019 ms',), ('Execution Time: 0.018 ms',)]"
434,HASH,0.00027208328247070314,"[('Index Scan using idx_email_hash on user_app  (cost=0.00..8.02 rows=1 width=2088) (actual time=0.004..0.007 rows=1 loops=1)',), (""  Index Cond: ((email)::text = 'nxlsthxetb@example.com'::text)"",), ('  Buffers: shared hit=2',), ('Planning Time: 0.024 ms',), ('Execution Time: 0.018 ms',)]"
435,No Index,0.00044384002685546873,"[('Index Scan using uniq_user_app_email on user_app  (cost=0.38..8.39 rows=1 width=2088) (actual time=0.015..0.019 rows=1 loops=1)',), (""  Index Cond: ((email)::text = 'aceyscyeug@example.com'::text)"",), ('  Buffers: shared hit=4',), ('Planning Time: 0.046 ms',), ('Execution Time: 0.037 ms',)]"
435,BTREE,0.00026829242706298827,"[('Index Scan using idx_email_btree on user_app  (cost=0.25..8.27 rows=1 width=2088) (actual time=0.005..0.008 rows=1 loops=1)',), (""  Index Cond: ((email)::text = 'swgtmxhpsp@example.com'::text)"",), ('  Buffers: shared hit=3',), ('Planning Time: 0.019 ms',), ('Execution Time: 0.018 ms',)]"
435,HASH,0.00019235610961914061,"[('Index Scan using idx_email_hash on user_app  (cost=0.00..8.02 rows=1 width=2088) (actual time=0.004..0.006 rows=1 loops=1)',), (""  Index Cond: ((email)::text = 'owoiskgdpx@example.com'::text)"",), ('  Buffers: shared hit=2',), ('Planning Time: 0.018 ms',), ('Execution Time: 0.015 ms',)]"
436,No Index,0.0002554655075073242,"[('Index Scan using uniq_user_app_email on user_app  (cost=0.38..8.39 rows=1 width=2088) (actual time=0.008..0.011 rows=1 loops=1)',), (""  Index Cond: ((email)::text = 'nqixnutzfo@example.com'::text)"",), ('  Buffers: shared hit=4',), ('Planning Time: 0.020 ms',), ('Execution Time: 0.022 ms',)]"
436,BTREE,0.0002061605453491211,"[('Index Scan using idx_email_btree on user_app  (cost=0.25..8.27 rows=1 width=2088) (actual time=0.005..0.008 rows=1 loops=1)',), (""  Index Cond: ((email)::text = 'uebcsxxzuj@example.com'::text)"",), ('  Buffers: shared hit=3',), ('Planning Time: 0.019 ms',), ('Execution Time: 0.019 ms',)]"
436,HASH,0.00025494098663330077,"[('Index Scan using idx_email_hash on user_app  (cost=0.00..8.02 rows=1 width=2088) (actual time=0.004..0.008 rows=1 loops=1)',), (""  Index Cond: ((email)::text = 'hfbletzxxq@example.com'::text)"",), ('  Buffers: shared hit=2',), ('Planning Time: 0.021 ms',), ('Execution Time: 0.020 ms',)]"
437,No Index,0.00030078887939453123,"[('Index Scan using uniq_user_app_email on user_app  (cost=0.38..8.39 rows=1 width=2088) (actual time=0.008..0.011 rows=1 loops=1)',), (""  Index Cond: ((email)::text = 'ggvgredhai@example.com'::text)"",), ('  Buffers: shared hit=4',), ('Planning Time: 0.022 ms',), ('Execution Time: 0.022 ms',)]"
437,BTREE,0.0003097295761108398,"[('Index Scan using idx_email_btree on user_app  (cost=0.25..8.27 rows=1 width=2088) (actual time=0.010..0.015 rows=1 loops=1)',), (""  Index Cond: ((email)::text = 'gimwcmbajk@example.com'::text)"",), ('  Buffers: shared hit=3',), ('Planning Time: 0.039 ms',), ('Execution Time: 0.031 ms',)]"
437,HASH,0.0002605438232421875,"[('Index Scan using idx_email_hash on user_app  (cost=0.00..8.02 rows=1 width=2088) (actual time=0.004..0.007 rows=1 loops=1)',), (""  Index Cond: ((email)::text = 'zfqzhojyut@example.com'::text)"",), ('  Buffers: shared hit=2',), ('Planning Time: 0.022 ms',), ('Execution Time: 0.018 ms',)]"
438,No Index,0.00026743412017822267,"[('Index Scan using uniq_user_app_email on user_app  (cost=0.38..8.39 rows=1 width=2088) (actual time=0.008..0.011 rows=1 loops=1)',), (""  Index Cond: ((email)::text = 'ldelqlexru@example.com'::text)"",), ('  Buffers: shared hit=4',), ('Planning Time: 0.020 ms',), ('Execution Time: 0.021 ms',)]"
438,BTREE,0.0002674102783203125,"[('Index Scan using idx_email_btree on user_app  (cost=0.25..8.27 rows=1 width=2088) (actual time=0.006..0.010 rows=1 loops=1)',), (""  Index Cond: ((email)::text = 'rtysjlnaeb@example.com'::text)"",), ('  Buffers: shared hit=3',), ('Planning Time: 0.022 ms',), ('Execution Time: 0.021 ms',)]"
438,HASH,0.00019114017486572267,"[('Index Scan using idx_email_hash on user_app  (cost=0.00..8.02 rows=1 width=2088) (actual time=0.003..0.006 rows=1 loops=1)',), (""  Index Cond: ((email)::text = 'wsxljaobgf@example.com'::text)"",), ('  Buffers: shared hit=2',), ('Planning Time: 0.019 ms',), ('Execution Time: 0.016 ms',)]"
439,No Index,0.0005193948745727539,"[('Index Scan using uniq_user_app_email on user_app  (cost=0.38..8.39 rows=1 width=2088) (actual time=0.009..0.013 rows=1 loops=1)',), (""  Index Cond: ((email)::text = 'ctebywdvkj@example.com'::text)"",), ('  Buffers: shared hit=4',), ('Planning Time: 0.025 ms',), ('Execution Time: 0.025 ms',)]"
439,BTREE,0.0002571821212768555,"[('Index Scan using idx_email_btree on user_app  (cost=0.25..8.27 rows=1 width=2088) (actual time=0.005..0.008 rows=1 loops=1)',), (""  Index Cond: ((email)::text = 'itonpvhdrh@example.com'::text)"",), ('  Buffers: shared hit=3',), ('Planning Time: 0.019 ms',), ('Execution Time: 0.018 ms',)]"
439,HASH,0.0002516269683837891,"[('Index Scan using idx_email_hash on user_app  (cost=0.00..8.02 rows=1 width=2088) (actual time=0.003..0.006 rows=1 loops=1)',), (""  Index Cond: ((email)::text = 'qngnatxdza@example.com'::text)"",), ('  Buffers: shared hit=2',), ('Planning Time: 0.018 ms',), ('Execution Time: 0.019 ms',)]"
440,No Index,0.00032138824462890625,"[('Index Scan using uniq_user_app_email on user_app  (cost=0.38..8.39 rows=1 width=2088) (actual time=0.006..0.010 rows=1 loops=1)',), (""  Index Cond: ((email)::text = 'vrdhsjrjok@example.com'::text)"",), ('  Buffers: shared hit=4',), ('Planning Time: 0.019 ms',), ('Execution Time: 0.020 ms',)]"
440,BTREE,0.0003522634506225586,"[('Index Scan using idx_email_btree on user_app  (cost=0.25..8.27 rows=1 width=2088) (actual time=0.005..0.009 rows=1 loops=1)',), (""  Index Cond: ((email)::text = 'dkxyikdebx@example.com'::text)"",), ('  Buffers: shared hit=3',), ('Planning Time: 0.020 ms',), ('Execution Time: 0.019 ms',)]"
440,HASH,0.00027463436126708987,"[('Index Scan using idx_email_hash on user_app  (cost=0.00..8.02 rows=1 width=2088) (actual time=0.005..0.008 rows=1 loops=1)',), (""  Index Cond: ((email)::text = 'fswtprxdwe@example.com'::text)"",), ('  Buffers: shared hit=2',), ('Planning Time: 0.021 ms',), ('Execution Time: 0.019 ms',)]"
441,No Index,0.00033462047576904297,"[('Index Scan using uniq_user_app_email on user_app  (cost=0.38..8.39 rows=1 width=2088) (actual time=0.009..0.013 rows=1 loops=1)',), (""  Index Cond: ((email)::text = 'zdzcxfublq@example.com'::text)"",), ('  Buffers: shared hit=4',), ('Planning Time: 0.034 ms',), ('Execution Time: 0.025 ms',)]"
441,BTREE,0.00023295879364013672,"[('Index Scan using idx_email_btree on user_app  (cost=0.25..8.27 rows=1 width=2088) (actual time=0.006..0.009 rows=1 loops=1)',), (""  Index Cond: ((email)::text = 'katfapmkoz@example.com'::text)"",), ('  Buffers: shared hit=3',), ('Planning Time: 0.021 ms',), ('Execution Time: 0.019 ms',)]"
441,HASH,0.0002870321273803711,"[('Index Scan using idx_email_hash on user_app  (cost=0.00..8.02 rows=1 width=2088) (actual time=0.004..0.008 rows=1 loops=1)',), (""  Index Cond: ((email)::text = 'pmzkksqsfz@example.com'::text)"",), ('  Buffers: shared hit=2',), ('Planning Time: 0.023 ms',), ('Execution Time: 0.020 ms',)]"
442,No Index,0.0002286672592163086,"[('Index Scan using uniq_user_app_email on user_app  (cost=0.38..8.39 rows=1 width=2088) (actual time=0.008..0.011 rows=1 loops=1)',), (""  Index Cond: ((email)::text = 'vemfsdynrr@example.com'::text)"",), ('  Buffers: shared hit=4',), ('Planning Time: 0.022 ms',), ('Execution Time: 0.021 ms',)]"
442,BTREE,0.0002889394760131836,"[('Index Scan using idx_email_btree on user_app  (cost=0.25..8.27 rows=1 width=2088) (actual time=0.006..0.009 rows=1 loops=1)',), (""  Index Cond: ((email)::text = 'cjcvgprwmg@example.com'::text)"",), ('  Buffers: shared hit=3',), ('Planning Time: 0.023 ms',), ('Execution Time: 0.021 ms',)]"
442,HASH,0.0002586603164672852,"[('Index Scan using idx_email_hash on user_app  (cost=0.00..8.02 rows=1 width=2088) (actual time=0.003..0.006 rows=1 loops=1)',), (""  Index Cond: ((email)::text = 'albxruvkrv@example.com'::text)"",), ('  Buffers: shared hit=2',), ('Planning Time: 0.019 ms',), ('Execution Time: 0.017 ms',)]"
443,No Index,0.0002679109573364258,"[('Index Scan using uniq_user_app_email on user_app  (cost=0.38..8.39 rows=1 width=2088) (actual time=0.007..0.010 rows=1 loops=1)',), (""  Index Cond: ((email)::text = 'ptauatqeiu@example.com'::text)"",), ('  Buffers: shared hit=4',), ('Planning Time: 0.018 ms',), ('Execution Time: 0.020 ms',)]"
443,BTREE,0.0002824544906616211,"[('Index Scan using idx_email_btree on user_app  (cost=0.25..8.27 rows=1 width=2088) (actual time=0.005..0.008 rows=1 loops=1)',), (""  Index Cond: ((email)::text = 'hoifcbmtot@example.com'::text)"",), ('  Buffers: shared hit=3',), ('Planning Time: 0.019 ms',), ('Execution Time: 0.018 ms',)]"
443,HASH,0.00034880638122558594,"[('Index Scan using idx_email_hash on user_app  (cost=0.00..8.02 rows=1 width=2088) (actual time=0.004..0.007 rows=1 loops=1)',), (""  Index Cond: ((email)::text = 'zaoogudxpf@example.com'::text)"",), ('  Buffers: shared hit=2',), ('Planning Time: 0.022 ms',), ('Execution Time: 0.018 ms',)]"
444,No Index,0.0004542827606201172,"[('Index Scan using uniq_user_app_email on user_app  (cost=0.38..8.39 rows=1 width=2088) (actual time=0.017..0.022 rows=1 loops=1)',), (""  Index Cond: ((email)::text = 'snqytgkyri@example.com'::text)"",), ('  Buffers: shared hit=4',), ('Planning Time: 0.046 ms',), ('Execution Time: 0.042 ms',)]"
444,BTREE,0.00019659996032714844,"[('Index Scan using idx_email_btree on user_app  (cost=0.25..8.27 rows=1 width=2088) (actual time=0.005..0.008 rows=1 loops=1)',), (""  Index Cond: ((email)::text = 'wanuqpeyxx@example.com'::text)"",), ('  Buffers: shared hit=3',), ('Planning Time: 0.019 ms',), ('Execution Time: 0.018 ms',)]"
444,HASH,0.0001953601837158203,"[('Index Scan using idx_email_hash on user_app  (cost=0.00..8.02 rows=1 width=2088) (actual time=0.004..0.007 rows=1 loops=1)',), (""  Index Cond: ((email)::text = 'vnlsewoxzj@example.com'::text)"",), ('  Buffers: shared hit=2',), ('Planning Time: 0.018 ms',), ('Execution Time: 0.016 ms',)]"
445,No Index,0.00048234462738037107,"[('Index Scan using uniq_user_app_email on user_app  (cost=0.38..8.39 rows=1 width=2088) (actual time=0.008..0.012 rows=1 loops=1)',), (""  Index Cond: ((email)::text = 'icwkxhvoyr@example.com'::text)"",), ('  Buffers: shared hit=4',), ('Planning Time: 0.025 ms',), ('Execution Time: 0.022 ms',)]"
445,BTREE,0.00027205944061279295,"[('Index Scan using idx_email_btree on user_app  (cost=0.25..8.27 rows=1 width=2088) (actual time=0.007..0.010 rows=1 loops=1)',), (""  Index Cond: ((email)::text = 'hooaemmdcm@example.com'::text)"",), ('  Buffers: shared hit=3',), ('Planning Time: 0.029 ms',), ('Execution Time: 0.022 ms',)]"
445,HASH,0.00025751590728759763,"[('Index Scan using idx_email_hash on user_app  (cost=0.00..8.02 rows=1 width=2088) (actual time=0.005..0.008 rows=1 loops=1)',), (""  Index Cond: ((email)::text = 'aungvsitpe@example.com'::text)"",), ('  Buffers: shared hit=2',), ('Planning Time: 0.020 ms',), ('Execution Time: 0.018 ms',)]"
446,No Index,0.00023665428161621094,"[('Index Scan using uniq_user_app_email on user_app  (cost=0.38..8.39 rows=1 width=2088) (actual time=0.007..0.009 rows=1 loops=1)',), (""  Index Cond: ((email)::text = 'jmqecykmco@example.com'::text)"",), ('  Buffers: shared hit=4',), ('Planning Time: 0.016 ms',), ('Execution Time: 0.019 ms',)]"
446,BTREE,0.00029778480529785156,"[('Index Scan using idx_email_btree on user_app  (cost=0.25..8.27 rows=1 width=2088) (actual time=0.015..0.019 rows=1 loops=1)',), (""  Index Cond: ((email)::text = 'ylisplyfbe@example.com'::text)"",), ('  Buffers: shared hit=3',), ('Planning Time: 0.058 ms',), ('Execution Time: 0.038 ms',)]"
446,HASH,0.00020153522491455077,"[('Index Scan using idx_email_hash on user_app  (cost=0.00..8.02 rows=1 width=2088) (actual time=0.004..0.008 rows=1 loops=1)',), (""  Index Cond: ((email)::text = 'utfoavpevj@example.com'::text)"",), ('  Buffers: shared hit=2',), ('Planning Time: 0.021 ms',), ('Execution Time: 0.018 ms',)]"
447,No Index,0.0002315521240234375,"[('Index Scan using uniq_user_app_email on user_app  (cost=0.38..8.39 rows=1 width=2088) (actual time=0.008..0.010 rows=1 loops=1)',), (""  Index Cond: ((email)::text = 'guuwgpeafp@example.com'::text)"",), ('  Buffers: shared hit=4',), ('Planning Time: 0.019 ms',), ('Execution Time: 0.022 ms',)]"
447,BTREE,0.00026357173919677734,"[('Index Scan using idx_email_btree on user_app  (cost=0.25..8.27 rows=1 width=2088) (actual time=0.005..0.008 rows=1 loops=1)',), (""  Index Cond: ((email)::text = 'ykaqnzsukt@example.com'::text)"",), ('  Buffers: shared hit=3',), ('Planning Time: 0.023 ms',), ('Execution Time: 0.018 ms',)]"
447,HASH,0.00029115676879882814,"[('Index Scan using idx_email_hash on user_app  (cost=0.00..8.02 rows=1 width=2088) (actual time=0.005..0.007 rows=1 loops=1)',), (""  Index Cond: ((email)::text = 'epqptgiwbc@example.com'::text)"",), ('  Buffers: shared hit=2',), ('Planning Time: 0.020 ms',), ('Execution Time: 0.017 ms',)]"
448,No Index,0.0002658367156982422,"[('Index Scan using uniq_user_app_email on user_app  (cost=0.38..8.39 rows=1 width=2088) (actual time=0.008..0.011 rows=1 loops=1)',), (""  Index Cond: ((email)::text = 'brrszbwroq@example.com'::text)"",), ('  Buffers: shared hit=4',), ('Planning Time: 0.021 ms',), ('Execution Time: 0.022 ms',)]"
448,BTREE,0.00020375251770019532,"[('Index Scan using idx_email_btree on user_app  (cost=0.25..8.27 rows=1 width=2088) (actual time=0.006..0.009 rows=1 loops=1)',), (""  Index Cond: ((email)::text = 'pbqdhsgnyk@example.com'::text)"",), ('  Buffers: shared hit=3',), ('Planning Time: 0.020 ms',), ('Execution Time: 0.018 ms',)]"
448,HASH,0.0002025604248046875,"[('Index Scan using idx_email_hash on user_app  (cost=0.00..8.02 rows=1 width=2088) (actual time=0.003..0.006 rows=1 loops=1)',), (""  Index Cond: ((email)::text = 'bznsyytibj@example.com'::text)"",), ('  Buffers: shared hit=2',), ('Planning Time: 0.019 ms',), ('Execution Time: 0.017 ms',)]"
449,No Index,0.00025882720947265623,"[('Index Scan using uniq_user_app_email on user_app  (cost=0.38..8.39 rows=1 width=2088) (actual time=0.007..0.010 rows=1 loops=1)',), (""  Index Cond: ((email)::text = 'dchbnywwlb@example.com'::text)"",), ('  Buffers: shared hit=4',), ('Planning Time: 0.020 ms',), ('Execution Time: 0.021 ms',)]"
449,BTREE,0.00021939277648925782,"[('Index Scan using idx_email_btree on user_app  (cost=0.25..8.27 rows=1 width=2088) (actual time=0.009..0.012 rows=1 loops=1)',), (""  Index Cond: ((email)::text = 'awmcjurhhd@example.com'::text)"",), ('  Buffers: shared hit=3',), ('Planning Time: 0.032 ms',), ('Execution Time: 0.023 ms',)]"
449,HASH,0.00028882026672363283,"[('Index Scan using idx_email_hash on user_app  (cost=0.00..8.02 rows=1 width=2088) (actual time=0.009..0.013 rows=1 loops=1)',), (""  Index Cond: ((email)::text = 'phyjxelcxa@example.com'::text)"",), ('  Buffers: shared hit=2',), ('Planning Time: 0.036 ms',), ('Execution Time: 0.028 ms',)]"
450,No Index,0.0003101587295532227,"[('Index Scan using uniq_user_app_email on user_app  (cost=0.38..8.39 rows=1 width=2088) (actual time=0.009..0.012 rows=1 loops=1)',), (""  Index Cond: ((email)::text = 'sepcpvdhkb@example.com'::text)"",), ('  Buffers: shared hit=4',), ('Planning Time: 0.025 ms',), ('Execution Time: 0.024 ms',)]"
450,BTREE,0.0002636432647705078,"[('Index Scan using idx_email_btree on user_app  (cost=0.25..8.27 rows=1 width=2088) (actual time=0.006..0.009 rows=1 loops=1)',), (""  Index Cond: ((email)::text = 'vddbndceol@example.com'::text)"",), ('  Buffers: shared hit=3',), ('Planning Time: 0.021 ms',), ('Execution Time: 0.019 ms',)]"
450,HASH,0.00025331974029541016,"[('Index Scan using idx_email_hash on user_app  (cost=0.00..8.02 rows=1 width=2088) (actual time=0.005..0.008 rows=1 loops=1)',), (""  Index Cond: ((email)::text = 'owsafqdapq@example.com'::text)"",), ('  Buffers: shared hit=2',), ('Planning Time: 0.030 ms',), ('Execution Time: 0.026 ms',)]"
451,No Index,0.00026519298553466796,"[('Index Scan using uniq_user_app_email on user_app  (cost=0.38..8.39 rows=1 width=2088) (actual time=0.007..0.010 rows=1 loops=1)',), (""  Index Cond: ((email)::text = 'nstqhzfozg@example.com'::text)"",), ('  Buffers: shared hit=4',), ('Planning Time: 0.020 ms',), ('Execution Time: 0.021 ms',)]"
451,BTREE,0.00022301673889160156,"[('Index Scan using idx_email_btree on user_app  (cost=0.25..8.27 rows=1 width=2088) (actual time=0.005..0.008 rows=1 loops=1)',), (""  Index Cond: ((email)::text = 'smcxpgkquk@example.com'::text)"",), ('  Buffers: shared hit=3',), ('Planning Time: 0.019 ms',), ('Execution Time: 0.019 ms',)]"
451,HASH,0.0002660989761352539,"[('Index Scan using idx_email_hash on user_app  (cost=0.00..8.02 rows=1 width=2088) (actual time=0.005..0.008 rows=1 loops=1)',), (""  Index Cond: ((email)::text = 'cncmgwwtwg@example.com'::text)"",), ('  Buffers: shared hit=2',), ('Planning Time: 0.021 ms',), ('Execution Time: 0.018 ms',)]"
452,No Index,0.0002862453460693359,"[('Index Scan using uniq_user_app_email on user_app  (cost=0.38..8.39 rows=1 width=2088) (actual time=0.007..0.010 rows=1 loops=1)',), (""  Index Cond: ((email)::text = 'etyvqkwkvr@example.com'::text)"",), ('  Buffers: shared hit=4',), ('Planning Time: 0.020 ms',), ('Execution Time: 0.021 ms',)]"
452,BTREE,0.00026886463165283204,"[('Index Scan using idx_email_btree on user_app  (cost=0.25..8.27 rows=1 width=2088) (actual time=0.005..0.008 rows=1 loops=1)',), (""  Index Cond: ((email)::text = 'skydcqnjwj@example.com'::text)"",), ('  Buffers: shared hit=3',), ('Planning Time: 0.019 ms',), ('Execution Time: 0.017 ms',)]"
452,HASH,0.0004448652267456055,"[('Index Scan using idx_email_hash on user_app  (cost=0.00..8.02 rows=1 width=2088) (actual time=0.005..0.008 rows=1 loops=1)',), (""  Index Cond: ((email)::text = 'gpeiufdxpv@example.com'::text)"",), ('  Buffers: shared hit=2',), ('Planning Time: 0.022 ms',), ('Execution Time: 0.021 ms',)]"
453,No Index,0.0003331899642944336,"[('Index Scan using uniq_user_app_email on user_app  (cost=0.38..8.39 rows=1 width=2088) (actual time=0.008..0.010 rows=1 loops=1)',), (""  Index Cond: ((email)::text = 'pakzzuegwv@example.com'::text)"",), ('  Buffers: shared hit=4',), ('Planning Time: 0.024 ms',), ('Execution Time: 0.022 ms',)]"
453,BTREE,0.0002611875534057617,"[('Index Scan using idx_email_btree on user_app  (cost=0.25..8.27 rows=1 width=2088) (actual time=0.006..0.008 rows=1 loops=1)',), (""  Index Cond: ((email)::text = 'ooapydxlrd@example.com'::text)"",), ('  Buffers: shared hit=3',), ('Planning Time: 0.022 ms',), ('Execution Time: 0.019 ms',)]"
453,HASH,0.00026121139526367185,"[('Index Scan using idx_email_hash on user_app  (cost=0.00..8.02 rows=1 width=2088) (actual time=0.004..0.007 rows=1 loops=1)',), (""  Index Cond: ((email)::text = 'vzqxsxelor@example.com'::text)"",), ('  Buffers: shared hit=2',), ('Planning Time: 0.021 ms',), ('Execution Time: 0.019 ms',)]"
454,No Index,0.0002666950225830078,"[('Index Scan using uniq_user_app_email on user_app  (cost=0.38..8.39 rows=1 width=2088) (actual time=0.008..0.011 rows=1 loops=1)',), (""  Index Cond: ((email)::text = 'lnziiqkxsz@example.com'::text)"",), ('  Buffers: shared hit=4',), ('Planning Time: 0.020 ms',), ('Execution Time: 0.022 ms',)]"
454,BTREE,0.00020203590393066406,"[('Index Scan using idx_email_btree on user_app  (cost=0.25..8.27 rows=1 width=2088) (actual time=0.005..0.008 rows=1 loops=1)',), (""  Index Cond: ((email)::text = 'otysirnxqb@example.com'::text)"",), ('  Buffers: shared hit=3',), ('Planning Time: 0.020 ms',), ('Execution Time: 0.018 ms',)]"
454,HASH,0.0003061056137084961,"[('Index Scan using idx_email_hash on user_app  (cost=0.00..8.02 rows=1 width=2088) (actual time=0.004..0.007 rows=1 loops=1)',), (""  Index Cond: ((email)::text = 'houlhpmcgh@example.com'::text)"",), ('  Buffers: shared hit=2',), ('Planning Time: 0.020 ms',), ('Execution Time: 0.018 ms',)]"
455,No Index,0.0002774238586425781,"[('Index Scan using uniq_user_app_email on user_app  (cost=0.38..8.39 rows=1 width=2088) (actual time=0.006..0.009 rows=1 loops=1)',), (""  Index Cond: ((email)::text = 'zxfuwknrxk@example.com'::text)"",), ('  Buffers: shared hit=4',), ('Planning Time: 0.018 ms',), ('Execution Time: 0.020 ms',)]"
455,BTREE,0.00019712448120117186,"[('Index Scan using idx_email_btree on user_app  (cost=0.25..8.27 rows=1 width=2088) (actual time=0.005..0.008 rows=1 loops=1)',), (""  Index Cond: ((email)::text = 'xblhaqjgby@example.com'::text)"",), ('  Buffers: shared hit=3',), ('Planning Time: 0.019 ms',), ('Execution Time: 0.018 ms',)]"
455,HASH,0.00025882720947265623,"[('Index Scan using idx_email_hash on user_app  (cost=0.00..8.02 rows=1 width=2088) (actual time=0.003..0.007 rows=1 loops=1)',), (""  Index Cond: ((email)::text = 'mmoljspvio@example.com'::text)"",), ('  Buffers: shared hit=2',), ('Planning Time: 0.019 ms',), ('Execution Time: 0.017 ms',)]"
456,No Index,0.0002931833267211914,"[('Index Scan using uniq_user_app_email on user_app  (cost=0.38..8.39 rows=1 width=2088) (actual time=0.007..0.009 rows=1 loops=1)',), (""  Index Cond: ((email)::text = 'dcdvznaxir@example.com'::text)"",), ('  Buffers: shared hit=4',), ('Planning Time: 0.019 ms',), ('Execution Time: 0.020 ms',)]"
456,BTREE,0.000267791748046875,"[('Index Scan using idx_email_btree on user_app  (cost=0.25..8.27 rows=1 width=2088) (actual time=0.017..0.021 rows=1 loops=1)',), (""  Index Cond: ((email)::text = 'dccrxodnyi@example.com'::text)"",), ('  Buffers: shared hit=3',), ('Planning Time: 0.066 ms',), ('Execution Time: 0.040 ms',)]"
456,HASH,0.0002974033355712891,"[('Index Scan using idx_email_hash on user_app  (cost=0.00..8.02 rows=1 width=2088) (actual time=0.005..0.008 rows=1 loops=1)',), (""  Index Cond: ((email)::text = 'crtsjzcbke@example.com'::text)"",), ('  Buffers: shared hit=2',), ('Planning Time: 0.023 ms',), ('Execution Time: 0.019 ms',)]"
457,No Index,0.00026209354400634765,"[('Index Scan using uniq_user_app_email on user_app  (cost=0.38..8.39 rows=1 width=2088) (actual time=0.008..0.012 rows=1 loops=1)',), (""  Index Cond: ((email)::text = 'ghicyjaigr@example.com'::text)"",), ('  Buffers: shared hit=4',), ('Planning Time: 0.019 ms',), ('Execution Time: 0.022 ms',)]"
457,BTREE,0.00021653175354003907,"[('Index Scan using idx_email_btree on user_app  (cost=0.25..8.27 rows=1 width=2088) (actual time=0.006..0.009 rows=1 loops=1)',), (""  Index Cond: ((email)::text = 'cwjzypdubo@example.com'::text)"",), ('  Buffers: shared hit=3',), ('Planning Time: 0.028 ms',), ('Execution Time: 0.027 ms',)]"
457,HASH,0.0002944707870483398,"[('Index Scan using idx_email_hash on user_app  (cost=0.00..8.02 rows=1 width=2088) (actual time=0.005..0.007 rows=1 loops=1)',), (""  Index Cond: ((email)::text = 'qwupcixxfx@example.com'::text)"",), ('  Buffers: shared hit=2',), ('Planning Time: 0.024 ms',), ('Execution Time: 0.019 ms',)]"
458,No Index,0.00025980472564697267,"[('Index Scan using uniq_user_app_email on user_app  (cost=0.38..8.39 rows=1 width=2088) (actual time=0.007..0.010 rows=1 loops=1)',), (""  Index Cond: ((email)::text = 'jtvtrogaib@example.com'::text)"",), ('  Buffers: shared hit=4',), ('Planning Time: 0.017 ms',), ('Execution Time: 0.019 ms',)]"
458,BTREE,0.00035936832427978515,"[('Index Scan using idx_email_btree on user_app  (cost=0.25..8.27 rows=1 width=2088) (actual time=0.007..0.029 rows=1 loops=1)',), (""  Index Cond: ((email)::text = 'imymrvwxuy@example.com'::text)"",), ('  Buffers: shared hit=3',), ('Planning Time: 0.024 ms',), ('Execution Time: 0.042 ms',)]"
458,HASH,0.0002957820892333984,"[('Index Scan using idx_email_hash on user_app  (cost=0.00..8.02 rows=1 width=2088) (actual time=0.004..0.007 rows=1 loops=1)',), (""  Index Cond: ((email)::text = 'lfkdgwdkrl@example.com'::text)"",), ('  Buffers: shared hit=2',), ('Planning Time: 0.021 ms',), ('Execution Time: 0.018 ms',)]"
459,No Index,0.00044634342193603513,"[('Index Scan using uniq_user_app_email on user_app  (cost=0.38..8.39 rows=1 width=2088) (actual time=0.010..0.013 rows=1 loops=1)',), (""  Index Cond: ((email)::text = 'nxqsakuaby@example.com'::text)"",), ('  Buffers: shared hit=4',), ('Planning Time: 0.025 ms',), ('Execution Time: 0.024 ms',)]"
459,BTREE,0.0001968860626220703,"[('Index Scan using idx_email_btree on user_app  (cost=0.25..8.27 rows=1 width=2088) (actual time=0.005..0.008 rows=1 loops=1)',), (""  Index Cond: ((email)::text = 'aatptshijc@example.com'::text)"",), ('  Buffers: shared hit=3',), ('Planning Time: 0.019 ms',), ('Execution Time: 0.018 ms',)]"
459,HASH,0.00019898414611816407,"[('Index Scan using idx_email_hash on user_app  (cost=0.00..8.02 rows=1 width=2088) (actual time=0.005..0.008 rows=1 loops=1)',), (""  Index Cond: ((email)::text = 'owmbekdufm@example.com'::text)"",), ('  Buffers: shared hit=2',), ('Planning Time: 0.023 ms',), ('Execution Time: 0.019 ms',)]"
460,No Index,0.00031316280364990234,"[('Index Scan using uniq_user_app_email on user_app  (cost=0.38..8.39 rows=1 width=2088) (actual time=0.008..0.010 rows=1 loops=1)',), (""  Index Cond: ((email)::text = 'eksgwoaiob@example.com'::text)"",), ('  Buffers: shared hit=4',), ('Planning Time: 0.018 ms',), ('Execution Time: 0.021 ms',)]"
460,BTREE,0.00022158622741699218,"[('Index Scan using idx_email_btree on user_app  (cost=0.25..8.27 rows=1 width=2088) (actual time=0.006..0.009 rows=1 loops=1)',), (""  Index Cond: ((email)::text = 'slurusimfz@example.com'::text)"",), ('  Buffers: shared hit=3',), ('Planning Time: 0.019 ms',), ('Execution Time: 0.019 ms',)]"
460,HASH,0.0001949310302734375,"[('Index Scan using idx_email_hash on user_app  (cost=0.00..8.02 rows=1 width=2088) (actual time=0.004..0.007 rows=1 loops=1)',), (""  Index Cond: ((email)::text = 'uacoyroilu@example.com'::text)"",), ('  Buffers: shared hit=2',), ('Planning Time: 0.019 ms',), ('Execution Time: 0.017 ms',)]"
461,No Index,0.00035848617553710935,"[('Index Scan using uniq_user_app_email on user_app  (cost=0.38..8.39 rows=1 width=2088) (actual time=0.013..0.017 rows=1 loops=1)',), (""  Index Cond: ((email)::text = 'culmtbvenj@example.com'::text)"",), ('  Buffers: shared hit=4',), ('Planning Time: 0.038 ms',), ('Execution Time: 0.032 ms',)]"
461,BTREE,0.00024662017822265627,"[('Index Scan using idx_email_btree on user_app  (cost=0.25..8.27 rows=1 width=2088) (actual time=0.005..0.007 rows=1 loops=1)',), (""  Index Cond: ((email)::text = 'gtsjqobzlx@example.com'::text)"",), ('  Buffers: shared hit=3',), ('Planning Time: 0.020 ms',), ('Execution Time: 0.017 ms',)]"
461,HASH,0.000278782844543457,"[('Index Scan using idx_email_hash on user_app  (cost=0.00..8.02 rows=1 width=2088) (actual time=0.005..0.008 rows=1 loops=1)',), (""  Index Cond: ((email)::text = 'woxvsshzgq@example.com'::text)"",), ('  Buffers: shared hit=2',), ('Planning Time: 0.023 ms',), ('Execution Time: 0.020 ms',)]"
462,No Index,0.0004699468612670898,"[('Index Scan using uniq_user_app_email on user_app  (cost=0.38..8.39 rows=1 width=2088) (actual time=0.007..0.011 rows=1 loops=1)',), (""  Index Cond: ((email)::text = 'hoodzhmpjo@example.com'::text)"",), ('  Buffers: shared hit=4',), ('Planning Time: 0.020 ms',), ('Execution Time: 0.022 ms',)]"
462,BTREE,0.00025305747985839846,"[('Index Scan using idx_email_btree on user_app  (cost=0.25..8.27 rows=1 width=2088) (actual time=0.005..0.007 rows=1 loops=1)',), (""  Index Cond: ((email)::text = 'ccphkxbjlj@example.com'::text)"",), ('  Buffers: shared hit=3',), ('Planning Time: 0.019 ms',), ('Execution Time: 0.017 ms',)]"
462,HASH,0.00023355484008789063,"[('Index Scan using idx_email_hash on user_app  (cost=0.00..8.02 rows=1 width=2088) (actual time=0.008..0.011 rows=1 loops=1)',), (""  Index Cond: ((email)::text = 'akywyjtcck@example.com'::text)"",), ('  Buffers: shared hit=2',), ('Planning Time: 0.036 ms',), ('Execution Time: 0.025 ms',)]"
463,No Index,0.00025067329406738283,"[('Index Scan using uniq_user_app_email on user_app  (cost=0.38..8.39 rows=1 width=2088) (actual time=0.020..0.024 rows=1 loops=1)',), (""  Index Cond: ((email)::text = 'vqovgjkboj@example.com'::text)"",), ('  Buffers: shared hit=4',), ('Planning Time: 0.058 ms',), ('Execution Time: 0.040 ms',)]"
463,BTREE,0.00026972293853759765,"[('Index Scan using idx_email_btree on user_app  (cost=0.25..8.27 rows=1 width=2088) (actual time=0.006..0.009 rows=1 loops=1)',), (""  Index Cond: ((email)::text = 'jwjskejavy@example.com'::text)"",), ('  Buffers: shared hit=3',), ('Planning Time: 0.022 ms',), ('Execution Time: 0.020 ms',)]"
463,HASH,0.00019762516021728515,"[('Index Scan using idx_email_hash on user_app  (cost=0.00..8.02 rows=1 width=2088) (actual time=0.004..0.007 rows=1 loops=1)',), (""  Index Cond: ((email)::text = 'hvzpnilelm@example.com'::text)"",), ('  Buffers: shared hit=2',), ('Planning Time: 0.019 ms',), ('Execution Time: 0.017 ms',)]"
464,No Index,0.00022699832916259766,"[('Index Scan using uniq_user_app_email on user_app  (cost=0.38..8.39 rows=1 width=2088) (actual time=0.010..0.013 rows=1 loops=1)',), (""  Index Cond: ((email)::text = 'brlybukkdd@example.com'::text)"",), ('  Buffers: shared hit=4',), ('Planning Time: 0.031 ms',), ('Execution Time: 0.026 ms',)]"
464,BTREE,0.00029995441436767576,"[('Index Scan using idx_email_btree on user_app  (cost=0.25..8.27 rows=1 width=2088) (actual time=0.006..0.009 rows=1 loops=1)',), (""  Index Cond: ((email)::text = 'youohdzasl@example.com'::text)"",), ('  Buffers: shared hit=3',), ('Planning Time: 0.024 ms',), ('Execution Time: 0.019 ms',)]"
464,HASH,0.0006474494934082031,"[('Index Scan using idx_email_hash on user_app  (cost=0.00..8.02 rows=1 width=2088) (actual time=0.015..0.020 rows=1 loops=1)',), (""  Index Cond: ((email)::text = 'wzsxhgyuyf@example.com'::text)"",), ('  Buffers: shared hit=2',), ('Planning Time: 0.077 ms',), ('Execution Time: 0.044 ms',)]"
465,No Index,0.00028586387634277344,"[('Index Scan using uniq_user_app_email on user_app  (cost=0.38..8.39 rows=1 width=2088) (actual time=0.008..0.011 rows=1 loops=1)',), (""  Index Cond: ((email)::text = 'gttkyexqnh@example.com'::text)"",), ('  Buffers: shared hit=4',), ('Planning Time: 0.021 ms',), ('Execution Time: 0.022 ms',)]"
465,BTREE,0.00020110607147216797,"[('Index Scan using idx_email_btree on user_app  (cost=0.25..8.27 rows=1 width=2088) (actual time=0.007..0.010 rows=1 loops=1)',), (""  Index Cond: ((email)::text = 'iffxjzlptp@example.com'::text)"",), ('  Buffers: shared hit=3',), ('Planning Time: 0.023 ms',), ('Execution Time: 0.020 ms',)]"
465,HASH,0.00019714832305908203,"[('Index Scan using idx_email_hash on user_app  (cost=0.00..8.02 rows=1 width=2088) (actual time=0.004..0.007 rows=1 loops=1)',), (""  Index Cond: ((email)::text = 'gttkyexqnh@example.com'::text)"",), ('  Buffers: shared hit=2',), ('Planning Time: 0.019 ms',), ('Execution Time: 0.018 ms',)]"
466,No Index,0.00021276473999023437,"[('Index Scan using uniq_user_app_email on user_app  (cost=0.38..8.39 rows=1 width=2088) (actual time=0.007..0.010 rows=1 loops=1)',), (""  Index Cond: ((email)::text = 'pfqlgvtjef@example.com'::text)"",), ('  Buffers: shared hit=4',), ('Planning Time: 0.017 ms',), ('Execution Time: 0.020 ms',)]"
466,BTREE,0.00027546882629394533,"[('Index Scan using idx_email_btree on user_app  (cost=0.25..8.27 rows=1 width=2088) (actual time=0.007..0.009 rows=1 loops=1)',), (""  Index Cond: ((email)::text = 'eajqimxhba@example.com'::text)"",), ('  Buffers: shared hit=3',), ('Planning Time: 0.026 ms',), ('Execution Time: 0.020 ms',)]"
466,HASH,0.00025403499603271484,"[('Index Scan using idx_email_hash on user_app  (cost=0.00..8.02 rows=1 width=2088) (actual time=0.003..0.007 rows=1 loops=1)',), (""  Index Cond: ((email)::text = 'rphjpjsvxl@example.com'::text)"",), ('  Buffers: shared hit=2',), ('Planning Time: 0.019 ms',), ('Execution Time: 0.016 ms',)]"
467,No Index,0.00036408901214599607,"[('Index Scan using uniq_user_app_email on user_app  (cost=0.38..8.39 rows=1 width=2088) (actual time=0.017..0.021 rows=1 loops=1)',), (""  Index Cond: ((email)::text = 'ucrqbngasi@example.com'::text)"",), ('  Buffers: shared hit=4',), ('Planning Time: 0.044 ms',), ('Execution Time: 0.040 ms',)]"
467,BTREE,0.00031092166900634763,"[('Index Scan using idx_email_btree on user_app  (cost=0.25..8.27 rows=1 width=2088) (actual time=0.026..0.031 rows=1 loops=1)',), (""  Index Cond: ((email)::text = 'rocmljtvnr@example.com'::text)"",), ('  Buffers: shared hit=3',), ('Planning Time: 0.116 ms',), ('Execution Time: 0.059 ms',)]"
467,HASH,0.00022540092468261718,"[('Index Scan using idx_email_hash on user_app  (cost=0.00..8.02 rows=1 width=2088) (actual time=0.005..0.008 rows=1 loops=1)',), (""  Index Cond: ((email)::text = 'vyeqfrbnnc@example.com'::text)"",), ('  Buffers: shared hit=2',), ('Planning Time: 0.025 ms',), ('Execution Time: 0.018 ms',)]"
468,No Index,0.0002551078796386719,"[('Index Scan using uniq_user_app_email on user_app  (cost=0.38..8.39 rows=1 width=2088) (actual time=0.009..0.013 rows=1 loops=1)',), (""  Index Cond: ((email)::text = 'wpstbjtaom@example.com'::text)"",), ('  Buffers: shared hit=4',), ('Planning Time: 0.017 ms',), ('Execution Time: 0.026 ms',)]"
468,BTREE,0.00025434494018554686,"[('Index Scan using idx_email_btree on user_app  (cost=0.25..8.27 rows=1 width=2088) (actual time=0.005..0.007 rows=1 loops=1)',), (""  Index Cond: ((email)::text = 'nrzqwseaiw@example.com'::text)"",), ('  Buffers: shared hit=3',), ('Planning Time: 0.019 ms',), ('Execution Time: 0.018 ms',)]"
468,HASH,0.0002036571502685547,"[('Index Scan using idx_email_hash on user_app  (cost=0.00..8.02 rows=1 width=2088) (actual time=0.004..0.007 rows=1 loops=1)',), (""  Index Cond: ((email)::text = 'zjvohoealt@example.com'::text)"",), ('  Buffers: shared hit=2',), ('Planning Time: 0.022 ms',), ('Execution Time: 0.019 ms',)]"
469,No Index,0.0005504846572875977,"[('Index Scan using uniq_user_app_email on user_app  (cost=0.38..8.39 rows=1 width=2088) (actual time=0.018..0.021 rows=1 loops=1)',), (""  Index Cond: ((email)::text = 'ixyhhakggi@example.com'::text)"",), ('  Buffers: shared hit=4',), ('Planning Time: 0.052 ms',), ('Execution Time: 0.040 ms',)]"
469,BTREE,0.0002214670181274414,"[('Index Scan using idx_email_btree on user_app  (cost=0.25..8.27 rows=1 width=2088) (actual time=0.006..0.009 rows=1 loops=1)',), (""  Index Cond: ((email)::text = 'gowkifztrg@example.com'::text)"",), ('  Buffers: shared hit=3',), ('Planning Time: 0.022 ms',), ('Execution Time: 0.021 ms',)]"
469,HASH,0.00026330947875976565,"[('Index Scan using idx_email_hash on user_app  (cost=0.00..8.02 rows=1 width=2088) (actual time=0.004..0.007 rows=1 loops=1)',), (""  Index Cond: ((email)::text = 'efmetloxgd@example.com'::text)"",), ('  Buffers: shared hit=2',), ('Planning Time: 0.021 ms',), ('Execution Time: 0.017 ms',)]"
470,No Index,0.000247502326965332,"[('Index Scan using uniq_user_app_email on user_app  (cost=0.38..8.39 rows=1 width=2088) (actual time=0.007..0.009 rows=1 loops=1)',), (""  Index Cond: ((email)::text = 'cddawyvwpq@example.com'::text)"",), ('  Buffers: shared hit=4',), ('Planning Time: 0.017 ms',), ('Execution Time: 0.019 ms',)]"
470,BTREE,0.0002884626388549805,"[('Index Scan using idx_email_btree on user_app  (cost=0.25..8.27 rows=1 width=2088) (actual time=0.007..0.010 rows=1 loops=1)',), (""  Index Cond: ((email)::text = 'aofxkvrmfp@example.com'::text)"",), ('  Buffers: shared hit=3',), ('Planning Time: 0.023 ms',), ('Execution Time: 0.021 ms',)]"
470,HASH,0.0001864194869995117,"[('Index Scan using idx_email_hash on user_app  (cost=0.00..8.02 rows=1 width=2088) (actual time=0.004..0.007 rows=1 loops=1)',), (""  Index Cond: ((email)::text = 'stdhzafbne@example.com'::text)"",), ('  Buffers: shared hit=2',), ('Planning Time: 0.019 ms',), ('Execution Time: 0.015 ms',)]"
471,No Index,0.00029251575469970705,"[('Index Scan using uniq_user_app_email on user_app  (cost=0.38..8.39 rows=1 width=2088) (actual time=0.008..0.011 rows=1 loops=1)',), (""  Index Cond: ((email)::text = 'ezxtjdkwfe@example.com'::text)"",), ('  Buffers: shared hit=4',), ('Planning Time: 0.021 ms',), ('Execution Time: 0.021 ms',)]"
471,BTREE,0.0002166271209716797,"[('Index Scan using idx_email_btree on user_app  (cost=0.25..8.27 rows=1 width=2088) (actual time=0.008..0.012 rows=1 loops=1)',), (""  Index Cond: ((email)::text = 'zfdvneofde@example.com'::text)"",), ('  Buffers: shared hit=3',), ('Planning Time: 0.031 ms',), ('Execution Time: 0.024 ms',)]"
471,HASH,0.00025169849395751954,"[('Index Scan using idx_email_hash on user_app  (cost=0.00..8.02 rows=1 width=2088) (actual time=0.006..0.009 rows=1 loops=1)',), (""  Index Cond: ((email)::text = 'pvtbmywsje@example.com'::text)"",), ('  Buffers: shared hit=2',), ('Planning Time: 0.022 ms',), ('Execution Time: 0.019 ms',)]"
472,No Index,0.0001873016357421875,"[('Index Scan using uniq_user_app_email on user_app  (cost=0.38..8.39 rows=1 width=2088) (actual time=0.008..0.010 rows=1 loops=1)',), (""  Index Cond: ((email)::text = 'ysrnctuedr@example.com'::text)"",), ('  Buffers: shared hit=4',), ('Planning Time: 0.016 ms',), ('Execution Time: 0.020 ms',)]"
472,BTREE,0.0001859426498413086,"[('Index Scan using idx_email_btree on user_app  (cost=0.25..8.27 rows=1 width=2088) (actual time=0.006..0.009 rows=1 loops=1)',), (""  Index Cond: ((email)::text = 'hdkuqyeiaq@example.com'::text)"",), ('  Buffers: shared hit=3',), ('Planning Time: 0.020 ms',), ('Execution Time: 0.018 ms',)]"
472,HASH,0.00022428035736083985,"[('Index Scan using idx_email_hash on user_app  (cost=0.00..8.02 rows=1 width=2088) (actual time=0.005..0.007 rows=1 loops=1)',), (""  Index Cond: ((email)::text = 'nvjvwgcahb@example.com'::text)"",), ('  Buffers: shared hit=2',), ('Planning Time: 0.023 ms',), ('Execution Time: 0.019 ms',)]"
473,No Index,0.00018820762634277343,"[('Index Scan using uniq_user_app_email on user_app  (cost=0.38..8.39 rows=1 width=2088) (actual time=0.007..0.009 rows=1 loops=1)',), (""  Index Cond: ((email)::text = 'bgtdcypytu@example.com'::text)"",), ('  Buffers: shared hit=4',), ('Planning Time: 0.017 ms',), ('Execution Time: 0.019 ms',)]"
473,BTREE,0.00020749568939208983,"[('Index Scan using idx_email_btree on user_app  (cost=0.25..8.27 rows=1 width=2088) (actual time=0.007..0.009 rows=1 loops=1)',), (""  Index Cond: ((email)::text = 'ygdjxiurrc@example.com'::text)"",), ('  Buffers: shared hit=3',), ('Planning Time: 0.028 ms',), ('Execution Time: 0.021 ms',)]"
473,HASH,0.0002226591110229492,"[('Index Scan using idx_email_hash on user_app  (cost=0.00..8.02 rows=1 width=2088) (actual time=0.004..0.007 rows=1 loops=1)',), (""  Index Cond: ((email)::text = 'omeatjchdq@example.com'::text)"",), ('  Buffers: shared hit=2',), ('Planning Time: 0.019 ms',), ('Execution Time: 0.017 ms',)]"
474,No Index,0.0002793312072753906,"[('Index Scan using uniq_user_app_email on user_app  (cost=0.38..8.39 rows=1 width=2088) (actual time=0.009..0.013 rows=1 loops=1)',), (""  Index Cond: ((email)::text = 'zzbnjcfonn@example.com'::text)"",), ('  Buffers: shared hit=4',), ('Planning Time: 0.027 ms',), ('Execution Time: 0.025 ms',)]"
474,BTREE,0.0002808332443237305,"[('Index Scan using idx_email_btree on user_app  (cost=0.25..8.27 rows=1 width=2088) (actual time=0.006..0.009 rows=1 loops=1)',), (""  Index Cond: ((email)::text = 'ymqvjpfchv@example.com'::text)"",), ('  Buffers: shared hit=3',), ('Planning Time: 0.022 ms',), ('Execution Time: 0.020 ms',)]"
474,HASH,0.0002747774124145508,"[('Index Scan using idx_email_hash on user_app  (cost=0.00..8.02 rows=1 width=2088) (actual time=0.004..0.007 rows=1 loops=1)',), (""  Index Cond: ((email)::text = 'pdlpwvnhdz@example.com'::text)"",), ('  Buffers: shared hit=2',), ('Planning Time: 0.020 ms',), ('Execution Time: 0.017 ms',)]"
475,No Index,0.0002674102783203125,"[('Index Scan using uniq_user_app_email on user_app  (cost=0.38..8.39 rows=1 width=2088) (actual time=0.006..0.009 rows=1 loops=1)',), (""  Index Cond: ((email)::text = 'jaggdvgxyf@example.com'::text)"",), ('  Buffers: shared hit=4',), ('Planning Time: 0.017 ms',), ('Execution Time: 0.019 ms',)]"
475,BTREE,0.0002609729766845703,"[('Index Scan using idx_email_btree on user_app  (cost=0.25..8.27 rows=1 width=2088) (actual time=0.006..0.009 rows=1 loops=1)',), (""  Index Cond: ((email)::text = 'rgydmsucoh@example.com'::text)"",), ('  Buffers: shared hit=3',), ('Planning Time: 0.021 ms',), ('Execution Time: 0.019 ms',)]"
475,HASH,0.0002502918243408203,"[('Index Scan using idx_email_hash on user_app  (cost=0.00..8.02 rows=1 width=2088) (actual time=0.004..0.007 rows=1 loops=1)',), (""  Index Cond: ((email)::text = 'mrnoqqorao@example.com'::text)"",), ('  Buffers: shared hit=2',), ('Planning Time: 0.020 ms',), ('Execution Time: 0.017 ms',)]"
476,No Index,0.0003472805023193359,"[('Index Scan using uniq_user_app_email on user_app  (cost=0.38..8.39 rows=1 width=2088) (actual time=0.014..0.019 rows=1 loops=1)',), (""  Index Cond: ((email)::text = 'exjilntapa@example.com'::text)"",), ('  Buffers: shared hit=4',), ('Planning Time: 0.039 ms',), ('Execution Time: 0.037 ms',)]"
476,BTREE,0.00019092559814453124,"[('Index Scan using idx_email_btree on user_app  (cost=0.25..8.27 rows=1 width=2088) (actual time=0.005..0.008 rows=1 loops=1)',), (""  Index Cond: ((email)::text = 'cvprvpwwvx@example.com'::text)"",), ('  Buffers: shared hit=3',), ('Planning Time: 0.019 ms',), ('Execution Time: 0.018 ms',)]"
476,HASH,0.00018863677978515626,"[('Index Scan using idx_email_hash on user_app  (cost=0.00..8.02 rows=1 width=2088) (actual time=0.003..0.006 rows=1 loops=1)',), (""  Index Cond: ((email)::text = 'clpvnpwfwt@example.com'::text)"",), ('  Buffers: shared hit=2',), ('Planning Time: 0.018 ms',), ('Execution Time: 0.016 ms',)]"
477,No Index,0.0001981496810913086,"[('Index Scan using uniq_user_app_email on user_app  (cost=0.38..8.39 rows=1 width=2088) (actual time=0.007..0.009 rows=1 loops=1)',), (""  Index Cond: ((email)::text = 'rjbqpaalxs@example.com'::text)"",), ('  Buffers: shared hit=4',), ('Planning Time: 0.018 ms',), ('Execution Time: 0.020 ms',)]"
477,BTREE,0.00021755695343017578,"[('Index Scan using idx_email_btree on user_app  (cost=0.25..8.27 rows=1 width=2088) (actual time=0.007..0.010 rows=1 loops=1)',), (""  Index Cond: ((email)::text = 'zoixmnrntp@example.com'::text)"",), ('  Buffers: shared hit=3',), ('Planning Time: 0.023 ms',), ('Execution Time: 0.022 ms',)]"
477,HASH,0.00019969940185546876,"[('Index Scan using idx_email_hash on user_app  (cost=0.00..8.02 rows=1 width=2088) (actual time=0.004..0.007 rows=1 loops=1)',), (""  Index Cond: ((email)::text = 'ncsrscawqa@example.com'::text)"",), ('  Buffers: shared hit=2',), ('Planning Time: 0.019 ms',), ('Execution Time: 0.017 ms',)]"
478,No Index,0.00031640529632568357,"[('Index Scan using uniq_user_app_email on user_app  (cost=0.38..8.39 rows=1 width=2088) (actual time=0.013..0.018 rows=1 loops=1)',), (""  Index Cond: ((email)::text = 'texoopwgcp@example.com'::text)"",), ('  Buffers: shared hit=4',), ('Planning Time: 0.037 ms',), ('Execution Time: 0.034 ms',)]"
478,BTREE,0.00029528141021728516,"[('Index Scan using idx_email_btree on user_app  (cost=0.25..8.27 rows=1 width=2088) (actual time=0.007..0.009 rows=1 loops=1)',), (""  Index Cond: ((email)::text = 'mzscmfryli@example.com'::text)"",), ('  Buffers: shared hit=3',), ('Planning Time: 0.025 ms',), ('Execution Time: 0.021 ms',)]"
478,HASH,0.0004042148590087891,"[('Index Scan using idx_email_hash on user_app  (cost=0.00..8.02 rows=1 width=2088) (actual time=0.008..0.011 rows=1 loops=1)',), (""  Index Cond: ((email)::text = 'gclvauevrk@example.com'::text)"",), ('  Buffers: shared hit=2',), ('Planning Time: 0.034 ms',), ('Execution Time: 0.025 ms',)]"
479,No Index,0.00026035308837890625,"[('Index Scan using uniq_user_app_email on user_app  (cost=0.38..8.39 rows=1 width=2088) (actual time=0.007..0.009 rows=1 loops=1)',), (""  Index Cond: ((email)::text = 'nxtzjorwkp@example.com'::text)"",), ('  Buffers: shared hit=4',), ('Planning Time: 0.020 ms',), ('Execution Time: 0.019 ms',)]"
479,BTREE,0.0002847909927368164,"[('Index Scan using idx_email_btree on user_app  (cost=0.25..8.27 rows=1 width=2088) (actual time=0.009..0.013 rows=1 loops=1)',), (""  Index Cond: ((email)::text = 'dqitpffrxu@example.com'::text)"",), ('  Buffers: shared hit=3',), ('Planning Time: 0.036 ms',), ('Execution Time: 0.025 ms',)]"
479,HASH,0.00040183067321777346,"[('Index Scan using idx_email_hash on user_app  (cost=0.00..8.02 rows=1 width=2088) (actual time=0.007..0.011 rows=1 loops=1)',), (""  Index Cond: ((email)::text = 'mwxwkgautd@example.com'::text)"",), ('  Buffers: shared hit=2',), ('Planning Time: 0.041 ms',), ('Execution Time: 0.028 ms',)]"
480,No Index,0.0002611637115478516,"[('Index Scan using uniq_user_app_email on user_app  (cost=0.38..8.39 rows=1 width=2088) (actual time=0.007..0.010 rows=1 loops=1)',), (""  Index Cond: ((email)::text = 'ghouhfdqnn@example.com'::text)"",), ('  Buffers: shared hit=4',), ('Planning Time: 0.019 ms',), ('Execution Time: 0.021 ms',)]"
480,BTREE,0.0001988649368286133,"[('Index Scan using idx_email_btree on user_app  (cost=0.25..8.27 rows=1 width=2088) (actual time=0.005..0.008 rows=1 loops=1)',), (""  Index Cond: ((email)::text = 'zksxxsteds@example.com'::text)"",), ('  Buffers: shared hit=3',), ('Planning Time: 0.019 ms',), ('Execution Time: 0.018 ms',)]"
480,HASH,0.0002062082290649414,"[('Index Scan using idx_email_hash on user_app  (cost=0.00..8.02 rows=1 width=2088) (actual time=0.005..0.008 rows=1 loops=1)',), (""  Index Cond: ((email)::text = 'tpwfmxtoai@example.com'::text)"",), ('  Buffers: shared hit=2',), ('Planning Time: 0.023 ms',), ('Execution Time: 0.019 ms',)]"
481,No Index,0.0006240606307983398,"[('Index Scan using uniq_user_app_email on user_app  (cost=0.38..8.39 rows=1 width=2088) (actual time=0.014..0.018 rows=1 loops=1)',), (""  Index Cond: ((email)::text = 'nwxuebyfyv@example.com'::text)"",), ('  Buffers: shared hit=4',), ('Planning Time: 0.044 ms',), ('Execution Time: 0.035 ms',)]"
481,BTREE,0.00027370452880859375,"[('Index Scan using idx_email_btree on user_app  (cost=0.25..8.27 rows=1 width=2088) (actual time=0.006..0.009 rows=1 loops=1)',), (""  Index Cond: ((email)::text = 'klqfvwzwsj@example.com'::text)"",), ('  Buffers: shared hit=3',), ('Planning Time: 0.021 ms',), ('Execution Time: 0.019 ms',)]"
481,HASH,0.0002783298492431641,"[('Index Scan using idx_email_hash on user_app  (cost=0.00..8.02 rows=1 width=2088) (actual time=0.005..0.008 rows=1 loops=1)',), (""  Index Cond: ((email)::text = 'jdlfliopwr@example.com'::text)"",), ('  Buffers: shared hit=2',), ('Planning Time: 0.023 ms',), ('Execution Time: 0.019 ms',)]"
482,No Index,0.00025246143341064455,"[('Index Scan using uniq_user_app_email on user_app  (cost=0.38..8.39 rows=1 width=2088) (actual time=0.007..0.009 rows=1 loops=1)',), (""  Index Cond: ((email)::text = 'zveueyfvlm@example.com'::text)"",), ('  Buffers: shared hit=4',), ('Planning Time: 0.017 ms',), ('Execution Time: 0.020 ms',)]"
482,BTREE,0.0002954721450805664,"[('Index Scan using idx_email_btree on user_app  (cost=0.25..8.27 rows=1 width=2088) (actual time=0.006..0.009 rows=1 loops=1)',), (""  Index Cond: ((email)::text = 'fkdzzempxs@example.com'::text)"",), ('  Buffers: shared hit=3',), ('Planning Time: 0.023 ms',), ('Execution Time: 0.019 ms',)]"
482,HASH,0.000259089469909668,"[('Index Scan using idx_email_hash on user_app  (cost=0.00..8.02 rows=1 width=2088) (actual time=0.003..0.006 rows=1 loops=1)',), (""  Index Cond: ((email)::text = 'qvdivzqrwk@example.com'::text)"",), ('  Buffers: shared hit=2',), ('Planning Time: 0.019 ms',), ('Execution Time: 0.024 ms',)]"
483,No Index,0.00025730133056640626,"[('Index Scan using uniq_user_app_email on user_app  (cost=0.38..8.39 rows=1 width=2088) (actual time=0.007..0.010 rows=1 loops=1)',), (""  Index Cond: ((email)::text = 'inbtszlifp@example.com'::text)"",), ('  Buffers: shared hit=4',), ('Planning Time: 0.019 ms',), ('Execution Time: 0.021 ms',)]"
483,BTREE,0.00027191638946533203,"[('Index Scan using idx_email_btree on user_app  (cost=0.25..8.27 rows=1 width=2088) (actual time=0.007..0.009 rows=1 loops=1)',), (""  Index Cond: ((email)::text = 'gelaxvchxy@example.com'::text)"",), ('  Buffers: shared hit=3',), ('Planning Time: 0.023 ms',), ('Execution Time: 0.020 ms',)]"
483,HASH,0.0002142190933227539,"[('Index Scan using idx_email_hash on user_app  (cost=0.00..8.02 rows=1 width=2088) (actual time=0.005..0.007 rows=1 loops=1)',), (""  Index Cond: ((email)::text = 'enavndemdi@example.com'::text)"",), ('  Buffers: shared hit=2',), ('Planning Time: 0.024 ms',), ('Execution Time: 0.019 ms',)]"
484,No Index,0.0006830692291259766,"[('Index Scan using uniq_user_app_email on user_app  (cost=0.38..8.39 rows=1 width=2088) (actual time=0.019..0.023 rows=1 loops=1)',), (""  Index Cond: ((email)::text = 'nbnndismff@example.com'::text)"",), ('  Buffers: shared hit=4',), ('Planning Time: 0.053 ms',), ('Execution Time: 0.043 ms',)]"
484,BTREE,0.0006551742553710938,"[('Index Scan using idx_email_btree on user_app  (cost=0.25..8.27 rows=1 width=2088) (actual time=0.024..0.028 rows=1 loops=1)',), (""  Index Cond: ((email)::text = 'fyvxjaxjkm@example.com'::text)"",), ('  Buffers: shared hit=3',), ('Planning Time: 0.082 ms',), ('Execution Time: 0.055 ms',)]"
484,HASH,0.0002604007720947266,"[('Index Scan using idx_email_hash on user_app  (cost=0.00..8.02 rows=1 width=2088) (actual time=0.004..0.007 rows=1 loops=1)',), (""  Index Cond: ((email)::text = 'fhtiwjuclj@example.com'::text)"",), ('  Buffers: shared hit=2',), ('Planning Time: 0.019 ms',), ('Execution Time: 0.016 ms',)]"
485,No Index,0.000384521484375,"[('Index Scan using uniq_user_app_email on user_app  (cost=0.38..8.39 rows=1 width=2088) (actual time=0.014..0.018 rows=1 loops=1)',), (""  Index Cond: ((email)::text = 'clxclpdosp@example.com'::text)"",), ('  Buffers: shared hit=4',), ('Planning Time: 0.035 ms',), ('Execution Time: 0.034 ms',)]"
485,BTREE,0.0003337860107421875,"[('Index Scan using idx_email_btree on user_app  (cost=0.25..8.27 rows=1 width=2088) (actual time=0.007..0.010 rows=1 loops=1)',), (""  Index Cond: ((email)::text = 'mhjwyhfzqg@example.com'::text)"",), ('  Buffers: shared hit=3',), ('Planning Time: 0.029 ms',), ('Execution Time: 0.024 ms',)]"
485,HASH,0.00025773048400878906,"[('Index Scan using idx_email_hash on user_app  (cost=0.00..8.02 rows=1 width=2088) (actual time=0.004..0.007 rows=1 loops=1)',), (""  Index Cond: ((email)::text = 'jmvuevdhhm@example.com'::text)"",), ('  Buffers: shared hit=2',), ('Planning Time: 0.020 ms',), ('Execution Time: 0.019 ms',)]"
486,No Index,0.0005988121032714844,"[('Index Scan using uniq_user_app_email on user_app  (cost=0.38..8.39 rows=1 width=2088) (actual time=0.018..0.023 rows=1 loops=1)',), (""  Index Cond: ((email)::text = 'yvdlxpxmmi@example.com'::text)"",), ('  Buffers: shared hit=4',), ('Planning Time: 0.050 ms',), ('Execution Time: 0.043 ms',)]"
486,BTREE,0.0004439830780029297,"[('Index Scan using idx_email_btree on user_app  (cost=0.25..8.27 rows=1 width=2088) (actual time=0.007..0.010 rows=1 loops=1)',), (""  Index Cond: ((email)::text = 'upflcdmdhn@example.com'::text)"",), ('  Buffers: shared hit=3',), ('Planning Time: 0.022 ms',), ('Execution Time: 0.021 ms',)]"
486,HASH,0.0001972198486328125,"[('Index Scan using idx_email_hash on user_app  (cost=0.00..8.02 rows=1 width=2088) (actual time=0.004..0.007 rows=1 loops=1)',), (""  Index Cond: ((email)::text = 'npkwswfjnd@example.com'::text)"",), ('  Buffers: shared hit=2',), ('Planning Time: 0.019 ms',), ('Execution Time: 0.016 ms',)]"
487,No Index,0.0007047653198242188,"[('Index Scan using uniq_user_app_email on user_app  (cost=0.38..8.39 rows=1 width=2088) (actual time=0.020..0.025 rows=1 loops=1)',), (""  Index Cond: ((email)::text = 'ijpgeiwwyc@example.com'::text)"",), ('  Buffers: shared hit=4',), ('Planning Time: 0.057 ms',), ('Execution Time: 0.047 ms',)]"
487,BTREE,0.0002863883972167969,"[('Index Scan using idx_email_btree on user_app  (cost=0.25..8.27 rows=1 width=2088) (actual time=0.005..0.009 rows=1 loops=1)',), (""  Index Cond: ((email)::text = 'elwpiqvalb@example.com'::text)"",), ('  Buffers: shared hit=3',), ('Planning Time: 0.021 ms',), ('Execution Time: 0.020 ms',)]"
487,HASH,0.0002537250518798828,"[('Index Scan using idx_email_hash on user_app  (cost=0.00..8.02 rows=1 width=2088) (actual time=0.004..0.007 rows=1 loops=1)',), (""  Index Cond: ((email)::text = 'xyezepwipu@example.com'::text)"",), ('  Buffers: shared hit=2',), ('Planning Time: 0.019 ms',), ('Execution Time: 0.017 ms',)]"
488,No Index,0.00025489330291748045,"[('Index Scan using uniq_user_app_email on user_app  (cost=0.38..8.39 rows=1 width=2088) (actual time=0.007..0.009 rows=1 loops=1)',), (""  Index Cond: ((email)::text = 'cblcycpefm@example.com'::text)"",), ('  Buffers: shared hit=4',), ('Planning Time: 0.017 ms',), ('Execution Time: 0.020 ms',)]"
488,BTREE,0.000656580924987793,"[('Index Scan using idx_email_btree on user_app  (cost=0.25..8.27 rows=1 width=2088) (actual time=0.015..0.020 rows=1 loops=1)',), (""  Index Cond: ((email)::text = 'fjleylahbf@example.com'::text)"",), ('  Buffers: shared hit=3',), ('Planning Time: 0.058 ms',), ('Execution Time: 0.041 ms',)]"
488,HASH,0.00029175281524658204,"[('Index Scan using idx_email_hash on user_app  (cost=0.00..8.02 rows=1 width=2088) (actual time=0.005..0.009 rows=1 loops=1)',), (""  Index Cond: ((email)::text = 'ljsutktqzf@example.com'::text)"",), ('  Buffers: shared hit=2',), ('Planning Time: 0.023 ms',), ('Execution Time: 0.020 ms',)]"
489,No Index,0.0002783060073852539,"[('Index Scan using uniq_user_app_email on user_app  (cost=0.38..8.39 rows=1 width=2088) (actual time=0.008..0.010 rows=1 loops=1)',), (""  Index Cond: ((email)::text = 'cgpnyuojit@example.com'::text)"",), ('  Buffers: shared hit=4',), ('Planning Time: 0.021 ms',), ('Execution Time: 0.021 ms',)]"
489,BTREE,0.0002531290054321289,"[('Index Scan using idx_email_btree on user_app  (cost=0.25..8.27 rows=1 width=2088) (actual time=0.005..0.008 rows=1 loops=1)',), (""  Index Cond: ((email)::text = 'yrkvieoexy@example.com'::text)"",), ('  Buffers: shared hit=3',), ('Planning Time: 0.020 ms',), ('Execution Time: 0.018 ms',)]"
489,HASH,0.00028607845306396487,"[('Index Scan using idx_email_hash on user_app  (cost=0.00..8.02 rows=1 width=2088) (actual time=0.003..0.006 rows=1 loops=1)',), (""  Index Cond: ((email)::text = 'tgbswbfqba@example.com'::text)"",), ('  Buffers: shared hit=2',), ('Planning Time: 0.019 ms',), ('Execution Time: 0.016 ms',)]"
490,No Index,0.00025327205657958983,"[('Index Scan using uniq_user_app_email on user_app  (cost=0.38..8.39 rows=1 width=2088) (actual time=0.007..0.010 rows=1 loops=1)',), (""  Index Cond: ((email)::text = 'kilfsglymr@example.com'::text)"",), ('  Buffers: shared hit=4',), ('Planning Time: 0.017 ms',), ('Execution Time: 0.020 ms',)]"
490,BTREE,0.00025751590728759763,"[('Index Scan using idx_email_btree on user_app  (cost=0.25..8.27 rows=1 width=2088) (actual time=0.005..0.008 rows=1 loops=1)',), (""  Index Cond: ((email)::text = 'asnwzdqcqn@example.com'::text)"",), ('  Buffers: shared hit=3',), ('Planning Time: 0.021 ms',), ('Execution Time: 0.019 ms',)]"
490,HASH,0.0002032756805419922,"[('Index Scan using idx_email_hash on user_app  (cost=0.00..8.02 rows=1 width=2088) (actual time=0.004..0.006 rows=1 loops=1)',), (""  Index Cond: ((email)::text = 'rssdmvcrig@example.com'::text)"",), ('  Buffers: shared hit=2',), ('Planning Time: 0.018 ms',), ('Execution Time: 0.016 ms',)]"
491,No Index,0.0002664804458618164,"[('Index Scan using uniq_user_app_email on user_app  (cost=0.38..8.39 rows=1 width=2088) (actual time=0.007..0.010 rows=1 loops=1)',), (""  Index Cond: ((email)::text = 'crtebvsnkr@example.com'::text)"",), ('  Buffers: shared hit=4',), ('Planning Time: 0.021 ms',), ('Execution Time: 0.022 ms',)]"
491,BTREE,0.00023386478424072265,"[('Index Scan using idx_email_btree on user_app  (cost=0.25..8.27 rows=1 width=2088) (actual time=0.012..0.015 rows=1 loops=1)',), (""  Index Cond: ((email)::text = 'qndjjprqjc@example.com'::text)"",), ('  Buffers: shared hit=3',), ('Planning Time: 0.036 ms',), ('Execution Time: 0.029 ms',)]"
491,HASH,0.00028235912322998046,"[('Index Scan using idx_email_hash on user_app  (cost=0.00..8.02 rows=1 width=2088) (actual time=0.005..0.008 rows=1 loops=1)',), (""  Index Cond: ((email)::text = 'kroaczgutw@example.com'::text)"",), ('  Buffers: shared hit=2',), ('Planning Time: 0.023 ms',), ('Execution Time: 0.018 ms',)]"
492,No Index,0.0002656698226928711,"[('Index Scan using uniq_user_app_email on user_app  (cost=0.38..8.39 rows=1 width=2088) (actual time=0.008..0.011 rows=1 loops=1)',), (""  Index Cond: ((email)::text = 'krikvgfpnl@example.com'::text)"",), ('  Buffers: shared hit=4',), ('Planning Time: 0.020 ms',), ('Execution Time: 0.021 ms',)]"
492,BTREE,0.0002706766128540039,"[('Index Scan using idx_email_btree on user_app  (cost=0.25..8.27 rows=1 width=2088) (actual time=0.005..0.008 rows=1 loops=1)',), (""  Index Cond: ((email)::text = 'tzouvcpjjv@example.com'::text)"",), ('  Buffers: shared hit=3',), ('Planning Time: 0.020 ms',), ('Execution Time: 0.019 ms',)]"
492,HASH,0.00026149749755859374,"[('Index Scan using idx_email_hash on user_app  (cost=0.00..8.02 rows=1 width=2088) (actual time=0.005..0.008 rows=1 loops=1)',), (""  Index Cond: ((email)::text = 'sijmhvckes@example.com'::text)"",), ('  Buffers: shared hit=2',), ('Planning Time: 0.022 ms',), ('Execution Time: 0.033 ms',)]"
493,No Index,0.0002830028533935547,"[('Index Scan using uniq_user_app_email on user_app  (cost=0.38..8.39 rows=1 width=2088) (actual time=0.008..0.011 rows=1 loops=1)',), (""  Index Cond: ((email)::text = 'jjjudbkvjl@example.com'::text)"",), ('  Buffers: shared hit=4',), ('Planning Time: 0.022 ms',), ('Execution Time: 0.023 ms',)]"
493,BTREE,0.0002745151519775391,"[('Index Scan using idx_email_btree on user_app  (cost=0.25..8.27 rows=1 width=2088) (actual time=0.007..0.009 rows=1 loops=1)',), (""  Index Cond: ((email)::text = 'npesadjjmt@example.com'::text)"",), ('  Buffers: shared hit=3',), ('Planning Time: 0.023 ms',), ('Execution Time: 0.020 ms',)]"
493,HASH,0.000536966323852539,"[('Index Scan using idx_email_hash on user_app  (cost=0.00..8.02 rows=1 width=2088) (actual time=0.010..0.014 rows=1 loops=1)',), (""  Index Cond: ((email)::text = 'buhdjlauot@example.com'::text)"",), ('  Buffers: shared hit=2',), ('Planning Time: 0.052 ms',), ('Execution Time: 0.035 ms',)]"
494,No Index,0.00029332637786865233,"[('Index Scan using uniq_user_app_email on user_app  (cost=0.38..8.39 rows=1 width=2088) (actual time=0.008..0.011 rows=1 loops=1)',), (""  Index Cond: ((email)::text = 'odfoyszjdt@example.com'::text)"",), ('  Buffers: shared hit=4',), ('Planning Time: 0.022 ms',), ('Execution Time: 0.022 ms',)]"
494,BTREE,0.00030012130737304686,"[('Index Scan using idx_email_btree on user_app  (cost=0.25..8.27 rows=1 width=2088) (actual time=0.006..0.010 rows=1 loops=1)',), (""  Index Cond: ((email)::text = 'pdecogusdd@example.com'::text)"",), ('  Buffers: shared hit=3',), ('Planning Time: 0.024 ms',), ('Execution Time: 0.021 ms',)]"
494,HASH,0.0005491733551025391,"[('Index Scan using idx_email_hash on user_app  (cost=0.00..8.02 rows=1 width=2088) (actual time=0.009..0.014 rows=1 loops=1)',), (""  Index Cond: ((email)::text = 'dccyamsqub@example.com'::text)"",), ('  Buffers: shared hit=2',), ('Planning Time: 0.051 ms',), ('Execution Time: 0.034 ms',)]"
495,No Index,0.00027763843536376953,"[('Index Scan using uniq_user_app_email on user_app  (cost=0.38..8.39 rows=1 width=2088) (actual time=0.007..0.010 rows=1 loops=1)',), (""  Index Cond: ((email)::text = 'flthbofovz@example.com'::text)"",), ('  Buffers: shared hit=4',), ('Planning Time: 0.017 ms',), ('Execution Time: 0.023 ms',)]"
495,BTREE,0.0006883621215820312,"[('Index Scan using idx_email_btree on user_app  (cost=0.25..8.27 rows=1 width=2088) (actual time=0.016..0.020 rows=1 loops=1)',), (""  Index Cond: ((email)::text = 'kzkwpenapz@example.com'::text)"",), ('  Buffers: shared hit=3',), ('Planning Time: 0.063 ms',), ('Execution Time: 0.043 ms',)]"
495,HASH,0.00028970241546630857,"[('Index Scan using idx_email_hash on user_app  (cost=0.00..8.02 rows=1 width=2088) (actual time=0.005..0.008 rows=1 loops=1)',), (""  Index Cond: ((email)::text = 'qfpexckuja@example.com'::text)"",), ('  Buffers: shared hit=2',), ('Planning Time: 0.022 ms',), ('Execution Time: 0.019 ms',)]"
496,No Index,0.0003046274185180664,"[('Index Scan using uniq_user_app_email on user_app  (cost=0.38..8.39 rows=1 width=2088) (actual time=0.014..0.018 rows=1 loops=1)',), (""  Index Cond: ((email)::text = 'yelibstgnp@example.com'::text)"",), ('  Buffers: shared hit=4',), ('Planning Time: 0.035 ms',), ('Execution Time: 0.034 ms',)]"
496,BTREE,0.00020971298217773438,"[('Index Scan using idx_email_btree on user_app  (cost=0.25..8.27 rows=1 width=2088) (actual time=0.007..0.009 rows=1 loops=1)',), (""  Index Cond: ((email)::text = 'vgomfykulm@example.com'::text)"",), ('  Buffers: shared hit=3',), ('Planning Time: 0.026 ms',), ('Execution Time: 0.021 ms',)]"
496,HASH,0.00019400119781494142,"[('Index Scan using idx_email_hash on user_app  (cost=0.00..8.02 rows=1 width=2088) (actual time=0.003..0.006 rows=1 loops=1)',), (""  Index Cond: ((email)::text = 'qugzdqhubj@example.com'::text)"",), ('  Buffers: shared hit=2',), ('Planning Time: 0.019 ms',), ('Execution Time: 0.017 ms',)]"
497,No Index,0.0002626657485961914,"[('Index Scan using uniq_user_app_email on user_app  (cost=0.38..8.39 rows=1 width=2088) (actual time=0.007..0.010 rows=1 loops=1)',), (""  Index Cond: ((email)::text = 'gsuurxgdte@example.com'::text)"",), ('  Buffers: shared hit=4',), ('Planning Time: 0.019 ms',), ('Execution Time: 0.021 ms',)]"
497,BTREE,0.00019488334655761718,"[('Index Scan using idx_email_btree on user_app  (cost=0.25..8.27 rows=1 width=2088) (actual time=0.005..0.008 rows=1 loops=1)',), (""  Index Cond: ((email)::text = 'dvvolmxieq@example.com'::text)"",), ('  Buffers: shared hit=3',), ('Planning Time: 0.019 ms',), ('Execution Time: 0.019 ms',)]"
497,HASH,0.00019447803497314454,"[('Index Scan using idx_email_hash on user_app  (cost=0.00..8.02 rows=1 width=2088) (actual time=0.004..0.006 rows=1 loops=1)',), (""  Index Cond: ((email)::text = 'qhnubphzng@example.com'::text)"",), ('  Buffers: shared hit=2',), ('Planning Time: 0.020 ms',), ('Execution Time: 0.017 ms',)]"
498,No Index,0.0002341032028198242,"[('Index Scan using uniq_user_app_email on user_app  (cost=0.38..8.39 rows=1 width=2088) (actual time=0.014..0.017 rows=1 loops=1)',), (""  Index Cond: ((email)::text = 'exxspzeino@example.com'::text)"",), ('  Buffers: shared hit=4',), ('Planning Time: 0.039 ms',), ('Execution Time: 0.030 ms',)]"
498,BTREE,0.00020344257354736327,"[('Index Scan using idx_email_btree on user_app  (cost=0.25..8.27 rows=1 width=2088) (actual time=0.006..0.009 rows=1 loops=1)',), (""  Index Cond: ((email)::text = 'zunrqzsudn@example.com'::text)"",), ('  Buffers: shared hit=3',), ('Planning Time: 0.022 ms',), ('Execution Time: 0.020 ms',)]"
498,HASH,0.00026574134826660154,"[('Index Scan using idx_email_hash on user_app  (cost=0.00..8.02 rows=1 width=2088) (actual time=0.004..0.006 rows=1 loops=1)',), (""  Index Cond: ((email)::text = 'qbhwxyoopm@example.com'::text)"",), ('  Buffers: shared hit=2',), ('Planning Time: 0.020 ms',), ('Execution Time: 0.017 ms',)]"
499,No Index,0.0002727508544921875,"[('Index Scan using uniq_user_app_email on user_app  (cost=0.38..8.39 rows=1 width=2088) (actual time=0.007..0.010 rows=1 loops=1)',), (""  Index Cond: ((email)::text = 'ekqijdtvfn@example.com'::text)"",), ('  Buffers: shared hit=4',), ('Planning Time: 0.020 ms',), ('Execution Time: 0.022 ms',)]"
499,BTREE,0.0003431797027587891,"[('Index Scan using idx_email_btree on user_app  (cost=0.25..8.27 rows=1 width=2088) (actual time=0.007..0.009 rows=1 loops=1)',), (""  Index Cond: ((email)::text = 'gmpcirbpwb@example.com'::text)"",), ('  Buffers: shared hit=3',), ('Planning Time: 0.023 ms',), ('Execution Time: 0.020 ms',)]"
499,HASH,0.00032341480255126953,"[('Index Scan using idx_email_hash on user_app  (cost=0.00..8.02 rows=1 width=2088) (actual time=0.005..0.008 rows=1 loops=1)',), (""  Index Cond: ((email)::text = 'uolnddrhiz@example.com'::text)"",), ('  Buffers: shared hit=2',), ('Planning Time: 0.025 ms',), ('Execution Time: 0.019 ms',)]"
500,No Index,0.0006152629852294922,"[('Index Scan using uniq_user_app_email on user_app  (cost=0.38..8.39 rows=1 width=2088) (actual time=0.006..0.009 rows=1 loops=1)',), (""  Index Cond: ((email)::text = 'bnbspkgman@example.com'::text)"",), ('  Buffers: shared hit=4',), ('Planning Time: 0.018 ms',), ('Execution Time: 0.019 ms',)]"
500,BTREE,0.000197601318359375,"[('Index Scan using idx_email_btree on user_app  (cost=0.25..8.27 rows=1 width=2088) (actual time=0.005..0.008 rows=1 loops=1)',), (""  Index Cond: ((email)::text = 'rfvgkrfped@example.com'::text)"",), ('  Buffers: shared hit=3',), ('Planning Time: 0.019 ms',), ('Execution Time: 0.018 ms',)]"
500,HASH,0.0006335735321044922,"[('Index Scan using idx_email_hash on user_app  (cost=0.00..8.02 rows=1 width=2088) (actual time=0.010..0.015 rows=1 loops=1)',), (""  Index Cond: ((email)::text = 'lworpqoehe@example.com'::text)"",), ('  Buffers: shared hit=2',), ('Planning Time: 0.056 ms',), ('Execution Time: 0.036 ms',)]"
501,No Index,0.00028955936431884766,"[('Index Scan using uniq_user_app_email on user_app  (cost=0.38..8.39 rows=1 width=2088) (actual time=0.007..0.010 rows=1 loops=1)',), (""  Index Cond: ((email)::text = 'yintudktkj@example.com'::text)"",), ('  Buffers: shared hit=4',), ('Planning Time: 0.019 ms',), ('Execution Time: 0.022 ms',)]"
501,BTREE,0.00036673545837402345,"[('Index Scan using idx_email_btree on user_app  (cost=0.25..8.27 rows=1 width=2088) (actual time=0.017..0.021 rows=1 loops=1)',), (""  Index Cond: ((email)::text = 'jhxbjwpapy@example.com'::text)"",), ('  Buffers: shared hit=3',), ('Planning Time: 0.061 ms',), ('Execution Time: 0.042 ms',)]"
501,HASH,0.0002616405487060547,"[('Index Scan using idx_email_hash on user_app  (cost=0.00..8.02 rows=1 width=2088) (actual time=0.006..0.009 rows=1 loops=1)',), (""  Index Cond: ((email)::text = 'mogpwcnptt@example.com'::text)"",), ('  Buffers: shared hit=2',), ('Planning Time: 0.026 ms',), ('Execution Time: 0.020 ms',)]"
502,No Index,0.00029754638671875,"[('Index Scan using uniq_user_app_email on user_app  (cost=0.38..8.39 rows=1 width=2088) (actual time=0.007..0.010 rows=1 loops=1)',), (""  Index Cond: ((email)::text = 'fpqjrkkogl@example.com'::text)"",), ('  Buffers: shared hit=4',), ('Planning Time: 0.021 ms',), ('Execution Time: 0.022 ms',)]"
502,BTREE,0.00029485225677490235,"[('Index Scan using idx_email_btree on user_app  (cost=0.25..8.27 rows=1 width=2088) (actual time=0.006..0.009 rows=1 loops=1)',), (""  Index Cond: ((email)::text = 'vyfokzyzro@example.com'::text)"",), ('  Buffers: shared hit=3',), ('Planning Time: 0.023 ms',), ('Execution Time: 0.020 ms',)]"
502,HASH,0.00025241374969482423,"[('Index Scan using idx_email_hash on user_app  (cost=0.00..8.02 rows=1 width=2088) (actual time=0.004..0.007 rows=1 loops=1)',), (""  Index Cond: ((email)::text = 'ovoxdzjrld@example.com'::text)"",), ('  Buffers: shared hit=2',), ('Planning Time: 0.019 ms',), ('Execution Time: 0.017 ms',)]"
503,No Index,0.00026121139526367185,"[('Index Scan using uniq_user_app_email on user_app  (cost=0.38..8.39 rows=1 width=2088) (actual time=0.007..0.010 rows=1 loops=1)',), (""  Index Cond: ((email)::text = 'nklqyolelk@example.com'::text)"",), ('  Buffers: shared hit=4',), ('Planning Time: 0.017 ms',), ('Execution Time: 0.021 ms',)]"
503,BTREE,0.00048058032989501954,"[('Index Scan using idx_email_btree on user_app  (cost=0.25..8.27 rows=1 width=2088) (actual time=0.005..0.008 rows=1 loops=1)',), (""  Index Cond: ((email)::text = 'onctncxeno@example.com'::text)"",), ('  Buffers: shared hit=3',), ('Planning Time: 0.019 ms',), ('Execution Time: 0.018 ms',)]"
503,HASH,0.0005576133728027344,"[('Index Scan using idx_email_hash on user_app  (cost=0.00..8.02 rows=1 width=2088) (actual time=0.009..0.013 rows=1 loops=1)',), (""  Index Cond: ((email)::text = 'xavnimwxav@example.com'::text)"",), ('  Buffers: shared hit=2',), ('Planning Time: 0.048 ms',), ('Execution Time: 0.030 ms',)]"
504,No Index,0.0001957416534423828,"[('Index Scan using uniq_user_app_email on user_app  (cost=0.38..8.39 rows=1 width=2088) (actual time=0.007..0.010 rows=1 loops=1)',), (""  Index Cond: ((email)::text = 'hlpszjkrib@example.com'::text)"",), ('  Buffers: shared hit=4',), ('Planning Time: 0.018 ms',), ('Execution Time: 0.021 ms',)]"
504,BTREE,0.000635981559753418,"[('Index Scan using idx_email_btree on user_app  (cost=0.25..8.27 rows=1 width=2088) (actual time=0.012..0.016 rows=1 loops=1)',), (""  Index Cond: ((email)::text = 'jgbvkeozzv@example.com'::text)"",), ('  Buffers: shared hit=3',), ('Planning Time: 0.046 ms',), ('Execution Time: 0.032 ms',)]"
504,HASH,0.000663137435913086,"[('Index Scan using idx_email_hash on user_app  (cost=0.00..8.02 rows=1 width=2088) (actual time=0.011..0.016 rows=1 loops=1)',), (""  Index Cond: ((email)::text = 'bcippxzfgd@example.com'::text)"",), ('  Buffers: shared hit=2',), ('Planning Time: 0.059 ms',), ('Execution Time: 0.037 ms',)]"
505,No Index,0.00027713775634765627,"[('Index Scan using uniq_user_app_email on user_app  (cost=0.38..8.39 rows=1 width=2088) (actual time=0.007..0.010 rows=1 loops=1)',), (""  Index Cond: ((email)::text = 'ueypovhdfo@example.com'::text)"",), ('  Buffers: shared hit=4',), ('Planning Time: 0.018 ms',), ('Execution Time: 0.020 ms',)]"
505,BTREE,0.0002652406692504883,"[('Index Scan using idx_email_btree on user_app  (cost=0.25..8.27 rows=1 width=2088) (actual time=0.005..0.009 rows=1 loops=1)',), (""  Index Cond: ((email)::text = 'dexndcmdkb@example.com'::text)"",), ('  Buffers: shared hit=3',), ('Planning Time: 0.019 ms',), ('Execution Time: 0.019 ms',)]"
505,HASH,0.00019550323486328125,"[('Index Scan using idx_email_hash on user_app  (cost=0.00..8.02 rows=1 width=2088) (actual time=0.003..0.006 rows=1 loops=1)',), (""  Index Cond: ((email)::text = 'upwkaxvccf@example.com'::text)"",), ('  Buffers: shared hit=2',), ('Planning Time: 0.018 ms',), ('Execution Time: 0.016 ms',)]"
506,No Index,0.00044023990631103516,"[('Index Scan using uniq_user_app_email on user_app  (cost=0.38..8.39 rows=1 width=2088) (actual time=0.008..0.010 rows=1 loops=1)',), (""  Index Cond: ((email)::text = 'szgcjpktdc@example.com'::text)"",), ('  Buffers: shared hit=4',), ('Planning Time: 0.021 ms',), ('Execution Time: 0.022 ms',)]"
506,BTREE,0.0002087116241455078,"[('Index Scan using idx_email_btree on user_app  (cost=0.25..8.27 rows=1 width=2088) (actual time=0.007..0.009 rows=1 loops=1)',), (""  Index Cond: ((email)::text = 'ffjibjpqpp@example.com'::text)"",), ('  Buffers: shared hit=3',), ('Planning Time: 0.023 ms',), ('Execution Time: 0.021 ms',)]"
506,HASH,0.0002470970153808594,"[('Index Scan using idx_email_hash on user_app  (cost=0.00..8.02 rows=1 width=2088) (actual time=0.003..0.006 rows=1 loops=1)',), (""  Index Cond: ((email)::text = 'cczhkseotu@example.com'::text)"",), ('  Buffers: shared hit=2',), ('Planning Time: 0.018 ms',), ('Execution Time: 0.016 ms',)]"
507,No Index,0.00022912025451660156,"[('Index Scan using uniq_user_app_email on user_app  (cost=0.38..8.39 rows=1 width=2088) (actual time=0.008..0.010 rows=1 loops=1)',), (""  Index Cond: ((email)::text = 'fuveerpsgo@example.com'::text)"",), ('  Buffers: shared hit=4',), ('Planning Time: 0.021 ms',), ('Execution Time: 0.022 ms',)]"
507,BTREE,0.0005118846893310547,"[('Index Scan using idx_email_btree on user_app  (cost=0.25..8.27 rows=1 width=2088) (actual time=0.015..0.019 rows=1 loops=1)',), (""  Index Cond: ((email)::text = 'kvpawzrxxg@example.com'::text)"",), ('  Buffers: shared hit=3',), ('Planning Time: 0.062 ms',), ('Execution Time: 0.039 ms',)]"
507,HASH,0.0002689838409423828,"[('Index Scan using idx_email_hash on user_app  (cost=0.00..8.02 rows=1 width=2088) (actual time=0.004..0.007 rows=1 loops=1)',), (""  Index Cond: ((email)::text = 'virviryxjh@example.com'::text)"",), ('  Buffers: shared hit=2',), ('Planning Time: 0.019 ms',), ('Execution Time: 0.017 ms',)]"
508,No Index,0.0002630472183227539,"[('Index Scan using uniq_user_app_email on user_app  (cost=0.38..8.39 rows=1 width=2088) (actual time=0.007..0.010 rows=1 loops=1)',), (""  Index Cond: ((email)::text = 'plhhngirbq@example.com'::text)"",), ('  Buffers: shared hit=4',), ('Planning Time: 0.018 ms',), ('Execution Time: 0.020 ms',)]"
508,BTREE,0.0002604246139526367,"[('Index Scan using idx_email_btree on user_app  (cost=0.25..8.27 rows=1 width=2088) (actual time=0.007..0.009 rows=1 loops=1)',), (""  Index Cond: ((email)::text = 'pjnoibsdtj@example.com'::text)"",), ('  Buffers: shared hit=3',), ('Planning Time: 0.022 ms',), ('Execution Time: 0.036 ms',)]"
508,HASH,0.0002602577209472656,"[('Index Scan using idx_email_hash on user_app  (cost=0.00..8.02 rows=1 width=2088) (actual time=0.005..0.008 rows=1 loops=1)',), (""  Index Cond: ((email)::text = 'uzssvhmtdj@example.com'::text)"",), ('  Buffers: shared hit=2',), ('Planning Time: 0.022 ms',), ('Execution Time: 0.018 ms',)]"
509,No Index,0.0002642393112182617,"[('Index Scan using uniq_user_app_email on user_app  (cost=0.38..8.39 rows=1 width=2088) (actual time=0.007..0.010 rows=1 loops=1)',), (""  Index Cond: ((email)::text = 'ekvvpwkhat@example.com'::text)"",), ('  Buffers: shared hit=4',), ('Planning Time: 0.019 ms',), ('Execution Time: 0.021 ms',)]"
509,BTREE,0.0002647876739501953,"[('Index Scan using idx_email_btree on user_app  (cost=0.25..8.27 rows=1 width=2088) (actual time=0.006..0.009 rows=1 loops=1)',), (""  Index Cond: ((email)::text = 'nhqulbxrwz@example.com'::text)"",), ('  Buffers: shared hit=3',), ('Planning Time: 0.023 ms',), ('Execution Time: 0.019 ms',)]"
509,HASH,0.00025112628936767577,"[('Index Scan using idx_email_hash on user_app  (cost=0.00..8.02 rows=1 width=2088) (actual time=0.004..0.007 rows=1 loops=1)',), (""  Index Cond: ((email)::text = 'vgvodhfjuv@example.com'::text)"",), ('  Buffers: shared hit=2',), ('Planning Time: 0.019 ms',), ('Execution Time: 0.017 ms',)]"
510,No Index,0.00020015239715576172,"[('Index Scan using uniq_user_app_email on user_app  (cost=0.38..8.39 rows=1 width=2088) (actual time=0.007..0.009 rows=1 loops=1)',), (""  Index Cond: ((email)::text = 'jolrkxrzmb@example.com'::text)"",), ('  Buffers: shared hit=4',), ('Planning Time: 0.018 ms',), ('Execution Time: 0.020 ms',)]"
510,BTREE,0.00019643306732177734,"[('Index Scan using idx_email_btree on user_app  (cost=0.25..8.27 rows=1 width=2088) (actual time=0.005..0.008 rows=1 loops=1)',), (""  Index Cond: ((email)::text = 'monynfessp@example.com'::text)"",), ('  Buffers: shared hit=3',), ('Planning Time: 0.019 ms',), ('Execution Time: 0.018 ms',)]"
510,HASH,0.00023705959320068358,"[('Index Scan using idx_email_hash on user_app  (cost=0.00..8.02 rows=1 width=2088) (actual time=0.004..0.007 rows=1 loops=1)',), (""  Index Cond: ((email)::text = 'hfsdevjogx@example.com'::text)"",), ('  Buffers: shared hit=2',), ('Planning Time: 0.021 ms',), ('Execution Time: 0.018 ms',)]"
511,No Index,0.0002834796905517578,"[('Index Scan using uniq_user_app_email on user_app  (cost=0.38..8.39 rows=1 width=2088) (actual time=0.008..0.011 rows=1 loops=1)',), (""  Index Cond: ((email)::text = 'dnmofjenuy@example.com'::text)"",), ('  Buffers: shared hit=4',), ('Planning Time: 0.021 ms',), ('Execution Time: 0.023 ms',)]"
511,BTREE,0.00021929740905761718,"[('Index Scan using idx_email_btree on user_app  (cost=0.25..8.27 rows=1 width=2088) (actual time=0.005..0.008 rows=1 loops=1)',), (""  Index Cond: ((email)::text = 'jxtkoqdjvn@example.com'::text)"",), ('  Buffers: shared hit=3',), ('Planning Time: 0.019 ms',), ('Execution Time: 0.018 ms',)]"
511,HASH,0.0002701044082641602,"[('Index Scan using idx_email_hash on user_app  (cost=0.00..8.02 rows=1 width=2088) (actual time=0.004..0.006 rows=1 loops=1)',), (""  Index Cond: ((email)::text = 'rbozbufpvj@example.com'::text)"",), ('  Buffers: shared hit=2',), ('Planning Time: 0.019 ms',), ('Execution Time: 0.016 ms',)]"
512,No Index,0.0004627704620361328,"[('Index Scan using uniq_user_app_email on user_app  (cost=0.38..8.39 rows=1 width=2088) (actual time=0.013..0.018 rows=1 loops=1)',), (""  Index Cond: ((email)::text = 'xkilbwxfvh@example.com'::text)"",), ('  Buffers: shared hit=4',), ('Planning Time: 0.036 ms',), ('Execution Time: 0.032 ms',)]"
512,BTREE,0.0002887487411499023,"[('Index Scan using idx_email_btree on user_app  (cost=0.25..8.27 rows=1 width=2088) (actual time=0.006..0.009 rows=1 loops=1)',), (""  Index Cond: ((email)::text = 'wyicdlvdrd@example.com'::text)"",), ('  Buffers: shared hit=3',), ('Planning Time: 0.023 ms',), ('Execution Time: 0.020 ms',)]"
512,HASH,0.0002536296844482422,"[('Index Scan using idx_email_hash on user_app  (cost=0.00..8.02 rows=1 width=2088) (actual time=0.004..0.007 rows=1 loops=1)',), (""  Index Cond: ((email)::text = 'etotnsuuwm@example.com'::text)"",), ('  Buffers: shared hit=2',), ('Planning Time: 0.019 ms',), ('Execution Time: 0.017 ms',)]"
513,No Index,0.00029191970825195315,"[('Index Scan using uniq_user_app_email on user_app  (cost=0.38..8.39 rows=1 width=2088) (actual time=0.011..0.014 rows=1 loops=1)',), (""  Index Cond: ((email)::text = 'zwtlwgugwv@example.com'::text)"",), ('  Buffers: shared hit=4',), ('Planning Time: 0.033 ms',), ('Execution Time: 0.027 ms',)]"
513,BTREE,0.000261688232421875,"[('Index Scan using idx_email_btree on user_app  (cost=0.25..8.27 rows=1 width=2088) (actual time=0.005..0.009 rows=1 loops=1)',), (""  Index Cond: ((email)::text = 'hqvolbypyr@example.com'::text)"",), ('  Buffers: shared hit=3',), ('Planning Time: 0.019 ms',), ('Execution Time: 0.019 ms',)]"
513,HASH,0.0002878904342651367,"[('Index Scan using idx_email_hash on user_app  (cost=0.00..8.02 rows=1 width=2088) (actual time=0.004..0.006 rows=1 loops=1)',), (""  Index Cond: ((email)::text = 'ajpuodiyts@example.com'::text)"",), ('  Buffers: shared hit=2',), ('Planning Time: 0.018 ms',), ('Execution Time: 0.017 ms',)]"
514,No Index,0.00028541088104248045,"[('Index Scan using uniq_user_app_email on user_app  (cost=0.38..8.39 rows=1 width=2088) (actual time=0.008..0.011 rows=1 loops=1)',), (""  Index Cond: ((email)::text = 'vcezkcjahu@example.com'::text)"",), ('  Buffers: shared hit=4',), ('Planning Time: 0.021 ms',), ('Execution Time: 0.022 ms',)]"
514,BTREE,0.0002969980239868164,"[('Index Scan using idx_email_btree on user_app  (cost=0.25..8.27 rows=1 width=2088) (actual time=0.005..0.009 rows=1 loops=1)',), (""  Index Cond: ((email)::text = 'dtrjxjkirp@example.com'::text)"",), ('  Buffers: shared hit=3',), ('Planning Time: 0.020 ms',), ('Execution Time: 0.019 ms',)]"
514,HASH,0.00028438568115234374,"[('Index Scan using idx_email_hash on user_app  (cost=0.00..8.02 rows=1 width=2088) (actual time=0.005..0.008 rows=1 loops=1)',), (""  Index Cond: ((email)::text = 'hvpxnhtzoj@example.com'::text)"",), ('  Buffers: shared hit=2',), ('Planning Time: 0.023 ms',), ('Execution Time: 0.019 ms',)]"
515,No Index,0.0002526521682739258,"[('Index Scan using uniq_user_app_email on user_app  (cost=0.38..8.39 rows=1 width=2088) (actual time=0.007..0.010 rows=1 loops=1)',), (""  Index Cond: ((email)::text = 'pvgshwmgjs@example.com'::text)"",), ('  Buffers: shared hit=4',), ('Planning Time: 0.017 ms',), ('Execution Time: 0.020 ms',)]"
515,BTREE,0.00022442340850830077,"[('Index Scan using idx_email_btree on user_app  (cost=0.25..8.27 rows=1 width=2088) (actual time=0.005..0.008 rows=1 loops=1)',), (""  Index Cond: ((email)::text = 'nwqyohmeax@example.com'::text)"",), ('  Buffers: shared hit=3',), ('Planning Time: 0.019 ms',), ('Execution Time: 0.017 ms',)]"
515,HASH,0.00022966861724853515,"[('Index Scan using idx_email_hash on user_app  (cost=0.00..8.02 rows=1 width=2088) (actual time=0.004..0.007 rows=1 loops=1)',), (""  Index Cond: ((email)::text = 'iqdwknrdae@example.com'::text)"",), ('  Buffers: shared hit=2',), ('Planning Time: 0.019 ms',), ('Execution Time: 0.016 ms',)]"
516,No Index,0.00029201507568359374,"[('Index Scan using uniq_user_app_email on user_app  (cost=0.38..8.39 rows=1 width=2088) (actual time=0.007..0.010 rows=1 loops=1)',), (""  Index Cond: ((email)::text = 'qcpezpzkuo@example.com'::text)"",), ('  Buffers: shared hit=4',), ('Planning Time: 0.017 ms',), ('Execution Time: 0.020 ms',)]"
516,BTREE,0.00031640529632568357,"[('Index Scan using idx_email_btree on user_app  (cost=0.25..8.27 rows=1 width=2088) (actual time=0.006..0.009 rows=1 loops=1)',), (""  Index Cond: ((email)::text = 'vxsctqagcg@example.com'::text)"",), ('  Buffers: shared hit=3',), ('Planning Time: 0.019 ms',), ('Execution Time: 0.019 ms',)]"
516,HASH,0.00018720626831054689,"[('Index Scan using idx_email_hash on user_app  (cost=0.00..8.02 rows=1 width=2088) (actual time=0.004..0.007 rows=1 loops=1)',), (""  Index Cond: ((email)::text = 'xcrgwiktdv@example.com'::text)"",), ('  Buffers: shared hit=2',), ('Planning Time: 0.019 ms',), ('Execution Time: 0.016 ms',)]"
517,No Index,0.0002974033355712891,"[('Index Scan using uniq_user_app_email on user_app  (cost=0.38..8.39 rows=1 width=2088) (actual time=0.007..0.009 rows=1 loops=1)',), (""  Index Cond: ((email)::text = 'mcdxcbjdbw@example.com'::text)"",), ('  Buffers: shared hit=4',), ('Planning Time: 0.017 ms',), ('Execution Time: 0.020 ms',)]"
517,BTREE,0.0002128124237060547,"[('Index Scan using idx_email_btree on user_app  (cost=0.25..8.27 rows=1 width=2088) (actual time=0.005..0.008 rows=1 loops=1)',), (""  Index Cond: ((email)::text = 'rwsvetxkgg@example.com'::text)"",), ('  Buffers: shared hit=3',), ('Planning Time: 0.019 ms',), ('Execution Time: 0.019 ms',)]"
517,HASH,0.00025417804718017576,"[('Index Scan using idx_email_hash on user_app  (cost=0.00..8.02 rows=1 width=2088) (actual time=0.007..0.010 rows=1 loops=1)',), (""  Index Cond: ((email)::text = 'inbblulsuq@example.com'::text)"",), ('  Buffers: shared hit=2',), ('Planning Time: 0.034 ms',), ('Execution Time: 0.024 ms',)]"
518,No Index,0.00018565654754638673,"[('Index Scan using uniq_user_app_email on user_app  (cost=0.38..8.39 rows=1 width=2088) (actual time=0.006..0.009 rows=1 loops=1)',), (""  Index Cond: ((email)::text = 'umbkgwmjmx@example.com'::text)"",), ('  Buffers: shared hit=4',), ('Planning Time: 0.016 ms',), ('Execution Time: 0.019 ms',)]"
518,BTREE,0.00020341873168945314,"[('Index Scan using idx_email_btree on user_app  (cost=0.25..8.27 rows=1 width=2088) (actual time=0.005..0.008 rows=1 loops=1)',), (""  Index Cond: ((email)::text = 'bzoemockpx@example.com'::text)"",), ('  Buffers: shared hit=3',), ('Planning Time: 0.019 ms',), ('Execution Time: 0.019 ms',)]"
518,HASH,0.0006182670593261718,"[('Index Scan using idx_email_hash on user_app  (cost=0.00..8.02 rows=1 width=2088) (actual time=0.015..0.020 rows=1 loops=1)',), (""  Index Cond: ((email)::text = 'qnpdnbifvy@example.com'::text)"",), ('  Buffers: shared hit=2',), ('Planning Time: 0.085 ms',), ('Execution Time: 0.049 ms',)]"
519,No Index,0.0003292322158813477,"[('Index Scan using uniq_user_app_email on user_app  (cost=0.38..8.39 rows=1 width=2088) (actual time=0.007..0.009 rows=1 loops=1)',), (""  Index Cond: ((email)::text = 'pdminiocdv@example.com'::text)"",), ('  Buffers: shared hit=4',), ('Planning Time: 0.017 ms',), ('Execution Time: 0.020 ms',)]"
519,BTREE,0.0003341197967529297,"[('Index Scan using idx_email_btree on user_app  (cost=0.25..8.27 rows=1 width=2088) (actual time=0.005..0.008 rows=1 loops=1)',), (""  Index Cond: ((email)::text = 'yloqjmyqan@example.com'::text)"",), ('  Buffers: shared hit=3',), ('Planning Time: 0.020 ms',), ('Execution Time: 0.018 ms',)]"
519,HASH,0.00019516944885253907,"[('Index Scan using idx_email_hash on user_app  (cost=0.00..8.02 rows=1 width=2088) (actual time=0.004..0.007 rows=1 loops=1)',), (""  Index Cond: ((email)::text = 'ejulxgtlzj@example.com'::text)"",), ('  Buffers: shared hit=2',), ('Planning Time: 0.019 ms',), ('Execution Time: 0.017 ms',)]"
520,No Index,0.0003062248229980469,"[('Index Scan using uniq_user_app_email on user_app  (cost=0.38..8.39 rows=1 width=2088) (actual time=0.008..0.011 rows=1 loops=1)',), (""  Index Cond: ((email)::text = 'dgfayplnfs@example.com'::text)"",), ('  Buffers: shared hit=4',), ('Planning Time: 0.022 ms',), ('Execution Time: 0.022 ms',)]"
520,BTREE,0.00019533634185791015,"[('Index Scan using idx_email_btree on user_app  (cost=0.25..8.27 rows=1 width=2088) (actual time=0.005..0.009 rows=1 loops=1)',), (""  Index Cond: ((email)::text = 'xmbtjmfwfr@example.com'::text)"",), ('  Buffers: shared hit=3',), ('Planning Time: 0.020 ms',), ('Execution Time: 0.018 ms',)]"
520,HASH,0.0002747058868408203,"[('Index Scan using idx_email_hash on user_app  (cost=0.00..8.02 rows=1 width=2088) (actual time=0.004..0.008 rows=1 loops=1)',), (""  Index Cond: ((email)::text = 'wyjdwitojj@example.com'::text)"",), ('  Buffers: shared hit=2',), ('Planning Time: 0.020 ms',), ('Execution Time: 0.018 ms',)]"
521,No Index,0.0003399372100830078,"[('Index Scan using uniq_user_app_email on user_app  (cost=0.38..8.39 rows=1 width=2088) (actual time=0.013..0.017 rows=1 loops=1)',), (""  Index Cond: ((email)::text = 'wjdezcrjty@example.com'::text)"",), ('  Buffers: shared hit=4',), ('Planning Time: 0.035 ms',), ('Execution Time: 0.032 ms',)]"
521,BTREE,0.0002881288528442383,"[('Index Scan using idx_email_btree on user_app  (cost=0.25..8.27 rows=1 width=2088) (actual time=0.007..0.009 rows=1 loops=1)',), (""  Index Cond: ((email)::text = 'lquytmjksy@example.com'::text)"",), ('  Buffers: shared hit=3',), ('Planning Time: 0.023 ms',), ('Execution Time: 0.021 ms',)]"
521,HASH,0.00019578933715820314,"[('Index Scan using idx_email_hash on user_app  (cost=0.00..8.02 rows=1 width=2088) (actual time=0.003..0.006 rows=1 loops=1)',), (""  Index Cond: ((email)::text = 'akydsmjtce@example.com'::text)"",), ('  Buffers: shared hit=2',), ('Planning Time: 0.019 ms',), ('Execution Time: 0.017 ms',)]"
522,No Index,0.00020093917846679686,"[('Index Scan using uniq_user_app_email on user_app  (cost=0.38..8.39 rows=1 width=2088) (actual time=0.007..0.010 rows=1 loops=1)',), (""  Index Cond: ((email)::text = 'zrtyqxhmoo@example.com'::text)"",), ('  Buffers: shared hit=4',), ('Planning Time: 0.018 ms',), ('Execution Time: 0.020 ms',)]"
522,BTREE,0.0005903482437133789,"[('Index Scan using idx_email_btree on user_app  (cost=0.25..8.27 rows=1 width=2088) (actual time=0.014..0.018 rows=1 loops=1)',), (""  Index Cond: ((email)::text = 'qfidjjpqvq@example.com'::text)"",), ('  Buffers: shared hit=3',), ('Planning Time: 0.050 ms',), ('Execution Time: 0.036 ms',)]"
522,HASH,0.0002739429473876953,"[('Index Scan using idx_email_hash on user_app  (cost=0.00..8.02 rows=1 width=2088) (actual time=0.004..0.007 rows=1 loops=1)',), (""  Index Cond: ((email)::text = 'iyzmvziqmt@example.com'::text)"",), ('  Buffers: shared hit=2',), ('Planning Time: 0.019 ms',), ('Execution Time: 0.017 ms',)]"
523,No Index,0.00026955604553222654,"[('Index Scan using uniq_user_app_email on user_app  (cost=0.38..8.39 rows=1 width=2088) (actual time=0.008..0.010 rows=1 loops=1)',), (""  Index Cond: ((email)::text = 'ludxbplojb@example.com'::text)"",), ('  Buffers: shared hit=4',), ('Planning Time: 0.019 ms',), ('Execution Time: 0.021 ms',)]"
523,BTREE,0.0006519556045532227,"[('Index Scan using idx_email_btree on user_app  (cost=0.25..8.27 rows=1 width=2088) (actual time=0.020..0.025 rows=1 loops=1)',), (""  Index Cond: ((email)::text = 'nuwkyjebkt@example.com'::text)"",), ('  Buffers: shared hit=3',), ('Planning Time: 0.075 ms',), ('Execution Time: 0.048 ms',)]"
523,HASH,0.0006102323532104492,"[('Index Scan using idx_email_hash on user_app  (cost=0.00..8.02 rows=1 width=2088) (actual time=0.013..0.017 rows=1 loops=1)',), (""  Index Cond: ((email)::text = 'uwheownhwe@example.com'::text)"",), ('  Buffers: shared hit=2',), ('Planning Time: 0.061 ms',), ('Execution Time: 0.039 ms',)]"
524,No Index,0.00026946067810058595,"[('Index Scan using uniq_user_app_email on user_app  (cost=0.38..8.39 rows=1 width=2088) (actual time=0.008..0.010 rows=1 loops=1)',), (""  Index Cond: ((email)::text = 'pgjnfofjyb@example.com'::text)"",), ('  Buffers: shared hit=4',), ('Planning Time: 0.020 ms',), ('Execution Time: 0.022 ms',)]"
524,BTREE,0.00025229454040527345,"[('Index Scan using idx_email_btree on user_app  (cost=0.25..8.27 rows=1 width=2088) (actual time=0.005..0.008 rows=1 loops=1)',), (""  Index Cond: ((email)::text = 'mqauugmcxr@example.com'::text)"",), ('  Buffers: shared hit=3',), ('Planning Time: 0.019 ms',), ('Execution Time: 0.018 ms',)]"
524,HASH,0.00025446414947509765,"[('Index Scan using idx_email_hash on user_app  (cost=0.00..8.02 rows=1 width=2088) (actual time=0.007..0.010 rows=1 loops=1)',), (""  Index Cond: ((email)::text = 'vkrpfkagmk@example.com'::text)"",), ('  Buffers: shared hit=2',), ('Planning Time: 0.033 ms',), ('Execution Time: 0.022 ms',)]"
525,No Index,0.00025389194488525393,"[('Index Scan using uniq_user_app_email on user_app  (cost=0.38..8.39 rows=1 width=2088) (actual time=0.006..0.009 rows=1 loops=1)',), (""  Index Cond: ((email)::text = 'gcwenafsor@example.com'::text)"",), ('  Buffers: shared hit=4',), ('Planning Time: 0.016 ms',), ('Execution Time: 0.019 ms',)]"
525,BTREE,0.0002613067626953125,"[('Index Scan using idx_email_btree on user_app  (cost=0.25..8.27 rows=1 width=2088) (actual time=0.006..0.009 rows=1 loops=1)',), (""  Index Cond: ((email)::text = 'svxpdvwjgs@example.com'::text)"",), ('  Buffers: shared hit=3',), ('Planning Time: 0.019 ms',), ('Execution Time: 0.018 ms',)]"
525,HASH,0.0002545356750488281,"[('Index Scan using idx_email_hash on user_app  (cost=0.00..8.02 rows=1 width=2088) (actual time=0.003..0.006 rows=1 loops=1)',), (""  Index Cond: ((email)::text = 'smbohzucjt@example.com'::text)"",), ('  Buffers: shared hit=2',), ('Planning Time: 0.021 ms',), ('Execution Time: 0.017 ms',)]"
526,No Index,0.0003022193908691406,"[('Index Scan using uniq_user_app_email on user_app  (cost=0.38..8.39 rows=1 width=2088) (actual time=0.011..0.014 rows=1 loops=1)',), (""  Index Cond: ((email)::text = 'uqxvptetwq@example.com'::text)"",), ('  Buffers: shared hit=4',), ('Planning Time: 0.062 ms',), ('Execution Time: 0.027 ms',)]"
526,BTREE,0.0006752490997314453,"[('Index Scan using idx_email_btree on user_app  (cost=0.25..8.27 rows=1 width=2088) (actual time=0.016..0.020 rows=1 loops=1)',), (""  Index Cond: ((email)::text = 'studcimgbn@example.com'::text)"",), ('  Buffers: shared hit=3',), ('Planning Time: 0.062 ms',), ('Execution Time: 0.041 ms',)]"
526,HASH,0.000271296501159668,"[('Index Scan using idx_email_hash on user_app  (cost=0.00..8.02 rows=1 width=2088) (actual time=0.004..0.008 rows=1 loops=1)',), (""  Index Cond: ((email)::text = 'gdefyuujvd@example.com'::text)"",), ('  Buffers: shared hit=2',), ('Planning Time: 0.022 ms',), ('Execution Time: 0.019 ms',)]"
527,No Index,0.00025448799133300783,"[('Index Scan using uniq_user_app_email on user_app  (cost=0.38..8.39 rows=1 width=2088) (actual time=0.007..0.009 rows=1 loops=1)',), (""  Index Cond: ((email)::text = 'qfpgqmmtkb@example.com'::text)"",), ('  Buffers: shared hit=4',), ('Planning Time: 0.017 ms',), ('Execution Time: 0.020 ms',)]"
527,BTREE,0.00025348663330078126,"[('Index Scan using idx_email_btree on user_app  (cost=0.25..8.27 rows=1 width=2088) (actual time=0.005..0.009 rows=1 loops=1)',), (""  Index Cond: ((email)::text = 'rxiwjdszdr@example.com'::text)"",), ('  Buffers: shared hit=3',), ('Planning Time: 0.021 ms',), ('Execution Time: 0.019 ms',)]"
527,HASH,0.00031096935272216796,"[('Index Scan using idx_email_hash on user_app  (cost=0.00..8.02 rows=1 width=2088) (actual time=0.005..0.008 rows=1 loops=1)',), (""  Index Cond: ((email)::text = 'qbvshzqcoe@example.com'::text)"",), ('  Buffers: shared hit=2',), ('Planning Time: 0.023 ms',), ('Execution Time: 0.019 ms',)]"
528,No Index,0.0007557868957519531,"[('Index Scan using uniq_user_app_email on user_app  (cost=0.38..8.39 rows=1 width=2088) (actual time=0.021..0.026 rows=1 loops=1)',), (""  Index Cond: ((email)::text = 'sggidqbvsn@example.com'::text)"",), ('  Buffers: shared hit=4',), ('Planning Time: 0.056 ms',), ('Execution Time: 0.048 ms',)]"
528,BTREE,0.0003075599670410156,"[('Index Scan using idx_email_btree on user_app  (cost=0.25..8.27 rows=1 width=2088) (actual time=0.006..0.009 rows=1 loops=1)',), (""  Index Cond: ((email)::text = 'pbfdgirxlk@example.com'::text)"",), ('  Buffers: shared hit=3',), ('Planning Time: 0.023 ms',), ('Execution Time: 0.020 ms',)]"
528,HASH,0.0002533435821533203,"[('Index Scan using idx_email_hash on user_app  (cost=0.00..8.02 rows=1 width=2088) (actual time=0.003..0.006 rows=1 loops=1)',), (""  Index Cond: ((email)::text = 'fkieoeoqbq@example.com'::text)"",), ('  Buffers: shared hit=2',), ('Planning Time: 0.019 ms',), ('Execution Time: 0.017 ms',)]"
529,No Index,0.0006325960159301758,"[('Index Scan using uniq_user_app_email on user_app  (cost=0.38..8.39 rows=1 width=2088) (actual time=0.015..0.019 rows=1 loops=1)',), (""  Index Cond: ((email)::text = 'tdyibezbqf@example.com'::text)"",), ('  Buffers: shared hit=4',), ('Planning Time: 0.040 ms',), ('Execution Time: 0.037 ms',)]"
529,BTREE,0.00026237964630126953,"[('Index Scan using idx_email_btree on user_app  (cost=0.25..8.27 rows=1 width=2088) (actual time=0.006..0.009 rows=1 loops=1)',), (""  Index Cond: ((email)::text = 'abndtlefwd@example.com'::text)"",), ('  Buffers: shared hit=3',), ('Planning Time: 0.021 ms',), ('Execution Time: 0.019 ms',)]"
529,HASH,0.0006282806396484375,"[('Index Scan using idx_email_hash on user_app  (cost=0.00..8.02 rows=1 width=2088) (actual time=0.009..0.013 rows=1 loops=1)',), (""  Index Cond: ((email)::text = 'zyhqkdnwzx@example.com'::text)"",), ('  Buffers: shared hit=2',), ('Planning Time: 0.044 ms',), ('Execution Time: 0.031 ms',)]"
530,No Index,0.0005002021789550781,"[('Index Scan using uniq_user_app_email on user_app  (cost=0.38..8.39 rows=1 width=2088) (actual time=0.018..0.022 rows=1 loops=1)',), (""  Index Cond: ((email)::text = 'uhdiqylhfc@example.com'::text)"",), ('  Buffers: shared hit=4',), ('Planning Time: 0.047 ms',), ('Execution Time: 0.043 ms',)]"
530,BTREE,0.00048818588256835935,"[('Index Scan using idx_email_btree on user_app  (cost=0.25..8.27 rows=1 width=2088) (actual time=0.019..0.024 rows=1 loops=1)',), (""  Index Cond: ((email)::text = 'yqopbksdks@example.com'::text)"",), ('  Buffers: shared hit=3',), ('Planning Time: 0.086 ms',), ('Execution Time: 0.052 ms',)]"
530,HASH,0.00037195682525634763,"[('Index Scan using idx_email_hash on user_app  (cost=0.00..8.02 rows=1 width=2088) (actual time=0.004..0.006 rows=1 loops=1)',), (""  Index Cond: ((email)::text = 'gdzughqzam@example.com'::text)"",), ('  Buffers: shared hit=2',), ('Planning Time: 0.019 ms',), ('Execution Time: 0.017 ms',)]"
531,No Index,0.0002889871597290039,"[('Index Scan using uniq_user_app_email on user_app  (cost=0.38..8.39 rows=1 width=2088) (actual time=0.008..0.010 rows=1 loops=1)',), (""  Index Cond: ((email)::text = 'neenwjucof@example.com'::text)"",), ('  Buffers: shared hit=4',), ('Planning Time: 0.022 ms',), ('Execution Time: 0.022 ms',)]"
531,BTREE,0.00032796859741210935,"[('Index Scan using idx_email_btree on user_app  (cost=0.25..8.27 rows=1 width=2088) (actual time=0.013..0.016 rows=1 loops=1)',), (""  Index Cond: ((email)::text = 'bqdfvsehum@example.com'::text)"",), ('  Buffers: shared hit=3',), ('Planning Time: 0.048 ms',), ('Execution Time: 0.034 ms',)]"
531,HASH,0.00019483566284179689,"[('Index Scan using idx_email_hash on user_app  (cost=0.00..8.02 rows=1 width=2088) (actual time=0.003..0.006 rows=1 loops=1)',), (""  Index Cond: ((email)::text = 'wvczoewbcu@example.com'::text)"",), ('  Buffers: shared hit=2',), ('Planning Time: 0.019 ms',), ('Execution Time: 0.017 ms',)]"
532,No Index,0.0003142356872558594,"[('Index Scan using uniq_user_app_email on user_app  (cost=0.38..8.39 rows=1 width=2088) (actual time=0.013..0.017 rows=1 loops=1)',), (""  Index Cond: ((email)::text = 'fgrjowxowq@example.com'::text)"",), ('  Buffers: shared hit=4',), ('Planning Time: 0.046 ms',), ('Execution Time: 0.036 ms',)]"
532,BTREE,0.0002057790756225586,"[('Index Scan using idx_email_btree on user_app  (cost=0.25..8.27 rows=1 width=2088) (actual time=0.005..0.008 rows=1 loops=1)',), (""  Index Cond: ((email)::text = 'fnnailwiqj@example.com'::text)"",), ('  Buffers: shared hit=3',), ('Planning Time: 0.020 ms',), ('Execution Time: 0.019 ms',)]"
532,HASH,0.0002753734588623047,"[('Index Scan using idx_email_hash on user_app  (cost=0.00..8.02 rows=1 width=2088) (actual time=0.006..0.009 rows=1 loops=1)',), (""  Index Cond: ((email)::text = 'iywgjxohry@example.com'::text)"",), ('  Buffers: shared hit=2',), ('Planning Time: 0.028 ms',), ('Execution Time: 0.020 ms',)]"
533,No Index,0.00020854473114013673,"[('Index Scan using uniq_user_app_email on user_app  (cost=0.38..8.39 rows=1 width=2088) (actual time=0.009..0.011 rows=1 loops=1)',), (""  Index Cond: ((email)::text = 'qclllkuyjd@example.com'::text)"",), ('  Buffers: shared hit=4',), ('Planning Time: 0.023 ms',), ('Execution Time: 0.023 ms',)]"
533,BTREE,0.00027251243591308594,"[('Index Scan using idx_email_btree on user_app  (cost=0.25..8.27 rows=1 width=2088) (actual time=0.006..0.009 rows=1 loops=1)',), (""  Index Cond: ((email)::text = 'hfluqspzjl@example.com'::text)"",), ('  Buffers: shared hit=3',), ('Planning Time: 0.020 ms',), ('Execution Time: 0.019 ms',)]"
533,HASH,0.00025873184204101564,"[('Index Scan using idx_email_hash on user_app  (cost=0.00..8.02 rows=1 width=2088) (actual time=0.004..0.007 rows=1 loops=1)',), (""  Index Cond: ((email)::text = 'nzdxklcciz@example.com'::text)"",), ('  Buffers: shared hit=2',), ('Planning Time: 0.021 ms',), ('Execution Time: 0.018 ms',)]"
534,No Index,0.00028400421142578126,"[('Index Scan using uniq_user_app_email on user_app  (cost=0.38..8.39 rows=1 width=2088) (actual time=0.008..0.011 rows=1 loops=1)',), (""  Index Cond: ((email)::text = 'cgiqwdmnka@example.com'::text)"",), ('  Buffers: shared hit=4',), ('Planning Time: 0.021 ms',), ('Execution Time: 0.022 ms',)]"
534,BTREE,0.0002554655075073242,"[('Index Scan using idx_email_btree on user_app  (cost=0.25..8.27 rows=1 width=2088) (actual time=0.005..0.008 rows=1 loops=1)',), (""  Index Cond: ((email)::text = 'jmfdqohzkm@example.com'::text)"",), ('  Buffers: shared hit=3',), ('Planning Time: 0.019 ms',), ('Execution Time: 0.019 ms',)]"
534,HASH,0.00028159618377685545,"[('Index Scan using idx_email_hash on user_app  (cost=0.00..8.02 rows=1 width=2088) (actual time=0.005..0.008 rows=1 loops=1)',), (""  Index Cond: ((email)::text = 'abqiyubknc@example.com'::text)"",), ('  Buffers: shared hit=2',), ('Planning Time: 0.023 ms',), ('Execution Time: 0.019 ms',)]"
535,No Index,0.00045595169067382815,"[('Index Scan using uniq_user_app_email on user_app  (cost=0.38..8.39 rows=1 width=2088) (actual time=0.008..0.011 rows=1 loops=1)',), (""  Index Cond: ((email)::text = 'ugmorbpgev@example.com'::text)"",), ('  Buffers: shared hit=4',), ('Planning Time: 0.019 ms',), ('Execution Time: 0.022 ms',)]"
535,BTREE,0.00024902820587158203,"[('Index Scan using idx_email_btree on user_app  (cost=0.25..8.27 rows=1 width=2088) (actual time=0.005..0.008 rows=1 loops=1)',), (""  Index Cond: ((email)::text = 'detmwzkqqu@example.com'::text)"",), ('  Buffers: shared hit=3',), ('Planning Time: 0.020 ms',), ('Execution Time: 0.019 ms',)]"
535,HASH,0.0002764225006103516,"[('Index Scan using idx_email_hash on user_app  (cost=0.00..8.02 rows=1 width=2088) (actual time=0.004..0.006 rows=1 loops=1)',), (""  Index Cond: ((email)::text = 'nzrcuexefi@example.com'::text)"",), ('  Buffers: shared hit=2',), ('Planning Time: 0.019 ms',), ('Execution Time: 0.017 ms',)]"
536,No Index,0.00021989345550537108,"[('Index Scan using uniq_user_app_email on user_app  (cost=0.38..8.39 rows=1 width=2088) (actual time=0.007..0.010 rows=1 loops=1)',), (""  Index Cond: ((email)::text = 'gpizqdxyuz@example.com'::text)"",), ('  Buffers: shared hit=4',), ('Planning Time: 0.016 ms',), ('Execution Time: 0.021 ms',)]"
536,BTREE,0.0002722740173339844,"[('Index Scan using idx_email_btree on user_app  (cost=0.25..8.27 rows=1 width=2088) (actual time=0.010..0.013 rows=1 loops=1)',), (""  Index Cond: ((email)::text = 'bnuxvdezjr@example.com'::text)"",), ('  Buffers: shared hit=3',), ('Planning Time: 0.031 ms',), ('Execution Time: 0.025 ms',)]"
536,HASH,0.00028209686279296876,"[('Index Scan using idx_email_hash on user_app  (cost=0.00..8.02 rows=1 width=2088) (actual time=0.005..0.009 rows=1 loops=1)',), (""  Index Cond: ((email)::text = 'bmglanmhkr@example.com'::text)"",), ('  Buffers: shared hit=2',), ('Planning Time: 0.023 ms',), ('Execution Time: 0.019 ms',)]"
537,No Index,0.00025680065155029295,"[('Index Scan using uniq_user_app_email on user_app  (cost=0.38..8.39 rows=1 width=2088) (actual time=0.007..0.010 rows=1 loops=1)',), (""  Index Cond: ((email)::text = 'clysaueuox@example.com'::text)"",), ('  Buffers: shared hit=4',), ('Planning Time: 0.018 ms',), ('Execution Time: 0.020 ms',)]"
537,BTREE,0.0005027055740356445,"[('Index Scan using idx_email_btree on user_app  (cost=0.25..8.27 rows=1 width=2088) (actual time=0.012..0.017 rows=1 loops=1)',), (""  Index Cond: ((email)::text = 'mysdttmlds@example.com'::text)"",), ('  Buffers: shared hit=3',), ('Planning Time: 0.052 ms',), ('Execution Time: 0.037 ms',)]"
537,HASH,0.000541853904724121,"[('Index Scan using idx_email_hash on user_app  (cost=0.00..8.02 rows=1 width=2088) (actual time=0.012..0.017 rows=1 loops=1)',), (""  Index Cond: ((email)::text = 'olhbxebvgs@example.com'::text)"",), ('  Buffers: shared hit=2',), ('Planning Time: 0.062 ms',), ('Execution Time: 0.039 ms',)]"
538,No Index,0.0002774238586425781,"[('Index Scan using uniq_user_app_email on user_app  (cost=0.38..8.39 rows=1 width=2088) (actual time=0.007..0.011 rows=1 loops=1)',), (""  Index Cond: ((email)::text = 'lrkecsrwzn@example.com'::text)"",), ('  Buffers: shared hit=4',), ('Planning Time: 0.018 ms',), ('Execution Time: 0.021 ms',)]"
538,BTREE,0.0002811431884765625,"[('Index Scan using idx_email_btree on user_app  (cost=0.25..8.27 rows=1 width=2088) (actual time=0.007..0.010 rows=1 loops=1)',), (""  Index Cond: ((email)::text = 'ghbnfqgmiq@example.com'::text)"",), ('  Buffers: shared hit=3',), ('Planning Time: 0.024 ms',), ('Execution Time: 0.021 ms',)]"
538,HASH,0.0006689786911010742,"[('Index Scan using idx_email_hash on user_app  (cost=0.00..8.02 rows=1 width=2088) (actual time=0.010..0.015 rows=1 loops=1)',), (""  Index Cond: ((email)::text = 'ixhwimphwg@example.com'::text)"",), ('  Buffers: shared hit=2',), ('Planning Time: 0.057 ms',), ('Execution Time: 0.036 ms',)]"
539,No Index,0.00026006698608398436,"[('Index Scan using uniq_user_app_email on user_app  (cost=0.38..8.39 rows=1 width=2088) (actual time=0.008..0.011 rows=1 loops=1)',), (""  Index Cond: ((email)::text = 'jpivwygcsv@example.com'::text)"",), ('  Buffers: shared hit=4',), ('Planning Time: 0.019 ms',), ('Execution Time: 0.021 ms',)]"
539,BTREE,0.00032002925872802733,"[('Index Scan using idx_email_btree on user_app  (cost=0.25..8.27 rows=1 width=2088) (actual time=0.006..0.009 rows=1 loops=1)',), (""  Index Cond: ((email)::text = 'oniwzscita@example.com'::text)"",), ('  Buffers: shared hit=3',), ('Planning Time: 0.018 ms',), ('Execution Time: 0.019 ms',)]"
539,HASH,0.0002884387969970703,"[('Index Scan using idx_email_hash on user_app  (cost=0.00..8.02 rows=1 width=2088) (actual time=0.004..0.007 rows=1 loops=1)',), (""  Index Cond: ((email)::text = 'yqjtpekreh@example.com'::text)"",), ('  Buffers: shared hit=2',), ('Planning Time: 0.020 ms',), ('Execution Time: 0.017 ms',)]"
540,No Index,0.0002726316452026367,"[('Index Scan using uniq_user_app_email on user_app  (cost=0.38..8.39 rows=1 width=2088) (actual time=0.007..0.010 rows=1 loops=1)',), (""  Index Cond: ((email)::text = 'ohhrgpjcrr@example.com'::text)"",), ('  Buffers: shared hit=4',), ('Planning Time: 0.017 ms',), ('Execution Time: 0.020 ms',)]"
540,BTREE,0.00026767253875732423,"[('Index Scan using idx_email_btree on user_app  (cost=0.25..8.27 rows=1 width=2088) (actual time=0.006..0.009 rows=1 loops=1)',), (""  Index Cond: ((email)::text = 'xlldnbokbv@example.com'::text)"",), ('  Buffers: shared hit=3',), ('Planning Time: 0.021 ms',), ('Execution Time: 0.020 ms',)]"
540,HASH,0.00038931369781494143,"[('Index Scan using idx_email_hash on user_app  (cost=0.00..8.02 rows=1 width=2088) (actual time=0.006..0.009 rows=1 loops=1)',), (""  Index Cond: ((email)::text = 'shstichbgc@example.com'::text)"",), ('  Buffers: shared hit=2',), ('Planning Time: 0.026 ms',), ('Execution Time: 0.020 ms',)]"
541,No Index,0.00019915103912353515,"[('Index Scan using uniq_user_app_email on user_app  (cost=0.38..8.39 rows=1 width=2088) (actual time=0.007..0.010 rows=1 loops=1)',), (""  Index Cond: ((email)::text = 'xskagbprbl@example.com'::text)"",), ('  Buffers: shared hit=4',), ('Planning Time: 0.018 ms',), ('Execution Time: 0.019 ms',)]"
541,BTREE,0.00028228759765625,"[('Index Scan using idx_email_btree on user_app  (cost=0.25..8.27 rows=1 width=2088) (actual time=0.007..0.010 rows=1 loops=1)',), (""  Index Cond: ((email)::text = 'mwikblidbq@example.com'::text)"",), ('  Buffers: shared hit=3',), ('Planning Time: 0.023 ms',), ('Execution Time: 0.021 ms',)]"
541,HASH,0.00025815963745117186,"[('Index Scan using idx_email_hash on user_app  (cost=0.00..8.02 rows=1 width=2088) (actual time=0.004..0.007 rows=1 loops=1)',), (""  Index Cond: ((email)::text = 'bgfdoyxhvo@example.com'::text)"",), ('  Buffers: shared hit=2',), ('Planning Time: 0.022 ms',), ('Execution Time: 0.018 ms',)]"
542,No Index,0.00025365352630615237,"[('Index Scan using uniq_user_app_email on user_app  (cost=0.38..8.39 rows=1 width=2088) (actual time=0.007..0.010 rows=1 loops=1)',), (""  Index Cond: ((email)::text = 'nrynnkmjqw@example.com'::text)"",), ('  Buffers: shared hit=4',), ('Planning Time: 0.017 ms',), ('Execution Time: 0.020 ms',)]"
542,BTREE,0.00028765201568603516,"[('Index Scan using idx_email_btree on user_app  (cost=0.25..8.27 rows=1 width=2088) (actual time=0.006..0.009 rows=1 loops=1)',), (""  Index Cond: ((email)::text = 'trddcgcdxp@example.com'::text)"",), ('  Buffers: shared hit=3',), ('Planning Time: 0.023 ms',), ('Execution Time: 0.021 ms',)]"
542,HASH,0.00046646595001220703,"[('Index Scan using idx_email_hash on user_app  (cost=0.00..8.02 rows=1 width=2088) (actual time=0.009..0.014 rows=1 loops=1)',), (""  Index Cond: ((email)::text = 'cluguymfzr@example.com'::text)"",), ('  Buffers: shared hit=2',), ('Planning Time: 0.050 ms',), ('Execution Time: 0.034 ms',)]"
543,No Index,0.00026640892028808596,"[('Index Scan using uniq_user_app_email on user_app  (cost=0.38..8.39 rows=1 width=2088) (actual time=0.008..0.010 rows=1 loops=1)',), (""  Index Cond: ((email)::text = 'luzuzohllg@example.com'::text)"",), ('  Buffers: shared hit=4',), ('Planning Time: 0.018 ms',), ('Execution Time: 0.022 ms',)]"
543,BTREE,0.0005744218826293946,"[('Index Scan using idx_email_btree on user_app  (cost=0.25..8.27 rows=1 width=2088) (actual time=0.013..0.018 rows=1 loops=1)',), (""  Index Cond: ((email)::text = 'vdcyrvkddi@example.com'::text)"",), ('  Buffers: shared hit=3',), ('Planning Time: 0.051 ms',), ('Execution Time: 0.037 ms',)]"
543,HASH,0.00026047229766845703,"[('Index Scan using idx_email_hash on user_app  (cost=0.00..8.02 rows=1 width=2088) (actual time=0.004..0.007 rows=1 loops=1)',), (""  Index Cond: ((email)::text = 'grsepydkab@example.com'::text)"",), ('  Buffers: shared hit=2',), ('Planning Time: 0.019 ms',), ('Execution Time: 0.017 ms',)]"
544,No Index,0.00029995441436767576,"[('Index Scan using uniq_user_app_email on user_app  (cost=0.38..8.39 rows=1 width=2088) (actual time=0.009..0.011 rows=1 loops=1)',), (""  Index Cond: ((email)::text = 'qwmnelzizt@example.com'::text)"",), ('  Buffers: shared hit=4',), ('Planning Time: 0.022 ms',), ('Execution Time: 0.022 ms',)]"
544,BTREE,0.0002570629119873047,"[('Index Scan using idx_email_btree on user_app  (cost=0.25..8.27 rows=1 width=2088) (actual time=0.006..0.008 rows=1 loops=1)',), (""  Index Cond: ((email)::text = 'jxelfauudy@example.com'::text)"",), ('  Buffers: shared hit=3',), ('Planning Time: 0.019 ms',), ('Execution Time: 0.019 ms',)]"
544,HASH,0.00048105716705322267,"[('Index Scan using idx_email_hash on user_app  (cost=0.00..8.02 rows=1 width=2088) (actual time=0.009..0.013 rows=1 loops=1)',), (""  Index Cond: ((email)::text = 'vuqmgdvqsk@example.com'::text)"",), ('  Buffers: shared hit=2',), ('Planning Time: 0.050 ms',), ('Execution Time: 0.033 ms',)]"
545,No Index,0.00031361579895019533,"[('Index Scan using uniq_user_app_email on user_app  (cost=0.38..8.39 rows=1 width=2088) (actual time=0.008..0.011 rows=1 loops=1)',), (""  Index Cond: ((email)::text = 'aqyowyzmir@example.com'::text)"",), ('  Buffers: shared hit=4',), ('Planning Time: 0.021 ms',), ('Execution Time: 0.023 ms',)]"
545,BTREE,0.000274968147277832,"[('Index Scan using idx_email_btree on user_app  (cost=0.25..8.27 rows=1 width=2088) (actual time=0.007..0.010 rows=1 loops=1)',), (""  Index Cond: ((email)::text = 'thgvsihehm@example.com'::text)"",), ('  Buffers: shared hit=3',), ('Planning Time: 0.023 ms',), ('Execution Time: 0.020 ms',)]"
545,HASH,0.0002756834030151367,"[('Index Scan using idx_email_hash on user_app  (cost=0.00..8.02 rows=1 width=2088) (actual time=0.004..0.008 rows=1 loops=1)',), (""  Index Cond: ((email)::text = 'hgtfpghxnd@example.com'::text)"",), ('  Buffers: shared hit=2',), ('Planning Time: 0.023 ms',), ('Execution Time: 0.019 ms',)]"
546,No Index,0.00028104782104492186,"[('Index Scan using uniq_user_app_email on user_app  (cost=0.38..8.39 rows=1 width=2088) (actual time=0.010..0.012 rows=1 loops=1)',), (""  Index Cond: ((email)::text = 'xnmawwwgnv@example.com'::text)"",), ('  Buffers: shared hit=4',), ('Planning Time: 0.018 ms',), ('Execution Time: 0.023 ms',)]"
546,BTREE,0.0006649017333984375,"[('Index Scan using idx_email_btree on user_app  (cost=0.25..8.27 rows=1 width=2088) (actual time=0.016..0.021 rows=1 loops=1)',), (""  Index Cond: ((email)::text = 'jgmytfgyww@example.com'::text)"",), ('  Buffers: shared hit=3',), ('Planning Time: 0.063 ms',), ('Execution Time: 0.044 ms',)]"
546,HASH,0.0002632617950439453,"[('Index Scan using idx_email_hash on user_app  (cost=0.00..8.02 rows=1 width=2088) (actual time=0.004..0.008 rows=1 loops=1)',), (""  Index Cond: ((email)::text = 'ayayzjwjjd@example.com'::text)"",), ('  Buffers: shared hit=2',), ('Planning Time: 0.026 ms',), ('Execution Time: 0.020 ms',)]"
547,No Index,0.00047266483306884766,"[('Index Scan using uniq_user_app_email on user_app  (cost=0.38..8.39 rows=1 width=2088) (actual time=0.012..0.015 rows=1 loops=1)',), (""  Index Cond: ((email)::text = 'djmdxjxyyl@example.com'::text)"",), ('  Buffers: shared hit=4',), ('Planning Time: 0.020 ms',), ('Execution Time: 0.026 ms',)]"
547,BTREE,0.0003398895263671875,"[('Index Scan using idx_email_btree on user_app  (cost=0.25..8.27 rows=1 width=2088) (actual time=0.006..0.009 rows=1 loops=1)',), (""  Index Cond: ((email)::text = 'hrzdhswrjk@example.com'::text)"",), ('  Buffers: shared hit=3',), ('Planning Time: 0.021 ms',), ('Execution Time: 0.019 ms',)]"
547,HASH,0.0005030393600463867,"[('Index Scan using idx_email_hash on user_app  (cost=0.00..8.02 rows=1 width=2088) (actual time=0.011..0.016 rows=1 loops=1)',), (""  Index Cond: ((email)::text = 'jdlhucimlz@example.com'::text)"",), ('  Buffers: shared hit=2',), ('Planning Time: 0.062 ms',), ('Execution Time: 0.038 ms',)]"
548,No Index,0.0004740238189697266,"[('Index Scan using uniq_user_app_email on user_app  (cost=0.38..8.39 rows=1 width=2088) (actual time=0.010..0.013 rows=1 loops=1)',), (""  Index Cond: ((email)::text = 'pakvanynxy@example.com'::text)"",), ('  Buffers: shared hit=4',), ('Planning Time: 0.024 ms',), ('Execution Time: 0.024 ms',)]"
548,BTREE,0.0003188610076904297,"[('Index Scan using idx_email_btree on user_app  (cost=0.25..8.27 rows=1 width=2088) (actual time=0.006..0.008 rows=1 loops=1)',), (""  Index Cond: ((email)::text = 'wxkxpearjx@example.com'::text)"",), ('  Buffers: shared hit=3',), ('Planning Time: 0.022 ms',), ('Execution Time: 0.018 ms',)]"
548,HASH,0.0002707958221435547,"[('Index Scan using idx_email_hash on user_app  (cost=0.00..8.02 rows=1 width=2088) (actual time=0.006..0.009 rows=1 loops=1)',), (""  Index Cond: ((email)::text = 'caqehrhbon@example.com'::text)"",), ('  Buffers: shared hit=2',), ('Planning Time: 0.023 ms',), ('Execution Time: 0.019 ms',)]"
549,No Index,0.0001969575881958008,"[('Index Scan using uniq_user_app_email on user_app  (cost=0.38..8.39 rows=1 width=2088) (actual time=0.007..0.009 rows=1 loops=1)',), (""  Index Cond: ((email)::text = 'iprfmtubfg@example.com'::text)"",), ('  Buffers: shared hit=4',), ('Planning Time: 0.017 ms',), ('Execution Time: 0.020 ms',)]"
549,BTREE,0.0001959562301635742,"[('Index Scan using idx_email_btree on user_app  (cost=0.25..8.27 rows=1 width=2088) (actual time=0.006..0.008 rows=1 loops=1)',), (""  Index Cond: ((email)::text = 'wzipxdkkvf@example.com'::text)"",), ('  Buffers: shared hit=3',), ('Planning Time: 0.020 ms',), ('Execution Time: 0.019 ms',)]"
549,HASH,0.0005515336990356446,"[('Index Scan using idx_email_hash on user_app  (cost=0.00..8.02 rows=1 width=2088) (actual time=0.012..0.017 rows=1 loops=1)',), (""  Index Cond: ((email)::text = 'spgiyyqmah@example.com'::text)"",), ('  Buffers: shared hit=2',), ('Planning Time: 0.062 ms',), ('Execution Time: 0.039 ms',)]"
550,No Index,0.00027606487274169924,"[('Index Scan using uniq_user_app_email on user_app  (cost=0.38..8.39 rows=1 width=2088) (actual time=0.008..0.010 rows=1 loops=1)',), (""  Index Cond: ((email)::text = 'mdwtkjzpib@example.com'::text)"",), ('  Buffers: shared hit=4',), ('Planning Time: 0.022 ms',), ('Execution Time: 0.022 ms',)]"
550,BTREE,0.00047767162322998047,"[('Index Scan using idx_email_btree on user_app  (cost=0.25..8.27 rows=1 width=2088) (actual time=0.013..0.018 rows=1 loops=1)',), (""  Index Cond: ((email)::text = 'tvvsvwelsw@example.com'::text)"",), ('  Buffers: shared hit=3',), ('Planning Time: 0.051 ms',), ('Execution Time: 0.037 ms',)]"
550,HASH,0.0002681732177734375,"[('Index Scan using idx_email_hash on user_app  (cost=0.00..8.02 rows=1 width=2088) (actual time=0.004..0.007 rows=1 loops=1)',), (""  Index Cond: ((email)::text = 'xzifhxwyvh@example.com'::text)"",), ('  Buffers: shared hit=2',), ('Planning Time: 0.019 ms',), ('Execution Time: 0.017 ms',)]"
551,No Index,0.0005299806594848633,"[('Index Scan using uniq_user_app_email on user_app  (cost=0.38..8.39 rows=1 width=2088) (actual time=0.018..0.022 rows=1 loops=1)',), (""  Index Cond: ((email)::text = 'nbgelrxjlf@example.com'::text)"",), ('  Buffers: shared hit=4',), ('Planning Time: 0.049 ms',), ('Execution Time: 0.044 ms',)]"
551,BTREE,0.00033652782440185547,"[('Index Scan using idx_email_btree on user_app  (cost=0.25..8.27 rows=1 width=2088) (actual time=0.006..0.009 rows=1 loops=1)',), (""  Index Cond: ((email)::text = 'dmsvghmtbf@example.com'::text)"",), ('  Buffers: shared hit=3',), ('Planning Time: 0.022 ms',), ('Execution Time: 0.020 ms',)]"
551,HASH,0.00026683807373046876,"[('Index Scan using idx_email_hash on user_app  (cost=0.00..8.02 rows=1 width=2088) (actual time=0.004..0.007 rows=1 loops=1)',), (""  Index Cond: ((email)::text = 'tackwuojtd@example.com'::text)"",), ('  Buffers: shared hit=2',), ('Planning Time: 0.022 ms',), ('Execution Time: 0.018 ms',)]"
552,No Index,0.0002661228179931641,"[('Index Scan using uniq_user_app_email on user_app  (cost=0.38..8.39 rows=1 width=2088) (actual time=0.008..0.011 rows=1 loops=1)',), (""  Index Cond: ((email)::text = 'lopfjrlbda@example.com'::text)"",), ('  Buffers: shared hit=4',), ('Planning Time: 0.020 ms',), ('Execution Time: 0.021 ms',)]"
552,BTREE,0.00025751590728759763,"[('Index Scan using idx_email_btree on user_app  (cost=0.25..8.27 rows=1 width=2088) (actual time=0.006..0.009 rows=1 loops=1)',), (""  Index Cond: ((email)::text = 'jepchubkyi@example.com'::text)"",), ('  Buffers: shared hit=3',), ('Planning Time: 0.022 ms',), ('Execution Time: 0.019 ms',)]"
552,HASH,0.0002691030502319336,"[('Index Scan using idx_email_hash on user_app  (cost=0.00..8.02 rows=1 width=2088) (actual time=0.004..0.008 rows=1 loops=1)',), (""  Index Cond: ((email)::text = 'ctbuygoiqu@example.com'::text)"",), ('  Buffers: shared hit=2',), ('Planning Time: 0.022 ms',), ('Execution Time: 0.019 ms',)]"
553,No Index,0.000663924217224121,"[('Index Scan using uniq_user_app_email on user_app  (cost=0.38..8.39 rows=1 width=2088) (actual time=0.020..0.025 rows=1 loops=1)',), (""  Index Cond: ((email)::text = 'qbheohdisn@example.com'::text)"",), ('  Buffers: shared hit=4',), ('Planning Time: 0.057 ms',), ('Execution Time: 0.047 ms',)]"
553,BTREE,0.0003036022186279297,"[('Index Scan using idx_email_btree on user_app  (cost=0.25..8.27 rows=1 width=2088) (actual time=0.010..0.014 rows=1 loops=1)',), (""  Index Cond: ((email)::text = 'elumntvzsn@example.com'::text)"",), ('  Buffers: shared hit=3',), ('Planning Time: 0.040 ms',), ('Execution Time: 0.030 ms',)]"
553,HASH,0.0003799915313720703,"[('Index Scan using idx_email_hash on user_app  (cost=0.00..8.02 rows=1 width=2088) (actual time=0.007..0.011 rows=1 loops=1)',), (""  Index Cond: ((email)::text = 'ldqsdzhdqf@example.com'::text)"",), ('  Buffers: shared hit=2',), ('Planning Time: 0.038 ms',), ('Execution Time: 0.027 ms',)]"
554,No Index,0.00029754638671875,"[('Index Scan using uniq_user_app_email on user_app  (cost=0.38..8.39 rows=1 width=2088) (actual time=0.008..0.012 rows=1 loops=1)',), (""  Index Cond: ((email)::text = 'heevhwuglz@example.com'::text)"",), ('  Buffers: shared hit=4',), ('Planning Time: 0.024 ms',), ('Execution Time: 0.041 ms',)]"
554,BTREE,0.0002903461456298828,"[('Index Scan using idx_email_btree on user_app  (cost=0.25..8.27 rows=1 width=2088) (actual time=0.007..0.009 rows=1 loops=1)',), (""  Index Cond: ((email)::text = 'ixgjcfwrtz@example.com'::text)"",), ('  Buffers: shared hit=3',), ('Planning Time: 0.023 ms',), ('Execution Time: 0.021 ms',)]"
554,HASH,0.00020635128021240234,"[('Index Scan using idx_email_hash on user_app  (cost=0.00..8.02 rows=1 width=2088) (actual time=0.003..0.006 rows=1 loops=1)',), (""  Index Cond: ((email)::text = 'zrlniaknab@example.com'::text)"",), ('  Buffers: shared hit=2',), ('Planning Time: 0.019 ms',), ('Execution Time: 0.017 ms',)]"
555,No Index,0.0004045009613037109,"[('Index Scan using uniq_user_app_email on user_app  (cost=0.38..8.39 rows=1 width=2088) (actual time=0.009..0.012 rows=1 loops=1)',), (""  Index Cond: ((email)::text = 'bwgdbhpfsv@example.com'::text)"",), ('  Buffers: shared hit=4',), ('Planning Time: 0.023 ms',), ('Execution Time: 0.023 ms',)]"
555,BTREE,0.00019457340240478516,"[('Index Scan using idx_email_btree on user_app  (cost=0.25..8.27 rows=1 width=2088) (actual time=0.005..0.008 rows=1 loops=1)',), (""  Index Cond: ((email)::text = 'wgyzgrnqlq@example.com'::text)"",), ('  Buffers: shared hit=3',), ('Planning Time: 0.022 ms',), ('Execution Time: 0.018 ms',)]"
555,HASH,0.00019502639770507812,"[('Index Scan using idx_email_hash on user_app  (cost=0.00..8.02 rows=1 width=2088) (actual time=0.004..0.007 rows=1 loops=1)',), (""  Index Cond: ((email)::text = 'npoyzrkbwy@example.com'::text)"",), ('  Buffers: shared hit=2',), ('Planning Time: 0.019 ms',), ('Execution Time: 0.017 ms',)]"
556,No Index,0.00043950080871582033,"[('Index Scan using uniq_user_app_email on user_app  (cost=0.38..8.39 rows=1 width=2088) (actual time=0.014..0.019 rows=1 loops=1)',), (""  Index Cond: ((email)::text = 'ameeggrrsj@example.com'::text)"",), ('  Buffers: shared hit=4',), ('Planning Time: 0.038 ms',), ('Execution Time: 0.058 ms',)]"
556,BTREE,0.0005736589431762695,"[('Index Scan using idx_email_btree on user_app  (cost=0.25..8.27 rows=1 width=2088) (actual time=0.018..0.024 rows=1 loops=1)',), (""  Index Cond: ((email)::text = 'pjbrozbzio@example.com'::text)"",), ('  Buffers: shared hit=3',), ('Planning Time: 0.069 ms',), ('Execution Time: 0.044 ms',)]"
556,HASH,0.0001949787139892578,"[('Index Scan using idx_email_hash on user_app  (cost=0.00..8.02 rows=1 width=2088) (actual time=0.004..0.007 rows=1 loops=1)',), (""  Index Cond: ((email)::text = 'apkndzorod@example.com'::text)"",), ('  Buffers: shared hit=2',), ('Planning Time: 0.019 ms',), ('Execution Time: 0.017 ms',)]"
557,No Index,0.00027093887329101565,"[('Index Scan using uniq_user_app_email on user_app  (cost=0.38..8.39 rows=1 width=2088) (actual time=0.007..0.010 rows=1 loops=1)',), (""  Index Cond: ((email)::text = 'dluhwfxugm@example.com'::text)"",), ('  Buffers: shared hit=4',), ('Planning Time: 0.021 ms',), ('Execution Time: 0.022 ms',)]"
557,BTREE,0.0005545377731323242,"[('Index Scan using idx_email_btree on user_app  (cost=0.25..8.27 rows=1 width=2088) (actual time=0.013..0.018 rows=1 loops=1)',), (""  Index Cond: ((email)::text = 'gidiwikwlu@example.com'::text)"",), ('  Buffers: shared hit=3',), ('Planning Time: 0.051 ms',), ('Execution Time: 0.037 ms',)]"
557,HASH,0.00028147697448730467,"[('Index Scan using idx_email_hash on user_app  (cost=0.00..8.02 rows=1 width=2088) (actual time=0.005..0.008 rows=1 loops=1)',), (""  Index Cond: ((email)::text = 'gvzclajidf@example.com'::text)"",), ('  Buffers: shared hit=2',), ('Planning Time: 0.024 ms',), ('Execution Time: 0.020 ms',)]"
558,No Index,0.0005053997039794922,"[('Index Scan using uniq_user_app_email on user_app  (cost=0.38..8.39 rows=1 width=2088) (actual time=0.021..0.026 rows=1 loops=1)',), (""  Index Cond: ((email)::text = 'wxovtpjmdj@example.com'::text)"",), ('  Buffers: shared hit=4',), ('Planning Time: 0.082 ms',), ('Execution Time: 0.049 ms',)]"
558,BTREE,0.0002790689468383789,"[('Index Scan using idx_email_btree on user_app  (cost=0.25..8.27 rows=1 width=2088) (actual time=0.005..0.008 rows=1 loops=1)',), (""  Index Cond: ((email)::text = 'vtocuujzaq@example.com'::text)"",), ('  Buffers: shared hit=3',), ('Planning Time: 0.020 ms',), ('Execution Time: 0.018 ms',)]"
558,HASH,0.0002179384231567383,"[('Index Scan using idx_email_hash on user_app  (cost=0.00..8.02 rows=1 width=2088) (actual time=0.004..0.006 rows=1 loops=1)',), (""  Index Cond: ((email)::text = 'diywagiziy@example.com'::text)"",), ('  Buffers: shared hit=2',), ('Planning Time: 0.020 ms',), ('Execution Time: 0.017 ms',)]"
559,No Index,0.00026404857635498047,"[('Index Scan using uniq_user_app_email on user_app  (cost=0.38..8.39 rows=1 width=2088) (actual time=0.007..0.010 rows=1 loops=1)',), (""  Index Cond: ((email)::text = 'ryxfrzmqzq@example.com'::text)"",), ('  Buffers: shared hit=4',), ('Planning Time: 0.017 ms',), ('Execution Time: 0.020 ms',)]"
559,BTREE,0.0002621650695800781,"[('Index Scan using idx_email_btree on user_app  (cost=0.25..8.27 rows=1 width=2088) (actual time=0.007..0.009 rows=1 loops=1)',), (""  Index Cond: ((email)::text = 'lletkmcgyy@example.com'::text)"",), ('  Buffers: shared hit=3',), ('Planning Time: 0.022 ms',), ('Execution Time: 0.019 ms',)]"
559,HASH,0.00026195049285888673,"[('Index Scan using idx_email_hash on user_app  (cost=0.00..8.02 rows=1 width=2088) (actual time=0.004..0.007 rows=1 loops=1)',), (""  Index Cond: ((email)::text = 'lwyfiznqfr@example.com'::text)"",), ('  Buffers: shared hit=2',), ('Planning Time: 0.021 ms',), ('Execution Time: 0.018 ms',)]"
560,No Index,0.00028030872344970704,"[('Index Scan using uniq_user_app_email on user_app  (cost=0.38..8.39 rows=1 width=2088) (actual time=0.008..0.011 rows=1 loops=1)',), (""  Index Cond: ((email)::text = 'cmolqqckgm@example.com'::text)"",), ('  Buffers: shared hit=4',), ('Planning Time: 0.021 ms',), ('Execution Time: 0.022 ms',)]"
560,BTREE,0.0002626180648803711,"[('Index Scan using idx_email_btree on user_app  (cost=0.25..8.27 rows=1 width=2088) (actual time=0.007..0.009 rows=1 loops=1)',), (""  Index Cond: ((email)::text = 'ylepqlbegi@example.com'::text)"",), ('  Buffers: shared hit=3',), ('Planning Time: 0.023 ms',), ('Execution Time: 0.020 ms',)]"
560,HASH,0.0003187894821166992,"[('Index Scan using idx_email_hash on user_app  (cost=0.00..8.02 rows=1 width=2088) (actual time=0.005..0.008 rows=1 loops=1)',), (""  Index Cond: ((email)::text = 'kslgswwvqa@example.com'::text)"",), ('  Buffers: shared hit=2',), ('Planning Time: 0.023 ms',), ('Execution Time: 0.019 ms',)]"
561,No Index,0.0002655506134033203,"[('Index Scan using uniq_user_app_email on user_app  (cost=0.38..8.39 rows=1 width=2088) (actual time=0.009..0.012 rows=1 loops=1)',), (""  Index Cond: ((email)::text = 'scjkooxvxt@example.com'::text)"",), ('  Buffers: shared hit=4',), ('Planning Time: 0.020 ms',), ('Execution Time: 0.023 ms',)]"
561,BTREE,0.0002830028533935547,"[('Index Scan using idx_email_btree on user_app  (cost=0.25..8.27 rows=1 width=2088) (actual time=0.007..0.009 rows=1 loops=1)',), (""  Index Cond: ((email)::text = 'lfoaulonvx@example.com'::text)"",), ('  Buffers: shared hit=3',), ('Planning Time: 0.023 ms',), ('Execution Time: 0.020 ms',)]"
561,HASH,0.00024890899658203125,"[('Index Scan using idx_email_hash on user_app  (cost=0.00..8.02 rows=1 width=2088) (actual time=0.004..0.007 rows=1 loops=1)',), (""  Index Cond: ((email)::text = 'ldfksnholb@example.com'::text)"",), ('  Buffers: shared hit=2',), ('Planning Time: 0.020 ms',), ('Execution Time: 0.017 ms',)]"
562,No Index,0.00027165412902832033,"[('Index Scan using uniq_user_app_email on user_app  (cost=0.38..8.39 rows=1 width=2088) (actual time=0.008..0.011 rows=1 loops=1)',), (""  Index Cond: ((email)::text = 'occhcmlgkm@example.com'::text)"",), ('  Buffers: shared hit=4',), ('Planning Time: 0.021 ms',), ('Execution Time: 0.022 ms',)]"
562,BTREE,0.00028107166290283205,"[('Index Scan using idx_email_btree on user_app  (cost=0.25..8.27 rows=1 width=2088) (actual time=0.007..0.010 rows=1 loops=1)',), (""  Index Cond: ((email)::text = 'idflhwztpd@example.com'::text)"",), ('  Buffers: shared hit=3',), ('Planning Time: 0.023 ms',), ('Execution Time: 0.021 ms',)]"
562,HASH,0.0002844572067260742,"[('Index Scan using idx_email_hash on user_app  (cost=0.00..8.02 rows=1 width=2088) (actual time=0.005..0.007 rows=1 loops=1)',), (""  Index Cond: ((email)::text = 'auonfavhth@example.com'::text)"",), ('  Buffers: shared hit=2',), ('Planning Time: 0.023 ms',), ('Execution Time: 0.018 ms',)]"
563,No Index,0.00025534629821777344,"[('Index Scan using uniq_user_app_email on user_app  (cost=0.38..8.39 rows=1 width=2088) (actual time=0.007..0.010 rows=1 loops=1)',), (""  Index Cond: ((email)::text = 'eiogelfvdt@example.com'::text)"",), ('  Buffers: shared hit=4',), ('Planning Time: 0.017 ms',), ('Execution Time: 0.020 ms',)]"
563,BTREE,0.0006234645843505859,"[('Index Scan using idx_email_btree on user_app  (cost=0.25..8.27 rows=1 width=2088) (actual time=0.016..0.021 rows=1 loops=1)',), (""  Index Cond: ((email)::text = 'gcwmxacaco@example.com'::text)"",), ('  Buffers: shared hit=3',), ('Planning Time: 0.062 ms',), ('Execution Time: 0.043 ms',)]"
563,HASH,0.000251007080078125,"[('Index Scan using idx_email_hash on user_app  (cost=0.00..8.02 rows=1 width=2088) (actual time=0.004..0.007 rows=1 loops=1)',), (""  Index Cond: ((email)::text = 'rbfaqrokxx@example.com'::text)"",), ('  Buffers: shared hit=2',), ('Planning Time: 0.019 ms',), ('Execution Time: 0.017 ms',)]"
564,No Index,0.00029201507568359374,"[('Index Scan using uniq_user_app_email on user_app  (cost=0.38..8.39 rows=1 width=2088) (actual time=0.007..0.010 rows=1 loops=1)',), (""  Index Cond: ((email)::text = 'vzrxfpvkeg@example.com'::text)"",), ('  Buffers: shared hit=4',), ('Planning Time: 0.017 ms',), ('Execution Time: 0.020 ms',)]"
564,BTREE,0.0002701282501220703,"[('Index Scan using idx_email_btree on user_app  (cost=0.25..8.27 rows=1 width=2088) (actual time=0.007..0.009 rows=1 loops=1)',), (""  Index Cond: ((email)::text = 'azljhpnlbd@example.com'::text)"",), ('  Buffers: shared hit=3',), ('Planning Time: 0.023 ms',), ('Execution Time: 0.021 ms',)]"
564,HASH,0.0002554416656494141,"[('Index Scan using idx_email_hash on user_app  (cost=0.00..8.02 rows=1 width=2088) (actual time=0.004..0.007 rows=1 loops=1)',), (""  Index Cond: ((email)::text = 'novqprqigm@example.com'::text)"",), ('  Buffers: shared hit=2',), ('Planning Time: 0.022 ms',), ('Execution Time: 0.018 ms',)]"
565,No Index,0.0002643585205078125,"[('Index Scan using uniq_user_app_email on user_app  (cost=0.38..8.39 rows=1 width=2088) (actual time=0.007..0.009 rows=1 loops=1)',), (""  Index Cond: ((email)::text = 'vbqmvpnyga@example.com'::text)"",), ('  Buffers: shared hit=4',), ('Planning Time: 0.030 ms',), ('Execution Time: 0.022 ms',)]"
565,BTREE,0.00055084228515625,"[('Index Scan using idx_email_btree on user_app  (cost=0.25..8.27 rows=1 width=2088) (actual time=0.013..0.017 rows=1 loops=1)',), (""  Index Cond: ((email)::text = 'hncdapdydc@example.com'::text)"",), ('  Buffers: shared hit=3',), ('Planning Time: 0.052 ms',), ('Execution Time: 0.038 ms',)]"
565,HASH,0.0002624988555908203,"[('Index Scan using idx_email_hash on user_app  (cost=0.00..8.02 rows=1 width=2088) (actual time=0.004..0.008 rows=1 loops=1)',), (""  Index Cond: ((email)::text = 'bqqbagrzre@example.com'::text)"",), ('  Buffers: shared hit=2',), ('Planning Time: 0.021 ms',), ('Execution Time: 0.018 ms',)]"
566,No Index,0.00019841194152832032,"[('Index Scan using uniq_user_app_email on user_app  (cost=0.38..8.39 rows=1 width=2088) (actual time=0.007..0.010 rows=1 loops=1)',), (""  Index Cond: ((email)::text = 'bpfzmidlps@example.com'::text)"",), ('  Buffers: shared hit=4',), ('Planning Time: 0.019 ms',), ('Execution Time: 0.020 ms',)]"
566,BTREE,0.00025875568389892577,"[('Index Scan using idx_email_btree on user_app  (cost=0.25..8.27 rows=1 width=2088) (actual time=0.006..0.009 rows=1 loops=1)',), (""  Index Cond: ((email)::text = 'awzjfjgwjm@example.com'::text)"",), ('  Buffers: shared hit=3',), ('Planning Time: 0.022 ms',), ('Execution Time: 0.020 ms',)]"
566,HASH,0.00026180744171142576,"[('Index Scan using idx_email_hash on user_app  (cost=0.00..8.02 rows=1 width=2088) (actual time=0.004..0.007 rows=1 loops=1)',), (""  Index Cond: ((email)::text = 'xunbhofknk@example.com'::text)"",), ('  Buffers: shared hit=2',), ('Planning Time: 0.019 ms',), ('Execution Time: 0.017 ms',)]"
567,No Index,0.0006199836730957031,"[('Index Scan using uniq_user_app_email on user_app  (cost=0.38..8.39 rows=1 width=2088) (actual time=0.021..0.025 rows=1 loops=1)',), (""  Index Cond: ((email)::text = 'jxebvupvnd@example.com'::text)"",), ('  Buffers: shared hit=4',), ('Planning Time: 0.057 ms',), ('Execution Time: 0.048 ms',)]"
567,BTREE,0.000558018684387207,"[('Index Scan using idx_email_btree on user_app  (cost=0.25..8.27 rows=1 width=2088) (actual time=0.016..0.020 rows=1 loops=1)',), (""  Index Cond: ((email)::text = 'iozhmvcdqr@example.com'::text)"",), ('  Buffers: shared hit=3',), ('Planning Time: 0.063 ms',), ('Execution Time: 0.043 ms',)]"
567,HASH,0.0002960205078125,"[('Index Scan using idx_email_hash on user_app  (cost=0.00..8.02 rows=1 width=2088) (actual time=0.004..0.007 rows=1 loops=1)',), (""  Index Cond: ((email)::text = 'ouyhbamjhl@example.com'::text)"",), ('  Buffers: shared hit=2',), ('Planning Time: 0.019 ms',), ('Execution Time: 0.017 ms',)]"
568,No Index,0.0002743959426879883,"[('Index Scan using uniq_user_app_email on user_app  (cost=0.38..8.39 rows=1 width=2088) (actual time=0.014..0.018 rows=1 loops=1)',), (""  Index Cond: ((email)::text = 'iacapcwihj@example.com'::text)"",), ('  Buffers: shared hit=4',), ('Planning Time: 0.032 ms',), ('Execution Time: 0.033 ms',)]"
568,BTREE,0.0002621889114379883,"[('Index Scan using idx_email_btree on user_app  (cost=0.25..8.27 rows=1 width=2088) (actual time=0.006..0.010 rows=1 loops=1)',), (""  Index Cond: ((email)::text = 'qerzuqesxp@example.com'::text)"",), ('  Buffers: shared hit=3',), ('Planning Time: 0.024 ms',), ('Execution Time: 0.024 ms',)]"
568,HASH,0.00028204917907714844,"[('Index Scan using idx_email_hash on user_app  (cost=0.00..8.02 rows=1 width=2088) (actual time=0.004..0.006 rows=1 loops=1)',), (""  Index Cond: ((email)::text = 'mqxropiajb@example.com'::text)"",), ('  Buffers: shared hit=2',), ('Planning Time: 0.019 ms',), ('Execution Time: 0.017 ms',)]"
569,No Index,0.0002890110015869141,"[('Index Scan using uniq_user_app_email on user_app  (cost=0.38..8.39 rows=1 width=2088) (actual time=0.007..0.009 rows=1 loops=1)',), (""  Index Cond: ((email)::text = 'eicybtnnhu@example.com'::text)"",), ('  Buffers: shared hit=4',), ('Planning Time: 0.018 ms',), ('Execution Time: 0.020 ms',)]"
569,BTREE,0.00019745826721191407,"[('Index Scan using idx_email_btree on user_app  (cost=0.25..8.27 rows=1 width=2088) (actual time=0.005..0.008 rows=1 loops=1)',), (""  Index Cond: ((email)::text = 'gsohgbmopb@example.com'::text)"",), ('  Buffers: shared hit=3',), ('Planning Time: 0.019 ms',), ('Execution Time: 0.019 ms',)]"
569,HASH,0.00025310516357421873,"[('Index Scan using idx_email_hash on user_app  (cost=0.00..8.02 rows=1 width=2088) (actual time=0.004..0.006 rows=1 loops=1)',), (""  Index Cond: ((email)::text = 'pqfzxmcogb@example.com'::text)"",), ('  Buffers: shared hit=2',), ('Planning Time: 0.018 ms',), ('Execution Time: 0.017 ms',)]"
570,No Index,0.0005998849868774414,"[('Index Scan using uniq_user_app_email on user_app  (cost=0.38..8.39 rows=1 width=2088) (actual time=0.018..0.022 rows=1 loops=1)',), (""  Index Cond: ((email)::text = 'jevwislehq@example.com'::text)"",), ('  Buffers: shared hit=4',), ('Planning Time: 0.047 ms',), ('Execution Time: 0.043 ms',)]"
570,BTREE,0.00029881000518798827,"[('Index Scan using idx_email_btree on user_app  (cost=0.25..8.27 rows=1 width=2088) (actual time=0.006..0.009 rows=1 loops=1)',), (""  Index Cond: ((email)::text = 'uxljwwzpme@example.com'::text)"",), ('  Buffers: shared hit=3',), ('Planning Time: 0.022 ms',), ('Execution Time: 0.020 ms',)]"
570,HASH,0.0003305673599243164,"[('Index Scan using idx_email_hash on user_app  (cost=0.00..8.02 rows=1 width=2088) (actual time=0.005..0.008 rows=1 loops=1)',), (""  Index Cond: ((email)::text = 'vvqfjfiyja@example.com'::text)"",), ('  Buffers: shared hit=2',), ('Planning Time: 0.023 ms',), ('Execution Time: 0.019 ms',)]"
571,No Index,0.0003052949905395508,"[('Index Scan using uniq_user_app_email on user_app  (cost=0.38..8.39 rows=1 width=2088) (actual time=0.007..0.010 rows=1 loops=1)',), (""  Index Cond: ((email)::text = 'mcenraooqr@example.com'::text)"",), ('  Buffers: shared hit=4',), ('Planning Time: 0.017 ms',), ('Execution Time: 0.021 ms',)]"
571,BTREE,0.00026562213897705076,"[('Index Scan using idx_email_btree on user_app  (cost=0.25..8.27 rows=1 width=2088) (actual time=0.006..0.009 rows=1 loops=1)',), (""  Index Cond: ((email)::text = 'bzctiwfuce@example.com'::text)"",), ('  Buffers: shared hit=3',), ('Planning Time: 0.024 ms',), ('Execution Time: 0.021 ms',)]"
571,HASH,0.0006690502166748046,"[('Index Scan using idx_email_hash on user_app  (cost=0.00..8.02 rows=1 width=2088) (actual time=0.010..0.015 rows=1 loops=1)',), (""  Index Cond: ((email)::text = 'huhsmeskeb@example.com'::text)"",), ('  Buffers: shared hit=2',), ('Planning Time: 0.057 ms',), ('Execution Time: 0.036 ms',)]"
572,No Index,0.0004737615585327148,"[('Index Scan using uniq_user_app_email on user_app  (cost=0.38..8.39 rows=1 width=2088) (actual time=0.018..0.022 rows=1 loops=1)',), (""  Index Cond: ((email)::text = 'dnoearrdbf@example.com'::text)"",), ('  Buffers: shared hit=4',), ('Planning Time: 0.046 ms',), ('Execution Time: 0.042 ms',)]"
572,BTREE,0.00047690868377685546,"[('Index Scan using idx_email_btree on user_app  (cost=0.25..8.27 rows=1 width=2088) (actual time=0.014..0.019 rows=1 loops=1)',), (""  Index Cond: ((email)::text = 'siyvsgntor@example.com'::text)"",), ('  Buffers: shared hit=3',), ('Planning Time: 0.061 ms',), ('Execution Time: 0.039 ms',)]"
572,HASH,0.00032489299774169923,"[('Index Scan using idx_email_hash on user_app  (cost=0.00..8.02 rows=1 width=2088) (actual time=0.005..0.008 rows=1 loops=1)',), (""  Index Cond: ((email)::text = 'nyagyxplat@example.com'::text)"",), ('  Buffers: shared hit=2',), ('Planning Time: 0.022 ms',), ('Execution Time: 0.019 ms',)]"
573,No Index,0.0006675243377685547,"[('Index Scan using uniq_user_app_email on user_app  (cost=0.38..8.39 rows=1 width=2088) (actual time=0.019..0.024 rows=1 loops=1)',), (""  Index Cond: ((email)::text = 'onwtfkjhda@example.com'::text)"",), ('  Buffers: shared hit=4',), ('Planning Time: 0.052 ms',), ('Execution Time: 0.046 ms',)]"
573,BTREE,0.0002237558364868164,"[('Index Scan using idx_email_btree on user_app  (cost=0.25..8.27 rows=1 width=2088) (actual time=0.007..0.010 rows=1 loops=1)',), (""  Index Cond: ((email)::text = 'mzssfbcwkq@example.com'::text)"",), ('  Buffers: shared hit=3',), ('Planning Time: 0.028 ms',), ('Execution Time: 0.021 ms',)]"
573,HASH,0.0006780862808227539,"[('Index Scan using idx_email_hash on user_app  (cost=0.00..8.02 rows=1 width=2088) (actual time=0.010..0.015 rows=1 loops=1)',), (""  Index Cond: ((email)::text = 'kygndhkxus@example.com'::text)"",), ('  Buffers: shared hit=2',), ('Planning Time: 0.057 ms',), ('Execution Time: 0.036 ms',)]"
574,No Index,0.0002800464630126953,"[('Index Scan using uniq_user_app_email on user_app  (cost=0.38..8.39 rows=1 width=2088) (actual time=0.007..0.009 rows=1 loops=1)',), (""  Index Cond: ((email)::text = 'rgxbuiipsw@example.com'::text)"",), ('  Buffers: shared hit=4',), ('Planning Time: 0.018 ms',), ('Execution Time: 0.020 ms',)]"
574,BTREE,0.0005169391632080078,"[('Index Scan using idx_email_btree on user_app  (cost=0.25..8.27 rows=1 width=2088) (actual time=0.014..0.019 rows=1 loops=1)',), (""  Index Cond: ((email)::text = 'muwmmkjkyt@example.com'::text)"",), ('  Buffers: shared hit=3',), ('Planning Time: 0.058 ms',), ('Execution Time: 0.040 ms',)]"
574,HASH,0.0002843379974365234,"[('Index Scan using idx_email_hash on user_app  (cost=0.00..8.02 rows=1 width=2088) (actual time=0.005..0.007 rows=1 loops=1)',), (""  Index Cond: ((email)::text = 'quyhtgrosd@example.com'::text)"",), ('  Buffers: shared hit=2',), ('Planning Time: 0.023 ms',), ('Execution Time: 0.033 ms',)]"
575,No Index,0.0003135204315185547,"[('Index Scan using uniq_user_app_email on user_app  (cost=0.38..8.39 rows=1 width=2088) (actual time=0.008..0.010 rows=1 loops=1)',), (""  Index Cond: ((email)::text = 'cdpeqrgkbo@example.com'::text)"",), ('  Buffers: shared hit=4',), ('Planning Time: 0.021 ms',), ('Execution Time: 0.022 ms',)]"
575,BTREE,0.0006214380264282227,"[('Index Scan using idx_email_btree on user_app  (cost=0.25..8.27 rows=1 width=2088) (actual time=0.016..0.021 rows=1 loops=1)',), (""  Index Cond: ((email)::text = 'qqtytxwuct@example.com'::text)"",), ('  Buffers: shared hit=3',), ('Planning Time: 0.062 ms',), ('Execution Time: 0.043 ms',)]"
575,HASH,0.00025551319122314454,"[('Index Scan using idx_email_hash on user_app  (cost=0.00..8.02 rows=1 width=2088) (actual time=0.003..0.006 rows=1 loops=1)',), (""  Index Cond: ((email)::text = 'icimlbsnrk@example.com'::text)"",), ('  Buffers: shared hit=2',), ('Planning Time: 0.019 ms',), ('Execution Time: 0.016 ms',)]"
576,No Index,0.0002778768539428711,"[('Index Scan using uniq_user_app_email on user_app  (cost=0.38..8.39 rows=1 width=2088) (actual time=0.008..0.011 rows=1 loops=1)',), (""  Index Cond: ((email)::text = 'fakbgffarj@example.com'::text)"",), ('  Buffers: shared hit=4',), ('Planning Time: 0.021 ms',), ('Execution Time: 0.022 ms',)]"
576,BTREE,0.0006683826446533203,"[('Index Scan using idx_email_btree on user_app  (cost=0.25..8.27 rows=1 width=2088) (actual time=0.014..0.019 rows=1 loops=1)',), (""  Index Cond: ((email)::text = 'pkvsvbxzwj@example.com'::text)"",), ('  Buffers: shared hit=3',), ('Planning Time: 0.058 ms',), ('Execution Time: 0.040 ms',)]"
576,HASH,0.0002868175506591797,"[('Index Scan using idx_email_hash on user_app  (cost=0.00..8.02 rows=1 width=2088) (actual time=0.005..0.009 rows=1 loops=1)',), (""  Index Cond: ((email)::text = 'wmtytwhdss@example.com'::text)"",), ('  Buffers: shared hit=2',), ('Planning Time: 0.023 ms',), ('Execution Time: 0.019 ms',)]"
577,No Index,0.0005512237548828125,"[('Index Scan using uniq_user_app_email on user_app  (cost=0.38..8.39 rows=1 width=2088) (actual time=0.020..0.025 rows=1 loops=1)',), (""  Index Cond: ((email)::text = 'vwexpwkjdn@example.com'::text)"",), ('  Buffers: shared hit=4',), ('Planning Time: 0.057 ms',), ('Execution Time: 0.048 ms',)]"
577,BTREE,0.0003048896789550781,"[('Index Scan using idx_email_btree on user_app  (cost=0.25..8.27 rows=1 width=2088) (actual time=0.006..0.009 rows=1 loops=1)',), (""  Index Cond: ((email)::text = 'sifhauzlcz@example.com'::text)"",), ('  Buffers: shared hit=3',), ('Planning Time: 0.021 ms',), ('Execution Time: 0.020 ms',)]"
577,HASH,0.00046405792236328127,"[('Index Scan using idx_email_hash on user_app  (cost=0.00..8.02 rows=1 width=2088) (actual time=0.008..0.012 rows=1 loops=1)',), (""  Index Cond: ((email)::text = 'fsirulfmxm@example.com'::text)"",), ('  Buffers: shared hit=2',), ('Planning Time: 0.050 ms',), ('Execution Time: 0.033 ms',)]"
578,No Index,0.0002647876739501953,"[('Index Scan using uniq_user_app_email on user_app  (cost=0.38..8.39 rows=1 width=2088) (actual time=0.007..0.010 rows=1 loops=1)',), (""  Index Cond: ((email)::text = 'xodnsfluei@example.com'::text)"",), ('  Buffers: shared hit=4',), ('Planning Time: 0.020 ms',), ('Execution Time: 0.021 ms',)]"
578,BTREE,0.00019800662994384766,"[('Index Scan using idx_email_btree on user_app  (cost=0.25..8.27 rows=1 width=2088) (actual time=0.006..0.008 rows=1 loops=1)',), (""  Index Cond: ((email)::text = 'ogogcnzolh@example.com'::text)"",), ('  Buffers: shared hit=3',), ('Planning Time: 0.020 ms',), ('Execution Time: 0.018 ms',)]"
578,HASH,0.00020127296447753907,"[('Index Scan using idx_email_hash on user_app  (cost=0.00..8.02 rows=1 width=2088) (actual time=0.004..0.007 rows=1 loops=1)',), (""  Index Cond: ((email)::text = 'plibacrucw@example.com'::text)"",), ('  Buffers: shared hit=2',), ('Planning Time: 0.019 ms',), ('Execution Time: 0.017 ms',)]"
579,No Index,0.0002603054046630859,"[('Index Scan using uniq_user_app_email on user_app  (cost=0.38..8.39 rows=1 width=2088) (actual time=0.007..0.010 rows=1 loops=1)',), (""  Index Cond: ((email)::text = 'olperzgprz@example.com'::text)"",), ('  Buffers: shared hit=4',), ('Planning Time: 0.017 ms',), ('Execution Time: 0.020 ms',)]"
579,BTREE,0.0002822399139404297,"[('Index Scan using idx_email_btree on user_app  (cost=0.25..8.27 rows=1 width=2088) (actual time=0.007..0.010 rows=1 loops=1)',), (""  Index Cond: ((email)::text = 'eijyrotkar@example.com'::text)"",), ('  Buffers: shared hit=3',), ('Planning Time: 0.023 ms',), ('Execution Time: 0.021 ms',)]"
579,HASH,0.0006348609924316407,"[('Index Scan using idx_email_hash on user_app  (cost=0.00..8.02 rows=1 width=2088) (actual time=0.012..0.017 rows=1 loops=1)',), (""  Index Cond: ((email)::text = 'bwyhitbwvc@example.com'::text)"",), ('  Buffers: shared hit=2',), ('Planning Time: 0.062 ms',), ('Execution Time: 0.038 ms',)]"
580,No Index,0.00025522708892822266,"[('Index Scan using uniq_user_app_email on user_app  (cost=0.38..8.39 rows=1 width=2088) (actual time=0.007..0.009 rows=1 loops=1)',), (""  Index Cond: ((email)::text = 'gvupiezlfl@example.com'::text)"",), ('  Buffers: shared hit=4',), ('Planning Time: 0.017 ms',), ('Execution Time: 0.020 ms',)]"
580,BTREE,0.00028188228607177733,"[('Index Scan using idx_email_btree on user_app  (cost=0.25..8.27 rows=1 width=2088) (actual time=0.007..0.009 rows=1 loops=1)',), (""  Index Cond: ((email)::text = 'vydkcxrois@example.com'::text)"",), ('  Buffers: shared hit=3',), ('Planning Time: 0.023 ms',), ('Execution Time: 0.021 ms',)]"
580,HASH,0.00038776397705078127,"[('Index Scan using idx_email_hash on user_app  (cost=0.00..8.02 rows=1 width=2088) (actual time=0.004..0.007 rows=1 loops=1)',), (""  Index Cond: ((email)::text = 'wgpecuiswa@example.com'::text)"",), ('  Buffers: shared hit=2',), ('Planning Time: 0.019 ms',), ('Execution Time: 0.017 ms',)]"
581,No Index,0.0005579710006713868,"[('Index Scan using uniq_user_app_email on user_app  (cost=0.38..8.39 rows=1 width=2088) (actual time=0.017..0.021 rows=1 loops=1)',), (""  Index Cond: ((email)::text = 'ehtxyhkulu@example.com'::text)"",), ('  Buffers: shared hit=4',), ('Planning Time: 0.047 ms',), ('Execution Time: 0.041 ms',)]"
581,BTREE,0.0005648136138916016,"[('Index Scan using idx_email_btree on user_app  (cost=0.25..8.27 rows=1 width=2088) (actual time=0.016..0.021 rows=1 loops=1)',), (""  Index Cond: ((email)::text = 'qsqljahgbv@example.com'::text)"",), ('  Buffers: shared hit=3',), ('Planning Time: 0.062 ms',), ('Execution Time: 0.044 ms',)]"
581,HASH,0.00053253173828125,"[('Index Scan using idx_email_hash on user_app  (cost=0.00..8.02 rows=1 width=2088) (actual time=0.009..0.014 rows=1 loops=1)',), (""  Index Cond: ((email)::text = 'hasrzsxdbc@example.com'::text)"",), ('  Buffers: shared hit=2',), ('Planning Time: 0.051 ms',), ('Execution Time: 0.034 ms',)]"
582,No Index,0.00030395984649658205,"[('Index Scan using uniq_user_app_email on user_app  (cost=0.38..8.39 rows=1 width=2088) (actual time=0.008..0.011 rows=1 loops=1)',), (""  Index Cond: ((email)::text = 'dgqjwnyees@example.com'::text)"",), ('  Buffers: shared hit=4',), ('Planning Time: 0.025 ms',), ('Execution Time: 0.021 ms',)]"
582,BTREE,0.000267791748046875,"[('Index Scan using idx_email_btree on user_app  (cost=0.25..8.27 rows=1 width=2088) (actual time=0.006..0.008 rows=1 loops=1)',), (""  Index Cond: ((email)::text = 'wdvvjlthvi@example.com'::text)"",), ('  Buffers: shared hit=3',), ('Planning Time: 0.021 ms',), ('Execution Time: 0.019 ms',)]"
582,HASH,0.0006135225296020508,"[('Index Scan using idx_email_hash on user_app  (cost=0.00..8.02 rows=1 width=2088) (actual time=0.016..0.021 rows=1 loops=1)',), (""  Index Cond: ((email)::text = 'zjjrbdgiip@example.com'::text)"",), ('  Buffers: shared hit=2',), ('Planning Time: 0.085 ms',), ('Execution Time: 0.048 ms',)]"
583,No Index,0.0002639532089233398,"[('Index Scan using uniq_user_app_email on user_app  (cost=0.38..8.39 rows=1 width=2088) (actual time=0.007..0.010 rows=1 loops=1)',), (""  Index Cond: ((email)::text = 'vyoqnbznhv@example.com'::text)"",), ('  Buffers: shared hit=4',), ('Planning Time: 0.020 ms',), ('Execution Time: 0.022 ms',)]"
583,BTREE,0.00027353763580322265,"[('Index Scan using idx_email_btree on user_app  (cost=0.25..8.27 rows=1 width=2088) (actual time=0.007..0.009 rows=1 loops=1)',), (""  Index Cond: ((email)::text = 'mtmugkubxk@example.com'::text)"",), ('  Buffers: shared hit=3',), ('Planning Time: 0.032 ms',), ('Execution Time: 0.021 ms',)]"
583,HASH,0.0002701282501220703,"[('Index Scan using idx_email_hash on user_app  (cost=0.00..8.02 rows=1 width=2088) (actual time=0.004..0.007 rows=1 loops=1)',), (""  Index Cond: ((email)::text = 'giygfsmech@example.com'::text)"",), ('  Buffers: shared hit=2',), ('Planning Time: 0.022 ms',), ('Execution Time: 0.018 ms',)]"
584,No Index,0.00028743743896484373,"[('Index Scan using uniq_user_app_email on user_app  (cost=0.38..8.39 rows=1 width=2088) (actual time=0.010..0.014 rows=1 loops=1)',), (""  Index Cond: ((email)::text = 'tmigryjvxn@example.com'::text)"",), ('  Buffers: shared hit=4',), ('Planning Time: 0.028 ms',), ('Execution Time: 0.026 ms',)]"
584,BTREE,0.0002667665481567383,"[('Index Scan using idx_email_btree on user_app  (cost=0.25..8.27 rows=1 width=2088) (actual time=0.006..0.009 rows=1 loops=1)',), (""  Index Cond: ((email)::text = 'zgitdxgprj@example.com'::text)"",), ('  Buffers: shared hit=3',), ('Planning Time: 0.023 ms',), ('Execution Time: 0.019 ms',)]"
584,HASH,0.000568842887878418,"[('Index Scan using idx_email_hash on user_app  (cost=0.00..8.02 rows=1 width=2088) (actual time=0.012..0.016 rows=1 loops=1)',), (""  Index Cond: ((email)::text = 'zospovrznj@example.com'::text)"",), ('  Buffers: shared hit=2',), ('Planning Time: 0.063 ms',), ('Execution Time: 0.039 ms',)]"
585,No Index,0.0004517555236816406,"[('Index Scan using uniq_user_app_email on user_app  (cost=0.38..8.39 rows=1 width=2088) (actual time=0.007..0.010 rows=1 loops=1)',), (""  Index Cond: ((email)::text = 'zynixnxqbv@example.com'::text)"",), ('  Buffers: shared hit=4',), ('Planning Time: 0.021 ms',), ('Execution Time: 0.022 ms',)]"
585,BTREE,0.0002878904342651367,"[('Index Scan using idx_email_btree on user_app  (cost=0.25..8.27 rows=1 width=2088) (actual time=0.007..0.010 rows=1 loops=1)',), (""  Index Cond: ((email)::text = 'oxknsiieqh@example.com'::text)"",), ('  Buffers: shared hit=3',), ('Planning Time: 0.023 ms',), ('Execution Time: 0.021 ms',)]"
585,HASH,0.0002524852752685547,"[('Index Scan using idx_email_hash on user_app  (cost=0.00..8.02 rows=1 width=2088) (actual time=0.004..0.007 rows=1 loops=1)',), (""  Index Cond: ((email)::text = 'jrugfimmnu@example.com'::text)"",), ('  Buffers: shared hit=2',), ('Planning Time: 0.020 ms',), ('Execution Time: 0.018 ms',)]"
586,No Index,0.0002015829086303711,"[('Index Scan using uniq_user_app_email on user_app  (cost=0.38..8.39 rows=1 width=2088) (actual time=0.006..0.009 rows=1 loops=1)',), (""  Index Cond: ((email)::text = 'zzzzkuyjsi@example.com'::text)"",), ('  Buffers: shared hit=4',), ('Planning Time: 0.018 ms',), ('Execution Time: 0.020 ms',)]"
586,BTREE,0.0004076957702636719,"[('Index Scan using idx_email_btree on user_app  (cost=0.25..8.27 rows=1 width=2088) (actual time=0.010..0.013 rows=1 loops=1)',), (""  Index Cond: ((email)::text = 'wipzarcpyv@example.com'::text)"",), ('  Buffers: shared hit=3',), ('Planning Time: 0.040 ms',), ('Execution Time: 0.030 ms',)]"
586,HASH,0.00026226043701171875,"[('Index Scan using idx_email_hash on user_app  (cost=0.00..8.02 rows=1 width=2088) (actual time=0.004..0.008 rows=1 loops=1)',), (""  Index Cond: ((email)::text = 'ciipayivjy@example.com'::text)"",), ('  Buffers: shared hit=2',), ('Planning Time: 0.022 ms',), ('Execution Time: 0.018 ms',)]"
587,No Index,0.00027027130126953123,"[('Index Scan using uniq_user_app_email on user_app  (cost=0.38..8.39 rows=1 width=2088) (actual time=0.008..0.011 rows=1 loops=1)',), (""  Index Cond: ((email)::text = 'crgnmfqjpg@example.com'::text)"",), ('  Buffers: shared hit=4',), ('Planning Time: 0.019 ms',), ('Execution Time: 0.022 ms',)]"
587,BTREE,0.00027148723602294923,"[('Index Scan using idx_email_btree on user_app  (cost=0.25..8.27 rows=1 width=2088) (actual time=0.005..0.008 rows=1 loops=1)',), (""  Index Cond: ((email)::text = 'lfwmdtiwna@example.com'::text)"",), ('  Buffers: shared hit=3',), ('Planning Time: 0.020 ms',), ('Execution Time: 0.019 ms',)]"
587,HASH,0.00026710033416748046,"[('Index Scan using idx_email_hash on user_app  (cost=0.00..8.02 rows=1 width=2088) (actual time=0.005..0.008 rows=1 loops=1)',), (""  Index Cond: ((email)::text = 'efyewkswni@example.com'::text)"",), ('  Buffers: shared hit=2',), ('Planning Time: 0.023 ms',), ('Execution Time: 0.019 ms',)]"
588,No Index,0.0002607583999633789,"[('Index Scan using uniq_user_app_email on user_app  (cost=0.38..8.39 rows=1 width=2088) (actual time=0.007..0.010 rows=1 loops=1)',), (""  Index Cond: ((email)::text = 'hhysyilwdp@example.com'::text)"",), ('  Buffers: shared hit=4',), ('Planning Time: 0.017 ms',), ('Execution Time: 0.020 ms',)]"
588,BTREE,0.00019435882568359376,"[('Index Scan using idx_email_btree on user_app  (cost=0.25..8.27 rows=1 width=2088) (actual time=0.005..0.008 rows=1 loops=1)',), (""  Index Cond: ((email)::text = 'gcscgcvtgc@example.com'::text)"",), ('  Buffers: shared hit=3',), ('Planning Time: 0.019 ms',), ('Execution Time: 0.017 ms',)]"
588,HASH,0.0002585172653198242,"[('Index Scan using idx_email_hash on user_app  (cost=0.00..8.02 rows=1 width=2088) (actual time=0.004..0.007 rows=1 loops=1)',), (""  Index Cond: ((email)::text = 'fqfmigdawi@example.com'::text)"",), ('  Buffers: shared hit=2',), ('Planning Time: 0.020 ms',), ('Execution Time: 0.018 ms',)]"
589,No Index,0.0005505800247192383,"[('Index Scan using uniq_user_app_email on user_app  (cost=0.38..8.39 rows=1 width=2088) (actual time=0.008..0.011 rows=1 loops=1)',), (""  Index Cond: ((email)::text = 'fiuftjhfuc@example.com'::text)"",), ('  Buffers: shared hit=4',), ('Planning Time: 0.020 ms',), ('Execution Time: 0.022 ms',)]"
589,BTREE,0.0002729177474975586,"[('Index Scan using idx_email_btree on user_app  (cost=0.25..8.27 rows=1 width=2088) (actual time=0.006..0.009 rows=1 loops=1)',), (""  Index Cond: ((email)::text = 'csnbwfzbaz@example.com'::text)"",), ('  Buffers: shared hit=3',), ('Planning Time: 0.019 ms',), ('Execution Time: 0.019 ms',)]"
589,HASH,0.0002628803253173828,"[('Index Scan using idx_email_hash on user_app  (cost=0.00..8.02 rows=1 width=2088) (actual time=0.004..0.007 rows=1 loops=1)',), (""  Index Cond: ((email)::text = 'hbvfvdradx@example.com'::text)"",), ('  Buffers: shared hit=2',), ('Planning Time: 0.022 ms',), ('Execution Time: 0.018 ms',)]"
590,No Index,0.0002661228179931641,"[('Index Scan using uniq_user_app_email on user_app  (cost=0.38..8.39 rows=1 width=2088) (actual time=0.008..0.011 rows=1 loops=1)',), (""  Index Cond: ((email)::text = 'yduuurxrsl@example.com'::text)"",), ('  Buffers: shared hit=4',), ('Planning Time: 0.019 ms',), ('Execution Time: 0.020 ms',)]"
590,BTREE,0.00033740997314453126,"[('Index Scan using idx_email_btree on user_app  (cost=0.25..8.27 rows=1 width=2088) (actual time=0.006..0.009 rows=1 loops=1)',), (""  Index Cond: ((email)::text = 'rlwxjzlpjm@example.com'::text)"",), ('  Buffers: shared hit=3',), ('Planning Time: 0.021 ms',), ('Execution Time: 0.020 ms',)]"
590,HASH,0.0002699851989746094,"[('Index Scan using idx_email_hash on user_app  (cost=0.00..8.02 rows=1 width=2088) (actual time=0.004..0.007 rows=1 loops=1)',), (""  Index Cond: ((email)::text = 'yidbplqcvz@example.com'::text)"",), ('  Buffers: shared hit=2',), ('Planning Time: 0.023 ms',), ('Execution Time: 0.019 ms',)]"
591,No Index,0.0002631664276123047,"[('Index Scan using uniq_user_app_email on user_app  (cost=0.38..8.39 rows=1 width=2088) (actual time=0.007..0.010 rows=1 loops=1)',), (""  Index Cond: ((email)::text = 'ycmehavmye@example.com'::text)"",), ('  Buffers: shared hit=4',), ('Planning Time: 0.019 ms',), ('Execution Time: 0.020 ms',)]"
591,BTREE,0.0002623319625854492,"[('Index Scan using idx_email_btree on user_app  (cost=0.25..8.27 rows=1 width=2088) (actual time=0.006..0.009 rows=1 loops=1)',), (""  Index Cond: ((email)::text = 'qbwwyjxden@example.com'::text)"",), ('  Buffers: shared hit=3',), ('Planning Time: 0.024 ms',), ('Execution Time: 0.020 ms',)]"
591,HASH,0.00029075145721435547,"[('Index Scan using idx_email_hash on user_app  (cost=0.00..8.02 rows=1 width=2088) (actual time=0.005..0.008 rows=1 loops=1)',), (""  Index Cond: ((email)::text = 'bhafbmqzhm@example.com'::text)"",), ('  Buffers: shared hit=2',), ('Planning Time: 0.023 ms',), ('Execution Time: 0.019 ms',)]"
592,No Index,0.00029141902923583983,"[('Index Scan using uniq_user_app_email on user_app  (cost=0.38..8.39 rows=1 width=2088) (actual time=0.008..0.011 rows=1 loops=1)',), (""  Index Cond: ((email)::text = 'pynuhinhsb@example.com'::text)"",), ('  Buffers: shared hit=4',), ('Planning Time: 0.021 ms',), ('Execution Time: 0.023 ms',)]"
592,BTREE,0.0005426168441772461,"[('Index Scan using idx_email_btree on user_app  (cost=0.25..8.27 rows=1 width=2088) (actual time=0.015..0.020 rows=1 loops=1)',), (""  Index Cond: ((email)::text = 'psntdjtjkh@example.com'::text)"",), ('  Buffers: shared hit=3',), ('Planning Time: 0.062 ms',), ('Execution Time: 0.042 ms',)]"
592,HASH,0.0005987167358398437,"[('Index Scan using idx_email_hash on user_app  (cost=0.00..8.02 rows=1 width=2088) (actual time=0.012..0.016 rows=1 loops=1)',), (""  Index Cond: ((email)::text = 'xeekehgyqr@example.com'::text)"",), ('  Buffers: shared hit=2',), ('Planning Time: 0.062 ms',), ('Execution Time: 0.038 ms',)]"
593,No Index,0.00025489330291748045,"[('Index Scan using uniq_user_app_email on user_app  (cost=0.38..8.39 rows=1 width=2088) (actual time=0.007..0.009 rows=1 loops=1)',), (""  Index Cond: ((email)::text = 'tvztqcqvgt@example.com'::text)"",), ('  Buffers: shared hit=4',), ('Planning Time: 0.017 ms',), ('Execution Time: 0.032 ms',)]"
593,BTREE,0.000636434555053711,"[('Index Scan using idx_email_btree on user_app  (cost=0.25..8.27 rows=1 width=2088) (actual time=0.013..0.017 rows=1 loops=1)',), (""  Index Cond: ((email)::text = 'spdcrouesa@example.com'::text)"",), ('  Buffers: shared hit=3',), ('Planning Time: 0.048 ms',), ('Execution Time: 0.034 ms',)]"
593,HASH,0.000252532958984375,"[('Index Scan using idx_email_hash on user_app  (cost=0.00..8.02 rows=1 width=2088) (actual time=0.004..0.006 rows=1 loops=1)',), (""  Index Cond: ((email)::text = 'pjywnbvgvj@example.com'::text)"",), ('  Buffers: shared hit=2',), ('Planning Time: 0.019 ms',), ('Execution Time: 0.016 ms',)]"
594,No Index,0.0002601146697998047,"[('Index Scan using uniq_user_app_email on user_app  (cost=0.38..8.39 rows=1 width=2088) (actual time=0.007..0.010 rows=1 loops=1)',), (""  Index Cond: ((email)::text = 'geneelquwk@example.com'::text)"",), ('  Buffers: shared hit=4',), ('Planning Time: 0.017 ms',), ('Execution Time: 0.020 ms',)]"
594,BTREE,0.000585484504699707,"[('Index Scan using idx_email_btree on user_app  (cost=0.25..8.27 rows=1 width=2088) (actual time=0.011..0.015 rows=1 loops=1)',), (""  Index Cond: ((email)::text = 'vsscnjruxr@example.com'::text)"",), ('  Buffers: shared hit=3',), ('Planning Time: 0.042 ms',), ('Execution Time: 0.032 ms',)]"
594,HASH,0.0002802371978759766,"[('Index Scan using idx_email_hash on user_app  (cost=0.00..8.02 rows=1 width=2088) (actual time=0.004..0.007 rows=1 loops=1)',), (""  Index Cond: ((email)::text = 'yocawqkkbh@example.com'::text)"",), ('  Buffers: shared hit=2',), ('Planning Time: 0.019 ms',), ('Execution Time: 0.017 ms',)]"
595,No Index,0.00044701099395751955,"[('Index Scan using uniq_user_app_email on user_app  (cost=0.38..8.39 rows=1 width=2088) (actual time=0.007..0.010 rows=1 loops=1)',), (""  Index Cond: ((email)::text = 'yumkryatcb@example.com'::text)"",), ('  Buffers: shared hit=4',), ('Planning Time: 0.017 ms',), ('Execution Time: 0.020 ms',)]"
595,BTREE,0.0002827167510986328,"[('Index Scan using idx_email_btree on user_app  (cost=0.25..8.27 rows=1 width=2088) (actual time=0.006..0.009 rows=1 loops=1)',), (""  Index Cond: ((email)::text = 'zpoemvhoeq@example.com'::text)"",), ('  Buffers: shared hit=3',), ('Planning Time: 0.023 ms',), ('Execution Time: 0.021 ms',)]"
595,HASH,0.0004894495010375977,"[('Index Scan using idx_email_hash on user_app  (cost=0.00..8.02 rows=1 width=2088) (actual time=0.009..0.013 rows=1 loops=1)',), (""  Index Cond: ((email)::text = 'vixstsudrt@example.com'::text)"",), ('  Buffers: shared hit=2',), ('Planning Time: 0.051 ms',), ('Execution Time: 0.033 ms',)]"
596,No Index,0.0002586841583251953,"[('Index Scan using uniq_user_app_email on user_app  (cost=0.38..8.39 rows=1 width=2088) (actual time=0.007..0.010 rows=1 loops=1)',), (""  Index Cond: ((email)::text = 'avjgrcjiuc@example.com'::text)"",), ('  Buffers: shared hit=4',), ('Planning Time: 0.017 ms',), ('Execution Time: 0.021 ms',)]"
596,BTREE,0.0002667427062988281,"[('Index Scan using idx_email_btree on user_app  (cost=0.25..8.27 rows=1 width=2088) (actual time=0.005..0.008 rows=1 loops=1)',), (""  Index Cond: ((email)::text = 'mlyugsmzob@example.com'::text)"",), ('  Buffers: shared hit=3',), ('Planning Time: 0.019 ms',), ('Execution Time: 0.019 ms',)]"
596,HASH,0.00022442340850830077,"[('Index Scan using idx_email_hash on user_app  (cost=0.00..8.02 rows=1 width=2088) (actual time=0.004..0.007 rows=1 loops=1)',), (""  Index Cond: ((email)::text = 'ldcvfjueka@example.com'::text)"",), ('  Buffers: shared hit=2',), ('Planning Time: 0.018 ms',), ('Execution Time: 0.017 ms',)]"
597,No Index,0.00025238990783691404,"[('Index Scan using uniq_user_app_email on user_app  (cost=0.38..8.39 rows=1 width=2088) (actual time=0.007..0.010 rows=1 loops=1)',), (""  Index Cond: ((email)::text = 'zxjyxuiyfb@example.com'::text)"",), ('  Buffers: shared hit=4',), ('Planning Time: 0.018 ms',), ('Execution Time: 0.020 ms',)]"
597,BTREE,0.00028502941131591797,"[('Index Scan using idx_email_btree on user_app  (cost=0.25..8.27 rows=1 width=2088) (actual time=0.007..0.009 rows=1 loops=1)',), (""  Index Cond: ((email)::text = 'ibozqdnvay@example.com'::text)"",), ('  Buffers: shared hit=3',), ('Planning Time: 0.023 ms',), ('Execution Time: 0.020 ms',)]"
597,HASH,0.0006655216217041016,"[('Index Scan using idx_email_hash on user_app  (cost=0.00..8.02 rows=1 width=2088) (actual time=0.010..0.014 rows=1 loops=1)',), (""  Index Cond: ((email)::text = 'whtidkllow@example.com'::text)"",), ('  Buffers: shared hit=2',), ('Planning Time: 0.057 ms',), ('Execution Time: 0.036 ms',)]"
598,No Index,0.0002529144287109375,"[('Index Scan using uniq_user_app_email on user_app  (cost=0.38..8.39 rows=1 width=2088) (actual time=0.008..0.011 rows=1 loops=1)',), (""  Index Cond: ((email)::text = 'kjqoylcfcy@example.com'::text)"",), ('  Buffers: shared hit=4',), ('Planning Time: 0.017 ms',), ('Execution Time: 0.021 ms',)]"
598,BTREE,0.00019619464874267578,"[('Index Scan using idx_email_btree on user_app  (cost=0.25..8.27 rows=1 width=2088) (actual time=0.005..0.008 rows=1 loops=1)',), (""  Index Cond: ((email)::text = 'lsznpwlbav@example.com'::text)"",), ('  Buffers: shared hit=3',), ('Planning Time: 0.019 ms',), ('Execution Time: 0.019 ms',)]"
598,HASH,0.00027294158935546874,"[('Index Scan using idx_email_hash on user_app  (cost=0.00..8.02 rows=1 width=2088) (actual time=0.004..0.007 rows=1 loops=1)',), (""  Index Cond: ((email)::text = 'idooyargve@example.com'::text)"",), ('  Buffers: shared hit=2',), ('Planning Time: 0.020 ms',), ('Execution Time: 0.017 ms',)]"
599,No Index,0.00028250217437744143,"[('Index Scan using uniq_user_app_email on user_app  (cost=0.38..8.39 rows=1 width=2088) (actual time=0.009..0.011 rows=1 loops=1)',), (""  Index Cond: ((email)::text = 'vehccdeeqz@example.com'::text)"",), ('  Buffers: shared hit=4',), ('Planning Time: 0.021 ms',), ('Execution Time: 0.023 ms',)]"
599,BTREE,0.0002642631530761719,"[('Index Scan using idx_email_btree on user_app  (cost=0.25..8.27 rows=1 width=2088) (actual time=0.006..0.009 rows=1 loops=1)',), (""  Index Cond: ((email)::text = 'duaoxhwmwi@example.com'::text)"",), ('  Buffers: shared hit=3',), ('Planning Time: 0.023 ms',), ('Execution Time: 0.021 ms',)]"
599,HASH,0.0002960205078125,"[('Index Scan using idx_email_hash on user_app  (cost=0.00..8.02 rows=1 width=2088) (actual time=0.005..0.008 rows=1 loops=1)',), (""  Index Cond: ((email)::text = 'ddemlrekcd@example.com'::text)"",), ('  Buffers: shared hit=2',), ('Planning Time: 0.023 ms',), ('Execution Time: 0.019 ms',)]"
600,No Index,0.00025665760040283203,"[('Index Scan using uniq_user_app_email on user_app  (cost=0.38..8.39 rows=1 width=2088) (actual time=0.007..0.010 rows=1 loops=1)',), (""  Index Cond: ((email)::text = 'tozdjskcsj@example.com'::text)"",), ('  Buffers: shared hit=4',), ('Planning Time: 0.017 ms',), ('Execution Time: 0.021 ms',)]"
600,BTREE,0.00019671916961669922,"[('Index Scan using idx_email_btree on user_app  (cost=0.25..8.27 rows=1 width=2088) (actual time=0.005..0.008 rows=1 loops=1)',), (""  Index Cond: ((email)::text = 'yahfrsuapz@example.com'::text)"",), ('  Buffers: shared hit=3',), ('Planning Time: 0.019 ms',), ('Execution Time: 0.018 ms',)]"
600,HASH,0.00029053688049316404,"[('Index Scan using idx_email_hash on user_app  (cost=0.00..8.02 rows=1 width=2088) (actual time=0.006..0.009 rows=1 loops=1)',), (""  Index Cond: ((email)::text = 'cpzjvvmdrl@example.com'::text)"",), ('  Buffers: shared hit=2',), ('Planning Time: 0.025 ms',), ('Execution Time: 0.020 ms',)]"
601,No Index,0.00021715164184570311,"[('Index Scan using uniq_user_app_email on user_app  (cost=0.38..8.39 rows=1 width=2088) (actual time=0.007..0.010 rows=1 loops=1)',), (""  Index Cond: ((email)::text = 'fweufygecc@example.com'::text)"",), ('  Buffers: shared hit=4',), ('Planning Time: 0.017 ms',), ('Execution Time: 0.021 ms',)]"
601,BTREE,0.0006663084030151367,"[('Index Scan using idx_email_btree on user_app  (cost=0.25..8.27 rows=1 width=2088) (actual time=0.015..0.019 rows=1 loops=1)',), (""  Index Cond: ((email)::text = 'lzzkrqvfqa@example.com'::text)"",), ('  Buffers: shared hit=3',), ('Planning Time: 0.056 ms',), ('Execution Time: 0.040 ms',)]"
601,HASH,0.0001934051513671875,"[('Index Scan using idx_email_hash on user_app  (cost=0.00..8.02 rows=1 width=2088) (actual time=0.004..0.007 rows=1 loops=1)',), (""  Index Cond: ((email)::text = 'frjhxrdmjb@example.com'::text)"",), ('  Buffers: shared hit=2',), ('Planning Time: 0.019 ms',), ('Execution Time: 0.018 ms',)]"
602,No Index,0.00032613277435302737,"[('Index Scan using uniq_user_app_email on user_app  (cost=0.38..8.39 rows=1 width=2088) (actual time=0.016..0.020 rows=1 loops=1)',), (""  Index Cond: ((email)::text = 'wwdgayhrtl@example.com'::text)"",), ('  Buffers: shared hit=4',), ('Planning Time: 0.044 ms',), ('Execution Time: 0.038 ms',)]"
602,BTREE,0.00032827854156494143,"[('Index Scan using idx_email_btree on user_app  (cost=0.25..8.27 rows=1 width=2088) (actual time=0.011..0.015 rows=1 loops=1)',), (""  Index Cond: ((email)::text = 'gmhjuciioa@example.com'::text)"",), ('  Buffers: shared hit=3',), ('Planning Time: 0.044 ms',), ('Execution Time: 0.031 ms',)]"
602,HASH,0.0002624750137329102,"[('Index Scan using idx_email_hash on user_app  (cost=0.00..8.02 rows=1 width=2088) (actual time=0.004..0.007 rows=1 loops=1)',), (""  Index Cond: ((email)::text = 'vpegwpzssw@example.com'::text)"",), ('  Buffers: shared hit=2',), ('Planning Time: 0.019 ms',), ('Execution Time: 0.016 ms',)]"
603,No Index,0.0005303859710693359,"[('Index Scan using uniq_user_app_email on user_app  (cost=0.38..8.39 rows=1 width=2088) (actual time=0.022..0.027 rows=1 loops=1)',), (""  Index Cond: ((email)::text = 'kthzujrjrf@example.com'::text)"",), ('  Buffers: shared hit=4',), ('Planning Time: 0.075 ms',), ('Execution Time: 0.049 ms',)]"
603,BTREE,0.0002580404281616211,"[('Index Scan using idx_email_btree on user_app  (cost=0.25..8.27 rows=1 width=2088) (actual time=0.007..0.009 rows=1 loops=1)',), (""  Index Cond: ((email)::text = 'cqfgrfrivu@example.com'::text)"",), ('  Buffers: shared hit=3',), ('Planning Time: 0.025 ms',), ('Execution Time: 0.021 ms',)]"
603,HASH,0.00024542808532714846,"[('Index Scan using idx_email_hash on user_app  (cost=0.00..8.02 rows=1 width=2088) (actual time=0.006..0.009 rows=1 loops=1)',), (""  Index Cond: ((email)::text = 'gojeejvorl@example.com'::text)"",), ('  Buffers: shared hit=2',), ('Planning Time: 0.025 ms',), ('Execution Time: 0.019 ms',)]"
604,No Index,0.0003298521041870117,"[('Index Scan using uniq_user_app_email on user_app  (cost=0.38..8.39 rows=1 width=2088) (actual time=0.008..0.011 rows=1 loops=1)',), (""  Index Cond: ((email)::text = 'fwogvvrxdf@example.com'::text)"",), ('  Buffers: shared hit=4',), ('Planning Time: 0.024 ms',), ('Execution Time: 0.022 ms',)]"
604,BTREE,0.00020868778228759765,"[('Index Scan using idx_email_btree on user_app  (cost=0.25..8.27 rows=1 width=2088) (actual time=0.005..0.008 rows=1 loops=1)',), (""  Index Cond: ((email)::text = 'qtcaoojnbs@example.com'::text)"",), ('  Buffers: shared hit=3',), ('Planning Time: 0.019 ms',), ('Execution Time: 0.017 ms',)]"
604,HASH,0.00019087791442871094,"[('Index Scan using idx_email_hash on user_app  (cost=0.00..8.02 rows=1 width=2088) (actual time=0.004..0.006 rows=1 loops=1)',), (""  Index Cond: ((email)::text = 'civecxeikv@example.com'::text)"",), ('  Buffers: shared hit=2',), ('Planning Time: 0.019 ms',), ('Execution Time: 0.016 ms',)]"
605,No Index,0.00027356147766113283,"[('Index Scan using uniq_user_app_email on user_app  (cost=0.38..8.39 rows=1 width=2088) (actual time=0.007..0.010 rows=1 loops=1)',), (""  Index Cond: ((email)::text = 'wrhawflfjy@example.com'::text)"",), ('  Buffers: shared hit=4',), ('Planning Time: 0.020 ms',), ('Execution Time: 0.020 ms',)]"
605,BTREE,0.0002679347991943359,"[('Index Scan using idx_email_btree on user_app  (cost=0.25..8.27 rows=1 width=2088) (actual time=0.005..0.008 rows=1 loops=1)',), (""  Index Cond: ((email)::text = 'cdmoufadpb@example.com'::text)"",), ('  Buffers: shared hit=3',), ('Planning Time: 0.021 ms',), ('Execution Time: 0.017 ms',)]"
605,HASH,0.00020382404327392578,"[('Index Scan using idx_email_hash on user_app  (cost=0.00..8.02 rows=1 width=2088) (actual time=0.005..0.007 rows=1 loops=1)',), (""  Index Cond: ((email)::text = 'csbufkxqsi@example.com'::text)"",), ('  Buffers: shared hit=2',), ('Planning Time: 0.027 ms',), ('Execution Time: 0.019 ms',)]"
606,No Index,0.00025670528411865235,"[('Index Scan using uniq_user_app_email on user_app  (cost=0.38..8.39 rows=1 width=2088) (actual time=0.007..0.010 rows=1 loops=1)',), (""  Index Cond: ((email)::text = 'qnuajvtnvv@example.com'::text)"",), ('  Buffers: shared hit=4',), ('Planning Time: 0.020 ms',), ('Execution Time: 0.020 ms',)]"
606,BTREE,0.00032546520233154295,"[('Index Scan using idx_email_btree on user_app  (cost=0.25..8.27 rows=1 width=2088) (actual time=0.006..0.009 rows=1 loops=1)',), (""  Index Cond: ((email)::text = 'ixchqmwmef@example.com'::text)"",), ('  Buffers: shared hit=3',), ('Planning Time: 0.023 ms',), ('Execution Time: 0.020 ms',)]"
606,HASH,0.0004087686538696289,"[('Index Scan using idx_email_hash on user_app  (cost=0.00..8.02 rows=1 width=2088) (actual time=0.019..0.025 rows=1 loops=1)',), (""  Index Cond: ((email)::text = 'zjnirdmgkz@example.com'::text)"",), ('  Buffers: shared hit=2',), ('Planning Time: 0.094 ms',), ('Execution Time: 0.057 ms',)]"
607,No Index,0.00027487277984619143,"[('Index Scan using uniq_user_app_email on user_app  (cost=0.38..8.39 rows=1 width=2088) (actual time=0.008..0.010 rows=1 loops=1)',), (""  Index Cond: ((email)::text = 'nfpunvwujg@example.com'::text)"",), ('  Buffers: shared hit=4',), ('Planning Time: 0.021 ms',), ('Execution Time: 0.022 ms',)]"
607,BTREE,0.00027616024017333983,"[('Index Scan using idx_email_btree on user_app  (cost=0.25..8.27 rows=1 width=2088) (actual time=0.006..0.008 rows=1 loops=1)',), (""  Index Cond: ((email)::text = 'wkmvnjifgq@example.com'::text)"",), ('  Buffers: shared hit=3',), ('Planning Time: 0.019 ms',), ('Execution Time: 0.018 ms',)]"
607,HASH,0.0001845836639404297,"[('Index Scan using idx_email_hash on user_app  (cost=0.00..8.02 rows=1 width=2088) (actual time=0.004..0.006 rows=1 loops=1)',), (""  Index Cond: ((email)::text = 'oifsmkliib@example.com'::text)"",), ('  Buffers: shared hit=2',), ('Planning Time: 0.019 ms',), ('Execution Time: 0.016 ms',)]"
608,No Index,0.00021386146545410156,"[('Index Scan using uniq_user_app_email on user_app  (cost=0.38..8.39 rows=1 width=2088) (actual time=0.007..0.009 rows=1 loops=1)',), (""  Index Cond: ((email)::text = 'vgkrtvatud@example.com'::text)"",), ('  Buffers: shared hit=4',), ('Planning Time: 0.017 ms',), ('Execution Time: 0.019 ms',)]"
608,BTREE,0.000262451171875,"[('Index Scan using idx_email_btree on user_app  (cost=0.25..8.27 rows=1 width=2088) (actual time=0.006..0.009 rows=1 loops=1)',), (""  Index Cond: ((email)::text = 'vlwveyjwkv@example.com'::text)"",), ('  Buffers: shared hit=3',), ('Planning Time: 0.022 ms',), ('Execution Time: 0.020 ms',)]"
608,HASH,0.00025799274444580076,"[('Index Scan using idx_email_hash on user_app  (cost=0.00..8.02 rows=1 width=2088) (actual time=0.005..0.008 rows=1 loops=1)',), (""  Index Cond: ((email)::text = 'ohyxwvpvmj@example.com'::text)"",), ('  Buffers: shared hit=2',), ('Planning Time: 0.022 ms',), ('Execution Time: 0.018 ms',)]"
609,No Index,0.0002638101577758789,"[('Index Scan using uniq_user_app_email on user_app  (cost=0.38..8.39 rows=1 width=2088) (actual time=0.008..0.011 rows=1 loops=1)',), (""  Index Cond: ((email)::text = 'jgwxqzefpr@example.com'::text)"",), ('  Buffers: shared hit=4',), ('Planning Time: 0.024 ms',), ('Execution Time: 0.023 ms',)]"
609,BTREE,0.0003080844879150391,"[('Index Scan using idx_email_btree on user_app  (cost=0.25..8.27 rows=1 width=2088) (actual time=0.012..0.015 rows=1 loops=1)',), (""  Index Cond: ((email)::text = 'otvivsxgnp@example.com'::text)"",), ('  Buffers: shared hit=3',), ('Planning Time: 0.113 ms',), ('Execution Time: 0.031 ms',)]"
609,HASH,0.00020170211791992188,"[('Index Scan using idx_email_hash on user_app  (cost=0.00..8.02 rows=1 width=2088) (actual time=0.004..0.006 rows=1 loops=1)',), (""  Index Cond: ((email)::text = 'vmevusquzz@example.com'::text)"",), ('  Buffers: shared hit=2',), ('Planning Time: 0.019 ms',), ('Execution Time: 0.016 ms',)]"
610,No Index,0.0001878976821899414,"[('Index Scan using uniq_user_app_email on user_app  (cost=0.38..8.39 rows=1 width=2088) (actual time=0.007..0.010 rows=1 loops=1)',), (""  Index Cond: ((email)::text = 'udxaixdbnx@example.com'::text)"",), ('  Buffers: shared hit=4',), ('Planning Time: 0.017 ms',), ('Execution Time: 0.019 ms',)]"
610,BTREE,0.0002651691436767578,"[('Index Scan using idx_email_btree on user_app  (cost=0.25..8.27 rows=1 width=2088) (actual time=0.005..0.008 rows=1 loops=1)',), (""  Index Cond: ((email)::text = 'ixmmyslkmc@example.com'::text)"",), ('  Buffers: shared hit=3',), ('Planning Time: 0.019 ms',), ('Execution Time: 0.018 ms',)]"
610,HASH,0.0001892566680908203,"[('Index Scan using idx_email_hash on user_app  (cost=0.00..8.02 rows=1 width=2088) (actual time=0.003..0.006 rows=1 loops=1)',), (""  Index Cond: ((email)::text = 'lauxtiqghx@example.com'::text)"",), ('  Buffers: shared hit=2',), ('Planning Time: 0.018 ms',), ('Execution Time: 0.015 ms',)]"
611,No Index,0.0002549886703491211,"[('Index Scan using uniq_user_app_email on user_app  (cost=0.38..8.39 rows=1 width=2088) (actual time=0.006..0.009 rows=1 loops=1)',), (""  Index Cond: ((email)::text = 'xtxkiujini@example.com'::text)"",), ('  Buffers: shared hit=4',), ('Planning Time: 0.021 ms',), ('Execution Time: 0.019 ms',)]"
611,BTREE,0.000296783447265625,"[('Index Scan using idx_email_btree on user_app  (cost=0.25..8.27 rows=1 width=2088) (actual time=0.006..0.009 rows=1 loops=1)',), (""  Index Cond: ((email)::text = 'evsucmccgw@example.com'::text)"",), ('  Buffers: shared hit=3',), ('Planning Time: 0.023 ms',), ('Execution Time: 0.020 ms',)]"
611,HASH,0.00026831626892089846,"[('Index Scan using idx_email_hash on user_app  (cost=0.00..8.02 rows=1 width=2088) (actual time=0.003..0.006 rows=1 loops=1)',), (""  Index Cond: ((email)::text = 'tkjgbjhurf@example.com'::text)"",), ('  Buffers: shared hit=2',), ('Planning Time: 0.019 ms',), ('Execution Time: 0.016 ms',)]"
612,No Index,0.0002725839614868164,"[('Index Scan using uniq_user_app_email on user_app  (cost=0.38..8.39 rows=1 width=2088) (actual time=0.007..0.009 rows=1 loops=1)',), (""  Index Cond: ((email)::text = 'celjtzrxif@example.com'::text)"",), ('  Buffers: shared hit=4',), ('Planning Time: 0.017 ms',), ('Execution Time: 0.019 ms',)]"
612,BTREE,0.0003108501434326172,"[('Index Scan using idx_email_btree on user_app  (cost=0.25..8.27 rows=1 width=2088) (actual time=0.008..0.011 rows=1 loops=1)',), (""  Index Cond: ((email)::text = 'emdtcaomni@example.com'::text)"",), ('  Buffers: shared hit=3',), ('Planning Time: 0.024 ms',), ('Execution Time: 0.023 ms',)]"
612,HASH,0.0002576589584350586,"[('Index Scan using idx_email_hash on user_app  (cost=0.00..8.02 rows=1 width=2088) (actual time=0.004..0.007 rows=1 loops=1)',), (""  Index Cond: ((email)::text = 'cujyjdxxje@example.com'::text)"",), ('  Buffers: shared hit=2',), ('Planning Time: 0.022 ms',), ('Execution Time: 0.017 ms',)]"
613,No Index,0.00026259422302246096,"[('Index Scan using uniq_user_app_email on user_app  (cost=0.38..8.39 rows=1 width=2088) (actual time=0.007..0.009 rows=1 loops=1)',), (""  Index Cond: ((email)::text = 'csujeyodqp@example.com'::text)"",), ('  Buffers: shared hit=4',), ('Planning Time: 0.016 ms',), ('Execution Time: 0.019 ms',)]"
613,BTREE,0.00028409957885742185,"[('Index Scan using idx_email_btree on user_app  (cost=0.25..8.27 rows=1 width=2088) (actual time=0.005..0.008 rows=1 loops=1)',), (""  Index Cond: ((email)::text = 'rjxtqbozvl@example.com'::text)"",), ('  Buffers: shared hit=3',), ('Planning Time: 0.019 ms',), ('Execution Time: 0.017 ms',)]"
613,HASH,0.00043418407440185545,"[('Index Scan using idx_email_hash on user_app  (cost=0.00..8.02 rows=1 width=2088) (actual time=0.007..0.011 rows=1 loops=1)',), (""  Index Cond: ((email)::text = 'vkppygovlr@example.com'::text)"",), ('  Buffers: shared hit=2',), ('Planning Time: 0.042 ms',), ('Execution Time: 0.028 ms',)]"
614,No Index,0.0002636432647705078,"[('Index Scan using uniq_user_app_email on user_app  (cost=0.38..8.39 rows=1 width=2088) (actual time=0.009..0.011 rows=1 loops=1)',), (""  Index Cond: ((email)::text = 'ecqkplhaek@example.com'::text)"",), ('  Buffers: shared hit=4',), ('Planning Time: 0.021 ms',), ('Execution Time: 0.022 ms',)]"
614,BTREE,0.0002570152282714844,"[('Index Scan using idx_email_btree on user_app  (cost=0.25..8.27 rows=1 width=2088) (actual time=0.006..0.008 rows=1 loops=1)',), (""  Index Cond: ((email)::text = 'nvnneienhn@example.com'::text)"",), ('  Buffers: shared hit=3',), ('Planning Time: 0.023 ms',), ('Execution Time: 0.019 ms',)]"
614,HASH,0.0004636526107788086,"[('Index Scan using idx_email_hash on user_app  (cost=0.00..8.02 rows=1 width=2088) (actual time=0.009..0.012 rows=1 loops=1)',), (""  Index Cond: ((email)::text = 'jefctpurnn@example.com'::text)"",), ('  Buffers: shared hit=2',), ('Planning Time: 0.050 ms',), ('Execution Time: 0.031 ms',)]"
615,No Index,0.0006756067276000976,"[('Index Scan using uniq_user_app_email on user_app  (cost=0.38..8.39 rows=1 width=2088) (actual time=0.021..0.025 rows=1 loops=1)',), (""  Index Cond: ((email)::text = 'yuhzrpopwl@example.com'::text)"",), ('  Buffers: shared hit=4',), ('Planning Time: 0.053 ms',), ('Execution Time: 0.046 ms',)]"
615,BTREE,0.00026416778564453125,"[('Index Scan using idx_email_btree on user_app  (cost=0.25..8.27 rows=1 width=2088) (actual time=0.006..0.009 rows=1 loops=1)',), (""  Index Cond: ((email)::text = 'xjdqxcdwrh@example.com'::text)"",), ('  Buffers: shared hit=3',), ('Planning Time: 0.022 ms',), ('Execution Time: 0.026 ms',)]"
615,HASH,0.0002968072891235352,"[('Index Scan using idx_email_hash on user_app  (cost=0.00..8.02 rows=1 width=2088) (actual time=0.005..0.007 rows=1 loops=1)',), (""  Index Cond: ((email)::text = 'ilailgtugp@example.com'::text)"",), ('  Buffers: shared hit=2',), ('Planning Time: 0.022 ms',), ('Execution Time: 0.017 ms',)]"
616,No Index,0.0003912687301635742,"[('Index Scan using uniq_user_app_email on user_app  (cost=0.38..8.39 rows=1 width=2088) (actual time=0.020..0.024 rows=1 loops=1)',), (""  Index Cond: ((email)::text = 'bgovmekkcg@example.com'::text)"",), ('  Buffers: shared hit=4',), ('Planning Time: 0.057 ms',), ('Execution Time: 0.046 ms',)]"
616,BTREE,0.0002818584442138672,"[('Index Scan using idx_email_btree on user_app  (cost=0.25..8.27 rows=1 width=2088) (actual time=0.006..0.009 rows=1 loops=1)',), (""  Index Cond: ((email)::text = 'ywsifigomk@example.com'::text)"",), ('  Buffers: shared hit=3',), ('Planning Time: 0.023 ms',), ('Execution Time: 0.019 ms',)]"
616,HASH,0.0002578020095825195,"[('Index Scan using idx_email_hash on user_app  (cost=0.00..8.02 rows=1 width=2088) (actual time=0.004..0.007 rows=1 loops=1)',), (""  Index Cond: ((email)::text = 'lgyneqbhot@example.com'::text)"",), ('  Buffers: shared hit=2',), ('Planning Time: 0.023 ms',), ('Execution Time: 0.017 ms',)]"
617,No Index,0.00026943683624267576,"[('Index Scan using uniq_user_app_email on user_app  (cost=0.38..8.39 rows=1 width=2088) (actual time=0.007..0.010 rows=1 loops=1)',), (""  Index Cond: ((email)::text = 'tuhrvebghj@example.com'::text)"",), ('  Buffers: shared hit=4',), ('Planning Time: 0.019 ms',), ('Execution Time: 0.021 ms',)]"
617,BTREE,0.0002660274505615234,"[('Index Scan using idx_email_btree on user_app  (cost=0.25..8.27 rows=1 width=2088) (actual time=0.005..0.008 rows=1 loops=1)',), (""  Index Cond: ((email)::text = 'jjnhxjtphs@example.com'::text)"",), ('  Buffers: shared hit=3',), ('Planning Time: 0.019 ms',), ('Execution Time: 0.018 ms',)]"
617,HASH,0.00021545886993408204,"[('Index Scan using idx_email_hash on user_app  (cost=0.00..8.02 rows=1 width=2088) (actual time=0.005..0.008 rows=1 loops=1)',), (""  Index Cond: ((email)::text = 'ciuuybmwno@example.com'::text)"",), ('  Buffers: shared hit=2',), ('Planning Time: 0.026 ms',), ('Execution Time: 0.020 ms',)]"
618,No Index,0.00021893978118896483,"[('Index Scan using uniq_user_app_email on user_app  (cost=0.38..8.39 rows=1 width=2088) (actual time=0.008..0.011 rows=1 loops=1)',), (""  Index Cond: ((email)::text = 'tcyhopspqo@example.com'::text)"",), ('  Buffers: shared hit=4',), ('Planning Time: 0.027 ms',), ('Execution Time: 0.022 ms',)]"
618,BTREE,0.00019512176513671874,"[('Index Scan using idx_email_btree on user_app  (cost=0.25..8.27 rows=1 width=2088) (actual time=0.005..0.008 rows=1 loops=1)',), (""  Index Cond: ((email)::text = 'mzcndkwfrx@example.com'::text)"",), ('  Buffers: shared hit=3',), ('Planning Time: 0.020 ms',), ('Execution Time: 0.017 ms',)]"
618,HASH,0.00020761489868164061,"[('Index Scan using idx_email_hash on user_app  (cost=0.00..8.02 rows=1 width=2088) (actual time=0.005..0.007 rows=1 loops=1)',), (""  Index Cond: ((email)::text = 'xxykharwfg@example.com'::text)"",), ('  Buffers: shared hit=2',), ('Planning Time: 0.024 ms',), ('Execution Time: 0.019 ms',)]"
619,No Index,0.0003144264221191406,"[('Index Scan using uniq_user_app_email on user_app  (cost=0.38..8.39 rows=1 width=2088) (actual time=0.013..0.017 rows=1 loops=1)',), (""  Index Cond: ((email)::text = 'uqfoguwztd@example.com'::text)"",), ('  Buffers: shared hit=4',), ('Planning Time: 0.036 ms',), ('Execution Time: 0.034 ms',)]"
619,BTREE,0.00031039714813232424,"[('Index Scan using idx_email_btree on user_app  (cost=0.25..8.27 rows=1 width=2088) (actual time=0.005..0.008 rows=1 loops=1)',), (""  Index Cond: ((email)::text = 'jkxkkxhjxh@example.com'::text)"",), ('  Buffers: shared hit=3',), ('Planning Time: 0.020 ms',), ('Execution Time: 0.018 ms',)]"
619,HASH,0.0002084016799926758,"[('Index Scan using idx_email_hash on user_app  (cost=0.00..8.02 rows=1 width=2088) (actual time=0.004..0.006 rows=1 loops=1)',), (""  Index Cond: ((email)::text = 'jbpymojmti@example.com'::text)"",), ('  Buffers: shared hit=2',), ('Planning Time: 0.018 ms',), ('Execution Time: 0.016 ms',)]"
620,No Index,0.00025699138641357424,"[('Index Scan using uniq_user_app_email on user_app  (cost=0.38..8.39 rows=1 width=2088) (actual time=0.008..0.010 rows=1 loops=1)',), (""  Index Cond: ((email)::text = 'imridtussi@example.com'::text)"",), ('  Buffers: shared hit=4',), ('Planning Time: 0.019 ms',), ('Execution Time: 0.020 ms',)]"
620,BTREE,0.000260162353515625,"[('Index Scan using idx_email_btree on user_app  (cost=0.25..8.27 rows=1 width=2088) (actual time=0.006..0.009 rows=1 loops=1)',), (""  Index Cond: ((email)::text = 'qbxivvuyth@example.com'::text)"",), ('  Buffers: shared hit=3',), ('Planning Time: 0.024 ms',), ('Execution Time: 0.019 ms',)]"
620,HASH,0.0002866506576538086,"[('Index Scan using idx_email_hash on user_app  (cost=0.00..8.02 rows=1 width=2088) (actual time=0.006..0.009 rows=1 loops=1)',), (""  Index Cond: ((email)::text = 'avfbdzaqia@example.com'::text)"",), ('  Buffers: shared hit=2',), ('Planning Time: 0.031 ms',), ('Execution Time: 0.020 ms',)]"
621,No Index,0.00034592151641845705,"[('Index Scan using uniq_user_app_email on user_app  (cost=0.38..8.39 rows=1 width=2088) (actual time=0.007..0.010 rows=1 loops=1)',), (""  Index Cond: ((email)::text = 'tcfnkiggpy@example.com'::text)"",), ('  Buffers: shared hit=4',), ('Planning Time: 0.017 ms',), ('Execution Time: 0.021 ms',)]"
621,BTREE,0.00023903846740722657,"[('Index Scan using idx_email_btree on user_app  (cost=0.25..8.27 rows=1 width=2088) (actual time=0.005..0.008 rows=1 loops=1)',), (""  Index Cond: ((email)::text = 'cyrjoiwyrs@example.com'::text)"",), ('  Buffers: shared hit=3',), ('Planning Time: 0.018 ms',), ('Execution Time: 0.018 ms',)]"
621,HASH,0.00019295215606689452,"[('Index Scan using idx_email_hash on user_app  (cost=0.00..8.02 rows=1 width=2088) (actual time=0.004..0.007 rows=1 loops=1)',), (""  Index Cond: ((email)::text = 'jdmomfjefg@example.com'::text)"",), ('  Buffers: shared hit=2',), ('Planning Time: 0.019 ms',), ('Execution Time: 0.016 ms',)]"
622,No Index,0.00028631687164306643,"[('Index Scan using uniq_user_app_email on user_app  (cost=0.38..8.39 rows=1 width=2088) (actual time=0.007..0.010 rows=1 loops=1)',), (""  Index Cond: ((email)::text = 'ordrpudgcw@example.com'::text)"",), ('  Buffers: shared hit=4',), ('Planning Time: 0.018 ms',), ('Execution Time: 0.020 ms',)]"
622,BTREE,0.00034401416778564455,"[('Index Scan using idx_email_btree on user_app  (cost=0.25..8.27 rows=1 width=2088) (actual time=0.009..0.012 rows=1 loops=1)',), (""  Index Cond: ((email)::text = 'aasrfyhokm@example.com'::text)"",), ('  Buffers: shared hit=3',), ('Planning Time: 0.033 ms',), ('Execution Time: 0.024 ms',)]"
622,HASH,0.00027077198028564454,"[('Index Scan using idx_email_hash on user_app  (cost=0.00..8.02 rows=1 width=2088) (actual time=0.007..0.010 rows=1 loops=1)',), (""  Index Cond: ((email)::text = 'zbqykhlhdy@example.com'::text)"",), ('  Buffers: shared hit=2',), ('Planning Time: 0.022 ms',), ('Execution Time: 0.022 ms',)]"
623,No Index,0.00024182796478271483,"[('Index Scan using uniq_user_app_email on user_app  (cost=0.38..8.39 rows=1 width=2088) (actual time=0.009..0.012 rows=1 loops=1)',), (""  Index Cond: ((email)::text = 'roccfaheae@example.com'::text)"",), ('  Buffers: shared hit=4',), ('Planning Time: 0.023 ms',), ('Execution Time: 0.023 ms',)]"
623,BTREE,0.00021202564239501952,"[('Index Scan using idx_email_btree on user_app  (cost=0.25..8.27 rows=1 width=2088) (actual time=0.009..0.012 rows=1 loops=1)',), (""  Index Cond: ((email)::text = 'lilbxhyxux@example.com'::text)"",), ('  Buffers: shared hit=3',), ('Planning Time: 0.029 ms',), ('Execution Time: 0.024 ms',)]"
623,HASH,0.00019648075103759766,"[('Index Scan using idx_email_hash on user_app  (cost=0.00..8.02 rows=1 width=2088) (actual time=0.004..0.007 rows=1 loops=1)',), (""  Index Cond: ((email)::text = 'iuzrnubxkr@example.com'::text)"",), ('  Buffers: shared hit=2',), ('Planning Time: 0.018 ms',), ('Execution Time: 0.018 ms',)]"
624,No Index,0.0007451057434082031,"[('Index Scan using uniq_user_app_email on user_app  (cost=0.38..8.39 rows=1 width=2088) (actual time=0.024..0.028 rows=1 loops=1)',), (""  Index Cond: ((email)::text = 'biecbqsite@example.com'::text)"",), ('  Buffers: shared hit=4',), ('Planning Time: 0.068 ms',), ('Execution Time: 0.048 ms',)]"
624,BTREE,0.00022034645080566407,"[('Index Scan using idx_email_btree on user_app  (cost=0.25..8.27 rows=1 width=2088) (actual time=0.005..0.008 rows=1 loops=1)',), (""  Index Cond: ((email)::text = 'qwzodxdfvz@example.com'::text)"",), ('  Buffers: shared hit=3',), ('Planning Time: 0.019 ms',), ('Execution Time: 0.019 ms',)]"
624,HASH,0.00022137165069580078,"[('Index Scan using idx_email_hash on user_app  (cost=0.00..8.02 rows=1 width=2088) (actual time=0.004..0.007 rows=1 loops=1)',), (""  Index Cond: ((email)::text = 'ryitqbwhjo@example.com'::text)"",), ('  Buffers: shared hit=2',), ('Planning Time: 0.024 ms',), ('Execution Time: 0.017 ms',)]"
625,No Index,0.00025858879089355467,"[('Index Scan using uniq_user_app_email on user_app  (cost=0.38..8.39 rows=1 width=2088) (actual time=0.009..0.012 rows=1 loops=1)',), (""  Index Cond: ((email)::text = 'hdkbgcxnwz@example.com'::text)"",), ('  Buffers: shared hit=4',), ('Planning Time: 0.025 ms',), ('Execution Time: 0.024 ms',)]"
625,BTREE,0.00019731521606445313,"[('Index Scan using idx_email_btree on user_app  (cost=0.25..8.27 rows=1 width=2088) (actual time=0.005..0.008 rows=1 loops=1)',), (""  Index Cond: ((email)::text = 'rkiigklyyo@example.com'::text)"",), ('  Buffers: shared hit=3',), ('Planning Time: 0.019 ms',), ('Execution Time: 0.018 ms',)]"
625,HASH,0.00019712448120117186,"[('Index Scan using idx_email_hash on user_app  (cost=0.00..8.02 rows=1 width=2088) (actual time=0.003..0.007 rows=1 loops=1)',), (""  Index Cond: ((email)::text = 'yczyhglfrk@example.com'::text)"",), ('  Buffers: shared hit=2',), ('Planning Time: 0.019 ms',), ('Execution Time: 0.017 ms',)]"
626,No Index,0.0007069826126098633,"[('Index Scan using uniq_user_app_email on user_app  (cost=0.38..8.39 rows=1 width=2088) (actual time=0.016..0.021 rows=1 loops=1)',), (""  Index Cond: ((email)::text = 'nmryucfacd@example.com'::text)"",), ('  Buffers: shared hit=4',), ('Planning Time: 0.047 ms',), ('Execution Time: 0.042 ms',)]"
626,BTREE,0.0002691030502319336,"[('Index Scan using idx_email_btree on user_app  (cost=0.25..8.27 rows=1 width=2088) (actual time=0.006..0.009 rows=1 loops=1)',), (""  Index Cond: ((email)::text = 'susnwpwpls@example.com'::text)"",), ('  Buffers: shared hit=3',), ('Planning Time: 0.022 ms',), ('Execution Time: 0.020 ms',)]"
626,HASH,0.0002521514892578125,"[('Index Scan using idx_email_hash on user_app  (cost=0.00..8.02 rows=1 width=2088) (actual time=0.004..0.007 rows=1 loops=1)',), (""  Index Cond: ((email)::text = 'horbxjxgux@example.com'::text)"",), ('  Buffers: shared hit=2',), ('Planning Time: 0.019 ms',), ('Execution Time: 0.017 ms',)]"
627,No Index,0.0003016233444213867,"[('Index Scan using uniq_user_app_email on user_app  (cost=0.38..8.39 rows=1 width=2088) (actual time=0.014..0.017 rows=1 loops=1)',), (""  Index Cond: ((email)::text = 'amnybfdjaq@example.com'::text)"",), ('  Buffers: shared hit=4',), ('Planning Time: 0.036 ms',), ('Execution Time: 0.031 ms',)]"
627,BTREE,0.00030901432037353513,"[('Index Scan using idx_email_btree on user_app  (cost=0.25..8.27 rows=1 width=2088) (actual time=0.010..0.014 rows=1 loops=1)',), (""  Index Cond: ((email)::text = 'ywregbcvas@example.com'::text)"",), ('  Buffers: shared hit=3',), ('Planning Time: 0.039 ms',), ('Execution Time: 0.030 ms',)]"
627,HASH,0.00026443004608154295,"[('Index Scan using idx_email_hash on user_app  (cost=0.00..8.02 rows=1 width=2088) (actual time=0.005..0.008 rows=1 loops=1)',), (""  Index Cond: ((email)::text = 'wehzfvaatw@example.com'::text)"",), ('  Buffers: shared hit=2',), ('Planning Time: 0.022 ms',), ('Execution Time: 0.018 ms',)]"
628,No Index,0.0006290912628173828,"[('Index Scan using uniq_user_app_email on user_app  (cost=0.38..8.39 rows=1 width=2088) (actual time=0.020..0.024 rows=1 loops=1)',), (""  Index Cond: ((email)::text = 'esedkvqqsj@example.com'::text)"",), ('  Buffers: shared hit=4',), ('Planning Time: 0.056 ms',), ('Execution Time: 0.046 ms',)]"
628,BTREE,0.000648951530456543,"[('Index Scan using idx_email_btree on user_app  (cost=0.25..8.27 rows=1 width=2088) (actual time=0.013..0.019 rows=1 loops=1)',), (""  Index Cond: ((email)::text = 'wandoavcae@example.com'::text)"",), ('  Buffers: shared hit=3',), ('Planning Time: 0.052 ms',), ('Execution Time: 0.040 ms',)]"
628,HASH,0.00043172836303710936,"[('Index Scan using idx_email_hash on user_app  (cost=0.00..8.02 rows=1 width=2088) (actual time=0.009..0.014 rows=1 loops=1)',), (""  Index Cond: ((email)::text = 'kylblhjxur@example.com'::text)"",), ('  Buffers: shared hit=2',), ('Planning Time: 0.057 ms',), ('Execution Time: 0.035 ms',)]"
629,No Index,0.00020205974578857422,"[('Index Scan using uniq_user_app_email on user_app  (cost=0.38..8.39 rows=1 width=2088) (actual time=0.006..0.009 rows=1 loops=1)',), (""  Index Cond: ((email)::text = 'zuhzfusgls@example.com'::text)"",), ('  Buffers: shared hit=4',), ('Planning Time: 0.017 ms',), ('Execution Time: 0.019 ms',)]"
629,BTREE,0.0003042936325073242,"[('Index Scan using idx_email_btree on user_app  (cost=0.25..8.27 rows=1 width=2088) (actual time=0.013..0.017 rows=1 loops=1)',), (""  Index Cond: ((email)::text = 'euoxoyabac@example.com'::text)"",), ('  Buffers: shared hit=3',), ('Planning Time: 0.044 ms',), ('Execution Time: 0.031 ms',)]"
629,HASH,0.00025093555450439453,"[('Index Scan using idx_email_hash on user_app  (cost=0.00..8.02 rows=1 width=2088) (actual time=0.006..0.009 rows=1 loops=1)',), (""  Index Cond: ((email)::text = 'bvnwggstnd@example.com'::text)"",), ('  Buffers: shared hit=2',), ('Planning Time: 0.036 ms',), ('Execution Time: 0.023 ms',)]"
630,No Index,0.00028057098388671874,"[('Index Scan using uniq_user_app_email on user_app  (cost=0.38..8.39 rows=1 width=2088) (actual time=0.014..0.017 rows=1 loops=1)',), (""  Index Cond: ((email)::text = 'ilqjrirndl@example.com'::text)"",), ('  Buffers: shared hit=4',), ('Planning Time: 0.047 ms',), ('Execution Time: 0.031 ms',)]"
630,BTREE,0.0002069711685180664,"[('Index Scan using idx_email_btree on user_app  (cost=0.25..8.27 rows=1 width=2088) (actual time=0.005..0.008 rows=1 loops=1)',), (""  Index Cond: ((email)::text = 'pjinaqknqx@example.com'::text)"",), ('  Buffers: shared hit=3',), ('Planning Time: 0.019 ms',), ('Execution Time: 0.019 ms',)]"
630,HASH,0.00019257068634033204,"[('Index Scan using idx_email_hash on user_app  (cost=0.00..8.02 rows=1 width=2088) (actual time=0.003..0.006 rows=1 loops=1)',), (""  Index Cond: ((email)::text = 'jhukgsvobt@example.com'::text)"",), ('  Buffers: shared hit=2',), ('Planning Time: 0.019 ms',), ('Execution Time: 0.017 ms',)]"
631,No Index,0.0003342151641845703,"[('Index Scan using uniq_user_app_email on user_app  (cost=0.38..8.39 rows=1 width=2088) (actual time=0.008..0.011 rows=1 loops=1)',), (""  Index Cond: ((email)::text = 'jwxfqkzagr@example.com'::text)"",), ('  Buffers: shared hit=4',), ('Planning Time: 0.020 ms',), ('Execution Time: 0.022 ms',)]"
631,BTREE,0.0001975536346435547,"[('Index Scan using idx_email_btree on user_app  (cost=0.25..8.27 rows=1 width=2088) (actual time=0.006..0.008 rows=1 loops=1)',), (""  Index Cond: ((email)::text = 'fipbasxyjo@example.com'::text)"",), ('  Buffers: shared hit=3',), ('Planning Time: 0.020 ms',), ('Execution Time: 0.020 ms',)]"
631,HASH,0.0003442525863647461,"[('Index Scan using idx_email_hash on user_app  (cost=0.00..8.02 rows=1 width=2088) (actual time=0.004..0.007 rows=1 loops=1)',), (""  Index Cond: ((email)::text = 'mzukjhwzzq@example.com'::text)"",), ('  Buffers: shared hit=2',), ('Planning Time: 0.022 ms',), ('Execution Time: 0.018 ms',)]"
632,No Index,0.00023264884948730468,"[('Index Scan using uniq_user_app_email on user_app  (cost=0.38..8.39 rows=1 width=2088) (actual time=0.008..0.012 rows=1 loops=1)',), (""  Index Cond: ((email)::text = 'oayrldqugs@example.com'::text)"",), ('  Buffers: shared hit=4',), ('Planning Time: 0.023 ms',), ('Execution Time: 0.022 ms',)]"
632,BTREE,0.0002884387969970703,"[('Index Scan using idx_email_btree on user_app  (cost=0.25..8.27 rows=1 width=2088) (actual time=0.007..0.011 rows=1 loops=1)',), (""  Index Cond: ((email)::text = 'shmruqqiya@example.com'::text)"",), ('  Buffers: shared hit=3',), ('Planning Time: 0.038 ms',), ('Execution Time: 0.023 ms',)]"
632,HASH,0.0002582550048828125,"[('Index Scan using idx_email_hash on user_app  (cost=0.00..8.02 rows=1 width=2088) (actual time=0.004..0.006 rows=1 loops=1)',), (""  Index Cond: ((email)::text = 'dvjbsthaoc@example.com'::text)"",), ('  Buffers: shared hit=2',), ('Planning Time: 0.020 ms',), ('Execution Time: 0.016 ms',)]"
633,No Index,0.00022792816162109375,"[('Index Scan using uniq_user_app_email on user_app  (cost=0.38..8.39 rows=1 width=2088) (actual time=0.007..0.010 rows=1 loops=1)',), (""  Index Cond: ((email)::text = 'yjyjetahce@example.com'::text)"",), ('  Buffers: shared hit=4',), ('Planning Time: 0.018 ms',), ('Execution Time: 0.021 ms',)]"
633,BTREE,0.00030376911163330076,"[('Index Scan using idx_email_btree on user_app  (cost=0.25..8.27 rows=1 width=2088) (actual time=0.006..0.009 rows=1 loops=1)',), (""  Index Cond: ((email)::text = 'cxxqcrmbka@example.com'::text)"",), ('  Buffers: shared hit=3',), ('Planning Time: 0.019 ms',), ('Execution Time: 0.018 ms',)]"
633,HASH,0.0002574920654296875,"[('Index Scan using idx_email_hash on user_app  (cost=0.00..8.02 rows=1 width=2088) (actual time=0.005..0.008 rows=1 loops=1)',), (""  Index Cond: ((email)::text = 'rxkqlvnevf@example.com'::text)"",), ('  Buffers: shared hit=2',), ('Planning Time: 0.031 ms',), ('Execution Time: 0.019 ms',)]"
634,No Index,0.0002693653106689453,"[('Index Scan using uniq_user_app_email on user_app  (cost=0.38..8.39 rows=1 width=2088) (actual time=0.007..0.010 rows=1 loops=1)',), (""  Index Cond: ((email)::text = 'aniflkxpwp@example.com'::text)"",), ('  Buffers: shared hit=4',), ('Planning Time: 0.019 ms',), ('Execution Time: 0.022 ms',)]"
634,BTREE,0.0002812623977661133,"[('Index Scan using idx_email_btree on user_app  (cost=0.25..8.27 rows=1 width=2088) (actual time=0.006..0.008 rows=1 loops=1)',), (""  Index Cond: ((email)::text = 'wyhuaqvcqt@example.com'::text)"",), ('  Buffers: shared hit=3',), ('Planning Time: 0.031 ms',), ('Execution Time: 0.021 ms',)]"
634,HASH,0.0006845235824584961,"[('Index Scan using idx_email_hash on user_app  (cost=0.00..8.02 rows=1 width=2088) (actual time=0.010..0.014 rows=1 loops=1)',), (""  Index Cond: ((email)::text = 'lnpdbpfiml@example.com'::text)"",), ('  Buffers: shared hit=2',), ('Planning Time: 0.053 ms',), ('Execution Time: 0.035 ms',)]"
635,No Index,0.00028858184814453127,"[('Index Scan using uniq_user_app_email on user_app  (cost=0.38..8.39 rows=1 width=2088) (actual time=0.006..0.009 rows=1 loops=1)',), (""  Index Cond: ((email)::text = 'nqavhjzdmz@example.com'::text)"",), ('  Buffers: shared hit=4',), ('Planning Time: 0.017 ms',), ('Execution Time: 0.021 ms',)]"
635,BTREE,0.0002721548080444336,"[('Index Scan using idx_email_btree on user_app  (cost=0.25..8.27 rows=1 width=2088) (actual time=0.006..0.008 rows=1 loops=1)',), (""  Index Cond: ((email)::text = 'zjljoxinpn@example.com'::text)"",), ('  Buffers: shared hit=3',), ('Planning Time: 0.022 ms',), ('Execution Time: 0.019 ms',)]"
635,HASH,0.00028176307678222655,"[('Index Scan using idx_email_hash on user_app  (cost=0.00..8.02 rows=1 width=2088) (actual time=0.004..0.007 rows=1 loops=1)',), (""  Index Cond: ((email)::text = 'snawwrnbum@example.com'::text)"",), ('  Buffers: shared hit=2',), ('Planning Time: 0.022 ms',), ('Execution Time: 0.018 ms',)]"
636,No Index,0.0004700660705566406,"[('Index Scan using uniq_user_app_email on user_app  (cost=0.38..8.39 rows=1 width=2088) (actual time=0.017..0.022 rows=1 loops=1)',), (""  Index Cond: ((email)::text = 'fsmnhrsjct@example.com'::text)"",), ('  Buffers: shared hit=4',), ('Planning Time: 0.045 ms',), ('Execution Time: 0.041 ms',)]"
636,BTREE,0.00026552677154541017,"[('Index Scan using idx_email_btree on user_app  (cost=0.25..8.27 rows=1 width=2088) (actual time=0.007..0.010 rows=1 loops=1)',), (""  Index Cond: ((email)::text = 'iztgroqukd@example.com'::text)"",), ('  Buffers: shared hit=3',), ('Planning Time: 0.023 ms',), ('Execution Time: 0.021 ms',)]"
636,HASH,0.00019431114196777344,"[('Index Scan using idx_email_hash on user_app  (cost=0.00..8.02 rows=1 width=2088) (actual time=0.004..0.007 rows=1 loops=1)',), (""  Index Cond: ((email)::text = 'crzybdwzmu@example.com'::text)"",), ('  Buffers: shared hit=2',), ('Planning Time: 0.019 ms',), ('Execution Time: 0.017 ms',)]"
637,No Index,0.00020351409912109376,"[('Index Scan using uniq_user_app_email on user_app  (cost=0.38..8.39 rows=1 width=2088) (actual time=0.006..0.009 rows=1 loops=1)',), (""  Index Cond: ((email)::text = 'stptmcwgij@example.com'::text)"",), ('  Buffers: shared hit=4',), ('Planning Time: 0.017 ms',), ('Execution Time: 0.019 ms',)]"
637,BTREE,0.00028738975524902346,"[('Index Scan using idx_email_btree on user_app  (cost=0.25..8.27 rows=1 width=2088) (actual time=0.007..0.009 rows=1 loops=1)',), (""  Index Cond: ((email)::text = 'cvomsgwhvu@example.com'::text)"",), ('  Buffers: shared hit=3',), ('Planning Time: 0.023 ms',), ('Execution Time: 0.020 ms',)]"
637,HASH,0.0002655506134033203,"[('Index Scan using idx_email_hash on user_app  (cost=0.00..8.02 rows=1 width=2088) (actual time=0.005..0.007 rows=1 loops=1)',), (""  Index Cond: ((email)::text = 'xwhcvjeuhh@example.com'::text)"",), ('  Buffers: shared hit=2',), ('Planning Time: 0.024 ms',), ('Execution Time: 0.019 ms',)]"
638,No Index,0.00048573017120361327,"[('Index Scan using uniq_user_app_email on user_app  (cost=0.38..8.39 rows=1 width=2088) (actual time=0.017..0.021 rows=1 loops=1)',), (""  Index Cond: ((email)::text = 'ksmpjbwuqm@example.com'::text)"",), ('  Buffers: shared hit=4',), ('Planning Time: 0.046 ms',), ('Execution Time: 0.042 ms',)]"
638,BTREE,0.00027647018432617185,"[('Index Scan using idx_email_btree on user_app  (cost=0.25..8.27 rows=1 width=2088) (actual time=0.007..0.010 rows=1 loops=1)',), (""  Index Cond: ((email)::text = 'biidgenzsc@example.com'::text)"",), ('  Buffers: shared hit=3',), ('Planning Time: 0.022 ms',), ('Execution Time: 0.020 ms',)]"
638,HASH,0.000551152229309082,"[('Index Scan using idx_email_hash on user_app  (cost=0.00..8.02 rows=1 width=2088) (actual time=0.011..0.016 rows=1 loops=1)',), (""  Index Cond: ((email)::text = 'gqlqosuvio@example.com'::text)"",), ('  Buffers: shared hit=2',), ('Planning Time: 0.066 ms',), ('Execution Time: 0.038 ms',)]"
639,No Index,0.0003020763397216797,"[('Index Scan using uniq_user_app_email on user_app  (cost=0.38..8.39 rows=1 width=2088) (actual time=0.010..0.013 rows=1 loops=1)',), (""  Index Cond: ((email)::text = 'keakynkzbw@example.com'::text)"",), ('  Buffers: shared hit=4',), ('Planning Time: 0.027 ms',), ('Execution Time: 0.027 ms',)]"
639,BTREE,0.00019576549530029297,"[('Index Scan using idx_email_btree on user_app  (cost=0.25..8.27 rows=1 width=2088) (actual time=0.006..0.009 rows=1 loops=1)',), (""  Index Cond: ((email)::text = 'owhzcanlqr@example.com'::text)"",), ('  Buffers: shared hit=3',), ('Planning Time: 0.019 ms',), ('Execution Time: 0.019 ms',)]"
639,HASH,0.0001960277557373047,"[('Index Scan using idx_email_hash on user_app  (cost=0.00..8.02 rows=1 width=2088) (actual time=0.004..0.007 rows=1 loops=1)',), (""  Index Cond: ((email)::text = 'slgljamavh@example.com'::text)"",), ('  Buffers: shared hit=2',), ('Planning Time: 0.018 ms',), ('Execution Time: 0.018 ms',)]"
640,No Index,0.00020127296447753907,"[('Index Scan using uniq_user_app_email on user_app  (cost=0.38..8.39 rows=1 width=2088) (actual time=0.007..0.009 rows=1 loops=1)',), (""  Index Cond: ((email)::text = 'llrpbopenl@example.com'::text)"",), ('  Buffers: shared hit=4',), ('Planning Time: 0.018 ms',), ('Execution Time: 0.020 ms',)]"
640,BTREE,0.0002445697784423828,"[('Index Scan using idx_email_btree on user_app  (cost=0.25..8.27 rows=1 width=2088) (actual time=0.007..0.010 rows=1 loops=1)',), (""  Index Cond: ((email)::text = 'unchxnrffn@example.com'::text)"",), ('  Buffers: shared hit=3',), ('Planning Time: 0.023 ms',), ('Execution Time: 0.021 ms',)]"
640,HASH,0.000297236442565918,"[('Index Scan using idx_email_hash on user_app  (cost=0.00..8.02 rows=1 width=2088) (actual time=0.003..0.007 rows=1 loops=1)',), (""  Index Cond: ((email)::text = 'dgkuqhvfyv@example.com'::text)"",), ('  Buffers: shared hit=2',), ('Planning Time: 0.021 ms',), ('Execution Time: 0.019 ms',)]"
641,No Index,0.0002771615982055664,"[('Index Scan using uniq_user_app_email on user_app  (cost=0.38..8.39 rows=1 width=2088) (actual time=0.008..0.011 rows=1 loops=1)',), (""  Index Cond: ((email)::text = 'gvokivmcfs@example.com'::text)"",), ('  Buffers: shared hit=4',), ('Planning Time: 0.021 ms',), ('Execution Time: 0.022 ms',)]"
641,BTREE,0.00026488304138183594,"[('Index Scan using idx_email_btree on user_app  (cost=0.25..8.27 rows=1 width=2088) (actual time=0.006..0.008 rows=1 loops=1)',), (""  Index Cond: ((email)::text = 'uxbiymnbrv@example.com'::text)"",), ('  Buffers: shared hit=3',), ('Planning Time: 0.020 ms',), ('Execution Time: 0.019 ms',)]"
641,HASH,0.0002989053726196289,"[('Index Scan using idx_email_hash on user_app  (cost=0.00..8.02 rows=1 width=2088) (actual time=0.005..0.007 rows=1 loops=1)',), (""  Index Cond: ((email)::text = 'spstkpozws@example.com'::text)"",), ('  Buffers: shared hit=2',), ('Planning Time: 0.023 ms',), ('Execution Time: 0.019 ms',)]"
642,No Index,0.0002971172332763672,"[('Index Scan using uniq_user_app_email on user_app  (cost=0.38..8.39 rows=1 width=2088) (actual time=0.008..0.010 rows=1 loops=1)',), (""  Index Cond: ((email)::text = 'dbcjrsbken@example.com'::text)"",), ('  Buffers: shared hit=4',), ('Planning Time: 0.021 ms',), ('Execution Time: 0.022 ms',)]"
642,BTREE,0.000680851936340332,"[('Index Scan using idx_email_btree on user_app  (cost=0.25..8.27 rows=1 width=2088) (actual time=0.016..0.021 rows=1 loops=1)',), (""  Index Cond: ((email)::text = 'qbzjieqatx@example.com'::text)"",), ('  Buffers: shared hit=3',), ('Planning Time: 0.062 ms',), ('Execution Time: 0.044 ms',)]"
642,HASH,0.00019545555114746093,"[('Index Scan using idx_email_hash on user_app  (cost=0.00..8.02 rows=1 width=2088) (actual time=0.004..0.007 rows=1 loops=1)',), (""  Index Cond: ((email)::text = 'scwkrlrdjl@example.com'::text)"",), ('  Buffers: shared hit=2',), ('Planning Time: 0.020 ms',), ('Execution Time: 0.017 ms',)]"
643,No Index,0.00026111602783203126,"[('Index Scan using uniq_user_app_email on user_app  (cost=0.38..8.39 rows=1 width=2088) (actual time=0.007..0.010 rows=1 loops=1)',), (""  Index Cond: ((email)::text = 'xeqgtkmjpq@example.com'::text)"",), ('  Buffers: shared hit=4',), ('Planning Time: 0.020 ms',), ('Execution Time: 0.021 ms',)]"
643,BTREE,0.00026237964630126953,"[('Index Scan using idx_email_btree on user_app  (cost=0.25..8.27 rows=1 width=2088) (actual time=0.006..0.009 rows=1 loops=1)',), (""  Index Cond: ((email)::text = 'yyozvdbalx@example.com'::text)"",), ('  Buffers: shared hit=3',), ('Planning Time: 0.021 ms',), ('Execution Time: 0.020 ms',)]"
643,HASH,0.00019447803497314454,"[('Index Scan using idx_email_hash on user_app  (cost=0.00..8.02 rows=1 width=2088) (actual time=0.004..0.007 rows=1 loops=1)',), (""  Index Cond: ((email)::text = 'fywbiuzash@example.com'::text)"",), ('  Buffers: shared hit=2',), ('Planning Time: 0.019 ms',), ('Execution Time: 0.018 ms',)]"
644,No Index,0.00019488334655761718,"[('Index Scan using uniq_user_app_email on user_app  (cost=0.38..8.39 rows=1 width=2088) (actual time=0.007..0.009 rows=1 loops=1)',), (""  Index Cond: ((email)::text = 'xgsmvhdsru@example.com'::text)"",), ('  Buffers: shared hit=4',), ('Planning Time: 0.017 ms',), ('Execution Time: 0.020 ms',)]"
644,BTREE,0.00019571781158447265,"[('Index Scan using idx_email_btree on user_app  (cost=0.25..8.27 rows=1 width=2088) (actual time=0.005..0.008 rows=1 loops=1)',), (""  Index Cond: ((email)::text = 'zxjiyhiomf@example.com'::text)"",), ('  Buffers: shared hit=3',), ('Planning Time: 0.019 ms',), ('Execution Time: 0.018 ms',)]"
644,HASH,0.00022084712982177733,"[('Index Scan using idx_email_hash on user_app  (cost=0.00..8.02 rows=1 width=2088) (actual time=0.008..0.012 rows=1 loops=1)',), (""  Index Cond: ((email)::text = 'ulxfhwjcwl@example.com'::text)"",), ('  Buffers: shared hit=2',), ('Planning Time: 0.041 ms',), ('Execution Time: 0.027 ms',)]"
645,No Index,0.000205230712890625,"[('Index Scan using uniq_user_app_email on user_app  (cost=0.38..8.39 rows=1 width=2088) (actual time=0.007..0.009 rows=1 loops=1)',), (""  Index Cond: ((email)::text = 'qqmmnnbaih@example.com'::text)"",), ('  Buffers: shared hit=4',), ('Planning Time: 0.018 ms',), ('Execution Time: 0.019 ms',)]"
645,BTREE,0.0002257823944091797,"[('Index Scan using idx_email_btree on user_app  (cost=0.25..8.27 rows=1 width=2088) (actual time=0.005..0.008 rows=1 loops=1)',), (""  Index Cond: ((email)::text = 'pytxjlbvtk@example.com'::text)"",), ('  Buffers: shared hit=3',), ('Planning Time: 0.019 ms',), ('Execution Time: 0.019 ms',)]"
645,HASH,0.00026383399963378904,"[('Index Scan using idx_email_hash on user_app  (cost=0.00..8.02 rows=1 width=2088) (actual time=0.004..0.006 rows=1 loops=1)',), (""  Index Cond: ((email)::text = 'jqjhujbqmj@example.com'::text)"",), ('  Buffers: shared hit=2',), ('Planning Time: 0.020 ms',), ('Execution Time: 0.017 ms',)]"
646,No Index,0.000381922721862793,"[('Index Scan using uniq_user_app_email on user_app  (cost=0.38..8.39 rows=1 width=2088) (actual time=0.016..0.020 rows=1 loops=1)',), (""  Index Cond: ((email)::text = 'qwrbgsfqre@example.com'::text)"",), ('  Buffers: shared hit=4',), ('Planning Time: 0.045 ms',), ('Execution Time: 0.038 ms',)]"
646,BTREE,0.0002921342849731445,"[('Index Scan using idx_email_btree on user_app  (cost=0.25..8.27 rows=1 width=2088) (actual time=0.006..0.009 rows=1 loops=1)',), (""  Index Cond: ((email)::text = 'vgvzcpucnt@example.com'::text)"",), ('  Buffers: shared hit=3',), ('Planning Time: 0.021 ms',), ('Execution Time: 0.020 ms',)]"
646,HASH,0.00025856494903564453,"[('Index Scan using idx_email_hash on user_app  (cost=0.00..8.02 rows=1 width=2088) (actual time=0.004..0.007 rows=1 loops=1)',), (""  Index Cond: ((email)::text = 'qzzpquktvx@example.com'::text)"",), ('  Buffers: shared hit=2',), ('Planning Time: 0.021 ms',), ('Execution Time: 0.018 ms',)]"
647,No Index,0.00026123523712158204,"[('Index Scan using uniq_user_app_email on user_app  (cost=0.38..8.39 rows=1 width=2088) (actual time=0.008..0.010 rows=1 loops=1)',), (""  Index Cond: ((email)::text = 'ugeykfhsxs@example.com'::text)"",), ('  Buffers: shared hit=4',), ('Planning Time: 0.019 ms',), ('Execution Time: 0.021 ms',)]"
647,BTREE,0.0002558708190917969,"[('Index Scan using idx_email_btree on user_app  (cost=0.25..8.27 rows=1 width=2088) (actual time=0.006..0.009 rows=1 loops=1)',), (""  Index Cond: ((email)::text = 'xlthbfptgt@example.com'::text)"",), ('  Buffers: shared hit=3',), ('Planning Time: 0.022 ms',), ('Execution Time: 0.018 ms',)]"
647,HASH,0.00025830268859863283,"[('Index Scan using idx_email_hash on user_app  (cost=0.00..8.02 rows=1 width=2088) (actual time=0.004..0.007 rows=1 loops=1)',), (""  Index Cond: ((email)::text = 'ypehkkfnxk@example.com'::text)"",), ('  Buffers: shared hit=2',), ('Planning Time: 0.021 ms',), ('Execution Time: 0.018 ms',)]"
648,No Index,0.0002633810043334961,"[('Index Scan using uniq_user_app_email on user_app  (cost=0.38..8.39 rows=1 width=2088) (actual time=0.007..0.009 rows=1 loops=1)',), (""  Index Cond: ((email)::text = 'fcdbeonhvp@example.com'::text)"",), ('  Buffers: shared hit=4',), ('Planning Time: 0.020 ms',), ('Execution Time: 0.020 ms',)]"
648,BTREE,0.0006306886672973633,"[('Index Scan using idx_email_btree on user_app  (cost=0.25..8.27 rows=1 width=2088) (actual time=0.015..0.020 rows=1 loops=1)',), (""  Index Cond: ((email)::text = 'zkunarsfjk@example.com'::text)"",), ('  Buffers: shared hit=3',), ('Planning Time: 0.058 ms',), ('Execution Time: 0.041 ms',)]"
648,HASH,0.0003179788589477539,"[('Index Scan using idx_email_hash on user_app  (cost=0.00..8.02 rows=1 width=2088) (actual time=0.004..0.007 rows=1 loops=1)',), (""  Index Cond: ((email)::text = 'mgzqicajul@example.com'::text)"",), ('  Buffers: shared hit=2',), ('Planning Time: 0.019 ms',), ('Execution Time: 0.018 ms',)]"
649,No Index,0.00038111209869384766,"[('Index Scan using uniq_user_app_email on user_app  (cost=0.38..8.39 rows=1 width=2088) (actual time=0.009..0.011 rows=1 loops=1)',), (""  Index Cond: ((email)::text = 'etxcenhvjm@example.com'::text)"",), ('  Buffers: shared hit=4',), ('Planning Time: 0.022 ms',), ('Execution Time: 0.022 ms',)]"
649,BTREE,0.0002976894378662109,"[('Index Scan using idx_email_btree on user_app  (cost=0.25..8.27 rows=1 width=2088) (actual time=0.006..0.010 rows=1 loops=1)',), (""  Index Cond: ((email)::text = 'lgsvwavyjq@example.com'::text)"",), ('  Buffers: shared hit=3',), ('Planning Time: 0.023 ms',), ('Execution Time: 0.020 ms',)]"
649,HASH,0.0006202459335327148,"[('Index Scan using idx_email_hash on user_app  (cost=0.00..8.02 rows=1 width=2088) (actual time=0.008..0.012 rows=1 loops=1)',), (""  Index Cond: ((email)::text = 'cfedoafqkp@example.com'::text)"",), ('  Buffers: shared hit=2',), ('Planning Time: 0.043 ms',), ('Execution Time: 0.028 ms',)]"
650,No Index,0.0002960681915283203,"[('Index Scan using uniq_user_app_email on user_app  (cost=0.38..8.39 rows=1 width=2088) (actual time=0.007..0.010 rows=1 loops=1)',), (""  Index Cond: ((email)::text = 'mtbjcuaxef@example.com'::text)"",), ('  Buffers: shared hit=4',), ('Planning Time: 0.018 ms',), ('Execution Time: 0.020 ms',)]"
650,BTREE,0.00019643306732177734,"[('Index Scan using idx_email_btree on user_app  (cost=0.25..8.27 rows=1 width=2088) (actual time=0.005..0.009 rows=1 loops=1)',), (""  Index Cond: ((email)::text = 'kgyufliuew@example.com'::text)"",), ('  Buffers: shared hit=3',), ('Planning Time: 0.019 ms',), ('Execution Time: 0.019 ms',)]"
650,HASH,0.0002995967864990234,"[('Index Scan using idx_email_hash on user_app  (cost=0.00..8.02 rows=1 width=2088) (actual time=0.005..0.008 rows=1 loops=1)',), (""  Index Cond: ((email)::text = 'pnqwwmxxqg@example.com'::text)"",), ('  Buffers: shared hit=2',), ('Planning Time: 0.024 ms',), ('Execution Time: 0.019 ms',)]"
651,No Index,0.00020194053649902344,"[('Index Scan using uniq_user_app_email on user_app  (cost=0.38..8.39 rows=1 width=2088) (actual time=0.007..0.010 rows=1 loops=1)',), (""  Index Cond: ((email)::text = 'subxsodqtj@example.com'::text)"",), ('  Buffers: shared hit=4',), ('Planning Time: 0.017 ms',), ('Execution Time: 0.020 ms',)]"
651,BTREE,0.000274205207824707,"[('Index Scan using idx_email_btree on user_app  (cost=0.25..8.27 rows=1 width=2088) (actual time=0.005..0.008 rows=1 loops=1)',), (""  Index Cond: ((email)::text = 'idductrarn@example.com'::text)"",), ('  Buffers: shared hit=3',), ('Planning Time: 0.020 ms',), ('Execution Time: 0.018 ms',)]"
651,HASH,0.00025136470794677733,"[('Index Scan using idx_email_hash on user_app  (cost=0.00..8.02 rows=1 width=2088) (actual time=0.004..0.007 rows=1 loops=1)',), (""  Index Cond: ((email)::text = 'inkbrkccbh@example.com'::text)"",), ('  Buffers: shared hit=2',), ('Planning Time: 0.023 ms',), ('Execution Time: 0.017 ms',)]"
652,No Index,0.0002533912658691406,"[('Index Scan using uniq_user_app_email on user_app  (cost=0.38..8.39 rows=1 width=2088) (actual time=0.007..0.010 rows=1 loops=1)',), (""  Index Cond: ((email)::text = 'sglkigfexh@example.com'::text)"",), ('  Buffers: shared hit=4',), ('Planning Time: 0.017 ms',), ('Execution Time: 0.020 ms',)]"
652,BTREE,0.0004916906356811524,"[('Index Scan using idx_email_btree on user_app  (cost=0.25..8.27 rows=1 width=2088) (actual time=0.017..0.022 rows=1 loops=1)',), (""  Index Cond: ((email)::text = 'qugtcfufjp@example.com'::text)"",), ('  Buffers: shared hit=3',), ('Planning Time: 0.063 ms',), ('Execution Time: 0.044 ms',)]"
652,HASH,0.0002993106842041016,"[('Index Scan using idx_email_hash on user_app  (cost=0.00..8.02 rows=1 width=2088) (actual time=0.004..0.007 rows=1 loops=1)',), (""  Index Cond: ((email)::text = 'ffbttqosvy@example.com'::text)"",), ('  Buffers: shared hit=2',), ('Planning Time: 0.023 ms',), ('Execution Time: 0.018 ms',)]"
653,No Index,0.0002240419387817383,"[('Index Scan using uniq_user_app_email on user_app  (cost=0.38..8.39 rows=1 width=2088) (actual time=0.007..0.009 rows=1 loops=1)',), (""  Index Cond: ((email)::text = 'hyrcvldybj@example.com'::text)"",), ('  Buffers: shared hit=4',), ('Planning Time: 0.017 ms',), ('Execution Time: 0.020 ms',)]"
653,BTREE,0.00029158592224121094,"[('Index Scan using idx_email_btree on user_app  (cost=0.25..8.27 rows=1 width=2088) (actual time=0.006..0.009 rows=1 loops=1)',), (""  Index Cond: ((email)::text = 'zapwgdmpsx@example.com'::text)"",), ('  Buffers: shared hit=3',), ('Planning Time: 0.023 ms',), ('Execution Time: 0.020 ms',)]"
653,HASH,0.0003021001815795898,"[('Index Scan using idx_email_hash on user_app  (cost=0.00..8.02 rows=1 width=2088) (actual time=0.007..0.010 rows=1 loops=1)',), (""  Index Cond: ((email)::text = 'unrmsxeoto@example.com'::text)"",), ('  Buffers: shared hit=2',), ('Planning Time: 0.039 ms',), ('Execution Time: 0.028 ms',)]"
654,No Index,0.0002595663070678711,"[('Index Scan using uniq_user_app_email on user_app  (cost=0.38..8.39 rows=1 width=2088) (actual time=0.007..0.011 rows=1 loops=1)',), (""  Index Cond: ((email)::text = 'hhpyxiavng@example.com'::text)"",), ('  Buffers: shared hit=4',), ('Planning Time: 0.017 ms',), ('Execution Time: 0.021 ms',)]"
654,BTREE,0.00027956962585449217,"[('Index Scan using idx_email_btree on user_app  (cost=0.25..8.27 rows=1 width=2088) (actual time=0.007..0.009 rows=1 loops=1)',), (""  Index Cond: ((email)::text = 'tcxgsskikk@example.com'::text)"",), ('  Buffers: shared hit=3',), ('Planning Time: 0.024 ms',), ('Execution Time: 0.020 ms',)]"
654,HASH,0.00022711753845214844,"[('Index Scan using idx_email_hash on user_app  (cost=0.00..8.02 rows=1 width=2088) (actual time=0.006..0.009 rows=1 loops=1)',), (""  Index Cond: ((email)::text = 'zslazzwcmr@example.com'::text)"",), ('  Buffers: shared hit=2',), ('Planning Time: 0.030 ms',), ('Execution Time: 0.022 ms',)]"
655,No Index,0.00020258426666259767,"[('Index Scan using uniq_user_app_email on user_app  (cost=0.38..8.39 rows=1 width=2088) (actual time=0.006..0.009 rows=1 loops=1)',), (""  Index Cond: ((email)::text = 'hwvaxjsyni@example.com'::text)"",), ('  Buffers: shared hit=4',), ('Planning Time: 0.017 ms',), ('Execution Time: 0.019 ms',)]"
655,BTREE,0.00019805431365966798,"[('Index Scan using idx_email_btree on user_app  (cost=0.25..8.27 rows=1 width=2088) (actual time=0.006..0.009 rows=1 loops=1)',), (""  Index Cond: ((email)::text = 'drqhdugune@example.com'::text)"",), ('  Buffers: shared hit=3',), ('Planning Time: 0.021 ms',), ('Execution Time: 0.020 ms',)]"
655,HASH,0.0005242824554443359,"[('Index Scan using idx_email_hash on user_app  (cost=0.00..8.02 rows=1 width=2088) (actual time=0.009..0.013 rows=1 loops=1)',), (""  Index Cond: ((email)::text = 'nxkdzsgdwf@example.com'::text)"",), ('  Buffers: shared hit=2',), ('Planning Time: 0.050 ms',), ('Execution Time: 0.032 ms',)]"
656,No Index,0.000662684440612793,"[('Index Scan using uniq_user_app_email on user_app  (cost=0.38..8.39 rows=1 width=2088) (actual time=0.018..0.023 rows=1 loops=1)',), (""  Index Cond: ((email)::text = 'pamgkpaksp@example.com'::text)"",), ('  Buffers: shared hit=4',), ('Planning Time: 0.053 ms',), ('Execution Time: 0.045 ms',)]"
656,BTREE,0.0002881288528442383,"[('Index Scan using idx_email_btree on user_app  (cost=0.25..8.27 rows=1 width=2088) (actual time=0.007..0.010 rows=1 loops=1)',), (""  Index Cond: ((email)::text = 'obbgdxtwqv@example.com'::text)"",), ('  Buffers: shared hit=3',), ('Planning Time: 0.024 ms',), ('Execution Time: 0.021 ms',)]"
656,HASH,0.000545048713684082,"[('Index Scan using idx_email_hash on user_app  (cost=0.00..8.02 rows=1 width=2088) (actual time=0.009..0.013 rows=1 loops=1)',), (""  Index Cond: ((email)::text = 'vlvwbzhlrd@example.com'::text)"",), ('  Buffers: shared hit=2',), ('Planning Time: 0.046 ms',), ('Execution Time: 0.031 ms',)]"
657,No Index,0.0002617835998535156,"[('Index Scan using uniq_user_app_email on user_app  (cost=0.38..8.39 rows=1 width=2088) (actual time=0.007..0.010 rows=1 loops=1)',), (""  Index Cond: ((email)::text = 'htaczdagzv@example.com'::text)"",), ('  Buffers: shared hit=4',), ('Planning Time: 0.019 ms',), ('Execution Time: 0.021 ms',)]"
657,BTREE,0.0005277395248413086,"[('Index Scan using idx_email_btree on user_app  (cost=0.25..8.27 rows=1 width=2088) (actual time=0.010..0.014 rows=1 loops=1)',), (""  Index Cond: ((email)::text = 'qinaotulab@example.com'::text)"",), ('  Buffers: shared hit=3',), ('Planning Time: 0.039 ms',), ('Execution Time: 0.030 ms',)]"
657,HASH,0.00031278133392333987,"[('Index Scan using idx_email_hash on user_app  (cost=0.00..8.02 rows=1 width=2088) (actual time=0.005..0.008 rows=1 loops=1)',), (""  Index Cond: ((email)::text = 'afritiaoej@example.com'::text)"",), ('  Buffers: shared hit=2',), ('Planning Time: 0.023 ms',), ('Execution Time: 0.019 ms',)]"
658,No Index,0.0003766059875488281,"[('Index Scan using uniq_user_app_email on user_app  (cost=0.38..8.39 rows=1 width=2088) (actual time=0.008..0.011 rows=1 loops=1)',), (""  Index Cond: ((email)::text = 'rzpzksjuxn@example.com'::text)"",), ('  Buffers: shared hit=4',), ('Planning Time: 0.048 ms',), ('Execution Time: 0.023 ms',)]"
658,BTREE,0.00021557807922363282,"[('Index Scan using idx_email_btree on user_app  (cost=0.25..8.27 rows=1 width=2088) (actual time=0.007..0.009 rows=1 loops=1)',), (""  Index Cond: ((email)::text = 'zjestkhtph@example.com'::text)"",), ('  Buffers: shared hit=3',), ('Planning Time: 0.024 ms',), ('Execution Time: 0.021 ms',)]"
658,HASH,0.0002185344696044922,"[('Index Scan using idx_email_hash on user_app  (cost=0.00..8.02 rows=1 width=2088) (actual time=0.005..0.008 rows=1 loops=1)',), (""  Index Cond: ((email)::text = 'mhxakfhlfe@example.com'::text)"",), ('  Buffers: shared hit=2',), ('Planning Time: 0.023 ms',), ('Execution Time: 0.019 ms',)]"
659,No Index,0.000278019905090332,"[('Index Scan using uniq_user_app_email on user_app  (cost=0.38..8.39 rows=1 width=2088) (actual time=0.007..0.009 rows=1 loops=1)',), (""  Index Cond: ((email)::text = 'dfwcgcjuoc@example.com'::text)"",), ('  Buffers: shared hit=4',), ('Planning Time: 0.017 ms',), ('Execution Time: 0.020 ms',)]"
659,BTREE,0.000540471076965332,"[('Index Scan using idx_email_btree on user_app  (cost=0.25..8.27 rows=1 width=2088) (actual time=0.013..0.016 rows=1 loops=1)',), (""  Index Cond: ((email)::text = 'cjdnnwgpcg@example.com'::text)"",), ('  Buffers: shared hit=3',), ('Planning Time: 0.044 ms',), ('Execution Time: 0.030 ms',)]"
659,HASH,0.0002673625946044922,"[('Index Scan using idx_email_hash on user_app  (cost=0.00..8.02 rows=1 width=2088) (actual time=0.004..0.007 rows=1 loops=1)',), (""  Index Cond: ((email)::text = 'vnpdehcdic@example.com'::text)"",), ('  Buffers: shared hit=2',), ('Planning Time: 0.021 ms',), ('Execution Time: 0.018 ms',)]"
660,No Index,0.0004751920700073242,"[('Index Scan using uniq_user_app_email on user_app  (cost=0.38..8.39 rows=1 width=2088) (actual time=0.017..0.020 rows=1 loops=1)',), (""  Index Cond: ((email)::text = 'sjzuttwuyo@example.com'::text)"",), ('  Buffers: shared hit=4',), ('Planning Time: 0.046 ms',), ('Execution Time: 0.041 ms',)]"
660,BTREE,0.0002463579177856445,"[('Index Scan using idx_email_btree on user_app  (cost=0.25..8.27 rows=1 width=2088) (actual time=0.005..0.009 rows=1 loops=1)',), (""  Index Cond: ((email)::text = 'lthfdpzlkg@example.com'::text)"",), ('  Buffers: shared hit=3',), ('Planning Time: 0.019 ms',), ('Execution Time: 0.020 ms',)]"
660,HASH,0.0002708911895751953,"[('Index Scan using idx_email_hash on user_app  (cost=0.00..8.02 rows=1 width=2088) (actual time=0.005..0.008 rows=1 loops=1)',), (""  Index Cond: ((email)::text = 'wnuqgbstqo@example.com'::text)"",), ('  Buffers: shared hit=2',), ('Planning Time: 0.024 ms',), ('Execution Time: 0.019 ms',)]"
661,No Index,0.0002042531967163086,"[('Index Scan using uniq_user_app_email on user_app  (cost=0.38..8.39 rows=1 width=2088) (actual time=0.008..0.012 rows=1 loops=1)',), (""  Index Cond: ((email)::text = 'cgtvecuobz@example.com'::text)"",), ('  Buffers: shared hit=4',), ('Planning Time: 0.022 ms',), ('Execution Time: 0.022 ms',)]"
661,BTREE,0.00032944679260253905,"[('Index Scan using idx_email_btree on user_app  (cost=0.25..8.27 rows=1 width=2088) (actual time=0.005..0.008 rows=1 loops=1)',), (""  Index Cond: ((email)::text = 'wavbenufmq@example.com'::text)"",), ('  Buffers: shared hit=3',), ('Planning Time: 0.021 ms',), ('Execution Time: 0.019 ms',)]"
661,HASH,0.00025699138641357424,"[('Index Scan using idx_email_hash on user_app  (cost=0.00..8.02 rows=1 width=2088) (actual time=0.004..0.006 rows=1 loops=1)',), (""  Index Cond: ((email)::text = 'xrqimiszhl@example.com'::text)"",), ('  Buffers: shared hit=2',), ('Planning Time: 0.019 ms',), ('Execution Time: 0.017 ms',)]"
662,No Index,0.0005983352661132812,"[('Index Scan using uniq_user_app_email on user_app  (cost=0.38..8.39 rows=1 width=2088) (actual time=0.019..0.024 rows=1 loops=1)',), (""  Index Cond: ((email)::text = 'ozywrqcxoi@example.com'::text)"",), ('  Buffers: shared hit=4',), ('Planning Time: 0.023 ms',), ('Execution Time: 0.041 ms',)]"
662,BTREE,0.00034971237182617186,"[('Index Scan using idx_email_btree on user_app  (cost=0.25..8.27 rows=1 width=2088) (actual time=0.006..0.009 rows=1 loops=1)',), (""  Index Cond: ((email)::text = 'uxplfdbyqa@example.com'::text)"",), ('  Buffers: shared hit=3',), ('Planning Time: 0.023 ms',), ('Execution Time: 0.022 ms',)]"
662,HASH,0.00027785301208496096,"[('Index Scan using idx_email_hash on user_app  (cost=0.00..8.02 rows=1 width=2088) (actual time=0.005..0.008 rows=1 loops=1)',), (""  Index Cond: ((email)::text = 'uirqfrjoyv@example.com'::text)"",), ('  Buffers: shared hit=2',), ('Planning Time: 0.023 ms',), ('Execution Time: 0.019 ms',)]"
663,No Index,0.0003424644470214844,"[('Index Scan using uniq_user_app_email on user_app  (cost=0.38..8.39 rows=1 width=2088) (actual time=0.009..0.011 rows=1 loops=1)',), (""  Index Cond: ((email)::text = 'wlxqgpdupu@example.com'::text)"",), ('  Buffers: shared hit=4',), ('Planning Time: 0.020 ms',), ('Execution Time: 0.023 ms',)]"
663,BTREE,0.000200653076171875,"[('Index Scan using idx_email_btree on user_app  (cost=0.25..8.27 rows=1 width=2088) (actual time=0.006..0.008 rows=1 loops=1)',), (""  Index Cond: ((email)::text = 'sahcqpbrvo@example.com'::text)"",), ('  Buffers: shared hit=3',), ('Planning Time: 0.020 ms',), ('Execution Time: 0.017 ms',)]"
663,HASH,0.00019423961639404298,"[('Index Scan using idx_email_hash on user_app  (cost=0.00..8.02 rows=1 width=2088) (actual time=0.004..0.007 rows=1 loops=1)',), (""  Index Cond: ((email)::text = 'srkrvqkwbt@example.com'::text)"",), ('  Buffers: shared hit=2',), ('Planning Time: 0.019 ms',), ('Execution Time: 0.017 ms',)]"
664,No Index,0.0004772186279296875,"[('Index Scan using uniq_user_app_email on user_app  (cost=0.38..8.39 rows=1 width=2088) (actual time=0.013..0.017 rows=1 loops=1)',), (""  Index Cond: ((email)::text = 'yjiuqebwkn@example.com'::text)"",), ('  Buffers: shared hit=4',), ('Planning Time: 0.034 ms',), ('Execution Time: 0.034 ms',)]"
664,BTREE,0.0003010272979736328,"[('Index Scan using idx_email_btree on user_app  (cost=0.25..8.27 rows=1 width=2088) (actual time=0.006..0.009 rows=1 loops=1)',), (""  Index Cond: ((email)::text = 'wwafhrqixd@example.com'::text)"",), ('  Buffers: shared hit=3',), ('Planning Time: 0.021 ms',), ('Execution Time: 0.020 ms',)]"
664,HASH,0.00019850730895996094,"[('Index Scan using idx_email_hash on user_app  (cost=0.00..8.02 rows=1 width=2088) (actual time=0.004..0.006 rows=1 loops=1)',), (""  Index Cond: ((email)::text = 'grqyeatfdh@example.com'::text)"",), ('  Buffers: shared hit=2',), ('Planning Time: 0.019 ms',), ('Execution Time: 0.019 ms',)]"
665,No Index,0.0002915143966674805,"[('Index Scan using uniq_user_app_email on user_app  (cost=0.38..8.39 rows=1 width=2088) (actual time=0.014..0.017 rows=1 loops=1)',), (""  Index Cond: ((email)::text = 'vrxisursmy@example.com'::text)"",), ('  Buffers: shared hit=4',), ('Planning Time: 0.041 ms',), ('Execution Time: 0.031 ms',)]"
665,BTREE,0.00026607513427734375,"[('Index Scan using idx_email_btree on user_app  (cost=0.25..8.27 rows=1 width=2088) (actual time=0.006..0.009 rows=1 loops=1)',), (""  Index Cond: ((email)::text = 'pslevszema@example.com'::text)"",), ('  Buffers: shared hit=3',), ('Planning Time: 0.021 ms',), ('Execution Time: 0.020 ms',)]"
665,HASH,0.00026361942291259767,"[('Index Scan using idx_email_hash on user_app  (cost=0.00..8.02 rows=1 width=2088) (actual time=0.005..0.008 rows=1 loops=1)',), (""  Index Cond: ((email)::text = 'xwyfayaido@example.com'::text)"",), ('  Buffers: shared hit=2',), ('Planning Time: 0.022 ms',), ('Execution Time: 0.018 ms',)]"
666,No Index,0.00020172595977783204,"[('Index Scan using uniq_user_app_email on user_app  (cost=0.38..8.39 rows=1 width=2088) (actual time=0.006..0.008 rows=1 loops=1)',), (""  Index Cond: ((email)::text = 'nzsnoulufj@example.com'::text)"",), ('  Buffers: shared hit=4',), ('Planning Time: 0.018 ms',), ('Execution Time: 0.020 ms',)]"
666,BTREE,0.00020024776458740234,"[('Index Scan using idx_email_btree on user_app  (cost=0.25..8.27 rows=1 width=2088) (actual time=0.005..0.008 rows=1 loops=1)',), (""  Index Cond: ((email)::text = 'okjjsexrmd@example.com'::text)"",), ('  Buffers: shared hit=3',), ('Planning Time: 0.019 ms',), ('Execution Time: 0.019 ms',)]"
666,HASH,0.00021665096282958985,"[('Index Scan using idx_email_hash on user_app  (cost=0.00..8.02 rows=1 width=2088) (actual time=0.005..0.008 rows=1 loops=1)',), (""  Index Cond: ((email)::text = 'gvfuiqjrel@example.com'::text)"",), ('  Buffers: shared hit=2',), ('Planning Time: 0.023 ms',), ('Execution Time: 0.018 ms',)]"
667,No Index,0.0002007007598876953,"[('Index Scan using uniq_user_app_email on user_app  (cost=0.38..8.39 rows=1 width=2088) (actual time=0.007..0.009 rows=1 loops=1)',), (""  Index Cond: ((email)::text = 'aghlqajbex@example.com'::text)"",), ('  Buffers: shared hit=4',), ('Planning Time: 0.017 ms',), ('Execution Time: 0.020 ms',)]"
667,BTREE,0.00027196407318115235,"[('Index Scan using idx_email_btree on user_app  (cost=0.25..8.27 rows=1 width=2088) (actual time=0.006..0.009 rows=1 loops=1)',), (""  Index Cond: ((email)::text = 'qhqlrjthfc@example.com'::text)"",), ('  Buffers: shared hit=3',), ('Planning Time: 0.020 ms',), ('Execution Time: 0.020 ms',)]"
667,HASH,0.00025284290313720703,"[('Index Scan using idx_email_hash on user_app  (cost=0.00..8.02 rows=1 width=2088) (actual time=0.004..0.006 rows=1 loops=1)',), (""  Index Cond: ((email)::text = 'jzzzfsmvgg@example.com'::text)"",), ('  Buffers: shared hit=2',), ('Planning Time: 0.019 ms',), ('Execution Time: 0.016 ms',)]"
668,No Index,0.00029866695404052735,"[('Index Scan using uniq_user_app_email on user_app  (cost=0.38..8.39 rows=1 width=2088) (actual time=0.009..0.011 rows=1 loops=1)',), (""  Index Cond: ((email)::text = 'wabuilxlti@example.com'::text)"",), ('  Buffers: shared hit=4',), ('Planning Time: 0.023 ms',), ('Execution Time: 0.023 ms',)]"
668,BTREE,0.0004131555557250977,"[('Index Scan using idx_email_btree on user_app  (cost=0.25..8.27 rows=1 width=2088) (actual time=0.007..0.009 rows=1 loops=1)',), (""  Index Cond: ((email)::text = 'nlpjawgcut@example.com'::text)"",), ('  Buffers: shared hit=3',), ('Planning Time: 0.023 ms',), ('Execution Time: 0.021 ms',)]"
668,HASH,0.00026195049285888673,"[('Index Scan using idx_email_hash on user_app  (cost=0.00..8.02 rows=1 width=2088) (actual time=0.005..0.009 rows=1 loops=1)',), (""  Index Cond: ((email)::text = 'qctibdtnbw@example.com'::text)"",), ('  Buffers: shared hit=2',), ('Planning Time: 0.023 ms',), ('Execution Time: 0.018 ms',)]"
669,No Index,0.00026752948760986326,"[('Index Scan using uniq_user_app_email on user_app  (cost=0.38..8.39 rows=1 width=2088) (actual time=0.007..0.010 rows=1 loops=1)',), (""  Index Cond: ((email)::text = 'studhesrmo@example.com'::text)"",), ('  Buffers: shared hit=4',), ('Planning Time: 0.017 ms',), ('Execution Time: 0.021 ms',)]"
669,BTREE,0.00020492076873779297,"[('Index Scan using idx_email_btree on user_app  (cost=0.25..8.27 rows=1 width=2088) (actual time=0.005..0.008 rows=1 loops=1)',), (""  Index Cond: ((email)::text = 'waruzgfths@example.com'::text)"",), ('  Buffers: shared hit=3',), ('Planning Time: 0.023 ms',), ('Execution Time: 0.020 ms',)]"
669,HASH,0.0006277084350585938,"[('Index Scan using idx_email_hash on user_app  (cost=0.00..8.02 rows=1 width=2088) (actual time=0.012..0.018 rows=1 loops=1)',), (""  Index Cond: ((email)::text = 'iebjytlffx@example.com'::text)"",), ('  Buffers: shared hit=2',), ('Planning Time: 0.062 ms',), ('Execution Time: 0.039 ms',)]"
670,No Index,0.0002939939498901367,"[('Index Scan using uniq_user_app_email on user_app  (cost=0.38..8.39 rows=1 width=2088) (actual time=0.008..0.012 rows=1 loops=1)',), (""  Index Cond: ((email)::text = 'mifwkumqmr@example.com'::text)"",), ('  Buffers: shared hit=4',), ('Planning Time: 0.022 ms',), ('Execution Time: 0.023 ms',)]"
670,BTREE,0.0006655216217041016,"[('Index Scan using idx_email_btree on user_app  (cost=0.25..8.27 rows=1 width=2088) (actual time=0.016..0.021 rows=1 loops=1)',), (""  Index Cond: ((email)::text = 'lsuvzseytq@example.com'::text)"",), ('  Buffers: shared hit=3',), ('Planning Time: 0.059 ms',), ('Execution Time: 0.041 ms',)]"
670,HASH,0.000274658203125,"[('Index Scan using idx_email_hash on user_app  (cost=0.00..8.02 rows=1 width=2088) (actual time=0.004..0.007 rows=1 loops=1)',), (""  Index Cond: ((email)::text = 'rartsujwkp@example.com'::text)"",), ('  Buffers: shared hit=2',), ('Planning Time: 0.019 ms',), ('Execution Time: 0.017 ms',)]"
671,No Index,0.00021224021911621095,"[('Index Scan using uniq_user_app_email on user_app  (cost=0.38..8.39 rows=1 width=2088) (actual time=0.009..0.013 rows=1 loops=1)',), (""  Index Cond: ((email)::text = 'whgkpozbbf@example.com'::text)"",), ('  Buffers: shared hit=4',), ('Planning Time: 0.022 ms',), ('Execution Time: 0.023 ms',)]"
671,BTREE,0.00036747455596923827,"[('Index Scan using idx_email_btree on user_app  (cost=0.25..8.27 rows=1 width=2088) (actual time=0.010..0.014 rows=1 loops=1)',), (""  Index Cond: ((email)::text = 'pieluofawy@example.com'::text)"",), ('  Buffers: shared hit=3',), ('Planning Time: 0.042 ms',), ('Execution Time: 0.030 ms',)]"
671,HASH,0.00019168853759765625,"[('Index Scan using idx_email_hash on user_app  (cost=0.00..8.02 rows=1 width=2088) (actual time=0.003..0.006 rows=1 loops=1)',), (""  Index Cond: ((email)::text = 'okggpflvcc@example.com'::text)"",), ('  Buffers: shared hit=2',), ('Planning Time: 0.019 ms',), ('Execution Time: 0.016 ms',)]"
672,No Index,0.0003356456756591797,"[('Index Scan using uniq_user_app_email on user_app  (cost=0.38..8.39 rows=1 width=2088) (actual time=0.007..0.009 rows=1 loops=1)',), (""  Index Cond: ((email)::text = 'mvtmvjikld@example.com'::text)"",), ('  Buffers: shared hit=4',), ('Planning Time: 0.019 ms',), ('Execution Time: 0.021 ms',)]"
672,BTREE,0.0002477884292602539,"[('Index Scan using idx_email_btree on user_app  (cost=0.25..8.27 rows=1 width=2088) (actual time=0.007..0.009 rows=1 loops=1)',), (""  Index Cond: ((email)::text = 'wdgohoyatb@example.com'::text)"",), ('  Buffers: shared hit=3',), ('Planning Time: 0.028 ms',), ('Execution Time: 0.022 ms',)]"
672,HASH,0.00025594234466552734,"[('Index Scan using idx_email_hash on user_app  (cost=0.00..8.02 rows=1 width=2088) (actual time=0.009..0.012 rows=1 loops=1)',), (""  Index Cond: ((email)::text = 'keimqvzodu@example.com'::text)"",), ('  Buffers: shared hit=2',), ('Planning Time: 0.038 ms',), ('Execution Time: 0.025 ms',)]"
673,No Index,0.00028650760650634767,"[('Index Scan using uniq_user_app_email on user_app  (cost=0.38..8.39 rows=1 width=2088) (actual time=0.009..0.012 rows=1 loops=1)',), (""  Index Cond: ((email)::text = 'mstskrsfib@example.com'::text)"",), ('  Buffers: shared hit=4',), ('Planning Time: 0.023 ms',), ('Execution Time: 0.022 ms',)]"
673,BTREE,0.00036084651947021484,"[('Index Scan using idx_email_btree on user_app  (cost=0.25..8.27 rows=1 width=2088) (actual time=0.011..0.015 rows=1 loops=1)',), (""  Index Cond: ((email)::text = 'kdhdfbqvkb@example.com'::text)"",), ('  Buffers: shared hit=3',), ('Planning Time: 0.040 ms',), ('Execution Time: 0.032 ms',)]"
673,HASH,0.0003098964691162109,"[('Index Scan using idx_email_hash on user_app  (cost=0.00..8.02 rows=1 width=2088) (actual time=0.004..0.007 rows=1 loops=1)',), (""  Index Cond: ((email)::text = 'bknzllqsms@example.com'::text)"",), ('  Buffers: shared hit=2',), ('Planning Time: 0.022 ms',), ('Execution Time: 0.019 ms',)]"
674,No Index,0.00036995410919189454,"[('Index Scan using uniq_user_app_email on user_app  (cost=0.38..8.39 rows=1 width=2088) (actual time=0.007..0.010 rows=1 loops=1)',), (""  Index Cond: ((email)::text = 'qqjatknvkg@example.com'::text)"",), ('  Buffers: shared hit=4',), ('Planning Time: 0.018 ms',), ('Execution Time: 0.021 ms',)]"
674,BTREE,0.00020127296447753907,"[('Index Scan using idx_email_btree on user_app  (cost=0.25..8.27 rows=1 width=2088) (actual time=0.006..0.008 rows=1 loops=1)',), (""  Index Cond: ((email)::text = 'yijctlzimt@example.com'::text)"",), ('  Buffers: shared hit=3',), ('Planning Time: 0.019 ms',), ('Execution Time: 0.019 ms',)]"
674,HASH,0.0003434419631958008,"[('Index Scan using idx_email_hash on user_app  (cost=0.00..8.02 rows=1 width=2088) (actual time=0.008..0.011 rows=1 loops=1)',), (""  Index Cond: ((email)::text = 'qfyutxhsfz@example.com'::text)"",), ('  Buffers: shared hit=2',), ('Planning Time: 0.039 ms',), ('Execution Time: 0.024 ms',)]"
675,No Index,0.00037319660186767577,"[('Index Scan using uniq_user_app_email on user_app  (cost=0.38..8.39 rows=1 width=2088) (actual time=0.013..0.016 rows=1 loops=1)',), (""  Index Cond: ((email)::text = 'pyesqhnoka@example.com'::text)"",), ('  Buffers: shared hit=4',), ('Planning Time: 0.036 ms',), ('Execution Time: 0.034 ms',)]"
675,BTREE,0.00026447772979736327,"[('Index Scan using idx_email_btree on user_app  (cost=0.25..8.27 rows=1 width=2088) (actual time=0.006..0.009 rows=1 loops=1)',), (""  Index Cond: ((email)::text = 'gxrsmtaspc@example.com'::text)"",), ('  Buffers: shared hit=3',), ('Planning Time: 0.022 ms',), ('Execution Time: 0.020 ms',)]"
675,HASH,0.00019679069519042968,"[('Index Scan using idx_email_hash on user_app  (cost=0.00..8.02 rows=1 width=2088) (actual time=0.004..0.007 rows=1 loops=1)',), (""  Index Cond: ((email)::text = 'lnpxrjqaag@example.com'::text)"",), ('  Buffers: shared hit=2',), ('Planning Time: 0.019 ms',), ('Execution Time: 0.017 ms',)]"
676,No Index,0.00031490325927734374,"[('Index Scan using uniq_user_app_email on user_app  (cost=0.38..8.39 rows=1 width=2088) (actual time=0.009..0.011 rows=1 loops=1)',), (""  Index Cond: ((email)::text = 'zwulfsujup@example.com'::text)"",), ('  Buffers: shared hit=4',), ('Planning Time: 0.021 ms',), ('Execution Time: 0.022 ms',)]"
676,BTREE,0.0005449056625366211,"[('Index Scan using idx_email_btree on user_app  (cost=0.25..8.27 rows=1 width=2088) (actual time=0.019..0.023 rows=1 loops=1)',), (""  Index Cond: ((email)::text = 'xconhfwrlj@example.com'::text)"",), ('  Buffers: shared hit=3',), ('Planning Time: 0.062 ms',), ('Execution Time: 0.045 ms',)]"
676,HASH,0.0004986047744750977,"[('Index Scan using idx_email_hash on user_app  (cost=0.00..8.02 rows=1 width=2088) (actual time=0.009..0.013 rows=1 loops=1)',), (""  Index Cond: ((email)::text = 'nknbwrmlkj@example.com'::text)"",), ('  Buffers: shared hit=2',), ('Planning Time: 0.050 ms',), ('Execution Time: 0.033 ms',)]"
677,No Index,0.00028750896453857424,"[('Index Scan using uniq_user_app_email on user_app  (cost=0.38..8.39 rows=1 width=2088) (actual time=0.008..0.011 rows=1 loops=1)',), (""  Index Cond: ((email)::text = 'vkonsezjae@example.com'::text)"",), ('  Buffers: shared hit=4',), ('Planning Time: 0.018 ms',), ('Execution Time: 0.021 ms',)]"
677,BTREE,0.00027077198028564454,"[('Index Scan using idx_email_btree on user_app  (cost=0.25..8.27 rows=1 width=2088) (actual time=0.007..0.010 rows=1 loops=1)',), (""  Index Cond: ((email)::text = 'iefffhgxiz@example.com'::text)"",), ('  Buffers: shared hit=3',), ('Planning Time: 0.023 ms',), ('Execution Time: 0.020 ms',)]"
677,HASH,0.0002282857894897461,"[('Index Scan using idx_email_hash on user_app  (cost=0.00..8.02 rows=1 width=2088) (actual time=0.004..0.007 rows=1 loops=1)',), (""  Index Cond: ((email)::text = 'niqfkxgwso@example.com'::text)"",), ('  Buffers: shared hit=2',), ('Planning Time: 0.043 ms',), ('Execution Time: 0.019 ms',)]"
678,No Index,0.00021889209747314454,"[('Index Scan using uniq_user_app_email on user_app  (cost=0.38..8.39 rows=1 width=2088) (actual time=0.012..0.015 rows=1 loops=1)',), (""  Index Cond: ((email)::text = 'miodrhajyf@example.com'::text)"",), ('  Buffers: shared hit=4',), ('Planning Time: 0.030 ms',), ('Execution Time: 0.027 ms',)]"
678,BTREE,0.000262451171875,"[('Index Scan using idx_email_btree on user_app  (cost=0.25..8.27 rows=1 width=2088) (actual time=0.006..0.008 rows=1 loops=1)',), (""  Index Cond: ((email)::text = 'fayoksgneq@example.com'::text)"",), ('  Buffers: shared hit=3',), ('Planning Time: 0.019 ms',), ('Execution Time: 0.019 ms',)]"
678,HASH,0.0002178192138671875,"[('Index Scan using idx_email_hash on user_app  (cost=0.00..8.02 rows=1 width=2088) (actual time=0.004..0.006 rows=1 loops=1)',), (""  Index Cond: ((email)::text = 'visvzyalen@example.com'::text)"",), ('  Buffers: shared hit=2',), ('Planning Time: 0.019 ms',), ('Execution Time: 0.017 ms',)]"
679,No Index,0.0002536773681640625,"[('Index Scan using uniq_user_app_email on user_app  (cost=0.38..8.39 rows=1 width=2088) (actual time=0.007..0.010 rows=1 loops=1)',), (""  Index Cond: ((email)::text = 'jhdusqoevw@example.com'::text)"",), ('  Buffers: shared hit=4',), ('Planning Time: 0.017 ms',), ('Execution Time: 0.021 ms',)]"
679,BTREE,0.0005342721939086914,"[('Index Scan using idx_email_btree on user_app  (cost=0.25..8.27 rows=1 width=2088) (actual time=0.017..0.022 rows=1 loops=1)',), (""  Index Cond: ((email)::text = 'cwjjhfqjgc@example.com'::text)"",), ('  Buffers: shared hit=3',), ('Planning Time: 0.064 ms',), ('Execution Time: 0.043 ms',)]"
679,HASH,0.00020613670349121094,"[('Index Scan using idx_email_hash on user_app  (cost=0.00..8.02 rows=1 width=2088) (actual time=0.004..0.007 rows=1 loops=1)',), (""  Index Cond: ((email)::text = 'zdklitmvlz@example.com'::text)"",), ('  Buffers: shared hit=2',), ('Planning Time: 0.019 ms',), ('Execution Time: 0.018 ms',)]"
680,No Index,0.00022003650665283203,"[('Index Scan using uniq_user_app_email on user_app  (cost=0.38..8.39 rows=1 width=2088) (actual time=0.007..0.010 rows=1 loops=1)',), (""  Index Cond: ((email)::text = 'mdkslonrxa@example.com'::text)"",), ('  Buffers: shared hit=4',), ('Planning Time: 0.017 ms',), ('Execution Time: 0.021 ms',)]"
680,BTREE,0.00029306411743164064,"[('Index Scan using idx_email_btree on user_app  (cost=0.25..8.27 rows=1 width=2088) (actual time=0.006..0.010 rows=1 loops=1)',), (""  Index Cond: ((email)::text = 'phphewlpwy@example.com'::text)"",), ('  Buffers: shared hit=3',), ('Planning Time: 0.023 ms',), ('Execution Time: 0.021 ms',)]"
680,HASH,0.00025234222412109377,"[('Index Scan using idx_email_hash on user_app  (cost=0.00..8.02 rows=1 width=2088) (actual time=0.004..0.007 rows=1 loops=1)',), (""  Index Cond: ((email)::text = 'umosxhfhtj@example.com'::text)"",), ('  Buffers: shared hit=2',), ('Planning Time: 0.019 ms',), ('Execution Time: 0.016 ms',)]"
681,No Index,0.0002813577651977539,"[('Index Scan using uniq_user_app_email on user_app  (cost=0.38..8.39 rows=1 width=2088) (actual time=0.008..0.011 rows=1 loops=1)',), (""  Index Cond: ((email)::text = 'trmqfdhwhm@example.com'::text)"",), ('  Buffers: shared hit=4',), ('Planning Time: 0.021 ms',), ('Execution Time: 0.022 ms',)]"
681,BTREE,0.0003100156784057617,"[('Index Scan using idx_email_btree on user_app  (cost=0.25..8.27 rows=1 width=2088) (actual time=0.008..0.010 rows=1 loops=1)',), (""  Index Cond: ((email)::text = 'xdnfawmckg@example.com'::text)"",), ('  Buffers: shared hit=3',), ('Planning Time: 0.029 ms',), ('Execution Time: 0.022 ms',)]"
681,HASH,0.0001993894577026367,"[('Index Scan using idx_email_hash on user_app  (cost=0.00..8.02 rows=1 width=2088) (actual time=0.003..0.006 rows=1 loops=1)',), (""  Index Cond: ((email)::text = 'eyvctsgxfu@example.com'::text)"",), ('  Buffers: shared hit=2',), ('Planning Time: 0.019 ms',), ('Execution Time: 0.016 ms',)]"
682,No Index,0.00021331310272216798,"[('Index Scan using uniq_user_app_email on user_app  (cost=0.38..8.39 rows=1 width=2088) (actual time=0.008..0.011 rows=1 loops=1)',), (""  Index Cond: ((email)::text = 'oznepexagw@example.com'::text)"",), ('  Buffers: shared hit=4',), ('Planning Time: 0.017 ms',), ('Execution Time: 0.021 ms',)]"
682,BTREE,0.0002604007720947266,"[('Index Scan using idx_email_btree on user_app  (cost=0.25..8.27 rows=1 width=2088) (actual time=0.006..0.009 rows=1 loops=1)',), (""  Index Cond: ((email)::text = 'jampooqmrf@example.com'::text)"",), ('  Buffers: shared hit=3',), ('Planning Time: 0.020 ms',), ('Execution Time: 0.019 ms',)]"
682,HASH,0.0003093242645263672,"[('Index Scan using idx_email_hash on user_app  (cost=0.00..8.02 rows=1 width=2088) (actual time=0.004..0.007 rows=1 loops=1)',), (""  Index Cond: ((email)::text = 'srygtvfvlq@example.com'::text)"",), ('  Buffers: shared hit=2',), ('Planning Time: 0.019 ms',), ('Execution Time: 0.017 ms',)]"
683,No Index,0.0002819061279296875,"[('Index Scan using uniq_user_app_email on user_app  (cost=0.38..8.39 rows=1 width=2088) (actual time=0.007..0.010 rows=1 loops=1)',), (""  Index Cond: ((email)::text = 'ctlqteaouw@example.com'::text)"",), ('  Buffers: shared hit=4',), ('Planning Time: 0.017 ms',), ('Execution Time: 0.021 ms',)]"
683,BTREE,0.0002541065216064453,"[('Index Scan using idx_email_btree on user_app  (cost=0.25..8.27 rows=1 width=2088) (actual time=0.005..0.008 rows=1 loops=1)',), (""  Index Cond: ((email)::text = 'vopwozkcts@example.com'::text)"",), ('  Buffers: shared hit=3',), ('Planning Time: 0.019 ms',), ('Execution Time: 0.018 ms',)]"
683,HASH,0.0002526760101318359,"[('Index Scan using idx_email_hash on user_app  (cost=0.00..8.02 rows=1 width=2088) (actual time=0.004..0.006 rows=1 loops=1)',), (""  Index Cond: ((email)::text = 'lwzsboawhc@example.com'::text)"",), ('  Buffers: shared hit=2',), ('Planning Time: 0.019 ms',), ('Execution Time: 0.016 ms',)]"
684,No Index,0.0006252050399780274,"[('Index Scan using uniq_user_app_email on user_app  (cost=0.38..8.39 rows=1 width=2088) (actual time=0.018..0.022 rows=1 loops=1)',), (""  Index Cond: ((email)::text = 'twhsgmcflu@example.com'::text)"",), ('  Buffers: shared hit=4',), ('Planning Time: 0.047 ms',), ('Execution Time: 0.044 ms',)]"
684,BTREE,0.0002640724182128906,"[('Index Scan using idx_email_btree on user_app  (cost=0.25..8.27 rows=1 width=2088) (actual time=0.006..0.009 rows=1 loops=1)',), (""  Index Cond: ((email)::text = 'eacxztogiu@example.com'::text)"",), ('  Buffers: shared hit=3',), ('Planning Time: 0.021 ms',), ('Execution Time: 0.020 ms',)]"
684,HASH,0.0002824544906616211,"[('Index Scan using idx_email_hash on user_app  (cost=0.00..8.02 rows=1 width=2088) (actual time=0.005..0.008 rows=1 loops=1)',), (""  Index Cond: ((email)::text = 'fgheawbpcg@example.com'::text)"",), ('  Buffers: shared hit=2',), ('Planning Time: 0.023 ms',), ('Execution Time: 0.019 ms',)]"
685,No Index,0.00019714832305908203,"[('Index Scan using uniq_user_app_email on user_app  (cost=0.38..8.39 rows=1 width=2088) (actual time=0.007..0.011 rows=1 loops=1)',), (""  Index Cond: ((email)::text = 'kgbfpfgrpj@example.com'::text)"",), ('  Buffers: shared hit=4',), ('Planning Time: 0.017 ms',), ('Execution Time: 0.020 ms',)]"
685,BTREE,0.00019829273223876954,"[('Index Scan using idx_email_btree on user_app  (cost=0.25..8.27 rows=1 width=2088) (actual time=0.006..0.009 rows=1 loops=1)',), (""  Index Cond: ((email)::text = 'tjwtfgbkny@example.com'::text)"",), ('  Buffers: shared hit=3',), ('Planning Time: 0.020 ms',), ('Execution Time: 0.019 ms',)]"
685,HASH,0.0004258871078491211,"[('Index Scan using idx_email_hash on user_app  (cost=0.00..8.02 rows=1 width=2088) (actual time=0.010..0.014 rows=1 loops=1)',), (""  Index Cond: ((email)::text = 'ejhdjbcvmx@example.com'::text)"",), ('  Buffers: shared hit=2',), ('Planning Time: 0.048 ms',), ('Execution Time: 0.030 ms',)]"
686,No Index,0.0002665996551513672,"[('Index Scan using uniq_user_app_email on user_app  (cost=0.38..8.39 rows=1 width=2088) (actual time=0.008..0.011 rows=1 loops=1)',), (""  Index Cond: ((email)::text = 'boplmiefbo@example.com'::text)"",), ('  Buffers: shared hit=4',), ('Planning Time: 0.019 ms',), ('Execution Time: 0.022 ms',)]"
686,BTREE,0.00020034313201904296,"[('Index Scan using idx_email_btree on user_app  (cost=0.25..8.27 rows=1 width=2088) (actual time=0.005..0.009 rows=1 loops=1)',), (""  Index Cond: ((email)::text = 'mboefwpwnn@example.com'::text)"",), ('  Buffers: shared hit=3',), ('Planning Time: 0.020 ms',), ('Execution Time: 0.021 ms',)]"
686,HASH,0.00019741058349609375,"[('Index Scan using idx_email_hash on user_app  (cost=0.00..8.02 rows=1 width=2088) (actual time=0.004..0.006 rows=1 loops=1)',), (""  Index Cond: ((email)::text = 'gmbmwuifkh@example.com'::text)"",), ('  Buffers: shared hit=2',), ('Planning Time: 0.019 ms',), ('Execution Time: 0.017 ms',)]"
687,No Index,0.0005747079849243164,"[('Index Scan using uniq_user_app_email on user_app  (cost=0.38..8.39 rows=1 width=2088) (actual time=0.022..0.027 rows=1 loops=1)',), (""  Index Cond: ((email)::text = 'kurprsuypb@example.com'::text)"",), ('  Buffers: shared hit=4',), ('Planning Time: 0.056 ms',), ('Execution Time: 0.050 ms',)]"
687,BTREE,0.0003079414367675781,"[('Index Scan using idx_email_btree on user_app  (cost=0.25..8.27 rows=1 width=2088) (actual time=0.011..0.014 rows=1 loops=1)',), (""  Index Cond: ((email)::text = 'bxdfnswjnl@example.com'::text)"",), ('  Buffers: shared hit=3',), ('Planning Time: 0.039 ms',), ('Execution Time: 0.030 ms',)]"
687,HASH,0.0002803802490234375,"[('Index Scan using idx_email_hash on user_app  (cost=0.00..8.02 rows=1 width=2088) (actual time=0.004..0.007 rows=1 loops=1)',), (""  Index Cond: ((email)::text = 'iznkmzbfoq@example.com'::text)"",), ('  Buffers: shared hit=2',), ('Planning Time: 0.021 ms',), ('Execution Time: 0.018 ms',)]"
688,No Index,0.00025537014007568357,"[('Index Scan using uniq_user_app_email on user_app  (cost=0.38..8.39 rows=1 width=2088) (actual time=0.007..0.010 rows=1 loops=1)',), (""  Index Cond: ((email)::text = 'wihvsytqha@example.com'::text)"",), ('  Buffers: shared hit=4',), ('Planning Time: 0.017 ms',), ('Execution Time: 0.021 ms',)]"
688,BTREE,0.00026299953460693357,"[('Index Scan using idx_email_btree on user_app  (cost=0.25..8.27 rows=1 width=2088) (actual time=0.005..0.008 rows=1 loops=1)',), (""  Index Cond: ((email)::text = 'jdhxhdogtq@example.com'::text)"",), ('  Buffers: shared hit=3',), ('Planning Time: 0.019 ms',), ('Execution Time: 0.019 ms',)]"
688,HASH,0.0004695415496826172,"[('Index Scan using idx_email_hash on user_app  (cost=0.00..8.02 rows=1 width=2088) (actual time=0.010..0.015 rows=1 loops=1)',), (""  Index Cond: ((email)::text = 'kafkiroeud@example.com'::text)"",), ('  Buffers: shared hit=2',), ('Planning Time: 0.056 ms',), ('Execution Time: 0.035 ms',)]"
689,No Index,0.00026211738586425783,"[('Index Scan using uniq_user_app_email on user_app  (cost=0.38..8.39 rows=1 width=2088) (actual time=0.008..0.011 rows=1 loops=1)',), (""  Index Cond: ((email)::text = 'trglrmvwfb@example.com'::text)"",), ('  Buffers: shared hit=4',), ('Planning Time: 0.020 ms',), ('Execution Time: 0.022 ms',)]"
689,BTREE,0.0002544164657592773,"[('Index Scan using idx_email_btree on user_app  (cost=0.25..8.27 rows=1 width=2088) (actual time=0.005..0.008 rows=1 loops=1)',), (""  Index Cond: ((email)::text = 'yocwmwqwkm@example.com'::text)"",), ('  Buffers: shared hit=3',), ('Planning Time: 0.019 ms',), ('Execution Time: 0.019 ms',)]"
689,HASH,0.00027930736541748047,"[('Index Scan using idx_email_hash on user_app  (cost=0.00..8.02 rows=1 width=2088) (actual time=0.004..0.007 rows=1 loops=1)',), (""  Index Cond: ((email)::text = 'reheiixrum@example.com'::text)"",), ('  Buffers: shared hit=2',), ('Planning Time: 0.019 ms',), ('Execution Time: 0.017 ms',)]"
690,No Index,0.00025424957275390627,"[('Index Scan using uniq_user_app_email on user_app  (cost=0.38..8.39 rows=1 width=2088) (actual time=0.007..0.009 rows=1 loops=1)',), (""  Index Cond: ((email)::text = 'ckwvcfyonz@example.com'::text)"",), ('  Buffers: shared hit=4',), ('Planning Time: 0.017 ms',), ('Execution Time: 0.020 ms',)]"
690,BTREE,0.0002795219421386719,"[('Index Scan using idx_email_btree on user_app  (cost=0.25..8.27 rows=1 width=2088) (actual time=0.005..0.008 rows=1 loops=1)',), (""  Index Cond: ((email)::text = 'uuiqndisgz@example.com'::text)"",), ('  Buffers: shared hit=3',), ('Planning Time: 0.019 ms',), ('Execution Time: 0.018 ms',)]"
690,HASH,0.0002557516098022461,"[('Index Scan using idx_email_hash on user_app  (cost=0.00..8.02 rows=1 width=2088) (actual time=0.004..0.007 rows=1 loops=1)',), (""  Index Cond: ((email)::text = 'qwmxsrrfwa@example.com'::text)"",), ('  Buffers: shared hit=2',), ('Planning Time: 0.020 ms',), ('Execution Time: 0.018 ms',)]"
691,No Index,0.000724625587463379,"[('Index Scan using uniq_user_app_email on user_app  (cost=0.38..8.39 rows=1 width=2088) (actual time=0.020..0.025 rows=1 loops=1)',), (""  Index Cond: ((email)::text = 'zawosqyswm@example.com'::text)"",), ('  Buffers: shared hit=4',), ('Planning Time: 0.057 ms',), ('Execution Time: 0.048 ms',)]"
691,BTREE,0.00032958984375,"[('Index Scan using idx_email_btree on user_app  (cost=0.25..8.27 rows=1 width=2088) (actual time=0.006..0.008 rows=1 loops=1)',), (""  Index Cond: ((email)::text = 'vutigwlrro@example.com'::text)"",), ('  Buffers: shared hit=3',), ('Planning Time: 0.023 ms',), ('Execution Time: 0.019 ms',)]"
691,HASH,0.0002762794494628906,"[('Index Scan using idx_email_hash on user_app  (cost=0.00..8.02 rows=1 width=2088) (actual time=0.005..0.007 rows=1 loops=1)',), (""  Index Cond: ((email)::text = 'grhgwtuvkl@example.com'::text)"",), ('  Buffers: shared hit=2',), ('Planning Time: 0.023 ms',), ('Execution Time: 0.019 ms',)]"
692,No Index,0.00025684833526611327,"[('Index Scan using uniq_user_app_email on user_app  (cost=0.38..8.39 rows=1 width=2088) (actual time=0.007..0.010 rows=1 loops=1)',), (""  Index Cond: ((email)::text = 'mipdnqlodq@example.com'::text)"",), ('  Buffers: shared hit=4',), ('Planning Time: 0.018 ms',), ('Execution Time: 0.020 ms',)]"
692,BTREE,0.00026869773864746094,"[('Index Scan using idx_email_btree on user_app  (cost=0.25..8.27 rows=1 width=2088) (actual time=0.005..0.008 rows=1 loops=1)',), (""  Index Cond: ((email)::text = 'vdhemzugqq@example.com'::text)"",), ('  Buffers: shared hit=3',), ('Planning Time: 0.019 ms',), ('Execution Time: 0.019 ms',)]"
692,HASH,0.0002584695816040039,"[('Index Scan using idx_email_hash on user_app  (cost=0.00..8.02 rows=1 width=2088) (actual time=0.004..0.007 rows=1 loops=1)',), (""  Index Cond: ((email)::text = 'iknllbwdqo@example.com'::text)"",), ('  Buffers: shared hit=2',), ('Planning Time: 0.019 ms',), ('Execution Time: 0.017 ms',)]"
693,No Index,0.0002558469772338867,"[('Index Scan using uniq_user_app_email on user_app  (cost=0.38..8.39 rows=1 width=2088) (actual time=0.007..0.010 rows=1 loops=1)',), (""  Index Cond: ((email)::text = 'xkofuucclz@example.com'::text)"",), ('  Buffers: shared hit=4',), ('Planning Time: 0.017 ms',), ('Execution Time: 0.020 ms',)]"
693,BTREE,0.00026388168334960936,"[('Index Scan using idx_email_btree on user_app  (cost=0.25..8.27 rows=1 width=2088) (actual time=0.005..0.009 rows=1 loops=1)',), (""  Index Cond: ((email)::text = 'bpnfafbeyx@example.com'::text)"",), ('  Buffers: shared hit=3',), ('Planning Time: 0.019 ms',), ('Execution Time: 0.019 ms',)]"
693,HASH,0.00025937557220458987,"[('Index Scan using idx_email_hash on user_app  (cost=0.00..8.02 rows=1 width=2088) (actual time=0.004..0.007 rows=1 loops=1)',), (""  Index Cond: ((email)::text = 'txmatatiga@example.com'::text)"",), ('  Buffers: shared hit=2',), ('Planning Time: 0.018 ms',), ('Execution Time: 0.017 ms',)]"
694,No Index,0.000279998779296875,"[('Index Scan using uniq_user_app_email on user_app  (cost=0.38..8.39 rows=1 width=2088) (actual time=0.007..0.010 rows=1 loops=1)',), (""  Index Cond: ((email)::text = 'wkiawcyivf@example.com'::text)"",), ('  Buffers: shared hit=4',), ('Planning Time: 0.018 ms',), ('Execution Time: 0.020 ms',)]"
694,BTREE,0.00026180744171142576,"[('Index Scan using idx_email_btree on user_app  (cost=0.25..8.27 rows=1 width=2088) (actual time=0.006..0.009 rows=1 loops=1)',), (""  Index Cond: ((email)::text = 'qmshxcbcpx@example.com'::text)"",), ('  Buffers: shared hit=3',), ('Planning Time: 0.022 ms',), ('Execution Time: 0.021 ms',)]"
694,HASH,0.0002495288848876953,"[('Index Scan using idx_email_hash on user_app  (cost=0.00..8.02 rows=1 width=2088) (actual time=0.004..0.007 rows=1 loops=1)',), (""  Index Cond: ((email)::text = 'nnqldaolyk@example.com'::text)"",), ('  Buffers: shared hit=2',), ('Planning Time: 0.020 ms',), ('Execution Time: 0.017 ms',)]"
695,No Index,0.00028862953186035154,"[('Index Scan using uniq_user_app_email on user_app  (cost=0.38..8.39 rows=1 width=2088) (actual time=0.007..0.009 rows=1 loops=1)',), (""  Index Cond: ((email)::text = 'fhshihihxg@example.com'::text)"",), ('  Buffers: shared hit=4',), ('Planning Time: 0.017 ms',), ('Execution Time: 0.021 ms',)]"
695,BTREE,0.0002556324005126953,"[('Index Scan using idx_email_btree on user_app  (cost=0.25..8.27 rows=1 width=2088) (actual time=0.005..0.008 rows=1 loops=1)',), (""  Index Cond: ((email)::text = 'bbqczrgqlq@example.com'::text)"",), ('  Buffers: shared hit=3',), ('Planning Time: 0.019 ms',), ('Execution Time: 0.019 ms',)]"
695,HASH,0.0007197856903076172,"[('Index Scan using idx_email_hash on user_app  (cost=0.00..8.02 rows=1 width=2088) (actual time=0.010..0.015 rows=1 loops=1)',), (""  Index Cond: ((email)::text = 'juvgakzjme@example.com'::text)"",), ('  Buffers: shared hit=2',), ('Planning Time: 0.057 ms',), ('Execution Time: 0.034 ms',)]"
696,No Index,0.0003063201904296875,"[('Index Scan using uniq_user_app_email on user_app  (cost=0.38..8.39 rows=1 width=2088) (actual time=0.008..0.011 rows=1 loops=1)',), (""  Index Cond: ((email)::text = 'zqmbfewrjr@example.com'::text)"",), ('  Buffers: shared hit=4',), ('Planning Time: 0.022 ms',), ('Execution Time: 0.022 ms',)]"
696,BTREE,0.00027575492858886717,"[('Index Scan using idx_email_btree on user_app  (cost=0.25..8.27 rows=1 width=2088) (actual time=0.006..0.008 rows=1 loops=1)',), (""  Index Cond: ((email)::text = 'upvjcribpq@example.com'::text)"",), ('  Buffers: shared hit=3',), ('Planning Time: 0.022 ms',), ('Execution Time: 0.019 ms',)]"
696,HASH,0.0002711057662963867,"[('Index Scan using idx_email_hash on user_app  (cost=0.00..8.02 rows=1 width=2088) (actual time=0.004..0.007 rows=1 loops=1)',), (""  Index Cond: ((email)::text = 'traxikjykt@example.com'::text)"",), ('  Buffers: shared hit=2',), ('Planning Time: 0.019 ms',), ('Execution Time: 0.017 ms',)]"
697,No Index,0.0002546787261962891,"[('Index Scan using uniq_user_app_email on user_app  (cost=0.38..8.39 rows=1 width=2088) (actual time=0.007..0.009 rows=1 loops=1)',), (""  Index Cond: ((email)::text = 'hfehfvxqmr@example.com'::text)"",), ('  Buffers: shared hit=4',), ('Planning Time: 0.017 ms',), ('Execution Time: 0.019 ms',)]"
697,BTREE,0.000263667106628418,"[('Index Scan using idx_email_btree on user_app  (cost=0.25..8.27 rows=1 width=2088) (actual time=0.006..0.010 rows=1 loops=1)',), (""  Index Cond: ((email)::text = 'ognrltskcn@example.com'::text)"",), ('  Buffers: shared hit=3',), ('Planning Time: 0.023 ms',), ('Execution Time: 0.021 ms',)]"
697,HASH,0.0002498149871826172,"[('Index Scan using idx_email_hash on user_app  (cost=0.00..8.02 rows=1 width=2088) (actual time=0.004..0.007 rows=1 loops=1)',), (""  Index Cond: ((email)::text = 'buozcygsgd@example.com'::text)"",), ('  Buffers: shared hit=2',), ('Planning Time: 0.019 ms',), ('Execution Time: 0.017 ms',)]"
698,No Index,0.0002532958984375,"[('Index Scan using uniq_user_app_email on user_app  (cost=0.38..8.39 rows=1 width=2088) (actual time=0.007..0.010 rows=1 loops=1)',), (""  Index Cond: ((email)::text = 'kfljlwdqkz@example.com'::text)"",), ('  Buffers: shared hit=4',), ('Planning Time: 0.017 ms',), ('Execution Time: 0.020 ms',)]"
698,BTREE,0.0005103111267089844,"[('Index Scan using idx_email_btree on user_app  (cost=0.25..8.27 rows=1 width=2088) (actual time=0.015..0.020 rows=1 loops=1)',), (""  Index Cond: ((email)::text = 'hriirnplrz@example.com'::text)"",), ('  Buffers: shared hit=3',), ('Planning Time: 0.062 ms',), ('Execution Time: 0.042 ms',)]"
698,HASH,0.000558781623840332,"[('Index Scan using idx_email_hash on user_app  (cost=0.00..8.02 rows=1 width=2088) (actual time=0.009..0.014 rows=1 loops=1)',), (""  Index Cond: ((email)::text = 'xezgurfisq@example.com'::text)"",), ('  Buffers: shared hit=2',), ('Planning Time: 0.050 ms',), ('Execution Time: 0.033 ms',)]"
699,No Index,0.00025653839111328125,"[('Index Scan using uniq_user_app_email on user_app  (cost=0.38..8.39 rows=1 width=2088) (actual time=0.007..0.009 rows=1 loops=1)',), (""  Index Cond: ((email)::text = 'rgzmhikkfk@example.com'::text)"",), ('  Buffers: shared hit=4',), ('Planning Time: 0.018 ms',), ('Execution Time: 0.020 ms',)]"
699,BTREE,0.0002632617950439453,"[('Index Scan using idx_email_btree on user_app  (cost=0.25..8.27 rows=1 width=2088) (actual time=0.005..0.008 rows=1 loops=1)',), (""  Index Cond: ((email)::text = 'qewfpwedjx@example.com'::text)"",), ('  Buffers: shared hit=3',), ('Planning Time: 0.021 ms',), ('Execution Time: 0.018 ms',)]"
699,HASH,0.0002774238586425781,"[('Index Scan using idx_email_hash on user_app  (cost=0.00..8.02 rows=1 width=2088) (actual time=0.004..0.006 rows=1 loops=1)',), (""  Index Cond: ((email)::text = 'derwbkyrit@example.com'::text)"",), ('  Buffers: shared hit=2',), ('Planning Time: 0.020 ms',), ('Execution Time: 0.017 ms',)]"
700,No Index,0.0005631208419799805,"[('Index Scan using uniq_user_app_email on user_app  (cost=0.38..8.39 rows=1 width=2088) (actual time=0.017..0.022 rows=1 loops=1)',), (""  Index Cond: ((email)::text = 'czocibqrfs@example.com'::text)"",), ('  Buffers: shared hit=4',), ('Planning Time: 0.045 ms',), ('Execution Time: 0.041 ms',)]"
700,BTREE,0.00025184154510498046,"[('Index Scan using idx_email_btree on user_app  (cost=0.25..8.27 rows=1 width=2088) (actual time=0.006..0.009 rows=1 loops=1)',), (""  Index Cond: ((email)::text = 'jxwcyokrnb@example.com'::text)"",), ('  Buffers: shared hit=3',), ('Planning Time: 0.019 ms',), ('Execution Time: 0.018 ms',)]"
700,HASH,0.0002838850021362305,"[('Index Scan using idx_email_hash on user_app  (cost=0.00..8.02 rows=1 width=2088) (actual time=0.005..0.008 rows=1 loops=1)',), (""  Index Cond: ((email)::text = 'ucknbiguiy@example.com'::text)"",), ('  Buffers: shared hit=2',), ('Planning Time: 0.023 ms',), ('Execution Time: 0.019 ms',)]"
701,No Index,0.00032534599304199217,"[('Index Scan using uniq_user_app_email on user_app  (cost=0.38..8.39 rows=1 width=2088) (actual time=0.007..0.010 rows=1 loops=1)',), (""  Index Cond: ((email)::text = 'klpdbjfmen@example.com'::text)"",), ('  Buffers: shared hit=4',), ('Planning Time: 0.017 ms',), ('Execution Time: 0.020 ms',)]"
701,BTREE,0.00026650428771972655,"[('Index Scan using idx_email_btree on user_app  (cost=0.25..8.27 rows=1 width=2088) (actual time=0.005..0.008 rows=1 loops=1)',), (""  Index Cond: ((email)::text = 'fpwfsjunhk@example.com'::text)"",), ('  Buffers: shared hit=3',), ('Planning Time: 0.019 ms',), ('Execution Time: 0.018 ms',)]"
701,HASH,0.0002607583999633789,"[('Index Scan using idx_email_hash on user_app  (cost=0.00..8.02 rows=1 width=2088) (actual time=0.004..0.008 rows=1 loops=1)',), (""  Index Cond: ((email)::text = 'imjihngyhz@example.com'::text)"",), ('  Buffers: shared hit=2',), ('Planning Time: 0.023 ms',), ('Execution Time: 0.018 ms',)]"
702,No Index,0.00032460689544677734,"[('Index Scan using uniq_user_app_email on user_app  (cost=0.38..8.39 rows=1 width=2088) (actual time=0.007..0.009 rows=1 loops=1)',), (""  Index Cond: ((email)::text = 'lkdnnqsadi@example.com'::text)"",), ('  Buffers: shared hit=4',), ('Planning Time: 0.017 ms',), ('Execution Time: 0.019 ms',)]"
702,BTREE,0.00025403499603271484,"[('Index Scan using idx_email_btree on user_app  (cost=0.25..8.27 rows=1 width=2088) (actual time=0.005..0.008 rows=1 loops=1)',), (""  Index Cond: ((email)::text = 'bwiviondxu@example.com'::text)"",), ('  Buffers: shared hit=3',), ('Planning Time: 0.020 ms',), ('Execution Time: 0.018 ms',)]"
702,HASH,0.00057830810546875,"[('Index Scan using idx_email_hash on user_app  (cost=0.00..8.02 rows=1 width=2088) (actual time=0.012..0.017 rows=1 loops=1)',), (""  Index Cond: ((email)::text = 'walsaapxeh@example.com'::text)"",), ('  Buffers: shared hit=2',), ('Planning Time: 0.062 ms',), ('Execution Time: 0.039 ms',)]"
703,No Index,0.000499105453491211,"[('Index Scan using uniq_user_app_email on user_app  (cost=0.38..8.39 rows=1 width=2088) (actual time=0.021..0.025 rows=1 loops=1)',), (""  Index Cond: ((email)::text = 'rsrzlhziny@example.com'::text)"",), ('  Buffers: shared hit=4',), ('Planning Time: 0.057 ms',), ('Execution Time: 0.049 ms',)]"
703,BTREE,0.00028929710388183596,"[('Index Scan using idx_email_btree on user_app  (cost=0.25..8.27 rows=1 width=2088) (actual time=0.011..0.014 rows=1 loops=1)',), (""  Index Cond: ((email)::text = 'erkaxjxtff@example.com'::text)"",), ('  Buffers: shared hit=3',), ('Planning Time: 0.040 ms',), ('Execution Time: 0.029 ms',)]"
703,HASH,0.00025742053985595704,"[('Index Scan using idx_email_hash on user_app  (cost=0.00..8.02 rows=1 width=2088) (actual time=0.004..0.008 rows=1 loops=1)',), (""  Index Cond: ((email)::text = 'sxtczbvwpe@example.com'::text)"",), ('  Buffers: shared hit=2',), ('Planning Time: 0.021 ms',), ('Execution Time: 0.018 ms',)]"
704,No Index,0.00026319026947021487,"[('Index Scan using uniq_user_app_email on user_app  (cost=0.38..8.39 rows=1 width=2088) (actual time=0.010..0.013 rows=1 loops=1)',), (""  Index Cond: ((email)::text = 'kmnfbevjzf@example.com'::text)"",), ('  Buffers: shared hit=4',), ('Planning Time: 0.023 ms',), ('Execution Time: 0.025 ms',)]"
704,BTREE,0.0002800464630126953,"[('Index Scan using idx_email_btree on user_app  (cost=0.25..8.27 rows=1 width=2088) (actual time=0.006..0.009 rows=1 loops=1)',), (""  Index Cond: ((email)::text = 'hrgcwrqnwh@example.com'::text)"",), ('  Buffers: shared hit=3',), ('Planning Time: 0.023 ms',), ('Execution Time: 0.021 ms',)]"
704,HASH,0.0003217935562133789,"[('Index Scan using idx_email_hash on user_app  (cost=0.00..8.02 rows=1 width=2088) (actual time=0.004..0.006 rows=1 loops=1)',), (""  Index Cond: ((email)::text = 'afjjhomkdj@example.com'::text)"",), ('  Buffers: shared hit=2',), ('Planning Time: 0.019 ms',), ('Execution Time: 0.017 ms',)]"
705,No Index,0.0006643533706665039,"[('Index Scan using uniq_user_app_email on user_app  (cost=0.38..8.39 rows=1 width=2088) (actual time=0.020..0.024 rows=1 loops=1)',), (""  Index Cond: ((email)::text = 'vlavmejynr@example.com'::text)"",), ('  Buffers: shared hit=4',), ('Planning Time: 0.052 ms',), ('Execution Time: 0.047 ms',)]"
705,BTREE,0.0002915382385253906,"[('Index Scan using idx_email_btree on user_app  (cost=0.25..8.27 rows=1 width=2088) (actual time=0.006..0.008 rows=1 loops=1)',), (""  Index Cond: ((email)::text = 'ddeqzehwwu@example.com'::text)"",), ('  Buffers: shared hit=3',), ('Planning Time: 0.019 ms',), ('Execution Time: 0.018 ms',)]"
705,HASH,0.00025489330291748045,"[('Index Scan using idx_email_hash on user_app  (cost=0.00..8.02 rows=1 width=2088) (actual time=0.004..0.006 rows=1 loops=1)',), (""  Index Cond: ((email)::text = 'edgbrfmiea@example.com'::text)"",), ('  Buffers: shared hit=2',), ('Planning Time: 0.019 ms',), ('Execution Time: 0.017 ms',)]"
706,No Index,0.00054168701171875,"[('Index Scan using uniq_user_app_email on user_app  (cost=0.38..8.39 rows=1 width=2088) (actual time=0.021..0.026 rows=1 loops=1)',), (""  Index Cond: ((email)::text = 'qsbvqpxppq@example.com'::text)"",), ('  Buffers: shared hit=4',), ('Planning Time: 0.057 ms',), ('Execution Time: 0.048 ms',)]"
706,BTREE,0.00026433467864990235,"[('Index Scan using idx_email_btree on user_app  (cost=0.25..8.27 rows=1 width=2088) (actual time=0.006..0.009 rows=1 loops=1)',), (""  Index Cond: ((email)::text = 'ywzqkohqka@example.com'::text)"",), ('  Buffers: shared hit=3',), ('Planning Time: 0.022 ms',), ('Execution Time: 0.019 ms',)]"
706,HASH,0.00027487277984619143,"[('Index Scan using idx_email_hash on user_app  (cost=0.00..8.02 rows=1 width=2088) (actual time=0.006..0.010 rows=1 loops=1)',), (""  Index Cond: ((email)::text = 'qashniesrx@example.com'::text)"",), ('  Buffers: shared hit=2',), ('Planning Time: 0.031 ms',), ('Execution Time: 0.021 ms',)]"
707,No Index,0.000528407096862793,"[('Index Scan using uniq_user_app_email on user_app  (cost=0.38..8.39 rows=1 width=2088) (actual time=0.017..0.022 rows=1 loops=1)',), (""  Index Cond: ((email)::text = 'gyndkfeedn@example.com'::text)"",), ('  Buffers: shared hit=4',), ('Planning Time: 0.045 ms',), ('Execution Time: 0.041 ms',)]"
707,BTREE,0.0005011320114135742,"[('Index Scan using idx_email_btree on user_app  (cost=0.25..8.27 rows=1 width=2088) (actual time=0.016..0.021 rows=1 loops=1)',), (""  Index Cond: ((email)::text = 'rnciebyjru@example.com'::text)"",), ('  Buffers: shared hit=3',), ('Planning Time: 0.058 ms',), ('Execution Time: 0.042 ms',)]"
707,HASH,0.00025639533996582033,"[('Index Scan using idx_email_hash on user_app  (cost=0.00..8.02 rows=1 width=2088) (actual time=0.004..0.006 rows=1 loops=1)',), (""  Index Cond: ((email)::text = 'qcgsauyubt@example.com'::text)"",), ('  Buffers: shared hit=2',), ('Planning Time: 0.020 ms',), ('Execution Time: 0.016 ms',)]"
708,No Index,0.0002851724624633789,"[('Index Scan using uniq_user_app_email on user_app  (cost=0.38..8.39 rows=1 width=2088) (actual time=0.008..0.011 rows=1 loops=1)',), (""  Index Cond: ((email)::text = 'xlwrnodvpu@example.com'::text)"",), ('  Buffers: shared hit=4',), ('Planning Time: 0.021 ms',), ('Execution Time: 0.023 ms',)]"
708,BTREE,0.0002685546875,"[('Index Scan using idx_email_btree on user_app  (cost=0.25..8.27 rows=1 width=2088) (actual time=0.005..0.008 rows=1 loops=1)',), (""  Index Cond: ((email)::text = 'kgluqtdnhk@example.com'::text)"",), ('  Buffers: shared hit=3',), ('Planning Time: 0.019 ms',), ('Execution Time: 0.019 ms',)]"
708,HASH,0.00025243759155273436,"[('Index Scan using idx_email_hash on user_app  (cost=0.00..8.02 rows=1 width=2088) (actual time=0.004..0.007 rows=1 loops=1)',), (""  Index Cond: ((email)::text = 'szxiwpmiox@example.com'::text)"",), ('  Buffers: shared hit=2',), ('Planning Time: 0.019 ms',), ('Execution Time: 0.017 ms',)]"
709,No Index,0.00029795169830322267,"[('Index Scan using uniq_user_app_email on user_app  (cost=0.38..8.39 rows=1 width=2088) (actual time=0.008..0.011 rows=1 loops=1)',), (""  Index Cond: ((email)::text = 'bqqbkgcbej@example.com'::text)"",), ('  Buffers: shared hit=4',), ('Planning Time: 0.021 ms',), ('Execution Time: 0.022 ms',)]"
709,BTREE,0.0005356073379516602,"[('Index Scan using idx_email_btree on user_app  (cost=0.25..8.27 rows=1 width=2088) (actual time=0.016..0.021 rows=1 loops=1)',), (""  Index Cond: ((email)::text = 'ffwxzafqnt@example.com'::text)"",), ('  Buffers: shared hit=3',), ('Planning Time: 0.063 ms',), ('Execution Time: 0.042 ms',)]"
709,HASH,0.00024995803833007815,"[('Index Scan using idx_email_hash on user_app  (cost=0.00..8.02 rows=1 width=2088) (actual time=0.004..0.006 rows=1 loops=1)',), (""  Index Cond: ((email)::text = 'ztkcmalwic@example.com'::text)"",), ('  Buffers: shared hit=2',), ('Planning Time: 0.019 ms',), ('Execution Time: 0.017 ms',)]"
710,No Index,0.0006684303283691406,"[('Index Scan using uniq_user_app_email on user_app  (cost=0.38..8.39 rows=1 width=2088) (actual time=0.018..0.023 rows=1 loops=1)',), (""  Index Cond: ((email)::text = 'qrxvimkzms@example.com'::text)"",), ('  Buffers: shared hit=4',), ('Planning Time: 0.053 ms',), ('Execution Time: 0.045 ms',)]"
710,BTREE,0.0002800703048706055,"[('Index Scan using idx_email_btree on user_app  (cost=0.25..8.27 rows=1 width=2088) (actual time=0.006..0.009 rows=1 loops=1)',), (""  Index Cond: ((email)::text = 'zrbpisedht@example.com'::text)"",), ('  Buffers: shared hit=3',), ('Planning Time: 0.020 ms',), ('Execution Time: 0.019 ms',)]"
710,HASH,0.0006217002868652344,"[('Index Scan using idx_email_hash on user_app  (cost=0.00..8.02 rows=1 width=2088) (actual time=0.009..0.013 rows=1 loops=1)',), (""  Index Cond: ((email)::text = 'gjqafegbrd@example.com'::text)"",), ('  Buffers: shared hit=2',), ('Planning Time: 0.049 ms',), ('Execution Time: 0.033 ms',)]"
711,No Index,0.00028631687164306643,"[('Index Scan using uniq_user_app_email on user_app  (cost=0.38..8.39 rows=1 width=2088) (actual time=0.008..0.011 rows=1 loops=1)',), (""  Index Cond: ((email)::text = 'rwmcxtjcjm@example.com'::text)"",), ('  Buffers: shared hit=4',), ('Planning Time: 0.021 ms',), ('Execution Time: 0.022 ms',)]"
711,BTREE,0.00029184818267822263,"[('Index Scan using idx_email_btree on user_app  (cost=0.25..8.27 rows=1 width=2088) (actual time=0.007..0.009 rows=1 loops=1)',), (""  Index Cond: ((email)::text = 'wygrmkfbgn@example.com'::text)"",), ('  Buffers: shared hit=3',), ('Planning Time: 0.023 ms',), ('Execution Time: 0.020 ms',)]"
711,HASH,0.0002508878707885742,"[('Index Scan using idx_email_hash on user_app  (cost=0.00..8.02 rows=1 width=2088) (actual time=0.003..0.006 rows=1 loops=1)',), (""  Index Cond: ((email)::text = 'piqmtypfvt@example.com'::text)"",), ('  Buffers: shared hit=2',), ('Planning Time: 0.019 ms',), ('Execution Time: 0.017 ms',)]"
712,No Index,0.0002680778503417969,"[('Index Scan using uniq_user_app_email on user_app  (cost=0.38..8.39 rows=1 width=2088) (actual time=0.007..0.009 rows=1 loops=1)',), (""  Index Cond: ((email)::text = 'atofungktj@example.com'::text)"",), ('  Buffers: shared hit=4',), ('Planning Time: 0.017 ms',), ('Execution Time: 0.020 ms',)]"
712,BTREE,0.00028967857360839844,"[('Index Scan using idx_email_btree on user_app  (cost=0.25..8.27 rows=1 width=2088) (actual time=0.006..0.009 rows=1 loops=1)',), (""  Index Cond: ((email)::text = 'rxvybxfyqu@example.com'::text)"",), ('  Buffers: shared hit=3',), ('Planning Time: 0.023 ms',), ('Execution Time: 0.020 ms',)]"
712,HASH,0.0006211519241333008,"[('Index Scan using idx_email_hash on user_app  (cost=0.00..8.02 rows=1 width=2088) (actual time=0.007..0.011 rows=1 loops=1)',), (""  Index Cond: ((email)::text = 'yfgllamubl@example.com'::text)"",), ('  Buffers: shared hit=2',), ('Planning Time: 0.039 ms',), ('Execution Time: 0.027 ms',)]"
713,No Index,0.0002570629119873047,"[('Index Scan using uniq_user_app_email on user_app  (cost=0.38..8.39 rows=1 width=2088) (actual time=0.007..0.010 rows=1 loops=1)',), (""  Index Cond: ((email)::text = 'gpofstyczs@example.com'::text)"",), ('  Buffers: shared hit=4',), ('Planning Time: 0.017 ms',), ('Execution Time: 0.021 ms',)]"
713,BTREE,0.0004054069519042969,"[('Index Scan using idx_email_btree on user_app  (cost=0.25..8.27 rows=1 width=2088) (actual time=0.005..0.008 rows=1 loops=1)',), (""  Index Cond: ((email)::text = 'xixqdxuxxj@example.com'::text)"",), ('  Buffers: shared hit=3',), ('Planning Time: 0.019 ms',), ('Execution Time: 0.018 ms',)]"
713,HASH,0.00025997161865234377,"[('Index Scan using idx_email_hash on user_app  (cost=0.00..8.02 rows=1 width=2088) (actual time=0.005..0.008 rows=1 loops=1)',), (""  Index Cond: ((email)::text = 'tdhcbtadgk@example.com'::text)"",), ('  Buffers: shared hit=2',), ('Planning Time: 0.021 ms',), ('Execution Time: 0.019 ms',)]"
714,No Index,0.00026502609252929685,"[('Index Scan using uniq_user_app_email on user_app  (cost=0.38..8.39 rows=1 width=2088) (actual time=0.007..0.011 rows=1 loops=1)',), (""  Index Cond: ((email)::text = 'jhrebvmogu@example.com'::text)"",), ('  Buffers: shared hit=4',), ('Planning Time: 0.020 ms',), ('Execution Time: 0.022 ms',)]"
714,BTREE,0.00026593208312988283,"[('Index Scan using idx_email_btree on user_app  (cost=0.25..8.27 rows=1 width=2088) (actual time=0.007..0.009 rows=1 loops=1)',), (""  Index Cond: ((email)::text = 'nlwfyechmn@example.com'::text)"",), ('  Buffers: shared hit=3',), ('Planning Time: 0.022 ms',), ('Execution Time: 0.021 ms',)]"
714,HASH,0.00025870800018310545,"[('Index Scan using idx_email_hash on user_app  (cost=0.00..8.02 rows=1 width=2088) (actual time=0.004..0.007 rows=1 loops=1)',), (""  Index Cond: ((email)::text = 'rcfoqgwzta@example.com'::text)"",), ('  Buffers: shared hit=2',), ('Planning Time: 0.021 ms',), ('Execution Time: 0.018 ms',)]"
715,No Index,0.00025260448455810547,"[('Index Scan using uniq_user_app_email on user_app  (cost=0.38..8.39 rows=1 width=2088) (actual time=0.007..0.010 rows=1 loops=1)',), (""  Index Cond: ((email)::text = 'nmrxjvuhbf@example.com'::text)"",), ('  Buffers: shared hit=4',), ('Planning Time: 0.017 ms',), ('Execution Time: 0.020 ms',)]"
715,BTREE,0.0004905939102172851,"[('Index Scan using idx_email_btree on user_app  (cost=0.25..8.27 rows=1 width=2088) (actual time=0.017..0.022 rows=1 loops=1)',), (""  Index Cond: ((email)::text = 'gvlwhpwjty@example.com'::text)"",), ('  Buffers: shared hit=3',), ('Planning Time: 0.062 ms',), ('Execution Time: 0.044 ms',)]"
715,HASH,0.00025708675384521483,"[('Index Scan using idx_email_hash on user_app  (cost=0.00..8.02 rows=1 width=2088) (actual time=0.004..0.007 rows=1 loops=1)',), (""  Index Cond: ((email)::text = 'igbkanqjsv@example.com'::text)"",), ('  Buffers: shared hit=2',), ('Planning Time: 0.019 ms',), ('Execution Time: 0.016 ms',)]"
716,No Index,0.00044653415679931643,"[('Index Scan using uniq_user_app_email on user_app  (cost=0.38..8.39 rows=1 width=2088) (actual time=0.015..0.019 rows=1 loops=1)',), (""  Index Cond: ((email)::text = 'wqjmgtjowq@example.com'::text)"",), ('  Buffers: shared hit=4',), ('Planning Time: 0.038 ms',), ('Execution Time: 0.037 ms',)]"
716,BTREE,0.000294041633605957,"[('Index Scan using idx_email_btree on user_app  (cost=0.25..8.27 rows=1 width=2088) (actual time=0.007..0.009 rows=1 loops=1)',), (""  Index Cond: ((email)::text = 'brhvlccuyn@example.com'::text)"",), ('  Buffers: shared hit=3',), ('Planning Time: 0.023 ms',), ('Execution Time: 0.020 ms',)]"
716,HASH,0.00029306411743164064,"[('Index Scan using idx_email_hash on user_app  (cost=0.00..8.02 rows=1 width=2088) (actual time=0.005..0.009 rows=1 loops=1)',), (""  Index Cond: ((email)::text = 'fojoadorjb@example.com'::text)"",), ('  Buffers: shared hit=2',), ('Planning Time: 0.023 ms',), ('Execution Time: 0.018 ms',)]"
717,No Index,0.0004922389984130859,"[('Index Scan using uniq_user_app_email on user_app  (cost=0.38..8.39 rows=1 width=2088) (actual time=0.017..0.021 rows=1 loops=1)',), (""  Index Cond: ((email)::text = 'fkeeyjdncq@example.com'::text)"",), ('  Buffers: shared hit=4',), ('Planning Time: 0.046 ms',), ('Execution Time: 0.042 ms',)]"
717,BTREE,0.0002604246139526367,"[('Index Scan using idx_email_btree on user_app  (cost=0.25..8.27 rows=1 width=2088) (actual time=0.006..0.009 rows=1 loops=1)',), (""  Index Cond: ((email)::text = 'bnewzkoojp@example.com'::text)"",), ('  Buffers: shared hit=3',), ('Planning Time: 0.024 ms',), ('Execution Time: 0.021 ms',)]"
717,HASH,0.00030155181884765624,"[('Index Scan using idx_email_hash on user_app  (cost=0.00..8.02 rows=1 width=2088) (actual time=0.005..0.008 rows=1 loops=1)',), (""  Index Cond: ((email)::text = 'ebjuegjvax@example.com'::text)"",), ('  Buffers: shared hit=2',), ('Planning Time: 0.022 ms',), ('Execution Time: 0.019 ms',)]"
718,No Index,0.0002596616744995117,"[('Index Scan using uniq_user_app_email on user_app  (cost=0.38..8.39 rows=1 width=2088) (actual time=0.009..0.012 rows=1 loops=1)',), (""  Index Cond: ((email)::text = 'hgdngekvqk@example.com'::text)"",), ('  Buffers: shared hit=4',), ('Planning Time: 0.021 ms',), ('Execution Time: 0.022 ms',)]"
718,BTREE,0.00027740001678466797,"[('Index Scan using idx_email_btree on user_app  (cost=0.25..8.27 rows=1 width=2088) (actual time=0.006..0.008 rows=1 loops=1)',), (""  Index Cond: ((email)::text = 'zkdicunjnx@example.com'::text)"",), ('  Buffers: shared hit=3',), ('Planning Time: 0.023 ms',), ('Execution Time: 0.020 ms',)]"
718,HASH,0.00024905204772949217,"[('Index Scan using idx_email_hash on user_app  (cost=0.00..8.02 rows=1 width=2088) (actual time=0.004..0.007 rows=1 loops=1)',), (""  Index Cond: ((email)::text = 'dzfgwhwele@example.com'::text)"",), ('  Buffers: shared hit=2',), ('Planning Time: 0.019 ms',), ('Execution Time: 0.017 ms',)]"
719,No Index,0.00026209354400634765,"[('Index Scan using uniq_user_app_email on user_app  (cost=0.38..8.39 rows=1 width=2088) (actual time=0.007..0.010 rows=1 loops=1)',), (""  Index Cond: ((email)::text = 'tymaguixey@example.com'::text)"",), ('  Buffers: shared hit=4',), ('Planning Time: 0.017 ms',), ('Execution Time: 0.020 ms',)]"
719,BTREE,0.000260162353515625,"[('Index Scan using idx_email_btree on user_app  (cost=0.25..8.27 rows=1 width=2088) (actual time=0.006..0.008 rows=1 loops=1)',), (""  Index Cond: ((email)::text = 'tkbyfxixqo@example.com'::text)"",), ('  Buffers: shared hit=3',), ('Planning Time: 0.019 ms',), ('Execution Time: 0.019 ms',)]"
719,HASH,0.00027022361755371096,"[('Index Scan using idx_email_hash on user_app  (cost=0.00..8.02 rows=1 width=2088) (actual time=0.005..0.009 rows=1 loops=1)',), (""  Index Cond: ((email)::text = 'kshfguopps@example.com'::text)"",), ('  Buffers: shared hit=2',), ('Planning Time: 0.023 ms',), ('Execution Time: 0.019 ms',)]"
720,No Index,0.000258946418762207,"[('Index Scan using uniq_user_app_email on user_app  (cost=0.38..8.39 rows=1 width=2088) (actual time=0.008..0.010 rows=1 loops=1)',), (""  Index Cond: ((email)::text = 'howkvgpwgx@example.com'::text)"",), ('  Buffers: shared hit=4',), ('Planning Time: 0.020 ms',), ('Execution Time: 0.021 ms',)]"
720,BTREE,0.00019690990447998046,"[('Index Scan using idx_email_btree on user_app  (cost=0.25..8.27 rows=1 width=2088) (actual time=0.005..0.008 rows=1 loops=1)',), (""  Index Cond: ((email)::text = 'ramxrjxeng@example.com'::text)"",), ('  Buffers: shared hit=3',), ('Planning Time: 0.019 ms',), ('Execution Time: 0.019 ms',)]"
720,HASH,0.00025007724761962893,"[('Index Scan using idx_email_hash on user_app  (cost=0.00..8.02 rows=1 width=2088) (actual time=0.004..0.007 rows=1 loops=1)',), (""  Index Cond: ((email)::text = 'wthgkfvsdo@example.com'::text)"",), ('  Buffers: shared hit=2',), ('Planning Time: 0.019 ms',), ('Execution Time: 0.018 ms',)]"
721,No Index,0.0006636857986450195,"[('Index Scan using uniq_user_app_email on user_app  (cost=0.38..8.39 rows=1 width=2088) (actual time=0.018..0.022 rows=1 loops=1)',), (""  Index Cond: ((email)::text = 'huwckqkfvb@example.com'::text)"",), ('  Buffers: shared hit=4',), ('Planning Time: 0.053 ms',), ('Execution Time: 0.045 ms',)]"
721,BTREE,0.00026271343231201174,"[('Index Scan using idx_email_btree on user_app  (cost=0.25..8.27 rows=1 width=2088) (actual time=0.006..0.009 rows=1 loops=1)',), (""  Index Cond: ((email)::text = 'nvakveuzzy@example.com'::text)"",), ('  Buffers: shared hit=3',), ('Planning Time: 0.021 ms',), ('Execution Time: 0.020 ms',)]"
721,HASH,0.0002624988555908203,"[('Index Scan using idx_email_hash on user_app  (cost=0.00..8.02 rows=1 width=2088) (actual time=0.004..0.007 rows=1 loops=1)',), (""  Index Cond: ((email)::text = 'ebofgwsess@example.com'::text)"",), ('  Buffers: shared hit=2',), ('Planning Time: 0.021 ms',), ('Execution Time: 0.018 ms',)]"
722,No Index,0.00026531219482421874,"[('Index Scan using uniq_user_app_email on user_app  (cost=0.38..8.39 rows=1 width=2088) (actual time=0.008..0.011 rows=1 loops=1)',), (""  Index Cond: ((email)::text = 'lstawzdhji@example.com'::text)"",), ('  Buffers: shared hit=4',), ('Planning Time: 0.021 ms',), ('Execution Time: 0.023 ms',)]"
722,BTREE,0.0002548694610595703,"[('Index Scan using idx_email_btree on user_app  (cost=0.25..8.27 rows=1 width=2088) (actual time=0.005..0.008 rows=1 loops=1)',), (""  Index Cond: ((email)::text = 'edbtjukfqx@example.com'::text)"",), ('  Buffers: shared hit=3',), ('Planning Time: 0.019 ms',), ('Execution Time: 0.019 ms',)]"
722,HASH,0.00019233226776123048,"[('Index Scan using idx_email_hash on user_app  (cost=0.00..8.02 rows=1 width=2088) (actual time=0.004..0.007 rows=1 loops=1)',), (""  Index Cond: ((email)::text = 'xzzmutxaqi@example.com'::text)"",), ('  Buffers: shared hit=2',), ('Planning Time: 0.019 ms',), ('Execution Time: 0.017 ms',)]"
723,No Index,0.00025286674499511717,"[('Index Scan using uniq_user_app_email on user_app  (cost=0.38..8.39 rows=1 width=2088) (actual time=0.007..0.009 rows=1 loops=1)',), (""  Index Cond: ((email)::text = 'chtprtvpnh@example.com'::text)"",), ('  Buffers: shared hit=4',), ('Planning Time: 0.017 ms',), ('Execution Time: 0.020 ms',)]"
723,BTREE,0.0003453493118286133,"[('Index Scan using idx_email_btree on user_app  (cost=0.25..8.27 rows=1 width=2088) (actual time=0.010..0.014 rows=1 loops=1)',), (""  Index Cond: ((email)::text = 'uqpcolimts@example.com'::text)"",), ('  Buffers: shared hit=3',), ('Planning Time: 0.038 ms',), ('Execution Time: 0.030 ms',)]"
723,HASH,0.0003008127212524414,"[('Index Scan using idx_email_hash on user_app  (cost=0.00..8.02 rows=1 width=2088) (actual time=0.005..0.008 rows=1 loops=1)',), (""  Index Cond: ((email)::text = 'cljqypkxwe@example.com'::text)"",), ('  Buffers: shared hit=2',), ('Planning Time: 0.023 ms',), ('Execution Time: 0.019 ms',)]"
724,No Index,0.0005610466003417968,"[('Index Scan using uniq_user_app_email on user_app  (cost=0.38..8.39 rows=1 width=2088) (actual time=0.025..0.030 rows=1 loops=1)',), (""  Index Cond: ((email)::text = 'jzsqkzumyw@example.com'::text)"",), ('  Buffers: shared hit=4',), ('Planning Time: 0.067 ms',), ('Execution Time: 0.054 ms',)]"
724,BTREE,0.00029015541076660156,"[('Index Scan using idx_email_btree on user_app  (cost=0.25..8.27 rows=1 width=2088) (actual time=0.007..0.010 rows=1 loops=1)',), (""  Index Cond: ((email)::text = 'nfikvcymvd@example.com'::text)"",), ('  Buffers: shared hit=3',), ('Planning Time: 0.025 ms',), ('Execution Time: 0.025 ms',)]"
724,HASH,0.00025961399078369143,"[('Index Scan using idx_email_hash on user_app  (cost=0.00..8.02 rows=1 width=2088) (actual time=0.004..0.007 rows=1 loops=1)',), (""  Index Cond: ((email)::text = 'xmqhaesksb@example.com'::text)"",), ('  Buffers: shared hit=2',), ('Planning Time: 0.022 ms',), ('Execution Time: 0.018 ms',)]"
725,No Index,0.00026240348815917967,"[('Index Scan using uniq_user_app_email on user_app  (cost=0.38..8.39 rows=1 width=2088) (actual time=0.008..0.010 rows=1 loops=1)',), (""  Index Cond: ((email)::text = 'xfsiizvgsm@example.com'::text)"",), ('  Buffers: shared hit=4',), ('Planning Time: 0.020 ms',), ('Execution Time: 0.022 ms',)]"
725,BTREE,0.00026361942291259767,"[('Index Scan using idx_email_btree on user_app  (cost=0.25..8.27 rows=1 width=2088) (actual time=0.006..0.009 rows=1 loops=1)',), (""  Index Cond: ((email)::text = 'vmtruvbogg@example.com'::text)"",), ('  Buffers: shared hit=3',), ('Planning Time: 0.022 ms',), ('Execution Time: 0.020 ms',)]"
725,HASH,0.0001940488815307617,"[('Index Scan using idx_email_hash on user_app  (cost=0.00..8.02 rows=1 width=2088) (actual time=0.004..0.007 rows=1 loops=1)',), (""  Index Cond: ((email)::text = 'gorkzvyhid@example.com'::text)"",), ('  Buffers: shared hit=2',), ('Planning Time: 0.019 ms',), ('Execution Time: 0.017 ms',)]"
726,No Index,0.0002613544464111328,"[('Index Scan using uniq_user_app_email on user_app  (cost=0.38..8.39 rows=1 width=2088) (actual time=0.009..0.011 rows=1 loops=1)',), (""  Index Cond: ((email)::text = 'kgaemciksc@example.com'::text)"",), ('  Buffers: shared hit=4',), ('Planning Time: 0.021 ms',), ('Execution Time: 0.023 ms',)]"
726,BTREE,0.00039460659027099607,"[('Index Scan using idx_email_btree on user_app  (cost=0.25..8.27 rows=1 width=2088) (actual time=0.014..0.019 rows=1 loops=1)',), (""  Index Cond: ((email)::text = 'ljraldbity@example.com'::text)"",), ('  Buffers: shared hit=3',), ('Planning Time: 0.055 ms',), ('Execution Time: 0.040 ms',)]"
726,HASH,0.0002141237258911133,"[('Index Scan using idx_email_hash on user_app  (cost=0.00..8.02 rows=1 width=2088) (actual time=0.004..0.007 rows=1 loops=1)',), (""  Index Cond: ((email)::text = 'anlceudjbr@example.com'::text)"",), ('  Buffers: shared hit=2',), ('Planning Time: 0.019 ms',), ('Execution Time: 0.018 ms',)]"
727,No Index,0.0003266096115112305,"[('Index Scan using uniq_user_app_email on user_app  (cost=0.38..8.39 rows=1 width=2088) (actual time=0.025..0.028 rows=1 loops=1)',), (""  Index Cond: ((email)::text = 'ywnpsityfs@example.com'::text)"",), ('  Buffers: shared hit=4',), ('Planning Time: 0.065 ms',), ('Execution Time: 0.048 ms',)]"
727,BTREE,0.0006412506103515625,"[('Index Scan using idx_email_btree on user_app  (cost=0.25..8.27 rows=1 width=2088) (actual time=0.015..0.019 rows=1 loops=1)',), (""  Index Cond: ((email)::text = 'kgkmufulre@example.com'::text)"",), ('  Buffers: shared hit=3',), ('Planning Time: 0.057 ms',), ('Execution Time: 0.040 ms',)]"
727,HASH,0.00025916099548339844,"[('Index Scan using idx_email_hash on user_app  (cost=0.00..8.02 rows=1 width=2088) (actual time=0.005..0.008 rows=1 loops=1)',), (""  Index Cond: ((email)::text = 'gbmozjouef@example.com'::text)"",), ('  Buffers: shared hit=2',), ('Planning Time: 0.021 ms',), ('Execution Time: 0.019 ms',)]"
728,No Index,0.0002991914749145508,"[('Index Scan using uniq_user_app_email on user_app  (cost=0.38..8.39 rows=1 width=2088) (actual time=0.008..0.011 rows=1 loops=1)',), (""  Index Cond: ((email)::text = 'qocqlphyth@example.com'::text)"",), ('  Buffers: shared hit=4',), ('Planning Time: 0.021 ms',), ('Execution Time: 0.023 ms',)]"
728,BTREE,0.0002633571624755859,"[('Index Scan using idx_email_btree on user_app  (cost=0.25..8.27 rows=1 width=2088) (actual time=0.006..0.009 rows=1 loops=1)',), (""  Index Cond: ((email)::text = 'ezsholnajw@example.com'::text)"",), ('  Buffers: shared hit=3',), ('Planning Time: 0.024 ms',), ('Execution Time: 0.021 ms',)]"
728,HASH,0.00028178691864013674,"[('Index Scan using idx_email_hash on user_app  (cost=0.00..8.02 rows=1 width=2088) (actual time=0.005..0.008 rows=1 loops=1)',), (""  Index Cond: ((email)::text = 'gjoqtxntmy@example.com'::text)"",), ('  Buffers: shared hit=2',), ('Planning Time: 0.022 ms',), ('Execution Time: 0.018 ms',)]"
729,No Index,0.00027472972869873046,"[('Index Scan using uniq_user_app_email on user_app  (cost=0.38..8.39 rows=1 width=2088) (actual time=0.008..0.011 rows=1 loops=1)',), (""  Index Cond: ((email)::text = 'gzyncildpm@example.com'::text)"",), ('  Buffers: shared hit=4',), ('Planning Time: 0.021 ms',), ('Execution Time: 0.022 ms',)]"
729,BTREE,0.00029001235961914065,"[('Index Scan using idx_email_btree on user_app  (cost=0.25..8.27 rows=1 width=2088) (actual time=0.007..0.009 rows=1 loops=1)',), (""  Index Cond: ((email)::text = 'yqkyugyinp@example.com'::text)"",), ('  Buffers: shared hit=3',), ('Planning Time: 0.023 ms',), ('Execution Time: 0.020 ms',)]"
729,HASH,0.00024919509887695314,"[('Index Scan using idx_email_hash on user_app  (cost=0.00..8.02 rows=1 width=2088) (actual time=0.004..0.007 rows=1 loops=1)',), (""  Index Cond: ((email)::text = 'genddqbyxs@example.com'::text)"",), ('  Buffers: shared hit=2',), ('Planning Time: 0.033 ms',), ('Execution Time: 0.018 ms',)]"
730,No Index,0.0002692222595214844,"[('Index Scan using uniq_user_app_email on user_app  (cost=0.38..8.39 rows=1 width=2088) (actual time=0.008..0.010 rows=1 loops=1)',), (""  Index Cond: ((email)::text = 'vhpcbgasvz@example.com'::text)"",), ('  Buffers: shared hit=4',), ('Planning Time: 0.020 ms',), ('Execution Time: 0.022 ms',)]"
730,BTREE,0.00025432109832763673,"[('Index Scan using idx_email_btree on user_app  (cost=0.25..8.27 rows=1 width=2088) (actual time=0.006..0.009 rows=1 loops=1)',), (""  Index Cond: ((email)::text = 'lckahhcpar@example.com'::text)"",), ('  Buffers: shared hit=3',), ('Planning Time: 0.019 ms',), ('Execution Time: 0.019 ms',)]"
730,HASH,0.00027337074279785154,"[('Index Scan using idx_email_hash on user_app  (cost=0.00..8.02 rows=1 width=2088) (actual time=0.005..0.008 rows=1 loops=1)',), (""  Index Cond: ((email)::text = 'wbtuhdynou@example.com'::text)"",), ('  Buffers: shared hit=2',), ('Planning Time: 0.023 ms',), ('Execution Time: 0.019 ms',)]"
731,No Index,0.00025234222412109377,"[('Index Scan using uniq_user_app_email on user_app  (cost=0.38..8.39 rows=1 width=2088) (actual time=0.007..0.010 rows=1 loops=1)',), (""  Index Cond: ((email)::text = 'qzmwirqusd@example.com'::text)"",), ('  Buffers: shared hit=4',), ('Planning Time: 0.017 ms',), ('Execution Time: 0.020 ms',)]"
731,BTREE,0.00027658939361572263,"[('Index Scan using idx_email_btree on user_app  (cost=0.25..8.27 rows=1 width=2088) (actual time=0.007..0.010 rows=1 loops=1)',), (""  Index Cond: ((email)::text = 'imwdgrpqom@example.com'::text)"",), ('  Buffers: shared hit=3',), ('Planning Time: 0.023 ms',), ('Execution Time: 0.021 ms',)]"
731,HASH,0.00026388168334960936,"[('Index Scan using idx_email_hash on user_app  (cost=0.00..8.02 rows=1 width=2088) (actual time=0.005..0.008 rows=1 loops=1)',), (""  Index Cond: ((email)::text = 'dvtzylnsch@example.com'::text)"",), ('  Buffers: shared hit=2',), ('Planning Time: 0.023 ms',), ('Execution Time: 0.019 ms',)]"
732,No Index,0.00028016567230224607,"[('Index Scan using uniq_user_app_email on user_app  (cost=0.38..8.39 rows=1 width=2088) (actual time=0.007..0.010 rows=1 loops=1)',), (""  Index Cond: ((email)::text = 'rxsogxiozr@example.com'::text)"",), ('  Buffers: shared hit=4',), ('Planning Time: 0.017 ms',), ('Execution Time: 0.020 ms',)]"
732,BTREE,0.00027794837951660155,"[('Index Scan using idx_email_btree on user_app  (cost=0.25..8.27 rows=1 width=2088) (actual time=0.007..0.009 rows=1 loops=1)',), (""  Index Cond: ((email)::text = 'iebxruqxok@example.com'::text)"",), ('  Buffers: shared hit=3',), ('Planning Time: 0.023 ms',), ('Execution Time: 0.021 ms',)]"
732,HASH,0.0002691984176635742,"[('Index Scan using idx_email_hash on user_app  (cost=0.00..8.02 rows=1 width=2088) (actual time=0.005..0.008 rows=1 loops=1)',), (""  Index Cond: ((email)::text = 'dtglzoqpme@example.com'::text)"",), ('  Buffers: shared hit=2',), ('Planning Time: 0.024 ms',), ('Execution Time: 0.019 ms',)]"
733,No Index,0.0006091833114624023,"[('Index Scan using uniq_user_app_email on user_app  (cost=0.38..8.39 rows=1 width=2088) (actual time=0.022..0.026 rows=1 loops=1)',), (""  Index Cond: ((email)::text = 'mvvshxamzh@example.com'::text)"",), ('  Buffers: shared hit=4',), ('Planning Time: 0.057 ms',), ('Execution Time: 0.047 ms',)]"
733,BTREE,0.0004383563995361328,"[('Index Scan using idx_email_btree on user_app  (cost=0.25..8.27 rows=1 width=2088) (actual time=0.011..0.015 rows=1 loops=1)',), (""  Index Cond: ((email)::text = 'ujlzduiixi@example.com'::text)"",), ('  Buffers: shared hit=3',), ('Planning Time: 0.042 ms',), ('Execution Time: 0.032 ms',)]"
733,HASH,0.0007295846939086914,"[('Index Scan using idx_email_hash on user_app  (cost=0.00..8.02 rows=1 width=2088) (actual time=0.012..0.016 rows=1 loops=1)',), (""  Index Cond: ((email)::text = 'tfmfhzbhew@example.com'::text)"",), ('  Buffers: shared hit=2',), ('Planning Time: 0.063 ms',), ('Execution Time: 0.039 ms',)]"
734,No Index,0.00041439533233642576,"[('Index Scan using uniq_user_app_email on user_app  (cost=0.38..8.39 rows=1 width=2088) (actual time=0.007..0.009 rows=1 loops=1)',), (""  Index Cond: ((email)::text = 'bszjygptxh@example.com'::text)"",), ('  Buffers: shared hit=4',), ('Planning Time: 0.017 ms',), ('Execution Time: 0.020 ms',)]"
734,BTREE,0.0006709814071655274,"[('Index Scan using idx_email_btree on user_app  (cost=0.25..8.27 rows=1 width=2088) (actual time=0.015..0.020 rows=1 loops=1)',), (""  Index Cond: ((email)::text = 'mpcqczyoth@example.com'::text)"",), ('  Buffers: shared hit=3',), ('Planning Time: 0.057 ms',), ('Execution Time: 0.041 ms',)]"
734,HASH,0.0002616167068481445,"[('Index Scan using idx_email_hash on user_app  (cost=0.00..8.02 rows=1 width=2088) (actual time=0.005..0.008 rows=1 loops=1)',), (""  Index Cond: ((email)::text = 'iyaqiapguy@example.com'::text)"",), ('  Buffers: shared hit=2',), ('Planning Time: 0.025 ms',), ('Execution Time: 0.018 ms',)]"
735,No Index,0.0002633810043334961,"[('Index Scan using uniq_user_app_email on user_app  (cost=0.38..8.39 rows=1 width=2088) (actual time=0.008..0.010 rows=1 loops=1)',), (""  Index Cond: ((email)::text = 'vhlyaptnrx@example.com'::text)"",), ('  Buffers: shared hit=4',), ('Planning Time: 0.020 ms',), ('Execution Time: 0.022 ms',)]"
735,BTREE,0.00026514530181884763,"[('Index Scan using idx_email_btree on user_app  (cost=0.25..8.27 rows=1 width=2088) (actual time=0.006..0.008 rows=1 loops=1)',), (""  Index Cond: ((email)::text = 'zkxaornwhj@example.com'::text)"",), ('  Buffers: shared hit=3',), ('Planning Time: 0.022 ms',), ('Execution Time: 0.020 ms',)]"
735,HASH,0.00026226043701171875,"[('Index Scan using idx_email_hash on user_app  (cost=0.00..8.02 rows=1 width=2088) (actual time=0.005..0.008 rows=1 loops=1)',), (""  Index Cond: ((email)::text = 'rfstyvipvi@example.com'::text)"",), ('  Buffers: shared hit=2',), ('Planning Time: 0.022 ms',), ('Execution Time: 0.020 ms',)]"
736,No Index,0.00026388168334960936,"[('Index Scan using uniq_user_app_email on user_app  (cost=0.38..8.39 rows=1 width=2088) (actual time=0.008..0.011 rows=1 loops=1)',), (""  Index Cond: ((email)::text = 'xaslrcxnuy@example.com'::text)"",), ('  Buffers: shared hit=4',), ('Planning Time: 0.019 ms',), ('Execution Time: 0.022 ms',)]"
736,BTREE,0.00022041797637939453,"[('Index Scan using idx_email_btree on user_app  (cost=0.25..8.27 rows=1 width=2088) (actual time=0.006..0.008 rows=1 loops=1)',), (""  Index Cond: ((email)::text = 'jjuzomvphd@example.com'::text)"",), ('  Buffers: shared hit=3',), ('Planning Time: 0.020 ms',), ('Execution Time: 0.019 ms',)]"
736,HASH,0.0002696990966796875,"[('Index Scan using idx_email_hash on user_app  (cost=0.00..8.02 rows=1 width=2088) (actual time=0.005..0.008 rows=1 loops=1)',), (""  Index Cond: ((email)::text = 'leftlcmxzw@example.com'::text)"",), ('  Buffers: shared hit=2',), ('Planning Time: 0.023 ms',), ('Execution Time: 0.019 ms',)]"
737,No Index,0.00030376911163330076,"[('Index Scan using uniq_user_app_email on user_app  (cost=0.38..8.39 rows=1 width=2088) (actual time=0.014..0.019 rows=1 loops=1)',), (""  Index Cond: ((email)::text = 'uuajkubpse@example.com'::text)"",), ('  Buffers: shared hit=4',), ('Planning Time: 0.035 ms',), ('Execution Time: 0.035 ms',)]"
737,BTREE,0.00029044151306152345,"[('Index Scan using idx_email_btree on user_app  (cost=0.25..8.27 rows=1 width=2088) (actual time=0.007..0.009 rows=1 loops=1)',), (""  Index Cond: ((email)::text = 'hibyqynorz@example.com'::text)"",), ('  Buffers: shared hit=3',), ('Planning Time: 0.023 ms',), ('Execution Time: 0.021 ms',)]"
737,HASH,0.0003443717956542969,"[('Index Scan using idx_email_hash on user_app  (cost=0.00..8.02 rows=1 width=2088) (actual time=0.007..0.009 rows=1 loops=1)',), (""  Index Cond: ((email)::text = 'mtnvnahqpo@example.com'::text)"",), ('  Buffers: shared hit=2',), ('Planning Time: 0.034 ms',), ('Execution Time: 0.022 ms',)]"
738,No Index,0.0002650022506713867,"[('Index Scan using uniq_user_app_email on user_app  (cost=0.38..8.39 rows=1 width=2088) (actual time=0.009..0.012 rows=1 loops=1)',), (""  Index Cond: ((email)::text = 'clqrtraibp@example.com'::text)"",), ('  Buffers: shared hit=4',), ('Planning Time: 0.024 ms',), ('Execution Time: 0.023 ms',)]"
738,BTREE,0.00028078556060791017,"[('Index Scan using idx_email_btree on user_app  (cost=0.25..8.27 rows=1 width=2088) (actual time=0.006..0.008 rows=1 loops=1)',), (""  Index Cond: ((email)::text = 'vazxhudueq@example.com'::text)"",), ('  Buffers: shared hit=3',), ('Planning Time: 0.045 ms',), ('Execution Time: 0.019 ms',)]"
738,HASH,0.00026872158050537107,"[('Index Scan using idx_email_hash on user_app  (cost=0.00..8.02 rows=1 width=2088) (actual time=0.005..0.008 rows=1 loops=1)',), (""  Index Cond: ((email)::text = 'mvtzurikaq@example.com'::text)"",), ('  Buffers: shared hit=2',), ('Planning Time: 0.019 ms',), ('Execution Time: 0.018 ms',)]"
739,No Index,0.00027387142181396485,"[('Index Scan using uniq_user_app_email on user_app  (cost=0.38..8.39 rows=1 width=2088) (actual time=0.007..0.010 rows=1 loops=1)',), (""  Index Cond: ((email)::text = 'uhetrltqwg@example.com'::text)"",), ('  Buffers: shared hit=4',), ('Planning Time: 0.017 ms',), ('Execution Time: 0.021 ms',)]"
739,BTREE,0.00029370784759521487,"[('Index Scan using idx_email_btree on user_app  (cost=0.25..8.27 rows=1 width=2088) (actual time=0.006..0.010 rows=1 loops=1)',), (""  Index Cond: ((email)::text = 'pkqehiybnq@example.com'::text)"",), ('  Buffers: shared hit=3',), ('Planning Time: 0.023 ms',), ('Execution Time: 0.021 ms',)]"
739,HASH,0.0002657175064086914,"[('Index Scan using idx_email_hash on user_app  (cost=0.00..8.02 rows=1 width=2088) (actual time=0.004..0.006 rows=1 loops=1)',), (""  Index Cond: ((email)::text = 'rvfrzrakkv@example.com'::text)"",), ('  Buffers: shared hit=2',), ('Planning Time: 0.019 ms',), ('Execution Time: 0.017 ms',)]"
740,No Index,0.0002723217010498047,"[('Index Scan using uniq_user_app_email on user_app  (cost=0.38..8.39 rows=1 width=2088) (actual time=0.009..0.011 rows=1 loops=1)',), (""  Index Cond: ((email)::text = 'vnylkcyzbz@example.com'::text)"",), ('  Buffers: shared hit=4',), ('Planning Time: 0.022 ms',), ('Execution Time: 0.023 ms',)]"
740,BTREE,0.00029075145721435547,"[('Index Scan using idx_email_btree on user_app  (cost=0.25..8.27 rows=1 width=2088) (actual time=0.006..0.009 rows=1 loops=1)',), (""  Index Cond: ((email)::text = 'ptzahrptim@example.com'::text)"",), ('  Buffers: shared hit=3',), ('Planning Time: 0.023 ms',), ('Execution Time: 0.021 ms',)]"
740,HASH,0.0002849102020263672,"[('Index Scan using idx_email_hash on user_app  (cost=0.00..8.02 rows=1 width=2088) (actual time=0.005..0.008 rows=1 loops=1)',), (""  Index Cond: ((email)::text = 'brhrvhfirl@example.com'::text)"",), ('  Buffers: shared hit=2',), ('Planning Time: 0.023 ms',), ('Execution Time: 0.019 ms',)]"
741,No Index,0.0004680395126342773,"[('Index Scan using uniq_user_app_email on user_app  (cost=0.38..8.39 rows=1 width=2088) (actual time=0.017..0.022 rows=1 loops=1)',), (""  Index Cond: ((email)::text = 'dfahhspegu@example.com'::text)"",), ('  Buffers: shared hit=4',), ('Planning Time: 0.045 ms',), ('Execution Time: 0.040 ms',)]"
741,BTREE,0.0005336999893188477,"[('Index Scan using idx_email_btree on user_app  (cost=0.25..8.27 rows=1 width=2088) (actual time=0.016..0.020 rows=1 loops=1)',), (""  Index Cond: ((email)::text = 'zugfjevxgk@example.com'::text)"",), ('  Buffers: shared hit=3',), ('Planning Time: 0.063 ms',), ('Execution Time: 0.043 ms',)]"
741,HASH,0.0002697944641113281,"[('Index Scan using idx_email_hash on user_app  (cost=0.00..8.02 rows=1 width=2088) (actual time=0.003..0.006 rows=1 loops=1)',), (""  Index Cond: ((email)::text = 'ofcbiwsomp@example.com'::text)"",), ('  Buffers: shared hit=2',), ('Planning Time: 0.019 ms',), ('Execution Time: 0.017 ms',)]"
742,No Index,0.0006229639053344727,"[('Index Scan using uniq_user_app_email on user_app  (cost=0.38..8.39 rows=1 width=2088) (actual time=0.020..0.025 rows=1 loops=1)',), (""  Index Cond: ((email)::text = 'zeggynznec@example.com'::text)"",), ('  Buffers: shared hit=4',), ('Planning Time: 0.057 ms',), ('Execution Time: 0.047 ms',)]"
742,BTREE,0.0002889156341552734,"[('Index Scan using idx_email_btree on user_app  (cost=0.25..8.27 rows=1 width=2088) (actual time=0.007..0.010 rows=1 loops=1)',), (""  Index Cond: ((email)::text = 'xksfmdnant@example.com'::text)"",), ('  Buffers: shared hit=3',), ('Planning Time: 0.023 ms',), ('Execution Time: 0.020 ms',)]"
742,HASH,0.00026371479034423826,"[('Index Scan using idx_email_hash on user_app  (cost=0.00..8.02 rows=1 width=2088) (actual time=0.005..0.008 rows=1 loops=1)',), (""  Index Cond: ((email)::text = 'wmaqczcstb@example.com'::text)"",), ('  Buffers: shared hit=2',), ('Planning Time: 0.023 ms',), ('Execution Time: 0.020 ms',)]"
743,No Index,0.0004721403121948242,"[('Index Scan using uniq_user_app_email on user_app  (cost=0.38..8.39 rows=1 width=2088) (actual time=0.009..0.013 rows=1 loops=1)',), (""  Index Cond: ((email)::text = 'gkecvfyhlp@example.com'::text)"",), ('  Buffers: shared hit=4',), ('Planning Time: 0.022 ms',), ('Execution Time: 0.024 ms',)]"
743,BTREE,0.00018937587738037108,"[('Index Scan using idx_email_btree on user_app  (cost=0.25..8.27 rows=1 width=2088) (actual time=0.005..0.007 rows=1 loops=1)',), (""  Index Cond: ((email)::text = 'mlijzlhlja@example.com'::text)"",), ('  Buffers: shared hit=3',), ('Planning Time: 0.019 ms',), ('Execution Time: 0.017 ms',)]"
743,HASH,0.0002613067626953125,"[('Index Scan using idx_email_hash on user_app  (cost=0.00..8.02 rows=1 width=2088) (actual time=0.004..0.007 rows=1 loops=1)',), (""  Index Cond: ((email)::text = 'jprgqqvpvj@example.com'::text)"",), ('  Buffers: shared hit=2',), ('Planning Time: 0.022 ms',), ('Execution Time: 0.018 ms',)]"
744,No Index,0.0002622127532958984,"[('Index Scan using uniq_user_app_email on user_app  (cost=0.38..8.39 rows=1 width=2088) (actual time=0.008..0.011 rows=1 loops=1)',), (""  Index Cond: ((email)::text = 'vbnpxzvbdi@example.com'::text)"",), ('  Buffers: shared hit=4',), ('Planning Time: 0.019 ms',), ('Execution Time: 0.022 ms',)]"
744,BTREE,0.00019659996032714844,"[('Index Scan using idx_email_btree on user_app  (cost=0.25..8.27 rows=1 width=2088) (actual time=0.006..0.008 rows=1 loops=1)',), (""  Index Cond: ((email)::text = 'gvnvznnnuc@example.com'::text)"",), ('  Buffers: shared hit=3',), ('Planning Time: 0.019 ms',), ('Execution Time: 0.018 ms',)]"
744,HASH,0.0006589412689208985,"[('Index Scan using idx_email_hash on user_app  (cost=0.00..8.02 rows=1 width=2088) (actual time=0.010..0.015 rows=1 loops=1)',), (""  Index Cond: ((email)::text = 'ddgqfeazal@example.com'::text)"",), ('  Buffers: shared hit=2',), ('Planning Time: 0.057 ms',), ('Execution Time: 0.036 ms',)]"
745,No Index,0.00026123523712158204,"[('Index Scan using uniq_user_app_email on user_app  (cost=0.38..8.39 rows=1 width=2088) (actual time=0.006..0.009 rows=1 loops=1)',), (""  Index Cond: ((email)::text = 'zqcgdsfqqw@example.com'::text)"",), ('  Buffers: shared hit=4',), ('Planning Time: 0.017 ms',), ('Execution Time: 0.020 ms',)]"
745,BTREE,0.00027194023132324217,"[('Index Scan using idx_email_btree on user_app  (cost=0.25..8.27 rows=1 width=2088) (actual time=0.007..0.010 rows=1 loops=1)',), (""  Index Cond: ((email)::text = 'ybhoyvituv@example.com'::text)"",), ('  Buffers: shared hit=3',), ('Planning Time: 0.023 ms',), ('Execution Time: 0.021 ms',)]"
745,HASH,0.00019319057464599608,"[('Index Scan using idx_email_hash on user_app  (cost=0.00..8.02 rows=1 width=2088) (actual time=0.003..0.006 rows=1 loops=1)',), (""  Index Cond: ((email)::text = 'qzoherboao@example.com'::text)"",), ('  Buffers: shared hit=2',), ('Planning Time: 0.019 ms',), ('Execution Time: 0.017 ms',)]"
746,No Index,0.0002774953842163086,"[('Index Scan using uniq_user_app_email on user_app  (cost=0.38..8.39 rows=1 width=2088) (actual time=0.008..0.011 rows=1 loops=1)',), (""  Index Cond: ((email)::text = 'felybulzaz@example.com'::text)"",), ('  Buffers: shared hit=4',), ('Planning Time: 0.022 ms',), ('Execution Time: 0.023 ms',)]"
746,BTREE,0.00027399063110351564,"[('Index Scan using idx_email_btree on user_app  (cost=0.25..8.27 rows=1 width=2088) (actual time=0.006..0.009 rows=1 loops=1)',), (""  Index Cond: ((email)::text = 'ysorvtbyvs@example.com'::text)"",), ('  Buffers: shared hit=3',), ('Planning Time: 0.024 ms',), ('Execution Time: 0.021 ms',)]"
746,HASH,0.0002758502960205078,"[('Index Scan using idx_email_hash on user_app  (cost=0.00..8.02 rows=1 width=2088) (actual time=0.004..0.007 rows=1 loops=1)',), (""  Index Cond: ((email)::text = 'untibdfpft@example.com'::text)"",), ('  Buffers: shared hit=2',), ('Planning Time: 0.019 ms',), ('Execution Time: 0.018 ms',)]"
747,No Index,0.0002544403076171875,"[('Index Scan using uniq_user_app_email on user_app  (cost=0.38..8.39 rows=1 width=2088) (actual time=0.007..0.010 rows=1 loops=1)',), (""  Index Cond: ((email)::text = 'xhzijipoga@example.com'::text)"",), ('  Buffers: shared hit=4',), ('Planning Time: 0.017 ms',), ('Execution Time: 0.019 ms',)]"
747,BTREE,0.00029511451721191405,"[('Index Scan using idx_email_btree on user_app  (cost=0.25..8.27 rows=1 width=2088) (actual time=0.007..0.009 rows=1 loops=1)',), (""  Index Cond: ((email)::text = 'lponsconqy@example.com'::text)"",), ('  Buffers: shared hit=3',), ('Planning Time: 0.024 ms',), ('Execution Time: 0.020 ms',)]"
747,HASH,0.0002704620361328125,"[('Index Scan using idx_email_hash on user_app  (cost=0.00..8.02 rows=1 width=2088) (actual time=0.005..0.008 rows=1 loops=1)',), (""  Index Cond: ((email)::text = 'gmojpiasdv@example.com'::text)"",), ('  Buffers: shared hit=2',), ('Planning Time: 0.023 ms',), ('Execution Time: 0.019 ms',)]"
748,No Index,0.0002661705017089844,"[('Index Scan using uniq_user_app_email on user_app  (cost=0.38..8.39 rows=1 width=2088) (actual time=0.007..0.010 rows=1 loops=1)',), (""  Index Cond: ((email)::text = 'fjsrfcxnpb@example.com'::text)"",), ('  Buffers: shared hit=4',), ('Planning Time: 0.017 ms',), ('Execution Time: 0.021 ms',)]"
748,BTREE,0.0002742767333984375,"[('Index Scan using idx_email_btree on user_app  (cost=0.25..8.27 rows=1 width=2088) (actual time=0.007..0.010 rows=1 loops=1)',), (""  Index Cond: ((email)::text = 'nyzuzvipkb@example.com'::text)"",), ('  Buffers: shared hit=3',), ('Planning Time: 0.023 ms',), ('Execution Time: 0.021 ms',)]"
748,HASH,0.0002954959869384766,"[('Index Scan using idx_email_hash on user_app  (cost=0.00..8.02 rows=1 width=2088) (actual time=0.005..0.008 rows=1 loops=1)',), (""  Index Cond: ((email)::text = 'qxttmdzuum@example.com'::text)"",), ('  Buffers: shared hit=2',), ('Planning Time: 0.023 ms',), ('Execution Time: 0.019 ms',)]"
749,No Index,0.0002529144287109375,"[('Index Scan using uniq_user_app_email on user_app  (cost=0.38..8.39 rows=1 width=2088) (actual time=0.007..0.010 rows=1 loops=1)',), (""  Index Cond: ((email)::text = 'bukgsycfte@example.com'::text)"",), ('  Buffers: shared hit=4',), ('Planning Time: 0.017 ms',), ('Execution Time: 0.020 ms',)]"
749,BTREE,0.00027191638946533203,"[('Index Scan using idx_email_btree on user_app  (cost=0.25..8.27 rows=1 width=2088) (actual time=0.006..0.008 rows=1 loops=1)',), (""  Index Cond: ((email)::text = 'ngkdgnnjuj@example.com'::text)"",), ('  Buffers: shared hit=3',), ('Planning Time: 0.019 ms',), ('Execution Time: 0.018 ms',)]"
749,HASH,0.00028719902038574217,"[('Index Scan using idx_email_hash on user_app  (cost=0.00..8.02 rows=1 width=2088) (actual time=0.005..0.008 rows=1 loops=1)',), (""  Index Cond: ((email)::text = 'riadtwwbon@example.com'::text)"",), ('  Buffers: shared hit=2',), ('Planning Time: 0.023 ms',), ('Execution Time: 0.019 ms',)]"
750,No Index,0.0005500316619873047,"[('Index Scan using uniq_user_app_email on user_app  (cost=0.38..8.39 rows=1 width=2088) (actual time=0.017..0.022 rows=1 loops=1)',), (""  Index Cond: ((email)::text = 'uygoczrddc@example.com'::text)"",), ('  Buffers: shared hit=4',), ('Planning Time: 0.045 ms',), ('Execution Time: 0.043 ms',)]"
750,BTREE,0.0007968902587890625,"[('Index Scan using idx_email_btree on user_app  (cost=0.25..8.27 rows=1 width=2088) (actual time=0.046..0.050 rows=1 loops=1)',), (""  Index Cond: ((email)::text = 'cmavrdpajh@example.com'::text)"",), ('  Buffers: shared hit=3',), ('Planning Time: 0.062 ms',), ('Execution Time: 0.073 ms',)]"
750,HASH,0.0002693891525268555,"[('Index Scan using idx_email_hash on user_app  (cost=0.00..8.02 rows=1 width=2088) (actual time=0.004..0.006 rows=1 loops=1)',), (""  Index Cond: ((email)::text = 'rcffnfkqox@example.com'::text)"",), ('  Buffers: shared hit=2',), ('Planning Time: 0.023 ms',), ('Execution Time: 0.018 ms',)]"
751,No Index,0.0002646923065185547,"[('Index Scan using uniq_user_app_email on user_app  (cost=0.38..8.39 rows=1 width=2088) (actual time=0.008..0.011 rows=1 loops=1)',), (""  Index Cond: ((email)::text = 'utsgufmoye@example.com'::text)"",), ('  Buffers: shared hit=4',), ('Planning Time: 0.023 ms',), ('Execution Time: 0.024 ms',)]"
751,BTREE,0.00028667449951171877,"[('Index Scan using idx_email_btree on user_app  (cost=0.25..8.27 rows=1 width=2088) (actual time=0.006..0.010 rows=1 loops=1)',), (""  Index Cond: ((email)::text = 'drrgapxxpg@example.com'::text)"",), ('  Buffers: shared hit=3',), ('Planning Time: 0.024 ms',), ('Execution Time: 0.021 ms',)]"
751,HASH,0.00027997493743896483,"[('Index Scan using idx_email_hash on user_app  (cost=0.00..8.02 rows=1 width=2088) (actual time=0.005..0.007 rows=1 loops=1)',), (""  Index Cond: ((email)::text = 'nqptppqwdh@example.com'::text)"",), ('  Buffers: shared hit=2',), ('Planning Time: 0.024 ms',), ('Execution Time: 0.019 ms',)]"
752,No Index,0.0005815744400024414,"[('Index Scan using uniq_user_app_email on user_app  (cost=0.38..8.39 rows=1 width=2088) (actual time=0.021..0.026 rows=1 loops=1)',), (""  Index Cond: ((email)::text = 'hkbiyhrzqu@example.com'::text)"",), ('  Buffers: shared hit=4',), ('Planning Time: 0.057 ms',), ('Execution Time: 0.048 ms',)]"
752,BTREE,0.0005008459091186523,"[('Index Scan using idx_email_btree on user_app  (cost=0.25..8.27 rows=1 width=2088) (actual time=0.017..0.021 rows=1 loops=1)',), (""  Index Cond: ((email)::text = 'rohqivskfb@example.com'::text)"",), ('  Buffers: shared hit=3',), ('Planning Time: 0.063 ms',), ('Execution Time: 0.044 ms',)]"
752,HASH,0.00026824474334716795,"[('Index Scan using idx_email_hash on user_app  (cost=0.00..8.02 rows=1 width=2088) (actual time=0.004..0.007 rows=1 loops=1)',), (""  Index Cond: ((email)::text = 'imdwanomif@example.com'::text)"",), ('  Buffers: shared hit=2',), ('Planning Time: 0.019 ms',), ('Execution Time: 0.018 ms',)]"
753,No Index,0.0002642631530761719,"[('Index Scan using uniq_user_app_email on user_app  (cost=0.38..8.39 rows=1 width=2088) (actual time=0.007..0.010 rows=1 loops=1)',), (""  Index Cond: ((email)::text = 'aemuyfilml@example.com'::text)"",), ('  Buffers: shared hit=4',), ('Planning Time: 0.020 ms',), ('Execution Time: 0.021 ms',)]"
753,BTREE,0.000263524055480957,"[('Index Scan using idx_email_btree on user_app  (cost=0.25..8.27 rows=1 width=2088) (actual time=0.006..0.009 rows=1 loops=1)',), (""  Index Cond: ((email)::text = 'zorgyyktpz@example.com'::text)"",), ('  Buffers: shared hit=3',), ('Planning Time: 0.022 ms',), ('Execution Time: 0.019 ms',)]"
753,HASH,0.00027925968170166015,"[('Index Scan using idx_email_hash on user_app  (cost=0.00..8.02 rows=1 width=2088) (actual time=0.005..0.008 rows=1 loops=1)',), (""  Index Cond: ((email)::text = 'gdvnosmxhx@example.com'::text)"",), ('  Buffers: shared hit=2',), ('Planning Time: 0.024 ms',), ('Execution Time: 0.019 ms',)]"
754,No Index,0.0002540111541748047,"[('Index Scan using uniq_user_app_email on user_app  (cost=0.38..8.39 rows=1 width=2088) (actual time=0.007..0.010 rows=1 loops=1)',), (""  Index Cond: ((email)::text = 'svvhdlsfzm@example.com'::text)"",), ('  Buffers: shared hit=4',), ('Planning Time: 0.017 ms',), ('Execution Time: 0.020 ms',)]"
754,BTREE,0.0004359245300292969,"[('Index Scan using idx_email_btree on user_app  (cost=0.25..8.27 rows=1 width=2088) (actual time=0.011..0.014 rows=1 loops=1)',), (""  Index Cond: ((email)::text = 'pgzlivkjsz@example.com'::text)"",), ('  Buffers: shared hit=3',), ('Planning Time: 0.042 ms',), ('Execution Time: 0.032 ms',)]"
754,HASH,0.00026328563690185546,"[('Index Scan using idx_email_hash on user_app  (cost=0.00..8.02 rows=1 width=2088) (actual time=0.003..0.007 rows=1 loops=1)',), (""  Index Cond: ((email)::text = 'aqiqvdihrq@example.com'::text)"",), ('  Buffers: shared hit=2',), ('Planning Time: 0.018 ms',), ('Execution Time: 0.017 ms',)]"
755,No Index,0.0006804466247558594,"[('Index Scan using uniq_user_app_email on user_app  (cost=0.38..8.39 rows=1 width=2088) (actual time=0.019..0.023 rows=1 loops=1)',), (""  Index Cond: ((email)::text = 'yglalgtzbm@example.com'::text)"",), ('  Buffers: shared hit=4',), ('Planning Time: 0.056 ms',), ('Execution Time: 0.044 ms',)]"
755,BTREE,0.00025877952575683596,"[('Index Scan using idx_email_btree on user_app  (cost=0.25..8.27 rows=1 width=2088) (actual time=0.007..0.010 rows=1 loops=1)',), (""  Index Cond: ((email)::text = 'wrevsxxrhc@example.com'::text)"",), ('  Buffers: shared hit=3',), ('Planning Time: 0.023 ms',), ('Execution Time: 0.020 ms',)]"
755,HASH,0.0002722978591918945,"[('Index Scan using idx_email_hash on user_app  (cost=0.00..8.02 rows=1 width=2088) (actual time=0.004..0.007 rows=1 loops=1)',), (""  Index Cond: ((email)::text = 'vlhnpybkdj@example.com'::text)"",), ('  Buffers: shared hit=2',), ('Planning Time: 0.018 ms',), ('Execution Time: 0.017 ms',)]"
756,No Index,0.0003050565719604492,"[('Index Scan using uniq_user_app_email on user_app  (cost=0.38..8.39 rows=1 width=2088) (actual time=0.014..0.017 rows=1 loops=1)',), (""  Index Cond: ((email)::text = 'kfimiggivo@example.com'::text)"",), ('  Buffers: shared hit=4',), ('Planning Time: 0.035 ms',), ('Execution Time: 0.033 ms',)]"
756,BTREE,0.0003034353256225586,"[('Index Scan using idx_email_btree on user_app  (cost=0.25..8.27 rows=1 width=2088) (actual time=0.007..0.010 rows=1 loops=1)',), (""  Index Cond: ((email)::text = 'ontelecpdh@example.com'::text)"",), ('  Buffers: shared hit=3',), ('Planning Time: 0.023 ms',), ('Execution Time: 0.021 ms',)]"
756,HASH,0.00025980472564697267,"[('Index Scan using idx_email_hash on user_app  (cost=0.00..8.02 rows=1 width=2088) (actual time=0.005..0.008 rows=1 loops=1)',), (""  Index Cond: ((email)::text = 'czltmapstw@example.com'::text)"",), ('  Buffers: shared hit=2',), ('Planning Time: 0.021 ms',), ('Execution Time: 0.018 ms',)]"
757,No Index,0.0006399154663085938,"[('Index Scan using uniq_user_app_email on user_app  (cost=0.38..8.39 rows=1 width=2088) (actual time=0.021..0.026 rows=1 loops=1)',), (""  Index Cond: ((email)::text = 'zbsfwmgozq@example.com'::text)"",), ('  Buffers: shared hit=4',), ('Planning Time: 0.058 ms',), ('Execution Time: 0.048 ms',)]"
757,BTREE,0.0001966714859008789,"[('Index Scan using idx_email_btree on user_app  (cost=0.25..8.27 rows=1 width=2088) (actual time=0.006..0.009 rows=1 loops=1)',), (""  Index Cond: ((email)::text = 'udcjyoqxzk@example.com'::text)"",), ('  Buffers: shared hit=3',), ('Planning Time: 0.019 ms',), ('Execution Time: 0.019 ms',)]"
757,HASH,0.0006670951843261719,"[('Index Scan using idx_email_hash on user_app  (cost=0.00..8.02 rows=1 width=2088) (actual time=0.010..0.015 rows=1 loops=1)',), (""  Index Cond: ((email)::text = 'wlixjejxtz@example.com'::text)"",), ('  Buffers: shared hit=2',), ('Planning Time: 0.057 ms',), ('Execution Time: 0.036 ms',)]"
758,No Index,0.0003037452697753906,"[('Index Scan using uniq_user_app_email on user_app  (cost=0.38..8.39 rows=1 width=2088) (actual time=0.008..0.012 rows=1 loops=1)',), (""  Index Cond: ((email)::text = 'fldmzajrty@example.com'::text)"",), ('  Buffers: shared hit=4',), ('Planning Time: 0.021 ms',), ('Execution Time: 0.023 ms',)]"
758,BTREE,0.0002813577651977539,"[('Index Scan using idx_email_btree on user_app  (cost=0.25..8.27 rows=1 width=2088) (actual time=0.006..0.009 rows=1 loops=1)',), (""  Index Cond: ((email)::text = 'xmfcgzxclt@example.com'::text)"",), ('  Buffers: shared hit=3',), ('Planning Time: 0.023 ms',), ('Execution Time: 0.021 ms',)]"
758,HASH,0.0002617597579956055,"[('Index Scan using idx_email_hash on user_app  (cost=0.00..8.02 rows=1 width=2088) (actual time=0.004..0.007 rows=1 loops=1)',), (""  Index Cond: ((email)::text = 'grvbawtylu@example.com'::text)"",), ('  Buffers: shared hit=2',), ('Planning Time: 0.022 ms',), ('Execution Time: 0.018 ms',)]"
759,No Index,0.00026106834411621094,"[('Index Scan using uniq_user_app_email on user_app  (cost=0.38..8.39 rows=1 width=2088) (actual time=0.007..0.010 rows=1 loops=1)',), (""  Index Cond: ((email)::text = 'dsahshnnzr@example.com'::text)"",), ('  Buffers: shared hit=4',), ('Planning Time: 0.017 ms',), ('Execution Time: 0.020 ms',)]"
759,BTREE,0.0006177902221679687,"[('Index Scan using idx_email_btree on user_app  (cost=0.25..8.27 rows=1 width=2088) (actual time=0.021..0.026 rows=1 loops=1)',), (""  Index Cond: ((email)::text = 'suawnmiyme@example.com'::text)"",), ('  Buffers: shared hit=3',), ('Planning Time: 0.084 ms',), ('Execution Time: 0.050 ms',)]"
759,HASH,0.0002592802047729492,"[('Index Scan using idx_email_hash on user_app  (cost=0.00..8.02 rows=1 width=2088) (actual time=0.004..0.007 rows=1 loops=1)',), (""  Index Cond: ((email)::text = 'vljzmudvwa@example.com'::text)"",), ('  Buffers: shared hit=2',), ('Planning Time: 0.022 ms',), ('Execution Time: 0.018 ms',)]"
760,No Index,0.000657963752746582,"[('Index Scan using uniq_user_app_email on user_app  (cost=0.38..8.39 rows=1 width=2088) (actual time=0.020..0.025 rows=1 loops=1)',), (""  Index Cond: ((email)::text = 'keouizjpso@example.com'::text)"",), ('  Buffers: shared hit=4',), ('Planning Time: 0.054 ms',), ('Execution Time: 0.046 ms',)]"
760,BTREE,0.00027277469635009763,"[('Index Scan using idx_email_btree on user_app  (cost=0.25..8.27 rows=1 width=2088) (actual time=0.007..0.010 rows=1 loops=1)',), (""  Index Cond: ((email)::text = 'czmklhldyh@example.com'::text)"",), ('  Buffers: shared hit=3',), ('Planning Time: 0.024 ms',), ('Execution Time: 0.021 ms',)]"
760,HASH,0.00025639533996582033,"[('Index Scan using idx_email_hash on user_app  (cost=0.00..8.02 rows=1 width=2088) (actual time=0.004..0.007 rows=1 loops=1)',), (""  Index Cond: ((email)::text = 'iipdrmwbkr@example.com'::text)"",), ('  Buffers: shared hit=2',), ('Planning Time: 0.019 ms',), ('Execution Time: 0.016 ms',)]"
761,No Index,0.0002918243408203125,"[('Index Scan using uniq_user_app_email on user_app  (cost=0.38..8.39 rows=1 width=2088) (actual time=0.007..0.010 rows=1 loops=1)',), (""  Index Cond: ((email)::text = 'hjsyvfbbvo@example.com'::text)"",), ('  Buffers: shared hit=4',), ('Planning Time: 0.017 ms',), ('Execution Time: 0.020 ms',)]"
761,BTREE,0.0002615690231323242,"[('Index Scan using idx_email_btree on user_app  (cost=0.25..8.27 rows=1 width=2088) (actual time=0.006..0.009 rows=1 loops=1)',), (""  Index Cond: ((email)::text = 'ugokhmrpfm@example.com'::text)"",), ('  Buffers: shared hit=3',), ('Planning Time: 0.024 ms',), ('Execution Time: 0.020 ms',)]"
761,HASH,0.000285792350769043,"[('Index Scan using idx_email_hash on user_app  (cost=0.00..8.02 rows=1 width=2088) (actual time=0.005..0.007 rows=1 loops=1)',), (""  Index Cond: ((email)::text = 'minepdligi@example.com'::text)"",), ('  Buffers: shared hit=2',), ('Planning Time: 0.024 ms',), ('Execution Time: 0.019 ms',)]"
762,No Index,0.00026721954345703124,"[('Index Scan using uniq_user_app_email on user_app  (cost=0.38..8.39 rows=1 width=2088) (actual time=0.007..0.010 rows=1 loops=1)',), (""  Index Cond: ((email)::text = 'tvgyqhnlbx@example.com'::text)"",), ('  Buffers: shared hit=4',), ('Planning Time: 0.017 ms',), ('Execution Time: 0.020 ms',)]"
762,BTREE,0.0002699136734008789,"[('Index Scan using idx_email_btree on user_app  (cost=0.25..8.27 rows=1 width=2088) (actual time=0.006..0.008 rows=1 loops=1)',), (""  Index Cond: ((email)::text = 'gtylergfro@example.com'::text)"",), ('  Buffers: shared hit=3',), ('Planning Time: 0.019 ms',), ('Execution Time: 0.020 ms',)]"
762,HASH,0.0002961874008178711,"[('Index Scan using idx_email_hash on user_app  (cost=0.00..8.02 rows=1 width=2088) (actual time=0.005..0.008 rows=1 loops=1)',), (""  Index Cond: ((email)::text = 'vbtorufaxw@example.com'::text)"",), ('  Buffers: shared hit=2',), ('Planning Time: 0.023 ms',), ('Execution Time: 0.019 ms',)]"
763,No Index,0.00027723312377929686,"[('Index Scan using uniq_user_app_email on user_app  (cost=0.38..8.39 rows=1 width=2088) (actual time=0.009..0.011 rows=1 loops=1)',), (""  Index Cond: ((email)::text = 'obprkgirsq@example.com'::text)"",), ('  Buffers: shared hit=4',), ('Planning Time: 0.021 ms',), ('Execution Time: 0.023 ms',)]"
763,BTREE,0.0002787351608276367,"[('Index Scan using idx_email_btree on user_app  (cost=0.25..8.27 rows=1 width=2088) (actual time=0.007..0.010 rows=1 loops=1)',), (""  Index Cond: ((email)::text = 'jlrgnmcpns@example.com'::text)"",), ('  Buffers: shared hit=3',), ('Planning Time: 0.023 ms',), ('Execution Time: 0.020 ms',)]"
763,HASH,0.0006565332412719726,"[('Index Scan using idx_email_hash on user_app  (cost=0.00..8.02 rows=1 width=2088) (actual time=0.010..0.015 rows=1 loops=1)',), (""  Index Cond: ((email)::text = 'kgeevqgbyv@example.com'::text)"",), ('  Buffers: shared hit=2',), ('Planning Time: 0.056 ms',), ('Execution Time: 0.036 ms',)]"
764,No Index,0.00027811527252197266,"[('Index Scan using uniq_user_app_email on user_app  (cost=0.38..8.39 rows=1 width=2088) (actual time=0.007..0.010 rows=1 loops=1)',), (""  Index Cond: ((email)::text = 'ubkxpipnru@example.com'::text)"",), ('  Buffers: shared hit=4',), ('Planning Time: 0.020 ms',), ('Execution Time: 0.021 ms',)]"
764,BTREE,0.0006465673446655274,"[('Index Scan using idx_email_btree on user_app  (cost=0.25..8.27 rows=1 width=2088) (actual time=0.015..0.020 rows=1 loops=1)',), (""  Index Cond: ((email)::text = 'vhpgcgbmuv@example.com'::text)"",), ('  Buffers: shared hit=3',), ('Planning Time: 0.059 ms',), ('Execution Time: 0.041 ms',)]"
764,HASH,0.00027523040771484377,"[('Index Scan using idx_email_hash on user_app  (cost=0.00..8.02 rows=1 width=2088) (actual time=0.006..0.009 rows=1 loops=1)',), (""  Index Cond: ((email)::text = 'kfzrsqmfmp@example.com'::text)"",), ('  Buffers: shared hit=2',), ('Planning Time: 0.026 ms',), ('Execution Time: 0.021 ms',)]"
765,No Index,0.0002734661102294922,"[('Index Scan using uniq_user_app_email on user_app  (cost=0.38..8.39 rows=1 width=2088) (actual time=0.009..0.013 rows=1 loops=1)',), (""  Index Cond: ((email)::text = 'joqxrvboac@example.com'::text)"",), ('  Buffers: shared hit=4',), ('Planning Time: 0.023 ms',), ('Execution Time: 0.024 ms',)]"
765,BTREE,0.0002624750137329102,"[('Index Scan using idx_email_btree on user_app  (cost=0.25..8.27 rows=1 width=2088) (actual time=0.006..0.009 rows=1 loops=1)',), (""  Index Cond: ((email)::text = 'qmxlhnymcf@example.com'::text)"",), ('  Buffers: shared hit=3',), ('Planning Time: 0.021 ms',), ('Execution Time: 0.019 ms',)]"
765,HASH,0.0005176305770874023,"[('Index Scan using idx_email_hash on user_app  (cost=0.00..8.02 rows=1 width=2088) (actual time=0.012..0.017 rows=1 loops=1)',), (""  Index Cond: ((email)::text = 'nngypgemkn@example.com'::text)"",), ('  Buffers: shared hit=2',), ('Planning Time: 0.063 ms',), ('Execution Time: 0.039 ms',)]"
766,No Index,0.00026578903198242186,"[('Index Scan using uniq_user_app_email on user_app  (cost=0.38..8.39 rows=1 width=2088) (actual time=0.008..0.010 rows=1 loops=1)',), (""  Index Cond: ((email)::text = 'nysubkdkud@example.com'::text)"",), ('  Buffers: shared hit=4',), ('Planning Time: 0.019 ms',), ('Execution Time: 0.021 ms',)]"
766,BTREE,0.0002635478973388672,"[('Index Scan using idx_email_btree on user_app  (cost=0.25..8.27 rows=1 width=2088) (actual time=0.006..0.009 rows=1 loops=1)',), (""  Index Cond: ((email)::text = 'hqaltrlfcn@example.com'::text)"",), ('  Buffers: shared hit=3',), ('Planning Time: 0.022 ms',), ('Execution Time: 0.020 ms',)]"
766,HASH,0.00026645660400390623,"[('Index Scan using idx_email_hash on user_app  (cost=0.00..8.02 rows=1 width=2088) (actual time=0.003..0.006 rows=1 loops=1)',), (""  Index Cond: ((email)::text = 'crgwglrwzl@example.com'::text)"",), ('  Buffers: shared hit=2',), ('Planning Time: 0.019 ms',), ('Execution Time: 0.017 ms',)]"
767,No Index,0.0001962423324584961,"[('Index Scan using uniq_user_app_email on user_app  (cost=0.38..8.39 rows=1 width=2088) (actual time=0.007..0.010 rows=1 loops=1)',), (""  Index Cond: ((email)::text = 'rxguodbvwo@example.com'::text)"",), ('  Buffers: shared hit=4',), ('Planning Time: 0.018 ms',), ('Execution Time: 0.020 ms',)]"
767,BTREE,0.00019004344940185547,"[('Index Scan using idx_email_btree on user_app  (cost=0.25..8.27 rows=1 width=2088) (actual time=0.005..0.008 rows=1 loops=1)',), (""  Index Cond: ((email)::text = 'chqavufxst@example.com'::text)"",), ('  Buffers: shared hit=3',), ('Planning Time: 0.019 ms',), ('Execution Time: 0.017 ms',)]"
767,HASH,0.00019457340240478516,"[('Index Scan using idx_email_hash on user_app  (cost=0.00..8.02 rows=1 width=2088) (actual time=0.003..0.006 rows=1 loops=1)',), (""  Index Cond: ((email)::text = 'cccyorjcgc@example.com'::text)"",), ('  Buffers: shared hit=2',), ('Planning Time: 0.019 ms',), ('Execution Time: 0.017 ms',)]"
768,No Index,0.00047352313995361326,"[('Index Scan using uniq_user_app_email on user_app  (cost=0.38..8.39 rows=1 width=2088) (actual time=0.017..0.022 rows=1 loops=1)',), (""  Index Cond: ((email)::text = 'vbmcsqrtaz@example.com'::text)"",), ('  Buffers: shared hit=4',), ('Planning Time: 0.045 ms',), ('Execution Time: 0.042 ms',)]"
768,BTREE,0.0002643585205078125,"[('Index Scan using idx_email_btree on user_app  (cost=0.25..8.27 rows=1 width=2088) (actual time=0.006..0.010 rows=1 loops=1)',), (""  Index Cond: ((email)::text = 'qfjwyjbddm@example.com'::text)"",), ('  Buffers: shared hit=3',), ('Planning Time: 0.021 ms',), ('Execution Time: 0.021 ms',)]"
768,HASH,0.0002621650695800781,"[('Index Scan using idx_email_hash on user_app  (cost=0.00..8.02 rows=1 width=2088) (actual time=0.004..0.007 rows=1 loops=1)',), (""  Index Cond: ((email)::text = 'dntffiomps@example.com'::text)"",), ('  Buffers: shared hit=2',), ('Planning Time: 0.022 ms',), ('Execution Time: 0.018 ms',)]"
769,No Index,0.0002648115158081055,"[('Index Scan using uniq_user_app_email on user_app  (cost=0.38..8.39 rows=1 width=2088) (actual time=0.008..0.011 rows=1 loops=1)',), (""  Index Cond: ((email)::text = 'lyjsiihpoq@example.com'::text)"",), ('  Buffers: shared hit=4',), ('Planning Time: 0.020 ms',), ('Execution Time: 0.022 ms',)]"
769,BTREE,0.00027108192443847656,"[('Index Scan using idx_email_btree on user_app  (cost=0.25..8.27 rows=1 width=2088) (actual time=0.007..0.010 rows=1 loops=1)',), (""  Index Cond: ((email)::text = 'wdwzmnjbkc@example.com'::text)"",), ('  Buffers: shared hit=3',), ('Planning Time: 0.023 ms',), ('Execution Time: 0.021 ms',)]"
769,HASH,0.0002564430236816406,"[('Index Scan using idx_email_hash on user_app  (cost=0.00..8.02 rows=1 width=2088) (actual time=0.004..0.007 rows=1 loops=1)',), (""  Index Cond: ((email)::text = 'wwausnodue@example.com'::text)"",), ('  Buffers: shared hit=2',), ('Planning Time: 0.019 ms',), ('Execution Time: 0.018 ms',)]"
770,No Index,0.0004409313201904297,"[('Index Scan using uniq_user_app_email on user_app  (cost=0.38..8.39 rows=1 width=2088) (actual time=0.018..0.021 rows=1 loops=1)',), (""  Index Cond: ((email)::text = 'ohncatwkqz@example.com'::text)"",), ('  Buffers: shared hit=4',), ('Planning Time: 0.046 ms',), ('Execution Time: 0.042 ms',)]"
770,BTREE,0.00025179386138916013,"[('Index Scan using idx_email_btree on user_app  (cost=0.25..8.27 rows=1 width=2088) (actual time=0.005..0.008 rows=1 loops=1)',), (""  Index Cond: ((email)::text = 'ajpvptlsku@example.com'::text)"",), ('  Buffers: shared hit=3',), ('Planning Time: 0.019 ms',), ('Execution Time: 0.018 ms',)]"
770,HASH,0.0002574443817138672,"[('Index Scan using idx_email_hash on user_app  (cost=0.00..8.02 rows=1 width=2088) (actual time=0.004..0.007 rows=1 loops=1)',), (""  Index Cond: ((email)::text = 'szvpyikpgk@example.com'::text)"",), ('  Buffers: shared hit=2',), ('Planning Time: 0.033 ms',), ('Execution Time: 0.018 ms',)]"
771,No Index,0.0005231618881225586,"[('Index Scan using uniq_user_app_email on user_app  (cost=0.38..8.39 rows=1 width=2088) (actual time=0.017..0.021 rows=1 loops=1)',), (""  Index Cond: ((email)::text = 'elqkkaimna@example.com'::text)"",), ('  Buffers: shared hit=4',), ('Planning Time: 0.045 ms',), ('Execution Time: 0.047 ms',)]"
771,BTREE,0.0005534648895263672,"[('Index Scan using idx_email_btree on user_app  (cost=0.25..8.27 rows=1 width=2088) (actual time=0.014..0.018 rows=1 loops=1)',), (""  Index Cond: ((email)::text = 'evcwwkokou@example.com'::text)"",), ('  Buffers: shared hit=3',), ('Planning Time: 0.050 ms',), ('Execution Time: 0.038 ms',)]"
771,HASH,0.00026581287384033205,"[('Index Scan using idx_email_hash on user_app  (cost=0.00..8.02 rows=1 width=2088) (actual time=0.004..0.008 rows=1 loops=1)',), (""  Index Cond: ((email)::text = 'vcyzcupwfq@example.com'::text)"",), ('  Buffers: shared hit=2',), ('Planning Time: 0.021 ms',), ('Execution Time: 0.017 ms',)]"
772,No Index,0.00028514862060546875,"[('Index Scan using uniq_user_app_email on user_app  (cost=0.38..8.39 rows=1 width=2088) (actual time=0.009..0.012 rows=1 loops=1)',), (""  Index Cond: ((email)::text = 'cukfukfpku@example.com'::text)"",), ('  Buffers: shared hit=4',), ('Planning Time: 0.022 ms',), ('Execution Time: 0.023 ms',)]"
772,BTREE,0.0002577781677246094,"[('Index Scan using idx_email_btree on user_app  (cost=0.25..8.27 rows=1 width=2088) (actual time=0.005..0.008 rows=1 loops=1)',), (""  Index Cond: ((email)::text = 'tokzlswioj@example.com'::text)"",), ('  Buffers: shared hit=3',), ('Planning Time: 0.020 ms',), ('Execution Time: 0.019 ms',)]"
772,HASH,0.0006387710571289062,"[('Index Scan using idx_email_hash on user_app  (cost=0.00..8.02 rows=1 width=2088) (actual time=0.011..0.016 rows=1 loops=1)',), (""  Index Cond: ((email)::text = 'gqnspymibo@example.com'::text)"",), ('  Buffers: shared hit=2',), ('Planning Time: 0.062 ms',), ('Execution Time: 0.039 ms',)]"
773,No Index,0.0002849102020263672,"[('Index Scan using uniq_user_app_email on user_app  (cost=0.38..8.39 rows=1 width=2088) (actual time=0.008..0.011 rows=1 loops=1)',), (""  Index Cond: ((email)::text = 'fqgflhvxcs@example.com'::text)"",), ('  Buffers: shared hit=4',), ('Planning Time: 0.021 ms',), ('Execution Time: 0.022 ms',)]"
773,BTREE,0.0003283977508544922,"[('Index Scan using idx_email_btree on user_app  (cost=0.25..8.27 rows=1 width=2088) (actual time=0.013..0.018 rows=1 loops=1)',), (""  Index Cond: ((email)::text = 'ftnxofonak@example.com'::text)"",), ('  Buffers: shared hit=3',), ('Planning Time: 0.053 ms',), ('Execution Time: 0.038 ms',)]"
773,HASH,0.0002598285675048828,"[('Index Scan using idx_email_hash on user_app  (cost=0.00..8.02 rows=1 width=2088) (actual time=0.004..0.008 rows=1 loops=1)',), (""  Index Cond: ((email)::text = 'gpzqkbcnst@example.com'::text)"",), ('  Buffers: shared hit=2',), ('Planning Time: 0.022 ms',), ('Execution Time: 0.018 ms',)]"
774,No Index,0.0002532958984375,"[('Index Scan using uniq_user_app_email on user_app  (cost=0.38..8.39 rows=1 width=2088) (actual time=0.007..0.009 rows=1 loops=1)',), (""  Index Cond: ((email)::text = 'dqqhbvjkfa@example.com'::text)"",), ('  Buffers: shared hit=4',), ('Planning Time: 0.018 ms',), ('Execution Time: 0.020 ms',)]"
774,BTREE,0.00026123523712158204,"[('Index Scan using idx_email_btree on user_app  (cost=0.25..8.27 rows=1 width=2088) (actual time=0.007..0.010 rows=1 loops=1)',), (""  Index Cond: ((email)::text = 'kaivkmqtbb@example.com'::text)"",), ('  Buffers: shared hit=3',), ('Planning Time: 0.022 ms',), ('Execution Time: 0.021 ms',)]"
774,HASH,0.0002579689025878906,"[('Index Scan using idx_email_hash on user_app  (cost=0.00..8.02 rows=1 width=2088) (actual time=0.004..0.007 rows=1 loops=1)',), (""  Index Cond: ((email)::text = 'tjbdilnimu@example.com'::text)"",), ('  Buffers: shared hit=2',), ('Planning Time: 0.022 ms',), ('Execution Time: 0.018 ms',)]"
775,No Index,0.0002554655075073242,"[('Index Scan using uniq_user_app_email on user_app  (cost=0.38..8.39 rows=1 width=2088) (actual time=0.007..0.010 rows=1 loops=1)',), (""  Index Cond: ((email)::text = 'fpxqowddls@example.com'::text)"",), ('  Buffers: shared hit=4',), ('Planning Time: 0.017 ms',), ('Execution Time: 0.021 ms',)]"
775,BTREE,0.00029704570770263674,"[('Index Scan using idx_email_btree on user_app  (cost=0.25..8.27 rows=1 width=2088) (actual time=0.007..0.009 rows=1 loops=1)',), (""  Index Cond: ((email)::text = 'bdfwullkrd@example.com'::text)"",), ('  Buffers: shared hit=3',), ('Planning Time: 0.024 ms',), ('Execution Time: 0.022 ms',)]"
775,HASH,0.0004956722259521484,"[('Index Scan using idx_email_hash on user_app  (cost=0.00..8.02 rows=1 width=2088) (actual time=0.007..0.011 rows=1 loops=1)',), (""  Index Cond: ((email)::text = 'oolnfdmndn@example.com'::text)"",), ('  Buffers: shared hit=2',), ('Planning Time: 0.042 ms',), ('Execution Time: 0.028 ms',)]"
776,No Index,0.0001951456069946289,"[('Index Scan using uniq_user_app_email on user_app  (cost=0.38..8.39 rows=1 width=2088) (actual time=0.007..0.009 rows=1 loops=1)',), (""  Index Cond: ((email)::text = 'ucvodthkic@example.com'::text)"",), ('  Buffers: shared hit=4',), ('Planning Time: 0.017 ms',), ('Execution Time: 0.019 ms',)]"
776,BTREE,0.00026476383209228516,"[('Index Scan using idx_email_btree on user_app  (cost=0.25..8.27 rows=1 width=2088) (actual time=0.006..0.009 rows=1 loops=1)',), (""  Index Cond: ((email)::text = 'xppgxfllco@example.com'::text)"",), ('  Buffers: shared hit=3',), ('Planning Time: 0.023 ms',), ('Execution Time: 0.020 ms',)]"
776,HASH,0.00025420188903808595,"[('Index Scan using idx_email_hash on user_app  (cost=0.00..8.02 rows=1 width=2088) (actual time=0.004..0.007 rows=1 loops=1)',), (""  Index Cond: ((email)::text = 'glnffrxtgo@example.com'::text)"",), ('  Buffers: shared hit=2',), ('Planning Time: 0.019 ms',), ('Execution Time: 0.017 ms',)]"
777,No Index,0.0005208969116210938,"[('Index Scan using uniq_user_app_email on user_app  (cost=0.38..8.39 rows=1 width=2088) (actual time=0.018..0.022 rows=1 loops=1)',), (""  Index Cond: ((email)::text = 'fzhgclbqmd@example.com'::text)"",), ('  Buffers: shared hit=4',), ('Planning Time: 0.045 ms',), ('Execution Time: 0.043 ms',)]"
777,BTREE,0.000251317024230957,"[('Index Scan using idx_email_btree on user_app  (cost=0.25..8.27 rows=1 width=2088) (actual time=0.005..0.008 rows=1 loops=1)',), (""  Index Cond: ((email)::text = 'kkgttmkoza@example.com'::text)"",), ('  Buffers: shared hit=3',), ('Planning Time: 0.019 ms',), ('Execution Time: 0.018 ms',)]"
777,HASH,0.00031361579895019533,"[('Index Scan using idx_email_hash on user_app  (cost=0.00..8.02 rows=1 width=2088) (actual time=0.008..0.012 rows=1 loops=1)',), (""  Index Cond: ((email)::text = 'jwusksxvna@example.com'::text)"",), ('  Buffers: shared hit=2',), ('Planning Time: 0.049 ms',), ('Execution Time: 0.031 ms',)]"
778,No Index,0.0002878427505493164,"[('Index Scan using uniq_user_app_email on user_app  (cost=0.38..8.39 rows=1 width=2088) (actual time=0.008..0.011 rows=1 loops=1)',), (""  Index Cond: ((email)::text = 'swwsjvhcnt@example.com'::text)"",), ('  Buffers: shared hit=4',), ('Planning Time: 0.021 ms',), ('Execution Time: 0.023 ms',)]"
778,BTREE,0.0002652645111083984,"[('Index Scan using idx_email_btree on user_app  (cost=0.25..8.27 rows=1 width=2088) (actual time=0.006..0.009 rows=1 loops=1)',), (""  Index Cond: ((email)::text = 'spawyqjiji@example.com'::text)"",), ('  Buffers: shared hit=3',), ('Planning Time: 0.023 ms',), ('Execution Time: 0.021 ms',)]"
778,HASH,0.0002537250518798828,"[('Index Scan using idx_email_hash on user_app  (cost=0.00..8.02 rows=1 width=2088) (actual time=0.004..0.007 rows=1 loops=1)',), (""  Index Cond: ((email)::text = 'zcqrhjmwgg@example.com'::text)"",), ('  Buffers: shared hit=2',), ('Planning Time: 0.020 ms',), ('Execution Time: 0.017 ms',)]"
779,No Index,0.0005697250366210937,"[('Index Scan using uniq_user_app_email on user_app  (cost=0.38..8.39 rows=1 width=2088) (actual time=0.021..0.025 rows=1 loops=1)',), (""  Index Cond: ((email)::text = 'cxntrtxnvt@example.com'::text)"",), ('  Buffers: shared hit=4',), ('Planning Time: 0.057 ms',), ('Execution Time: 0.049 ms',)]"
779,BTREE,0.00029437541961669923,"[('Index Scan using idx_email_btree on user_app  (cost=0.25..8.27 rows=1 width=2088) (actual time=0.007..0.010 rows=1 loops=1)',), (""  Index Cond: ((email)::text = 'vlfwbpxqfe@example.com'::text)"",), ('  Buffers: shared hit=3',), ('Planning Time: 0.023 ms',), ('Execution Time: 0.021 ms',)]"
779,HASH,0.00048065185546875,"[('Index Scan using idx_email_hash on user_app  (cost=0.00..8.02 rows=1 width=2088) (actual time=0.011..0.016 rows=1 loops=1)',), (""  Index Cond: ((email)::text = 'wyppsrmrgj@example.com'::text)"",), ('  Buffers: shared hit=2',), ('Planning Time: 0.061 ms',), ('Execution Time: 0.039 ms',)]"
780,No Index,0.0002819538116455078,"[('Index Scan using uniq_user_app_email on user_app  (cost=0.38..8.39 rows=1 width=2088) (actual time=0.007..0.010 rows=1 loops=1)',), (""  Index Cond: ((email)::text = 'kugwikspgr@example.com'::text)"",), ('  Buffers: shared hit=4',), ('Planning Time: 0.017 ms',), ('Execution Time: 0.020 ms',)]"
780,BTREE,0.0002627849578857422,"[('Index Scan using idx_email_btree on user_app  (cost=0.25..8.27 rows=1 width=2088) (actual time=0.005..0.008 rows=1 loops=1)',), (""  Index Cond: ((email)::text = 'qaspdfmpjd@example.com'::text)"",), ('  Buffers: shared hit=3',), ('Planning Time: 0.019 ms',), ('Execution Time: 0.019 ms',)]"
780,HASH,0.0003218889236450195,"[('Index Scan using idx_email_hash on user_app  (cost=0.00..8.02 rows=1 width=2088) (actual time=0.005..0.007 rows=1 loops=1)',), (""  Index Cond: ((email)::text = 'kugwikspgr@example.com'::text)"",), ('  Buffers: shared hit=2',), ('Planning Time: 0.024 ms',), ('Execution Time: 0.018 ms',)]"
781,No Index,0.0003045797348022461,"[('Index Scan using uniq_user_app_email on user_app  (cost=0.38..8.39 rows=1 width=2088) (actual time=0.008..0.012 rows=1 loops=1)',), (""  Index Cond: ((email)::text = 'putfquchle@example.com'::text)"",), ('  Buffers: shared hit=4',), ('Planning Time: 0.021 ms',), ('Execution Time: 0.022 ms',)]"
781,BTREE,0.0002894401550292969,"[('Index Scan using idx_email_btree on user_app  (cost=0.25..8.27 rows=1 width=2088) (actual time=0.007..0.010 rows=1 loops=1)',), (""  Index Cond: ((email)::text = 'vrswjhzkvq@example.com'::text)"",), ('  Buffers: shared hit=3',), ('Planning Time: 0.025 ms',), ('Execution Time: 0.021 ms',)]"
781,HASH,0.0002628326416015625,"[('Index Scan using idx_email_hash on user_app  (cost=0.00..8.02 rows=1 width=2088) (actual time=0.004..0.007 rows=1 loops=1)',), (""  Index Cond: ((email)::text = 'pxmztlbqeq@example.com'::text)"",), ('  Buffers: shared hit=2',), ('Planning Time: 0.022 ms',), ('Execution Time: 0.018 ms',)]"
782,No Index,0.00026607513427734375,"[('Index Scan using uniq_user_app_email on user_app  (cost=0.38..8.39 rows=1 width=2088) (actual time=0.008..0.010 rows=1 loops=1)',), (""  Index Cond: ((email)::text = 'recpiqmrkr@example.com'::text)"",), ('  Buffers: shared hit=4',), ('Planning Time: 0.020 ms',), ('Execution Time: 0.021 ms',)]"
782,BTREE,0.00025861263275146485,"[('Index Scan using idx_email_btree on user_app  (cost=0.25..8.27 rows=1 width=2088) (actual time=0.007..0.009 rows=1 loops=1)',), (""  Index Cond: ((email)::text = 'deymvbwfmk@example.com'::text)"",), ('  Buffers: shared hit=3',), ('Planning Time: 0.023 ms',), ('Execution Time: 0.020 ms',)]"
782,HASH,0.0006003379821777344,"[('Index Scan using idx_email_hash on user_app  (cost=0.00..8.02 rows=1 width=2088) (actual time=0.011..0.016 rows=1 loops=1)',), (""  Index Cond: ((email)::text = 'pxruqyquda@example.com'::text)"",), ('  Buffers: shared hit=2',), ('Planning Time: 0.061 ms',), ('Execution Time: 0.038 ms',)]"
783,No Index,0.00022704601287841796,"[('Index Scan using uniq_user_app_email on user_app  (cost=0.38..8.39 rows=1 width=2088) (actual time=0.012..0.015 rows=1 loops=1)',), (""  Index Cond: ((email)::text = 'bkhfluuafm@example.com'::text)"",), ('  Buffers: shared hit=4',), ('Planning Time: 0.033 ms',), ('Execution Time: 0.028 ms',)]"
783,BTREE,0.0002689838409423828,"[('Index Scan using idx_email_btree on user_app  (cost=0.25..8.27 rows=1 width=2088) (actual time=0.005..0.008 rows=1 loops=1)',), (""  Index Cond: ((email)::text = 'iultrcebnl@example.com'::text)"",), ('  Buffers: shared hit=3',), ('Planning Time: 0.019 ms',), ('Execution Time: 0.019 ms',)]"
783,HASH,0.0006909370422363281,"[('Index Scan using idx_email_hash on user_app  (cost=0.00..8.02 rows=1 width=2088) (actual time=0.010..0.015 rows=1 loops=1)',), (""  Index Cond: ((email)::text = 'kchrapmfyo@example.com'::text)"",), ('  Buffers: shared hit=2',), ('Planning Time: 0.057 ms',), ('Execution Time: 0.036 ms',)]"
784,No Index,0.000259089469909668,"[('Index Scan using uniq_user_app_email on user_app  (cost=0.38..8.39 rows=1 width=2088) (actual time=0.007..0.009 rows=1 loops=1)',), (""  Index Cond: ((email)::text = 'weofnscyve@example.com'::text)"",), ('  Buffers: shared hit=4',), ('Planning Time: 0.017 ms',), ('Execution Time: 0.020 ms',)]"
784,BTREE,0.0005617380142211914,"[('Index Scan using idx_email_btree on user_app  (cost=0.25..8.27 rows=1 width=2088) (actual time=0.008..0.010 rows=1 loops=1)',), (""  Index Cond: ((email)::text = 'ijgicjstqt@example.com'::text)"",), ('  Buffers: shared hit=3',), ('Planning Time: 0.025 ms',), ('Execution Time: 0.023 ms',)]"
784,HASH,0.0002627849578857422,"[('Index Scan using idx_email_hash on user_app  (cost=0.00..8.02 rows=1 width=2088) (actual time=0.004..0.007 rows=1 loops=1)',), (""  Index Cond: ((email)::text = 'auudkqavel@example.com'::text)"",), ('  Buffers: shared hit=2',), ('Planning Time: 0.021 ms',), ('Execution Time: 0.019 ms',)]"
785,No Index,0.00027923583984375,"[('Index Scan using uniq_user_app_email on user_app  (cost=0.38..8.39 rows=1 width=2088) (actual time=0.008..0.011 rows=1 loops=1)',), (""  Index Cond: ((email)::text = 'uxrpkmjjac@example.com'::text)"",), ('  Buffers: shared hit=4',), ('Planning Time: 0.021 ms',), ('Execution Time: 0.022 ms',)]"
785,BTREE,0.00027358531951904297,"[('Index Scan using idx_email_btree on user_app  (cost=0.25..8.27 rows=1 width=2088) (actual time=0.005..0.008 rows=1 loops=1)',), (""  Index Cond: ((email)::text = 'mtrupygxfj@example.com'::text)"",), ('  Buffers: shared hit=3',), ('Planning Time: 0.019 ms',), ('Execution Time: 0.019 ms',)]"
785,HASH,0.0005975484848022461,"[('Index Scan using idx_email_hash on user_app  (cost=0.00..8.02 rows=1 width=2088) (actual time=0.011..0.016 rows=1 loops=1)',), (""  Index Cond: ((email)::text = 'xikeceqvka@example.com'::text)"",), ('  Buffers: shared hit=2',), ('Planning Time: 0.095 ms',), ('Execution Time: 0.039 ms',)]"
786,No Index,0.00026493072509765626,"[('Index Scan using uniq_user_app_email on user_app  (cost=0.38..8.39 rows=1 width=2088) (actual time=0.008..0.010 rows=1 loops=1)',), (""  Index Cond: ((email)::text = 'glvpxbeoki@example.com'::text)"",), ('  Buffers: shared hit=4',), ('Planning Time: 0.020 ms',), ('Execution Time: 0.022 ms',)]"
786,BTREE,0.00026009082794189455,"[('Index Scan using idx_email_btree on user_app  (cost=0.25..8.27 rows=1 width=2088) (actual time=0.005..0.008 rows=1 loops=1)',), (""  Index Cond: ((email)::text = 'ejxhjeodmx@example.com'::text)"",), ('  Buffers: shared hit=3',), ('Planning Time: 0.019 ms',), ('Execution Time: 0.019 ms',)]"
786,HASH,0.0002609968185424805,"[('Index Scan using idx_email_hash on user_app  (cost=0.00..8.02 rows=1 width=2088) (actual time=0.004..0.008 rows=1 loops=1)',), (""  Index Cond: ((email)::text = 'yxygecijpu@example.com'::text)"",), ('  Buffers: shared hit=2',), ('Planning Time: 0.021 ms',), ('Execution Time: 0.018 ms',)]"
787,No Index,0.0002662897109985352,"[('Index Scan using uniq_user_app_email on user_app  (cost=0.38..8.39 rows=1 width=2088) (actual time=0.008..0.010 rows=1 loops=1)',), (""  Index Cond: ((email)::text = 'jozczmihww@example.com'::text)"",), ('  Buffers: shared hit=4',), ('Planning Time: 0.020 ms',), ('Execution Time: 0.021 ms',)]"
787,BTREE,0.00025370121002197263,"[('Index Scan using idx_email_btree on user_app  (cost=0.25..8.27 rows=1 width=2088) (actual time=0.005..0.008 rows=1 loops=1)',), (""  Index Cond: ((email)::text = 'ecekghcels@example.com'::text)"",), ('  Buffers: shared hit=3',), ('Planning Time: 0.019 ms',), ('Execution Time: 0.018 ms',)]"
787,HASH,0.00026302337646484376,"[('Index Scan using idx_email_hash on user_app  (cost=0.00..8.02 rows=1 width=2088) (actual time=0.004..0.007 rows=1 loops=1)',), (""  Index Cond: ((email)::text = 'drbizzplrk@example.com'::text)"",), ('  Buffers: shared hit=2',), ('Planning Time: 0.019 ms',), ('Execution Time: 0.017 ms',)]"
788,No Index,0.0004951715469360352,"[('Index Scan using uniq_user_app_email on user_app  (cost=0.38..8.39 rows=1 width=2088) (actual time=0.018..0.023 rows=1 loops=1)',), (""  Index Cond: ((email)::text = 'izufxumajf@example.com'::text)"",), ('  Buffers: shared hit=4',), ('Planning Time: 0.045 ms',), ('Execution Time: 0.043 ms',)]"
788,BTREE,0.0002592563629150391,"[('Index Scan using idx_email_btree on user_app  (cost=0.25..8.27 rows=1 width=2088) (actual time=0.006..0.008 rows=1 loops=1)',), (""  Index Cond: ((email)::text = 'ivwsnifvrh@example.com'::text)"",), ('  Buffers: shared hit=3',), ('Planning Time: 0.019 ms',), ('Execution Time: 0.019 ms',)]"
788,HASH,0.0002770423889160156,"[('Index Scan using idx_email_hash on user_app  (cost=0.00..8.02 rows=1 width=2088) (actual time=0.005..0.008 rows=1 loops=1)',), (""  Index Cond: ((email)::text = 'frlbcllnjm@example.com'::text)"",), ('  Buffers: shared hit=2',), ('Planning Time: 0.023 ms',), ('Execution Time: 0.019 ms',)]"
789,No Index,0.00026490688323974607,"[('Index Scan using uniq_user_app_email on user_app  (cost=0.38..8.39 rows=1 width=2088) (actual time=0.007..0.009 rows=1 loops=1)',), (""  Index Cond: ((email)::text = 'ictilheobf@example.com'::text)"",), ('  Buffers: shared hit=4',), ('Planning Time: 0.018 ms',), ('Execution Time: 0.020 ms',)]"
789,BTREE,0.00025153160095214844,"[('Index Scan using idx_email_btree on user_app  (cost=0.25..8.27 rows=1 width=2088) (actual time=0.005..0.007 rows=1 loops=1)',), (""  Index Cond: ((email)::text = 'wkywdtpfra@example.com'::text)"",), ('  Buffers: shared hit=3',), ('Planning Time: 0.020 ms',), ('Execution Time: 0.018 ms',)]"
789,HASH,0.0002906322479248047,"[('Index Scan using idx_email_hash on user_app  (cost=0.00..8.02 rows=1 width=2088) (actual time=0.005..0.008 rows=1 loops=1)',), (""  Index Cond: ((email)::text = 'ithlqcjgso@example.com'::text)"",), ('  Buffers: shared hit=2',), ('Planning Time: 0.024 ms',), ('Execution Time: 0.019 ms',)]"
790,No Index,0.000643777847290039,"[('Index Scan using uniq_user_app_email on user_app  (cost=0.38..8.39 rows=1 width=2088) (actual time=0.019..0.023 rows=1 loops=1)',), (""  Index Cond: ((email)::text = 'btoepkjgbv@example.com'::text)"",), ('  Buffers: shared hit=4',), ('Planning Time: 0.052 ms',), ('Execution Time: 0.044 ms',)]"
790,BTREE,0.0002968072891235352,"[('Index Scan using idx_email_btree on user_app  (cost=0.25..8.27 rows=1 width=2088) (actual time=0.011..0.015 rows=1 loops=1)',), (""  Index Cond: ((email)::text = 'giogvswrcm@example.com'::text)"",), ('  Buffers: shared hit=3',), ('Planning Time: 0.041 ms',), ('Execution Time: 0.031 ms',)]"
790,HASH,0.0004527568817138672,"[('Index Scan using idx_email_hash on user_app  (cost=0.00..8.02 rows=1 width=2088) (actual time=0.009..0.013 rows=1 loops=1)',), (""  Index Cond: ((email)::text = 'btfulmcvxn@example.com'::text)"",), ('  Buffers: shared hit=2',), ('Planning Time: 0.050 ms',), ('Execution Time: 0.032 ms',)]"
791,No Index,0.0006679534912109375,"[('Index Scan using uniq_user_app_email on user_app  (cost=0.38..8.39 rows=1 width=2088) (actual time=0.020..0.024 rows=1 loops=1)',), (""  Index Cond: ((email)::text = 'ngmuenafnh@example.com'::text)"",), ('  Buffers: shared hit=4',), ('Planning Time: 0.053 ms',), ('Execution Time: 0.046 ms',)]"
791,BTREE,0.0002635002136230469,"[('Index Scan using idx_email_btree on user_app  (cost=0.25..8.27 rows=1 width=2088) (actual time=0.006..0.009 rows=1 loops=1)',), (""  Index Cond: ((email)::text = 'edphduvdsi@example.com'::text)"",), ('  Buffers: shared hit=3',), ('Planning Time: 0.023 ms',), ('Execution Time: 0.020 ms',)]"
791,HASH,0.000270843505859375,"[('Index Scan using idx_email_hash on user_app  (cost=0.00..8.02 rows=1 width=2088) (actual time=0.005..0.008 rows=1 loops=1)',), (""  Index Cond: ((email)::text = 'wrimoikxll@example.com'::text)"",), ('  Buffers: shared hit=2',), ('Planning Time: 0.023 ms',), ('Execution Time: 0.019 ms',)]"
792,No Index,0.0003001928329467773,"[('Index Scan using uniq_user_app_email on user_app  (cost=0.38..8.39 rows=1 width=2088) (actual time=0.007..0.010 rows=1 loops=1)',), (""  Index Cond: ((email)::text = 'bnraejasui@example.com'::text)"",), ('  Buffers: shared hit=4',), ('Planning Time: 0.020 ms',), ('Execution Time: 0.021 ms',)]"
792,BTREE,0.00028514862060546875,"[('Index Scan using idx_email_btree on user_app  (cost=0.25..8.27 rows=1 width=2088) (actual time=0.008..0.011 rows=1 loops=1)',), (""  Index Cond: ((email)::text = 'ttlenbwdhz@example.com'::text)"",), ('  Buffers: shared hit=3',), ('Planning Time: 0.032 ms',), ('Execution Time: 0.025 ms',)]"
792,HASH,0.00030732154846191406,"[('Index Scan using idx_email_hash on user_app  (cost=0.00..8.02 rows=1 width=2088) (actual time=0.006..0.009 rows=1 loops=1)',), (""  Index Cond: ((email)::text = 'hymqshivvf@example.com'::text)"",), ('  Buffers: shared hit=2',), ('Planning Time: 0.032 ms',), ('Execution Time: 0.021 ms',)]"
793,No Index,0.00033004283905029296,"[('Index Scan using uniq_user_app_email on user_app  (cost=0.38..8.39 rows=1 width=2088) (actual time=0.010..0.011 rows=1 loops=1)',), (""  Index Cond: ((email)::text = 'diyyhuvgzc@example.com'::text)"",), ('  Buffers: shared hit=4',), ('Planning Time: 0.025 ms',), ('Execution Time: 0.023 ms',)]"
793,BTREE,0.00023908615112304686,"[('Index Scan using idx_email_btree on user_app  (cost=0.25..8.27 rows=1 width=2088) (actual time=0.007..0.011 rows=1 loops=1)',), (""  Index Cond: ((email)::text = 'uzoliqtaxm@example.com'::text)"",), ('  Buffers: shared hit=3',), ('Planning Time: 0.028 ms',), ('Execution Time: 0.022 ms',)]"
793,HASH,0.000232696533203125,"[('Index Scan using idx_email_hash on user_app  (cost=0.00..8.02 rows=1 width=2088) (actual time=0.005..0.009 rows=1 loops=1)',), (""  Index Cond: ((email)::text = 'txjmhlfkeg@example.com'::text)"",), ('  Buffers: shared hit=3',), ('Planning Time: 0.023 ms',), ('Execution Time: 0.019 ms',)]"
794,No Index,0.0002985477447509766,"[('Index Scan using uniq_user_app_email on user_app  (cost=0.38..8.39 rows=1 width=2088) (actual time=0.007..0.010 rows=1 loops=1)',), (""  Index Cond: ((email)::text = 'pyranvcaka@example.com'::text)"",), ('  Buffers: shared hit=4',), ('Planning Time: 0.018 ms',), ('Execution Time: 0.022 ms',)]"
794,BTREE,0.00023243427276611328,"[('Index Scan using idx_email_btree on user_app  (cost=0.25..8.27 rows=1 width=2088) (actual time=0.008..0.011 rows=1 loops=1)',), (""  Index Cond: ((email)::text = 'gccvsufxqf@example.com'::text)"",), ('  Buffers: shared hit=3',), ('Planning Time: 0.029 ms',), ('Execution Time: 0.020 ms',)]"
794,HASH,0.000274658203125,"[('Index Scan using idx_email_hash on user_app  (cost=0.00..8.02 rows=1 width=2088) (actual time=0.005..0.008 rows=1 loops=1)',), (""  Index Cond: ((email)::text = 'hjjwfhhvbs@example.com'::text)"",), ('  Buffers: shared hit=3',), ('Planning Time: 0.027 ms',), ('Execution Time: 0.021 ms',)]"
795,No Index,0.000304865837097168,"[('Index Scan using uniq_user_app_email on user_app  (cost=0.38..8.39 rows=1 width=2088) (actual time=0.006..0.009 rows=1 loops=1)',), (""  Index Cond: ((email)::text = 'iqkoftolde@example.com'::text)"",), ('  Buffers: shared hit=4',), ('Planning Time: 0.018 ms',), ('Execution Time: 0.021 ms',)]"
795,BTREE,0.00025153160095214844,"[('Index Scan using idx_email_btree on user_app  (cost=0.25..8.27 rows=1 width=2088) (actual time=0.005..0.009 rows=1 loops=1)',), (""  Index Cond: ((email)::text = 'evrakwwmol@example.com'::text)"",), ('  Buffers: shared hit=3',), ('Planning Time: 0.024 ms',), ('Execution Time: 0.018 ms',)]"
795,HASH,0.00026264190673828123,"[('Index Scan using idx_email_hash on user_app  (cost=0.00..8.02 rows=1 width=2088) (actual time=0.006..0.009 rows=1 loops=1)',), (""  Index Cond: ((email)::text = 'zkzuvixqzr@example.com'::text)"",), ('  Buffers: shared hit=2',), ('Planning Time: 0.026 ms',), ('Execution Time: 0.020 ms',)]"
796,No Index,0.00023827552795410156,"[('Index Scan using uniq_user_app_email on user_app  (cost=0.38..8.39 rows=1 width=2088) (actual time=0.011..0.013 rows=1 loops=1)',), (""  Index Cond: ((email)::text = 'kfqhpgjioi@example.com'::text)"",), ('  Buffers: shared hit=4',), ('Planning Time: 0.029 ms',), ('Execution Time: 0.027 ms',)]"
796,BTREE,0.00027339458465576173,"[('Index Scan using idx_email_btree on user_app  (cost=0.25..8.27 rows=1 width=2088) (actual time=0.015..0.018 rows=1 loops=1)',), (""  Index Cond: ((email)::text = 'cbltnxheay@example.com'::text)"",), ('  Buffers: shared hit=3',), ('Planning Time: 0.032 ms',), ('Execution Time: 0.031 ms',)]"
796,HASH,0.00022089481353759766,"[('Index Scan using idx_email_hash on user_app  (cost=0.00..8.02 rows=1 width=2088) (actual time=0.006..0.009 rows=1 loops=1)',), (""  Index Cond: ((email)::text = 'jvvvqlpyke@example.com'::text)"",), ('  Buffers: shared hit=2',), ('Planning Time: 0.029 ms',), ('Execution Time: 0.021 ms',)]"
797,No Index,0.0002624988555908203,"[('Index Scan using uniq_user_app_email on user_app  (cost=0.38..8.39 rows=1 width=2088) (actual time=0.010..0.013 rows=1 loops=1)',), (""  Index Cond: ((email)::text = 'fvbqgwlxku@example.com'::text)"",), ('  Buffers: shared hit=4',), ('Planning Time: 0.026 ms',), ('Execution Time: 0.024 ms',)]"
797,BTREE,0.00021519660949707032,"[('Index Scan using idx_email_btree on user_app  (cost=0.25..8.27 rows=1 width=2088) (actual time=0.006..0.008 rows=1 loops=1)',), (""  Index Cond: ((email)::text = 'webbyxnoyi@example.com'::text)"",), ('  Buffers: shared hit=3',), ('Planning Time: 0.021 ms',), ('Execution Time: 0.019 ms',)]"
797,HASH,0.0002658367156982422,"[('Index Scan using idx_email_hash on user_app  (cost=0.00..8.02 rows=1 width=2088) (actual time=0.004..0.007 rows=1 loops=1)',), (""  Index Cond: ((email)::text = 'ygchyorwgz@example.com'::text)"",), ('  Buffers: shared hit=2',), ('Planning Time: 0.020 ms',), ('Execution Time: 0.019 ms',)]"
798,No Index,0.00026798248291015625,"[('Index Scan using uniq_user_app_email on user_app  (cost=0.38..8.39 rows=1 width=2088) (actual time=0.008..0.011 rows=1 loops=1)',), (""  Index Cond: ((email)::text = 'qahugdruqs@example.com'::text)"",), ('  Buffers: shared hit=4',), ('Planning Time: 0.021 ms',), ('Execution Time: 0.022 ms',)]"
798,BTREE,0.00024302005767822265,"[('Index Scan using idx_email_btree on user_app  (cost=0.25..8.27 rows=1 width=2088) (actual time=0.006..0.009 rows=1 loops=1)',), (""  Index Cond: ((email)::text = 'lfteinfxqa@example.com'::text)"",), ('  Buffers: shared hit=3',), ('Planning Time: 0.025 ms',), ('Execution Time: 0.020 ms',)]"
798,HASH,0.0002443075180053711,"[('Index Scan using idx_email_hash on user_app  (cost=0.00..8.02 rows=1 width=2088) (actual time=0.003..0.007 rows=1 loops=1)',), (""  Index Cond: ((email)::text = 'wwepkttxzg@example.com'::text)"",), ('  Buffers: shared hit=2',), ('Planning Time: 0.021 ms',), ('Execution Time: 0.018 ms',)]"
799,No Index,0.0002690792083740234,"[('Index Scan using uniq_user_app_email on user_app  (cost=0.38..8.39 rows=1 width=2088) (actual time=0.008..0.011 rows=1 loops=1)',), (""  Index Cond: ((email)::text = 'ihcukddalk@example.com'::text)"",), ('  Buffers: shared hit=4',), ('Planning Time: 0.023 ms',), ('Execution Time: 0.022 ms',)]"
799,BTREE,0.00026824474334716795,"[('Index Scan using idx_email_btree on user_app  (cost=0.25..8.27 rows=1 width=2088) (actual time=0.007..0.009 rows=1 loops=1)',), (""  Index Cond: ((email)::text = 'qmamcibgbj@example.com'::text)"",), ('  Buffers: shared hit=3',), ('Planning Time: 0.024 ms',), ('Execution Time: 0.022 ms',)]"
799,HASH,0.00022859573364257811,"[('Index Scan using idx_email_hash on user_app  (cost=0.00..8.02 rows=1 width=2088) (actual time=0.006..0.009 rows=1 loops=1)',), (""  Index Cond: ((email)::text = 'eorgkregny@example.com'::text)"",), ('  Buffers: shared hit=2',), ('Planning Time: 0.028 ms',), ('Execution Time: 0.021 ms',)]"
800,No Index,0.00026180744171142576,"[('Index Scan using uniq_user_app_email on user_app  (cost=0.38..8.39 rows=1 width=2088) (actual time=0.009..0.012 rows=1 loops=1)',), (""  Index Cond: ((email)::text = 'wxtrfcwdch@example.com'::text)"",), ('  Buffers: shared hit=4',), ('Planning Time: 0.021 ms',), ('Execution Time: 0.022 ms',)]"
800,BTREE,0.0003408670425415039,"[('Index Scan using idx_email_btree on user_app  (cost=0.25..8.27 rows=1 width=2088) (actual time=0.015..0.019 rows=1 loops=1)',), (""  Index Cond: ((email)::text = 'jlssniipjx@example.com'::text)"",), ('  Buffers: shared hit=3',), ('Planning Time: 0.049 ms',), ('Execution Time: 0.037 ms',)]"
800,HASH,0.0002984523773193359,"[('Index Scan using idx_email_hash on user_app  (cost=0.00..8.02 rows=1 width=2088) (actual time=0.006..0.008 rows=1 loops=1)',), (""  Index Cond: ((email)::text = 'zgmaespdnl@example.com'::text)"",), ('  Buffers: shared hit=2',), ('Planning Time: 0.028 ms',), ('Execution Time: 0.022 ms',)]"
801,No Index,0.0002631664276123047,"[('Index Scan using uniq_user_app_email on user_app  (cost=0.38..8.39 rows=1 width=2088) (actual time=0.007..0.011 rows=1 loops=1)',), (""  Index Cond: ((email)::text = 'eexohlcvzo@example.com'::text)"",), ('  Buffers: shared hit=4',), ('Planning Time: 0.020 ms',), ('Execution Time: 0.021 ms',)]"
801,BTREE,0.000269317626953125,"[('Index Scan using idx_email_btree on user_app  (cost=0.25..8.27 rows=1 width=2088) (actual time=0.006..0.009 rows=1 loops=1)',), (""  Index Cond: ((email)::text = 'nmethwoihi@example.com'::text)"",), ('  Buffers: shared hit=3',), ('Planning Time: 0.019 ms',), ('Execution Time: 0.020 ms',)]"
801,HASH,0.0002623319625854492,"[('Index Scan using idx_email_hash on user_app  (cost=0.00..8.02 rows=1 width=2088) (actual time=0.004..0.007 rows=1 loops=1)',), (""  Index Cond: ((email)::text = 'aziewllaeb@example.com'::text)"",), ('  Buffers: shared hit=2',), ('Planning Time: 0.025 ms',), ('Execution Time: 0.017 ms',)]"
802,No Index,0.0002736568450927734,"[('Index Scan using uniq_user_app_email on user_app  (cost=0.38..8.39 rows=1 width=2088) (actual time=0.007..0.010 rows=1 loops=1)',), (""  Index Cond: ((email)::text = 'cjcembgkrx@example.com'::text)"",), ('  Buffers: shared hit=4',), ('Planning Time: 0.023 ms',), ('Execution Time: 0.022 ms',)]"
802,BTREE,0.0002576589584350586,"[('Index Scan using idx_email_btree on user_app  (cost=0.25..8.27 rows=1 width=2088) (actual time=0.008..0.011 rows=1 loops=1)',), (""  Index Cond: ((email)::text = 'bzfnacjdab@example.com'::text)"",), ('  Buffers: shared hit=3',), ('Planning Time: 0.027 ms',), ('Execution Time: 0.024 ms',)]"
802,HASH,0.00022864341735839844,"[('Index Scan using idx_email_hash on user_app  (cost=0.00..8.02 rows=1 width=2088) (actual time=0.004..0.007 rows=1 loops=1)',), (""  Index Cond: ((email)::text = 'wdbpmhqvqx@example.com'::text)"",), ('  Buffers: shared hit=2',), ('Planning Time: 0.026 ms',), ('Execution Time: 0.019 ms',)]"
803,No Index,0.00027003288269042967,"[('Index Scan using uniq_user_app_email on user_app  (cost=0.38..8.39 rows=1 width=2088) (actual time=0.007..0.010 rows=1 loops=1)',), (""  Index Cond: ((email)::text = 'fpionimywb@example.com'::text)"",), ('  Buffers: shared hit=4',), ('Planning Time: 0.021 ms',), ('Execution Time: 0.022 ms',)]"
803,BTREE,0.0005075454711914063,"[('Index Scan using idx_email_btree on user_app  (cost=0.25..8.27 rows=1 width=2088) (actual time=0.012..0.016 rows=1 loops=1)',), (""  Index Cond: ((email)::text = 'ojxudlyowa@example.com'::text)"",), ('  Buffers: shared hit=3',), ('Planning Time: 0.046 ms',), ('Execution Time: 0.033 ms',)]"
803,HASH,0.00023021697998046876,"[('Index Scan using idx_email_hash on user_app  (cost=0.00..8.02 rows=1 width=2088) (actual time=0.004..0.007 rows=1 loops=1)',), (""  Index Cond: ((email)::text = 'zabozkgeua@example.com'::text)"",), ('  Buffers: shared hit=2',), ('Planning Time: 0.021 ms',), ('Execution Time: 0.019 ms',)]"
804,No Index,0.00031583309173583985,"[('Index Scan using uniq_user_app_email on user_app  (cost=0.38..8.39 rows=1 width=2088) (actual time=0.008..0.011 rows=1 loops=1)',), (""  Index Cond: ((email)::text = 'ztqrjyyggt@example.com'::text)"",), ('  Buffers: shared hit=4',), ('Planning Time: 0.022 ms',), ('Execution Time: 0.022 ms',)]"
804,BTREE,0.00030157566070556643,"[('Index Scan using idx_email_btree on user_app  (cost=0.25..8.27 rows=1 width=2088) (actual time=0.007..0.009 rows=1 loops=1)',), (""  Index Cond: ((email)::text = 'gvlhidienb@example.com'::text)"",), ('  Buffers: shared hit=3',), ('Planning Time: 0.025 ms',), ('Execution Time: 0.019 ms',)]"
804,HASH,0.0002446889877319336,"[('Index Scan using idx_email_hash on user_app  (cost=0.00..8.02 rows=1 width=2088) (actual time=0.004..0.008 rows=1 loops=1)',), (""  Index Cond: ((email)::text = 'alhqtbtxul@example.com'::text)"",), ('  Buffers: shared hit=3',), ('Planning Time: 0.024 ms',), ('Execution Time: 0.019 ms',)]"
805,No Index,0.00023446083068847656,"[('Index Scan using uniq_user_app_email on user_app  (cost=0.38..8.39 rows=1 width=2088) (actual time=0.009..0.012 rows=1 loops=1)',), (""  Index Cond: ((email)::text = 'tietvquugk@example.com'::text)"",), ('  Buffers: shared hit=4',), ('Planning Time: 0.019 ms',), ('Execution Time: 0.022 ms',)]"
805,BTREE,0.00024137496948242187,"[('Index Scan using idx_email_btree on user_app  (cost=0.25..8.27 rows=1 width=2088) (actual time=0.006..0.008 rows=1 loops=1)',), (""  Index Cond: ((email)::text = 'jxrqiicklc@example.com'::text)"",), ('  Buffers: shared hit=3',), ('Planning Time: 0.021 ms',), ('Execution Time: 0.019 ms',)]"
805,HASH,0.00029265880584716797,"[('Index Scan using idx_email_hash on user_app  (cost=0.00..8.02 rows=1 width=2088) (actual time=0.005..0.009 rows=1 loops=1)',), (""  Index Cond: ((email)::text = 'yxjfjkibbt@example.com'::text)"",), ('  Buffers: shared hit=2',), ('Planning Time: 0.028 ms',), ('Execution Time: 0.021 ms',)]"
806,No Index,0.0002619028091430664,"[('Index Scan using uniq_user_app_email on user_app  (cost=0.38..8.39 rows=1 width=2088) (actual time=0.007..0.010 rows=1 loops=1)',), (""  Index Cond: ((email)::text = 'mmwfebjbst@example.com'::text)"",), ('  Buffers: shared hit=4',), ('Planning Time: 0.017 ms',), ('Execution Time: 0.019 ms',)]"
806,BTREE,0.00019898414611816407,"[('Index Scan using idx_email_btree on user_app  (cost=0.25..8.27 rows=1 width=2088) (actual time=0.005..0.008 rows=1 loops=1)',), (""  Index Cond: ((email)::text = 'ctkhdarlsa@example.com'::text)"",), ('  Buffers: shared hit=3',), ('Planning Time: 0.019 ms',), ('Execution Time: 0.018 ms',)]"
806,HASH,0.00028295516967773436,"[('Index Scan using idx_email_hash on user_app  (cost=0.00..8.02 rows=1 width=2088) (actual time=0.005..0.008 rows=1 loops=1)',), (""  Index Cond: ((email)::text = 'wvuagujjld@example.com'::text)"",), ('  Buffers: shared hit=2',), ('Planning Time: 0.023 ms',), ('Execution Time: 0.019 ms',)]"
807,No Index,0.000263667106628418,"[('Index Scan using uniq_user_app_email on user_app  (cost=0.38..8.39 rows=1 width=2088) (actual time=0.007..0.010 rows=1 loops=1)',), (""  Index Cond: ((email)::text = 'rovwnniuyz@example.com'::text)"",), ('  Buffers: shared hit=4',), ('Planning Time: 0.020 ms',), ('Execution Time: 0.021 ms',)]"
807,BTREE,0.0002630472183227539,"[('Index Scan using idx_email_btree on user_app  (cost=0.25..8.27 rows=1 width=2088) (actual time=0.006..0.009 rows=1 loops=1)',), (""  Index Cond: ((email)::text = 'mrkacqzxdp@example.com'::text)"",), ('  Buffers: shared hit=3',), ('Planning Time: 0.023 ms',), ('Execution Time: 0.020 ms',)]"
807,HASH,0.0002578258514404297,"[('Index Scan using idx_email_hash on user_app  (cost=0.00..8.02 rows=1 width=2088) (actual time=0.005..0.008 rows=1 loops=1)',), (""  Index Cond: ((email)::text = 'isrtsnfbhq@example.com'::text)"",), ('  Buffers: shared hit=2',), ('Planning Time: 0.022 ms',), ('Execution Time: 0.019 ms',)]"
808,No Index,0.0002597808837890625,"[('Index Scan using uniq_user_app_email on user_app  (cost=0.38..8.39 rows=1 width=2088) (actual time=0.008..0.010 rows=1 loops=1)',), (""  Index Cond: ((email)::text = 'zfsaoerblv@example.com'::text)"",), ('  Buffers: shared hit=4',), ('Planning Time: 0.020 ms',), ('Execution Time: 0.022 ms',)]"
808,BTREE,0.0003775119781494141,"[('Index Scan using idx_email_btree on user_app  (cost=0.25..8.27 rows=1 width=2088) (actual time=0.010..0.014 rows=1 loops=1)',), (""  Index Cond: ((email)::text = 'mauiswvges@example.com'::text)"",), ('  Buffers: shared hit=3',), ('Planning Time: 0.038 ms',), ('Execution Time: 0.031 ms',)]"
808,HASH,0.0002768993377685547,"[('Index Scan using idx_email_hash on user_app  (cost=0.00..8.02 rows=1 width=2088) (actual time=0.004..0.007 rows=1 loops=1)',), (""  Index Cond: ((email)::text = 'nobskvovxc@example.com'::text)"",), ('  Buffers: shared hit=2',), ('Planning Time: 0.019 ms',), ('Execution Time: 0.016 ms',)]"
809,No Index,0.00019900798797607423,"[('Index Scan using uniq_user_app_email on user_app  (cost=0.38..8.39 rows=1 width=2088) (actual time=0.007..0.010 rows=1 loops=1)',), (""  Index Cond: ((email)::text = 'ssennwuerc@example.com'::text)"",), ('  Buffers: shared hit=4',), ('Planning Time: 0.017 ms',), ('Execution Time: 0.020 ms',)]"
809,BTREE,0.00044770240783691405,"[('Index Scan using idx_email_btree on user_app  (cost=0.25..8.27 rows=1 width=2088) (actual time=0.011..0.015 rows=1 loops=1)',), (""  Index Cond: ((email)::text = 'sdvtqpxval@example.com'::text)"",), ('  Buffers: shared hit=3',), ('Planning Time: 0.043 ms',), ('Execution Time: 0.033 ms',)]"
809,HASH,0.0002666950225830078,"[('Index Scan using idx_email_hash on user_app  (cost=0.00..8.02 rows=1 width=2088) (actual time=0.004..0.007 rows=1 loops=1)',), (""  Index Cond: ((email)::text = 'bekkhvltvz@example.com'::text)"",), ('  Buffers: shared hit=3',), ('Planning Time: 0.019 ms',), ('Execution Time: 0.017 ms',)]"
810,No Index,0.00025300979614257814,"[('Index Scan using uniq_user_app_email on user_app  (cost=0.38..8.39 rows=1 width=2088) (actual time=0.007..0.009 rows=1 loops=1)',), (""  Index Cond: ((email)::text = 'bdhwnytnaw@example.com'::text)"",), ('  Buffers: shared hit=4',), ('Planning Time: 0.017 ms',), ('Execution Time: 0.020 ms',)]"
810,BTREE,0.0003290653228759766,"[('Index Scan using idx_email_btree on user_app  (cost=0.25..8.27 rows=1 width=2088) (actual time=0.007..0.010 rows=1 loops=1)',), (""  Index Cond: ((email)::text = 'lvhzqxbtse@example.com'::text)"",), ('  Buffers: shared hit=3',), ('Planning Time: 0.023 ms',), ('Execution Time: 0.021 ms',)]"
810,HASH,0.00019209384918212892,"[('Index Scan using idx_email_hash on user_app  (cost=0.00..8.02 rows=1 width=2088) (actual time=0.004..0.007 rows=1 loops=1)',), (""  Index Cond: ((email)::text = 'wvbdpdgvkx@example.com'::text)"",), ('  Buffers: shared hit=2',), ('Planning Time: 0.019 ms',), ('Execution Time: 0.017 ms',)]"
811,No Index,0.00026459693908691405,"[('Index Scan using uniq_user_app_email on user_app  (cost=0.38..8.39 rows=1 width=2088) (actual time=0.007..0.010 rows=1 loops=1)',), (""  Index Cond: ((email)::text = 'povdsoyxtf@example.com'::text)"",), ('  Buffers: shared hit=4',), ('Planning Time: 0.017 ms',), ('Execution Time: 0.020 ms',)]"
811,BTREE,0.00026237964630126953,"[('Index Scan using idx_email_btree on user_app  (cost=0.25..8.27 rows=1 width=2088) (actual time=0.006..0.008 rows=1 loops=1)',), (""  Index Cond: ((email)::text = 'rgnlwqdwqo@example.com'::text)"",), ('  Buffers: shared hit=3',), ('Planning Time: 0.019 ms',), ('Execution Time: 0.019 ms',)]"
811,HASH,0.00029382705688476565,"[('Index Scan using idx_email_hash on user_app  (cost=0.00..8.02 rows=1 width=2088) (actual time=0.005..0.008 rows=1 loops=1)',), (""  Index Cond: ((email)::text = 'vhbnfekjky@example.com'::text)"",), ('  Buffers: shared hit=2',), ('Planning Time: 0.023 ms',), ('Execution Time: 0.019 ms',)]"
812,No Index,0.000519251823425293,"[('Index Scan using uniq_user_app_email on user_app  (cost=0.38..8.39 rows=1 width=2088) (actual time=0.013..0.018 rows=1 loops=1)',), (""  Index Cond: ((email)::text = 'kfcytvtpgk@example.com'::text)"",), ('  Buffers: shared hit=4',), ('Planning Time: 0.035 ms',), ('Execution Time: 0.033 ms',)]"
812,BTREE,0.00043680667877197263,"[('Index Scan using idx_email_btree on user_app  (cost=0.25..8.27 rows=1 width=2088) (actual time=0.011..0.015 rows=1 loops=1)',), (""  Index Cond: ((email)::text = 'qsagngotuf@example.com'::text)"",), ('  Buffers: shared hit=3',), ('Planning Time: 0.043 ms',), ('Execution Time: 0.032 ms',)]"
812,HASH,0.0005510091781616211,"[('Index Scan using idx_email_hash on user_app  (cost=0.00..8.02 rows=1 width=2088) (actual time=0.009..0.013 rows=1 loops=1)',), (""  Index Cond: ((email)::text = 'qkcomlfcpm@example.com'::text)"",), ('  Buffers: shared hit=2',), ('Planning Time: 0.047 ms',), ('Execution Time: 0.031 ms',)]"
813,No Index,0.0002702474594116211,"[('Index Scan using uniq_user_app_email on user_app  (cost=0.38..8.39 rows=1 width=2088) (actual time=0.008..0.010 rows=1 loops=1)',), (""  Index Cond: ((email)::text = 'jmdbijmrtj@example.com'::text)"",), ('  Buffers: shared hit=4',), ('Planning Time: 0.022 ms',), ('Execution Time: 0.022 ms',)]"
813,BTREE,0.00029118061065673827,"[('Index Scan using idx_email_btree on user_app  (cost=0.25..8.27 rows=1 width=2088) (actual time=0.006..0.009 rows=1 loops=1)',), (""  Index Cond: ((email)::text = 'istlulgfqv@example.com'::text)"",), ('  Buffers: shared hit=3',), ('Planning Time: 0.023 ms',), ('Execution Time: 0.021 ms',)]"
813,HASH,0.000328373908996582,"[('Index Scan using idx_email_hash on user_app  (cost=0.00..8.02 rows=1 width=2088) (actual time=0.009..0.014 rows=1 loops=1)',), (""  Index Cond: ((email)::text = 'agrojkynmo@example.com'::text)"",), ('  Buffers: shared hit=3',), ('Planning Time: 0.048 ms',), ('Execution Time: 0.032 ms',)]"
814,No Index,0.00027136802673339845,"[('Index Scan using uniq_user_app_email on user_app  (cost=0.38..8.39 rows=1 width=2088) (actual time=0.008..0.011 rows=1 loops=1)',), (""  Index Cond: ((email)::text = 'cmdbauihgg@example.com'::text)"",), ('  Buffers: shared hit=4',), ('Planning Time: 0.023 ms',), ('Execution Time: 0.023 ms',)]"
814,BTREE,0.00028171539306640623,"[('Index Scan using idx_email_btree on user_app  (cost=0.25..8.27 rows=1 width=2088) (actual time=0.006..0.009 rows=1 loops=1)',), (""  Index Cond: ((email)::text = 'lldpnvtuce@example.com'::text)"",), ('  Buffers: shared hit=3',), ('Planning Time: 0.024 ms',), ('Execution Time: 0.021 ms',)]"
814,HASH,0.00024785995483398435,"[('Index Scan using idx_email_hash on user_app  (cost=0.00..8.02 rows=1 width=2088) (actual time=0.003..0.006 rows=1 loops=1)',), (""  Index Cond: ((email)::text = 'pscgngtzpj@example.com'::text)"",), ('  Buffers: shared hit=2',), ('Planning Time: 0.018 ms',), ('Execution Time: 0.016 ms',)]"
815,No Index,0.0006089687347412109,"[('Index Scan using uniq_user_app_email on user_app  (cost=0.38..8.39 rows=1 width=2088) (actual time=0.020..0.025 rows=1 loops=1)',), (""  Index Cond: ((email)::text = 'rjexjwbiqc@example.com'::text)"",), ('  Buffers: shared hit=4',), ('Planning Time: 0.057 ms',), ('Execution Time: 0.048 ms',)]"
815,BTREE,0.0006885766983032226,"[('Index Scan using idx_email_btree on user_app  (cost=0.25..8.27 rows=1 width=2088) (actual time=0.019..0.024 rows=1 loops=1)',), (""  Index Cond: ((email)::text = 'vxkgokrwey@example.com'::text)"",), ('  Buffers: shared hit=3',), ('Planning Time: 0.074 ms',), ('Execution Time: 0.048 ms',)]"
815,HASH,0.00026242733001708985,"[('Index Scan using idx_email_hash on user_app  (cost=0.00..8.02 rows=1 width=2088) (actual time=0.004..0.007 rows=1 loops=1)',), (""  Index Cond: ((email)::text = 'wjetbdhlzj@example.com'::text)"",), ('  Buffers: shared hit=3',), ('Planning Time: 0.018 ms',), ('Execution Time: 0.017 ms',)]"
816,No Index,0.00027399063110351564,"[('Index Scan using uniq_user_app_email on user_app  (cost=0.38..8.39 rows=1 width=2088) (actual time=0.007..0.010 rows=1 loops=1)',), (""  Index Cond: ((email)::text = 'gwjkbxfggx@example.com'::text)"",), ('  Buffers: shared hit=4',), ('Planning Time: 0.017 ms',), ('Execution Time: 0.019 ms',)]"
816,BTREE,0.00028941631317138674,"[('Index Scan using idx_email_btree on user_app  (cost=0.25..8.27 rows=1 width=2088) (actual time=0.007..0.010 rows=1 loops=1)',), (""  Index Cond: ((email)::text = 'ahfcychsgo@example.com'::text)"",), ('  Buffers: shared hit=3',), ('Planning Time: 0.024 ms',), ('Execution Time: 0.021 ms',)]"
816,HASH,0.0002576112747192383,"[('Index Scan using idx_email_hash on user_app  (cost=0.00..8.02 rows=1 width=2088) (actual time=0.004..0.007 rows=1 loops=1)',), (""  Index Cond: ((email)::text = 'yxppylbjzg@example.com'::text)"",), ('  Buffers: shared hit=3',), ('Planning Time: 0.020 ms',), ('Execution Time: 0.017 ms',)]"
817,No Index,0.00025680065155029295,"[('Index Scan using uniq_user_app_email on user_app  (cost=0.38..8.39 rows=1 width=2088) (actual time=0.007..0.010 rows=1 loops=1)',), (""  Index Cond: ((email)::text = 'yjtkbjejvg@example.com'::text)"",), ('  Buffers: shared hit=4',), ('Planning Time: 0.017 ms',), ('Execution Time: 0.020 ms',)]"
817,BTREE,0.00025417804718017576,"[('Index Scan using idx_email_btree on user_app  (cost=0.25..8.27 rows=1 width=2088) (actual time=0.006..0.008 rows=1 loops=1)',), (""  Index Cond: ((email)::text = 'invxnkgfbx@example.com'::text)"",), ('  Buffers: shared hit=3',), ('Planning Time: 0.021 ms',), ('Execution Time: 0.019 ms',)]"
817,HASH,0.0002578258514404297,"[('Index Scan using idx_email_hash on user_app  (cost=0.00..8.02 rows=1 width=2088) (actual time=0.004..0.007 rows=1 loops=1)',), (""  Index Cond: ((email)::text = 'xyrwdlmdin@example.com'::text)"",), ('  Buffers: shared hit=2',), ('Planning Time: 0.022 ms',), ('Execution Time: 0.018 ms',)]"
818,No Index,0.00027225017547607424,"[('Index Scan using uniq_user_app_email on user_app  (cost=0.38..8.39 rows=1 width=2088) (actual time=0.007..0.010 rows=1 loops=1)',), (""  Index Cond: ((email)::text = 'ezmopvxliw@example.com'::text)"",), ('  Buffers: shared hit=4',), ('Planning Time: 0.018 ms',), ('Execution Time: 0.019 ms',)]"
818,BTREE,0.0002559661865234375,"[('Index Scan using idx_email_btree on user_app  (cost=0.25..8.27 rows=1 width=2088) (actual time=0.005..0.008 rows=1 loops=1)',), (""  Index Cond: ((email)::text = 'meyknmrewj@example.com'::text)"",), ('  Buffers: shared hit=3',), ('Planning Time: 0.019 ms',), ('Execution Time: 0.018 ms',)]"
818,HASH,0.00025730133056640626,"[('Index Scan using idx_email_hash on user_app  (cost=0.00..8.02 rows=1 width=2088) (actual time=0.004..0.008 rows=1 loops=1)',), (""  Index Cond: ((email)::text = 'lkoyzhpamg@example.com'::text)"",), ('  Buffers: shared hit=3',), ('Planning Time: 0.019 ms',), ('Execution Time: 0.032 ms',)]"
819,No Index,0.0003812074661254883,"[('Index Scan using uniq_user_app_email on user_app  (cost=0.38..8.39 rows=1 width=2088) (actual time=0.023..0.028 rows=1 loops=1)',), (""  Index Cond: ((email)::text = 'mlrhuxbhmv@example.com'::text)"",), ('  Buffers: shared hit=4',), ('Planning Time: 0.062 ms',), ('Execution Time: 0.049 ms',)]"
819,BTREE,0.0009130477905273437,"[('Index Scan using idx_email_btree on user_app  (cost=0.25..8.27 rows=1 width=2088) (actual time=0.018..0.023 rows=1 loops=1)',), (""  Index Cond: ((email)::text = 'ihxddbtzco@example.com'::text)"",), ('  Buffers: shared hit=3',), ('Planning Time: 0.071 ms',), ('Execution Time: 0.048 ms',)]"
819,HASH,0.00037755966186523435,"[('Index Scan using idx_email_hash on user_app  (cost=0.00..8.02 rows=1 width=2088) (actual time=0.005..0.009 rows=1 loops=1)',), (""  Index Cond: ((email)::text = 'gxwtbsfgbd@example.com'::text)"",), ('  Buffers: shared hit=3',), ('Planning Time: 0.024 ms',), ('Execution Time: 0.020 ms',)]"
820,No Index,0.0004773139953613281,"[('Index Scan using uniq_user_app_email on user_app  (cost=0.38..8.39 rows=1 width=2088) (actual time=0.017..0.021 rows=1 loops=1)',), (""  Index Cond: ((email)::text = 'bsbxdtyyix@example.com'::text)"",), ('  Buffers: shared hit=4',), ('Planning Time: 0.046 ms',), ('Execution Time: 0.041 ms',)]"
820,BTREE,0.00026128292083740237,"[('Index Scan using idx_email_btree on user_app  (cost=0.25..8.27 rows=1 width=2088) (actual time=0.006..0.009 rows=1 loops=1)',), (""  Index Cond: ((email)::text = 'klunslkcja@example.com'::text)"",), ('  Buffers: shared hit=3',), ('Planning Time: 0.022 ms',), ('Execution Time: 0.020 ms',)]"
820,HASH,0.0007448673248291015,"[('Index Scan using idx_email_hash on user_app  (cost=0.00..8.02 rows=1 width=2088) (actual time=0.011..0.016 rows=1 loops=1)',), (""  Index Cond: ((email)::text = 'bnbsomvdje@example.com'::text)"",), ('  Buffers: shared hit=2',), ('Planning Time: 0.062 ms',), ('Execution Time: 0.038 ms',)]"
821,No Index,0.0003051280975341797,"[('Index Scan using uniq_user_app_email on user_app  (cost=0.38..8.39 rows=1 width=2088) (actual time=0.008..0.011 rows=1 loops=1)',), (""  Index Cond: ((email)::text = 'ursgtscbsj@example.com'::text)"",), ('  Buffers: shared hit=4',), ('Planning Time: 0.021 ms',), ('Execution Time: 0.023 ms',)]"
821,BTREE,0.00020055770874023439,"[('Index Scan using idx_email_btree on user_app  (cost=0.25..8.27 rows=1 width=2088) (actual time=0.006..0.008 rows=1 loops=1)',), (""  Index Cond: ((email)::text = 'ojgqwcatyx@example.com'::text)"",), ('  Buffers: shared hit=3',), ('Planning Time: 0.019 ms',), ('Execution Time: 0.019 ms',)]"
821,HASH,0.00026197433471679686,"[('Index Scan using idx_email_hash on user_app  (cost=0.00..8.02 rows=1 width=2088) (actual time=0.005..0.008 rows=1 loops=1)',), (""  Index Cond: ((email)::text = 'ayicxzpgol@example.com'::text)"",), ('  Buffers: shared hit=2',), ('Planning Time: 0.023 ms',), ('Execution Time: 0.019 ms',)]"
822,No Index,0.00025360584259033204,"[('Index Scan using uniq_user_app_email on user_app  (cost=0.38..8.39 rows=1 width=2088) (actual time=0.007..0.010 rows=1 loops=1)',), (""  Index Cond: ((email)::text = 'pzpgocikqb@example.com'::text)"",), ('  Buffers: shared hit=4',), ('Planning Time: 0.036 ms',), ('Execution Time: 0.021 ms',)]"
822,BTREE,0.00025932788848876954,"[('Index Scan using idx_email_btree on user_app  (cost=0.25..8.27 rows=1 width=2088) (actual time=0.006..0.008 rows=1 loops=1)',), (""  Index Cond: ((email)::text = 'teymfyuyds@example.com'::text)"",), ('  Buffers: shared hit=3',), ('Planning Time: 0.019 ms',), ('Execution Time: 0.019 ms',)]"
822,HASH,0.0002502918243408203,"[('Index Scan using idx_email_hash on user_app  (cost=0.00..8.02 rows=1 width=2088) (actual time=0.004..0.007 rows=1 loops=1)',), (""  Index Cond: ((email)::text = 'cbqvculkmg@example.com'::text)"",), ('  Buffers: shared hit=3',), ('Planning Time: 0.019 ms',), ('Execution Time: 0.017 ms',)]"
823,No Index,0.0004706621170043945,"[('Index Scan using uniq_user_app_email on user_app  (cost=0.38..8.39 rows=1 width=2088) (actual time=0.017..0.021 rows=1 loops=1)',), (""  Index Cond: ((email)::text = 'axtcsjeosw@example.com'::text)"",), ('  Buffers: shared hit=4',), ('Planning Time: 0.046 ms',), ('Execution Time: 0.041 ms',)]"
823,BTREE,0.00026459693908691405,"[('Index Scan using idx_email_btree on user_app  (cost=0.25..8.27 rows=1 width=2088) (actual time=0.006..0.008 rows=1 loops=1)',), (""  Index Cond: ((email)::text = 'tppifdafid@example.com'::text)"",), ('  Buffers: shared hit=3',), ('Planning Time: 0.020 ms',), ('Execution Time: 0.019 ms',)]"
823,HASH,0.00018868446350097656,"[('Index Scan using idx_email_hash on user_app  (cost=0.00..8.02 rows=1 width=2088) (actual time=0.004..0.006 rows=1 loops=1)',), (""  Index Cond: ((email)::text = 'nyfatmxtpr@example.com'::text)"",), ('  Buffers: shared hit=2',), ('Planning Time: 0.020 ms',), ('Execution Time: 0.016 ms',)]"
824,No Index,0.0002619028091430664,"[('Index Scan using uniq_user_app_email on user_app  (cost=0.38..8.39 rows=1 width=2088) (actual time=0.007..0.010 rows=1 loops=1)',), (""  Index Cond: ((email)::text = 'btqyjajdif@example.com'::text)"",), ('  Buffers: shared hit=4',), ('Planning Time: 0.018 ms',), ('Execution Time: 0.020 ms',)]"
824,BTREE,0.00025420188903808595,"[('Index Scan using idx_email_btree on user_app  (cost=0.25..8.27 rows=1 width=2088) (actual time=0.006..0.009 rows=1 loops=1)',), (""  Index Cond: ((email)::text = 'qmsecwzucc@example.com'::text)"",), ('  Buffers: shared hit=3',), ('Planning Time: 0.019 ms',), ('Execution Time: 0.020 ms',)]"
824,HASH,0.0005251884460449219,"[('Index Scan using idx_email_hash on user_app  (cost=0.00..8.02 rows=1 width=2088) (actual time=0.009..0.014 rows=1 loops=1)',), (""  Index Cond: ((email)::text = 'mtpthjuqyq@example.com'::text)"",), ('  Buffers: shared hit=2',), ('Planning Time: 0.049 ms',), ('Execution Time: 0.033 ms',)]"
825,No Index,0.0002803802490234375,"[('Index Scan using uniq_user_app_email on user_app  (cost=0.38..8.39 rows=1 width=2088) (actual time=0.007..0.010 rows=1 loops=1)',), (""  Index Cond: ((email)::text = 'tvretmpzxl@example.com'::text)"",), ('  Buffers: shared hit=4',), ('Planning Time: 0.019 ms',), ('Execution Time: 0.022 ms',)]"
825,BTREE,0.0002651214599609375,"[('Index Scan using idx_email_btree on user_app  (cost=0.25..8.27 rows=1 width=2088) (actual time=0.006..0.009 rows=1 loops=1)',), (""  Index Cond: ((email)::text = 'xnvjlycggt@example.com'::text)"",), ('  Buffers: shared hit=3',), ('Planning Time: 0.021 ms',), ('Execution Time: 0.020 ms',)]"
825,HASH,0.0002883434295654297,"[('Index Scan using idx_email_hash on user_app  (cost=0.00..8.02 rows=1 width=2088) (actual time=0.005..0.008 rows=1 loops=1)',), (""  Index Cond: ((email)::text = 'jamvjzpadm@example.com'::text)"",), ('  Buffers: shared hit=2',), ('Planning Time: 0.023 ms',), ('Execution Time: 0.019 ms',)]"
826,No Index,0.0006772518157958984,"[('Index Scan using uniq_user_app_email on user_app  (cost=0.38..8.39 rows=1 width=2088) (actual time=0.018..0.023 rows=1 loops=1)',), (""  Index Cond: ((email)::text = 'yhkuavalpu@example.com'::text)"",), ('  Buffers: shared hit=4',), ('Planning Time: 0.053 ms',), ('Execution Time: 0.045 ms',)]"
826,BTREE,0.00019698143005371095,"[('Index Scan using idx_email_btree on user_app  (cost=0.25..8.27 rows=1 width=2088) (actual time=0.005..0.008 rows=1 loops=1)',), (""  Index Cond: ((email)::text = 'tkgwwpfmnd@example.com'::text)"",), ('  Buffers: shared hit=3',), ('Planning Time: 0.019 ms',), ('Execution Time: 0.018 ms',)]"
826,HASH,0.000300908088684082,"[('Index Scan using idx_email_hash on user_app  (cost=0.00..8.02 rows=1 width=2088) (actual time=0.005..0.009 rows=1 loops=1)',), (""  Index Cond: ((email)::text = 'lxqaultzhr@example.com'::text)"",), ('  Buffers: shared hit=3',), ('Planning Time: 0.023 ms',), ('Execution Time: 0.020 ms',)]"
827,No Index,0.00027134418487548826,"[('Index Scan using uniq_user_app_email on user_app  (cost=0.38..8.39 rows=1 width=2088) (actual time=0.007..0.010 rows=1 loops=1)',), (""  Index Cond: ((email)::text = 'nrkqpqzhci@example.com'::text)"",), ('  Buffers: shared hit=4',), ('Planning Time: 0.017 ms',), ('Execution Time: 0.021 ms',)]"
827,BTREE,0.0002554178237915039,"[('Index Scan using idx_email_btree on user_app  (cost=0.25..8.27 rows=1 width=2088) (actual time=0.006..0.009 rows=1 loops=1)',), (""  Index Cond: ((email)::text = 'zmzgkmnkkp@example.com'::text)"",), ('  Buffers: shared hit=3',), ('Planning Time: 0.019 ms',), ('Execution Time: 0.019 ms',)]"
827,HASH,0.00030524730682373046,"[('Index Scan using idx_email_hash on user_app  (cost=0.00..8.02 rows=1 width=2088) (actual time=0.004..0.007 rows=1 loops=1)',), (""  Index Cond: ((email)::text = 'jvhwnktufi@example.com'::text)"",), ('  Buffers: shared hit=2',), ('Planning Time: 0.024 ms',), ('Execution Time: 0.018 ms',)]"
828,No Index,0.00047805309295654295,"[('Index Scan using uniq_user_app_email on user_app  (cost=0.38..8.39 rows=1 width=2088) (actual time=0.018..0.022 rows=1 loops=1)',), (""  Index Cond: ((email)::text = 'pmfwkfhtrb@example.com'::text)"",), ('  Buffers: shared hit=4',), ('Planning Time: 0.046 ms',), ('Execution Time: 0.042 ms',)]"
828,BTREE,0.0002578020095825195,"[('Index Scan using idx_email_btree on user_app  (cost=0.25..8.27 rows=1 width=2088) (actual time=0.007..0.010 rows=1 loops=1)',), (""  Index Cond: ((email)::text = 'dlqcxnfytt@example.com'::text)"",), ('  Buffers: shared hit=3',), ('Planning Time: 0.020 ms',), ('Execution Time: 0.020 ms',)]"
828,HASH,0.00025682449340820314,"[('Index Scan using idx_email_hash on user_app  (cost=0.00..8.02 rows=1 width=2088) (actual time=0.004..0.006 rows=1 loops=1)',), (""  Index Cond: ((email)::text = 'zxpefqqkud@example.com'::text)"",), ('  Buffers: shared hit=2',), ('Planning Time: 0.019 ms',), ('Execution Time: 0.016 ms',)]"
829,No Index,0.00027234554290771483,"[('Index Scan using uniq_user_app_email on user_app  (cost=0.38..8.39 rows=1 width=2088) (actual time=0.007..0.010 rows=1 loops=1)',), (""  Index Cond: ((email)::text = 'pujcnpwcwm@example.com'::text)"",), ('  Buffers: shared hit=4',), ('Planning Time: 0.017 ms',), ('Execution Time: 0.020 ms',)]"
829,BTREE,0.0002843618392944336,"[('Index Scan using idx_email_btree on user_app  (cost=0.25..8.27 rows=1 width=2088) (actual time=0.007..0.009 rows=1 loops=1)',), (""  Index Cond: ((email)::text = 'rqiniuozlt@example.com'::text)"",), ('  Buffers: shared hit=3',), ('Planning Time: 0.026 ms',), ('Execution Time: 0.020 ms',)]"
829,HASH,0.0002547025680541992,"[('Index Scan using idx_email_hash on user_app  (cost=0.00..8.02 rows=1 width=2088) (actual time=0.004..0.007 rows=1 loops=1)',), (""  Index Cond: ((email)::text = 'txxdrshylm@example.com'::text)"",), ('  Buffers: shared hit=2',), ('Planning Time: 0.018 ms',), ('Execution Time: 0.018 ms',)]"
830,No Index,0.0002678871154785156,"[('Index Scan using uniq_user_app_email on user_app  (cost=0.38..8.39 rows=1 width=2088) (actual time=0.008..0.011 rows=1 loops=1)',), (""  Index Cond: ((email)::text = 'hpmevfnfte@example.com'::text)"",), ('  Buffers: shared hit=4',), ('Planning Time: 0.020 ms',), ('Execution Time: 0.021 ms',)]"
830,BTREE,0.0002681970596313477,"[('Index Scan using idx_email_btree on user_app  (cost=0.25..8.27 rows=1 width=2088) (actual time=0.007..0.010 rows=1 loops=1)',), (""  Index Cond: ((email)::text = 'iffclsjszp@example.com'::text)"",), ('  Buffers: shared hit=3',), ('Planning Time: 0.023 ms',), ('Execution Time: 0.022 ms',)]"
830,HASH,0.0002641916275024414,"[('Index Scan using idx_email_hash on user_app  (cost=0.00..8.02 rows=1 width=2088) (actual time=0.004..0.007 rows=1 loops=1)',), (""  Index Cond: ((email)::text = 'wouguoymib@example.com'::text)"",), ('  Buffers: shared hit=3',), ('Planning Time: 0.020 ms',), ('Execution Time: 0.018 ms',)]"
831,No Index,0.0002645254135131836,"[('Index Scan using uniq_user_app_email on user_app  (cost=0.38..8.39 rows=1 width=2088) (actual time=0.008..0.011 rows=1 loops=1)',), (""  Index Cond: ((email)::text = 'wlkrgpbfgp@example.com'::text)"",), ('  Buffers: shared hit=4',), ('Planning Time: 0.020 ms',), ('Execution Time: 0.021 ms',)]"
831,BTREE,0.0002590656280517578,"[('Index Scan using idx_email_btree on user_app  (cost=0.25..8.27 rows=1 width=2088) (actual time=0.006..0.008 rows=1 loops=1)',), (""  Index Cond: ((email)::text = 'bjhkglotbs@example.com'::text)"",), ('  Buffers: shared hit=3',), ('Planning Time: 0.019 ms',), ('Execution Time: 0.018 ms',)]"
831,HASH,0.00030362606048583984,"[('Index Scan using idx_email_hash on user_app  (cost=0.00..8.02 rows=1 width=2088) (actual time=0.007..0.011 rows=1 loops=1)',), (""  Index Cond: ((email)::text = 'visjilsquw@example.com'::text)"",), ('  Buffers: shared hit=2',), ('Planning Time: 0.039 ms',), ('Execution Time: 0.027 ms',)]"
832,No Index,0.0002931833267211914,"[('Index Scan using uniq_user_app_email on user_app  (cost=0.38..8.39 rows=1 width=2088) (actual time=0.014..0.018 rows=1 loops=1)',), (""  Index Cond: ((email)::text = 'zbwdbwitdm@example.com'::text)"",), ('  Buffers: shared hit=4',), ('Planning Time: 0.035 ms',), ('Execution Time: 0.034 ms',)]"
832,BTREE,0.00029246807098388673,"[('Index Scan using idx_email_btree on user_app  (cost=0.25..8.27 rows=1 width=2088) (actual time=0.007..0.009 rows=1 loops=1)',), (""  Index Cond: ((email)::text = 'zctavacdoc@example.com'::text)"",), ('  Buffers: shared hit=3',), ('Planning Time: 0.023 ms',), ('Execution Time: 0.020 ms',)]"
832,HASH,0.00025258064270019533,"[('Index Scan using idx_email_hash on user_app  (cost=0.00..8.02 rows=1 width=2088) (actual time=0.004..0.007 rows=1 loops=1)',), (""  Index Cond: ((email)::text = 'zctavacdoc@example.com'::text)"",), ('  Buffers: shared hit=2',), ('Planning Time: 0.019 ms',), ('Execution Time: 0.017 ms',)]"
833,No Index,0.0002913475036621094,"[('Index Scan using uniq_user_app_email on user_app  (cost=0.38..8.39 rows=1 width=2088) (actual time=0.008..0.011 rows=1 loops=1)',), (""  Index Cond: ((email)::text = 'gcxisgcuwj@example.com'::text)"",), ('  Buffers: shared hit=4',), ('Planning Time: 0.024 ms',), ('Execution Time: 0.022 ms',)]"
833,BTREE,0.000252079963684082,"[('Index Scan using idx_email_btree on user_app  (cost=0.25..8.27 rows=1 width=2088) (actual time=0.005..0.008 rows=1 loops=1)',), (""  Index Cond: ((email)::text = 'ueoelgbdqi@example.com'::text)"",), ('  Buffers: shared hit=3',), ('Planning Time: 0.019 ms',), ('Execution Time: 0.019 ms',)]"
833,HASH,0.0002724885940551758,"[('Index Scan using idx_email_hash on user_app  (cost=0.00..8.02 rows=1 width=2088) (actual time=0.004..0.007 rows=1 loops=1)',), (""  Index Cond: ((email)::text = 'xtnuqxaoxw@example.com'::text)"",), ('  Buffers: shared hit=3',), ('Planning Time: 0.019 ms',), ('Execution Time: 0.017 ms',)]"
834,No Index,0.0006830453872680664,"[('Index Scan using uniq_user_app_email on user_app  (cost=0.38..8.39 rows=1 width=2088) (actual time=0.017..0.022 rows=1 loops=1)',), (""  Index Cond: ((email)::text = 'hfhizgxndj@example.com'::text)"",), ('  Buffers: shared hit=4',), ('Planning Time: 0.045 ms',), ('Execution Time: 0.041 ms',)]"
834,BTREE,0.000664830207824707,"[('Index Scan using idx_email_btree on user_app  (cost=0.25..8.27 rows=1 width=2088) (actual time=0.015..0.020 rows=1 loops=1)',), (""  Index Cond: ((email)::text = 'kkimjrliip@example.com'::text)"",), ('  Buffers: shared hit=3',), ('Planning Time: 0.058 ms',), ('Execution Time: 0.040 ms',)]"
834,HASH,0.00028192996978759766,"[('Index Scan using idx_email_hash on user_app  (cost=0.00..8.02 rows=1 width=2088) (actual time=0.005..0.008 rows=1 loops=1)',), (""  Index Cond: ((email)::text = 'verpyaeydx@example.com'::text)"",), ('  Buffers: shared hit=2',), ('Planning Time: 0.023 ms',), ('Execution Time: 0.019 ms',)]"
835,No Index,0.00026767253875732423,"[('Index Scan using uniq_user_app_email on user_app  (cost=0.38..8.39 rows=1 width=2088) (actual time=0.007..0.010 rows=1 loops=1)',), (""  Index Cond: ((email)::text = 'xqejntzhno@example.com'::text)"",), ('  Buffers: shared hit=4',), ('Planning Time: 0.017 ms',), ('Execution Time: 0.020 ms',)]"
835,BTREE,0.0005946874618530274,"[('Index Scan using idx_email_btree on user_app  (cost=0.25..8.27 rows=1 width=2088) (actual time=0.013..0.018 rows=1 loops=1)',), (""  Index Cond: ((email)::text = 'emhfninore@example.com'::text)"",), ('  Buffers: shared hit=3',), ('Planning Time: 0.056 ms',), ('Execution Time: 0.038 ms',)]"
835,HASH,0.00029587745666503906,"[('Index Scan using idx_email_hash on user_app  (cost=0.00..8.02 rows=1 width=2088) (actual time=0.003..0.006 rows=1 loops=1)',), (""  Index Cond: ((email)::text = 'yzufffnvsc@example.com'::text)"",), ('  Buffers: shared hit=2',), ('Planning Time: 0.019 ms',), ('Execution Time: 0.017 ms',)]"
836,No Index,0.00026149749755859374,"[('Index Scan using uniq_user_app_email on user_app  (cost=0.38..8.39 rows=1 width=2088) (actual time=0.009..0.012 rows=1 loops=1)',), (""  Index Cond: ((email)::text = 'auzulagfmn@example.com'::text)"",), ('  Buffers: shared hit=4',), ('Planning Time: 0.023 ms',), ('Execution Time: 0.024 ms',)]"
836,BTREE,0.00028882026672363283,"[('Index Scan using idx_email_btree on user_app  (cost=0.25..8.27 rows=1 width=2088) (actual time=0.007..0.009 rows=1 loops=1)',), (""  Index Cond: ((email)::text = 'zcmuqjroxh@example.com'::text)"",), ('  Buffers: shared hit=3',), ('Planning Time: 0.024 ms',), ('Execution Time: 0.020 ms',)]"
836,HASH,0.0006371736526489258,"[('Index Scan using idx_email_hash on user_app  (cost=0.00..8.02 rows=1 width=2088) (actual time=0.011..0.018 rows=1 loops=1)',), (""  Index Cond: ((email)::text = 'qwhtukaitd@example.com'::text)"",), ('  Buffers: shared hit=3',), ('Planning Time: 0.062 ms',), ('Execution Time: 0.039 ms',)]"
837,No Index,0.00047304630279541013,"[('Index Scan using uniq_user_app_email on user_app  (cost=0.38..8.39 rows=1 width=2088) (actual time=0.017..0.020 rows=1 loops=1)',), (""  Index Cond: ((email)::text = 'icbwdefpbu@example.com'::text)"",), ('  Buffers: shared hit=4',), ('Planning Time: 0.045 ms',), ('Execution Time: 0.041 ms',)]"
837,BTREE,0.00028924942016601564,"[('Index Scan using idx_email_btree on user_app  (cost=0.25..8.27 rows=1 width=2088) (actual time=0.005..0.008 rows=1 loops=1)',), (""  Index Cond: ((email)::text = 'dkgbxcflvx@example.com'::text)"",), ('  Buffers: shared hit=3',), ('Planning Time: 0.020 ms',), ('Execution Time: 0.019 ms',)]"
837,HASH,0.00027780532836914064,"[('Index Scan using idx_email_hash on user_app  (cost=0.00..8.02 rows=1 width=2088) (actual time=0.004..0.008 rows=1 loops=1)',), (""  Index Cond: ((email)::text = 'fqbusnnwzi@example.com'::text)"",), ('  Buffers: shared hit=3',), ('Planning Time: 0.023 ms',), ('Execution Time: 0.020 ms',)]"
838,No Index,0.00040946006774902346,"[('Index Scan using uniq_user_app_email on user_app  (cost=0.38..8.39 rows=1 width=2088) (actual time=0.008..0.011 rows=1 loops=1)',), (""  Index Cond: ((email)::text = 'gjvymjglkt@example.com'::text)"",), ('  Buffers: shared hit=4',), ('Planning Time: 0.022 ms',), ('Execution Time: 0.022 ms',)]"
838,BTREE,0.0002486944198608398,"[('Index Scan using idx_email_btree on user_app  (cost=0.25..8.27 rows=1 width=2088) (actual time=0.005..0.008 rows=1 loops=1)',), (""  Index Cond: ((email)::text = 'qoyyubjpbf@example.com'::text)"",), ('  Buffers: shared hit=3',), ('Planning Time: 0.019 ms',), ('Execution Time: 0.018 ms',)]"
838,HASH,0.0004369258880615234,"[('Index Scan using idx_email_hash on user_app  (cost=0.00..8.02 rows=1 width=2088) (actual time=0.007..0.012 rows=1 loops=1)',), (""  Index Cond: ((email)::text = 'gvpresaqoy@example.com'::text)"",), ('  Buffers: shared hit=3',), ('Planning Time: 0.043 ms',), ('Execution Time: 0.030 ms',)]"
839,No Index,0.00027954578399658203,"[('Index Scan using uniq_user_app_email on user_app  (cost=0.38..8.39 rows=1 width=2088) (actual time=0.008..0.011 rows=1 loops=1)',), (""  Index Cond: ((email)::text = 'wofchtzygn@example.com'::text)"",), ('  Buffers: shared hit=4',), ('Planning Time: 0.022 ms',), ('Execution Time: 0.022 ms',)]"
839,BTREE,0.0003129482269287109,"[('Index Scan using idx_email_btree on user_app  (cost=0.25..8.27 rows=1 width=2088) (actual time=0.008..0.011 rows=1 loops=1)',), (""  Index Cond: ((email)::text = 'csrcygirge@example.com'::text)"",), ('  Buffers: shared hit=3',), ('Planning Time: 0.029 ms',), ('Execution Time: 0.022 ms',)]"
839,HASH,0.00026533603668212893,"[('Index Scan using idx_email_hash on user_app  (cost=0.00..8.02 rows=1 width=2088) (actual time=0.004..0.007 rows=1 loops=1)',), (""  Index Cond: ((email)::text = 'phjfkaffju@example.com'::text)"",), ('  Buffers: shared hit=3',), ('Planning Time: 0.019 ms',), ('Execution Time: 0.017 ms',)]"
840,No Index,0.0002559185028076172,"[('Index Scan using uniq_user_app_email on user_app  (cost=0.38..8.39 rows=1 width=2088) (actual time=0.008..0.010 rows=1 loops=1)',), (""  Index Cond: ((email)::text = 'ebltdddorj@example.com'::text)"",), ('  Buffers: shared hit=4',), ('Planning Time: 0.017 ms',), ('Execution Time: 0.022 ms',)]"
840,BTREE,0.0002688169479370117,"[('Index Scan using idx_email_btree on user_app  (cost=0.25..8.27 rows=1 width=2088) (actual time=0.005..0.008 rows=1 loops=1)',), (""  Index Cond: ((email)::text = 'crbvqcdhgu@example.com'::text)"",), ('  Buffers: shared hit=3',), ('Planning Time: 0.020 ms',), ('Execution Time: 0.019 ms',)]"
840,HASH,0.00026252269744873045,"[('Index Scan using idx_email_hash on user_app  (cost=0.00..8.02 rows=1 width=2088) (actual time=0.004..0.006 rows=1 loops=1)',), (""  Index Cond: ((email)::text = 'lqihcgnque@example.com'::text)"",), ('  Buffers: shared hit=3',), ('Planning Time: 0.018 ms',), ('Execution Time: 0.017 ms',)]"
841,No Index,0.00046224594116210936,"[('Index Scan using uniq_user_app_email on user_app  (cost=0.38..8.39 rows=1 width=2088) (actual time=0.017..0.021 rows=1 loops=1)',), (""  Index Cond: ((email)::text = 'uardywcdqp@example.com'::text)"",), ('  Buffers: shared hit=4',), ('Planning Time: 0.047 ms',), ('Execution Time: 0.041 ms',)]"
841,BTREE,0.0002933979034423828,"[('Index Scan using idx_email_btree on user_app  (cost=0.25..8.27 rows=1 width=2088) (actual time=0.007..0.009 rows=1 loops=1)',), (""  Index Cond: ((email)::text = 'zynzjmyyws@example.com'::text)"",), ('  Buffers: shared hit=3',), ('Planning Time: 0.025 ms',), ('Execution Time: 0.020 ms',)]"
841,HASH,0.0006511926651000977,"[('Index Scan using idx_email_hash on user_app  (cost=0.00..8.02 rows=1 width=2088) (actual time=0.010..0.015 rows=1 loops=1)',), (""  Index Cond: ((email)::text = 'kaguoewwxg@example.com'::text)"",), ('  Buffers: shared hit=2',), ('Planning Time: 0.056 ms',), ('Execution Time: 0.036 ms',)]"
842,No Index,0.00027234554290771483,"[('Index Scan using uniq_user_app_email on user_app  (cost=0.38..8.39 rows=1 width=2088) (actual time=0.008..0.010 rows=1 loops=1)',), (""  Index Cond: ((email)::text = 'ahzezkcdoo@example.com'::text)"",), ('  Buffers: shared hit=4',), ('Planning Time: 0.019 ms',), ('Execution Time: 0.021 ms',)]"
842,BTREE,0.00026447772979736327,"[('Index Scan using idx_email_btree on user_app  (cost=0.25..8.27 rows=1 width=2088) (actual time=0.006..0.009 rows=1 loops=1)',), (""  Index Cond: ((email)::text = 'zryymthtco@example.com'::text)"",), ('  Buffers: shared hit=3',), ('Planning Time: 0.022 ms',), ('Execution Time: 0.020 ms',)]"
842,HASH,0.00026171207427978517,"[('Index Scan using idx_email_hash on user_app  (cost=0.00..8.02 rows=1 width=2088) (actual time=0.004..0.007 rows=1 loops=1)',), (""  Index Cond: ((email)::text = 'csbfindqtr@example.com'::text)"",), ('  Buffers: shared hit=2',), ('Planning Time: 0.022 ms',), ('Execution Time: 0.018 ms',)]"
843,No Index,0.00026781558990478515,"[('Index Scan using uniq_user_app_email on user_app  (cost=0.38..8.39 rows=1 width=2088) (actual time=0.007..0.010 rows=1 loops=1)',), (""  Index Cond: ((email)::text = 'ewrdbybjlj@example.com'::text)"",), ('  Buffers: shared hit=4',), ('Planning Time: 0.020 ms',), ('Execution Time: 0.021 ms',)]"
843,BTREE,0.00026297569274902344,"[('Index Scan using idx_email_btree on user_app  (cost=0.25..8.27 rows=1 width=2088) (actual time=0.006..0.008 rows=1 loops=1)',), (""  Index Cond: ((email)::text = 'ahjonupzzs@example.com'::text)"",), ('  Buffers: shared hit=3',), ('Planning Time: 0.021 ms',), ('Execution Time: 0.019 ms',)]"
843,HASH,0.0002605676651000977,"[('Index Scan using idx_email_hash on user_app  (cost=0.00..8.02 rows=1 width=2088) (actual time=0.004..0.007 rows=1 loops=1)',), (""  Index Cond: ((email)::text = 'egtdbxxyhk@example.com'::text)"",), ('  Buffers: shared hit=2',), ('Planning Time: 0.021 ms',), ('Execution Time: 0.018 ms',)]"
844,No Index,0.00025501251220703123,"[('Index Scan using uniq_user_app_email on user_app  (cost=0.38..8.39 rows=1 width=2088) (actual time=0.007..0.010 rows=1 loops=1)',), (""  Index Cond: ((email)::text = 'gzbhtysgpd@example.com'::text)"",), ('  Buffers: shared hit=4',), ('Planning Time: 0.019 ms',), ('Execution Time: 0.021 ms',)]"
844,BTREE,0.00025389194488525393,"[('Index Scan using idx_email_btree on user_app  (cost=0.25..8.27 rows=1 width=2088) (actual time=0.006..0.009 rows=1 loops=1)',), (""  Index Cond: ((email)::text = 'wbdigtkrkr@example.com'::text)"",), ('  Buffers: shared hit=3',), ('Planning Time: 0.019 ms',), ('Execution Time: 0.019 ms',)]"
844,HASH,0.00027120113372802734,"[('Index Scan using idx_email_hash on user_app  (cost=0.00..8.02 rows=1 width=2088) (actual time=0.005..0.008 rows=1 loops=1)',), (""  Index Cond: ((email)::text = 'cwhhjnntik@example.com'::text)"",), ('  Buffers: shared hit=3',), ('Planning Time: 0.023 ms',), ('Execution Time: 0.019 ms',)]"
845,No Index,0.00020732879638671876,"[('Index Scan using uniq_user_app_email on user_app  (cost=0.38..8.39 rows=1 width=2088) (actual time=0.007..0.010 rows=1 loops=1)',), (""  Index Cond: ((email)::text = 'srdqtvsapz@example.com'::text)"",), ('  Buffers: shared hit=4',), ('Planning Time: 0.017 ms',), ('Execution Time: 0.019 ms',)]"
845,BTREE,0.00040688514709472654,"[('Index Scan using idx_email_btree on user_app  (cost=0.25..8.27 rows=1 width=2088) (actual time=0.013..0.017 rows=1 loops=1)',), (""  Index Cond: ((email)::text = 'uxqtlovfxx@example.com'::text)"",), ('  Buffers: shared hit=3',), ('Planning Time: 0.049 ms',), ('Execution Time: 0.034 ms',)]"
845,HASH,0.0002535343170166016,"[('Index Scan using idx_email_hash on user_app  (cost=0.00..8.02 rows=1 width=2088) (actual time=0.004..0.006 rows=1 loops=1)',), (""  Index Cond: ((email)::text = 'usjzqzospt@example.com'::text)"",), ('  Buffers: shared hit=2',), ('Planning Time: 0.019 ms',), ('Execution Time: 0.018 ms',)]"
846,No Index,0.0002395153045654297,"[('Index Scan using uniq_user_app_email on user_app  (cost=0.38..8.39 rows=1 width=2088) (actual time=0.010..0.013 rows=1 loops=1)',), (""  Index Cond: ((email)::text = 'cutclgedag@example.com'::text)"",), ('  Buffers: shared hit=4',), ('Planning Time: 0.028 ms',), ('Execution Time: 0.027 ms',)]"
846,BTREE,0.0003276824951171875,"[('Index Scan using idx_email_btree on user_app  (cost=0.25..8.27 rows=1 width=2088) (actual time=0.006..0.010 rows=1 loops=1)',), (""  Index Cond: ((email)::text = 'rqqemuopsd@example.com'::text)"",), ('  Buffers: shared hit=3',), ('Planning Time: 0.024 ms',), ('Execution Time: 0.020 ms',)]"
846,HASH,0.00028553009033203123,"[('Index Scan using idx_email_hash on user_app  (cost=0.00..8.02 rows=1 width=2088) (actual time=0.005..0.008 rows=1 loops=1)',), (""  Index Cond: ((email)::text = 'exyflsnftm@example.com'::text)"",), ('  Buffers: shared hit=2',), ('Planning Time: 0.023 ms',), ('Execution Time: 0.019 ms',)]"
847,No Index,0.00026521682739257815,"[('Index Scan using uniq_user_app_email on user_app  (cost=0.38..8.39 rows=1 width=2088) (actual time=0.008..0.011 rows=1 loops=1)',), (""  Index Cond: ((email)::text = 'avkkbkrovn@example.com'::text)"",), ('  Buffers: shared hit=4',), ('Planning Time: 0.017 ms',), ('Execution Time: 0.022 ms',)]"
847,BTREE,0.0002971172332763672,"[('Index Scan using idx_email_btree on user_app  (cost=0.25..8.27 rows=1 width=2088) (actual time=0.007..0.010 rows=1 loops=1)',), (""  Index Cond: ((email)::text = 'vqgpnbnsre@example.com'::text)"",), ('  Buffers: shared hit=3',), ('Planning Time: 0.023 ms',), ('Execution Time: 0.021 ms',)]"
847,HASH,0.00025157928466796876,"[('Index Scan using idx_email_hash on user_app  (cost=0.00..8.02 rows=1 width=2088) (actual time=0.004..0.007 rows=1 loops=1)',), (""  Index Cond: ((email)::text = 'elpdfgvben@example.com'::text)"",), ('  Buffers: shared hit=2',), ('Planning Time: 0.019 ms',), ('Execution Time: 0.016 ms',)]"
848,No Index,0.0002595663070678711,"[('Index Scan using uniq_user_app_email on user_app  (cost=0.38..8.39 rows=1 width=2088) (actual time=0.007..0.010 rows=1 loops=1)',), (""  Index Cond: ((email)::text = 'yskjjkxdte@example.com'::text)"",), ('  Buffers: shared hit=4',), ('Planning Time: 0.020 ms',), ('Execution Time: 0.022 ms',)]"
848,BTREE,0.0003820657730102539,"[('Index Scan using idx_email_btree on user_app  (cost=0.25..8.27 rows=1 width=2088) (actual time=0.012..0.017 rows=1 loops=1)',), (""  Index Cond: ((email)::text = 'mufqlcersl@example.com'::text)"",), ('  Buffers: shared hit=3',), ('Planning Time: 0.048 ms',), ('Execution Time: 0.034 ms',)]"
848,HASH,0.00020163059234619142,"[('Index Scan using idx_email_hash on user_app  (cost=0.00..8.02 rows=1 width=2088) (actual time=0.005..0.008 rows=1 loops=1)',), (""  Index Cond: ((email)::text = 'wmnfmnwqzp@example.com'::text)"",), ('  Buffers: shared hit=3',), ('Planning Time: 0.023 ms',), ('Execution Time: 0.019 ms',)]"
849,No Index,0.0001978635787963867,"[('Index Scan using uniq_user_app_email on user_app  (cost=0.38..8.39 rows=1 width=2088) (actual time=0.007..0.009 rows=1 loops=1)',), (""  Index Cond: ((email)::text = 'qrzjzybvsl@example.com'::text)"",), ('  Buffers: shared hit=4',), ('Planning Time: 0.017 ms',), ('Execution Time: 0.021 ms',)]"
849,BTREE,0.000281834602355957,"[('Index Scan using idx_email_btree on user_app  (cost=0.25..8.27 rows=1 width=2088) (actual time=0.005..0.008 rows=1 loops=1)',), (""  Index Cond: ((email)::text = 'gewlceootg@example.com'::text)"",), ('  Buffers: shared hit=3',), ('Planning Time: 0.019 ms',), ('Execution Time: 0.018 ms',)]"
849,HASH,0.0004595041275024414,"[('Index Scan using idx_email_hash on user_app  (cost=0.00..8.02 rows=1 width=2088) (actual time=0.034..0.039 rows=1 loops=1)',), (""  Index Cond: ((email)::text = 'iulpyvfucq@example.com'::text)"",), ('  Buffers: shared hit=3',), ('Planning Time: 0.050 ms',), ('Execution Time: 0.059 ms',)]"
850,No Index,0.000249481201171875,"[('Index Scan using uniq_user_app_email on user_app  (cost=0.38..8.39 rows=1 width=2088) (actual time=0.012..0.016 rows=1 loops=1)',), (""  Index Cond: ((email)::text = 'pjftxaulsn@example.com'::text)"",), ('  Buffers: shared hit=4',), ('Planning Time: 0.029 ms',), ('Execution Time: 0.029 ms',)]"
850,BTREE,0.0003061532974243164,"[('Index Scan using idx_email_btree on user_app  (cost=0.25..8.27 rows=1 width=2088) (actual time=0.007..0.009 rows=1 loops=1)',), (""  Index Cond: ((email)::text = 'yomtoicyxu@example.com'::text)"",), ('  Buffers: shared hit=3',), ('Planning Time: 0.027 ms',), ('Execution Time: 0.023 ms',)]"
850,HASH,0.0002843379974365234,"[('Index Scan using idx_email_hash on user_app  (cost=0.00..8.02 rows=1 width=2088) (actual time=0.004..0.007 rows=1 loops=1)',), (""  Index Cond: ((email)::text = 'zdrjxdtaho@example.com'::text)"",), ('  Buffers: shared hit=3',), ('Planning Time: 0.019 ms',), ('Execution Time: 0.018 ms',)]"
851,No Index,0.0006340742111206055,"[('Index Scan using uniq_user_app_email on user_app  (cost=0.38..8.39 rows=1 width=2088) (actual time=0.021..0.026 rows=1 loops=1)',), (""  Index Cond: ((email)::text = 'wgdnaxktvu@example.com'::text)"",), ('  Buffers: shared hit=4',), ('Planning Time: 0.057 ms',), ('Execution Time: 0.048 ms',)]"
851,BTREE,0.00030968189239501955,"[('Index Scan using idx_email_btree on user_app  (cost=0.25..8.27 rows=1 width=2088) (actual time=0.008..0.010 rows=1 loops=1)',), (""  Index Cond: ((email)::text = 'hpugnmspix@example.com'::text)"",), ('  Buffers: shared hit=3',), ('Planning Time: 0.029 ms',), ('Execution Time: 0.023 ms',)]"
851,HASH,0.00021626949310302735,"[('Index Scan using idx_email_hash on user_app  (cost=0.00..8.02 rows=1 width=2088) (actual time=0.005..0.008 rows=1 loops=1)',), (""  Index Cond: ((email)::text = 'dkxahhwdvd@example.com'::text)"",), ('  Buffers: shared hit=3',), ('Planning Time: 0.029 ms',), ('Execution Time: 0.021 ms',)]"
852,No Index,0.00034797191619873047,"[('Index Scan using uniq_user_app_email on user_app  (cost=0.38..8.39 rows=1 width=2088) (actual time=0.008..0.010 rows=1 loops=1)',), (""  Index Cond: ((email)::text = 'ynfljwqltp@example.com'::text)"",), ('  Buffers: shared hit=4',), ('Planning Time: 0.020 ms',), ('Execution Time: 0.023 ms',)]"
852,BTREE,0.0003823280334472656,"[('Index Scan using idx_email_btree on user_app  (cost=0.25..8.27 rows=1 width=2088) (actual time=0.016..0.019 rows=1 loops=1)',), (""  Index Cond: ((email)::text = 'kprsrcsqgz@example.com'::text)"",), ('  Buffers: shared hit=3',), ('Planning Time: 0.053 ms',), ('Execution Time: 0.038 ms',)]"
852,HASH,0.0004175901412963867,"[('Index Scan using idx_email_hash on user_app  (cost=0.00..8.02 rows=1 width=2088) (actual time=0.007..0.012 rows=1 loops=1)',), (""  Index Cond: ((email)::text = 'chedgratmm@example.com'::text)"",), ('  Buffers: shared hit=3',), ('Planning Time: 0.042 ms',), ('Execution Time: 0.028 ms',)]"
853,No Index,0.00024731159210205077,"[('Index Scan using uniq_user_app_email on user_app  (cost=0.38..8.39 rows=1 width=2088) (actual time=0.007..0.009 rows=1 loops=1)',), (""  Index Cond: ((email)::text = 'aattxkpwjq@example.com'::text)"",), ('  Buffers: shared hit=4',), ('Planning Time: 0.017 ms',), ('Execution Time: 0.019 ms',)]"
853,BTREE,0.00028760433197021483,"[('Index Scan using idx_email_btree on user_app  (cost=0.25..8.27 rows=1 width=2088) (actual time=0.005..0.008 rows=1 loops=1)',), (""  Index Cond: ((email)::text = 'pjowqecjvn@example.com'::text)"",), ('  Buffers: shared hit=3',), ('Planning Time: 0.019 ms',), ('Execution Time: 0.018 ms',)]"
853,HASH,0.00025315284729003905,"[('Index Scan using idx_email_hash on user_app  (cost=0.00..8.02 rows=1 width=2088) (actual time=0.005..0.008 rows=1 loops=1)',), (""  Index Cond: ((email)::text = 'izqevnodek@example.com'::text)"",), ('  Buffers: shared hit=2',), ('Planning Time: 0.024 ms',), ('Execution Time: 0.018 ms',)]"
854,No Index,0.00025942325592041013,"[('Index Scan using uniq_user_app_email on user_app  (cost=0.38..8.39 rows=1 width=2088) (actual time=0.008..0.012 rows=1 loops=1)',), (""  Index Cond: ((email)::text = 'lbeczqlmrq@example.com'::text)"",), ('  Buffers: shared hit=4',), ('Planning Time: 0.022 ms',), ('Execution Time: 0.020 ms',)]"
854,BTREE,0.00028412342071533204,"[('Index Scan using idx_email_btree on user_app  (cost=0.25..8.27 rows=1 width=2088) (actual time=0.007..0.009 rows=1 loops=1)',), (""  Index Cond: ((email)::text = 'hciotoqkep@example.com'::text)"",), ('  Buffers: shared hit=3',), ('Planning Time: 0.023 ms',), ('Execution Time: 0.019 ms',)]"
854,HASH,0.00022466182708740233,"[('Index Scan using idx_email_hash on user_app  (cost=0.00..8.02 rows=1 width=2088) (actual time=0.006..0.009 rows=1 loops=1)',), (""  Index Cond: ((email)::text = 'bcddkejsnf@example.com'::text)"",), ('  Buffers: shared hit=3',), ('Planning Time: 0.031 ms',), ('Execution Time: 0.021 ms',)]"
855,No Index,0.0002805233001708984,"[('Index Scan using uniq_user_app_email on user_app  (cost=0.38..8.39 rows=1 width=2088) (actual time=0.007..0.010 rows=1 loops=1)',), (""  Index Cond: ((email)::text = 'nwjszixgtv@example.com'::text)"",), ('  Buffers: shared hit=4',), ('Planning Time: 0.020 ms',), ('Execution Time: 0.021 ms',)]"
855,BTREE,0.00031223297119140623,"[('Index Scan using idx_email_btree on user_app  (cost=0.25..8.27 rows=1 width=2088) (actual time=0.009..0.013 rows=1 loops=1)',), (""  Index Cond: ((email)::text = 'kbvuayuasd@example.com'::text)"",), ('  Buffers: shared hit=3',), ('Planning Time: 0.039 ms',), ('Execution Time: 0.029 ms',)]"
855,HASH,0.0002065896987915039,"[('Index Scan using idx_email_hash on user_app  (cost=0.00..8.02 rows=1 width=2088) (actual time=0.005..0.008 rows=1 loops=1)',), (""  Index Cond: ((email)::text = 'ylenqwwleb@example.com'::text)"",), ('  Buffers: shared hit=2',), ('Planning Time: 0.023 ms',), ('Execution Time: 0.020 ms',)]"
856,No Index,0.00019230842590332032,"[('Index Scan using uniq_user_app_email on user_app  (cost=0.38..8.39 rows=1 width=2088) (actual time=0.007..0.010 rows=1 loops=1)',), (""  Index Cond: ((email)::text = 'xxehfyeanq@example.com'::text)"",), ('  Buffers: shared hit=4',), ('Planning Time: 0.018 ms',), ('Execution Time: 0.020 ms',)]"
856,BTREE,0.0004549741744995117,"[('Index Scan using idx_email_btree on user_app  (cost=0.25..8.27 rows=1 width=2088) (actual time=0.011..0.015 rows=1 loops=1)',), (""  Index Cond: ((email)::text = 'szzzbmqfzk@example.com'::text)"",), ('  Buffers: shared hit=3',), ('Planning Time: 0.042 ms',), ('Execution Time: 0.030 ms',)]"
856,HASH,0.0002809286117553711,"[('Index Scan using idx_email_hash on user_app  (cost=0.00..8.02 rows=1 width=2088) (actual time=0.005..0.007 rows=1 loops=1)',), (""  Index Cond: ((email)::text = 'qgbutovjpv@example.com'::text)"",), ('  Buffers: shared hit=3',), ('Planning Time: 0.023 ms',), ('Execution Time: 0.018 ms',)]"
857,No Index,0.00043277740478515626,"[('Index Scan using uniq_user_app_email on user_app  (cost=0.38..8.39 rows=1 width=2088) (actual time=0.019..0.023 rows=1 loops=1)',), (""  Index Cond: ((email)::text = 'hwuspxzkvv@example.com'::text)"",), ('  Buffers: shared hit=4',), ('Planning Time: 0.052 ms',), ('Execution Time: 0.044 ms',)]"
857,BTREE,0.00028119087219238283,"[('Index Scan using idx_email_btree on user_app  (cost=0.25..8.27 rows=1 width=2088) (actual time=0.008..0.011 rows=1 loops=1)',), (""  Index Cond: ((email)::text = 'fnweahrctm@example.com'::text)"",), ('  Buffers: shared hit=3',), ('Planning Time: 0.028 ms',), ('Execution Time: 0.022 ms',)]"
857,HASH,0.00026695728302001954,"[('Index Scan using idx_email_hash on user_app  (cost=0.00..8.02 rows=1 width=2088) (actual time=0.003..0.006 rows=1 loops=1)',), (""  Index Cond: ((email)::text = 'veucqetdww@example.com'::text)"",), ('  Buffers: shared hit=3',), ('Planning Time: 0.019 ms',), ('Execution Time: 0.016 ms',)]"
858,No Index,0.00024788379669189454,"[('Index Scan using uniq_user_app_email on user_app  (cost=0.38..8.39 rows=1 width=2088) (actual time=0.007..0.009 rows=1 loops=1)',), (""  Index Cond: ((email)::text = 'sflotkuzla@example.com'::text)"",), ('  Buffers: shared hit=4',), ('Planning Time: 0.018 ms',), ('Execution Time: 0.019 ms',)]"
858,BTREE,0.000241851806640625,"[('Index Scan using idx_email_btree on user_app  (cost=0.25..8.27 rows=1 width=2088) (actual time=0.005..0.008 rows=1 loops=1)',), (""  Index Cond: ((email)::text = 'qkshsarguo@example.com'::text)"",), ('  Buffers: shared hit=3',), ('Planning Time: 0.019 ms',), ('Execution Time: 0.017 ms',)]"
858,HASH,0.00048553943634033203,"[('Index Scan using idx_email_hash on user_app  (cost=0.00..8.02 rows=1 width=2088) (actual time=0.008..0.013 rows=1 loops=1)',), (""  Index Cond: ((email)::text = 'vfngqbbhwz@example.com'::text)"",), ('  Buffers: shared hit=2',), ('Planning Time: 0.042 ms',), ('Execution Time: 0.028 ms',)]"
859,No Index,0.0006497621536254883,"[('Index Scan using uniq_user_app_email on user_app  (cost=0.38..8.39 rows=1 width=2088) (actual time=0.024..0.030 rows=1 loops=1)',), (""  Index Cond: ((email)::text = 'elauxiytsr@example.com'::text)"",), ('  Buffers: shared hit=4',), ('Planning Time: 0.081 ms',), ('Execution Time: 0.051 ms',)]"
859,BTREE,0.00025608539581298826,"[('Index Scan using idx_email_btree on user_app  (cost=0.25..8.27 rows=1 width=2088) (actual time=0.006..0.008 rows=1 loops=1)',), (""  Index Cond: ((email)::text = 'heikxisnrf@example.com'::text)"",), ('  Buffers: shared hit=3',), ('Planning Time: 0.022 ms',), ('Execution Time: 0.019 ms',)]"
859,HASH,0.0002809762954711914,"[('Index Scan using idx_email_hash on user_app  (cost=0.00..8.02 rows=1 width=2088) (actual time=0.004..0.008 rows=1 loops=1)',), (""  Index Cond: ((email)::text = 'gbeefunzlg@example.com'::text)"",), ('  Buffers: shared hit=3',), ('Planning Time: 0.024 ms',), ('Execution Time: 0.018 ms',)]"
860,No Index,0.00019884109497070312,"[('Index Scan using uniq_user_app_email on user_app  (cost=0.38..8.39 rows=1 width=2088) (actual time=0.007..0.009 rows=1 loops=1)',), (""  Index Cond: ((email)::text = 'fmyfhntctf@example.com'::text)"",), ('  Buffers: shared hit=4',), ('Planning Time: 0.018 ms',), ('Execution Time: 0.019 ms',)]"
860,BTREE,0.0005499839782714844,"[('Index Scan using idx_email_btree on user_app  (cost=0.25..8.27 rows=1 width=2088) (actual time=0.013..0.017 rows=1 loops=1)',), (""  Index Cond: ((email)::text = 'rlbnvpirqm@example.com'::text)"",), ('  Buffers: shared hit=3',), ('Planning Time: 0.048 ms',), ('Execution Time: 0.034 ms',)]"
860,HASH,0.0004196643829345703,"[('Index Scan using idx_email_hash on user_app  (cost=0.00..8.02 rows=1 width=2088) (actual time=0.007..0.011 rows=1 loops=1)',), (""  Index Cond: ((email)::text = 'lgvyfsqlln@example.com'::text)"",), ('  Buffers: shared hit=3',), ('Planning Time: 0.041 ms',), ('Execution Time: 0.028 ms',)]"
861,No Index,0.0002779245376586914,"[('Index Scan using uniq_user_app_email on user_app  (cost=0.38..8.39 rows=1 width=2088) (actual time=0.025..0.028 rows=1 loops=1)',), (""  Index Cond: ((email)::text = 'hgnjhmjssr@example.com'::text)"",), ('  Buffers: shared hit=4',), ('Planning Time: 0.067 ms',), ('Execution Time: 0.050 ms',)]"
861,BTREE,0.00046956539154052734,"[('Index Scan using idx_email_btree on user_app  (cost=0.25..8.27 rows=1 width=2088) (actual time=0.013..0.017 rows=1 loops=1)',), (""  Index Cond: ((email)::text = 'dqmcrnxxuz@example.com'::text)"",), ('  Buffers: shared hit=3',), ('Planning Time: 0.051 ms',), ('Execution Time: 0.036 ms',)]"
861,HASH,0.0003869295120239258,"[('Index Scan using idx_email_hash on user_app  (cost=0.00..8.02 rows=1 width=2088) (actual time=0.005..0.008 rows=1 loops=1)',), (""  Index Cond: ((email)::text = 'nqojahhvlu@example.com'::text)"",), ('  Buffers: shared hit=2',), ('Planning Time: 0.025 ms',), ('Execution Time: 0.018 ms',)]"
862,No Index,0.00040881633758544923,"[('Index Scan using uniq_user_app_email on user_app  (cost=0.38..8.39 rows=1 width=2088) (actual time=0.014..0.017 rows=1 loops=1)',), (""  Index Cond: ((email)::text = 'kzlxmhvnyc@example.com'::text)"",), ('  Buffers: shared hit=4',), ('Planning Time: 0.035 ms',), ('Execution Time: 0.034 ms',)]"
862,BTREE,0.00039637088775634766,"[('Index Scan using idx_email_btree on user_app  (cost=0.25..8.27 rows=1 width=2088) (actual time=0.009..0.012 rows=1 loops=1)',), (""  Index Cond: ((email)::text = 'reihqmztum@example.com'::text)"",), ('  Buffers: shared hit=3',), ('Planning Time: 0.029 ms',), ('Execution Time: 0.025 ms',)]"
862,HASH,0.0002698183059692383,"[('Index Scan using idx_email_hash on user_app  (cost=0.00..8.02 rows=1 width=2088) (actual time=0.004..0.006 rows=1 loops=1)',), (""  Index Cond: ((email)::text = 'xhwlcksuca@example.com'::text)"",), ('  Buffers: shared hit=3',), ('Planning Time: 0.019 ms',), ('Execution Time: 0.017 ms',)]"
863,No Index,0.00019965171813964843,"[('Index Scan using uniq_user_app_email on user_app  (cost=0.38..8.39 rows=1 width=2088) (actual time=0.007..0.010 rows=1 loops=1)',), (""  Index Cond: ((email)::text = 'pwzwajyqar@example.com'::text)"",), ('  Buffers: shared hit=4',), ('Planning Time: 0.018 ms',), ('Execution Time: 0.020 ms',)]"
863,BTREE,0.00025975704193115234,"[('Index Scan using idx_email_btree on user_app  (cost=0.25..8.27 rows=1 width=2088) (actual time=0.007..0.010 rows=1 loops=1)',), (""  Index Cond: ((email)::text = 'vhlmoocijm@example.com'::text)"",), ('  Buffers: shared hit=3',), ('Planning Time: 0.026 ms',), ('Execution Time: 0.020 ms',)]"
863,HASH,0.0002741813659667969,"[('Index Scan using idx_email_hash on user_app  (cost=0.00..8.02 rows=1 width=2088) (actual time=0.003..0.006 rows=1 loops=1)',), (""  Index Cond: ((email)::text = 'imdiurhvdf@example.com'::text)"",), ('  Buffers: shared hit=2',), ('Planning Time: 0.019 ms',), ('Execution Time: 0.016 ms',)]"
864,No Index,0.00024058818817138672,"[('Index Scan using uniq_user_app_email on user_app  (cost=0.38..8.39 rows=1 width=2088) (actual time=0.009..0.011 rows=1 loops=1)',), (""  Index Cond: ((email)::text = 'prkzeddpqm@example.com'::text)"",), ('  Buffers: shared hit=4',), ('Planning Time: 0.022 ms',), ('Execution Time: 0.024 ms',)]"
864,BTREE,0.00032770633697509766,"[('Index Scan using idx_email_btree on user_app  (cost=0.25..8.27 rows=1 width=2088) (actual time=0.006..0.009 rows=1 loops=1)',), (""  Index Cond: ((email)::text = 'nazdgciqyj@example.com'::text)"",), ('  Buffers: shared hit=3',), ('Planning Time: 0.024 ms',), ('Execution Time: 0.024 ms',)]"
864,HASH,0.0004517316818237305,"[('Index Scan using idx_email_hash on user_app  (cost=0.00..8.02 rows=1 width=2088) (actual time=0.005..0.009 rows=1 loops=1)',), (""  Index Cond: ((email)::text = 'lwtqxgxqgg@example.com'::text)"",), ('  Buffers: shared hit=3',), ('Planning Time: 0.024 ms',), ('Execution Time: 0.019 ms',)]"
865,No Index,0.0002990007400512695,"[('Index Scan using uniq_user_app_email on user_app  (cost=0.38..8.39 rows=1 width=2088) (actual time=0.011..0.014 rows=1 loops=1)',), (""  Index Cond: ((email)::text = 'rtohtxulhe@example.com'::text)"",), ('  Buffers: shared hit=4',), ('Planning Time: 0.032 ms',), ('Execution Time: 0.026 ms',)]"
865,BTREE,0.00026390552520751955,"[('Index Scan using idx_email_btree on user_app  (cost=0.25..8.27 rows=1 width=2088) (actual time=0.006..0.009 rows=1 loops=1)',), (""  Index Cond: ((email)::text = 'fnotazcrsv@example.com'::text)"",), ('  Buffers: shared hit=3',), ('Planning Time: 0.022 ms',), ('Execution Time: 0.020 ms',)]"
865,HASH,0.00045359134674072266,"[('Index Scan using idx_email_hash on user_app  (cost=0.00..8.02 rows=1 width=2088) (actual time=0.016..0.020 rows=1 loops=1)',), (""  Index Cond: ((email)::text = 'eiofhylfrj@example.com'::text)"",), ('  Buffers: shared hit=2',), ('Planning Time: 0.074 ms',), ('Execution Time: 0.039 ms',)]"
866,No Index,0.00022208690643310547,"[('Index Scan using uniq_user_app_email on user_app  (cost=0.38..8.39 rows=1 width=2088) (actual time=0.015..0.019 rows=1 loops=1)',), (""  Index Cond: ((email)::text = 'ngbrmbszre@example.com'::text)"",), ('  Buffers: shared hit=4',), ('Planning Time: 0.036 ms',), ('Execution Time: 0.033 ms',)]"
866,BTREE,0.0003588676452636719,"[('Index Scan using idx_email_btree on user_app  (cost=0.25..8.27 rows=1 width=2088) (actual time=0.009..0.012 rows=1 loops=1)',), (""  Index Cond: ((email)::text = 'kecjavkbnf@example.com'::text)"",), ('  Buffers: shared hit=3',), ('Planning Time: 0.029 ms',), ('Execution Time: 0.024 ms',)]"
866,HASH,0.0002585411071777344,"[('Index Scan using idx_email_hash on user_app  (cost=0.00..8.02 rows=1 width=2088) (actual time=0.004..0.008 rows=1 loops=1)',), (""  Index Cond: ((email)::text = 'xcacdlqwdm@example.com'::text)"",), ('  Buffers: shared hit=3',), ('Planning Time: 0.022 ms',), ('Execution Time: 0.018 ms',)]"
867,No Index,0.00029733180999755857,"[('Index Scan using uniq_user_app_email on user_app  (cost=0.38..8.39 rows=1 width=2088) (actual time=0.007..0.009 rows=1 loops=1)',), (""  Index Cond: ((email)::text = 'dzeavvwhxc@example.com'::text)"",), ('  Buffers: shared hit=4',), ('Planning Time: 0.017 ms',), ('Execution Time: 0.021 ms',)]"
867,BTREE,0.0002520561218261719,"[('Index Scan using idx_email_btree on user_app  (cost=0.25..8.27 rows=1 width=2088) (actual time=0.006..0.009 rows=1 loops=1)',), (""  Index Cond: ((email)::text = 'ggqvpjlolp@example.com'::text)"",), ('  Buffers: shared hit=3',), ('Planning Time: 0.021 ms',), ('Execution Time: 0.019 ms',)]"
867,HASH,0.000660109519958496,"[('Index Scan using idx_email_hash on user_app  (cost=0.00..8.02 rows=1 width=2088) (actual time=0.020..0.025 rows=1 loops=1)',), (""  Index Cond: ((email)::text = 'qwztpgkjrg@example.com'::text)"",), ('  Buffers: shared hit=2',), ('Planning Time: 0.106 ms',), ('Execution Time: 0.056 ms',)]"
868,No Index,0.0002724170684814453,"[('Index Scan using uniq_user_app_email on user_app  (cost=0.38..8.39 rows=1 width=2088) (actual time=0.007..0.010 rows=1 loops=1)',), (""  Index Cond: ((email)::text = 'blthnmwmem@example.com'::text)"",), ('  Buffers: shared hit=4',), ('Planning Time: 0.017 ms',), ('Execution Time: 0.021 ms',)]"
868,BTREE,0.00023887157440185546,"[('Index Scan using idx_email_btree on user_app  (cost=0.25..8.27 rows=1 width=2088) (actual time=0.008..0.011 rows=1 loops=1)',), (""  Index Cond: ((email)::text = 'vivwsrbzyg@example.com'::text)"",), ('  Buffers: shared hit=3',), ('Planning Time: 0.028 ms',), ('Execution Time: 0.028 ms',)]"
868,HASH,0.00029630661010742186,"[('Index Scan using idx_email_hash on user_app  (cost=0.00..8.02 rows=1 width=2088) (actual time=0.008..0.012 rows=1 loops=1)',), (""  Index Cond: ((email)::text = 'smpkqzvwjl@example.com'::text)"",), ('  Buffers: shared hit=3',), ('Planning Time: 0.040 ms',), ('Execution Time: 0.024 ms',)]"
869,No Index,0.0002298116683959961,"[('Index Scan using uniq_user_app_email on user_app  (cost=0.38..8.39 rows=1 width=2088) (actual time=0.007..0.010 rows=1 loops=1)',), (""  Index Cond: ((email)::text = 'dngopighvn@example.com'::text)"",), ('  Buffers: shared hit=4',), ('Planning Time: 0.017 ms',), ('Execution Time: 0.020 ms',)]"
869,BTREE,0.00022737979888916017,"[('Index Scan using idx_email_btree on user_app  (cost=0.25..8.27 rows=1 width=2088) (actual time=0.005..0.008 rows=1 loops=1)',), (""  Index Cond: ((email)::text = 'lsekzvxknc@example.com'::text)"",), ('  Buffers: shared hit=3',), ('Planning Time: 0.019 ms',), ('Execution Time: 0.018 ms',)]"
869,HASH,0.00026128292083740237,"[('Index Scan using idx_email_hash on user_app  (cost=0.00..8.02 rows=1 width=2088) (actual time=0.004..0.007 rows=1 loops=1)',), (""  Index Cond: ((email)::text = 'xjdvmftqpu@example.com'::text)"",), ('  Buffers: shared hit=2',), ('Planning Time: 0.019 ms',), ('Execution Time: 0.018 ms',)]"
870,No Index,0.0003553628921508789,"[('Index Scan using uniq_user_app_email on user_app  (cost=0.38..8.39 rows=1 width=2088) (actual time=0.017..0.021 rows=1 loops=1)',), (""  Index Cond: ((email)::text = 'ddwpqocogj@example.com'::text)"",), ('  Buffers: shared hit=4',), ('Planning Time: 0.047 ms',), ('Execution Time: 0.037 ms',)]"
870,BTREE,0.0003000497817993164,"[('Index Scan using idx_email_btree on user_app  (cost=0.25..8.27 rows=1 width=2088) (actual time=0.006..0.008 rows=1 loops=1)',), (""  Index Cond: ((email)::text = 'eetrjqxnjm@example.com'::text)"",), ('  Buffers: shared hit=3',), ('Planning Time: 0.021 ms',), ('Execution Time: 0.019 ms',)]"
870,HASH,0.0002980232238769531,"[('Index Scan using idx_email_hash on user_app  (cost=0.00..8.02 rows=1 width=2088) (actual time=0.004..0.007 rows=1 loops=1)',), (""  Index Cond: ((email)::text = 'aeqmiumysu@example.com'::text)"",), ('  Buffers: shared hit=2',), ('Planning Time: 0.019 ms',), ('Execution Time: 0.017 ms',)]"
871,No Index,0.00019407272338867188,"[('Index Scan using uniq_user_app_email on user_app  (cost=0.38..8.39 rows=1 width=2088) (actual time=0.007..0.009 rows=1 loops=1)',), (""  Index Cond: ((email)::text = 'penbjplezl@example.com'::text)"",), ('  Buffers: shared hit=4',), ('Planning Time: 0.016 ms',), ('Execution Time: 0.019 ms',)]"
871,BTREE,0.00019862651824951172,"[('Index Scan using idx_email_btree on user_app  (cost=0.25..8.27 rows=1 width=2088) (actual time=0.006..0.009 rows=1 loops=1)',), (""  Index Cond: ((email)::text = 'uaobitywdd@example.com'::text)"",), ('  Buffers: shared hit=3',), ('Planning Time: 0.019 ms',), ('Execution Time: 0.019 ms',)]"
871,HASH,0.00027632713317871094,"[('Index Scan using idx_email_hash on user_app  (cost=0.00..8.02 rows=1 width=2088) (actual time=0.004..0.007 rows=1 loops=1)',), (""  Index Cond: ((email)::text = 'gqsmyvhinc@example.com'::text)"",), ('  Buffers: shared hit=2',), ('Planning Time: 0.020 ms',), ('Execution Time: 0.016 ms',)]"
872,No Index,0.0002548456192016602,"[('Index Scan using uniq_user_app_email on user_app  (cost=0.38..8.39 rows=1 width=2088) (actual time=0.007..0.009 rows=1 loops=1)',), (""  Index Cond: ((email)::text = 'oxskpdxoev@example.com'::text)"",), ('  Buffers: shared hit=4',), ('Planning Time: 0.017 ms',), ('Execution Time: 0.020 ms',)]"
872,BTREE,0.0003762245178222656,"[('Index Scan using idx_email_btree on user_app  (cost=0.25..8.27 rows=1 width=2088) (actual time=0.018..0.022 rows=1 loops=1)',), (""  Index Cond: ((email)::text = 'ydggzffvly@example.com'::text)"",), ('  Buffers: shared hit=3',), ('Planning Time: 0.063 ms',), ('Execution Time: 0.042 ms',)]"
872,HASH,0.0003246784210205078,"[('Index Scan using idx_email_hash on user_app  (cost=0.00..8.02 rows=1 width=2088) (actual time=0.005..0.008 rows=1 loops=1)',), (""  Index Cond: ((email)::text = 'vxcjcacyzn@example.com'::text)"",), ('  Buffers: shared hit=2',), ('Planning Time: 0.026 ms',), ('Execution Time: 0.020 ms',)]"
873,No Index,0.00024044513702392578,"[('Index Scan using uniq_user_app_email on user_app  (cost=0.38..8.39 rows=1 width=2088) (actual time=0.008..0.010 rows=1 loops=1)',), (""  Index Cond: ((email)::text = 'ssojuioejq@example.com'::text)"",), ('  Buffers: shared hit=4',), ('Planning Time: 0.019 ms',), ('Execution Time: 0.020 ms',)]"
873,BTREE,0.0002650022506713867,"[('Index Scan using idx_email_btree on user_app  (cost=0.25..8.27 rows=1 width=2088) (actual time=0.008..0.010 rows=1 loops=1)',), (""  Index Cond: ((email)::text = 'pdaoftxzie@example.com'::text)"",), ('  Buffers: shared hit=3',), ('Planning Time: 0.021 ms',), ('Execution Time: 0.022 ms',)]"
873,HASH,0.00033266544342041015,"[('Index Scan using idx_email_hash on user_app  (cost=0.00..8.02 rows=1 width=2088) (actual time=0.005..0.008 rows=1 loops=1)',), (""  Index Cond: ((email)::text = 'vcxgmubgor@example.com'::text)"",), ('  Buffers: shared hit=2',), ('Planning Time: 0.024 ms',), ('Execution Time: 0.021 ms',)]"
874,No Index,0.0002686500549316406,"[('Index Scan using uniq_user_app_email on user_app  (cost=0.38..8.39 rows=1 width=2088) (actual time=0.008..0.011 rows=1 loops=1)',), (""  Index Cond: ((email)::text = 'aqhobmycnn@example.com'::text)"",), ('  Buffers: shared hit=4',), ('Planning Time: 0.021 ms',), ('Execution Time: 0.023 ms',)]"
874,BTREE,0.0002652883529663086,"[('Index Scan using idx_email_btree on user_app  (cost=0.25..8.27 rows=1 width=2088) (actual time=0.007..0.009 rows=1 loops=1)',), (""  Index Cond: ((email)::text = 'poznswcwuk@example.com'::text)"",), ('  Buffers: shared hit=3',), ('Planning Time: 0.023 ms',), ('Execution Time: 0.021 ms',)]"
874,HASH,0.0002953290939331055,"[('Index Scan using idx_email_hash on user_app  (cost=0.00..8.02 rows=1 width=2088) (actual time=0.004..0.007 rows=1 loops=1)',), (""  Index Cond: ((email)::text = 'aepmejkkem@example.com'::text)"",), ('  Buffers: shared hit=3',), ('Planning Time: 0.019 ms',), ('Execution Time: 0.017 ms',)]"
875,No Index,0.0002366781234741211,"[('Index Scan using uniq_user_app_email on user_app  (cost=0.38..8.39 rows=1 width=2088) (actual time=0.007..0.009 rows=1 loops=1)',), (""  Index Cond: ((email)::text = 'wnlyrvgrfn@example.com'::text)"",), ('  Buffers: shared hit=4',), ('Planning Time: 0.017 ms',), ('Execution Time: 0.020 ms',)]"
875,BTREE,0.00020132064819335937,"[('Index Scan using idx_email_btree on user_app  (cost=0.25..8.27 rows=1 width=2088) (actual time=0.006..0.009 rows=1 loops=1)',), (""  Index Cond: ((email)::text = 'lztnmfjbmg@example.com'::text)"",), ('  Buffers: shared hit=3',), ('Planning Time: 0.022 ms',), ('Execution Time: 0.021 ms',)]"
875,HASH,0.00026092529296875,"[('Index Scan using idx_email_hash on user_app  (cost=0.00..8.02 rows=1 width=2088) (actual time=0.004..0.007 rows=1 loops=1)',), (""  Index Cond: ((email)::text = 'tmfjmdldeg@example.com'::text)"",), ('  Buffers: shared hit=2',), ('Planning Time: 0.021 ms',), ('Execution Time: 0.018 ms',)]"
876,No Index,0.00023462772369384766,"[('Index Scan using uniq_user_app_email on user_app  (cost=0.38..8.39 rows=1 width=2088) (actual time=0.008..0.012 rows=1 loops=1)',), (""  Index Cond: ((email)::text = 'zdmoboxkxa@example.com'::text)"",), ('  Buffers: shared hit=4',), ('Planning Time: 0.021 ms',), ('Execution Time: 0.023 ms',)]"
876,BTREE,0.00025448799133300783,"[('Index Scan using idx_email_btree on user_app  (cost=0.25..8.27 rows=1 width=2088) (actual time=0.006..0.010 rows=1 loops=1)',), (""  Index Cond: ((email)::text = 'hzvagxbdjh@example.com'::text)"",), ('  Buffers: shared hit=3',), ('Planning Time: 0.022 ms',), ('Execution Time: 0.022 ms',)]"
876,HASH,0.0003961324691772461,"[('Index Scan using idx_email_hash on user_app  (cost=0.00..8.02 rows=1 width=2088) (actual time=0.015..0.021 rows=1 loops=1)',), (""  Index Cond: ((email)::text = 'huhiajmjkc@example.com'::text)"",), ('  Buffers: shared hit=3',), ('Planning Time: 0.068 ms',), ('Execution Time: 0.043 ms',)]"
877,No Index,0.00033111572265625,"[('Index Scan using uniq_user_app_email on user_app  (cost=0.38..8.39 rows=1 width=2088) (actual time=0.016..0.019 rows=1 loops=1)',), (""  Index Cond: ((email)::text = 'tlcpfibexg@example.com'::text)"",), ('  Buffers: shared hit=4',), ('Planning Time: 0.041 ms',), ('Execution Time: 0.033 ms',)]"
877,BTREE,0.0002465009689331055,"[('Index Scan using idx_email_btree on user_app  (cost=0.25..8.27 rows=1 width=2088) (actual time=0.005..0.008 rows=1 loops=1)',), (""  Index Cond: ((email)::text = 'teefnhgidm@example.com'::text)"",), ('  Buffers: shared hit=3',), ('Planning Time: 0.019 ms',), ('Execution Time: 0.018 ms',)]"
877,HASH,0.0003239870071411133,"[('Index Scan using idx_email_hash on user_app  (cost=0.00..8.02 rows=1 width=2088) (actual time=0.004..0.007 rows=1 loops=1)',), (""  Index Cond: ((email)::text = 'mdmtxoyboj@example.com'::text)"",), ('  Buffers: shared hit=2',), ('Planning Time: 0.019 ms',), ('Execution Time: 0.018 ms',)]"
878,No Index,0.0001957416534423828,"[('Index Scan using uniq_user_app_email on user_app  (cost=0.38..8.39 rows=1 width=2088) (actual time=0.007..0.009 rows=1 loops=1)',), (""  Index Cond: ((email)::text = 'erqelavvvd@example.com'::text)"",), ('  Buffers: shared hit=4',), ('Planning Time: 0.017 ms',), ('Execution Time: 0.020 ms',)]"
878,BTREE,0.0002460479736328125,"[('Index Scan using idx_email_btree on user_app  (cost=0.25..8.27 rows=1 width=2088) (actual time=0.007..0.011 rows=1 loops=1)',), (""  Index Cond: ((email)::text = 'qlowxgwryk@example.com'::text)"",), ('  Buffers: shared hit=3',), ('Planning Time: 0.029 ms',), ('Execution Time: 0.024 ms',)]"
878,HASH,0.00021309852600097655,"[('Index Scan using idx_email_hash on user_app  (cost=0.00..8.02 rows=1 width=2088) (actual time=0.004..0.007 rows=1 loops=1)',), (""  Index Cond: ((email)::text = 'tladqowsas@example.com'::text)"",), ('  Buffers: shared hit=2',), ('Planning Time: 0.020 ms',), ('Execution Time: 0.018 ms',)]"
879,No Index,0.0002147197723388672,"[('Index Scan using uniq_user_app_email on user_app  (cost=0.38..8.39 rows=1 width=2088) (actual time=0.007..0.010 rows=1 loops=1)',), (""  Index Cond: ((email)::text = 'fqusqctafr@example.com'::text)"",), ('  Buffers: shared hit=4',), ('Planning Time: 0.017 ms',), ('Execution Time: 0.020 ms',)]"
879,BTREE,0.00024058818817138672,"[('Index Scan using idx_email_btree on user_app  (cost=0.25..8.27 rows=1 width=2088) (actual time=0.005..0.008 rows=1 loops=1)',), (""  Index Cond: ((email)::text = 'uusuxmieff@example.com'::text)"",), ('  Buffers: shared hit=3',), ('Planning Time: 0.021 ms',), ('Execution Time: 0.019 ms',)]"
879,HASH,0.00020382404327392578,"[('Index Scan using idx_email_hash on user_app  (cost=0.00..8.02 rows=1 width=2088) (actual time=0.004..0.008 rows=1 loops=1)',), (""  Index Cond: ((email)::text = 'lwroyjlvwz@example.com'::text)"",), ('  Buffers: shared hit=3',), ('Planning Time: 0.024 ms',), ('Execution Time: 0.020 ms',)]"
880,No Index,0.00022487640380859376,"[('Index Scan using uniq_user_app_email on user_app  (cost=0.38..8.39 rows=1 width=2088) (actual time=0.007..0.010 rows=1 loops=1)',), (""  Index Cond: ((email)::text = 'lueaemnyej@example.com'::text)"",), ('  Buffers: shared hit=4',), ('Planning Time: 0.018 ms',), ('Execution Time: 0.020 ms',)]"
880,BTREE,0.00029480457305908203,"[('Index Scan using idx_email_btree on user_app  (cost=0.25..8.27 rows=1 width=2088) (actual time=0.006..0.010 rows=1 loops=1)',), (""  Index Cond: ((email)::text = 'mbybywpaeo@example.com'::text)"",), ('  Buffers: shared hit=3',), ('Planning Time: 0.020 ms',), ('Execution Time: 0.021 ms',)]"
880,HASH,0.00027124881744384767,"[('Index Scan using idx_email_hash on user_app  (cost=0.00..8.02 rows=1 width=2088) (actual time=0.013..0.018 rows=1 loops=1)',), (""  Index Cond: ((email)::text = 'xgzscshezm@example.com'::text)"",), ('  Buffers: shared hit=3',), ('Planning Time: 0.061 ms',), ('Execution Time: 0.035 ms',)]"
881,No Index,0.0002635478973388672,"[('Index Scan using uniq_user_app_email on user_app  (cost=0.38..8.39 rows=1 width=2088) (actual time=0.008..0.010 rows=1 loops=1)',), (""  Index Cond: ((email)::text = 'ueqgfohoyk@example.com'::text)"",), ('  Buffers: shared hit=4',), ('Planning Time: 0.020 ms',), ('Execution Time: 0.021 ms',)]"
881,BTREE,0.00042259693145751953,"[('Index Scan using idx_email_btree on user_app  (cost=0.25..8.27 rows=1 width=2088) (actual time=0.016..0.020 rows=1 loops=1)',), (""  Index Cond: ((email)::text = 'daniqfamhv@example.com'::text)"",), ('  Buffers: shared hit=3',), ('Planning Time: 0.057 ms',), ('Execution Time: 0.036 ms',)]"
881,HASH,0.0003451824188232422,"[('Index Scan using idx_email_hash on user_app  (cost=0.00..8.02 rows=1 width=2088) (actual time=0.007..0.011 rows=1 loops=1)',), (""  Index Cond: ((email)::text = 'hawqbwavlp@example.com'::text)"",), ('  Buffers: shared hit=2',), ('Planning Time: 0.040 ms',), ('Execution Time: 0.028 ms',)]"
882,No Index,0.0001976490020751953,"[('Index Scan using uniq_user_app_email on user_app  (cost=0.38..8.39 rows=1 width=2088) (actual time=0.007..0.010 rows=1 loops=1)',), (""  Index Cond: ((email)::text = 'xxbecysayr@example.com'::text)"",), ('  Buffers: shared hit=4',), ('Planning Time: 0.017 ms',), ('Execution Time: 0.021 ms',)]"
882,BTREE,0.00031473636627197263,"[('Index Scan using idx_email_btree on user_app  (cost=0.25..8.27 rows=1 width=2088) (actual time=0.011..0.014 rows=1 loops=1)',), (""  Index Cond: ((email)::text = 'ayiguwqzvo@example.com'::text)"",), ('  Buffers: shared hit=3',), ('Planning Time: 0.044 ms',), ('Execution Time: 0.028 ms',)]"
882,HASH,0.00019044876098632811,"[('Index Scan using idx_email_hash on user_app  (cost=0.00..8.02 rows=1 width=2088) (actual time=0.004..0.007 rows=1 loops=1)',), (""  Index Cond: ((email)::text = 'sjcgjfmtji@example.com'::text)"",), ('  Buffers: shared hit=3',), ('Planning Time: 0.018 ms',), ('Execution Time: 0.016 ms',)]"
883,No Index,0.0001989603042602539,"[('Index Scan using uniq_user_app_email on user_app  (cost=0.38..8.39 rows=1 width=2088) (actual time=0.007..0.009 rows=1 loops=1)',), (""  Index Cond: ((email)::text = 'igdvepzdwx@example.com'::text)"",), ('  Buffers: shared hit=4',), ('Planning Time: 0.017 ms',), ('Execution Time: 0.021 ms',)]"
883,BTREE,0.0003607988357543945,"[('Index Scan using idx_email_btree on user_app  (cost=0.25..8.27 rows=1 width=2088) (actual time=0.016..0.021 rows=1 loops=1)',), (""  Index Cond: ((email)::text = 'cilvkiaksz@example.com'::text)"",), ('  Buffers: shared hit=3',), ('Planning Time: 0.060 ms',), ('Execution Time: 0.042 ms',)]"
883,HASH,0.0004097938537597656,"[('Index Scan using idx_email_hash on user_app  (cost=0.00..8.02 rows=1 width=2088) (actual time=0.010..0.012 rows=1 loops=1)',), (""  Index Cond: ((email)::text = 'pxypxyvoth@example.com'::text)"",), ('  Buffers: shared hit=2',), ('Planning Time: 0.048 ms',), ('Execution Time: 0.026 ms',)]"
884,No Index,0.00038852691650390623,"[('Index Scan using uniq_user_app_email on user_app  (cost=0.38..8.39 rows=1 width=2088) (actual time=0.011..0.014 rows=1 loops=1)',), (""  Index Cond: ((email)::text = 'torhfhekez@example.com'::text)"",), ('  Buffers: shared hit=4',), ('Planning Time: 0.029 ms',), ('Execution Time: 0.026 ms',)]"
884,BTREE,0.00047233104705810545,"[('Index Scan using idx_email_btree on user_app  (cost=0.25..8.27 rows=1 width=2088) (actual time=0.009..0.012 rows=1 loops=1)',), (""  Index Cond: ((email)::text = 'bgumdzuzqh@example.com'::text)"",), ('  Buffers: shared hit=3',), ('Planning Time: 0.033 ms',), ('Execution Time: 0.024 ms',)]"
884,HASH,0.00033166408538818357,"[('Index Scan using idx_email_hash on user_app  (cost=0.00..8.02 rows=1 width=2088) (actual time=0.009..0.013 rows=1 loops=1)',), (""  Index Cond: ((email)::text = 'asfiupdekk@example.com'::text)"",), ('  Buffers: shared hit=3',), ('Planning Time: 0.053 ms',), ('Execution Time: 0.030 ms',)]"
885,No Index,0.0002229452133178711,"[('Index Scan using uniq_user_app_email on user_app  (cost=0.38..8.39 rows=1 width=2088) (actual time=0.009..0.012 rows=1 loops=1)',), (""  Index Cond: ((email)::text = 'azayqqhmdp@example.com'::text)"",), ('  Buffers: shared hit=4',), ('Planning Time: 0.021 ms',), ('Execution Time: 0.024 ms',)]"
885,BTREE,0.0006458520889282227,"[('Index Scan using idx_email_btree on user_app  (cost=0.25..8.27 rows=1 width=2088) (actual time=0.020..0.025 rows=1 loops=1)',), (""  Index Cond: ((email)::text = 'dnwitgvsfn@example.com'::text)"",), ('  Buffers: shared hit=3',), ('Planning Time: 0.076 ms',), ('Execution Time: 0.050 ms',)]"
885,HASH,0.00025811195373535154,"[('Index Scan using idx_email_hash on user_app  (cost=0.00..8.02 rows=1 width=2088) (actual time=0.005..0.008 rows=1 loops=1)',), (""  Index Cond: ((email)::text = 'vxyzgwrftw@example.com'::text)"",), ('  Buffers: shared hit=2',), ('Planning Time: 0.024 ms',), ('Execution Time: 0.019 ms',)]"
886,No Index,0.0006702184677124023,"[('Index Scan using uniq_user_app_email on user_app  (cost=0.38..8.39 rows=1 width=2088) (actual time=0.019..0.023 rows=1 loops=1)',), (""  Index Cond: ((email)::text = 'xxjqqetpto@example.com'::text)"",), ('  Buffers: shared hit=4',), ('Planning Time: 0.053 ms',), ('Execution Time: 0.046 ms',)]"
886,BTREE,0.00032329559326171875,"[('Index Scan using idx_email_btree on user_app  (cost=0.25..8.27 rows=1 width=2088) (actual time=0.010..0.013 rows=1 loops=1)',), (""  Index Cond: ((email)::text = 'ruvzqibhwp@example.com'::text)"",), ('  Buffers: shared hit=3',), ('Planning Time: 0.034 ms',), ('Execution Time: 0.026 ms',)]"
886,HASH,0.0003151893615722656,"[('Index Scan using idx_email_hash on user_app  (cost=0.00..8.02 rows=1 width=2088) (actual time=0.008..0.013 rows=1 loops=1)',), (""  Index Cond: ((email)::text = 'uypimbdfop@example.com'::text)"",), ('  Buffers: shared hit=3',), ('Planning Time: 0.041 ms',), ('Execution Time: 0.029 ms',)]"
887,No Index,0.0002583980560302734,"[('Index Scan using uniq_user_app_email on user_app  (cost=0.38..8.39 rows=1 width=2088) (actual time=0.007..0.010 rows=1 loops=1)',), (""  Index Cond: ((email)::text = 'cgszdxszyu@example.com'::text)"",), ('  Buffers: shared hit=4',), ('Planning Time: 0.021 ms',), ('Execution Time: 0.022 ms',)]"
887,BTREE,0.00036494731903076173,"[('Index Scan using idx_email_btree on user_app  (cost=0.25..8.27 rows=1 width=2088) (actual time=0.020..0.024 rows=1 loops=1)',), (""  Index Cond: ((email)::text = 'lvldqdyhsm@example.com'::text)"",), ('  Buffers: shared hit=3',), ('Planning Time: 0.051 ms',), ('Execution Time: 0.042 ms',)]"
887,HASH,0.0002915620803833008,"[('Index Scan using idx_email_hash on user_app  (cost=0.00..8.02 rows=1 width=2088) (actual time=0.012..0.017 rows=1 loops=1)',), (""  Index Cond: ((email)::text = 'ufnnfqimta@example.com'::text)"",), ('  Buffers: shared hit=3',), ('Planning Time: 0.054 ms',), ('Execution Time: 0.032 ms',)]"
888,No Index,0.0002012968063354492,"[('Index Scan using uniq_user_app_email on user_app  (cost=0.38..8.39 rows=1 width=2088) (actual time=0.007..0.008 rows=1 loops=1)',), (""  Index Cond: ((email)::text = 'eaculockwj@example.com'::text)"",), ('  Buffers: shared hit=4',), ('Planning Time: 0.017 ms',), ('Execution Time: 0.020 ms',)]"
888,BTREE,0.00019397735595703126,"[('Index Scan using idx_email_btree on user_app  (cost=0.25..8.27 rows=1 width=2088) (actual time=0.005..0.008 rows=1 loops=1)',), (""  Index Cond: ((email)::text = 'bjfdxjiuhg@example.com'::text)"",), ('  Buffers: shared hit=3',), ('Planning Time: 0.019 ms',), ('Execution Time: 0.018 ms',)]"
888,HASH,0.00025374889373779296,"[('Index Scan using idx_email_hash on user_app  (cost=0.00..8.02 rows=1 width=2088) (actual time=0.004..0.008 rows=1 loops=1)',), (""  Index Cond: ((email)::text = 'jpcjjtyczr@example.com'::text)"",), ('  Buffers: shared hit=3',), ('Planning Time: 0.021 ms',), ('Execution Time: 0.018 ms',)]"
889,No Index,0.00027604103088378905,"[('Index Scan using uniq_user_app_email on user_app  (cost=0.38..8.39 rows=1 width=2088) (actual time=0.007..0.010 rows=1 loops=1)',), (""  Index Cond: ((email)::text = 'fkjmfbadth@example.com'::text)"",), ('  Buffers: shared hit=4',), ('Planning Time: 0.017 ms',), ('Execution Time: 0.021 ms',)]"
889,BTREE,0.0001914501190185547,"[('Index Scan using idx_email_btree on user_app  (cost=0.25..8.27 rows=1 width=2088) (actual time=0.005..0.008 rows=1 loops=1)',), (""  Index Cond: ((email)::text = 'gchjkyourv@example.com'::text)"",), ('  Buffers: shared hit=3',), ('Planning Time: 0.019 ms',), ('Execution Time: 0.017 ms',)]"
889,HASH,0.0004100799560546875,"[('Index Scan using idx_email_hash on user_app  (cost=0.00..8.02 rows=1 width=2088) (actual time=0.006..0.009 rows=1 loops=1)',), (""  Index Cond: ((email)::text = 'urjewjoeai@example.com'::text)"",), ('  Buffers: shared hit=3',), ('Planning Time: 0.032 ms',), ('Execution Time: 0.022 ms',)]"
890,No Index,0.0003224849700927734,"[('Index Scan using uniq_user_app_email on user_app  (cost=0.38..8.39 rows=1 width=2088) (actual time=0.009..0.012 rows=1 loops=1)',), (""  Index Cond: ((email)::text = 'aytlaevrus@example.com'::text)"",), ('  Buffers: shared hit=4',), ('Planning Time: 0.024 ms',), ('Execution Time: 0.024 ms',)]"
890,BTREE,0.00029926300048828126,"[('Index Scan using idx_email_btree on user_app  (cost=0.25..8.27 rows=1 width=2088) (actual time=0.007..0.010 rows=1 loops=1)',), (""  Index Cond: ((email)::text = 'rpiufewymk@example.com'::text)"",), ('  Buffers: shared hit=3',), ('Planning Time: 0.023 ms',), ('Execution Time: 0.021 ms',)]"
890,HASH,0.00021936893463134766,"[('Index Scan using idx_email_hash on user_app  (cost=0.00..8.02 rows=1 width=2088) (actual time=0.005..0.008 rows=1 loops=1)',), (""  Index Cond: ((email)::text = 'ambjbxmfau@example.com'::text)"",), ('  Buffers: shared hit=2',), ('Planning Time: 0.023 ms',), ('Execution Time: 0.019 ms',)]"
891,No Index,0.00019447803497314454,"[('Index Scan using uniq_user_app_email on user_app  (cost=0.38..8.39 rows=1 width=2088) (actual time=0.006..0.009 rows=1 loops=1)',), (""  Index Cond: ((email)::text = 'tnqopwoofs@example.com'::text)"",), ('  Buffers: shared hit=4',), ('Planning Time: 0.017 ms',), ('Execution Time: 0.019 ms',)]"
891,BTREE,0.0002692699432373047,"[('Index Scan using idx_email_btree on user_app  (cost=0.25..8.27 rows=1 width=2088) (actual time=0.006..0.009 rows=1 loops=1)',), (""  Index Cond: ((email)::text = 'xdxtywzhlu@example.com'::text)"",), ('  Buffers: shared hit=3',), ('Planning Time: 0.019 ms',), ('Execution Time: 0.019 ms',)]"
891,HASH,0.0003222227096557617,"[('Index Scan using idx_email_hash on user_app  (cost=0.00..8.02 rows=1 width=2088) (actual time=0.005..0.009 rows=1 loops=1)',), (""  Index Cond: ((email)::text = 'ywrqjreumf@example.com'::text)"",), ('  Buffers: shared hit=3',), ('Planning Time: 0.026 ms',), ('Execution Time: 0.021 ms',)]"
892,No Index,0.0004962444305419922,"[('Index Scan using uniq_user_app_email on user_app  (cost=0.38..8.39 rows=1 width=2088) (actual time=0.009..0.013 rows=1 loops=1)',), (""  Index Cond: ((email)::text = 'ykrtttkvtl@example.com'::text)"",), ('  Buffers: shared hit=4',), ('Planning Time: 0.022 ms',), ('Execution Time: 0.026 ms',)]"
892,BTREE,0.00024278163909912108,"[('Index Scan using idx_email_btree on user_app  (cost=0.25..8.27 rows=1 width=2088) (actual time=0.006..0.009 rows=1 loops=1)',), (""  Index Cond: ((email)::text = 'mhamjyvvmr@example.com'::text)"",), ('  Buffers: shared hit=3',), ('Planning Time: 0.023 ms',), ('Execution Time: 0.019 ms',)]"
892,HASH,0.0002156972885131836,"[('Index Scan using idx_email_hash on user_app  (cost=0.00..8.02 rows=1 width=2088) (actual time=0.005..0.009 rows=1 loops=1)',), (""  Index Cond: ((email)::text = 'dwoggmaeun@example.com'::text)"",), ('  Buffers: shared hit=2',), ('Planning Time: 0.026 ms',), ('Execution Time: 0.020 ms',)]"
893,No Index,0.0006508827209472656,"[('Index Scan using uniq_user_app_email on user_app  (cost=0.38..8.39 rows=1 width=2088) (actual time=0.019..0.025 rows=1 loops=1)',), (""  Index Cond: ((email)::text = 'pkbjlzrylj@example.com'::text)"",), ('  Buffers: shared hit=4',), ('Planning Time: 0.051 ms',), ('Execution Time: 0.045 ms',)]"
893,BTREE,0.00029528141021728516,"[('Index Scan using idx_email_btree on user_app  (cost=0.25..8.27 rows=1 width=2088) (actual time=0.007..0.009 rows=1 loops=1)',), (""  Index Cond: ((email)::text = 'nabqekyzjt@example.com'::text)"",), ('  Buffers: shared hit=3',), ('Planning Time: 0.024 ms',), ('Execution Time: 0.019 ms',)]"
893,HASH,0.0002595186233520508,"[('Index Scan using idx_email_hash on user_app  (cost=0.00..8.02 rows=1 width=2088) (actual time=0.004..0.007 rows=1 loops=1)',), (""  Index Cond: ((email)::text = 'dfmdnubshy@example.com'::text)"",), ('  Buffers: shared hit=3',), ('Planning Time: 0.020 ms',), ('Execution Time: 0.017 ms',)]"
894,No Index,0.00020802021026611328,"[('Index Scan using uniq_user_app_email on user_app  (cost=0.38..8.39 rows=1 width=2088) (actual time=0.007..0.009 rows=1 loops=1)',), (""  Index Cond: ((email)::text = 'gwzzjeyrww@example.com'::text)"",), ('  Buffers: shared hit=4',), ('Planning Time: 0.017 ms',), ('Execution Time: 0.021 ms',)]"
894,BTREE,0.00021021366119384767,"[('Index Scan using idx_email_btree on user_app  (cost=0.25..8.27 rows=1 width=2088) (actual time=0.006..0.008 rows=1 loops=1)',), (""  Index Cond: ((email)::text = 'hqryjiqffw@example.com'::text)"",), ('  Buffers: shared hit=3',), ('Planning Time: 0.020 ms',), ('Execution Time: 0.019 ms',)]"
894,HASH,0.00032150745391845703,"[('Index Scan using idx_email_hash on user_app  (cost=0.00..8.02 rows=1 width=2088) (actual time=0.005..0.008 rows=1 loops=1)',), (""  Index Cond: ((email)::text = 'veonvvcwiw@example.com'::text)"",), ('  Buffers: shared hit=2',), ('Planning Time: 0.023 ms',), ('Execution Time: 0.019 ms',)]"
895,No Index,0.0003337860107421875,"[('Index Scan using uniq_user_app_email on user_app  (cost=0.38..8.39 rows=1 width=2088) (actual time=0.008..0.011 rows=1 loops=1)',), (""  Index Cond: ((email)::text = 'csoglomimc@example.com'::text)"",), ('  Buffers: shared hit=4',), ('Planning Time: 0.020 ms',), ('Execution Time: 0.021 ms',)]"
895,BTREE,0.00019807815551757811,"[('Index Scan using idx_email_btree on user_app  (cost=0.25..8.27 rows=1 width=2088) (actual time=0.006..0.009 rows=1 loops=1)',), (""  Index Cond: ((email)::text = 'xvjlzemixl@example.com'::text)"",), ('  Buffers: shared hit=3',), ('Planning Time: 0.023 ms',), ('Execution Time: 0.020 ms',)]"
895,HASH,0.00036482810974121095,"[('Index Scan using idx_email_hash on user_app  (cost=0.00..8.02 rows=1 width=2088) (actual time=0.007..0.011 rows=1 loops=1)',), (""  Index Cond: ((email)::text = 'cpzwtyxafy@example.com'::text)"",), ('  Buffers: shared hit=3',), ('Planning Time: 0.038 ms',), ('Execution Time: 0.028 ms',)]"
896,No Index,0.00039076805114746094,"[('Index Scan using uniq_user_app_email on user_app  (cost=0.38..8.39 rows=1 width=2088) (actual time=0.013..0.017 rows=1 loops=1)',), (""  Index Cond: ((email)::text = 'ccwwkrjngh@example.com'::text)"",), ('  Buffers: shared hit=4',), ('Planning Time: 0.035 ms',), ('Execution Time: 0.033 ms',)]"
896,BTREE,0.00024268627166748046,"[('Index Scan using idx_email_btree on user_app  (cost=0.25..8.27 rows=1 width=2088) (actual time=0.005..0.009 rows=1 loops=1)',), (""  Index Cond: ((email)::text = 'nayykpjxbh@example.com'::text)"",), ('  Buffers: shared hit=3',), ('Planning Time: 0.019 ms',), ('Execution Time: 0.019 ms',)]"
896,HASH,0.000305485725402832,"[('Index Scan using idx_email_hash on user_app  (cost=0.00..8.02 rows=1 width=2088) (actual time=0.005..0.008 rows=1 loops=1)',), (""  Index Cond: ((email)::text = 'fazoqlzeso@example.com'::text)"",), ('  Buffers: shared hit=3',), ('Planning Time: 0.023 ms',), ('Execution Time: 0.020 ms',)]"
897,No Index,0.0003671884536743164,"[('Index Scan using uniq_user_app_email on user_app  (cost=0.38..8.39 rows=1 width=2088) (actual time=0.008..0.011 rows=1 loops=1)',), (""  Index Cond: ((email)::text = 'nwazfntyba@example.com'::text)"",), ('  Buffers: shared hit=4',), ('Planning Time: 0.020 ms',), ('Execution Time: 0.022 ms',)]"
897,BTREE,0.0005788803100585938,"[('Index Scan using idx_email_btree on user_app  (cost=0.25..8.27 rows=1 width=2088) (actual time=0.012..0.017 rows=1 loops=1)',), (""  Index Cond: ((email)::text = 'yfxowmwtxv@example.com'::text)"",), ('  Buffers: shared hit=3',), ('Planning Time: 0.051 ms',), ('Execution Time: 0.037 ms',)]"
897,HASH,0.00027210712432861327,"[('Index Scan using idx_email_hash on user_app  (cost=0.00..8.02 rows=1 width=2088) (actual time=0.004..0.007 rows=1 loops=1)',), (""  Index Cond: ((email)::text = 'fdogcpsrjx@example.com'::text)"",), ('  Buffers: shared hit=2',), ('Planning Time: 0.022 ms',), ('Execution Time: 0.018 ms',)]"
898,No Index,0.0004678964614868164,"[('Index Scan using uniq_user_app_email on user_app  (cost=0.38..8.39 rows=1 width=2088) (actual time=0.015..0.019 rows=1 loops=1)',), (""  Index Cond: ((email)::text = 'kublxmahts@example.com'::text)"",), ('  Buffers: shared hit=4',), ('Planning Time: 0.038 ms',), ('Execution Time: 0.036 ms',)]"
898,BTREE,0.0003557443618774414,"[('Index Scan using idx_email_btree on user_app  (cost=0.25..8.27 rows=1 width=2088) (actual time=0.013..0.017 rows=1 loops=1)',), (""  Index Cond: ((email)::text = 'bizyauweqd@example.com'::text)"",), ('  Buffers: shared hit=3',), ('Planning Time: 0.049 ms',), ('Execution Time: 0.034 ms',)]"
898,HASH,0.00025537014007568357,"[('Index Scan using idx_email_hash on user_app  (cost=0.00..8.02 rows=1 width=2088) (actual time=0.004..0.007 rows=1 loops=1)',), (""  Index Cond: ((email)::text = 'kiztifcxkh@example.com'::text)"",), ('  Buffers: shared hit=2',), ('Planning Time: 0.019 ms',), ('Execution Time: 0.017 ms',)]"
899,No Index,0.0005127906799316407,"[('Index Scan using uniq_user_app_email on user_app  (cost=0.38..8.39 rows=1 width=2088) (actual time=0.012..0.014 rows=1 loops=1)',), (""  Index Cond: ((email)::text = 'nzdbxqskka@example.com'::text)"",), ('  Buffers: shared hit=4',), ('Planning Time: 0.031 ms',), ('Execution Time: 0.026 ms',)]"
899,BTREE,0.00026721954345703124,"[('Index Scan using idx_email_btree on user_app  (cost=0.25..8.27 rows=1 width=2088) (actual time=0.007..0.010 rows=1 loops=1)',), (""  Index Cond: ((email)::text = 'peczhanjql@example.com'::text)"",), ('  Buffers: shared hit=3',), ('Planning Time: 0.027 ms',), ('Execution Time: 0.021 ms',)]"
899,HASH,0.00030059814453125,"[('Index Scan using idx_email_hash on user_app  (cost=0.00..8.02 rows=1 width=2088) (actual time=0.007..0.010 rows=1 loops=1)',), (""  Index Cond: ((email)::text = 'yhopngrfsk@example.com'::text)"",), ('  Buffers: shared hit=3',), ('Planning Time: 0.039 ms',), ('Execution Time: 0.027 ms',)]"
900,No Index,0.00019910335540771485,"[('Index Scan using uniq_user_app_email on user_app  (cost=0.38..8.39 rows=1 width=2088) (actual time=0.009..0.013 rows=1 loops=1)',), (""  Index Cond: ((email)::text = 'pdpyjwelab@example.com'::text)"",), ('  Buffers: shared hit=4',), ('Planning Time: 0.020 ms',), ('Execution Time: 0.025 ms',)]"
900,BTREE,0.00019974708557128905,"[('Index Scan using idx_email_btree on user_app  (cost=0.25..8.27 rows=1 width=2088) (actual time=0.005..0.008 rows=1 loops=1)',), (""  Index Cond: ((email)::text = 'tbvrdnxpvf@example.com'::text)"",), ('  Buffers: shared hit=3',), ('Planning Time: 0.020 ms',), ('Execution Time: 0.018 ms',)]"
900,HASH,0.00026109218597412107,"[('Index Scan using idx_email_hash on user_app  (cost=0.00..8.02 rows=1 width=2088) (actual time=0.004..0.007 rows=1 loops=1)',), (""  Index Cond: ((email)::text = 'ymwgxtaxee@example.com'::text)"",), ('  Buffers: shared hit=2',), ('Planning Time: 0.022 ms',), ('Execution Time: 0.019 ms',)]"
901,No Index,0.0002526760101318359,"[('Index Scan using uniq_user_app_email on user_app  (cost=0.38..8.39 rows=1 width=2088) (actual time=0.007..0.010 rows=1 loops=1)',), (""  Index Cond: ((email)::text = 'htgeqqfuhs@example.com'::text)"",), ('  Buffers: shared hit=4',), ('Planning Time: 0.020 ms',), ('Execution Time: 0.022 ms',)]"
901,BTREE,0.0003135204315185547,"[('Index Scan using idx_email_btree on user_app  (cost=0.25..8.27 rows=1 width=2088) (actual time=0.007..0.009 rows=1 loops=1)',), (""  Index Cond: ((email)::text = 'bhnxnyopem@example.com'::text)"",), ('  Buffers: shared hit=3',), ('Planning Time: 0.023 ms',), ('Execution Time: 0.020 ms',)]"
901,HASH,0.0002773284912109375,"[('Index Scan using idx_email_hash on user_app  (cost=0.00..8.02 rows=1 width=2088) (actual time=0.005..0.009 rows=1 loops=1)',), (""  Index Cond: ((email)::text = 'fhqiggoxnt@example.com'::text)"",), ('  Buffers: shared hit=3',), ('Planning Time: 0.023 ms',), ('Execution Time: 0.019 ms',)]"
902,No Index,0.00026769638061523436,"[('Index Scan using uniq_user_app_email on user_app  (cost=0.38..8.39 rows=1 width=2088) (actual time=0.008..0.010 rows=1 loops=1)',), (""  Index Cond: ((email)::text = 'tbxnbuvutw@example.com'::text)"",), ('  Buffers: shared hit=4',), ('Planning Time: 0.020 ms',), ('Execution Time: 0.021 ms',)]"
902,BTREE,0.0002607583999633789,"[('Index Scan using idx_email_btree on user_app  (cost=0.25..8.27 rows=1 width=2088) (actual time=0.005..0.008 rows=1 loops=1)',), (""  Index Cond: ((email)::text = 'pqknnwxmgx@example.com'::text)"",), ('  Buffers: shared hit=3',), ('Planning Time: 0.019 ms',), ('Execution Time: 0.019 ms',)]"
902,HASH,0.00041065216064453127,"[('Index Scan using idx_email_hash on user_app  (cost=0.00..8.02 rows=1 width=2088) (actual time=0.004..0.007 rows=1 loops=1)',), (""  Index Cond: ((email)::text = 'phjeyedbix@example.com'::text)"",), ('  Buffers: shared hit=3',), ('Planning Time: 0.020 ms',), ('Execution Time: 0.017 ms',)]"
903,No Index,0.00029566287994384763,"[('Index Scan using uniq_user_app_email on user_app  (cost=0.38..8.39 rows=1 width=2088) (actual time=0.009..0.012 rows=1 loops=1)',), (""  Index Cond: ((email)::text = 'ysxfrodcpm@example.com'::text)"",), ('  Buffers: shared hit=4',), ('Planning Time: 0.023 ms',), ('Execution Time: 0.023 ms',)]"
903,BTREE,0.00021440982818603515,"[('Index Scan using idx_email_btree on user_app  (cost=0.25..8.27 rows=1 width=2088) (actual time=0.005..0.009 rows=1 loops=1)',), (""  Index Cond: ((email)::text = 'rhomdmfoiu@example.com'::text)"",), ('  Buffers: shared hit=3',), ('Planning Time: 0.020 ms',), ('Execution Time: 0.020 ms',)]"
903,HASH,0.0001978635787963867,"[('Index Scan using idx_email_hash on user_app  (cost=0.00..8.02 rows=1 width=2088) (actual time=0.004..0.007 rows=1 loops=1)',), (""  Index Cond: ((email)::text = 'shzfwtradj@example.com'::text)"",), ('  Buffers: shared hit=2',), ('Planning Time: 0.022 ms',), ('Execution Time: 0.016 ms',)]"
904,No Index,0.0002718210220336914,"[('Index Scan using uniq_user_app_email on user_app  (cost=0.38..8.39 rows=1 width=2088) (actual time=0.008..0.010 rows=1 loops=1)',), (""  Index Cond: ((email)::text = 'bmcmdogxqr@example.com'::text)"",), ('  Buffers: shared hit=4',), ('Planning Time: 0.019 ms',), ('Execution Time: 0.022 ms',)]"
904,BTREE,0.0002711772918701172,"[('Index Scan using idx_email_btree on user_app  (cost=0.25..8.27 rows=1 width=2088) (actual time=0.010..0.013 rows=1 loops=1)',), (""  Index Cond: ((email)::text = 'jzzlukfejc@example.com'::text)"",), ('  Buffers: shared hit=3',), ('Planning Time: 0.039 ms',), ('Execution Time: 0.026 ms',)]"
904,HASH,0.00025157928466796876,"[('Index Scan using idx_email_hash on user_app  (cost=0.00..8.02 rows=1 width=2088) (actual time=0.004..0.007 rows=1 loops=1)',), (""  Index Cond: ((email)::text = 'mviqngubga@example.com'::text)"",), ('  Buffers: shared hit=2',), ('Planning Time: 0.019 ms',), ('Execution Time: 0.017 ms',)]"
905,No Index,0.00029129981994628905,"[('Index Scan using uniq_user_app_email on user_app  (cost=0.38..8.39 rows=1 width=2088) (actual time=0.009..0.011 rows=1 loops=1)',), (""  Index Cond: ((email)::text = 'izkpinhyce@example.com'::text)"",), ('  Buffers: shared hit=4',), ('Planning Time: 0.022 ms',), ('Execution Time: 0.023 ms',)]"
905,BTREE,0.0003437042236328125,"[('Index Scan using idx_email_btree on user_app  (cost=0.25..8.27 rows=1 width=2088) (actual time=0.006..0.008 rows=1 loops=1)',), (""  Index Cond: ((email)::text = 'fpucqocdfw@example.com'::text)"",), ('  Buffers: shared hit=3',), ('Planning Time: 0.022 ms',), ('Execution Time: 0.022 ms',)]"
905,HASH,0.00026404857635498047,"[('Index Scan using idx_email_hash on user_app  (cost=0.00..8.02 rows=1 width=2088) (actual time=0.004..0.007 rows=1 loops=1)',), (""  Index Cond: ((email)::text = 'orlcuigqjx@example.com'::text)"",), ('  Buffers: shared hit=2',), ('Planning Time: 0.022 ms',), ('Execution Time: 0.018 ms',)]"
906,No Index,0.0001966714859008789,"[('Index Scan using uniq_user_app_email on user_app  (cost=0.38..8.39 rows=1 width=2088) (actual time=0.007..0.009 rows=1 loops=1)',), (""  Index Cond: ((email)::text = 'wjgkvqqtfm@example.com'::text)"",), ('  Buffers: shared hit=4',), ('Planning Time: 0.017 ms',), ('Execution Time: 0.020 ms',)]"
906,BTREE,0.0004777431488037109,"[('Index Scan using idx_email_btree on user_app  (cost=0.25..8.27 rows=1 width=2088) (actual time=0.021..0.026 rows=1 loops=1)',), (""  Index Cond: ((email)::text = 'pefgsbdwaf@example.com'::text)"",), ('  Buffers: shared hit=3',), ('Planning Time: 0.088 ms',), ('Execution Time: 0.049 ms',)]"
906,HASH,0.00026154518127441406,"[('Index Scan using idx_email_hash on user_app  (cost=0.00..8.02 rows=1 width=2088) (actual time=0.004..0.007 rows=1 loops=1)',), (""  Index Cond: ((email)::text = 'fnyqtqvkdv@example.com'::text)"",), ('  Buffers: shared hit=2',), ('Planning Time: 0.024 ms',), ('Execution Time: 0.020 ms',)]"
907,No Index,0.00026061534881591795,"[('Index Scan using uniq_user_app_email on user_app  (cost=0.38..8.39 rows=1 width=2088) (actual time=0.007..0.010 rows=1 loops=1)',), (""  Index Cond: ((email)::text = 'axrotqdrbo@example.com'::text)"",), ('  Buffers: shared hit=4',), ('Planning Time: 0.017 ms',), ('Execution Time: 0.021 ms',)]"
907,BTREE,0.00028631687164306643,"[('Index Scan using idx_email_btree on user_app  (cost=0.25..8.27 rows=1 width=2088) (actual time=0.006..0.009 rows=1 loops=1)',), (""  Index Cond: ((email)::text = 'jllbatuzfj@example.com'::text)"",), ('  Buffers: shared hit=3',), ('Planning Time: 0.019 ms',), ('Execution Time: 0.019 ms',)]"
907,HASH,0.0003001689910888672,"[('Index Scan using idx_email_hash on user_app  (cost=0.00..8.02 rows=1 width=2088) (actual time=0.010..0.015 rows=1 loops=1)',), (""  Index Cond: ((email)::text = 'udhbrpzuer@example.com'::text)"",), ('  Buffers: shared hit=2',), ('Planning Time: 0.058 ms',), ('Execution Time: 0.037 ms',)]"
908,No Index,0.0005858659744262696,"[('Index Scan using uniq_user_app_email on user_app  (cost=0.38..8.39 rows=1 width=2088) (actual time=0.019..0.023 rows=1 loops=1)',), (""  Index Cond: ((email)::text = 'lcwnlmlxru@example.com'::text)"",), ('  Buffers: shared hit=4',), ('Planning Time: 0.048 ms',), ('Execution Time: 0.043 ms',)]"
908,BTREE,0.00019528865814208985,"[('Index Scan using idx_email_btree on user_app  (cost=0.25..8.27 rows=1 width=2088) (actual time=0.005..0.008 rows=1 loops=1)',), (""  Index Cond: ((email)::text = 'dbccnvmkml@example.com'::text)"",), ('  Buffers: shared hit=3',), ('Planning Time: 0.019 ms',), ('Execution Time: 0.018 ms',)]"
908,HASH,0.0004218101501464844,"[('Index Scan using idx_email_hash on user_app  (cost=0.00..8.02 rows=1 width=2088) (actual time=0.014..0.021 rows=1 loops=1)',), (""  Index Cond: ((email)::text = 'fzvalxgcwg@example.com'::text)"",), ('  Buffers: shared hit=3',), ('Planning Time: 0.075 ms',), ('Execution Time: 0.043 ms',)]"
909,No Index,0.0006786108016967774,"[('Index Scan using uniq_user_app_email on user_app  (cost=0.38..8.39 rows=1 width=2088) (actual time=0.010..0.013 rows=1 loops=1)',), (""  Index Cond: ((email)::text = 'fcpdegnlvm@example.com'::text)"",), ('  Buffers: shared hit=4',), ('Planning Time: 0.027 ms',), ('Execution Time: 0.029 ms',)]"
909,BTREE,0.0002351045608520508,"[('Index Scan using idx_email_btree on user_app  (cost=0.25..8.27 rows=1 width=2088) (actual time=0.005..0.007 rows=1 loops=1)',), (""  Index Cond: ((email)::text = 'hqnqxqunoh@example.com'::text)"",), ('  Buffers: shared hit=3',), ('Planning Time: 0.019 ms',), ('Execution Time: 0.018 ms',)]"
909,HASH,0.00019347667694091797,"[('Index Scan using idx_email_hash on user_app  (cost=0.00..8.02 rows=1 width=2088) (actual time=0.003..0.007 rows=1 loops=1)',), (""  Index Cond: ((email)::text = 'ogocaryqyj@example.com'::text)"",), ('  Buffers: shared hit=2',), ('Planning Time: 0.019 ms',), ('Execution Time: 0.017 ms',)]"
910,No Index,0.0002558469772338867,"[('Index Scan using uniq_user_app_email on user_app  (cost=0.38..8.39 rows=1 width=2088) (actual time=0.007..0.009 rows=1 loops=1)',), (""  Index Cond: ((email)::text = 'dfdpahumed@example.com'::text)"",), ('  Buffers: shared hit=4',), ('Planning Time: 0.018 ms',), ('Execution Time: 0.019 ms',)]"
910,BTREE,0.00026760101318359377,"[('Index Scan using idx_email_btree on user_app  (cost=0.25..8.27 rows=1 width=2088) (actual time=0.007..0.010 rows=1 loops=1)',), (""  Index Cond: ((email)::text = 'mznxvgkqoy@example.com'::text)"",), ('  Buffers: shared hit=3',), ('Planning Time: 0.027 ms',), ('Execution Time: 0.022 ms',)]"
910,HASH,0.00026111602783203126,"[('Index Scan using idx_email_hash on user_app  (cost=0.00..8.02 rows=1 width=2088) (actual time=0.004..0.008 rows=1 loops=1)',), (""  Index Cond: ((email)::text = 'ykkuehipoo@example.com'::text)"",), ('  Buffers: shared hit=2',), ('Planning Time: 0.022 ms',), ('Execution Time: 0.018 ms',)]"
911,No Index,0.0002963781356811523,"[('Index Scan using uniq_user_app_email on user_app  (cost=0.38..8.39 rows=1 width=2088) (actual time=0.021..0.026 rows=1 loops=1)',), (""  Index Cond: ((email)::text = 'oeunfymles@example.com'::text)"",), ('  Buffers: shared hit=4',), ('Planning Time: 0.053 ms',), ('Execution Time: 0.049 ms',)]"
911,BTREE,0.0002552032470703125,"[('Index Scan using idx_email_btree on user_app  (cost=0.25..8.27 rows=1 width=2088) (actual time=0.006..0.008 rows=1 loops=1)',), (""  Index Cond: ((email)::text = 'qjtjvteykn@example.com'::text)"",), ('  Buffers: shared hit=3',), ('Planning Time: 0.019 ms',), ('Execution Time: 0.019 ms',)]"
911,HASH,0.00047342777252197267,"[('Index Scan using idx_email_hash on user_app  (cost=0.00..8.02 rows=1 width=2088) (actual time=0.005..0.008 rows=1 loops=1)',), (""  Index Cond: ((email)::text = 'awbkvfkaaz@example.com'::text)"",), ('  Buffers: shared hit=3',), ('Planning Time: 0.023 ms',), ('Execution Time: 0.020 ms',)]"
912,No Index,0.00037775039672851565,"[('Index Scan using uniq_user_app_email on user_app  (cost=0.38..8.39 rows=1 width=2088) (actual time=0.021..0.025 rows=1 loops=1)',), (""  Index Cond: ((email)::text = 'qdepysnlpu@example.com'::text)"",), ('  Buffers: shared hit=4',), ('Planning Time: 0.057 ms',), ('Execution Time: 0.045 ms',)]"
912,BTREE,0.00027620792388916016,"[('Index Scan using idx_email_btree on user_app  (cost=0.25..8.27 rows=1 width=2088) (actual time=0.008..0.011 rows=1 loops=1)',), (""  Index Cond: ((email)::text = 'bdbvcmdemg@example.com'::text)"",), ('  Buffers: shared hit=3',), ('Planning Time: 0.029 ms',), ('Execution Time: 0.022 ms',)]"
912,HASH,0.0002981424331665039,"[('Index Scan using idx_email_hash on user_app  (cost=0.00..8.02 rows=1 width=2088) (actual time=0.005..0.008 rows=1 loops=1)',), (""  Index Cond: ((email)::text = 'uxtdmjuuvx@example.com'::text)"",), ('  Buffers: shared hit=2',), ('Planning Time: 0.028 ms',), ('Execution Time: 0.019 ms',)]"
913,No Index,0.0005446434020996094,"[('Index Scan using uniq_user_app_email on user_app  (cost=0.38..8.39 rows=1 width=2088) (actual time=0.017..0.022 rows=1 loops=1)',), (""  Index Cond: ((email)::text = 'bizvgjqxxd@example.com'::text)"",), ('  Buffers: shared hit=4',), ('Planning Time: 0.046 ms',), ('Execution Time: 0.042 ms',)]"
913,BTREE,0.0003424644470214844,"[('Index Scan using idx_email_btree on user_app  (cost=0.25..8.27 rows=1 width=2088) (actual time=0.006..0.009 rows=1 loops=1)',), (""  Index Cond: ((email)::text = 'sjfkcedmvs@example.com'::text)"",), ('  Buffers: shared hit=3',), ('Planning Time: 0.021 ms',), ('Execution Time: 0.019 ms',)]"
913,HASH,0.00028281211853027345,"[('Index Scan using idx_email_hash on user_app  (cost=0.00..8.02 rows=1 width=2088) (actual time=0.005..0.009 rows=1 loops=1)',), (""  Index Cond: ((email)::text = 'xkktvgfuln@example.com'::text)"",), ('  Buffers: shared hit=3',), ('Planning Time: 0.023 ms',), ('Execution Time: 0.019 ms',)]"
914,No Index,0.0003022670745849609,"[('Index Scan using uniq_user_app_email on user_app  (cost=0.38..8.39 rows=1 width=2088) (actual time=0.007..0.009 rows=1 loops=1)',), (""  Index Cond: ((email)::text = 'edqkjcnajm@example.com'::text)"",), ('  Buffers: shared hit=4',), ('Planning Time: 0.017 ms',), ('Execution Time: 0.020 ms',)]"
914,BTREE,0.0002667665481567383,"[('Index Scan using idx_email_btree on user_app  (cost=0.25..8.27 rows=1 width=2088) (actual time=0.006..0.008 rows=1 loops=1)',), (""  Index Cond: ((email)::text = 'ttcgeoemsh@example.com'::text)"",), ('  Buffers: shared hit=3',), ('Planning Time: 0.019 ms',), ('Execution Time: 0.019 ms',)]"
914,HASH,0.0004689216613769531,"[('Index Scan using idx_email_hash on user_app  (cost=0.00..8.02 rows=1 width=2088) (actual time=0.008..0.013 rows=1 loops=1)',), (""  Index Cond: ((email)::text = 'iekhcutpxt@example.com'::text)"",), ('  Buffers: shared hit=2',), ('Planning Time: 0.049 ms',), ('Execution Time: 0.032 ms',)]"
915,No Index,0.000290369987487793,"[('Index Scan using uniq_user_app_email on user_app  (cost=0.38..8.39 rows=1 width=2088) (actual time=0.008..0.011 rows=1 loops=1)',), (""  Index Cond: ((email)::text = 'fjutlplkws@example.com'::text)"",), ('  Buffers: shared hit=4',), ('Planning Time: 0.024 ms',), ('Execution Time: 0.022 ms',)]"
915,BTREE,0.00025115013122558596,"[('Index Scan using idx_email_btree on user_app  (cost=0.25..8.27 rows=1 width=2088) (actual time=0.005..0.008 rows=1 loops=1)',), (""  Index Cond: ((email)::text = 'tgrnvtdmyb@example.com'::text)"",), ('  Buffers: shared hit=3',), ('Planning Time: 0.019 ms',), ('Execution Time: 0.018 ms',)]"
915,HASH,0.00031816959381103516,"[('Index Scan using idx_email_hash on user_app  (cost=0.00..8.02 rows=1 width=2088) (actual time=0.008..0.010 rows=1 loops=1)',), (""  Index Cond: ((email)::text = 'lcpufpbnge@example.com'::text)"",), ('  Buffers: shared hit=2',), ('Planning Time: 0.034 ms',), ('Execution Time: 0.024 ms',)]"
916,No Index,0.0005143404006958008,"[('Index Scan using uniq_user_app_email on user_app  (cost=0.38..8.39 rows=1 width=2088) (actual time=0.018..0.023 rows=1 loops=1)',), (""  Index Cond: ((email)::text = 'znulusgmrn@example.com'::text)"",), ('  Buffers: shared hit=4',), ('Planning Time: 0.050 ms',), ('Execution Time: 0.044 ms',)]"
916,BTREE,0.0002680778503417969,"[('Index Scan using idx_email_btree on user_app  (cost=0.25..8.27 rows=1 width=2088) (actual time=0.007..0.009 rows=1 loops=1)',), (""  Index Cond: ((email)::text = 'mpuiecbrdu@example.com'::text)"",), ('  Buffers: shared hit=3',), ('Planning Time: 0.024 ms',), ('Execution Time: 0.021 ms',)]"
916,HASH,0.00022327899932861328,"[('Index Scan using idx_email_hash on user_app  (cost=0.00..8.02 rows=1 width=2088) (actual time=0.005..0.009 rows=1 loops=1)',), (""  Index Cond: ((email)::text = 'gaotjkudvz@example.com'::text)"",), ('  Buffers: shared hit=3',), ('Planning Time: 0.028 ms',), ('Execution Time: 0.020 ms',)]"
917,No Index,0.0002963781356811523,"[('Index Scan using uniq_user_app_email on user_app  (cost=0.38..8.39 rows=1 width=2088) (actual time=0.007..0.010 rows=1 loops=1)',), (""  Index Cond: ((email)::text = 'vcrhxtpcut@example.com'::text)"",), ('  Buffers: shared hit=4',), ('Planning Time: 0.017 ms',), ('Execution Time: 0.020 ms',)]"
917,BTREE,0.00025918483734130857,"[('Index Scan using idx_email_btree on user_app  (cost=0.25..8.27 rows=1 width=2088) (actual time=0.004..0.008 rows=1 loops=1)',), (""  Index Cond: ((email)::text = 'bciqzcfbow@example.com'::text)"",), ('  Buffers: shared hit=3',), ('Planning Time: 0.019 ms',), ('Execution Time: 0.018 ms',)]"
917,HASH,0.00025403499603271484,"[('Index Scan using idx_email_hash on user_app  (cost=0.00..8.02 rows=1 width=2088) (actual time=0.004..0.007 rows=1 loops=1)',), (""  Index Cond: ((email)::text = 'krzdekipfc@example.com'::text)"",), ('  Buffers: shared hit=3',), ('Planning Time: 0.019 ms',), ('Execution Time: 0.018 ms',)]"
918,No Index,0.0004727602005004883,"[('Index Scan using uniq_user_app_email on user_app  (cost=0.38..8.39 rows=1 width=2088) (actual time=0.017..0.022 rows=1 loops=1)',), (""  Index Cond: ((email)::text = 'egrkdpyqwf@example.com'::text)"",), ('  Buffers: shared hit=4',), ('Planning Time: 0.045 ms',), ('Execution Time: 0.041 ms',)]"
918,BTREE,0.0005669355392456055,"[('Index Scan using idx_email_btree on user_app  (cost=0.25..8.27 rows=1 width=2088) (actual time=0.016..0.021 rows=1 loops=1)',), (""  Index Cond: ((email)::text = 'wapynpqowp@example.com'::text)"",), ('  Buffers: shared hit=3',), ('Planning Time: 0.066 ms',), ('Execution Time: 0.043 ms',)]"
918,HASH,0.0002808094024658203,"[('Index Scan using idx_email_hash on user_app  (cost=0.00..8.02 rows=1 width=2088) (actual time=0.005..0.008 rows=1 loops=1)',), (""  Index Cond: ((email)::text = 'jvxmfsfuwo@example.com'::text)"",), ('  Buffers: shared hit=3',), ('Planning Time: 0.023 ms',), ('Execution Time: 0.020 ms',)]"
919,No Index,0.0007258892059326172,"[('Index Scan using uniq_user_app_email on user_app  (cost=0.38..8.39 rows=1 width=2088) (actual time=0.023..0.028 rows=1 loops=1)',), (""  Index Cond: ((email)::text = 'lloxdsqwbg@example.com'::text)"",), ('  Buffers: shared hit=4',), ('Planning Time: 0.059 ms',), ('Execution Time: 0.051 ms',)]"
919,BTREE,0.0002567529678344727,"[('Index Scan using idx_email_btree on user_app  (cost=0.25..8.27 rows=1 width=2088) (actual time=0.006..0.008 rows=1 loops=1)',), (""  Index Cond: ((email)::text = 'bbhyyjpjkh@example.com'::text)"",), ('  Buffers: shared hit=3',), ('Planning Time: 0.020 ms',), ('Execution Time: 0.018 ms',)]"
919,HASH,0.000255274772644043,"[('Index Scan using idx_email_hash on user_app  (cost=0.00..8.02 rows=1 width=2088) (actual time=0.004..0.007 rows=1 loops=1)',), (""  Index Cond: ((email)::text = 'tpsdibmgij@example.com'::text)"",), ('  Buffers: shared hit=2',), ('Planning Time: 0.020 ms',), ('Execution Time: 0.017 ms',)]"
920,No Index,0.00021822452545166015,"[('Index Scan using uniq_user_app_email on user_app  (cost=0.38..8.39 rows=1 width=2088) (actual time=0.008..0.011 rows=1 loops=1)',), (""  Index Cond: ((email)::text = 'ovqqzzbkzh@example.com'::text)"",), ('  Buffers: shared hit=4',), ('Planning Time: 0.021 ms',), ('Execution Time: 0.022 ms',)]"
920,BTREE,0.00027325153350830076,"[('Index Scan using idx_email_btree on user_app  (cost=0.25..8.27 rows=1 width=2088) (actual time=0.006..0.009 rows=1 loops=1)',), (""  Index Cond: ((email)::text = 'rewqopfftw@example.com'::text)"",), ('  Buffers: shared hit=3',), ('Planning Time: 0.019 ms',), ('Execution Time: 0.019 ms',)]"
920,HASH,0.00025327205657958983,"[('Index Scan using idx_email_hash on user_app  (cost=0.00..8.02 rows=1 width=2088) (actual time=0.003..0.006 rows=1 loops=1)',), (""  Index Cond: ((email)::text = 'cnkejbystq@example.com'::text)"",), ('  Buffers: shared hit=3',), ('Planning Time: 0.019 ms',), ('Execution Time: 0.017 ms',)]"
921,No Index,0.00025272369384765625,"[('Index Scan using uniq_user_app_email on user_app  (cost=0.38..8.39 rows=1 width=2088) (actual time=0.007..0.009 rows=1 loops=1)',), (""  Index Cond: ((email)::text = 'syluzksiuw@example.com'::text)"",), ('  Buffers: shared hit=4',), ('Planning Time: 0.018 ms',), ('Execution Time: 0.020 ms',)]"
921,BTREE,0.00030126571655273435,"[('Index Scan using idx_email_btree on user_app  (cost=0.25..8.27 rows=1 width=2088) (actual time=0.007..0.009 rows=1 loops=1)',), (""  Index Cond: ((email)::text = 'hgwqxeuivq@example.com'::text)"",), ('  Buffers: shared hit=3',), ('Planning Time: 0.023 ms',), ('Execution Time: 0.020 ms',)]"
921,HASH,0.0002669811248779297,"[('Index Scan using idx_email_hash on user_app  (cost=0.00..8.02 rows=1 width=2088) (actual time=0.003..0.007 rows=1 loops=1)',), (""  Index Cond: ((email)::text = 'hfiezwctje@example.com'::text)"",), ('  Buffers: shared hit=2',), ('Planning Time: 0.022 ms',), ('Execution Time: 0.017 ms',)]"
922,No Index,0.0002713918685913086,"[('Index Scan using uniq_user_app_email on user_app  (cost=0.38..8.39 rows=1 width=2088) (actual time=0.009..0.012 rows=1 loops=1)',), (""  Index Cond: ((email)::text = 'cfahygtnbs@example.com'::text)"",), ('  Buffers: shared hit=4',), ('Planning Time: 0.021 ms',), ('Execution Time: 0.023 ms',)]"
922,BTREE,0.0003616809844970703,"[('Index Scan using idx_email_btree on user_app  (cost=0.25..8.27 rows=1 width=2088) (actual time=0.010..0.014 rows=1 loops=1)',), (""  Index Cond: ((email)::text = 'okjqlcgmvz@example.com'::text)"",), ('  Buffers: shared hit=3',), ('Planning Time: 0.039 ms',), ('Execution Time: 0.031 ms',)]"
922,HASH,0.00025937557220458987,"[('Index Scan using idx_email_hash on user_app  (cost=0.00..8.02 rows=1 width=2088) (actual time=0.004..0.007 rows=1 loops=1)',), (""  Index Cond: ((email)::text = 'zhrpdvoqiw@example.com'::text)"",), ('  Buffers: shared hit=2',), ('Planning Time: 0.022 ms',), ('Execution Time: 0.019 ms',)]"
923,No Index,0.0002648353576660156,"[('Index Scan using uniq_user_app_email on user_app  (cost=0.38..8.39 rows=1 width=2088) (actual time=0.008..0.011 rows=1 loops=1)',), (""  Index Cond: ((email)::text = 'mlsdfmrkre@example.com'::text)"",), ('  Buffers: shared hit=4',), ('Planning Time: 0.019 ms',), ('Execution Time: 0.021 ms',)]"
923,BTREE,0.0002897977828979492,"[('Index Scan using idx_email_btree on user_app  (cost=0.25..8.27 rows=1 width=2088) (actual time=0.006..0.010 rows=1 loops=1)',), (""  Index Cond: ((email)::text = 'emdlfjyjsz@example.com'::text)"",), ('  Buffers: shared hit=3',), ('Planning Time: 0.023 ms',), ('Execution Time: 0.020 ms',)]"
923,HASH,0.0003069400787353516,"[('Index Scan using idx_email_hash on user_app  (cost=0.00..8.02 rows=1 width=2088) (actual time=0.005..0.008 rows=1 loops=1)',), (""  Index Cond: ((email)::text = 'vbckuxvcgc@example.com'::text)"",), ('  Buffers: shared hit=2',), ('Planning Time: 0.020 ms',), ('Execution Time: 0.018 ms',)]"
924,No Index,0.00047559738159179686,"[('Index Scan using uniq_user_app_email on user_app  (cost=0.38..8.39 rows=1 width=2088) (actual time=0.008..0.010 rows=1 loops=1)',), (""  Index Cond: ((email)::text = 'ysmzuvirqq@example.com'::text)"",), ('  Buffers: shared hit=4',), ('Planning Time: 0.022 ms',), ('Execution Time: 0.022 ms',)]"
924,BTREE,0.0004434823989868164,"[('Index Scan using idx_email_btree on user_app  (cost=0.25..8.27 rows=1 width=2088) (actual time=0.007..0.010 rows=1 loops=1)',), (""  Index Cond: ((email)::text = 'vbuwpzzvtz@example.com'::text)"",), ('  Buffers: shared hit=3',), ('Planning Time: 0.025 ms',), ('Execution Time: 0.021 ms',)]"
924,HASH,0.00043549537658691404,"[('Index Scan using idx_email_hash on user_app  (cost=0.00..8.02 rows=1 width=2088) (actual time=0.007..0.011 rows=1 loops=1)',), (""  Index Cond: ((email)::text = 'izvbiurzwj@example.com'::text)"",), ('  Buffers: shared hit=2',), ('Planning Time: 0.041 ms',), ('Execution Time: 0.028 ms',)]"
925,No Index,0.0002991676330566406,"[('Index Scan using uniq_user_app_email on user_app  (cost=0.38..8.39 rows=1 width=2088) (actual time=0.009..0.011 rows=1 loops=1)',), (""  Index Cond: ((email)::text = 'glxtytalwv@example.com'::text)"",), ('  Buffers: shared hit=4',), ('Planning Time: 0.021 ms',), ('Execution Time: 0.023 ms',)]"
925,BTREE,0.0002871274948120117,"[('Index Scan using idx_email_btree on user_app  (cost=0.25..8.27 rows=1 width=2088) (actual time=0.007..0.010 rows=1 loops=1)',), (""  Index Cond: ((email)::text = 'iekbqxvchk@example.com'::text)"",), ('  Buffers: shared hit=3',), ('Planning Time: 0.025 ms',), ('Execution Time: 0.021 ms',)]"
925,HASH,0.00025641918182373047,"[('Index Scan using idx_email_hash on user_app  (cost=0.00..8.02 rows=1 width=2088) (actual time=0.004..0.007 rows=1 loops=1)',), (""  Index Cond: ((email)::text = 'zeojjokttg@example.com'::text)"",), ('  Buffers: shared hit=2',), ('Planning Time: 0.019 ms',), ('Execution Time: 0.017 ms',)]"
926,No Index,0.00022356510162353517,"[('Index Scan using uniq_user_app_email on user_app  (cost=0.38..8.39 rows=1 width=2088) (actual time=0.007..0.010 rows=1 loops=1)',), (""  Index Cond: ((email)::text = 'wnqirrlrpn@example.com'::text)"",), ('  Buffers: shared hit=4',), ('Planning Time: 0.017 ms',), ('Execution Time: 0.021 ms',)]"
926,BTREE,0.00026123523712158204,"[('Index Scan using idx_email_btree on user_app  (cost=0.25..8.27 rows=1 width=2088) (actual time=0.005..0.008 rows=1 loops=1)',), (""  Index Cond: ((email)::text = 'etxytximwj@example.com'::text)"",), ('  Buffers: shared hit=3',), ('Planning Time: 0.019 ms',), ('Execution Time: 0.019 ms',)]"
926,HASH,0.00025784969329833984,"[('Index Scan using idx_email_hash on user_app  (cost=0.00..8.02 rows=1 width=2088) (actual time=0.005..0.008 rows=1 loops=1)',), (""  Index Cond: ((email)::text = 'zwoiaeybsn@example.com'::text)"",), ('  Buffers: shared hit=2',), ('Planning Time: 0.022 ms',), ('Execution Time: 0.018 ms',)]"
927,No Index,0.00027980804443359373,"[('Index Scan using uniq_user_app_email on user_app  (cost=0.38..8.39 rows=1 width=2088) (actual time=0.008..0.010 rows=1 loops=1)',), (""  Index Cond: ((email)::text = 'yjgrtxomko@example.com'::text)"",), ('  Buffers: shared hit=4',), ('Planning Time: 0.021 ms',), ('Execution Time: 0.022 ms',)]"
927,BTREE,0.00025327205657958983,"[('Index Scan using idx_email_btree on user_app  (cost=0.25..8.27 rows=1 width=2088) (actual time=0.006..0.008 rows=1 loops=1)',), (""  Index Cond: ((email)::text = 'wdsyrdcqyn@example.com'::text)"",), ('  Buffers: shared hit=3',), ('Planning Time: 0.019 ms',), ('Execution Time: 0.019 ms',)]"
927,HASH,0.0006345987319946289,"[('Index Scan using idx_email_hash on user_app  (cost=0.00..8.02 rows=1 width=2088) (actual time=0.012..0.017 rows=1 loops=1)',), (""  Index Cond: ((email)::text = 'wekqovnxux@example.com'::text)"",), ('  Buffers: shared hit=2',), ('Planning Time: 0.062 ms',), ('Execution Time: 0.039 ms',)]"
928,No Index,0.0002840757369995117,"[('Index Scan using uniq_user_app_email on user_app  (cost=0.38..8.39 rows=1 width=2088) (actual time=0.008..0.011 rows=1 loops=1)',), (""  Index Cond: ((email)::text = 'ndryizwulh@example.com'::text)"",), ('  Buffers: shared hit=4',), ('Planning Time: 0.021 ms',), ('Execution Time: 0.022 ms',)]"
928,BTREE,0.00027091503143310546,"[('Index Scan using idx_email_btree on user_app  (cost=0.25..8.27 rows=1 width=2088) (actual time=0.005..0.007 rows=1 loops=1)',), (""  Index Cond: ((email)::text = 'zxreskbnfz@example.com'::text)"",), ('  Buffers: shared hit=3',), ('Planning Time: 0.019 ms',), ('Execution Time: 0.018 ms',)]"
928,HASH,0.00025634765625,"[('Index Scan using idx_email_hash on user_app  (cost=0.00..8.02 rows=1 width=2088) (actual time=0.004..0.007 rows=1 loops=1)',), (""  Index Cond: ((email)::text = 'iqmowipkqa@example.com'::text)"",), ('  Buffers: shared hit=2',), ('Planning Time: 0.019 ms',), ('Execution Time: 0.017 ms',)]"
929,No Index,0.0002595663070678711,"[('Index Scan using uniq_user_app_email on user_app  (cost=0.38..8.39 rows=1 width=2088) (actual time=0.007..0.009 rows=1 loops=1)',), (""  Index Cond: ((email)::text = 'tdztmpwqob@example.com'::text)"",), ('  Buffers: shared hit=4',), ('Planning Time: 0.019 ms',), ('Execution Time: 0.020 ms',)]"
929,BTREE,0.00025899410247802733,"[('Index Scan using idx_email_btree on user_app  (cost=0.25..8.27 rows=1 width=2088) (actual time=0.006..0.008 rows=1 loops=1)',), (""  Index Cond: ((email)::text = 'qftiyrxeqi@example.com'::text)"",), ('  Buffers: shared hit=3',), ('Planning Time: 0.020 ms',), ('Execution Time: 0.019 ms',)]"
929,HASH,0.0002619028091430664,"[('Index Scan using idx_email_hash on user_app  (cost=0.00..8.02 rows=1 width=2088) (actual time=0.004..0.007 rows=1 loops=1)',), (""  Index Cond: ((email)::text = 'rqhvdpynwb@example.com'::text)"",), ('  Buffers: shared hit=2',), ('Planning Time: 0.019 ms',), ('Execution Time: 0.017 ms',)]"
930,No Index,0.0002747774124145508,"[('Index Scan using uniq_user_app_email on user_app  (cost=0.38..8.39 rows=1 width=2088) (actual time=0.007..0.010 rows=1 loops=1)',), (""  Index Cond: ((email)::text = 'ftqvioalpq@example.com'::text)"",), ('  Buffers: shared hit=4',), ('Planning Time: 0.017 ms',), ('Execution Time: 0.020 ms',)]"
930,BTREE,0.0002899169921875,"[('Index Scan using idx_email_btree on user_app  (cost=0.25..8.27 rows=1 width=2088) (actual time=0.007..0.009 rows=1 loops=1)',), (""  Index Cond: ((email)::text = 'jbebifsnbp@example.com'::text)"",), ('  Buffers: shared hit=3',), ('Planning Time: 0.023 ms',), ('Execution Time: 0.021 ms',)]"
930,HASH,0.0006303071975708007,"[('Index Scan using idx_email_hash on user_app  (cost=0.00..8.02 rows=1 width=2088) (actual time=0.010..0.015 rows=1 loops=1)',), (""  Index Cond: ((email)::text = 'vkfkzxrpvt@example.com'::text)"",), ('  Buffers: shared hit=2',), ('Planning Time: 0.057 ms',), ('Execution Time: 0.036 ms',)]"
931,No Index,0.0002847433090209961,"[('Index Scan using uniq_user_app_email on user_app  (cost=0.38..8.39 rows=1 width=2088) (actual time=0.008..0.011 rows=1 loops=1)',), (""  Index Cond: ((email)::text = 'efsrghifjl@example.com'::text)"",), ('  Buffers: shared hit=4',), ('Planning Time: 0.021 ms',), ('Execution Time: 0.023 ms',)]"
931,BTREE,0.0002563238143920898,"[('Index Scan using idx_email_btree on user_app  (cost=0.25..8.27 rows=1 width=2088) (actual time=0.005..0.008 rows=1 loops=1)',), (""  Index Cond: ((email)::text = 'ziaduglppd@example.com'::text)"",), ('  Buffers: shared hit=3',), ('Planning Time: 0.019 ms',), ('Execution Time: 0.018 ms',)]"
931,HASH,0.0004298686981201172,"[('Index Scan using idx_email_hash on user_app  (cost=0.00..8.02 rows=1 width=2088) (actual time=0.008..0.012 rows=1 loops=1)',), (""  Index Cond: ((email)::text = 'gfzoifcjwo@example.com'::text)"",), ('  Buffers: shared hit=2',), ('Planning Time: 0.041 ms',), ('Execution Time: 0.029 ms',)]"
932,No Index,0.00025482177734375,"[('Index Scan using uniq_user_app_email on user_app  (cost=0.38..8.39 rows=1 width=2088) (actual time=0.007..0.009 rows=1 loops=1)',), (""  Index Cond: ((email)::text = 'krwpudonvu@example.com'::text)"",), ('  Buffers: shared hit=4',), ('Planning Time: 0.017 ms',), ('Execution Time: 0.019 ms',)]"
932,BTREE,0.00029070377349853515,"[('Index Scan using idx_email_btree on user_app  (cost=0.25..8.27 rows=1 width=2088) (actual time=0.005..0.008 rows=1 loops=1)',), (""  Index Cond: ((email)::text = 'ubbxprizbs@example.com'::text)"",), ('  Buffers: shared hit=3',), ('Planning Time: 0.019 ms',), ('Execution Time: 0.018 ms',)]"
932,HASH,0.0002588033676147461,"[('Index Scan using idx_email_hash on user_app  (cost=0.00..8.02 rows=1 width=2088) (actual time=0.005..0.007 rows=1 loops=1)',), (""  Index Cond: ((email)::text = 'xoljhewhxf@example.com'::text)"",), ('  Buffers: shared hit=2',), ('Planning Time: 0.023 ms',), ('Execution Time: 0.019 ms',)]"
933,No Index,0.0005060434341430664,"[('Index Scan using uniq_user_app_email on user_app  (cost=0.38..8.39 rows=1 width=2088) (actual time=0.018..0.022 rows=1 loops=1)',), (""  Index Cond: ((email)::text = 'piufwdowka@example.com'::text)"",), ('  Buffers: shared hit=4',), ('Planning Time: 0.048 ms',), ('Execution Time: 0.043 ms',)]"
933,BTREE,0.0002635955810546875,"[('Index Scan using idx_email_btree on user_app  (cost=0.25..8.27 rows=1 width=2088) (actual time=0.006..0.009 rows=1 loops=1)',), (""  Index Cond: ((email)::text = 'fxhsrmbubl@example.com'::text)"",), ('  Buffers: shared hit=3',), ('Planning Time: 0.023 ms',), ('Execution Time: 0.020 ms',)]"
933,HASH,0.00026009082794189455,"[('Index Scan using idx_email_hash on user_app  (cost=0.00..8.02 rows=1 width=2088) (actual time=0.004..0.007 rows=1 loops=1)',), (""  Index Cond: ((email)::text = 'ohynxzfrna@example.com'::text)"",), ('  Buffers: shared hit=2',), ('Planning Time: 0.022 ms',), ('Execution Time: 0.018 ms',)]"
934,No Index,0.0002546548843383789,"[('Index Scan using uniq_user_app_email on user_app  (cost=0.38..8.39 rows=1 width=2088) (actual time=0.007..0.009 rows=1 loops=1)',), (""  Index Cond: ((email)::text = 'oywrcjgoar@example.com'::text)"",), ('  Buffers: shared hit=4',), ('Planning Time: 0.017 ms',), ('Execution Time: 0.020 ms',)]"
934,BTREE,0.00025653839111328125,"[('Index Scan using idx_email_btree on user_app  (cost=0.25..8.27 rows=1 width=2088) (actual time=0.005..0.008 rows=1 loops=1)',), (""  Index Cond: ((email)::text = 'gnhujsegyv@example.com'::text)"",), ('  Buffers: shared hit=3',), ('Planning Time: 0.020 ms',), ('Execution Time: 0.019 ms',)]"
934,HASH,0.00022656917572021483,"[('Index Scan using idx_email_hash on user_app  (cost=0.00..8.02 rows=1 width=2088) (actual time=0.010..0.013 rows=1 loops=1)',), (""  Index Cond: ((email)::text = 'gzsvkbthuy@example.com'::text)"",), ('  Buffers: shared hit=2',), ('Planning Time: 0.037 ms',), ('Execution Time: 0.027 ms',)]"
935,No Index,0.0002673149108886719,"[('Index Scan using uniq_user_app_email on user_app  (cost=0.38..8.39 rows=1 width=2088) (actual time=0.007..0.010 rows=1 loops=1)',), (""  Index Cond: ((email)::text = 'rsjflkaaak@example.com'::text)"",), ('  Buffers: shared hit=4',), ('Planning Time: 0.019 ms',), ('Execution Time: 0.021 ms',)]"
935,BTREE,0.00043818950653076174,"[('Index Scan using idx_email_btree on user_app  (cost=0.25..8.27 rows=1 width=2088) (actual time=0.010..0.014 rows=1 loops=1)',), (""  Index Cond: ((email)::text = 'kqvclbpist@example.com'::text)"",), ('  Buffers: shared hit=3',), ('Planning Time: 0.039 ms',), ('Execution Time: 0.032 ms',)]"
935,HASH,0.00025136470794677733,"[('Index Scan using idx_email_hash on user_app  (cost=0.00..8.02 rows=1 width=2088) (actual time=0.003..0.006 rows=1 loops=1)',), (""  Index Cond: ((email)::text = 'tpkwkdqgte@example.com'::text)"",), ('  Buffers: shared hit=2',), ('Planning Time: 0.019 ms',), ('Execution Time: 0.016 ms',)]"
936,No Index,0.0003415584564208984,"[('Index Scan using uniq_user_app_email on user_app  (cost=0.38..8.39 rows=1 width=2088) (actual time=0.008..0.011 rows=1 loops=1)',), (""  Index Cond: ((email)::text = 'krpduzctxs@example.com'::text)"",), ('  Buffers: shared hit=4',), ('Planning Time: 0.021 ms',), ('Execution Time: 0.022 ms',)]"
936,BTREE,0.00026240348815917967,"[('Index Scan using idx_email_btree on user_app  (cost=0.25..8.27 rows=1 width=2088) (actual time=0.006..0.009 rows=1 loops=1)',), (""  Index Cond: ((email)::text = 'emwbjxfudp@example.com'::text)"",), ('  Buffers: shared hit=3',), ('Planning Time: 0.019 ms',), ('Execution Time: 0.019 ms',)]"
936,HASH,0.0005005359649658203,"[('Index Scan using idx_email_hash on user_app  (cost=0.00..8.02 rows=1 width=2088) (actual time=0.009..0.013 rows=1 loops=1)',), (""  Index Cond: ((email)::text = 'rgvcytdnlk@example.com'::text)"",), ('  Buffers: shared hit=2',), ('Planning Time: 0.048 ms',), ('Execution Time: 0.032 ms',)]"
937,No Index,0.0002858161926269531,"[('Index Scan using uniq_user_app_email on user_app  (cost=0.38..8.39 rows=1 width=2088) (actual time=0.007..0.009 rows=1 loops=1)',), (""  Index Cond: ((email)::text = 'ushynuyufz@example.com'::text)"",), ('  Buffers: shared hit=4',), ('Planning Time: 0.017 ms',), ('Execution Time: 0.020 ms',)]"
937,BTREE,0.0002649784088134766,"[('Index Scan using idx_email_btree on user_app  (cost=0.25..8.27 rows=1 width=2088) (actual time=0.006..0.009 rows=1 loops=1)',), (""  Index Cond: ((email)::text = 'qqbcvwpyig@example.com'::text)"",), ('  Buffers: shared hit=3',), ('Planning Time: 0.022 ms',), ('Execution Time: 0.020 ms',)]"
937,HASH,0.000662684440612793,"[('Index Scan using idx_email_hash on user_app  (cost=0.00..8.02 rows=1 width=2088) (actual time=0.010..0.015 rows=1 loops=1)',), (""  Index Cond: ((email)::text = 'rqxzulojsm@example.com'::text)"",), ('  Buffers: shared hit=2',), ('Planning Time: 0.056 ms',), ('Execution Time: 0.036 ms',)]"
938,No Index,0.0002545833587646484,"[('Index Scan using uniq_user_app_email on user_app  (cost=0.38..8.39 rows=1 width=2088) (actual time=0.006..0.009 rows=1 loops=1)',), (""  Index Cond: ((email)::text = 'bughxtkvqn@example.com'::text)"",), ('  Buffers: shared hit=4',), ('Planning Time: 0.017 ms',), ('Execution Time: 0.019 ms',)]"
938,BTREE,0.0005604743957519532,"[('Index Scan using idx_email_btree on user_app  (cost=0.25..8.27 rows=1 width=2088) (actual time=0.014..0.018 rows=1 loops=1)',), (""  Index Cond: ((email)::text = 'sbimfaeizl@example.com'::text)"",), ('  Buffers: shared hit=3',), ('Planning Time: 0.056 ms',), ('Execution Time: 0.037 ms',)]"
938,HASH,0.0003242015838623047,"[('Index Scan using idx_email_hash on user_app  (cost=0.00..8.02 rows=1 width=2088) (actual time=0.009..0.013 rows=1 loops=1)',), (""  Index Cond: ((email)::text = 'mnqgmseohd@example.com'::text)"",), ('  Buffers: shared hit=2',), ('Planning Time: 0.049 ms',), ('Execution Time: 0.031 ms',)]"
939,No Index,0.0002620220184326172,"[('Index Scan using uniq_user_app_email on user_app  (cost=0.38..8.39 rows=1 width=2088) (actual time=0.008..0.010 rows=1 loops=1)',), (""  Index Cond: ((email)::text = 'nbmkbnuofx@example.com'::text)"",), ('  Buffers: shared hit=4',), ('Planning Time: 0.020 ms',), ('Execution Time: 0.021 ms',)]"
939,BTREE,0.00020325183868408203,"[('Index Scan using idx_email_btree on user_app  (cost=0.25..8.27 rows=1 width=2088) (actual time=0.005..0.008 rows=1 loops=1)',), (""  Index Cond: ((email)::text = 'oalrpkhaso@example.com'::text)"",), ('  Buffers: shared hit=3',), ('Planning Time: 0.019 ms',), ('Execution Time: 0.018 ms',)]"
939,HASH,0.0002584695816040039,"[('Index Scan using idx_email_hash on user_app  (cost=0.00..8.02 rows=1 width=2088) (actual time=0.004..0.007 rows=1 loops=1)',), (""  Index Cond: ((email)::text = 'wmhdkodvij@example.com'::text)"",), ('  Buffers: shared hit=2',), ('Planning Time: 0.019 ms',), ('Execution Time: 0.017 ms',)]"
940,No Index,0.0002928018569946289,"[('Index Scan using uniq_user_app_email on user_app  (cost=0.38..8.39 rows=1 width=2088) (actual time=0.009..0.012 rows=1 loops=1)',), (""  Index Cond: ((email)::text = 'pdotpnzpgo@example.com'::text)"",), ('  Buffers: shared hit=4',), ('Planning Time: 0.022 ms',), ('Execution Time: 0.023 ms',)]"
940,BTREE,0.00026471614837646483,"[('Index Scan using idx_email_btree on user_app  (cost=0.25..8.27 rows=1 width=2088) (actual time=0.006..0.009 rows=1 loops=1)',), (""  Index Cond: ((email)::text = 'ieqashhtnd@example.com'::text)"",), ('  Buffers: shared hit=3',), ('Planning Time: 0.022 ms',), ('Execution Time: 0.020 ms',)]"
940,HASH,0.00025157928466796876,"[('Index Scan using idx_email_hash on user_app  (cost=0.00..8.02 rows=1 width=2088) (actual time=0.004..0.007 rows=1 loops=1)',), (""  Index Cond: ((email)::text = 'olytjtbjgr@example.com'::text)"",), ('  Buffers: shared hit=2',), ('Planning Time: 0.019 ms',), ('Execution Time: 0.017 ms',)]"
941,No Index,0.00025622844696044923,"[('Index Scan using uniq_user_app_email on user_app  (cost=0.38..8.39 rows=1 width=2088) (actual time=0.007..0.010 rows=1 loops=1)',), (""  Index Cond: ((email)::text = 'zhtwnsugqx@example.com'::text)"",), ('  Buffers: shared hit=4',), ('Planning Time: 0.017 ms',), ('Execution Time: 0.020 ms',)]"
941,BTREE,0.00028116703033447265,"[('Index Scan using idx_email_btree on user_app  (cost=0.25..8.27 rows=1 width=2088) (actual time=0.006..0.009 rows=1 loops=1)',), (""  Index Cond: ((email)::text = 'jxqnqugvok@example.com'::text)"",), ('  Buffers: shared hit=3',), ('Planning Time: 0.019 ms',), ('Execution Time: 0.019 ms',)]"
941,HASH,0.00027205944061279295,"[('Index Scan using idx_email_hash on user_app  (cost=0.00..8.02 rows=1 width=2088) (actual time=0.004..0.007 rows=1 loops=1)',), (""  Index Cond: ((email)::text = 'tkmegdlhgu@example.com'::text)"",), ('  Buffers: shared hit=2',), ('Planning Time: 0.019 ms',), ('Execution Time: 0.017 ms',)]"
942,No Index,0.00025346279144287107,"[('Index Scan using uniq_user_app_email on user_app  (cost=0.38..8.39 rows=1 width=2088) (actual time=0.007..0.010 rows=1 loops=1)',), (""  Index Cond: ((email)::text = 'ywglcabxih@example.com'::text)"",), ('  Buffers: shared hit=4',), ('Planning Time: 0.018 ms',), ('Execution Time: 0.019 ms',)]"
942,BTREE,0.0005419015884399414,"[('Index Scan using idx_email_btree on user_app  (cost=0.25..8.27 rows=1 width=2088) (actual time=0.016..0.021 rows=1 loops=1)',), (""  Index Cond: ((email)::text = 'oqfufwuhvi@example.com'::text)"",), ('  Buffers: shared hit=3',), ('Planning Time: 0.063 ms',), ('Execution Time: 0.046 ms',)]"
942,HASH,0.000258636474609375,"[('Index Scan using idx_email_hash on user_app  (cost=0.00..8.02 rows=1 width=2088) (actual time=0.005..0.008 rows=1 loops=1)',), (""  Index Cond: ((email)::text = 'lvjwrdisjv@example.com'::text)"",), ('  Buffers: shared hit=2',), ('Planning Time: 0.022 ms',), ('Execution Time: 0.019 ms',)]"
943,No Index,0.0002626657485961914,"[('Index Scan using uniq_user_app_email on user_app  (cost=0.38..8.39 rows=1 width=2088) (actual time=0.008..0.012 rows=1 loops=1)',), (""  Index Cond: ((email)::text = 'dxptrbozxi@example.com'::text)"",), ('  Buffers: shared hit=4',), ('Planning Time: 0.021 ms',), ('Execution Time: 0.022 ms',)]"
943,BTREE,0.00027751922607421875,"[('Index Scan using idx_email_btree on user_app  (cost=0.25..8.27 rows=1 width=2088) (actual time=0.010..0.013 rows=1 loops=1)',), (""  Index Cond: ((email)::text = 'bvurzapxnr@example.com'::text)"",), ('  Buffers: shared hit=3',), ('Planning Time: 0.039 ms',), ('Execution Time: 0.026 ms',)]"
943,HASH,0.00026199817657470705,"[('Index Scan using idx_email_hash on user_app  (cost=0.00..8.02 rows=1 width=2088) (actual time=0.004..0.008 rows=1 loops=1)',), (""  Index Cond: ((email)::text = 'dbsyznmpkm@example.com'::text)"",), ('  Buffers: shared hit=2',), ('Planning Time: 0.021 ms',), ('Execution Time: 0.018 ms',)]"
944,No Index,0.00029351711273193357,"[('Index Scan using uniq_user_app_email on user_app  (cost=0.38..8.39 rows=1 width=2088) (actual time=0.022..0.026 rows=1 loops=1)',), (""  Index Cond: ((email)::text = 'gcaiiiekkm@example.com'::text)"",), ('  Buffers: shared hit=4',), ('Planning Time: 0.017 ms',), ('Execution Time: 0.037 ms',)]"
944,BTREE,0.0004173994064331055,"[('Index Scan using idx_email_btree on user_app  (cost=0.25..8.27 rows=1 width=2088) (actual time=0.018..0.023 rows=1 loops=1)',), (""  Index Cond: ((email)::text = 'fppmgxhyhg@example.com'::text)"",), ('  Buffers: shared hit=3',), ('Planning Time: 0.069 ms',), ('Execution Time: 0.045 ms',)]"
944,HASH,0.00022377967834472657,"[('Index Scan using idx_email_hash on user_app  (cost=0.00..8.02 rows=1 width=2088) (actual time=0.008..0.010 rows=1 loops=1)',), (""  Index Cond: ((email)::text = 'fpqhoqcrtt@example.com'::text)"",), ('  Buffers: shared hit=2',), ('Planning Time: 0.036 ms',), ('Execution Time: 0.023 ms',)]"
945,No Index,0.00026257038116455077,"[('Index Scan using uniq_user_app_email on user_app  (cost=0.38..8.39 rows=1 width=2088) (actual time=0.008..0.011 rows=1 loops=1)',), (""  Index Cond: ((email)::text = 'wrlshtewco@example.com'::text)"",), ('  Buffers: shared hit=4',), ('Planning Time: 0.020 ms',), ('Execution Time: 0.022 ms',)]"
945,BTREE,0.00019600391387939454,"[('Index Scan using idx_email_btree on user_app  (cost=0.25..8.27 rows=1 width=2088) (actual time=0.005..0.008 rows=1 loops=1)',), (""  Index Cond: ((email)::text = 'mrcbwwokko@example.com'::text)"",), ('  Buffers: shared hit=3',), ('Planning Time: 0.019 ms',), ('Execution Time: 0.018 ms',)]"
945,HASH,0.00030112266540527344,"[('Index Scan using idx_email_hash on user_app  (cost=0.00..8.02 rows=1 width=2088) (actual time=0.004..0.007 rows=1 loops=1)',), (""  Index Cond: ((email)::text = 'xplnzjlauc@example.com'::text)"",), ('  Buffers: shared hit=2',), ('Planning Time: 0.020 ms',), ('Execution Time: 0.018 ms',)]"
946,No Index,0.0002451181411743164,"[('Index Scan using uniq_user_app_email on user_app  (cost=0.38..8.39 rows=1 width=2088) (actual time=0.007..0.010 rows=1 loops=1)',), (""  Index Cond: ((email)::text = 'sfxgsdzolw@example.com'::text)"",), ('  Buffers: shared hit=4',), ('Planning Time: 0.017 ms',), ('Execution Time: 0.020 ms',)]"
946,BTREE,0.0006665468215942382,"[('Index Scan using idx_email_btree on user_app  (cost=0.25..8.27 rows=1 width=2088) (actual time=0.016..0.021 rows=1 loops=1)',), (""  Index Cond: ((email)::text = 'bzhrjmapbo@example.com'::text)"",), ('  Buffers: shared hit=3',), ('Planning Time: 0.063 ms',), ('Execution Time: 0.044 ms',)]"
946,HASH,0.00024802684783935546,"[('Index Scan using idx_email_hash on user_app  (cost=0.00..8.02 rows=1 width=2088) (actual time=0.004..0.007 rows=1 loops=1)',), (""  Index Cond: ((email)::text = 'yikbckwnpo@example.com'::text)"",), ('  Buffers: shared hit=2',), ('Planning Time: 0.019 ms',), ('Execution Time: 0.017 ms',)]"
947,No Index,0.00027081966400146487,"[('Index Scan using uniq_user_app_email on user_app  (cost=0.38..8.39 rows=1 width=2088) (actual time=0.009..0.013 rows=1 loops=1)',), (""  Index Cond: ((email)::text = 'lcfagfnefp@example.com'::text)"",), ('  Buffers: shared hit=4',), ('Planning Time: 0.026 ms',), ('Execution Time: 0.026 ms',)]"
947,BTREE,0.00020246505737304689,"[('Index Scan using idx_email_btree on user_app  (cost=0.25..8.27 rows=1 width=2088) (actual time=0.006..0.009 rows=1 loops=1)',), (""  Index Cond: ((email)::text = 'tscdyrhivp@example.com'::text)"",), ('  Buffers: shared hit=3',), ('Planning Time: 0.022 ms',), ('Execution Time: 0.019 ms',)]"
947,HASH,0.0003048419952392578,"[('Index Scan using idx_email_hash on user_app  (cost=0.00..8.02 rows=1 width=2088) (actual time=0.005..0.008 rows=1 loops=1)',), (""  Index Cond: ((email)::text = 'ifohmflbit@example.com'::text)"",), ('  Buffers: shared hit=2',), ('Planning Time: 0.023 ms',), ('Execution Time: 0.019 ms',)]"
948,No Index,0.0006234645843505859,"[('Index Scan using uniq_user_app_email on user_app  (cost=0.38..8.39 rows=1 width=2088) (actual time=0.020..0.025 rows=1 loops=1)',), (""  Index Cond: ((email)::text = 'rdbzzmipnt@example.com'::text)"",), ('  Buffers: shared hit=4',), ('Planning Time: 0.057 ms',), ('Execution Time: 0.048 ms',)]"
948,BTREE,0.00047996044158935545,"[('Index Scan using idx_email_btree on user_app  (cost=0.25..8.27 rows=1 width=2088) (actual time=0.013..0.018 rows=1 loops=1)',), (""  Index Cond: ((email)::text = 'vsswfsuwxt@example.com'::text)"",), ('  Buffers: shared hit=3',), ('Planning Time: 0.052 ms',), ('Execution Time: 0.039 ms',)]"
948,HASH,0.00030193328857421877,"[('Index Scan using idx_email_hash on user_app  (cost=0.00..8.02 rows=1 width=2088) (actual time=0.003..0.006 rows=1 loops=1)',), (""  Index Cond: ((email)::text = 'cvadfyiojm@example.com'::text)"",), ('  Buffers: shared hit=2',), ('Planning Time: 0.018 ms',), ('Execution Time: 0.017 ms',)]"
949,No Index,0.0002514839172363281,"[('Index Scan using uniq_user_app_email on user_app  (cost=0.38..8.39 rows=1 width=2088) (actual time=0.007..0.009 rows=1 loops=1)',), (""  Index Cond: ((email)::text = 'knfcfpncsl@example.com'::text)"",), ('  Buffers: shared hit=4',), ('Planning Time: 0.017 ms',), ('Execution Time: 0.037 ms',)]"
949,BTREE,0.0002500295639038086,"[('Index Scan using idx_email_btree on user_app  (cost=0.25..8.27 rows=1 width=2088) (actual time=0.005..0.008 rows=1 loops=1)',), (""  Index Cond: ((email)::text = 'hywnortoht@example.com'::text)"",), ('  Buffers: shared hit=3',), ('Planning Time: 0.019 ms',), ('Execution Time: 0.018 ms',)]"
949,HASH,0.0002536296844482422,"[('Index Scan using idx_email_hash on user_app  (cost=0.00..8.02 rows=1 width=2088) (actual time=0.004..0.007 rows=1 loops=1)',), (""  Index Cond: ((email)::text = 'dcuutkuhzq@example.com'::text)"",), ('  Buffers: shared hit=2',), ('Planning Time: 0.019 ms',), ('Execution Time: 0.017 ms',)]"
950,No Index,0.0006662368774414063,"[('Index Scan using uniq_user_app_email on user_app  (cost=0.38..8.39 rows=1 width=2088) (actual time=0.020..0.025 rows=1 loops=1)',), (""  Index Cond: ((email)::text = 'ovlbtxzrzo@example.com'::text)"",), ('  Buffers: shared hit=4',), ('Planning Time: 0.053 ms',), ('Execution Time: 0.046 ms',)]"
950,BTREE,0.000264739990234375,"[('Index Scan using idx_email_btree on user_app  (cost=0.25..8.27 rows=1 width=2088) (actual time=0.007..0.010 rows=1 loops=1)',), (""  Index Cond: ((email)::text = 'bwnccjnswd@example.com'::text)"",), ('  Buffers: shared hit=3',), ('Planning Time: 0.023 ms',), ('Execution Time: 0.021 ms',)]"
950,HASH,0.0002872467041015625,"[('Index Scan using idx_email_hash on user_app  (cost=0.00..8.02 rows=1 width=2088) (actual time=0.005..0.008 rows=1 loops=1)',), (""  Index Cond: ((email)::text = 'jcakohfgck@example.com'::text)"",), ('  Buffers: shared hit=2',), ('Planning Time: 0.023 ms',), ('Execution Time: 0.019 ms',)]"
951,No Index,0.00026853084564208983,"[('Index Scan using uniq_user_app_email on user_app  (cost=0.38..8.39 rows=1 width=2088) (actual time=0.007..0.009 rows=1 loops=1)',), (""  Index Cond: ((email)::text = 'urehyoerce@example.com'::text)"",), ('  Buffers: shared hit=4',), ('Planning Time: 0.017 ms',), ('Execution Time: 0.020 ms',)]"
951,BTREE,0.0002862453460693359,"[('Index Scan using idx_email_btree on user_app  (cost=0.25..8.27 rows=1 width=2088) (actual time=0.006..0.008 rows=1 loops=1)',), (""  Index Cond: ((email)::text = 'asexiwqxhl@example.com'::text)"",), ('  Buffers: shared hit=3',), ('Planning Time: 0.019 ms',), ('Execution Time: 0.018 ms',)]"
951,HASH,0.00026826858520507814,"[('Index Scan using idx_email_hash on user_app  (cost=0.00..8.02 rows=1 width=2088) (actual time=0.005..0.008 rows=1 loops=1)',), (""  Index Cond: ((email)::text = 'rzawjdazsd@example.com'::text)"",), ('  Buffers: shared hit=2',), ('Planning Time: 0.023 ms',), ('Execution Time: 0.019 ms',)]"
952,No Index,0.0002736806869506836,"[('Index Scan using uniq_user_app_email on user_app  (cost=0.38..8.39 rows=1 width=2088) (actual time=0.007..0.010 rows=1 loops=1)',), (""  Index Cond: ((email)::text = 'aeyfiumcle@example.com'::text)"",), ('  Buffers: shared hit=4',), ('Planning Time: 0.017 ms',), ('Execution Time: 0.019 ms',)]"
952,BTREE,0.00026259422302246096,"[('Index Scan using idx_email_btree on user_app  (cost=0.25..8.27 rows=1 width=2088) (actual time=0.005..0.008 rows=1 loops=1)',), (""  Index Cond: ((email)::text = 'wktofisklm@example.com'::text)"",), ('  Buffers: shared hit=3',), ('Planning Time: 0.020 ms',), ('Execution Time: 0.018 ms',)]"
952,HASH,0.0004055261611938477,"[('Index Scan using idx_email_hash on user_app  (cost=0.00..8.02 rows=1 width=2088) (actual time=0.005..0.008 rows=1 loops=1)',), (""  Index Cond: ((email)::text = 'mhmeeansvr@example.com'::text)"",), ('  Buffers: shared hit=2',), ('Planning Time: 0.023 ms',), ('Execution Time: 0.020 ms',)]"
953,No Index,0.00025420188903808595,"[('Index Scan using uniq_user_app_email on user_app  (cost=0.38..8.39 rows=1 width=2088) (actual time=0.006..0.009 rows=1 loops=1)',), (""  Index Cond: ((email)::text = 'trparduevm@example.com'::text)"",), ('  Buffers: shared hit=4',), ('Planning Time: 0.017 ms',), ('Execution Time: 0.020 ms',)]"
953,BTREE,0.00028312206268310547,"[('Index Scan using idx_email_btree on user_app  (cost=0.25..8.27 rows=1 width=2088) (actual time=0.006..0.009 rows=1 loops=1)',), (""  Index Cond: ((email)::text = 'pjlwdwuikg@example.com'::text)"",), ('  Buffers: shared hit=3',), ('Planning Time: 0.020 ms',), ('Execution Time: 0.019 ms',)]"
953,HASH,0.00027866363525390624,"[('Index Scan using idx_email_hash on user_app  (cost=0.00..8.02 rows=1 width=2088) (actual time=0.004..0.006 rows=1 loops=1)',), (""  Index Cond: ((email)::text = 'zzatezmnhd@example.com'::text)"",), ('  Buffers: shared hit=2',), ('Planning Time: 0.019 ms',), ('Execution Time: 0.017 ms',)]"
954,No Index,0.0002915620803833008,"[('Index Scan using uniq_user_app_email on user_app  (cost=0.38..8.39 rows=1 width=2088) (actual time=0.009..0.012 rows=1 loops=1)',), (""  Index Cond: ((email)::text = 'hqhzzpyzuq@example.com'::text)"",), ('  Buffers: shared hit=4',), ('Planning Time: 0.022 ms',), ('Execution Time: 0.022 ms',)]"
954,BTREE,0.00023627281188964844,"[('Index Scan using idx_email_btree on user_app  (cost=0.25..8.27 rows=1 width=2088) (actual time=0.006..0.009 rows=1 loops=1)',), (""  Index Cond: ((email)::text = 'wnsefhfcjs@example.com'::text)"",), ('  Buffers: shared hit=3',), ('Planning Time: 0.019 ms',), ('Execution Time: 0.019 ms',)]"
954,HASH,0.00026090145111083983,"[('Index Scan using idx_email_hash on user_app  (cost=0.00..8.02 rows=1 width=2088) (actual time=0.004..0.007 rows=1 loops=1)',), (""  Index Cond: ((email)::text = 'omzvijiemo@example.com'::text)"",), ('  Buffers: shared hit=2',), ('Planning Time: 0.021 ms',), ('Execution Time: 0.018 ms',)]"
955,No Index,0.00026192665100097654,"[('Index Scan using uniq_user_app_email on user_app  (cost=0.38..8.39 rows=1 width=2088) (actual time=0.007..0.010 rows=1 loops=1)',), (""  Index Cond: ((email)::text = 'acotpnhstn@example.com'::text)"",), ('  Buffers: shared hit=4',), ('Planning Time: 0.019 ms',), ('Execution Time: 0.021 ms',)]"
955,BTREE,0.0002551078796386719,"[('Index Scan using idx_email_btree on user_app  (cost=0.25..8.27 rows=1 width=2088) (actual time=0.005..0.008 rows=1 loops=1)',), (""  Index Cond: ((email)::text = 'nwrmsetyjy@example.com'::text)"",), ('  Buffers: shared hit=3',), ('Planning Time: 0.019 ms',), ('Execution Time: 0.019 ms',)]"
955,HASH,0.00024831295013427734,"[('Index Scan using idx_email_hash on user_app  (cost=0.00..8.02 rows=1 width=2088) (actual time=0.004..0.007 rows=1 loops=1)',), (""  Index Cond: ((email)::text = 'ieayefagnz@example.com'::text)"",), ('  Buffers: shared hit=2',), ('Planning Time: 0.019 ms',), ('Execution Time: 0.016 ms',)]"
956,No Index,0.0002543926239013672,"[('Index Scan using uniq_user_app_email on user_app  (cost=0.38..8.39 rows=1 width=2088) (actual time=0.008..0.010 rows=1 loops=1)',), (""  Index Cond: ((email)::text = 'uixetaajry@example.com'::text)"",), ('  Buffers: shared hit=4',), ('Planning Time: 0.017 ms',), ('Execution Time: 0.022 ms',)]"
956,BTREE,0.0002616167068481445,"[('Index Scan using idx_email_btree on user_app  (cost=0.25..8.27 rows=1 width=2088) (actual time=0.006..0.009 rows=1 loops=1)',), (""  Index Cond: ((email)::text = 'wdmdzbvfwl@example.com'::text)"",), ('  Buffers: shared hit=3',), ('Planning Time: 0.020 ms',), ('Execution Time: 0.018 ms',)]"
956,HASH,0.0007276535034179688,"[('Index Scan using idx_email_hash on user_app  (cost=0.00..8.02 rows=1 width=2088) (actual time=0.012..0.017 rows=1 loops=1)',), (""  Index Cond: ((email)::text = 'qjranfcynd@example.com'::text)"",), ('  Buffers: shared hit=2',), ('Planning Time: 0.063 ms',), ('Execution Time: 0.039 ms',)]"
957,No Index,0.00027194023132324217,"[('Index Scan using uniq_user_app_email on user_app  (cost=0.38..8.39 rows=1 width=2088) (actual time=0.007..0.010 rows=1 loops=1)',), (""  Index Cond: ((email)::text = 'ugcupnaqqw@example.com'::text)"",), ('  Buffers: shared hit=4',), ('Planning Time: 0.017 ms',), ('Execution Time: 0.020 ms',)]"
957,BTREE,0.0006172657012939453,"[('Index Scan using idx_email_btree on user_app  (cost=0.25..8.27 rows=1 width=2088) (actual time=0.016..0.021 rows=1 loops=1)',), (""  Index Cond: ((email)::text = 'hfrrxmuxly@example.com'::text)"",), ('  Buffers: shared hit=3',), ('Planning Time: 0.062 ms',), ('Execution Time: 0.043 ms',)]"
957,HASH,0.000266575813293457,"[('Index Scan using idx_email_hash on user_app  (cost=0.00..8.02 rows=1 width=2088) (actual time=0.004..0.007 rows=1 loops=1)',), (""  Index Cond: ((email)::text = 'rqvxmxltxi@example.com'::text)"",), ('  Buffers: shared hit=2',), ('Planning Time: 0.018 ms',), ('Execution Time: 0.017 ms',)]"
958,No Index,0.00027356147766113283,"[('Index Scan using uniq_user_app_email on user_app  (cost=0.38..8.39 rows=1 width=2088) (actual time=0.007..0.010 rows=1 loops=1)',), (""  Index Cond: ((email)::text = 'woicshhoet@example.com'::text)"",), ('  Buffers: shared hit=4',), ('Planning Time: 0.017 ms',), ('Execution Time: 0.020 ms',)]"
958,BTREE,0.00033888816833496096,"[('Index Scan using idx_email_btree on user_app  (cost=0.25..8.27 rows=1 width=2088) (actual time=0.006..0.009 rows=1 loops=1)',), (""  Index Cond: ((email)::text = 'noxcfatoqg@example.com'::text)"",), ('  Buffers: shared hit=3',), ('Planning Time: 0.022 ms',), ('Execution Time: 0.019 ms',)]"
958,HASH,0.0005312919616699219,"[('Index Scan using idx_email_hash on user_app  (cost=0.00..8.02 rows=1 width=2088) (actual time=0.009..0.014 rows=1 loops=1)',), (""  Index Cond: ((email)::text = 'twmoaxxlpl@example.com'::text)"",), ('  Buffers: shared hit=2',), ('Planning Time: 0.073 ms',), ('Execution Time: 0.034 ms',)]"
959,No Index,0.00045053958892822267,"[('Index Scan using uniq_user_app_email on user_app  (cost=0.38..8.39 rows=1 width=2088) (actual time=0.015..0.019 rows=1 loops=1)',), (""  Index Cond: ((email)::text = 'nwmmxulnkl@example.com'::text)"",), ('  Buffers: shared hit=4',), ('Planning Time: 0.038 ms',), ('Execution Time: 0.036 ms',)]"
959,BTREE,0.0002749919891357422,"[('Index Scan using idx_email_btree on user_app  (cost=0.25..8.27 rows=1 width=2088) (actual time=0.006..0.009 rows=1 loops=1)',), (""  Index Cond: ((email)::text = 'zwzafhnwwb@example.com'::text)"",), ('  Buffers: shared hit=3',), ('Planning Time: 0.024 ms',), ('Execution Time: 0.021 ms',)]"
959,HASH,0.00028822422027587893,"[('Index Scan using idx_email_hash on user_app  (cost=0.00..8.02 rows=1 width=2088) (actual time=0.003..0.006 rows=1 loops=1)',), (""  Index Cond: ((email)::text = 'bwdpllspne@example.com'::text)"",), ('  Buffers: shared hit=2',), ('Planning Time: 0.019 ms',), ('Execution Time: 0.017 ms',)]"
960,No Index,0.00026814937591552735,"[('Index Scan using uniq_user_app_email on user_app  (cost=0.38..8.39 rows=1 width=2088) (actual time=0.007..0.011 rows=1 loops=1)',), (""  Index Cond: ((email)::text = 'dqkbnxnowq@example.com'::text)"",), ('  Buffers: shared hit=4',), ('Planning Time: 0.018 ms',), ('Execution Time: 0.021 ms',)]"
960,BTREE,0.00027692317962646484,"[('Index Scan using idx_email_btree on user_app  (cost=0.25..8.27 rows=1 width=2088) (actual time=0.006..0.009 rows=1 loops=1)',), (""  Index Cond: ((email)::text = 'duenbnzbay@example.com'::text)"",), ('  Buffers: shared hit=3',), ('Planning Time: 0.019 ms',), ('Execution Time: 0.018 ms',)]"
960,HASH,0.0002639293670654297,"[('Index Scan using idx_email_hash on user_app  (cost=0.00..8.02 rows=1 width=2088) (actual time=0.004..0.006 rows=1 loops=1)',), (""  Index Cond: ((email)::text = 'xkvnklopbh@example.com'::text)"",), ('  Buffers: shared hit=2',), ('Planning Time: 0.019 ms',), ('Execution Time: 0.016 ms',)]"
961,No Index,0.00027425289154052733,"[('Index Scan using uniq_user_app_email on user_app  (cost=0.38..8.39 rows=1 width=2088) (actual time=0.007..0.009 rows=1 loops=1)',), (""  Index Cond: ((email)::text = 'ktimxndnjp@example.com'::text)"",), ('  Buffers: shared hit=4',), ('Planning Time: 0.017 ms',), ('Execution Time: 0.020 ms',)]"
961,BTREE,0.00025475025177001953,"[('Index Scan using idx_email_btree on user_app  (cost=0.25..8.27 rows=1 width=2088) (actual time=0.005..0.008 rows=1 loops=1)',), (""  Index Cond: ((email)::text = 'sbrevtuiuk@example.com'::text)"",), ('  Buffers: shared hit=3',), ('Planning Time: 0.019 ms',), ('Execution Time: 0.019 ms',)]"
961,HASH,0.00022149085998535156,"[('Index Scan using idx_email_hash on user_app  (cost=0.00..8.02 rows=1 width=2088) (actual time=0.004..0.006 rows=1 loops=1)',), (""  Index Cond: ((email)::text = 'npbjmvpisj@example.com'::text)"",), ('  Buffers: shared hit=2',), ('Planning Time: 0.018 ms',), ('Execution Time: 0.016 ms',)]"
962,No Index,0.0003386259078979492,"[('Index Scan using uniq_user_app_email on user_app  (cost=0.38..8.39 rows=1 width=2088) (actual time=0.016..0.020 rows=1 loops=1)',), (""  Index Cond: ((email)::text = 'cqmccnvvrg@example.com'::text)"",), ('  Buffers: shared hit=4',), ('Planning Time: 0.044 ms',), ('Execution Time: 0.039 ms',)]"
962,BTREE,0.0006627321243286132,"[('Index Scan using idx_email_btree on user_app  (cost=0.25..8.27 rows=1 width=2088) (actual time=0.015..0.020 rows=1 loops=1)',), (""  Index Cond: ((email)::text = 'bqrasymexx@example.com'::text)"",), ('  Buffers: shared hit=3',), ('Planning Time: 0.059 ms',), ('Execution Time: 0.042 ms',)]"
962,HASH,0.0002611637115478516,"[('Index Scan using idx_email_hash on user_app  (cost=0.00..8.02 rows=1 width=2088) (actual time=0.004..0.007 rows=1 loops=1)',), (""  Index Cond: ((email)::text = 'ceqhnlugmd@example.com'::text)"",), ('  Buffers: shared hit=2',), ('Planning Time: 0.022 ms',), ('Execution Time: 0.018 ms',)]"
963,No Index,0.0002984762191772461,"[('Index Scan using uniq_user_app_email on user_app  (cost=0.38..8.39 rows=1 width=2088) (actual time=0.007..0.009 rows=1 loops=1)',), (""  Index Cond: ((email)::text = 'teouemmowj@example.com'::text)"",), ('  Buffers: shared hit=4',), ('Planning Time: 0.018 ms',), ('Execution Time: 0.020 ms',)]"
963,BTREE,0.00029430389404296877,"[('Index Scan using idx_email_btree on user_app  (cost=0.25..8.27 rows=1 width=2088) (actual time=0.007..0.010 rows=1 loops=1)',), (""  Index Cond: ((email)::text = 'oclbgmfmvk@example.com'::text)"",), ('  Buffers: shared hit=3',), ('Planning Time: 0.023 ms',), ('Execution Time: 0.021 ms',)]"
963,HASH,0.00025784969329833984,"[('Index Scan using idx_email_hash on user_app  (cost=0.00..8.02 rows=1 width=2088) (actual time=0.004..0.007 rows=1 loops=1)',), (""  Index Cond: ((email)::text = 'ihcvqugarn@example.com'::text)"",), ('  Buffers: shared hit=2',), ('Planning Time: 0.019 ms',), ('Execution Time: 0.016 ms',)]"
964,No Index,0.00025508403778076174,"[('Index Scan using uniq_user_app_email on user_app  (cost=0.38..8.39 rows=1 width=2088) (actual time=0.007..0.010 rows=1 loops=1)',), (""  Index Cond: ((email)::text = 'ploudipbmk@example.com'::text)"",), ('  Buffers: shared hit=4',), ('Planning Time: 0.017 ms',), ('Execution Time: 0.020 ms',)]"
964,BTREE,0.00029423236846923826,"[('Index Scan using idx_email_btree on user_app  (cost=0.25..8.27 rows=1 width=2088) (actual time=0.007..0.009 rows=1 loops=1)',), (""  Index Cond: ((email)::text = 'ablotvmgse@example.com'::text)"",), ('  Buffers: shared hit=3',), ('Planning Time: 0.023 ms',), ('Execution Time: 0.020 ms',)]"
964,HASH,0.0006552934646606445,"[('Index Scan using idx_email_hash on user_app  (cost=0.00..8.02 rows=1 width=2088) (actual time=0.014..0.019 rows=1 loops=1)',), (""  Index Cond: ((email)::text = 'upqecavpqa@example.com'::text)"",), ('  Buffers: shared hit=2',), ('Planning Time: 0.070 ms',), ('Execution Time: 0.042 ms',)]"
965,No Index,0.0005091667175292969,"[('Index Scan using uniq_user_app_email on user_app  (cost=0.38..8.39 rows=1 width=2088) (actual time=0.020..0.025 rows=1 loops=1)',), (""  Index Cond: ((email)::text = 'vzjwkgxejs@example.com'::text)"",), ('  Buffers: shared hit=4',), ('Planning Time: 0.058 ms',), ('Execution Time: 0.043 ms',)]"
965,BTREE,0.0006654977798461914,"[('Index Scan using idx_email_btree on user_app  (cost=0.25..8.27 rows=1 width=2088) (actual time=0.014..0.019 rows=1 loops=1)',), (""  Index Cond: ((email)::text = 'tpignbbene@example.com'::text)"",), ('  Buffers: shared hit=3',), ('Planning Time: 0.062 ms',), ('Execution Time: 0.040 ms',)]"
965,HASH,0.000613260269165039,"[('Index Scan using idx_email_hash on user_app  (cost=0.00..8.02 rows=1 width=2088) (actual time=0.012..0.016 rows=1 loops=1)',), (""  Index Cond: ((email)::text = 'cjvlcmixck@example.com'::text)"",), ('  Buffers: shared hit=2',), ('Planning Time: 0.062 ms',), ('Execution Time: 0.039 ms',)]"
966,No Index,0.00053253173828125,"[('Index Scan using uniq_user_app_email on user_app  (cost=0.38..8.39 rows=1 width=2088) (actual time=0.021..0.026 rows=1 loops=1)',), (""  Index Cond: ((email)::text = 'jfndejvrjl@example.com'::text)"",), ('  Buffers: shared hit=4',), ('Planning Time: 0.057 ms',), ('Execution Time: 0.048 ms',)]"
966,BTREE,0.0005759239196777344,"[('Index Scan using idx_email_btree on user_app  (cost=0.25..8.27 rows=1 width=2088) (actual time=0.014..0.018 rows=1 loops=1)',), (""  Index Cond: ((email)::text = 'pisfzllejo@example.com'::text)"",), ('  Buffers: shared hit=3',), ('Planning Time: 0.052 ms',), ('Execution Time: 0.037 ms',)]"
966,HASH,0.0002491474151611328,"[('Index Scan using idx_email_hash on user_app  (cost=0.00..8.02 rows=1 width=2088) (actual time=0.004..0.007 rows=1 loops=1)',), (""  Index Cond: ((email)::text = 'toowoookud@example.com'::text)"",), ('  Buffers: shared hit=2',), ('Planning Time: 0.019 ms',), ('Execution Time: 0.018 ms',)]"
967,No Index,0.0003848075866699219,"[('Index Scan using uniq_user_app_email on user_app  (cost=0.38..8.39 rows=1 width=2088) (actual time=0.008..0.011 rows=1 loops=1)',), (""  Index Cond: ((email)::text = 'tcalqxegcy@example.com'::text)"",), ('  Buffers: shared hit=4',), ('Planning Time: 0.021 ms',), ('Execution Time: 0.023 ms',)]"
967,BTREE,0.00019831657409667968,"[('Index Scan using idx_email_btree on user_app  (cost=0.25..8.27 rows=1 width=2088) (actual time=0.006..0.008 rows=1 loops=1)',), (""  Index Cond: ((email)::text = 'fnagtvawkv@example.com'::text)"",), ('  Buffers: shared hit=3',), ('Planning Time: 0.019 ms',), ('Execution Time: 0.018 ms',)]"
967,HASH,0.00026891231536865237,"[('Index Scan using idx_email_hash on user_app  (cost=0.00..8.02 rows=1 width=2088) (actual time=0.004..0.007 rows=1 loops=1)',), (""  Index Cond: ((email)::text = 'tzfksmbked@example.com'::text)"",), ('  Buffers: shared hit=2',), ('Planning Time: 0.019 ms',), ('Execution Time: 0.018 ms',)]"
968,No Index,0.00029249191284179686,"[('Index Scan using uniq_user_app_email on user_app  (cost=0.38..8.39 rows=1 width=2088) (actual time=0.007..0.009 rows=1 loops=1)',), (""  Index Cond: ((email)::text = 'yumqsrgaoa@example.com'::text)"",), ('  Buffers: shared hit=4',), ('Planning Time: 0.017 ms',), ('Execution Time: 0.020 ms',)]"
968,BTREE,0.00025806427001953127,"[('Index Scan using idx_email_btree on user_app  (cost=0.25..8.27 rows=1 width=2088) (actual time=0.007..0.009 rows=1 loops=1)',), (""  Index Cond: ((email)::text = 'oyrbtreynz@example.com'::text)"",), ('  Buffers: shared hit=3',), ('Planning Time: 0.024 ms',), ('Execution Time: 0.021 ms',)]"
968,HASH,0.00019278526306152344,"[('Index Scan using idx_email_hash on user_app  (cost=0.00..8.02 rows=1 width=2088) (actual time=0.004..0.007 rows=1 loops=1)',), (""  Index Cond: ((email)::text = 'rrvbayehbv@example.com'::text)"",), ('  Buffers: shared hit=2',), ('Planning Time: 0.020 ms',), ('Execution Time: 0.017 ms',)]"
969,No Index,0.0001987934112548828,"[('Index Scan using uniq_user_app_email on user_app  (cost=0.38..8.39 rows=1 width=2088) (actual time=0.007..0.009 rows=1 loops=1)',), (""  Index Cond: ((email)::text = 'isczzzzxpg@example.com'::text)"",), ('  Buffers: shared hit=4',), ('Planning Time: 0.017 ms',), ('Execution Time: 0.020 ms',)]"
969,BTREE,0.0002767324447631836,"[('Index Scan using idx_email_btree on user_app  (cost=0.25..8.27 rows=1 width=2088) (actual time=0.006..0.010 rows=1 loops=1)',), (""  Index Cond: ((email)::text = 'ujowxoxvyb@example.com'::text)"",), ('  Buffers: shared hit=3',), ('Planning Time: 0.023 ms',), ('Execution Time: 0.020 ms',)]"
969,HASH,0.000286865234375,"[('Index Scan using idx_email_hash on user_app  (cost=0.00..8.02 rows=1 width=2088) (actual time=0.005..0.008 rows=1 loops=1)',), (""  Index Cond: ((email)::text = 'bgdzlosasn@example.com'::text)"",), ('  Buffers: shared hit=2',), ('Planning Time: 0.023 ms',), ('Execution Time: 0.019 ms',)]"
970,No Index,0.00028336048126220703,"[('Index Scan using uniq_user_app_email on user_app  (cost=0.38..8.39 rows=1 width=2088) (actual time=0.006..0.009 rows=1 loops=1)',), (""  Index Cond: ((email)::text = 'qrkuelovkl@example.com'::text)"",), ('  Buffers: shared hit=4',), ('Planning Time: 0.018 ms',), ('Execution Time: 0.021 ms',)]"
970,BTREE,0.0002696990966796875,"[('Index Scan using idx_email_btree on user_app  (cost=0.25..8.27 rows=1 width=2088) (actual time=0.006..0.008 rows=1 loops=1)',), (""  Index Cond: ((email)::text = 'nzfvthqgui@example.com'::text)"",), ('  Buffers: shared hit=3',), ('Planning Time: 0.019 ms',), ('Execution Time: 0.018 ms',)]"
970,HASH,0.00026576519012451173,"[('Index Scan using idx_email_hash on user_app  (cost=0.00..8.02 rows=1 width=2088) (actual time=0.004..0.006 rows=1 loops=1)',), (""  Index Cond: ((email)::text = 'xhtiunxnic@example.com'::text)"",), ('  Buffers: shared hit=2',), ('Planning Time: 0.019 ms',), ('Execution Time: 0.016 ms',)]"
971,No Index,0.0002707242965698242,"[('Index Scan using uniq_user_app_email on user_app  (cost=0.38..8.39 rows=1 width=2088) (actual time=0.007..0.010 rows=1 loops=1)',), (""  Index Cond: ((email)::text = 'xzukhljzie@example.com'::text)"",), ('  Buffers: shared hit=4',), ('Planning Time: 0.018 ms',), ('Execution Time: 0.021 ms',)]"
971,BTREE,0.0002617597579956055,"[('Index Scan using idx_email_btree on user_app  (cost=0.25..8.27 rows=1 width=2088) (actual time=0.005..0.008 rows=1 loops=1)',), (""  Index Cond: ((email)::text = 'ytwghhvayq@example.com'::text)"",), ('  Buffers: shared hit=3',), ('Planning Time: 0.020 ms',), ('Execution Time: 0.018 ms',)]"
971,HASH,0.0002633810043334961,"[('Index Scan using idx_email_hash on user_app  (cost=0.00..8.02 rows=1 width=2088) (actual time=0.004..0.007 rows=1 loops=1)',), (""  Index Cond: ((email)::text = 'vzvubkqrbm@example.com'::text)"",), ('  Buffers: shared hit=2',), ('Planning Time: 0.019 ms',), ('Execution Time: 0.017 ms',)]"
972,No Index,0.0002629280090332031,"[('Index Scan using uniq_user_app_email on user_app  (cost=0.38..8.39 rows=1 width=2088) (actual time=0.007..0.010 rows=1 loops=1)',), (""  Index Cond: ((email)::text = 'dbrybhjgdb@example.com'::text)"",), ('  Buffers: shared hit=4',), ('Planning Time: 0.018 ms',), ('Execution Time: 0.020 ms',)]"
972,BTREE,0.000262451171875,"[('Index Scan using idx_email_btree on user_app  (cost=0.25..8.27 rows=1 width=2088) (actual time=0.005..0.008 rows=1 loops=1)',), (""  Index Cond: ((email)::text = 'nrwwdarbgm@example.com'::text)"",), ('  Buffers: shared hit=3',), ('Planning Time: 0.019 ms',), ('Execution Time: 0.018 ms',)]"
972,HASH,0.0001955747604370117,"[('Index Scan using idx_email_hash on user_app  (cost=0.00..8.02 rows=1 width=2088) (actual time=0.004..0.007 rows=1 loops=1)',), (""  Index Cond: ((email)::text = 'xaipanveut@example.com'::text)"",), ('  Buffers: shared hit=2',), ('Planning Time: 0.019 ms',), ('Execution Time: 0.017 ms',)]"
973,No Index,0.00039503574371337893,"[('Index Scan using uniq_user_app_email on user_app  (cost=0.38..8.39 rows=1 width=2088) (actual time=0.012..0.016 rows=1 loops=1)',), (""  Index Cond: ((email)::text = 'bctweknpfj@example.com'::text)"",), ('  Buffers: shared hit=4',), ('Planning Time: 0.034 ms',), ('Execution Time: 0.033 ms',)]"
973,BTREE,0.00031480789184570315,"[('Index Scan using idx_email_btree on user_app  (cost=0.25..8.27 rows=1 width=2088) (actual time=0.006..0.010 rows=1 loops=1)',), (""  Index Cond: ((email)::text = 'uzewqvbfoc@example.com'::text)"",), ('  Buffers: shared hit=3',), ('Planning Time: 0.022 ms',), ('Execution Time: 0.020 ms',)]"
973,HASH,0.000507187843322754,"[('Index Scan using idx_email_hash on user_app  (cost=0.00..8.02 rows=1 width=2088) (actual time=0.009..0.014 rows=1 loops=1)',), (""  Index Cond: ((email)::text = 'mpimuchsri@example.com'::text)"",), ('  Buffers: shared hit=2',), ('Planning Time: 0.051 ms',), ('Execution Time: 0.034 ms',)]"
974,No Index,0.0002710103988647461,"[('Index Scan using uniq_user_app_email on user_app  (cost=0.38..8.39 rows=1 width=2088) (actual time=0.007..0.010 rows=1 loops=1)',), (""  Index Cond: ((email)::text = 'ditxtorzss@example.com'::text)"",), ('  Buffers: shared hit=4',), ('Planning Time: 0.017 ms',), ('Execution Time: 0.021 ms',)]"
974,BTREE,0.0002749443054199219,"[('Index Scan using idx_email_btree on user_app  (cost=0.25..8.27 rows=1 width=2088) (actual time=0.006..0.009 rows=1 loops=1)',), (""  Index Cond: ((email)::text = 'ttgsepkdyk@example.com'::text)"",), ('  Buffers: shared hit=3',), ('Planning Time: 0.019 ms',), ('Execution Time: 0.018 ms',)]"
974,HASH,0.0002132415771484375,"[('Index Scan using idx_email_hash on user_app  (cost=0.00..8.02 rows=1 width=2088) (actual time=0.009..0.013 rows=1 loops=1)',), (""  Index Cond: ((email)::text = 'peqaphuxac@example.com'::text)"",), ('  Buffers: shared hit=2',), ('Planning Time: 0.048 ms',), ('Execution Time: 0.030 ms',)]"
975,No Index,0.00023069381713867188,"[('Index Scan using uniq_user_app_email on user_app  (cost=0.38..8.39 rows=1 width=2088) (actual time=0.009..0.012 rows=1 loops=1)',), (""  Index Cond: ((email)::text = 'beqcvnxwty@example.com'::text)"",), ('  Buffers: shared hit=4',), ('Planning Time: 0.024 ms',), ('Execution Time: 0.023 ms',)]"
975,BTREE,0.00020122528076171875,"[('Index Scan using idx_email_btree on user_app  (cost=0.25..8.27 rows=1 width=2088) (actual time=0.007..0.009 rows=1 loops=1)',), (""  Index Cond: ((email)::text = 'jjwqronfqn@example.com'::text)"",), ('  Buffers: shared hit=3',), ('Planning Time: 0.024 ms',), ('Execution Time: 0.020 ms',)]"
975,HASH,0.0001861095428466797,"[('Index Scan using idx_email_hash on user_app  (cost=0.00..8.02 rows=1 width=2088) (actual time=0.004..0.007 rows=1 loops=1)',), (""  Index Cond: ((email)::text = 'ugczljuref@example.com'::text)"",), ('  Buffers: shared hit=2',), ('Planning Time: 0.019 ms',), ('Execution Time: 0.016 ms',)]"
976,No Index,0.0001930713653564453,"[('Index Scan using uniq_user_app_email on user_app  (cost=0.38..8.39 rows=1 width=2088) (actual time=0.007..0.010 rows=1 loops=1)',), (""  Index Cond: ((email)::text = 'rpoxfezpxw@example.com'::text)"",), ('  Buffers: shared hit=4',), ('Planning Time: 0.019 ms',), ('Execution Time: 0.020 ms',)]"
976,BTREE,0.0005563497543334961,"[('Index Scan using idx_email_btree on user_app  (cost=0.25..8.27 rows=1 width=2088) (actual time=0.019..0.023 rows=1 loops=1)',), (""  Index Cond: ((email)::text = 'hybqsnmjrl@example.com'::text)"",), ('  Buffers: shared hit=3',), ('Planning Time: 0.062 ms',), ('Execution Time: 0.041 ms',)]"
976,HASH,0.00018613338470458985,"[('Index Scan using idx_email_hash on user_app  (cost=0.00..8.02 rows=1 width=2088) (actual time=0.004..0.007 rows=1 loops=1)',), (""  Index Cond: ((email)::text = 'hpguaoucvz@example.com'::text)"",), ('  Buffers: shared hit=2',), ('Planning Time: 0.019 ms',), ('Execution Time: 0.016 ms',)]"
977,No Index,0.000346684455871582,"[('Index Scan using uniq_user_app_email on user_app  (cost=0.38..8.39 rows=1 width=2088) (actual time=0.020..0.024 rows=1 loops=1)',), (""  Index Cond: ((email)::text = 'ldkruippod@example.com'::text)"",), ('  Buffers: shared hit=4',), ('Planning Time: 0.046 ms',), ('Execution Time: 0.044 ms',)]"
977,BTREE,0.00020844936370849608,"[('Index Scan using idx_email_btree on user_app  (cost=0.25..8.27 rows=1 width=2088) (actual time=0.007..0.010 rows=1 loops=1)',), (""  Index Cond: ((email)::text = 'otbpvjurft@example.com'::text)"",), ('  Buffers: shared hit=3',), ('Planning Time: 0.026 ms',), ('Execution Time: 0.021 ms',)]"
977,HASH,0.0005173444747924805,"[('Index Scan using idx_email_hash on user_app  (cost=0.00..8.02 rows=1 width=2088) (actual time=0.010..0.014 rows=1 loops=1)',), (""  Index Cond: ((email)::text = 'nypcocjtgb@example.com'::text)"",), ('  Buffers: shared hit=2',), ('Planning Time: 0.056 ms',), ('Execution Time: 0.033 ms',)]"
978,No Index,0.00022764205932617186,"[('Index Scan using uniq_user_app_email on user_app  (cost=0.38..8.39 rows=1 width=2088) (actual time=0.006..0.009 rows=1 loops=1)',), (""  Index Cond: ((email)::text = 'wanzyiqlmj@example.com'::text)"",), ('  Buffers: shared hit=4',), ('Planning Time: 0.018 ms',), ('Execution Time: 0.019 ms',)]"
978,BTREE,0.00026450157165527346,"[('Index Scan using idx_email_btree on user_app  (cost=0.25..8.27 rows=1 width=2088) (actual time=0.006..0.008 rows=1 loops=1)',), (""  Index Cond: ((email)::text = 'xszpgqyfoy@example.com'::text)"",), ('  Buffers: shared hit=3',), ('Planning Time: 0.021 ms',), ('Execution Time: 0.019 ms',)]"
978,HASH,0.0005298137664794921,"[('Index Scan using idx_email_hash on user_app  (cost=0.00..8.02 rows=1 width=2088) (actual time=0.012..0.015 rows=1 loops=1)',), (""  Index Cond: ((email)::text = 'tchlohjnxc@example.com'::text)"",), ('  Buffers: shared hit=2',), ('Planning Time: 0.050 ms',), ('Execution Time: 0.030 ms',)]"
979,No Index,0.0005475521087646484,"[('Index Scan using uniq_user_app_email on user_app  (cost=0.38..8.39 rows=1 width=2088) (actual time=0.017..0.021 rows=1 loops=1)',), (""  Index Cond: ((email)::text = 'aaetavptva@example.com'::text)"",), ('  Buffers: shared hit=4',), ('Planning Time: 0.047 ms',), ('Execution Time: 0.041 ms',)]"
979,BTREE,0.00019304752349853517,"[('Index Scan using idx_email_btree on user_app  (cost=0.25..8.27 rows=1 width=2088) (actual time=0.006..0.009 rows=1 loops=1)',), (""  Index Cond: ((email)::text = 'smfqzzijeb@example.com'::text)"",), ('  Buffers: shared hit=3',), ('Planning Time: 0.021 ms',), ('Execution Time: 0.019 ms',)]"
979,HASH,0.0006782054901123047,"[('Index Scan using idx_email_hash on user_app  (cost=0.00..8.02 rows=1 width=2088) (actual time=0.010..0.014 rows=1 loops=1)',), (""  Index Cond: ((email)::text = 'zgehyznezu@example.com'::text)"",), ('  Buffers: shared hit=2',), ('Planning Time: 0.061 ms',), ('Execution Time: 0.034 ms',)]"
980,No Index,0.00025551319122314454,"[('Index Scan using uniq_user_app_email on user_app  (cost=0.38..8.39 rows=1 width=2088) (actual time=0.007..0.010 rows=1 loops=1)',), (""  Index Cond: ((email)::text = 'vqpatmhbgq@example.com'::text)"",), ('  Buffers: shared hit=4',), ('Planning Time: 0.020 ms',), ('Execution Time: 0.020 ms',)]"
980,BTREE,0.0001935720443725586,"[('Index Scan using idx_email_btree on user_app  (cost=0.25..8.27 rows=1 width=2088) (actual time=0.005..0.008 rows=1 loops=1)',), (""  Index Cond: ((email)::text = 'trhyjtlecm@example.com'::text)"",), ('  Buffers: shared hit=3',), ('Planning Time: 0.020 ms',), ('Execution Time: 0.017 ms',)]"
980,HASH,0.00018949508666992186,"[('Index Scan using idx_email_hash on user_app  (cost=0.00..8.02 rows=1 width=2088) (actual time=0.004..0.007 rows=1 loops=1)',), (""  Index Cond: ((email)::text = 'itodgnziyu@example.com'::text)"",), ('  Buffers: shared hit=2',), ('Planning Time: 0.019 ms',), ('Execution Time: 0.016 ms',)]"
981,No Index,0.00025560855865478513,"[('Index Scan using uniq_user_app_email on user_app  (cost=0.38..8.39 rows=1 width=2088) (actual time=0.008..0.011 rows=1 loops=1)',), (""  Index Cond: ((email)::text = 'lamsnmdyox@example.com'::text)"",), ('  Buffers: shared hit=4',), ('Planning Time: 0.020 ms',), ('Execution Time: 0.021 ms',)]"
981,BTREE,0.000286412239074707,"[('Index Scan using idx_email_btree on user_app  (cost=0.25..8.27 rows=1 width=2088) (actual time=0.008..0.011 rows=1 loops=1)',), (""  Index Cond: ((email)::text = 'rglaizdroe@example.com'::text)"",), ('  Buffers: shared hit=3',), ('Planning Time: 0.030 ms',), ('Execution Time: 0.021 ms',)]"
981,HASH,0.0002840757369995117,"[('Index Scan using idx_email_hash on user_app  (cost=0.00..8.02 rows=1 width=2088) (actual time=0.008..0.012 rows=1 loops=1)',), (""  Index Cond: ((email)::text = 'zsxsbysnyo@example.com'::text)"",), ('  Buffers: shared hit=2',), ('Planning Time: 0.031 ms',), ('Execution Time: 0.025 ms',)]"
982,No Index,0.00029833316802978515,"[('Index Scan using uniq_user_app_email on user_app  (cost=0.38..8.39 rows=1 width=2088) (actual time=0.008..0.011 rows=1 loops=1)',), (""  Index Cond: ((email)::text = 'gyrcjdmzig@example.com'::text)"",), ('  Buffers: shared hit=4',), ('Planning Time: 0.021 ms',), ('Execution Time: 0.021 ms',)]"
982,BTREE,0.0002747774124145508,"[('Index Scan using idx_email_btree on user_app  (cost=0.25..8.27 rows=1 width=2088) (actual time=0.006..0.009 rows=1 loops=1)',), (""  Index Cond: ((email)::text = 'gqeltptpzk@example.com'::text)"",), ('  Buffers: shared hit=3',), ('Planning Time: 0.023 ms',), ('Execution Time: 0.020 ms',)]"
982,HASH,0.00025708675384521483,"[('Index Scan using idx_email_hash on user_app  (cost=0.00..8.02 rows=1 width=2088) (actual time=0.005..0.007 rows=1 loops=1)',), (""  Index Cond: ((email)::text = 'powfxqkcmp@example.com'::text)"",), ('  Buffers: shared hit=2',), ('Planning Time: 0.025 ms',), ('Execution Time: 0.017 ms',)]"
983,No Index,0.0003027915954589844,"[('Index Scan using uniq_user_app_email on user_app  (cost=0.38..8.39 rows=1 width=2088) (actual time=0.015..0.018 rows=1 loops=1)',), (""  Index Cond: ((email)::text = 'nawtixgofy@example.com'::text)"",), ('  Buffers: shared hit=4',), ('Planning Time: 0.040 ms',), ('Execution Time: 0.032 ms',)]"
983,BTREE,0.000580453872680664,"[('Index Scan using idx_email_btree on user_app  (cost=0.25..8.27 rows=1 width=2088) (actual time=0.020..0.024 rows=1 loops=1)',), (""  Index Cond: ((email)::text = 'grzqhbefji@example.com'::text)"",), ('  Buffers: shared hit=3',), ('Planning Time: 0.067 ms',), ('Execution Time: 0.043 ms',)]"
983,HASH,0.00046923160552978513,"[('Index Scan using idx_email_hash on user_app  (cost=0.00..8.02 rows=1 width=2088) (actual time=0.009..0.014 rows=1 loops=1)',), (""  Index Cond: ((email)::text = 'vahehzvutk@example.com'::text)"",), ('  Buffers: shared hit=2',), ('Planning Time: 0.051 ms',), ('Execution Time: 0.033 ms',)]"
984,No Index,0.00026772022247314455,"[('Index Scan using uniq_user_app_email on user_app  (cost=0.38..8.39 rows=1 width=2088) (actual time=0.009..0.012 rows=1 loops=1)',), (""  Index Cond: ((email)::text = 'mflacxrsqv@example.com'::text)"",), ('  Buffers: shared hit=4',), ('Planning Time: 0.023 ms',), ('Execution Time: 0.025 ms',)]"
984,BTREE,0.0002222299575805664,"[('Index Scan using idx_email_btree on user_app  (cost=0.25..8.27 rows=1 width=2088) (actual time=0.006..0.009 rows=1 loops=1)',), (""  Index Cond: ((email)::text = 'bkxdtqodqg@example.com'::text)"",), ('  Buffers: shared hit=3',), ('Planning Time: 0.020 ms',), ('Execution Time: 0.020 ms',)]"
984,HASH,0.0002036571502685547,"[('Index Scan using idx_email_hash on user_app  (cost=0.00..8.02 rows=1 width=2088) (actual time=0.003..0.006 rows=1 loops=1)',), (""  Index Cond: ((email)::text = 'loolzjsicp@example.com'::text)"",), ('  Buffers: shared hit=2',), ('Planning Time: 0.019 ms',), ('Execution Time: 0.017 ms',)]"
985,No Index,0.00026078224182128905,"[('Index Scan using uniq_user_app_email on user_app  (cost=0.38..8.39 rows=1 width=2088) (actual time=0.007..0.010 rows=1 loops=1)',), (""  Index Cond: ((email)::text = 'aoufxswmcs@example.com'::text)"",), ('  Buffers: shared hit=4',), ('Planning Time: 0.017 ms',), ('Execution Time: 0.020 ms',)]"
985,BTREE,0.00019598007202148438,"[('Index Scan using idx_email_btree on user_app  (cost=0.25..8.27 rows=1 width=2088) (actual time=0.005..0.008 rows=1 loops=1)',), (""  Index Cond: ((email)::text = 'xdykeoavio@example.com'::text)"",), ('  Buffers: shared hit=3',), ('Planning Time: 0.020 ms',), ('Execution Time: 0.019 ms',)]"
985,HASH,0.00025331974029541016,"[('Index Scan using idx_email_hash on user_app  (cost=0.00..8.02 rows=1 width=2088) (actual time=0.003..0.006 rows=1 loops=1)',), (""  Index Cond: ((email)::text = 'mnbyfojshm@example.com'::text)"",), ('  Buffers: shared hit=2',), ('Planning Time: 0.018 ms',), ('Execution Time: 0.017 ms',)]"
986,No Index,0.0005806684494018555,"[('Index Scan using uniq_user_app_email on user_app  (cost=0.38..8.39 rows=1 width=2088) (actual time=0.021..0.025 rows=1 loops=1)',), (""  Index Cond: ((email)::text = 'nvgogofjmw@example.com'::text)"",), ('  Buffers: shared hit=4',), ('Planning Time: 0.058 ms',), ('Execution Time: 0.048 ms',)]"
986,BTREE,0.0004696846008300781,"[('Index Scan using idx_email_btree on user_app  (cost=0.25..8.27 rows=1 width=2088) (actual time=0.013..0.018 rows=1 loops=1)',), (""  Index Cond: ((email)::text = 'mjvzblcdjn@example.com'::text)"",), ('  Buffers: shared hit=3',), ('Planning Time: 0.050 ms',), ('Execution Time: 0.037 ms',)]"
986,HASH,0.00023264884948730468,"[('Index Scan using idx_email_hash on user_app  (cost=0.00..8.02 rows=1 width=2088) (actual time=0.012..0.015 rows=1 loops=1)',), (""  Index Cond: ((email)::text = 'oiredaggfs@example.com'::text)"",), ('  Buffers: shared hit=2',), ('Planning Time: 0.057 ms',), ('Execution Time: 0.030 ms',)]"
987,No Index,0.00026562213897705076,"[('Index Scan using uniq_user_app_email on user_app  (cost=0.38..8.39 rows=1 width=2088) (actual time=0.008..0.010 rows=1 loops=1)',), (""  Index Cond: ((email)::text = 'rngmreftgx@example.com'::text)"",), ('  Buffers: shared hit=4',), ('Planning Time: 0.027 ms',), ('Execution Time: 0.021 ms',)]"
987,BTREE,0.00032052993774414065,"[('Index Scan using idx_email_btree on user_app  (cost=0.25..8.27 rows=1 width=2088) (actual time=0.006..0.009 rows=1 loops=1)',), (""  Index Cond: ((email)::text = 'gvdnhgyayj@example.com'::text)"",), ('  Buffers: shared hit=3',), ('Planning Time: 0.022 ms',), ('Execution Time: 0.020 ms',)]"
987,HASH,0.00024526119232177735,"[('Index Scan using idx_email_hash on user_app  (cost=0.00..8.02 rows=1 width=2088) (actual time=0.007..0.011 rows=1 loops=1)',), (""  Index Cond: ((email)::text = 'ewcgaipolh@example.com'::text)"",), ('  Buffers: shared hit=2',), ('Planning Time: 0.030 ms',), ('Execution Time: 0.021 ms',)]"
988,No Index,0.00019855499267578124,"[('Index Scan using uniq_user_app_email on user_app  (cost=0.38..8.39 rows=1 width=2088) (actual time=0.006..0.009 rows=1 loops=1)',), (""  Index Cond: ((email)::text = 'qzwtjmzrqr@example.com'::text)"",), ('  Buffers: shared hit=4',), ('Planning Time: 0.018 ms',), ('Execution Time: 0.020 ms',)]"
988,BTREE,0.00036687850952148436,"[('Index Scan using idx_email_btree on user_app  (cost=0.25..8.27 rows=1 width=2088) (actual time=0.007..0.009 rows=1 loops=1)',), (""  Index Cond: ((email)::text = 'hjjfpgekbw@example.com'::text)"",), ('  Buffers: shared hit=3',), ('Planning Time: 0.024 ms',), ('Execution Time: 0.021 ms',)]"
988,HASH,0.0003232479095458984,"[('Index Scan using idx_email_hash on user_app  (cost=0.00..8.02 rows=1 width=2088) (actual time=0.004..0.007 rows=1 loops=1)',), (""  Index Cond: ((email)::text = 'yyxlnwcfdl@example.com'::text)"",), ('  Buffers: shared hit=2',), ('Planning Time: 0.020 ms',), ('Execution Time: 0.018 ms',)]"
989,No Index,0.00038089752197265623,"[('Index Scan using uniq_user_app_email on user_app  (cost=0.38..8.39 rows=1 width=2088) (actual time=0.010..0.013 rows=1 loops=1)',), (""  Index Cond: ((email)::text = 'svncnzreat@example.com'::text)"",), ('  Buffers: shared hit=4',), ('Planning Time: 0.024 ms',), ('Execution Time: 0.022 ms',)]"
989,BTREE,0.00022192001342773436,"[('Index Scan using idx_email_btree on user_app  (cost=0.25..8.27 rows=1 width=2088) (actual time=0.006..0.009 rows=1 loops=1)',), (""  Index Cond: ((email)::text = 'sxvnhrkris@example.com'::text)"",), ('  Buffers: shared hit=3',), ('Planning Time: 0.019 ms',), ('Execution Time: 0.019 ms',)]"
989,HASH,0.00033354759216308594,"[('Index Scan using idx_email_hash on user_app  (cost=0.00..8.02 rows=1 width=2088) (actual time=0.005..0.009 rows=1 loops=1)',), (""  Index Cond: ((email)::text = 'yajgofxero@example.com'::text)"",), ('  Buffers: shared hit=2',), ('Planning Time: 0.029 ms',), ('Execution Time: 0.022 ms',)]"
990,No Index,0.000617361068725586,"[('Index Scan using uniq_user_app_email on user_app  (cost=0.38..8.39 rows=1 width=2088) (actual time=0.018..0.023 rows=1 loops=1)',), (""  Index Cond: ((email)::text = 'ypztykvlzp@example.com'::text)"",), ('  Buffers: shared hit=4',), ('Planning Time: 0.053 ms',), ('Execution Time: 0.045 ms',)]"
990,BTREE,0.00028619766235351565,"[('Index Scan using idx_email_btree on user_app  (cost=0.25..8.27 rows=1 width=2088) (actual time=0.007..0.010 rows=1 loops=1)',), (""  Index Cond: ((email)::text = 'rvfhlyeuoy@example.com'::text)"",), ('  Buffers: shared hit=3',), ('Planning Time: 0.023 ms',), ('Execution Time: 0.020 ms',)]"
990,HASH,0.0002514362335205078,"[('Index Scan using idx_email_hash on user_app  (cost=0.00..8.02 rows=1 width=2088) (actual time=0.004..0.007 rows=1 loops=1)',), (""  Index Cond: ((email)::text = 'zvkysuybac@example.com'::text)"",), ('  Buffers: shared hit=2',), ('Planning Time: 0.019 ms',), ('Execution Time: 0.018 ms',)]"
991,No Index,0.0003357410430908203,"[('Index Scan using uniq_user_app_email on user_app  (cost=0.38..8.39 rows=1 width=2088) (actual time=0.007..0.010 rows=1 loops=1)',), (""  Index Cond: ((email)::text = 'rnlbhzjkjb@example.com'::text)"",), ('  Buffers: shared hit=4',), ('Planning Time: 0.017 ms',), ('Execution Time: 0.020 ms',)]"
991,BTREE,0.0002628803253173828,"[('Index Scan using idx_email_btree on user_app  (cost=0.25..8.27 rows=1 width=2088) (actual time=0.005..0.008 rows=1 loops=1)',), (""  Index Cond: ((email)::text = 'yjuimpbyba@example.com'::text)"",), ('  Buffers: shared hit=3',), ('Planning Time: 0.019 ms',), ('Execution Time: 0.018 ms',)]"
991,HASH,0.00019414424896240233,"[('Index Scan using idx_email_hash on user_app  (cost=0.00..8.02 rows=1 width=2088) (actual time=0.004..0.007 rows=1 loops=1)',), (""  Index Cond: ((email)::text = 'prwbcmferq@example.com'::text)"",), ('  Buffers: shared hit=2',), ('Planning Time: 0.020 ms',), ('Execution Time: 0.017 ms',)]"
992,No Index,0.0004023075103759766,"[('Index Scan using uniq_user_app_email on user_app  (cost=0.38..8.39 rows=1 width=2088) (actual time=0.010..0.012 rows=1 loops=1)',), (""  Index Cond: ((email)::text = 'gxkgrbkjzz@example.com'::text)"",), ('  Buffers: shared hit=4',), ('Planning Time: 0.025 ms',), ('Execution Time: 0.024 ms',)]"
992,BTREE,0.000263214111328125,"[('Index Scan using idx_email_btree on user_app  (cost=0.25..8.27 rows=1 width=2088) (actual time=0.006..0.008 rows=1 loops=1)',), (""  Index Cond: ((email)::text = 'rclelyifum@example.com'::text)"",), ('  Buffers: shared hit=3',), ('Planning Time: 0.021 ms',), ('Execution Time: 0.020 ms',)]"
992,HASH,0.0002825736999511719,"[('Index Scan using idx_email_hash on user_app  (cost=0.00..8.02 rows=1 width=2088) (actual time=0.007..0.010 rows=1 loops=1)',), (""  Index Cond: ((email)::text = 'ylleqdbyzp@example.com'::text)"",), ('  Buffers: shared hit=2',), ('Planning Time: 0.036 ms',), ('Execution Time: 0.025 ms',)]"
993,No Index,0.00025813579559326173,"[('Index Scan using uniq_user_app_email on user_app  (cost=0.38..8.39 rows=1 width=2088) (actual time=0.007..0.009 rows=1 loops=1)',), (""  Index Cond: ((email)::text = 'pubwwunmdt@example.com'::text)"",), ('  Buffers: shared hit=4',), ('Planning Time: 0.017 ms',), ('Execution Time: 0.020 ms',)]"
993,BTREE,0.00025124549865722655,"[('Index Scan using idx_email_btree on user_app  (cost=0.25..8.27 rows=1 width=2088) (actual time=0.006..0.008 rows=1 loops=1)',), (""  Index Cond: ((email)::text = 'ldahekqjzu@example.com'::text)"",), ('  Buffers: shared hit=3',), ('Planning Time: 0.020 ms',), ('Execution Time: 0.018 ms',)]"
993,HASH,0.0003061771392822266,"[('Index Scan using idx_email_hash on user_app  (cost=0.00..8.02 rows=1 width=2088) (actual time=0.007..0.010 rows=1 loops=1)',), (""  Index Cond: ((email)::text = 'gyptsuwqlr@example.com'::text)"",), ('  Buffers: shared hit=2',), ('Planning Time: 0.038 ms',), ('Execution Time: 0.027 ms',)]"
994,No Index,0.00022532939910888672,"[('Index Scan using uniq_user_app_email on user_app  (cost=0.38..8.39 rows=1 width=2088) (actual time=0.007..0.010 rows=1 loops=1)',), (""  Index Cond: ((email)::text = 'iqszdulfqc@example.com'::text)"",), ('  Buffers: shared hit=4',), ('Planning Time: 0.017 ms',), ('Execution Time: 0.020 ms',)]"
994,BTREE,0.0006027460098266601,"[('Index Scan using idx_email_btree on user_app  (cost=0.25..8.27 rows=1 width=2088) (actual time=0.011..0.016 rows=1 loops=1)',), (""  Index Cond: ((email)::text = 'pehossedtv@example.com'::text)"",), ('  Buffers: shared hit=3',), ('Planning Time: 0.044 ms',), ('Execution Time: 0.033 ms',)]"
994,HASH,0.0004065990447998047,"[('Index Scan using idx_email_hash on user_app  (cost=0.00..8.02 rows=1 width=2088) (actual time=0.004..0.007 rows=1 loops=1)',), (""  Index Cond: ((email)::text = 'iaquqzdmwr@example.com'::text)"",), ('  Buffers: shared hit=2',), ('Planning Time: 0.019 ms',), ('Execution Time: 0.017 ms',)]"
995,No Index,0.0003073692321777344,"[('Index Scan using uniq_user_app_email on user_app  (cost=0.38..8.39 rows=1 width=2088) (actual time=0.008..0.010 rows=1 loops=1)',), (""  Index Cond: ((email)::text = 'hqdlzhjpbe@example.com'::text)"",), ('  Buffers: shared hit=4',), ('Planning Time: 0.021 ms',), ('Execution Time: 0.021 ms',)]"
995,BTREE,0.00027527809143066404,"[('Index Scan using idx_email_btree on user_app  (cost=0.25..8.27 rows=1 width=2088) (actual time=0.006..0.009 rows=1 loops=1)',), (""  Index Cond: ((email)::text = 'tuioctnyix@example.com'::text)"",), ('  Buffers: shared hit=3',), ('Planning Time: 0.023 ms',), ('Execution Time: 0.019 ms',)]"
995,HASH,0.000262761116027832,"[('Index Scan using idx_email_hash on user_app  (cost=0.00..8.02 rows=1 width=2088) (actual time=0.006..0.009 rows=1 loops=1)',), (""  Index Cond: ((email)::text = 'qsaulefnro@example.com'::text)"",), ('  Buffers: shared hit=2',), ('Planning Time: 0.027 ms',), ('Execution Time: 0.022 ms',)]"
996,No Index,0.0004701375961303711,"[('Index Scan using uniq_user_app_email on user_app  (cost=0.38..8.39 rows=1 width=2088) (actual time=0.017..0.022 rows=1 loops=1)',), (""  Index Cond: ((email)::text = 'ijhccapfbw@example.com'::text)"",), ('  Buffers: shared hit=4',), ('Planning Time: 0.046 ms',), ('Execution Time: 0.042 ms',)]"
996,BTREE,0.00031890869140625,"[('Index Scan using idx_email_btree on user_app  (cost=0.25..8.27 rows=1 width=2088) (actual time=0.007..0.010 rows=1 loops=1)',), (""  Index Cond: ((email)::text = 'kmgtfwhmdo@example.com'::text)"",), ('  Buffers: shared hit=3',), ('Planning Time: 0.024 ms',), ('Execution Time: 0.021 ms',)]"
996,HASH,0.0002508640289306641,"[('Index Scan using idx_email_hash on user_app  (cost=0.00..8.02 rows=1 width=2088) (actual time=0.004..0.007 rows=1 loops=1)',), (""  Index Cond: ((email)::text = 'ulhwroanve@example.com'::text)"",), ('  Buffers: shared hit=2',), ('Planning Time: 0.021 ms',), ('Execution Time: 0.018 ms',)]"
997,No Index,0.00031740665435791015,"[('Index Scan using uniq_user_app_email on user_app  (cost=0.38..8.39 rows=1 width=2088) (actual time=0.007..0.010 rows=1 loops=1)',), (""  Index Cond: ((email)::text = 'bqmkuqqlov@example.com'::text)"",), ('  Buffers: shared hit=4',), ('Planning Time: 0.017 ms',), ('Execution Time: 0.020 ms',)]"
997,BTREE,0.0002491474151611328,"[('Index Scan using idx_email_btree on user_app  (cost=0.25..8.27 rows=1 width=2088) (actual time=0.005..0.009 rows=1 loops=1)',), (""  Index Cond: ((email)::text = 'koenunzsrh@example.com'::text)"",), ('  Buffers: shared hit=3',), ('Planning Time: 0.022 ms',), ('Execution Time: 0.019 ms',)]"
997,HASH,0.0002589225769042969,"[('Index Scan using idx_email_hash on user_app  (cost=0.00..8.02 rows=1 width=2088) (actual time=0.004..0.007 rows=1 loops=1)',), (""  Index Cond: ((email)::text = 'gzoqjsylyc@example.com'::text)"",), ('  Buffers: shared hit=2',), ('Planning Time: 0.022 ms',), ('Execution Time: 0.018 ms',)]"
998,No Index,0.0002510547637939453,"[('Index Scan using uniq_user_app_email on user_app  (cost=0.38..8.39 rows=1 width=2088) (actual time=0.008..0.011 rows=1 loops=1)',), (""  Index Cond: ((email)::text = 'umyhyiyhzw@example.com'::text)"",), ('  Buffers: shared hit=4',), ('Planning Time: 0.019 ms',), ('Execution Time: 0.022 ms',)]"
998,BTREE,0.0002718925476074219,"[('Index Scan using idx_email_btree on user_app  (cost=0.25..8.27 rows=1 width=2088) (actual time=0.007..0.010 rows=1 loops=1)',), (""  Index Cond: ((email)::text = 'wjukhixzip@example.com'::text)"",), ('  Buffers: shared hit=3',), ('Planning Time: 0.023 ms',), ('Execution Time: 0.021 ms',)]"
998,HASH,0.00027217864990234373,"[('Index Scan using idx_email_hash on user_app  (cost=0.00..8.02 rows=1 width=2088) (actual time=0.008..0.011 rows=1 loops=1)',), (""  Index Cond: ((email)::text = 'pqpjqiuiba@example.com'::text)"",), ('  Buffers: shared hit=2',), ('Planning Time: 0.041 ms',), ('Execution Time: 0.024 ms',)]"
999,No Index,0.0002786159515380859,"[('Index Scan using uniq_user_app_email on user_app  (cost=0.38..8.39 rows=1 width=2088) (actual time=0.008..0.010 rows=1 loops=1)',), (""  Index Cond: ((email)::text = 'owwroujwhx@example.com'::text)"",), ('  Buffers: shared hit=4',), ('Planning Time: 0.020 ms',), ('Execution Time: 0.022 ms',)]"
999,BTREE,0.0002584934234619141,"[('Index Scan using idx_email_btree on user_app  (cost=0.25..8.27 rows=1 width=2088) (actual time=0.004..0.007 rows=1 loops=1)',), (""  Index Cond: ((email)::text = 'pxxxcnebaa@example.com'::text)"",), ('  Buffers: shared hit=3',), ('Planning Time: 0.019 ms',), ('Execution Time: 0.019 ms',)]"
999,HASH,0.00028560161590576174,"[('Index Scan using idx_email_hash on user_app  (cost=0.00..8.02 rows=1 width=2088) (actual time=0.008..0.010 rows=1 loops=1)',), (""  Index Cond: ((email)::text = 'zcjyfowmwx@example.com'::text)"",), ('  Buffers: shared hit=2',), ('Planning Time: 0.036 ms',), ('Execution Time: 0.024 ms',)]"
