Number of Records,Index Type,Query Time (s),EXPLAIN Plan
10000,No Index,20138.773441314697,"[('Hash Join  (cost=361.28..500.11 rows=289 width=4178) (actual time=122.635..160.463 rows=8036 loops=1)',), ('  Hash Cond: (t.table_id = ta.id_table)',), ('  Buffers: shared hit=455',), ('  ->  Seq Scan on task t  (cost=0.00..132.68 rows=868 width=1086) (actual time=0.007..12.804 rows=10000 loops=1)',), ('        Buffers: shared hit=124',), ('  ->  Hash  (cost=358.31..358.31 rows=238 width=3100) (actual time=122.612..122.633 rows=8028 loops=1)',), ('        Buckets: 8192 (originally 1024)  Batches: 1 (originally 1)  Memory Usage: 1350kB',), ('        Buffers: shared hit=331',), ('        ->  Hash Join  (cost=203.10..358.31 rows=238 width=3100) (actual time=72.902..110.501 rows=8028 loops=1)',), ('              Hash Cond: (ta.project_id = p.id_project)',), ('              Buffers: shared hit=331',), ('              ->  Seq Scan on table_app ta  (cost=0.00..150.15 rows=715 width=1040) (actual time=0.003..12.790 rows=10000 loops=1)',), ('                    Buffers: shared hit=143',), ('              ->  Hash  (cost=200.65..200.65 rows=196 width=2068) (actual time=72.885..72.898 rows=8034 loops=1)',), ('                    Buckets: 8192 (originally 1024)  Batches: 1 (originally 1)  Memory Usage: 849kB',), ('                    Buffers: shared hit=188',), ('                    ->  Hash Join  (cost=109.20..200.65 rows=196 width=2068) (actual time=23.501..61.046 rows=8034 loops=1)',), ('                          Hash Cond: (p.user_id = ua.id_user)',), ('                          Buffers: shared hit=188',), ('                          ->  Seq Scan on project p  (cost=0.00..89.88 rows=588 width=1040) (actual time=0.005..12.765 rows=10000 loops=1)',), ('                                Buffers: shared hit=84',), ('                          ->  Hash  (cost=107.90..107.90 rows=104 width=1036) (actual time=23.476..23.481 rows=8051 loops=1)',), ('                                Buckets: 8192 (originally 1024)  Batches: 1 (originally 1)  Memory Usage: 599kB',), ('                                Buffers: shared hit=104',), ('                                ->  Seq Scan on user_app ua  (cost=0.00..107.90 rows=104 width=1036) (actual time=0.008..12.061 rows=8051 loops=1)',), (""                                      Filter: ((email)::text > 'falcnerdah@example.com'::text)"",), ('                                      Rows Removed by Filter: 1949',), ('                                      Buffers: shared hit=104',), ('Planning Time: 0.158 ms',), ('Execution Time: 171.633 ms',)]"
10000,BTREE,28066.69855117798,"[('Hash Join  (cost=724.58..867.45 rows=694 width=2175) (actual time=141.006..178.517 rows=8036 loops=1)',), ('  Hash Cond: (t.table_id = ta.id_table)',), ('  Buffers: shared hit=30351',), ('  ->  Seq Scan on task t  (cost=0.00..132.68 rows=868 width=1086) (actual time=0.006..12.910 rows=10000 loops=1)',), ('        Buffers: shared hit=124',), ('  ->  Hash  (cost=717.43..717.43 rows=572 width=1097) (actual time=140.987..141.006 rows=8028 loops=1)',), ('        Buckets: 8192 (originally 1024)  Batches: 1 (originally 1)  Memory Usage: 1350kB',), ('        Buffers: shared hit=30227',), ('        ->  Nested Loop  (cost=309.29..717.43 rows=572 width=1097) (actual time=27.206..128.528 rows=8028 loops=1)',), ('              Buffers: shared hit=30227',), ('              ->  Hash Join  (cost=309.00..461.03 rows=715 width=1072) (actual time=27.181..67.671 rows=10000 loops=1)',), ('                    Hash Cond: (ta.project_id = p.id_project)',), ('                    Buffers: shared hit=227',), ('                    ->  Seq Scan on table_app ta  (cost=0.00..150.15 rows=715 width=1040) (actual time=0.004..12.875 rows=10000 loops=1)',), ('                          Buffers: shared hit=143',), ('                    ->  Hash  (cost=184.00..184.00 rows=10000 width=40) (actual time=27.159..27.164 rows=10000 loops=1)',), ('                          Buckets: 16384  Batches: 1  Memory Usage: 832kB',), ('                          Buffers: shared hit=84',), ('                          ->  Seq Scan on project p  (cost=0.00..184.00 rows=10000 width=40) (actual time=0.005..13.251 rows=10000 loops=1)',), ('                                Buffers: shared hit=84',), ('              ->  Index Scan using idx_user_id_btree on user_app ua  (cost=0.29..0.36 rows=1 width=33) (actual time=0.002..0.002 rows=1 loops=10000)',), ('                    Index Cond: (id_user = p.user_id)',), (""                    Filter: ((email)::text > 'falcnerdah@example.com'::text)"",), ('                    Rows Removed by Filter: 0',), ('                    Buffers: shared hit=30000',), ('Planning:',), ('  Buffers: shared hit=12',), ('Planning Time: 0.225 ms',), ('Execution Time: 188.772 ms',)]"
10000,HASH,19560.35280227661,"[('Hash Join  (cost=522.72..661.55 rows=289 width=4178) (actual time=120.407..157.389 rows=8036 loops=1)',), ('  Hash Cond: (t.table_id = ta.id_table)',), ('  Buffers: shared hit=455',), ('  ->  Seq Scan on task t  (cost=0.00..132.68 rows=868 width=1086) (actual time=0.008..12.744 rows=10000 loops=1)',), ('        Buffers: shared hit=124',), ('  ->  Hash  (cost=519.75..519.75 rows=238 width=3100) (actual time=120.386..120.409 rows=8028 loops=1)',), ('        Buckets: 8192 (originally 1024)  Batches: 1 (originally 1)  Memory Usage: 1350kB',), ('        Buffers: shared hit=331',), ('        ->  Hash Join  (cost=364.54..519.75 rows=238 width=3100) (actual time=71.607..108.507 rows=8028 loops=1)',), ('              Hash Cond: (ta.project_id = p.id_project)',), ('              Buffers: shared hit=331',), ('              ->  Seq Scan on table_app ta  (cost=0.00..150.15 rows=715 width=1040) (actual time=0.004..12.787 rows=10000 loops=1)',), ('                    Buffers: shared hit=143',), ('              ->  Hash  (cost=362.09..362.09 rows=196 width=2068) (actual time=71.594..71.608 rows=8034 loops=1)',), ('                    Buckets: 8192 (originally 1024)  Batches: 1 (originally 1)  Memory Usage: 849kB',), ('                    Buffers: shared hit=188',), ('                    ->  Hash Join  (cost=270.66..362.09 rows=196 width=2068) (actual time=23.340..60.077 rows=8034 loops=1)',), ('                          Hash Cond: (p.user_id = ua.id_user)',), ('                          Buffers: shared hit=188',), ('                          ->  Seq Scan on project p  (cost=0.00..89.88 rows=588 width=1040) (actual time=0.005..12.565 rows=10000 loops=1)',), ('                                Buffers: shared hit=84',), ('                          ->  Hash  (cost=229.00..229.00 rows=3333 width=1036) (actual time=23.325..23.330 rows=8051 loops=1)',), ('                                Buckets: 8192 (originally 4096)  Batches: 1 (originally 1)  Memory Usage: 599kB',), ('                                Buffers: shared hit=104',), ('                                ->  Seq Scan on user_app ua  (cost=0.00..229.00 rows=3333 width=1036) (actual time=0.008..11.954 rows=8051 loops=1)',), (""                                      Filter: ((email)::text > 'falcnerdah@example.com'::text)"",), ('                                      Rows Removed by Filter: 1949',), ('                                      Buffers: shared hit=104',), ('Planning Time: 0.154 ms',), ('Execution Time: 167.793 ms',)]"
20000,No Index,30873.130321502686,"[('Hash Join  (cost=720.40..996.94 rows=577 width=4178) (actual time=192.051..259.276 rows=10178 loops=1)',), ('  Hash Cond: (t.table_id = ta.id_table)',), ('  Buffers: shared hit=907',), ('  ->  Seq Scan on task t  (cost=0.00..264.29 rows=1729 width=1086) (actual time=0.006..25.420 rows=20000 loops=1)',), ('        Buffers: shared hit=247',), ('  ->  Hash  (cost=714.44..714.44 rows=477 width=3100) (actual time=192.016..192.037 rows=10138 loops=1)',), ('        Buckets: 16384 (originally 1024)  Batches: 1 (originally 1)  Memory Usage: 1752kB',), ('        Buffers: shared hit=660',), ('        ->  Hash Join  (cost=404.01..714.44 rows=477 width=3100) (actual time=110.629..176.725 rows=10138 loops=1)',), ('              Hash Cond: (ta.project_id = p.id_project)',), ('              Buffers: shared hit=660',), ('              ->  Seq Scan on table_app ta  (cost=0.00..300.30 rows=1430 width=1040) (actual time=0.004..25.441 rows=20000 loops=1)',), ('                    Buffers: shared hit=286',), ('              ->  Hash  (cost=399.13..399.13 rows=390 width=2068) (actual time=110.611..110.625 rows=10124 loops=1)',), ('                    Buckets: 16384 (originally 1024)  Batches: 1 (originally 1)  Memory Usage: 1117kB',), ('                    Buffers: shared hit=374',), ('                    ->  Hash Join  (cost=217.35..399.13 rows=390 width=2068) (actual time=30.909..95.974 rows=10124 loops=1)',), ('                          Hash Cond: (p.user_id = ua.id_user)',), ('                          Buffers: shared hit=374',), ('                          ->  Seq Scan on project p  (cost=0.00..178.69 rows=1169 width=1040) (actual time=0.003..25.059 rows=20000 loops=1)',), ('                                Buffers: shared hit=167',), ('                          ->  Hash  (cost=214.76..214.76 rows=207 width=1036) (actual time=30.898..30.903 rows=10304 loops=1)',), ('                                Buckets: 16384 (originally 1024)  Batches: 1 (originally 1)  Memory Usage: 813kB',), ('                                Buffers: shared hit=207',), ('                                ->  Seq Scan on user_app ua  (cost=0.00..214.76 rows=207 width=1036) (actual time=0.008..16.277 rows=10304 loops=1)',), (""                                      Filter: ((email)::text > 'mnjuebzwlg@example.com'::text)"",), ('                                      Rows Removed by Filter: 9696',), ('                                      Buffers: shared hit=207',), ('Planning Time: 0.150 ms',), ('Execution Time: 272.223 ms',)]"
20000,BTREE,28823.485374450684,"[('Hash Join  (cost=1043.37..1319.91 rows=577 width=4178) (actual time=195.473..263.681 rows=10178 loops=1)',), ('  Hash Cond: (t.table_id = ta.id_table)',), ('  Buffers: shared hit=907',), ('  ->  Seq Scan on task t  (cost=0.00..264.29 rows=1729 width=1086) (actual time=0.008..25.389 rows=20000 loops=1)',), ('        Buffers: shared hit=247',), ('  ->  Hash  (cost=1037.40..1037.40 rows=477 width=3100) (actual time=195.437..195.460 rows=10138 loops=1)',), ('        Buckets: 16384 (originally 1024)  Batches: 1 (originally 1)  Memory Usage: 1752kB',), ('        Buffers: shared hit=660',), ('        ->  Hash Join  (cost=726.97..1037.40 rows=477 width=3100) (actual time=112.051..180.154 rows=10138 loops=1)',), ('              Hash Cond: (ta.project_id = p.id_project)',), ('              Buffers: shared hit=660',), ('              ->  Seq Scan on table_app ta  (cost=0.00..300.30 rows=1430 width=1040) (actual time=0.004..25.641 rows=20000 loops=1)',), ('                    Buffers: shared hit=286',), ('              ->  Hash  (cost=722.10..722.10 rows=390 width=2068) (actual time=112.034..112.049 rows=10124 loops=1)',), ('                    Buckets: 16384 (originally 1024)  Batches: 1 (originally 1)  Memory Usage: 1117kB',), ('                    Buffers: shared hit=374',), ('                    ->  Hash Join  (cost=540.34..722.10 rows=390 width=2068) (actual time=30.261..97.439 rows=10124 loops=1)',), ('                          Hash Cond: (p.user_id = ua.id_user)',), ('                          Buffers: shared hit=374',), ('                          ->  Seq Scan on project p  (cost=0.00..178.69 rows=1169 width=1040) (actual time=0.004..25.299 rows=20000 loops=1)',), ('                                Buffers: shared hit=167',), ('                          ->  Hash  (cost=457.00..457.00 rows=6667 width=1036) (actual time=30.221..30.227 rows=10304 loops=1)',), ('                                Buckets: 16384 (originally 8192)  Batches: 1 (originally 1)  Memory Usage: 813kB',), ('                                Buffers: shared hit=207',), ('                                ->  Seq Scan on user_app ua  (cost=0.00..457.00 rows=6667 width=1036) (actual time=0.007..15.847 rows=10304 loops=1)',), (""                                      Filter: ((email)::text > 'mnjuebzwlg@example.com'::text)"",), ('                                      Rows Removed by Filter: 9696',), ('                                      Buffers: shared hit=207',), ('Planning Time: 0.151 ms',), ('Execution Time: 276.787 ms',)]"
20000,HASH,49592.384815216064,"[('Nested Loop  (cost=1026.44..1711.85 rows=896 width=1210) (actual time=168.650..363.333 rows=10178 loops=1)',), ('  Buffers: shared hit=40700',), ('  ->  Hash Join  (cost=1026.44..1560.73 rows=1729 width=1185) (actual time=168.596..254.352 rows=20000 loops=1)',), ('        Hash Cond: (p.id_project = ta.project_id)',), ('        Buffers: shared hit=700',), ('        ->  Seq Scan on project p  (cost=0.00..367.00 rows=20000 width=40) (actual time=0.005..25.669 rows=20000 loops=1)',), ('              Buffers: shared hit=167',), ('        ->  Hash  (cost=1004.83..1004.83 rows=1729 width=1153) (actual time=168.578..168.592 rows=20000 loops=1)',), ('              Buckets: 32768 (originally 2048)  Batches: 1 (originally 1)  Memory Usage: 3079kB',), ('              Buffers: shared hit=533',), ('              ->  Hash Join  (cost=736.00..1004.83 rows=1729 width=1153) (actual time=55.920..138.323 rows=20000 loops=1)',), ('                    Hash Cond: (t.table_id = ta.id_table)',), ('                    Buffers: shared hit=533',), ('                    ->  Seq Scan on task t  (cost=0.00..264.29 rows=1729 width=1086) (actual time=0.004..25.512 rows=20000 loops=1)',), ('                          Buffers: shared hit=247',), ('                    ->  Hash  (cost=486.00..486.00 rows=20000 width=75) (actual time=55.880..55.884 rows=20000 loops=1)',), ('                          Buckets: 32768  Batches: 1  Memory Usage: 2366kB',), ('                          Buffers: shared hit=286',), ('                          ->  Seq Scan on table_app ta  (cost=0.00..486.00 rows=20000 width=75) (actual time=0.004..27.021 rows=20000 loops=1)',), ('                                Buffers: shared hit=286',), ('  ->  Index Scan using idx_user_id_hash on user_app ua  (cost=0.00..0.09 rows=1 width=33) (actual time=0.002..0.002 rows=1 loops=20000)',), ('        Index Cond: (id_user = p.user_id)',), (""        Filter: ((email)::text > 'mnjuebzwlg@example.com'::text)"",), ('        Rows Removed by Filter: 0',), ('        Buffers: shared hit=40000',), ('Planning:',), ('  Buffers: shared hit=24',), ('Planning Time: 0.293 ms',), ('Execution Time: 376.968 ms',)]"
30000,No Index,66642.55475997925,"[('Hash Join  (cost=1079.48..1494.85 rows=866 width=4178) (actual time=374.304..490.244 rows=24446 loops=1)',), ('  Hash Cond: (t.table_id = ta.id_table)',), ('  Buffers: shared hit=1360',), ('  ->  Seq Scan on task t  (cost=0.00..396.97 rows=2597 width=1086) (actual time=0.008..37.904 rows=30000 loops=1)',), ('        Buffers: shared hit=371',), ('  ->  Hash  (cost=1070.55..1070.55 rows=715 width=3100) (actual time=374.278..374.300 rows=24472 loops=1)',), ('        Buckets: 32768 (originally 1024)  Batches: 1 (originally 1)  Memory Usage: 4176kB',), ('        Buffers: shared hit=989',), ('        ->  Hash Join  (cost=604.90..1070.55 rows=715 width=3100) (actual time=220.408..337.170 rows=24472 loops=1)',), ('              Hash Cond: (ta.project_id = p.id_project)',), ('              Buffers: shared hit=989',), ('              ->  Seq Scan on table_app ta  (cost=0.00..450.45 rows=2145 width=1040) (actual time=0.004..38.378 rows=30000 loops=1)',), ('                    Buffers: shared hit=429',), ('              ->  Hash  (cost=597.62..597.62 rows=583 width=2068) (actual time=220.395..220.409 rows=24606 loops=1)',), ('                    Buckets: 32768 (originally 1024)  Batches: 1 (originally 1)  Memory Usage: 2659kB',), ('                    Buffers: shared hit=560',), ('                    ->  Hash Join  (cost=325.50..597.62 rows=583 width=2068) (actual time=70.021..184.773 rows=24606 loops=1)',), ('                          Hash Cond: (p.user_id = ua.id_user)',), ('                          Buffers: shared hit=560',), ('                          ->  Seq Scan on project p  (cost=0.00..267.50 rows=1750 width=1040) (actual time=0.005..37.997 rows=30000 loops=1)',), ('                                Buffers: shared hit=250',), ('                          ->  Hash  (cost=321.62..321.62 rows=310 width=1036) (actual time=70.006..70.011 rows=24504 loops=1)',), ('                                Buckets: 32768 (originally 1024)  Batches: 1 (originally 1)  Memory Usage: 1884kB',), ('                                Buffers: shared hit=310',), ('                                ->  Seq Scan on user_app ua  (cost=0.00..321.62 rows=310 width=1036) (actual time=0.008..36.001 rows=24504 loops=1)',), (""                                      Filter: ((email)::text > 'esvfgzkyeo@example.com'::text)"",), ('                                      Rows Removed by Filter: 5496',), ('                                      Buffers: shared hit=310',), ('Planning Time: 0.196 ms',), ('Execution Time: 521.191 ms',)]"
30000,BTREE,73262.375831604,"[('Hash Join  (cost=2863.49..3278.86 rows=866 width=4178) (actual time=414.985..529.997 rows=24446 loops=1)',), ('  Hash Cond: (t.table_id = ta.id_table)',), ('  Buffers: shared hit=91050',), ('  ->  Seq Scan on task t  (cost=0.00..396.97 rows=2597 width=1086) (actual time=0.011..37.856 rows=30000 loops=1)',), ('        Buffers: shared hit=371',), ('  ->  Hash  (cost=2854.56..2854.56 rows=715 width=3100) (actual time=414.955..414.974 rows=24472 loops=1)',), ('        Buckets: 32768 (originally 1024)  Batches: 1 (originally 1)  Memory Usage: 4176kB',), ('        Buffers: shared hit=90679',), ('        ->  Hash Join  (cost=2388.91..2854.56 rows=715 width=3100) (actual time=260.293..377.787 rows=24472 loops=1)',), ('              Hash Cond: (ta.project_id = p.id_project)',), ('              Buffers: shared hit=90679',), ('              ->  Seq Scan on table_app ta  (cost=0.00..450.45 rows=2145 width=1040) (actual time=0.007..38.959 rows=30000 loops=1)',), ('                    Buffers: shared hit=429',), ('              ->  Hash  (cost=2381.63..2381.63 rows=583 width=2068) (actual time=260.274..260.284 rows=24606 loops=1)',), ('                    Buckets: 32768 (originally 1024)  Batches: 1 (originally 1)  Memory Usage: 2659kB',), ('                    Buffers: shared hit=90250',), ('                    ->  Nested Loop  (cost=0.29..2381.63 rows=583 width=2068) (actual time=0.038..225.049 rows=24606 loops=1)',), ('                          Buffers: shared hit=90250',), ('                          ->  Seq Scan on project p  (cost=0.00..267.50 rows=1750 width=1040) (actual time=0.007..38.285 rows=30000 loops=1)',), ('                                Buffers: shared hit=250',), ('                          ->  Index Scan using idx_user_id_btree on user_app ua  (cost=0.29..1.21 rows=1 width=1036) (actual time=0.002..0.002 rows=1 loops=30000)',), ('                                Index Cond: (id_user = p.user_id)',), (""                                Filter: ((email)::text > 'esvfgzkyeo@example.com'::text)"",), ('                                Rows Removed by Filter: 0',), ('                                Buffers: shared hit=90000',), ('Planning Time: 0.362 ms',), ('Execution Time: 560.867 ms',)]"
30000,HASH,70148.76174926758,"[('Hash Join  (cost=2684.37..3099.74 rows=866 width=4178) (actual time=398.387..514.350 rows=24446 loops=1)',), ('  Hash Cond: (t.table_id = ta.id_table)',), ('  Buffers: shared hit=65108',), ('  ->  Seq Scan on task t  (cost=0.00..396.97 rows=2597 width=1086) (actual time=0.006..38.084 rows=30000 loops=1)',), ('        Buffers: shared hit=371',), ('  ->  Hash  (cost=2675.43..2675.43 rows=715 width=3100) (actual time=398.364..398.383 rows=24472 loops=1)',), ('        Buckets: 32768 (originally 1024)  Batches: 1 (originally 1)  Memory Usage: 4176kB',), ('        Buffers: shared hit=64737',), ('        ->  Hash Join  (cost=2209.79..2675.43 rows=715 width=3100) (actual time=244.920..361.553 rows=24472 loops=1)',), ('              Hash Cond: (ta.project_id = p.id_project)',), ('              Buffers: shared hit=64737',), ('              ->  Seq Scan on table_app ta  (cost=0.00..450.45 rows=2145 width=1040) (actual time=0.004..38.503 rows=30000 loops=1)',), ('                    Buffers: shared hit=429',), ('              ->  Hash  (cost=2202.50..2202.50 rows=583 width=2068) (actual time=244.907..244.918 rows=24606 loops=1)',), ('                    Buckets: 32768 (originally 1024)  Batches: 1 (originally 1)  Memory Usage: 2659kB',), ('                    Buffers: shared hit=64308',), ('                    ->  Nested Loop  (cost=0.00..2202.50 rows=583 width=2068) (actual time=0.020..210.500 rows=24606 loops=1)',), ('                          Buffers: shared hit=64308',), ('                          ->  Seq Scan on project p  (cost=0.00..267.50 rows=1750 width=1040) (actual time=0.003..37.734 rows=30000 loops=1)',), ('                                Buffers: shared hit=250',), ('                          ->  Index Scan using idx_user_id_hash on user_app ua  (cost=0.00..1.11 rows=1 width=1036) (actual time=0.002..0.002 rows=1 loops=30000)',), ('                                Index Cond: (id_user = p.user_id)',), (""                                Filter: ((email)::text > 'esvfgzkyeo@example.com'::text)"",), ('                                Rows Removed by Filter: 0',), ('                                Buffers: shared hit=64058',), ('Planning Time: 0.312 ms',), ('Execution Time: 545.501 ms',)]"
40000,No Index,62407.233238220215,"[('Hash Join  (cost=3136.21..4038.10 rows=1178 width=1210) (actual time=385.165..552.175 rows=13797 loops=1)',), ('  Hash Cond: (p.id_project = ta.project_id)',), ('  Buffers: shared hit=1813',), ('  ->  Hash Join  (cost=1083.33..1922.34 rows=13626 width=65) (actual time=42.695..169.062 rows=13729 loops=1)',), ('        Hash Cond: (p.user_id = ua.id_user)',), ('        Buffers: shared hit=747',), ('        ->  Seq Scan on project p  (cost=0.00..734.00 rows=40000 width=40) (actual time=0.004..51.053 rows=40000 loops=1)',), ('              Buffers: shared hit=334',), ('        ->  Hash  (cost=913.00..913.00 rows=13626 width=33) (actual time=42.670..42.676 rows=13859 loops=1)',), ('              Buckets: 16384  Batches: 1  Memory Usage: 1049kB',), ('              Buffers: shared hit=413',), ('              ->  Seq Scan on user_app ua  (cost=0.00..913.00 rows=13626 width=33) (actual time=0.005..23.474 rows=13859 loops=1)',), (""                    Filter: ((email)::text > 'rchfxtyoqp@example.com'::text)"",), ('                    Rows Removed by Filter: 26141',), ('                    Buffers: shared hit=413',), ('  ->  Hash  (cost=2009.66..2009.66 rows=3458 width=1153) (actual time=342.430..342.442 rows=40000 loops=1)',), ('        Buckets: 65536 (originally 4096)  Batches: 1 (originally 1)  Memory Usage: 6157kB',), ('        Buffers: shared hit=1066',), ('        ->  Hash Join  (cost=1472.00..2009.66 rows=3458 width=1153) (actual time=113.198..281.483 rows=40000 loops=1)',), ('              Hash Cond: (t.table_id = ta.id_table)',), ('              Buffers: shared hit=1066',), ('              ->  Seq Scan on task t  (cost=0.00..528.58 rows=3458 width=1086) (actual time=0.007..51.705 rows=40000 loops=1)',), ('                    Buffers: shared hit=494',), ('              ->  Hash  (cost=972.00..972.00 rows=40000 width=75) (actual time=113.130..113.134 rows=40000 loops=1)',), ('                    Buckets: 65536  Batches: 1  Memory Usage: 4731kB',), ('                    Buffers: shared hit=572',), ('                    ->  Seq Scan on table_app ta  (cost=0.00..972.00 rows=40000 width=75) (actual time=0.005..54.362 rows=40000 loops=1)',), ('                          Buffers: shared hit=572',), ('Planning:',), ('  Buffers: shared hit=24',), ('Planning Time: 0.250 ms',), ('Execution Time: 570.919 ms',)]"
40000,BTREE,62100.26979446411,"[('Hash Join  (cost=3136.21..4038.10 rows=1178 width=1210) (actual time=381.426..551.784 rows=13797 loops=1)',), ('  Hash Cond: (p.id_project = ta.project_id)',), ('  Buffers: shared hit=1813',), ('  ->  Hash Join  (cost=1083.33..1922.34 rows=13626 width=65) (actual time=42.927..172.683 rows=13729 loops=1)',), ('        Hash Cond: (p.user_id = ua.id_user)',), ('        Buffers: shared hit=747',), ('        ->  Seq Scan on project p  (cost=0.00..734.00 rows=40000 width=40) (actual time=0.004..50.905 rows=40000 loops=1)',), ('              Buffers: shared hit=334',), ('        ->  Hash  (cost=913.00..913.00 rows=13626 width=33) (actual time=42.866..42.871 rows=13859 loops=1)',), ('              Buckets: 16384  Batches: 1  Memory Usage: 1049kB',), ('              Buffers: shared hit=413',), ('              ->  Seq Scan on user_app ua  (cost=0.00..913.00 rows=13626 width=33) (actual time=0.005..23.416 rows=13859 loops=1)',), (""                    Filter: ((email)::text > 'rchfxtyoqp@example.com'::text)"",), ('                    Rows Removed by Filter: 26141',), ('                    Buffers: shared hit=413',), ('  ->  Hash  (cost=2009.66..2009.66 rows=3458 width=1153) (actual time=338.454..338.467 rows=40000 loops=1)',), ('        Buckets: 65536 (originally 4096)  Batches: 1 (originally 1)  Memory Usage: 6157kB',), ('        Buffers: shared hit=1066',), ('        ->  Hash Join  (cost=1472.00..2009.66 rows=3458 width=1153) (actual time=110.924..278.192 rows=40000 loops=1)',), ('              Hash Cond: (t.table_id = ta.id_table)',), ('              Buffers: shared hit=1066',), ('              ->  Seq Scan on task t  (cost=0.00..528.58 rows=3458 width=1086) (actual time=0.007..51.193 rows=40000 loops=1)',), ('                    Buffers: shared hit=494',), ('              ->  Hash  (cost=972.00..972.00 rows=40000 width=75) (actual time=110.857..110.861 rows=40000 loops=1)',), ('                    Buckets: 65536  Batches: 1  Memory Usage: 4731kB',), ('                    Buffers: shared hit=572',), ('                    ->  Seq Scan on table_app ta  (cost=0.00..972.00 rows=40000 width=75) (actual time=0.005..52.926 rows=40000 loops=1)',), ('                          Buffers: shared hit=572',), ('Planning:',), ('  Buffers: shared hit=24',), ('Planning Time: 0.258 ms',), ('Execution Time: 570.296 ms',)]"
40000,HASH,81163.78259658813,"[('Hash Join  (cost=2103.65..2657.23 rows=1203 width=2175) (actual time=507.776..632.170 rows=13797 loops=1)',), ('  Hash Cond: (t.table_id = ta.id_table)',), ('  Buffers: shared hit=81400',), ('  ->  Seq Scan on task t  (cost=0.00..528.58 rows=3458 width=1086) (actual time=0.006..50.334 rows=40000 loops=1)',), ('        Buffers: shared hit=494',), ('  ->  Hash  (cost=2091.21..2091.21 rows=995 width=1097) (actual time=507.760..507.778 rows=13631 loops=1)',), ('        Buckets: 16384 (originally 1024)  Batches: 1 (originally 1)  Memory Usage: 2312kB',), ('        Buffers: shared hit=80906',), ('        ->  Nested Loop  (cost=1234.00..2091.21 rows=995 width=1097) (actual time=107.216..486.573 rows=13631 loops=1)',), ('              Buffers: shared hit=80906',), ('              ->  Hash Join  (cost=1234.00..1842.11 rows=2860 width=1072) (actual time=107.149..274.081 rows=40000 loops=1)',), ('                    Hash Cond: (ta.project_id = p.id_project)',), ('                    Buffers: shared hit=906',), ('                    ->  Seq Scan on table_app ta  (cost=0.00..600.60 rows=2860 width=1040) (actual time=0.004..50.233 rows=40000 loops=1)',), ('                          Buffers: shared hit=572',), ('                    ->  Hash  (cost=734.00..734.00 rows=40000 width=40) (actual time=107.101..107.105 rows=40000 loops=1)',), ('                          Buckets: 65536  Batches: 1  Memory Usage: 3325kB',), ('                          Buffers: shared hit=334',), ('                          ->  Seq Scan on project p  (cost=0.00..734.00 rows=40000 width=40) (actual time=0.004..51.825 rows=40000 loops=1)',), ('                                Buffers: shared hit=334',), ('              ->  Index Scan using idx_user_id_hash on user_app ua  (cost=0.00..0.09 rows=1 width=33) (actual time=0.002..0.002 rows=0 loops=40000)',), ('                    Index Cond: (id_user = p.user_id)',), (""                    Filter: ((email)::text > 'rchfxtyoqp@example.com'::text)"",), ('                    Rows Removed by Filter: 1',), ('                    Buffers: shared hit=80000',), ('Planning:',), ('  Buffers: shared hit=12',), ('Planning Time: 0.227 ms',), ('Execution Time: 649.391 ms',)]"
50000,No Index,118210.08443832397,"[('Hash Join  (cost=1798.81..2490.72 rows=1442 width=4178) (actual time=650.728..856.083 rows=42038 loops=1)',), ('  Hash Cond: (t.table_id = ta.id_table)',), ('  Buffers: shared hit=2266',), ('  ->  Seq Scan on task t  (cost=0.00..661.26 rows=4326 width=1086) (actual time=0.012..67.099 rows=50000 loops=1)',), ('        Buffers: shared hit=618',), ('  ->  Hash  (cost=1783.91..1783.91 rows=1192 width=3100) (actual time=650.702..650.724 rows=42234 loops=1)',), ('        Buckets: 65536 (originally 2048)  Batches: 1 (originally 1)  Memory Usage: 7277kB',), ('        Buffers: shared hit=1648',), ('        ->  Hash Join  (cost=1007.84..1783.91 rows=1192 width=3100) (actual time=386.472..586.162 rows=42234 loops=1)',), ('              Hash Cond: (ta.project_id = p.id_project)',), ('              Buffers: shared hit=1648',), ('              ->  Seq Scan on table_app ta  (cost=0.00..750.75 rows=3575 width=1040) (actual time=0.008..64.888 rows=50000 loops=1)',), ('                    Buffers: shared hit=715',), ('              ->  Hash  (cost=995.67..995.67 rows=973 width=2068) (actual time=386.453..386.468 rows=42231 loops=1)',), ('                    Buckets: 65536 (originally 1024)  Batches: 1 (originally 1)  Memory Usage: 4637kB',), ('                    Buffers: shared hit=933',), ('                    ->  Hash Join  (cost=541.80..995.67 rows=973 width=2068) (actual time=123.447..323.389 rows=42231 loops=1)',), ('                          Hash Cond: (p.user_id = ua.id_user)',), ('                          Buffers: shared hit=933',), ('                          ->  Seq Scan on project p  (cost=0.00..446.19 rows=2919 width=1040) (actual time=0.007..65.006 rows=50000 loops=1)',), ('                                Buffers: shared hit=417',), ('                          ->  Hash  (cost=535.35..535.35 rows=516 width=1036) (actual time=123.429..123.434 rows=42271 loops=1)',), ('                                Buckets: 65536 (originally 1024)  Batches: 1 (originally 1)  Memory Usage: 3320kB',), ('                                Buffers: shared hit=516',), ('                                ->  Seq Scan on user_app ua  (cost=0.00..535.35 rows=516 width=1036) (actual time=0.013..63.016 rows=42271 loops=1)',), (""                                      Filter: ((email)::text > 'eatazxjpjl@example.com'::text)"",), ('                                      Rows Removed by Filter: 7729',), ('                                      Buffers: shared hit=516',), ('Planning Time: 0.337 ms',), ('Execution Time: 913.069 ms',)]"
50000,BTREE,141972.90182113647,"[('Hash Join  (cost=3893.53..5333.43 rows=3635 width=1210) (actual time=718.802..910.628 rows=42038 loops=1)',), ('  Hash Cond: (ua.id_user = p.user_id)',), ('  Buffers: shared hit=2266, temp read=695 written=695',), ('  ->  Seq Scan on user_app ua  (cost=0.00..1141.00 rows=42009 width=33) (actual time=0.013..58.464 rows=42271 loops=1)',), (""        Filter: ((email)::text > 'eatazxjpjl@example.com'::text)"",), ('        Rows Removed by Filter: 7729',), ('        Buffers: shared hit=516',), ('  ->  Hash  (cost=3839.45..3839.45 rows=4326 width=1185) (actual time=718.707..718.727 rows=50000 loops=1)',), ('        Buckets: 65536 (originally 8192)  Batches: 2 (originally 1)  Memory Usage: 7681kB',), ('        Buffers: shared hit=1750, temp written=498',), ('        ->  Hash Join  (cost=2566.69..3839.45 rows=4326 width=1185) (actual time=426.470..636.965 rows=50000 loops=1)',), ('              Hash Cond: (p.id_project = ta.project_id)',), ('              Buffers: shared hit=1750',), ('              ->  Seq Scan on project p  (cost=0.00..917.00 rows=50000 width=40) (actual time=0.005..63.725 rows=50000 loops=1)',), ('                    Buffers: shared hit=417',), ('              ->  Hash  (cost=2512.62..2512.62 rows=4326 width=1153) (actual time=426.434..426.448 rows=50000 loops=1)',), ('                    Buckets: 65536 (originally 8192)  Batches: 1 (originally 1)  Memory Usage: 7568kB',), ('                    Buffers: shared hit=1333',), ('                    ->  Hash Join  (cost=1840.00..2512.62 rows=4326 width=1153) (actual time=138.012..349.513 rows=50000 loops=1)',), ('                          Hash Cond: (t.table_id = ta.id_table)',), ('                          Buffers: shared hit=1333',), ('                          ->  Seq Scan on task t  (cost=0.00..661.26 rows=4326 width=1086) (actual time=0.008..64.605 rows=50000 loops=1)',), ('                                Buffers: shared hit=618',), ('                          ->  Hash  (cost=1215.00..1215.00 rows=50000 width=75) (actual time=137.953..137.957 rows=50000 loops=1)',), ('                                Buckets: 65536  Batches: 1  Memory Usage: 5786kB',), ('                                Buffers: shared hit=715',), ('                                ->  Seq Scan on table_app ta  (cost=0.00..1215.00 rows=50000 width=75) (actual time=0.007..66.069 rows=50000 loops=1)',), ('                                      Buffers: shared hit=715',), ('Planning:',), ('  Buffers: shared hit=24',), ('Planning Time: 0.644 ms',), ('Execution Time: 965.449 ms',)]"
50000,HASH,121789.8473739624,"[('Hash Join  (cost=4543.71..5235.61 rows=1442 width=4178) (actual time=689.666..889.443 rows=42038 loops=1)',), ('  Hash Cond: (t.table_id = ta.id_table)',), ('  Buffers: shared hit=103103',), ('  ->  Seq Scan on task t  (cost=0.00..661.26 rows=4326 width=1086) (actual time=0.011..64.213 rows=50000 loops=1)',), ('        Buffers: shared hit=618',), ('  ->  Hash  (cost=4528.81..4528.81 rows=1192 width=3100) (actual time=689.639..689.658 rows=42234 loops=1)',), ('        Buckets: 65536 (originally 2048)  Batches: 1 (originally 1)  Memory Usage: 7277kB',), ('        Buffers: shared hit=102485',), ('        ->  Hash Join  (cost=3752.73..4528.81 rows=1192 width=3100) (actual time=426.881..624.952 rows=42234 loops=1)',), ('              Hash Cond: (ta.project_id = p.id_project)',), ('              Buffers: shared hit=102485',), ('              ->  Seq Scan on table_app ta  (cost=0.00..750.75 rows=3575 width=1040) (actual time=0.007..64.671 rows=50000 loops=1)',), ('                    Buffers: shared hit=715',), ('              ->  Hash  (cost=3740.57..3740.57 rows=973 width=2068) (actual time=426.861..426.872 rows=42231 loops=1)',), ('                    Buckets: 65536 (originally 1024)  Batches: 1 (originally 1)  Memory Usage: 4637kB',), ('                    Buffers: shared hit=101770',), ('                    ->  Nested Loop  (cost=0.00..3740.57 rows=973 width=2068) (actual time=0.034..364.268 rows=42231 loops=1)',), ('                          Buffers: shared hit=101770',), ('                          ->  Seq Scan on project p  (cost=0.00..446.19 rows=2919 width=1040) (actual time=0.007..64.378 rows=50000 loops=1)',), ('                                Buffers: shared hit=417',), ('                          ->  Index Scan using idx_user_id_hash on user_app ua  (cost=0.00..1.13 rows=1 width=1036) (actual time=0.002..0.002 rows=1 loops=50000)',), ('                                Index Cond: (id_user = p.user_id)',), ('                                Rows Removed by Index Recheck: 0',), (""                                Filter: ((email)::text > 'eatazxjpjl@example.com'::text)"",), ('                                Rows Removed by Filter: 0',), ('                                Buffers: shared hit=101353',), ('Planning Time: 0.360 ms',), ('Execution Time: 944.302 ms',)]"
60000,No Index,105749.97138977051,"[('Hash Join  (cost=2157.91..2987.52 rows=1729 width=4178) (actual time=617.875..830.680 rows=32532 loops=1)',), ('  Hash Cond: (t.table_id = ta.id_table)',), ('  Buffers: shared hit=2718',), ('  ->  Seq Scan on task t  (cost=0.00..792.87 rows=5187 width=1086) (actual time=0.011..76.440 rows=60000 loops=1)',), ('        Buffers: shared hit=741',), ('  ->  Hash  (cost=2140.03..2140.03 rows=1430 width=3100) (actual time=617.849..617.871 rows=32522 loops=1)',), ('        Buckets: 32768 (originally 2048)  Batches: 1 (originally 1)  Memory Usage: 5465kB',), ('        Buffers: shared hit=1977',), ('        ->  Hash Join  (cost=1208.75..2140.03 rows=1430 width=3100) (actual time=353.734..568.200 rows=32522 loops=1)',), ('              Hash Cond: (ta.project_id = p.id_project)',), ('              Buffers: shared hit=1977',), ('              ->  Seq Scan on table_app ta  (cost=0.00..900.90 rows=4290 width=1040) (actual time=0.007..77.708 rows=60000 loops=1)',), ('                    Buffers: shared hit=858',), ('              ->  Hash  (cost=1194.16..1194.16 rows=1167 width=2068) (actual time=353.704..353.718 rows=32511 loops=1)',), ('                    Buckets: 32768 (originally 2048)  Batches: 1 (originally 1)  Memory Usage: 3431kB',), ('                    Buffers: shared hit=1119',), ('                    ->  Hash Join  (cost=649.95..1194.16 rows=1167 width=2068) (actual time=95.781..306.099 rows=32511 loops=1)',), ('                          Hash Cond: (p.user_id = ua.id_user)',), ('                          Buffers: shared hit=1119',), ('                          ->  Seq Scan on project p  (cost=0.00..535.00 rows=3500 width=1040) (actual time=0.007..76.710 rows=60000 loops=1)',), ('                                Buffers: shared hit=500',), ('                          ->  Hash  (cost=642.21..642.21 rows=619 width=1036) (actual time=95.758..95.764 rows=32504 loops=1)',), ('                                Buckets: 32768 (originally 1024)  Batches: 1 (originally 1)  Memory Usage: 2415kB',), ('                                Buffers: shared hit=619',), ('                                ->  Seq Scan on user_app ua  (cost=0.00..642.21 rows=619 width=1036) (actual time=0.013..50.862 rows=32504 loops=1)',), (""                                      Filter: ((email)::text > 'lycnhsninl@example.com'::text)"",), ('                                      Rows Removed by Filter: 27496',), ('                                      Buffers: shared hit=619',), ('Planning Time: 0.341 ms',), ('Execution Time: 872.759 ms',)]"
60000,BTREE,143351.84240341187,"[('Hash Join  (cost=4345.53..5185.87 rows=2801 width=2175) (actual time=833.157..1043.672 rows=32532 loops=1)',), ('  Hash Cond: (t.table_id = ta.id_table)',), ('  Buffers: shared hit=182099',), ('  ->  Seq Scan on task t  (cost=0.00..792.87 rows=5187 width=1086) (actual time=0.007..76.104 rows=60000 loops=1)',), ('        Buffers: shared hit=741',), ('  ->  Hash  (cost=4316.57..4316.57 rows=2317 width=1097) (actual time=833.125..833.144 rows=32522 loops=1)',), ('        Buckets: 32768 (originally 4096)  Batches: 1 (originally 1)  Memory Usage: 5465kB',), ('        Buffers: shared hit=181358',), ('        ->  Nested Loop  (cost=1850.29..4316.57 rows=2317 width=1097) (actual time=162.622..781.789 rows=32522 loops=1)',), ('              Buffers: shared hit=181358',), ('              ->  Hash Join  (cost=1850.00..2762.16 rows=4290 width=1072) (actual time=162.540..414.715 rows=60000 loops=1)',), ('                    Hash Cond: (ta.project_id = p.id_project)',), ('                    Buffers: shared hit=1358',), ('                    ->  Seq Scan on table_app ta  (cost=0.00..900.90 rows=4290 width=1040) (actual time=0.004..76.478 rows=60000 loops=1)',), ('                          Buffers: shared hit=858',), ('                    ->  Hash  (cost=1100.00..1100.00 rows=60000 width=40) (actual time=162.335..162.340 rows=60000 loops=1)',), ('                          Buckets: 65536  Batches: 1  Memory Usage: 4731kB',), ('                          Buffers: shared hit=500',), ('                          ->  Seq Scan on project p  (cost=0.00..1100.00 rows=60000 width=40) (actual time=0.006..76.847 rows=60000 loops=1)',), ('                                Buffers: shared hit=500',), ('              ->  Index Scan using idx_user_id_btree on user_app ua  (cost=0.29..0.36 rows=1 width=33) (actual time=0.003..0.003 rows=1 loops=60000)',), ('                    Index Cond: (id_user = p.user_id)',), (""                    Filter: ((email)::text > 'lycnhsninl@example.com'::text)"",), ('                    Rows Removed by Filter: 0',), ('                    Buffers: shared hit=180000',), ('Planning:',), ('  Buffers: shared hit=12',), ('Planning Time: 0.261 ms',), ('Execution Time: 1085.824 ms',)]"
60000,HASH,126650.2103805542,"[('Hash Join  (cost=3127.76..3968.11 rows=2803 width=2175) (actual time=813.694..1026.663 rows=32532 loops=1)',), ('  Hash Cond: (t.table_id = ta.id_table)',), ('  Buffers: shared hit=122104',), ('  ->  Seq Scan on task t  (cost=0.00..792.87 rows=5187 width=1086) (actual time=0.011..77.003 rows=60000 loops=1)',), ('        Buffers: shared hit=741',), ('  ->  Hash  (cost=3098.78..3098.78 rows=2318 width=1097) (actual time=813.668..813.688 rows=32522 loops=1)',), ('        Buckets: 32768 (originally 4096)  Batches: 1 (originally 1)  Memory Usage: 5465kB',), ('        Buffers: shared hit=121363',), ('        ->  Nested Loop  (cost=1850.00..3098.78 rows=2318 width=1097) (actual time=164.274..762.139 rows=32522 loops=1)',), ('              Buffers: shared hit=121363',), ('              ->  Hash Join  (cost=1850.00..2762.16 rows=4290 width=1072) (actual time=164.211..421.295 rows=60000 loops=1)',), ('                    Hash Cond: (ta.project_id = p.id_project)',), ('                    Buffers: shared hit=1358',), ('                    ->  Seq Scan on table_app ta  (cost=0.00..900.90 rows=4290 width=1040) (actual time=0.007..76.994 rows=60000 loops=1)',), ('                          Buffers: shared hit=858',), ('                    ->  Hash  (cost=1100.00..1100.00 rows=60000 width=40) (actual time=164.155..164.160 rows=60000 loops=1)',), ('                          Buckets: 65536  Batches: 1  Memory Usage: 4731kB',), ('                          Buffers: shared hit=500',), ('                          ->  Seq Scan on project p  (cost=0.00..1100.00 rows=60000 width=40) (actual time=0.008..79.421 rows=60000 loops=1)',), ('                                Buffers: shared hit=500',), ('              ->  Index Scan using idx_user_id_hash on user_app ua  (cost=0.00..0.08 rows=1 width=33) (actual time=0.002..0.002 rows=1 loops=60000)',), ('                    Index Cond: (id_user = p.user_id)',), ('                    Rows Removed by Index Recheck: 0',), (""                    Filter: ((email)::text > 'lycnhsninl@example.com'::text)"",), ('                    Rows Removed by Filter: 0',), ('                    Buffers: shared hit=120005',), ('Planning:',), ('  Buffers: shared hit=12',), ('Planning Time: 0.304 ms',), ('Execution Time: 1069.019 ms',)]"
70000,No Index,164087.23735809326,"[('Hash Join  (cost=4033.62..5006.87 rows=4486 width=3175) (actual time=542.434..1239.672 rows=51552 loops=1)',), ('  Hash Cond: (p.user_id = ua.id_user)',), ('  Buffers: shared hit=3171, temp read=786 written=786',), ('  ->  Hash Join  (cost=1788.48..2745.84 rows=6055 width=3150) (actual time=391.973..912.568 rows=70000 loops=1)',), ('        Hash Cond: (ta.project_id = p.id_project)',), ('        Buffers: shared hit=2449, temp read=786 written=786',), ('        ->  Hash Join  (cost=1112.50..2053.96 rows=6055 width=2118) (actual time=200.323..517.754 rows=70000 loops=1)',), ('              Hash Cond: (t.table_id = ta.id_table)',), ('              Buffers: shared hit=1865, temp read=786 written=786',), ('              ->  Seq Scan on task t  (cost=0.00..925.55 rows=6055 width=1086) (actual time=0.011..88.821 rows=70000 loops=1)',), ('                    Buffers: shared hit=865',), ('              ->  Hash  (cost=1050.00..1050.00 rows=5000 width=1040) (actual time=200.264..200.269 rows=70000 loops=1)',), ('                    Buckets: 131072 (originally 8192)  Batches: 2 (originally 1)  Memory Usage: 7169kB',), ('                    Buffers: shared hit=1000, temp written=410',), ('                    ->  Seq Scan on table_app ta  (cost=0.00..1050.00 rows=5000 width=1040) (actual time=0.007..94.340 rows=70000 loops=1)',), ('                          Buffers: shared hit=1000',), ('        ->  Hash  (cost=624.88..624.88 rows=4088 width=1040) (actual time=191.625..191.630 rows=70000 loops=1)',), ('              Buckets: 131072 (originally 4096)  Batches: 1 (originally 1)  Memory Usage: 5946kB',), ('              Buffers: shared hit=584',), ('              ->  Seq Scan on project p  (cost=0.00..624.88 rows=4088 width=1040) (actual time=0.007..92.858 rows=70000 loops=1)',), ('                    Buffers: shared hit=584',), ('  ->  Hash  (cost=1597.00..1597.00 rows=51851 width=33) (actual time=150.277..150.281 rows=51825 loops=1)',), ('        Buckets: 65536  Batches: 1  Memory Usage: 3954kB',), ('        Buffers: shared hit=722',), ('        ->  Seq Scan on user_app ua  (cost=0.00..1597.00 rows=51851 width=33) (actual time=0.009..76.307 rows=51825 loops=1)',), (""              Filter: ((email)::text > 'gtfvnxkjzg@example.com'::text)"",), ('              Rows Removed by Filter: 18175',), ('              Buffers: shared hit=722',), ('Planning Time: 0.162 ms',), ('Execution Time: 1305.909 ms',)]"
70000,BTREE,176932.54852294922,"[('Hash Join  (cost=9258.08..10964.70 rows=4477 width=1210) (actual time=770.860..1201.482 rows=51552 loops=1)',), ('  Hash Cond: (p.id_project = ta.project_id)',), ('  Buffers: shared hit=3171, temp read=1538 written=1538',), ('  ->  Hash Join  (cost=2243.95..3711.71 rows=51756 width=65) (actual time=150.400..415.077 rows=51691 loops=1)',), ('        Hash Cond: (p.user_id = ua.id_user)',), ('        Buffers: shared hit=1306',), ('        ->  Seq Scan on project p  (cost=0.00..1284.00 rows=70000 width=40) (actual time=0.005..88.730 rows=70000 loops=1)',), ('              Buffers: shared hit=584',), ('        ->  Hash  (cost=1597.00..1597.00 rows=51756 width=33) (actual time=150.227..150.232 rows=51825 loops=1)',), ('              Buckets: 65536  Batches: 1  Memory Usage: 3954kB',), ('              Buffers: shared hit=722',), ('              ->  Seq Scan on user_app ua  (cost=0.00..1597.00 rows=51756 width=33) (actual time=0.006..76.837 rows=51825 loops=1)',), (""                    Filter: ((email)::text > 'gtfvnxkjzg@example.com'::text)"",), ('                    Rows Removed by Filter: 18175',), ('                    Buffers: shared hit=722',), ('  ->  Hash  (cost=6938.44..6938.44 rows=6055 width=1153) (actual time=620.343..620.355 rows=70000 loops=1)',), ('        Buckets: 65536 (originally 8192)  Batches: 2 (originally 1)  Memory Usage: 7681kB',), ('        Buffers: shared hit=1865, temp read=692 written=1260',), ('        ->  Hash Join  (cost=3464.00..6938.44 rows=6055 width=1153) (actual time=198.445..509.536 rows=70000 loops=1)',), ('              Hash Cond: (t.table_id = ta.id_table)',), ('              Buffers: shared hit=1865, temp read=692 written=692',), ('              ->  Seq Scan on task t  (cost=0.00..925.55 rows=6055 width=1086) (actual time=0.007..95.808 rows=70000 loops=1)',), ('                    Buffers: shared hit=865',), ('              ->  Hash  (cost=1700.00..1700.00 rows=70000 width=75) (actual time=197.954..197.958 rows=70000 loops=1)',), ('                    Buckets: 131072  Batches: 2  Memory Usage: 4714kB',), ('                    Buffers: shared hit=1000, temp written=410',), ('                    ->  Seq Scan on table_app ta  (cost=0.00..1700.00 rows=70000 width=75) (actual time=0.004..93.715 rows=70000 loops=1)',), ('                          Buffers: shared hit=1000',), ('Planning:',), ('  Buffers: shared hit=24',), ('Planning Time: 0.271 ms',), ('Execution Time: 1266.895 ms',)]"
70000,HASH,164208.6853981018,"[('Hash Join  (cost=4032.97..5006.22 rows=4481 width=3175) (actual time=540.141..1236.943 rows=51552 loops=1)',), ('  Hash Cond: (p.user_id = ua.id_user)',), ('  Buffers: shared hit=3171, temp read=786 written=786',), ('  ->  Hash Join  (cost=1788.48..2745.84 rows=6055 width=3150) (actual time=390.021..910.695 rows=70000 loops=1)',), ('        Hash Cond: (ta.project_id = p.id_project)',), ('        Buffers: shared hit=2449, temp read=786 written=786',), ('        ->  Hash Join  (cost=1112.50..2053.96 rows=6055 width=2118) (actual time=197.985..516.182 rows=70000 loops=1)',), ('              Hash Cond: (t.table_id = ta.id_table)',), ('              Buffers: shared hit=1865, temp read=786 written=786',), ('              ->  Seq Scan on task t  (cost=0.00..925.55 rows=6055 width=1086) (actual time=0.011..88.441 rows=70000 loops=1)',), ('                    Buffers: shared hit=865',), ('              ->  Hash  (cost=1050.00..1050.00 rows=5000 width=1040) (actual time=197.924..197.929 rows=70000 loops=1)',), ('                    Buckets: 131072 (originally 8192)  Batches: 2 (originally 1)  Memory Usage: 7169kB',), ('                    Buffers: shared hit=1000, temp written=410',), ('                    ->  Seq Scan on table_app ta  (cost=0.00..1050.00 rows=5000 width=1040) (actual time=0.007..93.627 rows=70000 loops=1)',), ('                          Buffers: shared hit=1000',), ('        ->  Hash  (cost=624.88..624.88 rows=4088 width=1040) (actual time=192.010..192.014 rows=70000 loops=1)',), ('              Buckets: 131072 (originally 4096)  Batches: 1 (originally 1)  Memory Usage: 5946kB',), ('              Buffers: shared hit=584',), ('              ->  Seq Scan on project p  (cost=0.00..624.88 rows=4088 width=1040) (actual time=0.008..92.888 rows=70000 loops=1)',), ('                    Buffers: shared hit=584',), ('  ->  Hash  (cost=1597.00..1597.00 rows=51799 width=33) (actual time=149.948..149.952 rows=51825 loops=1)',), ('        Buckets: 65536  Batches: 1  Memory Usage: 3954kB',), ('        Buffers: shared hit=722',), ('        ->  Seq Scan on user_app ua  (cost=0.00..1597.00 rows=51799 width=33) (actual time=0.008..76.031 rows=51825 loops=1)',), (""              Filter: ((email)::text > 'gtfvnxkjzg@example.com'::text)"",), ('              Rows Removed by Filter: 18175',), ('              Buffers: shared hit=722',), ('Planning Time: 0.384 ms',), ('Execution Time: 1303.123 ms',)]"
80000,No Index,129701.18713378906,"[('Hash Join  (cost=7759.25..8879.00 rows=3666 width=1210) (actual time=813.818..1096.615 rows=42970 loops=1)',), ('  Hash Cond: (t.table_id = ta.id_table)',), ('  Buffers: shared hit=3623',), ('  ->  Seq Scan on task t  (cost=0.00..1057.16 rows=6916 width=1086) (actual time=0.006..101.810 rows=80000 loops=1)',), ('        Buffers: shared hit=988',), ('  ->  Hash  (cost=7229.19..7229.19 rows=42405 width=132) (actual time=813.766..813.789 rows=42779 loops=1)',), ('        Buckets: 65536  Batches: 1  Memory Usage: 7364kB',), ('        Buffers: shared hit=2635',), ('        ->  Hash Join  (cost=4562.14..7229.19 rows=42405 width=132) (actual time=465.290..747.780 rows=42779 loops=1)',), ('              Hash Cond: (ta.project_id = p.id_project)',), ('              Buffers: shared hit=2635',), ('              ->  Seq Scan on table_app ta  (cost=0.00..1943.00 rows=80000 width=75) (actual time=0.003..101.449 rows=80000 loops=1)',), ('                    Buffers: shared hit=1143',), ('              ->  Hash  (cost=4032.07..4032.07 rows=42405 width=65) (actual time=465.245..465.259 rows=42773 loops=1)',), ('                    Buckets: 65536  Batches: 1  Memory Usage: 4690kB',), ('                    Buffers: shared hit=1492',), ('                    ->  Hash Join  (cost=2355.06..4032.07 rows=42405 width=65) (actual time=124.995..401.883 rows=42773 loops=1)',), ('                          Hash Cond: (p.user_id = ua.id_user)',), ('                          Buffers: shared hit=1492',), ('                          ->  Seq Scan on project p  (cost=0.00..1467.00 rows=80000 width=40) (actual time=0.002..100.691 rows=80000 loops=1)',), ('                                Buffers: shared hit=667',), ('                          ->  Hash  (cost=1825.00..1825.00 rows=42405 width=33) (actual time=124.945..124.950 rows=42718 loops=1)',), ('                                Buckets: 65536  Batches: 1  Memory Usage: 3349kB',), ('                                Buffers: shared hit=825',), ('                                ->  Seq Scan on user_app ua  (cost=0.00..1825.00 rows=42405 width=33) (actual time=0.006..65.436 rows=42718 loops=1)',), (""                                      Filter: ((email)::text > 'mbdkwxfnrb@example.com'::text)"",), ('                                      Rows Removed by Filter: 37282',), ('                                      Buffers: shared hit=825',), ('Planning:',), ('  Buffers: shared hit=24',), ('Planning Time: 0.289 ms',), ('Execution Time: 1150.837 ms',)]"
80000,BTREE,152899.23858642578,"[('Hash Join  (cost=5804.85..6924.60 rows=3666 width=2175) (actual time=1133.549..1416.291 rows=42970 loops=1)',), ('  Hash Cond: (t.table_id = ta.id_table)',), ('  Buffers: shared hit=242798',), ('  ->  Seq Scan on task t  (cost=0.00..1057.16 rows=6916 width=1086) (actual time=0.007..102.020 rows=80000 loops=1)',), ('        Buffers: shared hit=988',), ('  ->  Hash  (cost=5766.98..5766.98 rows=3029 width=1097) (actual time=1133.513..1133.532 rows=42779 loops=1)',), ('        Buckets: 65536 (originally 4096)  Batches: 1 (originally 1)  Memory Usage: 7364kB',), ('        Buffers: shared hit=241810',), ('        ->  Nested Loop  (cost=2467.29..5766.98 rows=3029 width=1097) (actual time=223.970..1064.849 rows=42779 loops=1)',), ('              Buffers: shared hit=241810',), ('              ->  Hash Join  (cost=2467.00..3682.15 rows=5715 width=1072) (actual time=223.941..565.789 rows=80000 loops=1)',), ('                    Hash Cond: (ta.project_id = p.id_project)',), ('                    Buffers: shared hit=1810',), ('                    ->  Seq Scan on table_app ta  (cost=0.00..1200.15 rows=5715 width=1040) (actual time=0.004..101.840 rows=80000 loops=1)',), ('                          Buffers: shared hit=1143',), ('                    ->  Hash  (cost=1467.00..1467.00 rows=80000 width=40) (actual time=223.548..223.553 rows=80000 loops=1)',), ('                          Buckets: 131072  Batches: 1  Memory Usage: 6649kB',), ('                          Buffers: shared hit=667',), ('                          ->  Seq Scan on project p  (cost=0.00..1467.00 rows=80000 width=40) (actual time=0.005..104.905 rows=80000 loops=1)',), ('                                Buffers: shared hit=667',), ('              ->  Index Scan using idx_user_id_btree on user_app ua  (cost=0.29..0.36 rows=1 width=33) (actual time=0.003..0.003 rows=1 loops=80000)',), ('                    Index Cond: (id_user = p.user_id)',), (""                    Filter: ((email)::text > 'mbdkwxfnrb@example.com'::text)"",), ('                    Rows Removed by Filter: 0',), ('                    Buffers: shared hit=240000',), ('Planning:',), ('  Buffers: shared hit=12',), ('Planning Time: 0.237 ms',), ('Execution Time: 1472.341 ms',)]"
80000,HASH,130276.00955963135,"[('Hash Join  (cost=7759.25..8879.00 rows=3666 width=1210) (actual time=811.955..1096.925 rows=42970 loops=1)',), ('  Hash Cond: (t.table_id = ta.id_table)',), ('  Buffers: shared hit=3623',), ('  ->  Seq Scan on task t  (cost=0.00..1057.16 rows=6916 width=1086) (actual time=0.028..102.357 rows=80000 loops=1)',), ('        Buffers: shared hit=988',), ('  ->  Hash  (cost=7229.19..7229.19 rows=42405 width=132) (actual time=811.872..811.894 rows=42779 loops=1)',), ('        Buckets: 65536  Batches: 1  Memory Usage: 7364kB',), ('        Buffers: shared hit=2635',), ('        ->  Hash Join  (cost=4562.14..7229.19 rows=42405 width=132) (actual time=464.037..745.283 rows=42779 loops=1)',), ('              Hash Cond: (ta.project_id = p.id_project)',), ('              Buffers: shared hit=2635',), ('              ->  Seq Scan on table_app ta  (cost=0.00..1943.00 rows=80000 width=75) (actual time=0.005..102.074 rows=80000 loops=1)',), ('                    Buffers: shared hit=1143',), ('              ->  Hash  (cost=4032.07..4032.07 rows=42405 width=65) (actual time=463.991..464.004 rows=42773 loops=1)',), ('                    Buckets: 65536  Batches: 1  Memory Usage: 4690kB',), ('                    Buffers: shared hit=1492',), ('                    ->  Hash Join  (cost=2355.06..4032.07 rows=42405 width=65) (actual time=125.205..400.252 rows=42773 loops=1)',), ('                          Hash Cond: (p.user_id = ua.id_user)',), ('                          Buffers: shared hit=1492',), ('                          ->  Seq Scan on project p  (cost=0.00..1467.00 rows=80000 width=40) (actual time=0.003..101.093 rows=80000 loops=1)',), ('                                Buffers: shared hit=667',), ('                          ->  Hash  (cost=1825.00..1825.00 rows=42405 width=33) (actual time=125.157..125.162 rows=42718 loops=1)',), ('                                Buckets: 65536  Batches: 1  Memory Usage: 3349kB',), ('                                Buffers: shared hit=825',), ('                                ->  Seq Scan on user_app ua  (cost=0.00..1825.00 rows=42405 width=33) (actual time=0.005..65.767 rows=42718 loops=1)',), (""                                      Filter: ((email)::text > 'mbdkwxfnrb@example.com'::text)"",), ('                                      Rows Removed by Filter: 37282',), ('                                      Buffers: shared hit=825',), ('Planning:',), ('  Buffers: shared hit=24',), ('Planning Time: 0.268 ms',), ('Execution Time: 1151.549 ms',)]"
90000,No Index,40301.57566070557,"[('Hash Join  (cost=4582.17..5805.87 rows=467 width=2175) (actual time=522.682..767.230 rows=5765 loops=1)',), ('  Hash Cond: (t.table_id = ta.id_table)',), ('  Buffers: shared hit=4121',), ('  ->  Seq Scan on task t  (cost=0.00..1189.84 rows=7784 width=1086) (actual time=0.006..114.827 rows=90000 loops=1)',), ('        Buffers: shared hit=1112',), ('  ->  Hash  (cost=4577.35..4577.35 rows=386 width=1097) (actual time=522.655..522.680 rows=5769 loops=1)',), ('        Buckets: 8192 (originally 1024)  Batches: 1 (originally 1)  Memory Usage: 988kB',), ('        Buffers: shared hit=3009',), ('        ->  Hash Join  (cost=3199.07..4577.35 rows=386 width=1097) (actual time=270.190..514.265 rows=5769 loops=1)',), ('              Hash Cond: (ta.project_id = p.id_project)',), ('              Buffers: shared hit=3009',), ('              ->  Seq Scan on table_app ta  (cost=0.00..1350.30 rows=6430 width=1040) (actual time=0.003..115.059 rows=90000 loops=1)',), ('                    Buffers: shared hit=1286',), ('              ->  Hash  (cost=3131.56..3131.56 rows=5401 width=65) (actual time=270.164..270.180 rows=5895 loops=1)',), ('                    Buckets: 8192  Batches: 1  Memory Usage: 640kB',), ('                    Buffers: shared hit=1723',), ('                    ->  Hash Join  (cost=1245.30..3131.56 rows=5401 width=65) (actual time=17.499..261.772 rows=5895 loops=1)',), ('                          Hash Cond: (p.user_id = ua.id_user)',), ('                          Buffers: shared hit=1723',), ('                          ->  Seq Scan on project p  (cost=0.00..1650.00 rows=90000 width=40) (actual time=0.003..116.368 rows=90000 loops=1)',), ('                                Buffers: shared hit=750',), ('                          ->  Hash  (cost=1177.79..1177.79 rows=5401 width=33) (actual time=17.326..17.334 rows=5733 loops=1)',), ('                                Buckets: 8192  Batches: 1  Memory Usage: 445kB',), ('                                Buffers: shared hit=973',), ('                                ->  Bitmap Heap Scan on user_app ua  (cost=182.28..1177.79 rows=5401 width=33) (actual time=0.730..9.615 rows=5733 loops=1)',), (""                                      Recheck Cond: ((email)::text > 'yjtdlumvtr@example.com'::text)"",), ('                                      Heap Blocks: exact=928',), ('                                      Buffers: shared hit=973',), ('                                      ->  Bitmap Index Scan on uniq_user_app_email  (cost=0.00..180.92 rows=5401 width=0) (actual time=0.641..0.643 rows=5733 loops=1)',), (""                                            Index Cond: ((email)::text > 'yjtdlumvtr@example.com'::text)"",), ('                                            Buffers: shared hit=45',), ('Planning:',), ('  Buffers: shared hit=12',), ('Planning Time: 0.241 ms',), ('Execution Time: 774.575 ms',)]"
90000,BTREE,41197.853565216064,"[('Hash Join  (cost=4592.82..5816.64 rows=479 width=2175) (actual time=517.869..761.734 rows=5765 loops=1)',), ('  Hash Cond: (t.table_id = ta.id_table)',), ('  Buffers: shared hit=4121',), ('  ->  Seq Scan on task t  (cost=0.00..1189.84 rows=7784 width=1086) (actual time=0.005..114.307 rows=90000 loops=1)',), ('        Buffers: shared hit=1112',), ('  ->  Hash  (cost=4587.87..4587.87 rows=396 width=1097) (actual time=517.839..517.864 rows=5769 loops=1)',), ('        Buckets: 8192 (originally 1024)  Batches: 1 (originally 1)  Memory Usage: 988kB',), ('        Buffers: shared hit=3009',), ('        ->  Hash Join  (cost=3209.50..4587.87 rows=396 width=1097) (actual time=266.036..509.457 rows=5769 loops=1)',), ('              Hash Cond: (ta.project_id = p.id_project)',), ('              Buffers: shared hit=3009',), ('              ->  Seq Scan on table_app ta  (cost=0.00..1350.30 rows=6430 width=1040) (actual time=0.004..114.644 rows=90000 loops=1)',), ('                    Buffers: shared hit=1286',), ('              ->  Hash  (cost=3140.21..3140.21 rows=5543 width=65) (actual time=265.998..266.014 rows=5895 loops=1)',), ('                    Buckets: 8192  Batches: 1  Memory Usage: 640kB',), ('                    Buffers: shared hit=1723',), ('                    ->  Hash Join  (cost=1253.95..3140.21 rows=5543 width=65) (actual time=17.474..257.666 rows=5895 loops=1)',), ('                          Hash Cond: (p.user_id = ua.id_user)',), ('                          Buffers: shared hit=1723',), ('                          ->  Seq Scan on project p  (cost=0.00..1650.00 rows=90000 width=40) (actual time=0.003..113.021 rows=90000 loops=1)',), ('                                Buffers: shared hit=750',), ('                          ->  Hash  (cost=1184.66..1184.66 rows=5543 width=33) (actual time=17.300..17.307 rows=5733 loops=1)',), ('                                Buckets: 8192  Batches: 1  Memory Usage: 445kB',), ('                                Buffers: shared hit=973',), ('                                ->  Bitmap Heap Scan on user_app ua  (cost=187.38..1184.66 rows=5543 width=33) (actual time=0.718..9.597 rows=5733 loops=1)',), (""                                      Recheck Cond: ((email)::text > 'yjtdlumvtr@example.com'::text)"",), ('                                      Heap Blocks: exact=928',), ('                                      Buffers: shared hit=973',), ('                                      ->  Bitmap Index Scan on uniq_user_app_email  (cost=0.00..185.99 rows=5543 width=0) (actual time=0.625..0.627 rows=5733 loops=1)',), (""                                            Index Cond: ((email)::text > 'yjtdlumvtr@example.com'::text)"",), ('                                            Buffers: shared hit=45',), ('Planning:',), ('  Buffers: shared hit=12',), ('Planning Time: 0.246 ms',), ('Execution Time: 769.042 ms',)]"
90000,HASH,113968.38998794556,"[('Gather  (cost=3477.47..6702.82 rows=482 width=1210) (actual time=155.770..940.261 rows=5765 loops=1)',), ('  Workers Planned: 1',), ('  Workers Launched: 1',), ('  Buffers: shared hit=452454',), ('  ->  Nested Loop  (cost=2477.47..5654.62 rows=284 width=1210) (actual time=151.885..925.730 rows=2882 loops=2)',), ('        Buffers: shared hit=452454',), ('        ->  Nested Loop  (cost=2477.47..5269.58 rows=4579 width=1185) (actual time=151.697..674.832 rows=45000 loops=2)',), ('              Buffers: shared hit=272448',), ('              ->  Parallel Hash Join  (cost=2477.17..3646.98 rows=4579 width=1153) (actual time=151.668..351.337 rows=45000 loops=2)',), ('                    Hash Cond: (t.table_id = ta.id_table)',), ('                    Buffers: shared hit=2447',), ('                    ->  Parallel Seq Scan on task t  (cost=0.00..1157.79 rows=4579 width=1086) (actual time=0.007..63.433 rows=45000 loops=2)',), ('                          Buffers: shared hit=1112',), ('                    ->  Parallel Hash  (cost=1815.41..1815.41 rows=52941 width=75) (actual time=150.768..150.773 rows=45000 loops=2)',), ('                          Buckets: 131072  Batches: 1  Memory Usage: 10912kB',), ('                          Buffers: shared hit=1286',), ('                          ->  Parallel Seq Scan on table_app ta  (cost=0.00..1815.41 rows=52941 width=75) (actual time=0.013..70.086 rows=45000 loops=2)',), ('                                Buffers: shared hit=1286',), ('              ->  Index Scan using project_pkey on project p  (cost=0.29..0.35 rows=1 width=40) (actual time=0.003..0.003 rows=1 loops=90000)',), ('                    Index Cond: (id_project = ta.project_id)',), ('                    Buffers: shared hit=270001',), ('        ->  Index Scan using idx_user_id_hash on user_app ua  (cost=0.00..0.08 rows=1 width=33) (actual time=0.003..0.003 rows=0 loops=90000)',), ('              Index Cond: (id_user = p.user_id)',), ('              Rows Removed by Index Recheck: 0',), (""              Filter: ((email)::text > 'yjtdlumvtr@example.com'::text)"",), ('              Rows Removed by Filter: 1',), ('              Buffers: shared hit=180006',), ('Planning:',), ('  Buffers: shared hit=24',), ('Planning Time: 0.724 ms',), ('Execution Time: 948.361 ms',)]"
100000,No Index,223337.69464492798,"[('Hash Join  (cost=7492.47..8921.79 rows=5274 width=2175) (actual time=922.256..1607.171 rows=60857 loops=1)',), ('  Hash Cond: (ta.project_id = p.id_project)',), ('  Buffers: shared hit=4529, temp read=1127 written=1127',), ('  ->  Hash Join  (cost=1589.76..2933.92 rows=8645 width=2118) (actual time=279.796..727.249 rows=100000 loops=1)',), ('        Hash Cond: (t.table_id = ta.id_table)',), ('        Buffers: shared hit=2664, temp read=1127 written=1127',), ('        ->  Seq Scan on task t  (cost=0.00..1321.45 rows=8645 width=1086) (actual time=0.007..127.614 rows=100000 loops=1)',), ('              Buffers: shared hit=1235',), ('        ->  Hash  (cost=1500.45..1500.45 rows=7145 width=1040) (actual time=279.727..279.732 rows=100000 loops=1)',), ('              Buckets: 131072 (originally 8192)  Batches: 2 (originally 1)  Memory Usage: 7169kB',), ('              Buffers: shared hit=1429, temp written=586',), ('              ->  Seq Scan on table_app ta  (cost=0.00..1500.45 rows=7145 width=1040) (actual time=0.006..133.820 rows=100000 loops=1)',), ('                    Buffers: shared hit=1429',), ('  ->  Hash  (cost=5140.11..5140.11 rows=61008 width=65) (actual time=642.417..642.429 rows=61136 loops=1)',), ('        Buckets: 65536  Batches: 1  Memory Usage: 6483kB',), ('        Buffers: shared hit=1865',), ('        ->  Hash Join  (cost=3043.60..5140.11 rows=61008 width=65) (actual time=179.198..548.512 rows=61136 loops=1)',), ('              Hash Cond: (p.user_id = ua.id_user)',), ('              Buffers: shared hit=1865',), ('              ->  Seq Scan on project p  (cost=0.00..1834.00 rows=100000 width=40) (actual time=0.005..130.408 rows=100000 loops=1)',), ('                    Buffers: shared hit=834',), ('              ->  Hash  (cost=2281.00..2281.00 rows=61008 width=33) (actual time=179.152..179.156 rows=61158 loops=1)',), ('                    Buckets: 65536  Batches: 1  Memory Usage: 4574kB',), ('                    Buffers: shared hit=1031',), ('                    ->  Seq Scan on user_app ua  (cost=0.00..2281.00 rows=61008 width=33) (actual time=0.007..91.941 rows=61158 loops=1)',), (""                          Filter: ((email)::text > 'kdahzxhxsf@example.com'::text)"",), ('                          Rows Removed by Filter: 38842',), ('                          Buffers: shared hit=1031',), ('Planning:',), ('  Buffers: shared hit=12',), ('Planning Time: 0.229 ms',), ('Execution Time: 1684.538 ms',)]"
100000,BTREE,242599.458694458,"[('Gather  (cost=3753.12..9236.17 rows=5274 width=1210) (actual time=169.661..1149.313 rows=60857 loops=1)',), ('  Workers Planned: 1',), ('  Workers Launched: 1',), ('  Buffers: shared hit=602715',), ('  ->  Nested Loop  (cost=2753.12..7708.77 rows=3102 width=1210) (actual time=166.102..1092.604 rows=30428 loops=2)',), ('        Buffers: shared hit=602715',), ('        ->  Nested Loop  (cost=2752.83..5853.86 rows=5085 width=1185) (actual time=166.041..750.905 rows=50000 loops=2)',), ('              Buffers: shared hit=302714',), ('              ->  Parallel Hash Join  (cost=2752.54..4051.74 rows=5085 width=1153) (actual time=166.011..389.774 rows=50000 loops=2)',), ('                    Hash Cond: (t.table_id = ta.id_table)',), ('                    Buffers: shared hit=2713',), ('                    ->  Parallel Seq Scan on task t  (cost=0.00..1285.85 rows=5085 width=1086) (actual time=0.010..72.007 rows=50000 loops=2)',), ('                          Buffers: shared hit=1235',), ('                    ->  Parallel Hash  (cost=2017.24..2017.24 rows=58824 width=75) (actual time=164.942..164.947 rows=50000 loops=2)',), ('                          Buckets: 131072  Batches: 1  Memory Usage: 12032kB',), ('                          Buffers: shared hit=1429',), ('                          ->  Parallel Seq Scan on table_app ta  (cost=0.00..2017.24 rows=58824 width=75) (actual time=0.011..77.776 rows=50000 loops=2)',), ('                                Buffers: shared hit=1429',), ('              ->  Index Scan using project_pkey on project p  (cost=0.29..0.35 rows=1 width=40) (actual time=0.003..0.003 rows=1 loops=100000)',), ('                    Index Cond: (id_project = ta.project_id)',), ('                    Buffers: shared hit=300001',), ('        ->  Index Scan using idx_user_id_btree on user_app ua  (cost=0.29..0.36 rows=1 width=33) (actual time=0.003..0.003 rows=1 loops=100000)',), ('              Index Cond: (id_user = p.user_id)',), (""              Filter: ((email)::text > 'kdahzxhxsf@example.com'::text)"",), ('              Rows Removed by Filter: 0',), ('              Buffers: shared hit=300001',), ('Planning:',), ('  Buffers: shared hit=24',), ('Planning Time: 0.277 ms',), ('Execution Time: 1234.474 ms',)]"
100000,HASH,223680.16147613525,"[('Hash Join  (cost=5597.43..6986.98 rows=5266 width=3175) (actual time=737.379..1710.257 rows=60857 loops=1)',), ('  Hash Cond: (p.user_id = ua.id_user)',), ('  Buffers: shared hit=4529, temp read=1127 written=1127',), ('  ->  Hash Join  (cost=2555.12..3921.98 rows=8645 width=3150) (actual time=556.707..1296.730 rows=100000 loops=1)',), ('        Hash Cond: (ta.project_id = p.id_project)',), ('        Buffers: shared hit=3498, temp read=1127 written=1127',), ('        ->  Hash Join  (cost=1589.76..2933.92 rows=8645 width=2118) (actual time=284.972..734.649 rows=100000 loops=1)',), ('              Hash Cond: (t.table_id = ta.id_table)',), ('              Buffers: shared hit=2664, temp read=1127 written=1127',), ('              ->  Seq Scan on task t  (cost=0.00..1321.45 rows=8645 width=1086) (actual time=0.011..126.793 rows=100000 loops=1)',), ('                    Buffers: shared hit=1235',), ('              ->  Hash  (cost=1500.45..1500.45 rows=7145 width=1040) (actual time=284.887..284.892 rows=100000 loops=1)',), ('                    Buckets: 131072 (originally 8192)  Batches: 2 (originally 1)  Memory Usage: 7169kB',), ('                    Buffers: shared hit=1429, temp written=586',), ('                    ->  Seq Scan on table_app ta  (cost=0.00..1500.45 rows=7145 width=1040) (actual time=0.006..135.660 rows=100000 loops=1)',), ('                          Buffers: shared hit=1429',), ('        ->  Hash  (cost=892.38..892.38 rows=5838 width=1040) (actual time=271.718..271.723 rows=100000 loops=1)',), ('              Buckets: 131072 (originally 8192)  Batches: 1 (originally 1)  Memory Usage: 8056kB',), ('              Buffers: shared hit=834',), ('              ->  Seq Scan on project p  (cost=0.00..892.38 rows=5838 width=1040) (actual time=0.009..132.608 rows=100000 loops=1)',), ('                    Buffers: shared hit=834',), ('  ->  Hash  (cost=2281.00..2281.00 rows=60905 width=33) (actual time=180.593..180.597 rows=61158 loops=1)',), ('        Buckets: 65536  Batches: 1  Memory Usage: 4574kB',), ('        Buffers: shared hit=1031',), ('        ->  Seq Scan on user_app ua  (cost=0.00..2281.00 rows=60905 width=33) (actual time=0.015..94.242 rows=61158 loops=1)',), (""              Filter: ((email)::text > 'kdahzxhxsf@example.com'::text)"",), ('              Rows Removed by Filter: 38842',), ('              Buffers: shared hit=1031',), ('Planning Time: 0.438 ms',), ('Execution Time: 1788.335 ms',)]"
