Number of Records,Index Type,Query Time (s),EXPLAIN Plan
1000,No Index,923.163890838623,"[('Nested Loop  (cost=27.12..49.41 rows=1 width=4178) (actual time=2.943..5.486 rows=5 loops=1)',), ('  Buffers: shared hit=52',), ('  ->  Hash Join  (cost=26.86..41.12 rows=1 width=3150) (actual time=2.929..5.426 rows=5 loops=1)',), ('        Hash Cond: (t.table_id = ta.id_table)',), ('        Buffers: shared hit=37',), ('        ->  Seq Scan on task t  (cost=0.00..13.91 rows=91 width=1086) (actual time=0.005..1.308 rows=1000 loops=1)',), ('              Buffers: shared hit=13',), ('        ->  Hash  (cost=26.85..26.85 rows=1 width=2072) (actual time=2.730..2.742 rows=3 loops=1)',), ('              Buckets: 1024  Batches: 1  Memory Usage: 9kB',), ('              Buffers: shared hit=24',), ('              ->  Hash Join  (cost=10.89..26.85 rows=1 width=2072) (actual time=0.786..2.723 rows=3 loops=1)',), ('                    Hash Cond: (ta.project_id = p.id_project)',), ('                    Buffers: shared hit=24',), ('                    ->  Seq Scan on table_app ta  (cost=0.00..15.75 rows=75 width=1040) (actual time=0.003..1.281 rows=1000 loops=1)',), ('                          Buffers: shared hit=15',), ('                    ->  Hash  (cost=10.88..10.88 rows=1 width=1040) (actual time=0.080..0.084 rows=2 loops=1)',), ('                          Buckets: 1024  Batches: 1  Memory Usage: 9kB',), ('                          Buffers: shared hit=9',), ('                          ->  Seq Scan on project p  (cost=0.00..10.88 rows=1 width=1040) (actual time=0.042..0.073 rows=2 loops=1)',), ('                                Filter: (user_id = 1)',), ('                                Rows Removed by Filter: 998',), ('                                Buffers: shared hit=9',), ('  ->  Index Scan using user_app_pkey on user_app ua  (cost=0.27..8.28 rows=1 width=1036) (actual time=0.004..0.005 rows=1 loops=5)',), ('        Index Cond: (id_user = 1)',), ('        Buffers: shared hit=15',), ('Planning Time: 0.096 ms',), ('Execution Time: 5.523 ms',)]"
1000,BTREE,1152.9922485351562,"[('Nested Loop  (cost=27.13..49.42 rows=1 width=4178) (actual time=2.950..5.495 rows=5 loops=1)',), ('  Buffers: shared hit=52',), ('  ->  Hash Join  (cost=26.86..41.12 rows=1 width=3150) (actual time=2.934..5.433 rows=5 loops=1)',), ('        Hash Cond: (t.table_id = ta.id_table)',), ('        Buffers: shared hit=37',), ('        ->  Seq Scan on task t  (cost=0.00..13.91 rows=91 width=1086) (actual time=0.004..1.322 rows=1000 loops=1)',), ('              Buffers: shared hit=13',), ('        ->  Hash  (cost=26.85..26.85 rows=1 width=2072) (actual time=2.750..2.762 rows=3 loops=1)',), ('              Buckets: 1024  Batches: 1  Memory Usage: 9kB',), ('              Buffers: shared hit=24',), ('              ->  Hash Join  (cost=10.89..26.85 rows=1 width=2072) (actual time=0.751..2.751 rows=3 loops=1)',), ('                    Hash Cond: (ta.project_id = p.id_project)',), ('                    Buffers: shared hit=24',), ('                    ->  Seq Scan on table_app ta  (cost=0.00..15.75 rows=75 width=1040) (actual time=0.003..1.297 rows=1000 loops=1)',), ('                          Buffers: shared hit=15',), ('                    ->  Hash  (cost=10.88..10.88 rows=1 width=1040) (actual time=0.082..0.087 rows=2 loops=1)',), ('                          Buckets: 1024  Batches: 1  Memory Usage: 9kB',), ('                          Buffers: shared hit=9',), ('                          ->  Seq Scan on project p  (cost=0.00..10.88 rows=1 width=1040) (actual time=0.041..0.071 rows=2 loops=1)',), ('                                Filter: (user_id = 1)',), ('                                Rows Removed by Filter: 998',), ('                                Buffers: shared hit=9',), ('  ->  Index Scan using idx_user_id_btree on user_app ua  (cost=0.28..8.29 rows=1 width=1036) (actual time=0.004..0.006 rows=1 loops=5)',), ('        Index Cond: (id_user = 1)',), ('        Buffers: shared hit=15',), ('Planning Time: 0.099 ms',), ('Execution Time: 5.525 ms',)]"
1000,HASH,2314.574718475342,"[('Nested Loop  (cost=26.86..49.15 rows=1 width=4178) (actual time=4.530..8.438 rows=5 loops=1)',), ('  Buffers: shared hit=47',), ('  ->  Hash Join  (cost=26.86..41.12 rows=1 width=3150) (actual time=4.513..8.352 rows=5 loops=1)',), ('        Hash Cond: (t.table_id = ta.id_table)',), ('        Buffers: shared hit=37',), ('        ->  Seq Scan on task t  (cost=0.00..13.91 rows=91 width=1086) (actual time=0.011..2.000 rows=1000 loops=1)',), ('              Buffers: shared hit=13',), ('        ->  Hash  (cost=26.85..26.85 rows=1 width=2072) (actual time=4.210..4.227 rows=3 loops=1)',), ('              Buckets: 1024  Batches: 1  Memory Usage: 9kB',), ('              Buffers: shared hit=24',), ('              ->  Hash Join  (cost=10.89..26.85 rows=1 width=2072) (actual time=1.253..4.206 rows=3 loops=1)',), ('                    Hash Cond: (ta.project_id = p.id_project)',), ('                    Buffers: shared hit=24',), ('                    ->  Seq Scan on table_app ta  (cost=0.00..15.75 rows=75 width=1040) (actual time=0.006..1.957 rows=1000 loops=1)',), ('                          Buffers: shared hit=15',), ('                    ->  Hash  (cost=10.88..10.88 rows=1 width=1040) (actual time=0.208..0.214 rows=2 loops=1)',), ('                          Buckets: 1024  Batches: 1  Memory Usage: 9kB',), ('                          Buffers: shared hit=9',), ('                          ->  Seq Scan on project p  (cost=0.00..10.88 rows=1 width=1040) (actual time=0.117..0.199 rows=2 loops=1)',), ('                                Filter: (user_id = 1)',), ('                                Rows Removed by Filter: 998',), ('                                Buffers: shared hit=9',), ('  ->  Index Scan using idx_user_id_hash on user_app ua  (cost=0.00..8.02 rows=1 width=1036) (actual time=0.004..0.007 rows=1 loops=5)',), ('        Index Cond: (id_user = 1)',), ('        Buffers: shared hit=10',), ('Planning Time: 0.281 ms',), ('Execution Time: 8.498 ms',)]"
2000,No Index,1124.4392395019531,"[('Nested Loop  (cost=49.62..85.06 rows=1 width=4178) (actual time=5.491..10.656 rows=4 loops=1)',), ('  Buffers: shared hit=83',), ('  ->  Hash Join  (cost=49.35..76.77 rows=1 width=3150) (actual time=5.464..10.592 rows=4 loops=1)',), ('        Hash Cond: (t.table_id = ta.id_table)',), ('        Buffers: shared hit=71',), ('        ->  Seq Scan on task t  (cost=0.00..26.75 rows=175 width=1086) (actual time=0.005..2.558 rows=2000 loops=1)',), ('              Buffers: shared hit=25',), ('        ->  Hash  (cost=49.34..49.34 rows=1 width=2072) (actual time=5.343..5.355 rows=4 loops=1)',), ('              Buckets: 1024  Batches: 1  Memory Usage: 9kB',), ('              Buffers: shared hit=46',), ('              ->  Hash Join  (cost=18.50..49.34 rows=1 width=2072) (actual time=1.796..5.334 rows=4 loops=1)',), ('                    Hash Cond: (ta.project_id = p.id_project)',), ('                    Buffers: shared hit=46',), ('                    ->  Seq Scan on table_app ta  (cost=0.00..30.45 rows=145 width=1040) (actual time=0.003..2.575 rows=2000 loops=1)',), ('                          Buffers: shared hit=29',), ('                    ->  Hash  (cost=18.49..18.49 rows=1 width=1040) (actual time=0.146..0.150 rows=1 loops=1)',), ('                          Buckets: 1024  Batches: 1  Memory Usage: 9kB',), ('                          Buffers: shared hit=17',), ('                          ->  Seq Scan on project p  (cost=0.00..18.49 rows=1 width=1040) (actual time=0.125..0.142 rows=1 loops=1)',), ('                                Filter: (user_id = 3)',), ('                                Rows Removed by Filter: 1999',), ('                                Buffers: shared hit=17',), ('  ->  Index Scan using user_app_pkey on user_app ua  (cost=0.27..8.28 rows=1 width=1036) (actual time=0.007..0.009 rows=1 loops=4)',), ('        Index Cond: (id_user = 3)',), ('        Buffers: shared hit=12',), ('Planning Time: 0.100 ms',), ('Execution Time: 10.681 ms',)]"
2000,BTREE,1670.525074005127,"[('Nested Loop  (cost=49.63..85.08 rows=1 width=4178) (actual time=5.551..10.697 rows=4 loops=1)',), ('  Buffers: shared hit=83',), ('  ->  Hash Join  (cost=49.35..76.77 rows=1 width=3150) (actual time=5.536..10.644 rows=4 loops=1)',), ('        Hash Cond: (t.table_id = ta.id_table)',), ('        Buffers: shared hit=71',), ('        ->  Seq Scan on task t  (cost=0.00..26.75 rows=175 width=1086) (actual time=0.004..2.535 rows=2000 loops=1)',), ('              Buffers: shared hit=25',), ('        ->  Hash  (cost=49.34..49.34 rows=1 width=2072) (actual time=5.406..5.418 rows=4 loops=1)',), ('              Buckets: 1024  Batches: 1  Memory Usage: 9kB',), ('              Buffers: shared hit=46',), ('              ->  Hash Join  (cost=18.50..49.34 rows=1 width=2072) (actual time=1.823..5.402 rows=4 loops=1)',), ('                    Hash Cond: (ta.project_id = p.id_project)',), ('                    Buffers: shared hit=46',), ('                    ->  Seq Scan on table_app ta  (cost=0.00..30.45 rows=145 width=1040) (actual time=0.003..2.598 rows=2000 loops=1)',), ('                          Buffers: shared hit=29',), ('                    ->  Hash  (cost=18.49..18.49 rows=1 width=1040) (actual time=0.156..0.161 rows=1 loops=1)',), ('                          Buckets: 1024  Batches: 1  Memory Usage: 9kB',), ('                          Buffers: shared hit=17',), ('                          ->  Seq Scan on project p  (cost=0.00..18.49 rows=1 width=1040) (actual time=0.128..0.146 rows=1 loops=1)',), ('                                Filter: (user_id = 3)',), ('                                Rows Removed by Filter: 1999',), ('                                Buffers: shared hit=17',), ('  ->  Index Scan using idx_user_id_btree on user_app ua  (cost=0.28..8.29 rows=1 width=1036) (actual time=0.004..0.006 rows=1 loops=4)',), ('        Index Cond: (id_user = 3)',), ('        Buffers: shared hit=12',), ('Planning Time: 0.121 ms',), ('Execution Time: 10.724 ms',)]"
2000,HASH,1472.7282524108887,"[('Nested Loop  (cost=49.35..84.80 rows=1 width=4178) (actual time=5.530..10.760 rows=4 loops=1)',), ('  Buffers: shared hit=83',), ('  ->  Hash Join  (cost=49.35..76.77 rows=1 width=3150) (actual time=5.520..10.713 rows=4 loops=1)',), ('        Hash Cond: (t.table_id = ta.id_table)',), ('        Buffers: shared hit=71',), ('        ->  Seq Scan on task t  (cost=0.00..26.75 rows=175 width=1086) (actual time=0.004..2.606 rows=2000 loops=1)',), ('              Buffers: shared hit=25',), ('        ->  Hash  (cost=49.34..49.34 rows=1 width=2072) (actual time=5.396..5.409 rows=4 loops=1)',), ('              Buckets: 1024  Batches: 1  Memory Usage: 9kB',), ('              Buffers: shared hit=46',), ('              ->  Hash Join  (cost=18.50..49.34 rows=1 width=2072) (actual time=1.840..5.395 rows=4 loops=1)',), ('                    Hash Cond: (ta.project_id = p.id_project)',), ('                    Buffers: shared hit=46',), ('                    ->  Seq Scan on table_app ta  (cost=0.00..30.45 rows=145 width=1040) (actual time=0.003..2.575 rows=2000 loops=1)',), ('                          Buffers: shared hit=29',), ('                    ->  Hash  (cost=18.49..18.49 rows=1 width=1040) (actual time=0.155..0.159 rows=1 loops=1)',), ('                          Buckets: 1024  Batches: 1  Memory Usage: 9kB',), ('                          Buffers: shared hit=17',), ('                          ->  Seq Scan on project p  (cost=0.00..18.49 rows=1 width=1040) (actual time=0.123..0.139 rows=1 loops=1)',), ('                                Filter: (user_id = 3)',), ('                                Rows Removed by Filter: 1999',), ('                                Buffers: shared hit=17',), ('  ->  Index Scan using idx_user_id_hash on user_app ua  (cost=0.00..8.02 rows=1 width=1036) (actual time=0.002..0.005 rows=1 loops=4)',), ('        Index Cond: (id_user = 3)',), ('        Buffers: shared hit=12',), ('Planning Time: 0.109 ms',), ('Execution Time: 10.791 ms',)]"
3000,No Index,1473.55318069458,"[('Nested Loop  (cost=73.21..122.90 rows=1 width=4178) (actual time=8.859..15.990 rows=5 loops=1)',), ('  Buffers: shared hit=121',), ('  ->  Hash Join  (cost=72.94..114.61 rows=1 width=3150) (actual time=8.843..15.929 rows=5 loops=1)',), ('        Hash Cond: (t.table_id = ta.id_table)',), ('        Buffers: shared hit=106',), ('        ->  Seq Scan on task t  (cost=0.00..40.66 rows=266 width=1086) (actual time=0.004..3.837 rows=3000 loops=1)',), ('              Buffers: shared hit=38',), ('        ->  Hash  (cost=72.93..72.93 rows=1 width=2072) (actual time=8.083..8.095 rows=5 loops=1)',), ('              Buckets: 1024  Batches: 1  Memory Usage: 9kB',), ('              Buffers: shared hit=68',), ('              ->  Hash Join  (cost=27.20..72.93 rows=1 width=2072) (actual time=1.700..8.079 rows=5 loops=1)',), ('                    Hash Cond: (ta.project_id = p.id_project)',), ('                    Buffers: shared hit=68',), ('                    ->  Seq Scan on table_app ta  (cost=0.00..45.15 rows=215 width=1040) (actual time=0.003..3.892 rows=3000 loops=1)',), ('                          Buffers: shared hit=43',), ('                    ->  Hash  (cost=27.19..27.19 rows=1 width=1040) (actual time=0.218..0.222 rows=3 loops=1)',), ('                          Buckets: 1024  Batches: 1  Memory Usage: 9kB',), ('                          Buffers: shared hit=25',), ('                          ->  Seq Scan on project p  (cost=0.00..27.19 rows=1 width=1040) (actual time=0.024..0.204 rows=3 loops=1)',), ('                                Filter: (user_id = 2)',), ('                                Rows Removed by Filter: 2997',), ('                                Buffers: shared hit=25',), ('  ->  Index Scan using user_app_pkey on user_app ua  (cost=0.27..8.29 rows=1 width=1036) (actual time=0.004..0.006 rows=1 loops=5)',), ('        Index Cond: (id_user = 2)',), ('        Buffers: shared hit=15',), ('Planning Time: 0.111 ms',), ('Execution Time: 16.024 ms',)]"
3000,BTREE,1775.2718925476074,"[('Nested Loop  (cost=73.22..122.91 rows=1 width=4178) (actual time=8.828..16.000 rows=5 loops=1)',), ('  Buffers: shared hit=121',), ('  ->  Hash Join  (cost=72.94..114.61 rows=1 width=3150) (actual time=8.812..15.937 rows=5 loops=1)',), ('        Hash Cond: (t.table_id = ta.id_table)',), ('        Buffers: shared hit=106',), ('        ->  Seq Scan on task t  (cost=0.00..40.66 rows=266 width=1086) (actual time=0.004..3.867 rows=3000 loops=1)',), ('              Buffers: shared hit=38',), ('        ->  Hash  (cost=72.93..72.93 rows=1 width=2072) (actual time=8.051..8.062 rows=5 loops=1)',), ('              Buckets: 1024  Batches: 1  Memory Usage: 9kB',), ('              Buffers: shared hit=68',), ('              ->  Hash Join  (cost=27.20..72.93 rows=1 width=2072) (actual time=1.646..8.048 rows=5 loops=1)',), ('                    Hash Cond: (ta.project_id = p.id_project)',), ('                    Buffers: shared hit=68',), ('                    ->  Seq Scan on table_app ta  (cost=0.00..45.15 rows=215 width=1040) (actual time=0.003..3.861 rows=3000 loops=1)',), ('                          Buffers: shared hit=43',), ('                    ->  Hash  (cost=27.19..27.19 rows=1 width=1040) (actual time=0.223..0.227 rows=3 loops=1)',), ('                          Buckets: 1024  Batches: 1  Memory Usage: 9kB',), ('                          Buffers: shared hit=25',), ('                          ->  Seq Scan on project p  (cost=0.00..27.19 rows=1 width=1040) (actual time=0.025..0.209 rows=3 loops=1)',), ('                                Filter: (user_id = 2)',), ('                                Rows Removed by Filter: 2997',), ('                                Buffers: shared hit=25',), ('  ->  Index Scan using idx_user_id_btree on user_app ua  (cost=0.28..8.30 rows=1 width=1036) (actual time=0.004..0.006 rows=1 loops=5)',), ('        Index Cond: (id_user = 2)',), ('        Buffers: shared hit=15',), ('Planning Time: 0.113 ms',), ('Execution Time: 16.026 ms',)]"
3000,HASH,1774.7926712036133,"[('Nested Loop  (cost=72.94..122.63 rows=1 width=4178) (actual time=9.198..16.435 rows=5 loops=1)',), ('  Buffers: shared hit=116',), ('  ->  Hash Join  (cost=72.94..114.61 rows=1 width=3150) (actual time=9.184..16.370 rows=5 loops=1)',), ('        Hash Cond: (t.table_id = ta.id_table)',), ('        Buffers: shared hit=106',), ('        ->  Seq Scan on task t  (cost=0.00..40.66 rows=266 width=1086) (actual time=0.004..3.895 rows=3000 loops=1)',), ('              Buffers: shared hit=38',), ('        ->  Hash  (cost=72.93..72.93 rows=1 width=2072) (actual time=8.383..8.397 rows=5 loops=1)',), ('              Buckets: 1024  Batches: 1  Memory Usage: 9kB',), ('              Buffers: shared hit=68',), ('              ->  Hash Join  (cost=27.20..72.93 rows=1 width=2072) (actual time=1.626..8.374 rows=5 loops=1)',), ('                    Hash Cond: (ta.project_id = p.id_project)',), ('                    Buffers: shared hit=68',), ('                    ->  Seq Scan on table_app ta  (cost=0.00..45.15 rows=215 width=1040) (actual time=0.003..4.014 rows=3000 loops=1)',), ('                          Buffers: shared hit=43',), ('                    ->  Hash  (cost=27.19..27.19 rows=1 width=1040) (actual time=0.225..0.230 rows=3 loops=1)',), ('                          Buckets: 1024  Batches: 1  Memory Usage: 9kB',), ('                          Buffers: shared hit=25',), ('                          ->  Seq Scan on project p  (cost=0.00..27.19 rows=1 width=1040) (actual time=0.025..0.212 rows=3 loops=1)',), ('                                Filter: (user_id = 2)',), ('                                Rows Removed by Filter: 2997',), ('                                Buffers: shared hit=25',), ('  ->  Index Scan using idx_user_id_hash on user_app ua  (cost=0.00..8.02 rows=1 width=1036) (actual time=0.004..0.005 rows=1 loops=5)',), ('        Index Cond: (id_user = 2)',), ('        Buffers: shared hit=10',), ('Planning Time: 0.125 ms',), ('Execution Time: 16.467 ms',)]"
4000,No Index,2438.9123916625977,"[('Nested Loop  (cost=98.94..161.79 rows=1 width=4178) (actual time=13.658..21.163 rows=4 loops=1)',), ('  Buffers: shared hit=154',), ('  ->  Hash Join  (cost=98.67..153.49 rows=1 width=3150) (actual time=13.633..21.099 rows=4 loops=1)',), ('        Hash Cond: (t.table_id = ta.id_table)',), ('        Buffers: shared hit=142',), ('        ->  Seq Scan on task t  (cost=0.00..53.50 rows=350 width=1086) (actual time=0.003..5.078 rows=4000 loops=1)',), ('              Buffers: shared hit=50',), ('        ->  Hash  (cost=98.66..98.66 rows=1 width=2072) (actual time=10.725..10.737 rows=6 loops=1)',), ('              Buckets: 1024  Batches: 1  Memory Usage: 9kB',), ('              Buffers: shared hit=92',), ('              ->  Hash Join  (cost=36.99..98.66 rows=1 width=2072) (actual time=2.239..10.715 rows=6 loops=1)',), ('                    Hash Cond: (ta.project_id = p.id_project)',), ('                    Buffers: shared hit=92',), ('                    ->  Seq Scan on table_app ta  (cost=0.00..60.90 rows=290 width=1040) (actual time=0.003..5.161 rows=4000 loops=1)',), ('                          Buffers: shared hit=58',), ('                    ->  Hash  (cost=36.98..36.98 rows=1 width=1040) (actual time=0.281..0.285 rows=3 loops=1)',), ('                          Buckets: 1024  Batches: 1  Memory Usage: 9kB',), ('                          Buffers: shared hit=34',), ('                          ->  Seq Scan on project p  (cost=0.00..36.98 rows=1 width=1040) (actual time=0.122..0.274 rows=3 loops=1)',), ('                                Filter: (user_id = 1)',), ('                                Rows Removed by Filter: 3997',), ('                                Buffers: shared hit=34',), ('  ->  Index Scan using user_app_pkey on user_app ua  (cost=0.27..8.29 rows=1 width=1036) (actual time=0.007..0.008 rows=1 loops=4)',), ('        Index Cond: (id_user = 1)',), ('        Buffers: shared hit=12',), ('Planning Time: 0.113 ms',), ('Execution Time: 21.192 ms',)]"
4000,BTREE,2033.9274406433105,"[('Nested Loop  (cost=98.95..161.80 rows=1 width=4178) (actual time=19.014..26.634 rows=4 loops=1)',), ('  Buffers: shared hit=154',), ('  ->  Hash Join  (cost=98.67..153.49 rows=1 width=3150) (actual time=18.998..26.573 rows=4 loops=1)',), ('        Hash Cond: (t.table_id = ta.id_table)',), ('        Buffers: shared hit=142',), ('        ->  Seq Scan on task t  (cost=0.00..53.50 rows=350 width=1086) (actual time=0.009..5.596 rows=4000 loops=1)',), ('              Buffers: shared hit=50',), ('        ->  Hash  (cost=98.66..98.66 rows=1 width=2072) (actual time=15.121..15.134 rows=6 loops=1)',), ('              Buckets: 1024  Batches: 1  Memory Usage: 9kB',), ('              Buffers: shared hit=92',), ('              ->  Hash Join  (cost=36.99..98.66 rows=1 width=2072) (actual time=3.426..15.109 rows=6 loops=1)',), ('                    Hash Cond: (ta.project_id = p.id_project)',), ('                    Buffers: shared hit=92',), ('                    ->  Seq Scan on table_app ta  (cost=0.00..60.90 rows=290 width=1040) (actual time=0.006..7.118 rows=4000 loops=1)',), ('                          Buffers: shared hit=58',), ('                    ->  Hash  (cost=36.98..36.98 rows=1 width=1040) (actual time=0.650..0.654 rows=3 loops=1)',), ('                          Buckets: 1024  Batches: 1  Memory Usage: 9kB',), ('                          Buffers: shared hit=34',), ('                          ->  Seq Scan on project p  (cost=0.00..36.98 rows=1 width=1040) (actual time=0.284..0.638 rows=3 loops=1)',), ('                                Filter: (user_id = 1)',), ('                                Rows Removed by Filter: 3997',), ('                                Buffers: shared hit=34',), ('  ->  Index Scan using idx_user_id_btree on user_app ua  (cost=0.28..8.30 rows=1 width=1036) (actual time=0.005..0.007 rows=1 loops=4)',), ('        Index Cond: (id_user = 1)',), ('        Buffers: shared hit=12',), ('Planning Time: 0.260 ms',), ('Execution Time: 26.681 ms',)]"
4000,HASH,2021.026611328125,"[('Nested Loop  (cost=98.67..161.52 rows=1 width=4178) (actual time=13.531..21.047 rows=4 loops=1)',), ('  Buffers: shared hit=154',), ('  ->  Hash Join  (cost=98.67..153.49 rows=1 width=3150) (actual time=13.518..20.992 rows=4 loops=1)',), ('        Hash Cond: (t.table_id = ta.id_table)',), ('        Buffers: shared hit=142',), ('        ->  Seq Scan on task t  (cost=0.00..53.50 rows=350 width=1086) (actual time=0.004..5.029 rows=4000 loops=1)',), ('              Buffers: shared hit=50',), ('        ->  Hash  (cost=98.66..98.66 rows=1 width=2072) (actual time=10.703..10.717 rows=6 loops=1)',), ('              Buckets: 1024  Batches: 1  Memory Usage: 9kB',), ('              Buffers: shared hit=92',), ('              ->  Hash Join  (cost=36.99..98.66 rows=1 width=2072) (actual time=2.336..10.699 rows=6 loops=1)',), ('                    Hash Cond: (ta.project_id = p.id_project)',), ('                    Buffers: shared hit=92',), ('                    ->  Seq Scan on table_app ta  (cost=0.00..60.90 rows=290 width=1040) (actual time=0.003..5.160 rows=4000 loops=1)',), ('                          Buffers: shared hit=58',), ('                    ->  Hash  (cost=36.98..36.98 rows=1 width=1040) (actual time=0.301..0.306 rows=3 loops=1)',), ('                          Buckets: 1024  Batches: 1  Memory Usage: 9kB',), ('                          Buffers: shared hit=34',), ('                          ->  Seq Scan on project p  (cost=0.00..36.98 rows=1 width=1040) (actual time=0.121..0.275 rows=3 loops=1)',), ('                                Filter: (user_id = 1)',), ('                                Rows Removed by Filter: 3997',), ('                                Buffers: shared hit=34',), ('  ->  Index Scan using idx_user_id_hash on user_app ua  (cost=0.00..8.02 rows=1 width=1036) (actual time=0.004..0.006 rows=1 loops=4)',), ('        Index Cond: (id_user = 1)',), ('        Buffers: shared hit=12',), ('Planning Time: 0.125 ms',), ('Execution Time: 21.077 ms',)]"
5000,No Index,1134.474277496338,"[('Nested Loop  (cost=239.94..315.95 rows=1 width=1210) (actual time=0.327..0.346 rows=0 loops=1)',), ('  Buffers: shared hit=44',), ('  ->  Hash Join  (cost=239.66..307.64 rows=1 width=1185) (actual time=0.324..0.340 rows=0 loops=1)',), ('        Hash Cond: (t.table_id = ta.id_table)',), ('        Buffers: shared hit=44',), ('        ->  Seq Scan on task t  (cost=0.00..66.34 rows=434 width=1086) (actual time=0.004..0.005 rows=1 loops=1)',), ('              Buffers: shared hit=1',), ('        ->  Hash  (cost=239.65..239.65 rows=1 width=107) (actual time=0.310..0.322 rows=0 loops=1)',), ('              Buckets: 1024  Batches: 1  Memory Usage: 8kB',), ('              Buffers: shared hit=43',), ('              ->  Hash Join  (cost=104.51..239.65 rows=1 width=107) (actual time=0.308..0.317 rows=0 loops=1)',), ('                    Hash Cond: (ta.project_id = p.id_project)',), ('                    Buffers: shared hit=43',), ('                    ->  Seq Scan on table_app ta  (cost=0.00..122.00 rows=5000 width=75) (actual time=0.002..0.004 rows=1 loops=1)',), ('                          Buffers: shared hit=1',), ('                    ->  Hash  (cost=104.50..104.50 rows=1 width=40) (actual time=0.296..0.299 rows=0 loops=1)',), ('                          Buckets: 1024  Batches: 1  Memory Usage: 8kB',), ('                          Buffers: shared hit=42',), ('                          ->  Seq Scan on project p  (cost=0.00..104.50 rows=1 width=40) (actual time=0.293..0.295 rows=0 loops=1)',), ('                                Filter: (user_id = 2)',), ('                                Rows Removed by Filter: 5000',), ('                                Buffers: shared hit=42',), ('  ->  Index Scan using user_app_pkey on user_app ua  (cost=0.28..8.30 rows=1 width=33) (never executed)',), ('        Index Cond: (id_user = 2)',), ('Planning:',), ('  Buffers: shared hit=12',), ('Planning Time: 0.151 ms',), ('Execution Time: 0.370 ms',)]"
5000,BTREE,1092.9608345031738,"[('Nested Loop  (cost=122.54..198.54 rows=1 width=4178) (actual time=0.356..0.375 rows=0 loops=1)',), ('  Buffers: shared hit=44',), ('  ->  Hash Join  (cost=122.26..190.23 rows=1 width=3150) (actual time=0.353..0.369 rows=0 loops=1)',), ('        Hash Cond: (t.table_id = ta.id_table)',), ('        Buffers: shared hit=44',), ('        ->  Seq Scan on task t  (cost=0.00..66.34 rows=434 width=1086) (actual time=0.004..0.005 rows=1 loops=1)',), ('              Buffers: shared hit=1',), ('        ->  Hash  (cost=122.24..122.24 rows=1 width=2072) (actual time=0.343..0.354 rows=0 loops=1)',), ('              Buckets: 1024  Batches: 1  Memory Usage: 8kB',), ('              Buffers: shared hit=43',), ('              ->  Hash Join  (cost=45.69..122.24 rows=1 width=2072) (actual time=0.341..0.349 rows=0 loops=1)',), ('                    Hash Cond: (ta.project_id = p.id_project)',), ('                    Buffers: shared hit=43',), ('                    ->  Seq Scan on table_app ta  (cost=0.00..75.60 rows=360 width=1040) (actual time=0.003..0.004 rows=1 loops=1)',), ('                          Buffers: shared hit=1',), ('                    ->  Hash  (cost=45.67..45.67 rows=1 width=1040) (actual time=0.332..0.336 rows=0 loops=1)',), ('                          Buckets: 1024  Batches: 1  Memory Usage: 8kB',), ('                          Buffers: shared hit=42',), ('                          ->  Seq Scan on project p  (cost=0.00..45.67 rows=1 width=1040) (actual time=0.330..0.331 rows=0 loops=1)',), ('                                Filter: (user_id = 2)',), ('                                Rows Removed by Filter: 5000',), ('                                Buffers: shared hit=42',), ('  ->  Index Scan using idx_user_id_btree on user_app ua  (cost=0.28..8.30 rows=1 width=1036) (never executed)',), ('        Index Cond: (id_user = 2)',), ('Planning Time: 0.107 ms',), ('Execution Time: 0.395 ms',)]"
5000,HASH,1309.5283508300781,"[('Nested Loop  (cost=122.26..198.26 rows=1 width=4178) (actual time=0.955..0.984 rows=0 loops=1)',), ('  Buffers: shared hit=44',), ('  ->  Hash Join  (cost=122.26..190.23 rows=1 width=3150) (actual time=0.950..0.975 rows=0 loops=1)',), ('        Hash Cond: (t.table_id = ta.id_table)',), ('        Buffers: shared hit=44',), ('        ->  Seq Scan on task t  (cost=0.00..66.34 rows=434 width=1086) (actual time=0.009..0.011 rows=1 loops=1)',), ('              Buffers: shared hit=1',), ('        ->  Hash  (cost=122.24..122.24 rows=1 width=2072) (actual time=0.932..0.949 rows=0 loops=1)',), ('              Buckets: 1024  Batches: 1  Memory Usage: 8kB',), ('              Buffers: shared hit=43',), ('              ->  Hash Join  (cost=45.69..122.24 rows=1 width=2072) (actual time=0.928..0.942 rows=0 loops=1)',), ('                    Hash Cond: (ta.project_id = p.id_project)',), ('                    Buffers: shared hit=43',), ('                    ->  Seq Scan on table_app ta  (cost=0.00..75.60 rows=360 width=1040) (actual time=0.006..0.007 rows=1 loops=1)',), ('                          Buffers: shared hit=1',), ('                    ->  Hash  (cost=45.67..45.67 rows=1 width=1040) (actual time=0.915..0.921 rows=0 loops=1)',), ('                          Buckets: 1024  Batches: 1  Memory Usage: 8kB',), ('                          Buffers: shared hit=42',), ('                          ->  Seq Scan on project p  (cost=0.00..45.67 rows=1 width=1040) (actual time=0.910..0.912 rows=0 loops=1)',), ('                                Filter: (user_id = 2)',), ('                                Rows Removed by Filter: 5000',), ('                                Buffers: shared hit=42',), ('  ->  Index Scan using idx_user_id_hash on user_app ua  (cost=0.00..8.02 rows=1 width=1036) (never executed)',), ('        Index Cond: (id_user = 2)',), ('Planning Time: 0.259 ms',), ('Execution Time: 1.028 ms',)]"
6000,No Index,1214.6520614624023,"[('Nested Loop  (cost=146.13..236.41 rows=2 width=4178) (actual time=0.476..0.498 rows=0 loops=1)',), ('  Buffers: shared hit=55',), ('  ->  Index Scan using user_app_pkey on user_app ua  (cost=0.27..8.29 rows=1 width=1036) (actual time=0.010..0.014 rows=1 loops=1)',), ('        Index Cond: (id_user = 1)',), ('        Buffers: shared hit=3',), ('  ->  Hash Join  (cost=145.86..228.10 rows=2 width=3150) (actual time=0.458..0.474 rows=0 loops=1)',), ('        Hash Cond: (t.table_id = ta.id_table)',), ('        Buffers: shared hit=52',), ('        ->  Seq Scan on task t  (cost=0.00..80.25 rows=525 width=1086) (actual time=0.004..0.005 rows=1 loops=1)',), ('              Buffers: shared hit=1',), ('        ->  Hash  (cost=145.84..145.84 rows=2 width=2072) (actual time=0.449..0.460 rows=0 loops=1)',), ('              Buckets: 1024  Batches: 1  Memory Usage: 8kB',), ('              Buffers: shared hit=51',), ('              ->  Hash Join  (cost=54.40..145.84 rows=2 width=2072) (actual time=0.446..0.454 rows=0 loops=1)',), ('                    Hash Cond: (ta.project_id = p.id_project)',), ('                    Buffers: shared hit=51',), ('                    ->  Seq Scan on table_app ta  (cost=0.00..90.30 rows=430 width=1040) (actual time=0.003..0.005 rows=1 loops=1)',), ('                          Buffers: shared hit=1',), ('                    ->  Hash  (cost=54.38..54.38 rows=2 width=1040) (actual time=0.429..0.433 rows=0 loops=1)',), ('                          Buckets: 1024  Batches: 1  Memory Usage: 8kB',), ('                          Buffers: shared hit=50',), ('                          ->  Seq Scan on project p  (cost=0.00..54.38 rows=2 width=1040) (actual time=0.426..0.428 rows=0 loops=1)',), ('                                Filter: (user_id = 1)',), ('                                Rows Removed by Filter: 6000',), ('                                Buffers: shared hit=50',), ('Planning Time: 0.139 ms',), ('Execution Time: 0.520 ms',)]"
6000,BTREE,1315.4077529907227,"[('Nested Loop  (cost=146.15..236.42 rows=2 width=4178) (actual time=0.459..0.480 rows=0 loops=1)',), ('  Buffers: shared hit=55',), ('  ->  Index Scan using idx_user_id_btree on user_app ua  (cost=0.28..8.30 rows=1 width=1036) (actual time=0.006..0.009 rows=1 loops=1)',), ('        Index Cond: (id_user = 1)',), ('        Buffers: shared hit=3',), ('  ->  Hash Join  (cost=145.86..228.10 rows=2 width=3150) (actual time=0.444..0.461 rows=0 loops=1)',), ('        Hash Cond: (t.table_id = ta.id_table)',), ('        Buffers: shared hit=52',), ('        ->  Seq Scan on task t  (cost=0.00..80.25 rows=525 width=1086) (actual time=0.003..0.005 rows=1 loops=1)',), ('              Buffers: shared hit=1',), ('        ->  Hash  (cost=145.84..145.84 rows=2 width=2072) (actual time=0.415..0.426 rows=0 loops=1)',), ('              Buckets: 1024  Batches: 1  Memory Usage: 8kB',), ('              Buffers: shared hit=51',), ('              ->  Hash Join  (cost=54.40..145.84 rows=2 width=2072) (actual time=0.413..0.421 rows=0 loops=1)',), ('                    Hash Cond: (ta.project_id = p.id_project)',), ('                    Buffers: shared hit=51',), ('                    ->  Seq Scan on table_app ta  (cost=0.00..90.30 rows=430 width=1040) (actual time=0.003..0.004 rows=1 loops=1)',), ('                          Buffers: shared hit=1',), ('                    ->  Hash  (cost=54.38..54.38 rows=2 width=1040) (actual time=0.400..0.403 rows=0 loops=1)',), ('                          Buckets: 1024  Batches: 1  Memory Usage: 8kB',), ('                          Buffers: shared hit=50',), ('                          ->  Seq Scan on project p  (cost=0.00..54.38 rows=2 width=1040) (actual time=0.397..0.399 rows=0 loops=1)',), ('                                Filter: (user_id = 1)',), ('                                Rows Removed by Filter: 6000',), ('                                Buffers: shared hit=50',), ('Planning Time: 0.108 ms',), ('Execution Time: 0.500 ms',)]"
6000,HASH,1702.871322631836,"[('Nested Loop  (cost=145.86..236.14 rows=2 width=4178) (actual time=0.457..0.478 rows=0 loops=1)',), ('  Buffers: shared hit=54',), ('  ->  Index Scan using idx_user_id_hash on user_app ua  (cost=0.00..8.02 rows=1 width=1036) (actual time=0.006..0.009 rows=1 loops=1)',), ('        Index Cond: (id_user = 1)',), ('        Buffers: shared hit=2',), ('  ->  Hash Join  (cost=145.86..228.10 rows=2 width=3150) (actual time=0.443..0.459 rows=0 loops=1)',), ('        Hash Cond: (t.table_id = ta.id_table)',), ('        Buffers: shared hit=52',), ('        ->  Seq Scan on task t  (cost=0.00..80.25 rows=525 width=1086) (actual time=0.003..0.005 rows=1 loops=1)',), ('              Buffers: shared hit=1',), ('        ->  Hash  (cost=145.84..145.84 rows=2 width=2072) (actual time=0.434..0.445 rows=0 loops=1)',), ('              Buckets: 1024  Batches: 1  Memory Usage: 8kB',), ('              Buffers: shared hit=51',), ('              ->  Hash Join  (cost=54.40..145.84 rows=2 width=2072) (actual time=0.432..0.441 rows=0 loops=1)',), ('                    Hash Cond: (ta.project_id = p.id_project)',), ('                    Buffers: shared hit=51',), ('                    ->  Seq Scan on table_app ta  (cost=0.00..90.30 rows=430 width=1040) (actual time=0.003..0.004 rows=1 loops=1)',), ('                          Buffers: shared hit=1',), ('                    ->  Hash  (cost=54.38..54.38 rows=2 width=1040) (actual time=0.413..0.417 rows=0 loops=1)',), ('                          Buckets: 1024  Batches: 1  Memory Usage: 8kB',), ('                          Buffers: shared hit=50',), ('                          ->  Seq Scan on project p  (cost=0.00..54.38 rows=2 width=1040) (actual time=0.411..0.412 rows=0 loops=1)',), ('                                Filter: (user_id = 1)',), ('                                Rows Removed by Filter: 6000',), ('                                Buffers: shared hit=50',), ('Planning Time: 0.106 ms',), ('Execution Time: 0.500 ms',)]"
7000,No Index,1942.7490234375,"[('Nested Loop  (cost=170.81..274.24 rows=2 width=4178) (actual time=0.517..0.538 rows=0 loops=1)',), ('  Buffers: shared hit=64',), ('  ->  Index Scan using user_app_pkey on user_app ua  (cost=0.27..8.29 rows=1 width=1036) (actual time=0.005..0.008 rows=1 loops=1)',), ('        Index Cond: (id_user = 3)',), ('        Buffers: shared hit=3',), ('  ->  Hash Join  (cost=170.54..265.93 rows=2 width=3150) (actual time=0.505..0.521 rows=0 loops=1)',), ('        Hash Cond: (t.table_id = ta.id_table)',), ('        Buffers: shared hit=61',), ('        ->  Seq Scan on task t  (cost=0.00..93.09 rows=609 width=1086) (actual time=0.003..0.004 rows=1 loops=1)',), ('              Buffers: shared hit=1',), ('        ->  Hash  (cost=170.51..170.51 rows=2 width=2072) (actual time=0.496..0.507 rows=0 loops=1)',), ('              Buckets: 1024  Batches: 1  Memory Usage: 8kB',), ('              Buffers: shared hit=60',), ('              ->  Hash Join  (cost=64.19..170.51 rows=2 width=2072) (actual time=0.494..0.503 rows=0 loops=1)',), ('                    Hash Cond: (ta.project_id = p.id_project)',), ('                    Buffers: shared hit=60',), ('                    ->  Seq Scan on table_app ta  (cost=0.00..105.00 rows=500 width=1040) (actual time=0.002..0.003 rows=1 loops=1)',), ('                          Buffers: shared hit=1',), ('                    ->  Hash  (cost=64.16..64.16 rows=2 width=1040) (actual time=0.480..0.484 rows=0 loops=1)',), ('                          Buckets: 1024  Batches: 1  Memory Usage: 8kB',), ('                          Buffers: shared hit=59',), ('                          ->  Seq Scan on project p  (cost=0.00..64.16 rows=2 width=1040) (actual time=0.477..0.479 rows=0 loops=1)',), ('                                Filter: (user_id = 3)',), ('                                Rows Removed by Filter: 7000',), ('                                Buffers: shared hit=59',), ('Planning Time: 0.092 ms',), ('Execution Time: 0.556 ms',)]"
7000,BTREE,1264.8677825927734,"[('Nested Loop  (cost=170.82..274.25 rows=2 width=4178) (actual time=0.537..0.558 rows=0 loops=1)',), ('  Buffers: shared hit=64',), ('  ->  Index Scan using idx_user_id_btree on user_app ua  (cost=0.28..8.30 rows=1 width=1036) (actual time=0.013..0.016 rows=1 loops=1)',), ('        Index Cond: (id_user = 3)',), ('        Buffers: shared hit=3',), ('  ->  Hash Join  (cost=170.54..265.93 rows=2 width=3150) (actual time=0.516..0.532 rows=0 loops=1)',), ('        Hash Cond: (t.table_id = ta.id_table)',), ('        Buffers: shared hit=61',), ('        ->  Seq Scan on task t  (cost=0.00..93.09 rows=609 width=1086) (actual time=0.003..0.004 rows=1 loops=1)',), ('              Buffers: shared hit=1',), ('        ->  Hash  (cost=170.51..170.51 rows=2 width=2072) (actual time=0.503..0.514 rows=0 loops=1)',), ('              Buckets: 1024  Batches: 1  Memory Usage: 8kB',), ('              Buffers: shared hit=60',), ('              ->  Hash Join  (cost=64.19..170.51 rows=2 width=2072) (actual time=0.501..0.510 rows=0 loops=1)',), ('                    Hash Cond: (ta.project_id = p.id_project)',), ('                    Buffers: shared hit=60',), ('                    ->  Seq Scan on table_app ta  (cost=0.00..105.00 rows=500 width=1040) (actual time=0.003..0.004 rows=1 loops=1)',), ('                          Buffers: shared hit=1',), ('                    ->  Hash  (cost=64.16..64.16 rows=2 width=1040) (actual time=0.488..0.492 rows=0 loops=1)',), ('                          Buckets: 1024  Batches: 1  Memory Usage: 8kB',), ('                          Buffers: shared hit=59',), ('                          ->  Seq Scan on project p  (cost=0.00..64.16 rows=2 width=1040) (actual time=0.486..0.487 rows=0 loops=1)',), ('                                Filter: (user_id = 3)',), ('                                Rows Removed by Filter: 7000',), ('                                Buffers: shared hit=59',), ('Planning Time: 0.108 ms',), ('Execution Time: 0.578 ms',)]"
7000,HASH,1306.314468383789,"[('Nested Loop  (cost=170.54..273.97 rows=2 width=4178) (actual time=0.558..0.579 rows=0 loops=1)',), ('  Buffers: shared hit=64',), ('  ->  Index Scan using idx_user_id_hash on user_app ua  (cost=0.00..8.02 rows=1 width=1036) (actual time=0.012..0.016 rows=1 loops=1)',), ('        Index Cond: (id_user = 3)',), ('        Buffers: shared hit=3',), ('  ->  Hash Join  (cost=170.54..265.93 rows=2 width=3150) (actual time=0.538..0.554 rows=0 loops=1)',), ('        Hash Cond: (t.table_id = ta.id_table)',), ('        Buffers: shared hit=61',), ('        ->  Seq Scan on task t  (cost=0.00..93.09 rows=609 width=1086) (actual time=0.004..0.006 rows=1 loops=1)',), ('              Buffers: shared hit=1',), ('        ->  Hash  (cost=170.51..170.51 rows=2 width=2072) (actual time=0.526..0.538 rows=0 loops=1)',), ('              Buckets: 1024  Batches: 1  Memory Usage: 8kB',), ('              Buffers: shared hit=60',), ('              ->  Hash Join  (cost=64.19..170.51 rows=2 width=2072) (actual time=0.524..0.533 rows=0 loops=1)',), ('                    Hash Cond: (ta.project_id = p.id_project)',), ('                    Buffers: shared hit=60',), ('                    ->  Seq Scan on table_app ta  (cost=0.00..105.00 rows=500 width=1040) (actual time=0.004..0.005 rows=1 loops=1)',), ('                          Buffers: shared hit=1',), ('                    ->  Hash  (cost=64.16..64.16 rows=2 width=1040) (actual time=0.515..0.519 rows=0 loops=1)',), ('                          Buckets: 1024  Batches: 1  Memory Usage: 8kB',), ('                          Buffers: shared hit=59',), ('                          ->  Seq Scan on project p  (cost=0.00..64.16 rows=2 width=1040) (actual time=0.512..0.513 rows=0 loops=1)',), ('                                Filter: (user_id = 3)',), ('                                Rows Removed by Filter: 7000',), ('                                Buffers: shared hit=59',), ('Planning Time: 0.139 ms',), ('Execution Time: 0.603 ms',)]"
8000,No Index,1447.5250244140625,"[('Nested Loop  (cost=195.45..312.04 rows=2 width=4178) (actual time=0.636..0.658 rows=0 loops=1)',), ('  Buffers: shared hit=72',), ('  ->  Index Scan using user_app_pkey on user_app ua  (cost=0.27..8.29 rows=1 width=1036) (actual time=0.017..0.021 rows=1 loops=1)',), ('        Index Cond: (id_user = 2)',), ('        Buffers: shared hit=3',), ('  ->  Hash Join  (cost=195.18..303.73 rows=2 width=3150) (actual time=0.610..0.627 rows=0 loops=1)',), ('        Hash Cond: (t.table_id = ta.id_table)',), ('        Buffers: shared hit=69',), ('        ->  Seq Scan on task t  (cost=0.00..105.93 rows=693 width=1086) (actual time=0.003..0.004 rows=1 loops=1)',), ('              Buffers: shared hit=1',), ('        ->  Hash  (cost=195.16..195.16 rows=2 width=2072) (actual time=0.602..0.613 rows=0 loops=1)',), ('              Buckets: 1024  Batches: 1  Memory Usage: 8kB',), ('              Buffers: shared hit=68',), ('              ->  Hash Join  (cost=72.89..195.16 rows=2 width=2072) (actual time=0.599..0.608 rows=0 loops=1)',), ('                    Hash Cond: (ta.project_id = p.id_project)',), ('                    Buffers: shared hit=68',), ('                    ->  Seq Scan on table_app ta  (cost=0.00..120.75 rows=575 width=1040) (actual time=0.003..0.004 rows=1 loops=1)',), ('                          Buffers: shared hit=1',), ('                    ->  Hash  (cost=72.86..72.86 rows=2 width=1040) (actual time=0.591..0.595 rows=0 loops=1)',), ('                          Buckets: 1024  Batches: 1  Memory Usage: 8kB',), ('                          Buffers: shared hit=67',), ('                          ->  Seq Scan on project p  (cost=0.00..72.86 rows=2 width=1040) (actual time=0.589..0.590 rows=0 loops=1)',), ('                                Filter: (user_id = 2)',), ('                                Rows Removed by Filter: 8000',), ('                                Buffers: shared hit=67',), ('Planning Time: 0.100 ms',), ('Execution Time: 0.680 ms',)]"
8000,BTREE,1407.6876640319824,"[('Nested Loop  (cost=195.47..312.05 rows=2 width=4178) (actual time=1.529..1.559 rows=0 loops=1)',), ('  Buffers: shared hit=72',), ('  ->  Index Scan using idx_user_id_btree on user_app ua  (cost=0.28..8.30 rows=1 width=1036) (actual time=0.015..0.020 rows=1 loops=1)',), ('        Index Cond: (id_user = 2)',), ('        Buffers: shared hit=3',), ('  ->  Hash Join  (cost=195.18..303.73 rows=2 width=3150) (actual time=1.503..1.527 rows=0 loops=1)',), ('        Hash Cond: (t.table_id = ta.id_table)',), ('        Buffers: shared hit=69',), ('        ->  Seq Scan on task t  (cost=0.00..105.93 rows=693 width=1086) (actual time=0.008..0.010 rows=1 loops=1)',), ('              Buffers: shared hit=1',), ('        ->  Hash  (cost=195.16..195.16 rows=2 width=2072) (actual time=1.443..1.458 rows=0 loops=1)',), ('              Buckets: 1024  Batches: 1  Memory Usage: 8kB',), ('              Buffers: shared hit=68',), ('              ->  Hash Join  (cost=72.89..195.16 rows=2 width=2072) (actual time=1.439..1.450 rows=0 loops=1)',), ('                    Hash Cond: (ta.project_id = p.id_project)',), ('                    Buffers: shared hit=68',), ('                    ->  Seq Scan on table_app ta  (cost=0.00..120.75 rows=575 width=1040) (actual time=0.007..0.008 rows=1 loops=1)',), ('                          Buffers: shared hit=1',), ('                    ->  Hash  (cost=72.86..72.86 rows=2 width=1040) (actual time=1.412..1.416 rows=0 loops=1)',), ('                          Buckets: 1024  Batches: 1  Memory Usage: 8kB',), ('                          Buffers: shared hit=67',), ('                          ->  Seq Scan on project p  (cost=0.00..72.86 rows=2 width=1040) (actual time=1.408..1.410 rows=0 loops=1)',), ('                                Filter: (user_id = 2)',), ('                                Rows Removed by Filter: 8000',), ('                                Buffers: shared hit=67',), ('Planning Time: 0.306 ms',), ('Execution Time: 1.605 ms',)]"
8000,HASH,1169.0759658813477,"[('Nested Loop  (cost=195.18..311.77 rows=2 width=4178) (actual time=0.589..0.610 rows=0 loops=1)',), ('  Buffers: shared hit=71',), ('  ->  Index Scan using idx_user_id_hash on user_app ua  (cost=0.00..8.02 rows=1 width=1036) (actual time=0.009..0.012 rows=1 loops=1)',), ('        Index Cond: (id_user = 2)',), ('        Buffers: shared hit=2',), ('  ->  Hash Join  (cost=195.18..303.73 rows=2 width=3150) (actual time=0.572..0.588 rows=0 loops=1)',), ('        Hash Cond: (t.table_id = ta.id_table)',), ('        Buffers: shared hit=69',), ('        ->  Seq Scan on task t  (cost=0.00..105.93 rows=693 width=1086) (actual time=0.004..0.005 rows=1 loops=1)',), ('              Buffers: shared hit=1',), ('        ->  Hash  (cost=195.16..195.16 rows=2 width=2072) (actual time=0.562..0.574 rows=0 loops=1)',), ('              Buckets: 1024  Batches: 1  Memory Usage: 8kB',), ('              Buffers: shared hit=68',), ('              ->  Hash Join  (cost=72.89..195.16 rows=2 width=2072) (actual time=0.559..0.568 rows=0 loops=1)',), ('                    Hash Cond: (ta.project_id = p.id_project)',), ('                    Buffers: shared hit=68',), ('                    ->  Seq Scan on table_app ta  (cost=0.00..120.75 rows=575 width=1040) (actual time=0.003..0.005 rows=1 loops=1)',), ('                          Buffers: shared hit=1',), ('                    ->  Hash  (cost=72.86..72.86 rows=2 width=1040) (actual time=0.551..0.554 rows=0 loops=1)',), ('                          Buckets: 1024  Batches: 1  Memory Usage: 8kB',), ('                          Buffers: shared hit=67',), ('                          ->  Seq Scan on project p  (cost=0.00..72.86 rows=2 width=1040) (actual time=0.548..0.549 rows=0 loops=1)',), ('                                Filter: (user_id = 2)',), ('                                Rows Removed by Filter: 8000',), ('                                Buffers: shared hit=67',), ('Planning Time: 0.128 ms',), ('Execution Time: 0.644 ms',)]"
9000,No Index,2246.7780113220215,"[('Nested Loop  (cost=324.97..455.78 rows=1 width=2175) (actual time=28.369..28.390 rows=0 loops=1)',), ('  Buffers: shared hit=205',), ('  ->  Hash Join  (cost=324.68..447.47 rows=1 width=2150) (actual time=28.365..28.383 rows=0 loops=1)',), ('        Hash Cond: (t.table_id = ta.id_table)',), ('        Buffers: shared hit=205',), ('        ->  Seq Scan on task t  (cost=0.00..119.84 rows=784 width=1086) (actual time=0.010..0.012 rows=1 loops=1)',), ('              Buffers: shared hit=1',), ('        ->  Hash  (cost=324.67..324.67 rows=1 width=1072) (actual time=28.345..28.358 rows=0 loops=1)',), ('              Buckets: 1024  Batches: 1  Memory Usage: 8kB',), ('              Buffers: shared hit=204',), ('              ->  Hash Join  (cost=187.53..324.67 rows=1 width=1072) (actual time=28.342..28.352 rows=0 loops=1)',), ('                    Hash Cond: (ta.project_id = p.id_project)',), ('                    Buffers: shared hit=204',), ('                    ->  Seq Scan on table_app ta  (cost=0.00..135.45 rows=645 width=1040) (actual time=0.006..13.190 rows=9000 loops=1)',), ('                          Buffers: shared hit=129',), ('                    ->  Hash  (cost=187.50..187.50 rows=2 width=40) (actual time=1.530..1.535 rows=1 loops=1)',), ('                          Buckets: 1024  Batches: 1  Memory Usage: 9kB',), ('                          Buffers: shared hit=75',), ('                          ->  Seq Scan on project p  (cost=0.00..187.50 rows=2 width=40) (actual time=1.517..1.522 rows=1 loops=1)',), ('                                Filter: (user_id = 1)',), ('                                Rows Removed by Filter: 8999',), ('                                Buffers: shared hit=75',), ('  ->  Index Scan using user_app_pkey on user_app ua  (cost=0.29..8.30 rows=1 width=33) (never executed)',), ('        Index Cond: (id_user = 1)',), ('Planning Time: 0.319 ms',), ('Execution Time: 28.436 ms',)]"
9000,BTREE,2579.219341278076,"[('Nested Loop  (cost=219.09..349.99 rows=5 width=4178) (actual time=24.097..24.120 rows=0 loops=1)',), ('  Buffers: shared hit=208',), ('  ->  Index Scan using idx_user_id_btree on user_app ua  (cost=0.29..8.30 rows=1 width=1036) (actual time=0.009..0.014 rows=1 loops=1)',), ('        Index Cond: (id_user = 1)',), ('        Buffers: shared hit=3',), ('  ->  Hash Join  (cost=218.80..341.63 rows=5 width=3150) (actual time=24.079..24.096 rows=0 loops=1)',), ('        Hash Cond: (t.table_id = ta.id_table)',), ('        Buffers: shared hit=205',), ('        ->  Seq Scan on task t  (cost=0.00..119.84 rows=784 width=1086) (actual time=0.004..0.006 rows=1 loops=1)',), ('              Buffers: shared hit=1',), ('        ->  Hash  (cost=218.75..218.75 rows=4 width=2072) (actual time=24.068..24.080 rows=0 loops=1)',), ('              Buckets: 1024  Batches: 1  Memory Usage: 8kB',), ('              Buffers: shared hit=204',), ('              ->  Hash Join  (cost=81.60..218.75 rows=4 width=2072) (actual time=24.065..24.074 rows=0 loops=1)',), ('                    Hash Cond: (ta.project_id = p.id_project)',), ('                    Buffers: shared hit=204',), ('                    ->  Seq Scan on table_app ta  (cost=0.00..135.45 rows=645 width=1040) (actual time=0.003..11.656 rows=9000 loops=1)',), ('                          Buffers: shared hit=129',), ('                    ->  Hash  (cost=81.56..81.56 rows=3 width=1040) (actual time=0.615..0.619 rows=1 loops=1)',), ('                          Buckets: 1024  Batches: 1  Memory Usage: 9kB',), ('                          Buffers: shared hit=75',), ('                          ->  Seq Scan on project p  (cost=0.00..81.56 rows=3 width=1040) (actual time=0.607..0.610 rows=1 loops=1)',), ('                                Filter: (user_id = 1)',), ('                                Rows Removed by Filter: 8999',), ('                                Buffers: shared hit=75',), ('Planning Time: 0.130 ms',), ('Execution Time: 24.146 ms',)]"
9000,HASH,2762.7992630004883,"[('Nested Loop  (cost=218.80..349.70 rows=5 width=4178) (actual time=23.008..23.031 rows=0 loops=1)',), ('  Buffers: shared hit=207',), ('  ->  Index Scan using idx_user_id_hash on user_app ua  (cost=0.00..8.02 rows=1 width=1036) (actual time=0.010..0.014 rows=1 loops=1)',), ('        Index Cond: (id_user = 1)',), ('        Buffers: shared hit=2',), ('  ->  Hash Join  (cost=218.80..341.63 rows=5 width=3150) (actual time=22.989..23.007 rows=0 loops=1)',), ('        Hash Cond: (t.table_id = ta.id_table)',), ('        Buffers: shared hit=205',), ('        ->  Seq Scan on task t  (cost=0.00..119.84 rows=784 width=1086) (actual time=0.005..0.006 rows=1 loops=1)',), ('              Buffers: shared hit=1',), ('        ->  Hash  (cost=218.75..218.75 rows=4 width=2072) (actual time=22.978..22.991 rows=0 loops=1)',), ('              Buckets: 1024  Batches: 1  Memory Usage: 8kB',), ('              Buffers: shared hit=204',), ('              ->  Hash Join  (cost=81.60..218.75 rows=4 width=2072) (actual time=22.976..22.986 rows=0 loops=1)',), ('                    Hash Cond: (ta.project_id = p.id_project)',), ('                    Buffers: shared hit=204',), ('                    ->  Seq Scan on table_app ta  (cost=0.00..135.45 rows=645 width=1040) (actual time=0.004..11.062 rows=9000 loops=1)',), ('                          Buffers: shared hit=129',), ('                    ->  Hash  (cost=81.56..81.56 rows=3 width=1040) (actual time=0.642..0.647 rows=1 loops=1)',), ('                          Buckets: 1024  Batches: 1  Memory Usage: 9kB',), ('                          Buffers: shared hit=75',), ('                          ->  Seq Scan on project p  (cost=0.00..81.56 rows=3 width=1040) (actual time=0.633..0.638 rows=1 loops=1)',), ('                                Filter: (user_id = 1)',), ('                                Rows Removed by Filter: 8999',), ('                                Buffers: shared hit=75',), ('Planning Time: 0.236 ms',), ('Execution Time: 23.064 ms',)]"
10000,No Index,3962.845802307129,"[('Nested Loop  (cost=243.75..387.80 rows=5 width=4178) (actual time=52.662..52.685 rows=0 loops=1)',), ('  Buffers: shared hit=354',), ('  ->  Index Scan using user_app_pkey on user_app ua  (cost=0.27..8.29 rows=1 width=1036) (actual time=0.010..0.015 rows=1 loops=1)',), ('        Index Cond: (id_user = 2)',), ('        Buffers: shared hit=3',), ('  ->  Hash Join  (cost=243.48..379.46 rows=5 width=3150) (actual time=52.642..52.660 rows=0 loops=1)',), ('        Hash Cond: (t.table_id = ta.id_table)',), ('        Buffers: shared hit=351',), ('        ->  Seq Scan on task t  (cost=0.00..132.68 rows=868 width=1086) (actual time=0.004..12.876 rows=10000 loops=1)',), ('              Buffers: shared hit=124',), ('        ->  Hash  (cost=243.43..243.43 rows=4 width=2072) (actual time=26.452..26.464 rows=2 loops=1)',), ('              Buckets: 1024  Batches: 1  Memory Usage: 9kB',), ('              Buffers: shared hit=227',), ('              ->  Hash Join  (cost=91.39..243.43 rows=4 width=2072) (actual time=3.662..26.456 rows=2 loops=1)',), ('                    Hash Cond: (ta.project_id = p.id_project)',), ('                    Buffers: shared hit=227',), ('                    ->  Seq Scan on table_app ta  (cost=0.00..150.15 rows=715 width=1040) (actual time=0.003..12.790 rows=10000 loops=1)',), ('                          Buffers: shared hit=143',), ('                    ->  Hash  (cost=91.35..91.35 rows=3 width=1040) (actual time=0.667..0.671 rows=1 loops=1)',), ('                          Buckets: 1024  Batches: 1  Memory Usage: 9kB',), ('                          Buffers: shared hit=84',), ('                          ->  Seq Scan on project p  (cost=0.00..91.35 rows=3 width=1040) (actual time=0.041..0.662 rows=1 loops=1)',), ('                                Filter: (user_id = 2)',), ('                                Rows Removed by Filter: 9999',), ('                                Buffers: shared hit=84',), ('Planning Time: 0.127 ms',), ('Execution Time: 52.712 ms',)]"
10000,BTREE,4034.0471267700195,"[('Nested Loop  (cost=243.76..387.81 rows=5 width=4178) (actual time=53.217..53.241 rows=0 loops=1)',), ('  Buffers: shared hit=354',), ('  ->  Index Scan using idx_user_id_btree on user_app ua  (cost=0.29..8.30 rows=1 width=1036) (actual time=0.010..0.016 rows=1 loops=1)',), ('        Index Cond: (id_user = 2)',), ('        Buffers: shared hit=3',), ('  ->  Hash Join  (cost=243.48..379.46 rows=5 width=3150) (actual time=53.196..53.215 rows=0 loops=1)',), ('        Hash Cond: (t.table_id = ta.id_table)',), ('        Buffers: shared hit=351',), ('        ->  Seq Scan on task t  (cost=0.00..132.68 rows=868 width=1086) (actual time=0.004..12.939 rows=10000 loops=1)',), ('              Buffers: shared hit=124',), ('        ->  Hash  (cost=243.43..243.43 rows=4 width=2072) (actual time=26.858..26.872 rows=2 loops=1)',), ('              Buckets: 1024  Batches: 1  Memory Usage: 9kB',), ('              Buffers: shared hit=227',), ('              ->  Hash Join  (cost=91.39..243.43 rows=4 width=2072) (actual time=3.755..26.860 rows=2 loops=1)',), ('                    Hash Cond: (ta.project_id = p.id_project)',), ('                    Buffers: shared hit=227',), ('                    ->  Seq Scan on table_app ta  (cost=0.00..150.15 rows=715 width=1040) (actual time=0.003..12.917 rows=10000 loops=1)',), ('                          Buffers: shared hit=143',), ('                    ->  Hash  (cost=91.35..91.35 rows=3 width=1040) (actual time=0.695..0.699 rows=1 loops=1)',), ('                          Buckets: 1024  Batches: 1  Memory Usage: 9kB',), ('                          Buffers: shared hit=84',), ('                          ->  Seq Scan on project p  (cost=0.00..91.35 rows=3 width=1040) (actual time=0.043..0.688 rows=1 loops=1)',), ('                                Filter: (user_id = 2)',), ('                                Rows Removed by Filter: 9999',), ('                                Buffers: shared hit=84',), ('Planning Time: 0.135 ms',), ('Execution Time: 53.269 ms',)]"
10000,HASH,3492.286205291748,"[('Nested Loop  (cost=243.48..387.53 rows=5 width=4178) (actual time=52.866..52.889 rows=0 loops=1)',), ('  Buffers: shared hit=353',), ('  ->  Index Scan using idx_user_id_hash on user_app ua  (cost=0.00..8.02 rows=1 width=1036) (actual time=0.008..0.012 rows=1 loops=1)',), ('        Index Cond: (id_user = 2)',), ('        Buffers: shared hit=2',), ('  ->  Hash Join  (cost=243.48..379.46 rows=5 width=3150) (actual time=52.848..52.866 rows=0 loops=1)',), ('        Hash Cond: (t.table_id = ta.id_table)',), ('        Buffers: shared hit=351',), ('        ->  Seq Scan on task t  (cost=0.00..132.68 rows=868 width=1086) (actual time=0.004..12.751 rows=10000 loops=1)',), ('              Buffers: shared hit=124',), ('        ->  Hash  (cost=243.43..243.43 rows=4 width=2072) (actual time=26.819..26.832 rows=2 loops=1)',), ('              Buckets: 1024  Batches: 1  Memory Usage: 9kB',), ('              Buffers: shared hit=227',), ('              ->  Hash Join  (cost=91.39..243.43 rows=4 width=2072) (actual time=3.796..26.814 rows=2 loops=1)',), ('                    Hash Cond: (ta.project_id = p.id_project)',), ('                    Buffers: shared hit=227',), ('                    ->  Seq Scan on table_app ta  (cost=0.00..150.15 rows=715 width=1040) (actual time=0.003..12.873 rows=10000 loops=1)',), ('                          Buffers: shared hit=143',), ('                    ->  Hash  (cost=91.35..91.35 rows=3 width=1040) (actual time=0.729..0.733 rows=1 loops=1)',), ('                          Buckets: 1024  Batches: 1  Memory Usage: 9kB',), ('                          Buffers: shared hit=84',), ('                          ->  Seq Scan on project p  (cost=0.00..91.35 rows=3 width=1040) (actual time=0.044..0.724 rows=1 loops=1)',), ('                                Filter: (user_id = 2)',), ('                                Rows Removed by Filter: 9999',), ('                                Buffers: shared hit=84',), ('Planning Time: 0.135 ms',), ('Execution Time: 52.916 ms',)]"
