Number of Records,Index Type,Query Time (s),EXPLAIN Plan
10000,No Index,2401.149272918701,"[('Nested Loop  (cost=243.75..387.80 rows=5 width=4178) (actual time=26.421..26.444 rows=0 loops=1)',), ('  Buffers: shared hit=231',), ('  ->  Index Scan using user_app_pkey on user_app ua  (cost=0.27..8.29 rows=1 width=1036) (actual time=0.011..0.016 rows=1 loops=1)',), ('        Index Cond: (id_user = 3)',), ('        Buffers: shared hit=3',), ('  ->  Hash Join  (cost=243.48..379.46 rows=5 width=3150) (actual time=26.401..26.418 rows=0 loops=1)',), ('        Hash Cond: (t.table_id = ta.id_table)',), ('        Buffers: shared hit=228',), ('        ->  Seq Scan on task t  (cost=0.00..132.68 rows=868 width=1086) (actual time=0.004..0.005 rows=1 loops=1)',), ('              Buffers: shared hit=1',), ('        ->  Hash  (cost=243.43..243.43 rows=4 width=2072) (actual time=26.386..26.399 rows=0 loops=1)',), ('              Buckets: 1024  Batches: 1  Memory Usage: 8kB',), ('              Buffers: shared hit=227',), ('              ->  Hash Join  (cost=91.39..243.43 rows=4 width=2072) (actual time=26.383..26.393 rows=0 loops=1)',), ('                    Hash Cond: (ta.project_id = p.id_project)',), ('                    Buffers: shared hit=227',), ('                    ->  Seq Scan on table_app ta  (cost=0.00..150.15 rows=715 width=1040) (actual time=0.003..12.768 rows=10000 loops=1)',), ('                          Buffers: shared hit=143',), ('                    ->  Hash  (cost=91.35..91.35 rows=3 width=1040) (actual time=0.689..0.693 rows=1 loops=1)',), ('                          Buckets: 1024  Batches: 1  Memory Usage: 9kB',), ('                          Buffers: shared hit=84',), ('                          ->  Seq Scan on project p  (cost=0.00..91.35 rows=3 width=1040) (actual time=0.255..0.682 rows=1 loops=1)',), ('                                Filter: (user_id = 3)',), ('                                Rows Removed by Filter: 9999',), ('                                Buffers: shared hit=84',), ('Planning Time: 0.136 ms',), ('Execution Time: 26.479 ms',)]"
10000,BTREE,2717.0300483703613,"[('Nested Loop  (cost=243.76..387.81 rows=5 width=4178) (actual time=26.868..26.890 rows=0 loops=1)',), ('  Buffers: shared hit=231',), ('  ->  Index Scan using idx_user_id_btree on user_app ua  (cost=0.29..8.30 rows=1 width=1036) (actual time=0.010..0.015 rows=1 loops=1)',), ('        Index Cond: (id_user = 3)',), ('        Buffers: shared hit=3',), ('  ->  Hash Join  (cost=243.48..379.46 rows=5 width=3150) (actual time=26.848..26.866 rows=0 loops=1)',), ('        Hash Cond: (t.table_id = ta.id_table)',), ('        Buffers: shared hit=228',), ('        ->  Seq Scan on task t  (cost=0.00..132.68 rows=868 width=1086) (actual time=0.004..0.005 rows=1 loops=1)',), ('              Buffers: shared hit=1',), ('        ->  Hash  (cost=243.43..243.43 rows=4 width=2072) (actual time=26.839..26.851 rows=0 loops=1)',), ('              Buckets: 1024  Batches: 1  Memory Usage: 8kB',), ('              Buffers: shared hit=227',), ('              ->  Hash Join  (cost=91.39..243.43 rows=4 width=2072) (actual time=26.836..26.846 rows=0 loops=1)',), ('                    Hash Cond: (ta.project_id = p.id_project)',), ('                    Buffers: shared hit=227',), ('                    ->  Seq Scan on table_app ta  (cost=0.00..150.15 rows=715 width=1040) (actual time=0.003..12.975 rows=10000 loops=1)',), ('                          Buffers: shared hit=143',), ('                    ->  Hash  (cost=91.35..91.35 rows=3 width=1040) (actual time=0.775..0.780 rows=1 loops=1)',), ('                          Buckets: 1024  Batches: 1  Memory Usage: 9kB',), ('                          Buffers: shared hit=84',), ('                          ->  Seq Scan on project p  (cost=0.00..91.35 rows=3 width=1040) (actual time=0.291..0.770 rows=1 loops=1)',), ('                                Filter: (user_id = 3)',), ('                                Rows Removed by Filter: 9999',), ('                                Buffers: shared hit=84',), ('Planning Time: 0.128 ms',), ('Execution Time: 26.917 ms',)]"
10000,HASH,2753.591537475586,"[('Nested Loop  (cost=243.48..387.53 rows=5 width=4178) (actual time=26.533..26.555 rows=0 loops=1)',), ('  Buffers: shared hit=230',), ('  ->  Index Scan using idx_user_id_hash on user_app ua  (cost=0.00..8.02 rows=1 width=1036) (actual time=0.008..0.012 rows=1 loops=1)',), ('        Index Cond: (id_user = 3)',), ('        Buffers: shared hit=2',), ('  ->  Hash Join  (cost=243.48..379.46 rows=5 width=3150) (actual time=26.514..26.532 rows=0 loops=1)',), ('        Hash Cond: (t.table_id = ta.id_table)',), ('        Buffers: shared hit=228',), ('        ->  Seq Scan on task t  (cost=0.00..132.68 rows=868 width=1086) (actual time=0.005..0.006 rows=1 loops=1)',), ('              Buffers: shared hit=1',), ('        ->  Hash  (cost=243.43..243.43 rows=4 width=2072) (actual time=26.503..26.515 rows=0 loops=1)',), ('              Buckets: 1024  Batches: 1  Memory Usage: 8kB',), ('              Buffers: shared hit=227',), ('              ->  Hash Join  (cost=91.39..243.43 rows=4 width=2072) (actual time=26.500..26.509 rows=0 loops=1)',), ('                    Hash Cond: (ta.project_id = p.id_project)',), ('                    Buffers: shared hit=227',), ('                    ->  Seq Scan on table_app ta  (cost=0.00..150.15 rows=715 width=1040) (actual time=0.003..12.871 rows=10000 loops=1)',), ('                          Buffers: shared hit=143',), ('                    ->  Hash  (cost=91.35..91.35 rows=3 width=1040) (actual time=0.708..0.712 rows=1 loops=1)',), ('                          Buckets: 1024  Batches: 1  Memory Usage: 9kB',), ('                          Buffers: shared hit=84',), ('                          ->  Seq Scan on project p  (cost=0.00..91.35 rows=3 width=1040) (actual time=0.251..0.703 rows=1 loops=1)',), ('                                Filter: (user_id = 3)',), ('                                Rows Removed by Filter: 9999',), ('                                Buffers: shared hit=84',), ('Planning Time: 0.146 ms',), ('Execution Time: 26.582 ms',)]"
20000,No Index,4601.378440856934,"[('Nested Loop  (cost=486.11..765.07 rows=8 width=4178) (actual time=52.676..52.699 rows=0 loops=1)',), ('  Buffers: shared hit=457',), ('  ->  Index Scan using user_app_pkey on user_app ua  (cost=0.28..8.29 rows=1 width=1036) (actual time=0.012..0.018 rows=1 loops=1)',), ('        Index Cond: (id_user = 1)',), ('        Buffers: shared hit=3',), ('  ->  Hash Join  (cost=485.84..756.69 rows=8 width=3150) (actual time=52.653..52.671 rows=0 loops=1)',), ('        Hash Cond: (t.table_id = ta.id_table)',), ('        Buffers: shared hit=454',), ('        ->  Seq Scan on task t  (cost=0.00..264.29 rows=1729 width=1086) (actual time=0.005..0.007 rows=1 loops=1)',), ('              Buffers: shared hit=1',), ('        ->  Hash  (cost=485.75..485.75 rows=7 width=2072) (actual time=52.631..52.643 rows=0 loops=1)',), ('              Buckets: 1024  Batches: 1  Memory Usage: 8kB',), ('              Buffers: shared hit=453',), ('              ->  Hash Join  (cost=181.69..485.75 rows=7 width=2072) (actual time=52.628..52.637 rows=0 loops=1)',), ('                    Hash Cond: (ta.project_id = p.id_project)',), ('                    Buffers: shared hit=453',), ('                    ->  Seq Scan on table_app ta  (cost=0.00..300.30 rows=1430 width=1040) (actual time=0.003..25.516 rows=20000 loops=1)',), ('                          Buffers: shared hit=286',), ('                    ->  Hash  (cost=181.61..181.61 rows=6 width=1040) (actual time=1.367..1.371 rows=1 loops=1)',), ('                          Buckets: 1024  Batches: 1  Memory Usage: 9kB',), ('                          Buffers: shared hit=167',), ('                          ->  Seq Scan on project p  (cost=0.00..181.61 rows=6 width=1040) (actual time=0.702..1.361 rows=1 loops=1)',), ('                                Filter: (user_id = 1)',), ('                                Rows Removed by Filter: 19999',), ('                                Buffers: shared hit=167',), ('Planning Time: 0.155 ms',), ('Execution Time: 52.728 ms',)]"
20000,BTREE,4365.75174331665,"[('Nested Loop  (cost=486.13..765.08 rows=8 width=4178) (actual time=53.137..53.161 rows=0 loops=1)',), ('  Buffers: shared hit=457',), ('  ->  Index Scan using idx_user_id_btree on user_app ua  (cost=0.29..8.30 rows=1 width=1036) (actual time=0.011..0.016 rows=1 loops=1)',), ('        Index Cond: (id_user = 1)',), ('        Buffers: shared hit=3',), ('  ->  Hash Join  (cost=485.84..756.69 rows=8 width=3150) (actual time=53.116..53.134 rows=0 loops=1)',), ('        Hash Cond: (t.table_id = ta.id_table)',), ('        Buffers: shared hit=454',), ('        ->  Seq Scan on task t  (cost=0.00..264.29 rows=1729 width=1086) (actual time=0.005..0.006 rows=1 loops=1)',), ('              Buffers: shared hit=1',), ('        ->  Hash  (cost=485.75..485.75 rows=7 width=2072) (actual time=53.104..53.117 rows=0 loops=1)',), ('              Buckets: 1024  Batches: 1  Memory Usage: 8kB',), ('              Buffers: shared hit=453',), ('              ->  Hash Join  (cost=181.69..485.75 rows=7 width=2072) (actual time=53.102..53.112 rows=0 loops=1)',), ('                    Hash Cond: (ta.project_id = p.id_project)',), ('                    Buffers: shared hit=453',), ('                    ->  Seq Scan on table_app ta  (cost=0.00..300.30 rows=1430 width=1040) (actual time=0.003..25.698 rows=20000 loops=1)',), ('                          Buffers: shared hit=286',), ('                    ->  Hash  (cost=181.61..181.61 rows=6 width=1040) (actual time=1.371..1.376 rows=1 loops=1)',), ('                          Buckets: 1024  Batches: 1  Memory Usage: 9kB',), ('                          Buffers: shared hit=167',), ('                          ->  Seq Scan on project p  (cost=0.00..181.61 rows=6 width=1040) (actual time=0.717..1.366 rows=1 loops=1)',), ('                                Filter: (user_id = 1)',), ('                                Rows Removed by Filter: 19999',), ('                                Buffers: shared hit=167',), ('Planning Time: 0.138 ms',), ('Execution Time: 53.187 ms',)]"
20000,HASH,4501.221179962158,"[('Nested Loop  (cost=485.84..764.79 rows=8 width=4178) (actual time=53.966..53.989 rows=0 loops=1)',), ('  Buffers: shared hit=456',), ('  ->  Index Scan using idx_user_id_hash on user_app ua  (cost=0.00..8.02 rows=1 width=1036) (actual time=0.008..0.013 rows=1 loops=1)',), ('        Index Cond: (id_user = 1)',), ('        Buffers: shared hit=2',), ('  ->  Hash Join  (cost=485.84..756.69 rows=8 width=3150) (actual time=53.948..53.966 rows=0 loops=1)',), ('        Hash Cond: (t.table_id = ta.id_table)',), ('        Buffers: shared hit=454',), ('        ->  Seq Scan on task t  (cost=0.00..264.29 rows=1729 width=1086) (actual time=0.005..0.006 rows=1 loops=1)',), ('              Buffers: shared hit=1',), ('        ->  Hash  (cost=485.75..485.75 rows=7 width=2072) (actual time=53.937..53.950 rows=0 loops=1)',), ('              Buckets: 1024  Batches: 1  Memory Usage: 8kB',), ('              Buffers: shared hit=453',), ('              ->  Hash Join  (cost=181.69..485.75 rows=7 width=2072) (actual time=53.934..53.945 rows=0 loops=1)',), ('                    Hash Cond: (ta.project_id = p.id_project)',), ('                    Buffers: shared hit=453',), ('                    ->  Seq Scan on table_app ta  (cost=0.00..300.30 rows=1430 width=1040) (actual time=0.003..26.128 rows=20000 loops=1)',), ('                          Buffers: shared hit=286',), ('                    ->  Hash  (cost=181.61..181.61 rows=6 width=1040) (actual time=1.395..1.400 rows=1 loops=1)',), ('                          Buckets: 1024  Batches: 1  Memory Usage: 9kB',), ('                          Buffers: shared hit=167',), ('                          ->  Seq Scan on project p  (cost=0.00..181.61 rows=6 width=1040) (actual time=0.720..1.391 rows=1 loops=1)',), ('                                Filter: (user_id = 1)',), ('                                Rows Removed by Filter: 19999',), ('                                Buffers: shared hit=167',), ('Planning Time: 0.136 ms',), ('Execution Time: 54.015 ms',)]"
30000,No Index,8876.006603240967,"[('Nested Loop  (cost=1433.10..1847.84 rows=1 width=1210) (actual time=79.546..157.606 rows=3 loops=1)',), ('  Buffers: shared hit=1059',), ('  ->  Hash Join  (cost=1432.81..1839.53 rows=1 width=1185) (actual time=79.528..157.540 rows=3 loops=1)',), ('        Hash Cond: (t.table_id = ta.id_table)',), ('        Buffers: shared hit=1050',), ('        ->  Seq Scan on task t  (cost=0.00..396.97 rows=2597 width=1086) (actual time=0.006..38.485 rows=30000 loops=1)',), ('              Buffers: shared hit=371',), ('        ->  Hash  (cost=1432.79..1432.79 rows=2 width=107) (actual time=79.322..79.336 rows=2 loops=1)',), ('              Buckets: 1024  Batches: 1  Memory Usage: 9kB',), ('              Buffers: shared hit=679',), ('              ->  Hash Join  (cost=625.02..1432.79 rows=2 width=107) (actual time=32.000..79.318 rows=2 loops=1)',), ('                    Hash Cond: (ta.project_id = p.id_project)',), ('                    Buffers: shared hit=679',), ('                    ->  Seq Scan on table_app ta  (cost=0.00..729.00 rows=30000 width=75) (actual time=0.002..38.091 rows=30000 loops=1)',), ('                          Buffers: shared hit=429',), ('                    ->  Hash  (cost=625.00..625.00 rows=2 width=40) (actual time=1.862..1.867 rows=2 loops=1)',), ('                          Buckets: 1024  Batches: 1  Memory Usage: 9kB',), ('                          Buffers: shared hit=250',), ('                          ->  Seq Scan on project p  (cost=0.00..625.00 rows=2 width=40) (actual time=0.344..1.856 rows=2 loops=1)',), ('                                Filter: (user_id = 1)',), ('                                Rows Removed by Filter: 29998',), ('                                Buffers: shared hit=250',), ('  ->  Index Scan using user_app_pkey on user_app ua  (cost=0.29..8.30 rows=1 width=33) (actual time=0.010..0.012 rows=1 loops=3)',), ('        Index Cond: (id_user = 1)',), ('        Buffers: shared hit=9',), ('Planning:',), ('  Buffers: shared hit=12',), ('Planning Time: 0.199 ms',), ('Execution Time: 157.640 ms',)]"
30000,BTREE,9190.664291381836,"[('Nested Loop  (cost=728.50..1143.49 rows=13 width=4178) (actual time=79.430..157.525 rows=3 loops=1)',), ('  Buffers: shared hit=1053',), ('  ->  Index Scan using idx_user_id_btree on user_app ua  (cost=0.29..8.30 rows=1 width=1036) (actual time=0.011..0.016 rows=1 loops=1)',), ('        Index Cond: (id_user = 1)',), ('        Buffers: shared hit=3',), ('  ->  Hash Join  (cost=728.22..1135.06 rows=13 width=3150) (actual time=79.412..157.490 rows=3 loops=1)',), ('        Hash Cond: (t.table_id = ta.id_table)',), ('        Buffers: shared hit=1050',), ('        ->  Seq Scan on task t  (cost=0.00..396.97 rows=2597 width=1086) (actual time=0.004..38.420 rows=30000 loops=1)',), ('              Buffers: shared hit=371',), ('        ->  Hash  (cost=728.08..728.08 rows=11 width=2072) (actual time=79.220..79.233 rows=2 loops=1)',), ('              Buckets: 1024  Batches: 1  Memory Usage: 9kB',), ('              Buffers: shared hit=679',), ('              ->  Hash Join  (cost=271.99..728.08 rows=11 width=2072) (actual time=32.514..79.216 rows=2 loops=1)',), ('                    Hash Cond: (ta.project_id = p.id_project)',), ('                    Buffers: shared hit=679',), ('                    ->  Seq Scan on table_app ta  (cost=0.00..450.45 rows=2145 width=1040) (actual time=0.004..38.243 rows=30000 loops=1)',), ('                          Buffers: shared hit=429',), ('                    ->  Hash  (cost=271.88..271.88 rows=9 width=1040) (actual time=2.036..2.041 rows=2 loops=1)',), ('                          Buckets: 1024  Batches: 1  Memory Usage: 9kB',), ('                          Buffers: shared hit=250',), ('                          ->  Seq Scan on project p  (cost=0.00..271.88 rows=9 width=1040) (actual time=0.382..2.018 rows=2 loops=1)',), ('                                Filter: (user_id = 1)',), ('                                Rows Removed by Filter: 29998',), ('                                Buffers: shared hit=250',), ('Planning Time: 0.141 ms',), ('Execution Time: 157.556 ms',)]"
30000,HASH,9387.397766113281,"[('Nested Loop  (cost=728.22..1143.20 rows=13 width=4178) (actual time=86.418..163.109 rows=3 loops=1)',), ('  Buffers: shared hit=1052',), ('  ->  Index Scan using idx_user_id_hash on user_app ua  (cost=0.00..8.02 rows=1 width=1036) (actual time=0.015..0.020 rows=1 loops=1)',), ('        Index Cond: (id_user = 1)',), ('        Buffers: shared hit=2',), ('  ->  Hash Join  (cost=728.22..1135.06 rows=13 width=3150) (actual time=86.396..163.069 rows=3 loops=1)',), ('        Hash Cond: (t.table_id = ta.id_table)',), ('        Buffers: shared hit=1050',), ('        ->  Seq Scan on task t  (cost=0.00..396.97 rows=2597 width=1086) (actual time=0.007..38.016 rows=30000 loops=1)',), ('              Buffers: shared hit=371',), ('        ->  Hash  (cost=728.08..728.08 rows=11 width=2072) (actual time=86.184..86.196 rows=2 loops=1)',), ('              Buckets: 1024  Batches: 1  Memory Usage: 9kB',), ('              Buffers: shared hit=679',), ('              ->  Hash Join  (cost=271.99..728.08 rows=11 width=2072) (actual time=37.271..86.144 rows=2 loops=1)',), ('                    Hash Cond: (ta.project_id = p.id_project)',), ('                    Buffers: shared hit=679',), ('                    ->  Seq Scan on table_app ta  (cost=0.00..450.45 rows=2145 width=1040) (actual time=0.005..41.310 rows=30000 loops=1)',), ('                          Buffers: shared hit=429',), ('                    ->  Hash  (cost=271.88..271.88 rows=9 width=1040) (actual time=2.889..2.893 rows=2 loops=1)',), ('                          Buckets: 1024  Batches: 1  Memory Usage: 9kB',), ('                          Buffers: shared hit=250',), ('                          ->  Seq Scan on project p  (cost=0.00..271.88 rows=9 width=1040) (actual time=0.562..2.865 rows=2 loops=1)',), ('                                Filter: (user_id = 1)',), ('                                Rows Removed by Filter: 29998',), ('                                Buffers: shared hit=250',), ('Planning Time: 0.189 ms',), ('Execution Time: 163.153 ms',)]"
40000,No Index,7994.627952575684,"[('Hash Join  (cost=980.13..1521.85 rows=18 width=4178) (actual time=106.519..106.543 rows=0 loops=1)',), ('  Hash Cond: (t.table_id = ta.id_table)',), ('  Buffers: shared hit=910',), ('  ->  Seq Scan on task t  (cost=0.00..528.58 rows=3458 width=1086) (actual time=0.005..0.007 rows=1 loops=1)',), ('        Buffers: shared hit=1',), ('  ->  Hash  (cost=979.94..979.94 rows=15 width=3100) (actual time=106.507..106.524 rows=0 loops=1)',), ('        Buckets: 1024  Batches: 1  Memory Usage: 8kB',), ('        Buffers: shared hit=909',), ('        ->  Nested Loop  (cost=363.65..979.94 rows=15 width=3100) (actual time=106.504..106.519 rows=0 loops=1)',), ('              Buffers: shared hit=909',), ('              ->  Index Scan using user_app_pkey on user_app ua  (cost=0.28..8.29 rows=1 width=1036) (actual time=0.009..0.013 rows=1 loops=1)',), ('                    Index Cond: (id_user = 1)',), ('                    Buffers: shared hit=3',), ('              ->  Hash Join  (cost=363.38..971.49 rows=15 width=2072) (actual time=106.485..106.494 rows=0 loops=1)',), ('                    Hash Cond: (ta.project_id = p.id_project)',), ('                    Buffers: shared hit=906',), ('                    ->  Seq Scan on table_app ta  (cost=0.00..600.60 rows=2860 width=1040) (actual time=0.004..51.425 rows=40000 loops=1)',), ('                          Buffers: shared hit=572',), ('                    ->  Hash  (cost=363.23..363.23 rows=12 width=1040) (actual time=2.781..2.786 rows=1 loops=1)',), ('                          Buckets: 1024  Batches: 1  Memory Usage: 9kB',), ('                          Buffers: shared hit=334',), ('                          ->  Seq Scan on project p  (cost=0.00..363.23 rows=12 width=1040) (actual time=0.847..2.772 rows=1 loops=1)',), ('                                Filter: (user_id = 1)',), ('                                Rows Removed by Filter: 39999',), ('                                Buffers: shared hit=334',), ('Planning Time: 0.140 ms',), ('Execution Time: 106.569 ms',)]"
40000,BTREE,7288.355827331543,"[('Nested Loop  (cost=1911.35..2460.94 rows=1 width=1210) (actual time=105.696..105.717 rows=0 loops=1)',), ('  Buffers: shared hit=907',), ('  ->  Hash Join  (cost=1911.06..2452.62 rows=1 width=1185) (actual time=105.693..105.711 rows=0 loops=1)',), ('        Hash Cond: (t.table_id = ta.id_table)',), ('        Buffers: shared hit=907',), ('        ->  Seq Scan on task t  (cost=0.00..528.58 rows=3458 width=1086) (actual time=0.005..0.007 rows=1 loops=1)',), ('              Buffers: shared hit=1',), ('        ->  Hash  (cost=1911.04..1911.04 rows=2 width=107) (actual time=105.682..105.696 rows=0 loops=1)',), ('              Buckets: 1024  Batches: 1  Memory Usage: 8kB',), ('              Buffers: shared hit=906',), ('              ->  Hash Join  (cost=834.02..1911.04 rows=2 width=107) (actual time=105.679..105.689 rows=0 loops=1)',), ('                    Hash Cond: (ta.project_id = p.id_project)',), ('                    Buffers: shared hit=906',), ('                    ->  Seq Scan on table_app ta  (cost=0.00..972.00 rows=40000 width=75) (actual time=0.003..50.792 rows=40000 loops=1)',), ('                          Buffers: shared hit=572',), ('                    ->  Hash  (cost=834.00..834.00 rows=2 width=40) (actual time=2.483..2.488 rows=1 loops=1)',), ('                          Buckets: 1024  Batches: 1  Memory Usage: 9kB',), ('                          Buffers: shared hit=334',), ('                          ->  Seq Scan on project p  (cost=0.00..834.00 rows=2 width=40) (actual time=0.739..2.478 rows=1 loops=1)',), ('                                Filter: (user_id = 1)',), ('                                Rows Removed by Filter: 39999',), ('                                Buffers: shared hit=334',), ('  ->  Index Scan using idx_user_id_btree on user_app ua  (cost=0.29..8.31 rows=1 width=33) (never executed)',), ('        Index Cond: (id_user = 1)',), ('Planning:',), ('  Buffers: shared hit=12',), ('Planning Time: 0.195 ms',), ('Execution Time: 105.744 ms',)]"
40000,HASH,8050.720691680908,"[('Hash Join  (cost=979.85..1521.58 rows=18 width=4178) (actual time=106.794..106.819 rows=0 loops=1)',), ('  Hash Cond: (t.table_id = ta.id_table)',), ('  Buffers: shared hit=909',), ('  ->  Seq Scan on task t  (cost=0.00..528.58 rows=3458 width=1086) (actual time=0.006..0.008 rows=1 loops=1)',), ('        Buffers: shared hit=1',), ('  ->  Hash  (cost=979.66..979.66 rows=15 width=3100) (actual time=106.782..106.802 rows=0 loops=1)',), ('        Buckets: 1024  Batches: 1  Memory Usage: 8kB',), ('        Buffers: shared hit=908',), ('        ->  Nested Loop  (cost=363.38..979.66 rows=15 width=3100) (actual time=106.780..106.796 rows=0 loops=1)',), ('              Buffers: shared hit=908',), ('              ->  Index Scan using idx_user_id_hash on user_app ua  (cost=0.00..8.02 rows=1 width=1036) (actual time=0.007..0.012 rows=1 loops=1)',), ('                    Index Cond: (id_user = 1)',), ('                    Buffers: shared hit=2',), ('              ->  Hash Join  (cost=363.38..971.49 rows=15 width=2072) (actual time=106.763..106.773 rows=0 loops=1)',), ('                    Hash Cond: (ta.project_id = p.id_project)',), ('                    Buffers: shared hit=906',), ('                    ->  Seq Scan on table_app ta  (cost=0.00..600.60 rows=2860 width=1040) (actual time=0.004..51.704 rows=40000 loops=1)',), ('                          Buffers: shared hit=572',), ('                    ->  Hash  (cost=363.23..363.23 rows=12 width=1040) (actual time=2.735..2.739 rows=1 loops=1)',), ('                          Buckets: 1024  Batches: 1  Memory Usage: 9kB',), ('                          Buffers: shared hit=334',), ('                          ->  Seq Scan on project p  (cost=0.00..363.23 rows=12 width=1040) (actual time=0.817..2.731 rows=1 loops=1)',), ('                                Filter: (user_id = 1)',), ('                                Rows Removed by Filter: 39999',), ('                                Buffers: shared hit=334',), ('Planning Time: 0.142 ms',), ('Execution Time: 106.847 ms',)]"
50000,No Index,14916.660785675049,"[('Hash Join  (cost=1222.53..1900.24 rows=22 width=3175) (actual time=137.227..263.352 rows=1 loops=1)',), ('  Hash Cond: (t.table_id = ta.id_table)',), ('  Buffers: shared hit=1753',), ('  ->  Seq Scan on task t  (cost=0.00..661.26 rows=4326 width=1086) (actual time=0.006..63.971 rows=50000 loops=1)',), ('        Buffers: shared hit=618',), ('  ->  Hash  (cost=1222.31..1222.31 rows=18 width=2097) (actual time=133.510..133.530 rows=1 loops=1)',), ('        Buckets: 1024  Batches: 1  Memory Usage: 9kB',), ('        Buffers: shared hit=1135',), ('        ->  Nested Loop  (cost=453.97..1222.31 rows=18 width=2097) (actual time=24.910..133.520 rows=1 loops=1)',), ('              Buffers: shared hit=1135',), ('              ->  Index Scan using user_app_pkey on user_app ua  (cost=0.29..8.31 rows=1 width=33) (actual time=0.011..0.015 rows=1 loops=1)',), ('                    Index Cond: (id_user = 3)',), ('                    Buffers: shared hit=3',), ('              ->  Hash Join  (cost=453.68..1213.82 rows=18 width=2072) (actual time=24.894..133.491 rows=1 loops=1)',), ('                    Hash Cond: (ta.project_id = p.id_project)',), ('                    Buffers: shared hit=1132',), ('                    ->  Seq Scan on table_app ta  (cost=0.00..750.75 rows=3575 width=1040) (actual time=0.004..64.490 rows=50000 loops=1)',), ('                          Buffers: shared hit=715',), ('                    ->  Hash  (cost=453.49..453.49 rows=15 width=1040) (actual time=3.438..3.443 rows=2 loops=1)',), ('                          Buckets: 1024  Batches: 1  Memory Usage: 9kB',), ('                          Buffers: shared hit=417',), ('                          ->  Seq Scan on project p  (cost=0.00..453.49 rows=15 width=1040) (actual time=0.986..3.431 rows=2 loops=1)',), ('                                Filter: (user_id = 3)',), ('                                Rows Removed by Filter: 49998',), ('                                Buffers: shared hit=417',), ('Planning Time: 0.143 ms',), ('Execution Time: 263.382 ms',)]"
50000,BTREE,14812.703132629395,"[('Hash Join  (cost=1222.53..1900.24 rows=22 width=3175) (actual time=137.404..263.533 rows=1 loops=1)',), ('  Hash Cond: (t.table_id = ta.id_table)',), ('  Buffers: shared hit=1753',), ('  ->  Seq Scan on task t  (cost=0.00..661.26 rows=4326 width=1086) (actual time=0.006..63.877 rows=50000 loops=1)',), ('        Buffers: shared hit=618',), ('  ->  Hash  (cost=1222.31..1222.31 rows=18 width=2097) (actual time=133.638..133.656 rows=1 loops=1)',), ('        Buckets: 1024  Batches: 1  Memory Usage: 9kB',), ('        Buffers: shared hit=1135',), ('        ->  Nested Loop  (cost=453.97..1222.31 rows=18 width=2097) (actual time=24.956..133.637 rows=1 loops=1)',), ('              Buffers: shared hit=1135',), ('              ->  Index Scan using idx_user_id_btree on user_app ua  (cost=0.29..8.31 rows=1 width=33) (actual time=0.011..0.018 rows=1 loops=1)',), ('                    Index Cond: (id_user = 3)',), ('                    Buffers: shared hit=3',), ('              ->  Hash Join  (cost=453.68..1213.82 rows=18 width=2072) (actual time=24.939..133.606 rows=1 loops=1)',), ('                    Hash Cond: (ta.project_id = p.id_project)',), ('                    Buffers: shared hit=1132',), ('                    ->  Seq Scan on table_app ta  (cost=0.00..750.75 rows=3575 width=1040) (actual time=0.004..64.542 rows=50000 loops=1)',), ('                          Buffers: shared hit=715',), ('                    ->  Hash  (cost=453.49..453.49 rows=15 width=1040) (actual time=3.494..3.499 rows=2 loops=1)',), ('                          Buckets: 1024  Batches: 1  Memory Usage: 9kB',), ('                          Buffers: shared hit=417',), ('                          ->  Seq Scan on project p  (cost=0.00..453.49 rows=15 width=1040) (actual time=0.985..3.484 rows=2 loops=1)',), ('                                Filter: (user_id = 3)',), ('                                Rows Removed by Filter: 49998',), ('                                Buffers: shared hit=417',), ('Planning Time: 0.147 ms',), ('Execution Time: 263.563 ms',)]"
50000,HASH,14609.899520874023,"[('Nested Loop  (cost=1802.17..2487.69 rows=1 width=2175) (actual time=136.835..262.971 rows=1 loops=1)',), ('  Buffers: shared hit=1752',), ('  ->  Hash Join  (cost=1802.17..2479.66 rows=1 width=2150) (actual time=136.820..262.944 rows=1 loops=1)',), ('        Hash Cond: (t.table_id = ta.id_table)',), ('        Buffers: shared hit=1750',), ('        ->  Seq Scan on task t  (cost=0.00..661.26 rows=4326 width=1086) (actual time=0.006..63.809 rows=50000 loops=1)',), ('              Buffers: shared hit=618',), ('        ->  Hash  (cost=1802.16..1802.16 rows=1 width=1072) (actual time=133.112..133.125 rows=1 loops=1)',), ('              Buckets: 1024  Batches: 1  Memory Usage: 9kB',), ('              Buffers: shared hit=1132',), ('              ->  Hash Join  (cost=1042.03..1802.16 rows=1 width=1072) (actual time=24.565..133.115 rows=1 loops=1)',), ('                    Hash Cond: (ta.project_id = p.id_project)',), ('                    Buffers: shared hit=1132',), ('                    ->  Seq Scan on table_app ta  (cost=0.00..750.75 rows=3575 width=1040) (actual time=0.004..64.450 rows=50000 loops=1)',), ('                          Buffers: shared hit=715',), ('                    ->  Hash  (cost=1042.00..1042.00 rows=2 width=40) (actual time=3.136..3.141 rows=2 loops=1)',), ('                          Buckets: 1024  Batches: 1  Memory Usage: 9kB',), ('                          Buffers: shared hit=417',), ('                          ->  Seq Scan on project p  (cost=0.00..1042.00 rows=2 width=40) (actual time=0.874..3.127 rows=2 loops=1)',), ('                                Filter: (user_id = 3)',), ('                                Rows Removed by Filter: 49998',), ('                                Buffers: shared hit=417',), ('  ->  Index Scan using idx_user_id_hash on user_app ua  (cost=0.00..8.02 rows=1 width=33) (actual time=0.009..0.013 rows=1 loops=1)',), ('        Index Cond: (id_user = 3)',), ('        Buffers: shared hit=2',), ('Planning Time: 0.149 ms',), ('Execution Time: 263.001 ms',)]"
60000,No Index,11521.062850952148,"[('Hash Join  (cost=1464.95..2277.54 rows=27 width=3175) (actual time=160.552..160.576 rows=0 loops=1)',), ('  Hash Cond: (t.table_id = ta.id_table)',), ('  Buffers: shared hit=1362',), ('  ->  Seq Scan on task t  (cost=0.00..792.87 rows=5187 width=1086) (actual time=0.005..0.007 rows=1 loops=1)',), ('        Buffers: shared hit=1',), ('  ->  Hash  (cost=1464.67..1464.67 rows=22 width=2097) (actual time=160.540..160.558 rows=0 loops=1)',), ('        Buckets: 1024  Batches: 1  Memory Usage: 8kB',), ('        Buffers: shared hit=1361',), ('        ->  Nested Loop  (cost=544.26..1464.67 rows=22 width=2097) (actual time=160.538..160.553 rows=0 loops=1)',), ('              Buffers: shared hit=1361',), ('              ->  Index Scan using user_app_pkey on user_app ua  (cost=0.29..8.31 rows=1 width=33) (actual time=0.010..0.015 rows=1 loops=1)',), ('                    Index Cond: (id_user = 1)',), ('                    Buffers: shared hit=3',), ('              ->  Hash Join  (cost=543.98..1456.15 rows=22 width=2072) (actual time=160.518..160.528 rows=0 loops=1)',), ('                    Hash Cond: (ta.project_id = p.id_project)',), ('                    Buffers: shared hit=1358',), ('                    ->  Seq Scan on table_app ta  (cost=0.00..900.90 rows=4290 width=1040) (actual time=0.004..77.692 rows=60000 loops=1)',), ('                          Buffers: shared hit=858',), ('                    ->  Hash  (cost=543.75..543.75 rows=18 width=1040) (actual time=4.057..4.062 rows=1 loops=1)',), ('                          Buckets: 1024  Batches: 1  Memory Usage: 9kB',), ('                          Buffers: shared hit=500',), ('                          ->  Seq Scan on project p  (cost=0.00..543.75 rows=18 width=1040) (actual time=3.086..4.040 rows=1 loops=1)',), ('                                Filter: (user_id = 1)',), ('                                Rows Removed by Filter: 59999',), ('                                Buffers: shared hit=500',), ('Planning Time: 0.141 ms',), ('Execution Time: 160.603 ms',)]"
60000,BTREE,11475.191116333008,"[('Hash Join  (cost=1464.95..2277.54 rows=27 width=3175) (actual time=160.660..160.686 rows=0 loops=1)',), ('  Hash Cond: (t.table_id = ta.id_table)',), ('  Buffers: shared hit=1362',), ('  ->  Seq Scan on task t  (cost=0.00..792.87 rows=5187 width=1086) (actual time=0.007..0.009 rows=1 loops=1)',), ('        Buffers: shared hit=1',), ('  ->  Hash  (cost=1464.67..1464.67 rows=22 width=2097) (actual time=160.646..160.666 rows=0 loops=1)',), ('        Buckets: 1024  Batches: 1  Memory Usage: 8kB',), ('        Buffers: shared hit=1361',), ('        ->  Nested Loop  (cost=544.26..1464.67 rows=22 width=2097) (actual time=160.643..160.659 rows=0 loops=1)',), ('              Buffers: shared hit=1361',), ('              ->  Index Scan using idx_user_id_btree on user_app ua  (cost=0.29..8.31 rows=1 width=33) (actual time=0.022..0.028 rows=1 loops=1)',), ('                    Index Cond: (id_user = 1)',), ('                    Buffers: shared hit=3',), ('              ->  Hash Join  (cost=543.98..1456.15 rows=22 width=2072) (actual time=160.609..160.620 rows=0 loops=1)',), ('                    Hash Cond: (ta.project_id = p.id_project)',), ('                    Buffers: shared hit=1358',), ('                    ->  Seq Scan on table_app ta  (cost=0.00..900.90 rows=4290 width=1040) (actual time=0.004..77.498 rows=60000 loops=1)',), ('                          Buffers: shared hit=858',), ('                    ->  Hash  (cost=543.75..543.75 rows=18 width=1040) (actual time=4.006..4.011 rows=1 loops=1)',), ('                          Buckets: 1024  Batches: 1  Memory Usage: 9kB',), ('                          Buffers: shared hit=500',), ('                          ->  Seq Scan on project p  (cost=0.00..543.75 rows=18 width=1040) (actual time=3.062..3.995 rows=1 loops=1)',), ('                                Filter: (user_id = 1)',), ('                                Rows Removed by Filter: 59999',), ('                                Buffers: shared hit=500',), ('Planning Time: 0.140 ms',), ('Execution Time: 160.718 ms',)]"
60000,HASH,10902.669429779053,"[('Hash Join  (cost=1464.66..2277.25 rows=27 width=3175) (actual time=159.902..159.927 rows=0 loops=1)',), ('  Hash Cond: (t.table_id = ta.id_table)',), ('  Buffers: shared hit=1361',), ('  ->  Seq Scan on task t  (cost=0.00..792.87 rows=5187 width=1086) (actual time=0.005..0.007 rows=1 loops=1)',), ('        Buffers: shared hit=1',), ('  ->  Hash  (cost=1464.38..1464.38 rows=22 width=2097) (actual time=159.890..159.909 rows=0 loops=1)',), ('        Buckets: 1024  Batches: 1  Memory Usage: 8kB',), ('        Buffers: shared hit=1360',), ('        ->  Nested Loop  (cost=543.98..1464.38 rows=22 width=2097) (actual time=159.887..159.904 rows=0 loops=1)',), ('              Buffers: shared hit=1360',), ('              ->  Index Scan using idx_user_id_hash on user_app ua  (cost=0.00..8.02 rows=1 width=33) (actual time=0.008..0.013 rows=1 loops=1)',), ('                    Index Cond: (id_user = 1)',), ('                    Buffers: shared hit=2',), ('              ->  Hash Join  (cost=543.98..1456.15 rows=22 width=2072) (actual time=159.869..159.879 rows=0 loops=1)',), ('                    Hash Cond: (ta.project_id = p.id_project)',), ('                    Buffers: shared hit=1358',), ('                    ->  Seq Scan on table_app ta  (cost=0.00..900.90 rows=4290 width=1040) (actual time=0.004..77.349 rows=60000 loops=1)',), ('                          Buffers: shared hit=858',), ('                    ->  Hash  (cost=543.75..543.75 rows=18 width=1040) (actual time=4.177..4.182 rows=1 loops=1)',), ('                          Buckets: 1024  Batches: 1  Memory Usage: 9kB',), ('                          Buffers: shared hit=500',), ('                          ->  Seq Scan on project p  (cost=0.00..543.75 rows=18 width=1040) (actual time=3.181..4.166 rows=1 loops=1)',), ('                                Filter: (user_id = 1)',), ('                                Rows Removed by Filter: 59999',), ('                                Buffers: shared hit=500',), ('Planning Time: 0.136 ms',), ('Execution Time: 159.953 ms',)]"
70000,No Index,6131.689548492432,"[('Hash Join  (cost=1707.32..2655.87 rows=29 width=4178) (actual time=10.105..10.128 rows=0 loops=1)',), ('  Hash Cond: (t.table_id = ta.id_table)',), ('  Buffers: shared hit=589',), ('  ->  Seq Scan on task t  (cost=0.00..925.55 rows=6055 width=1086) (actual time=0.011..0.013 rows=1 loops=1)',), ('        Buffers: shared hit=1',), ('  ->  Hash  (cost=1707.02..1707.02 rows=24 width=3100) (actual time=10.085..10.102 rows=0 loops=1)',), ('        Buckets: 1024  Batches: 1  Memory Usage: 8kB',), ('        Buffers: shared hit=588',), ('        ->  Nested Loop  (cost=635.63..1707.02 rows=24 width=3100) (actual time=10.081..10.096 rows=0 loops=1)',), ('              Buffers: shared hit=588',), ('              ->  Index Scan using user_app_pkey on user_app ua  (cost=0.28..8.30 rows=1 width=1036) (actual time=0.017..0.021 rows=1 loops=1)',), ('                    Index Cond: (id_user = 1)',), ('                    Buffers: shared hit=3',), ('              ->  Hash Join  (cost=635.35..1698.49 rows=24 width=2072) (actual time=10.054..10.063 rows=0 loops=1)',), ('                    Hash Cond: (ta.project_id = p.id_project)',), ('                    Buffers: shared hit=585',), ('                    ->  Seq Scan on table_app ta  (cost=0.00..1050.00 rows=5000 width=1040) (actual time=0.007..0.009 rows=1 loops=1)',), ('                          Buffers: shared hit=1',), ('                    ->  Hash  (cost=635.10..635.10 rows=20 width=1040) (actual time=10.039..10.043 rows=0 loops=1)',), ('                          Buckets: 1024  Batches: 1  Memory Usage: 8kB',), ('                          Buffers: shared hit=584',), ('                          ->  Seq Scan on project p  (cost=0.00..635.10 rows=20 width=1040) (actual time=10.034..10.036 rows=0 loops=1)',), ('                                Filter: (user_id = 1)',), ('                                Rows Removed by Filter: 70000',), ('                                Buffers: shared hit=584',), ('Planning Time: 0.316 ms',), ('Execution Time: 10.179 ms',)]"
70000,BTREE,5692.9779052734375,"[('Nested Loop  (cost=3343.10..4299.40 rows=1 width=1210) (actual time=4.418..4.439 rows=0 loops=1)',), ('  Buffers: shared hit=586',), ('  ->  Hash Join  (cost=3342.81..4291.08 rows=1 width=1185) (actual time=4.415..4.434 rows=0 loops=1)',), ('        Hash Cond: (t.table_id = ta.id_table)',), ('        Buffers: shared hit=586',), ('        ->  Seq Scan on task t  (cost=0.00..925.55 rows=6055 width=1086) (actual time=0.005..0.007 rows=1 loops=1)',), ('              Buffers: shared hit=1',), ('        ->  Hash  (cost=3342.79..3342.79 rows=2 width=107) (actual time=4.404..4.416 rows=0 loops=1)',), ('              Buckets: 1024  Batches: 1  Memory Usage: 8kB',), ('              Buffers: shared hit=585',), ('              ->  Hash Join  (cost=1459.03..3342.79 rows=2 width=107) (actual time=4.401..4.411 rows=0 loops=1)',), ('                    Hash Cond: (ta.project_id = p.id_project)',), ('                    Buffers: shared hit=585',), ('                    ->  Seq Scan on table_app ta  (cost=0.00..1700.00 rows=70000 width=75) (actual time=0.003..0.004 rows=1 loops=1)',), ('                          Buffers: shared hit=1',), ('                    ->  Hash  (cost=1459.00..1459.00 rows=2 width=40) (actual time=4.393..4.397 rows=0 loops=1)',), ('                          Buckets: 1024  Batches: 1  Memory Usage: 8kB',), ('                          Buffers: shared hit=584',), ('                          ->  Seq Scan on project p  (cost=0.00..1459.00 rows=2 width=40) (actual time=4.390..4.391 rows=0 loops=1)',), ('                                Filter: (user_id = 1)',), ('                                Rows Removed by Filter: 70000',), ('                                Buffers: shared hit=584',), ('  ->  Index Scan using idx_user_id_btree on user_app ua  (cost=0.29..8.31 rows=1 width=33) (never executed)',), ('        Index Cond: (id_user = 1)',), ('Planning:',), ('  Buffers: shared hit=12',), ('Planning Time: 0.190 ms',), ('Execution Time: 4.466 ms',)]"
70000,HASH,5675.959587097168,"[('Nested Loop  (cost=2522.16..3478.46 rows=1 width=2175) (actual time=4.499..4.520 rows=0 loops=1)',), ('  Buffers: shared hit=586',), ('  ->  Hash Join  (cost=2522.16..3470.43 rows=1 width=2150) (actual time=4.496..4.514 rows=0 loops=1)',), ('        Hash Cond: (t.table_id = ta.id_table)',), ('        Buffers: shared hit=586',), ('        ->  Seq Scan on task t  (cost=0.00..925.55 rows=6055 width=1086) (actual time=0.006..0.007 rows=1 loops=1)',), ('              Buffers: shared hit=1',), ('        ->  Hash  (cost=2522.15..2522.15 rows=1 width=1072) (actual time=4.484..4.497 rows=0 loops=1)',), ('              Buckets: 1024  Batches: 1  Memory Usage: 8kB',), ('              Buffers: shared hit=585',), ('              ->  Hash Join  (cost=1459.03..2522.15 rows=1 width=1072) (actual time=4.481..4.491 rows=0 loops=1)',), ('                    Hash Cond: (ta.project_id = p.id_project)',), ('                    Buffers: shared hit=585',), ('                    ->  Seq Scan on table_app ta  (cost=0.00..1050.00 rows=5000 width=1040) (actual time=0.004..0.005 rows=1 loops=1)',), ('                          Buffers: shared hit=1',), ('                    ->  Hash  (cost=1459.00..1459.00 rows=2 width=40) (actual time=4.471..4.476 rows=0 loops=1)',), ('                          Buckets: 1024  Batches: 1  Memory Usage: 8kB',), ('                          Buffers: shared hit=584',), ('                          ->  Seq Scan on project p  (cost=0.00..1459.00 rows=2 width=40) (actual time=4.468..4.470 rows=0 loops=1)',), ('                                Filter: (user_id = 1)',), ('                                Rows Removed by Filter: 70000',), ('                                Buffers: shared hit=584',), ('  ->  Index Scan using idx_user_id_hash on user_app ua  (cost=0.00..8.02 rows=1 width=33) (never executed)',), ('        Index Cond: (id_user = 1)',), ('Planning Time: 0.147 ms',), ('Execution Time: 4.547 ms',)]"
80000,No Index,14565.081596374512,"[('Hash Join  (cost=1949.75..3033.19 rows=34 width=3175) (actual time=212.699..212.723 rows=0 loops=1)',), ('  Hash Cond: (t.table_id = ta.id_table)',), ('  Buffers: shared hit=1814',), ('  ->  Seq Scan on task t  (cost=0.00..1057.16 rows=6916 width=1086) (actual time=0.006..0.007 rows=1 loops=1)',), ('        Buffers: shared hit=1',), ('  ->  Hash  (cost=1949.40..1949.40 rows=28 width=2097) (actual time=212.687..212.705 rows=0 loops=1)',), ('        Buckets: 1024  Batches: 1  Memory Usage: 8kB',), ('        Buffers: shared hit=1813',), ('        ->  Nested Loop  (cost=725.94..1949.40 rows=28 width=2097) (actual time=212.684..212.699 rows=0 loops=1)',), ('              Buffers: shared hit=1813',), ('              ->  Index Scan using user_app_pkey on user_app ua  (cost=0.29..8.31 rows=1 width=33) (actual time=0.009..0.014 rows=1 loops=1)',), ('                    Index Cond: (id_user = 3)',), ('                    Buffers: shared hit=3',), ('              ->  Hash Join  (cost=725.65..1940.81 rows=28 width=2072) (actual time=212.663..212.673 rows=0 loops=1)',), ('                    Hash Cond: (ta.project_id = p.id_project)',), ('                    Buffers: shared hit=1810',), ('                    ->  Seq Scan on table_app ta  (cost=0.00..1200.15 rows=5715 width=1040) (actual time=0.003..102.900 rows=80000 loops=1)',), ('                          Buffers: shared hit=1143',), ('                    ->  Hash  (cost=725.36..725.36 rows=23 width=1040) (actual time=5.490..5.494 rows=1 loops=1)',), ('                          Buckets: 1024  Batches: 1  Memory Usage: 9kB',), ('                          Buffers: shared hit=667',), ('                          ->  Seq Scan on project p  (cost=0.00..725.36 rows=23 width=1040) (actual time=1.465..5.483 rows=1 loops=1)',), ('                                Filter: (user_id = 3)',), ('                                Rows Removed by Filter: 79999',), ('                                Buffers: shared hit=667',), ('Planning Time: 0.144 ms',), ('Execution Time: 212.750 ms',)]"
80000,BTREE,14006.657600402832,"[('Nested Loop  (cost=2882.48..3973.61 rows=1 width=2175) (actual time=213.807..213.829 rows=0 loops=1)',), ('  Buffers: shared hit=1811',), ('  ->  Hash Join  (cost=2882.19..3965.29 rows=1 width=2150) (actual time=213.804..213.823 rows=0 loops=1)',), ('        Hash Cond: (t.table_id = ta.id_table)',), ('        Buffers: shared hit=1811',), ('        ->  Seq Scan on task t  (cost=0.00..1057.16 rows=6916 width=1086) (actual time=0.006..0.007 rows=1 loops=1)',), ('              Buffers: shared hit=1',), ('        ->  Hash  (cost=2882.18..2882.18 rows=1 width=1072) (actual time=213.792..213.805 rows=0 loops=1)',), ('              Buckets: 1024  Batches: 1  Memory Usage: 8kB',), ('              Buffers: shared hit=1810',), ('              ->  Hash Join  (cost=1667.03..2882.18 rows=1 width=1072) (actual time=213.788..213.799 rows=0 loops=1)',), ('                    Hash Cond: (ta.project_id = p.id_project)',), ('                    Buffers: shared hit=1810',), ('                    ->  Seq Scan on table_app ta  (cost=0.00..1200.15 rows=5715 width=1040) (actual time=0.003..103.407 rows=80000 loops=1)',), ('                          Buffers: shared hit=1143',), ('                    ->  Hash  (cost=1667.00..1667.00 rows=2 width=40) (actual time=4.991..4.997 rows=1 loops=1)',), ('                          Buckets: 1024  Batches: 1  Memory Usage: 9kB',), ('                          Buffers: shared hit=667',), ('                          ->  Seq Scan on project p  (cost=0.00..1667.00 rows=2 width=40) (actual time=1.320..4.975 rows=1 loops=1)',), ('                                Filter: (user_id = 3)',), ('                                Rows Removed by Filter: 79999',), ('                                Buffers: shared hit=667',), ('  ->  Index Scan using idx_user_id_btree on user_app ua  (cost=0.29..8.31 rows=1 width=33) (never executed)',), ('        Index Cond: (id_user = 3)',), ('Planning Time: 0.157 ms',), ('Execution Time: 213.856 ms',)]"
80000,HASH,14116.477966308594,"[('Hash Join  (cost=1949.46..3032.90 rows=34 width=3175) (actual time=213.086..213.110 rows=0 loops=1)',), ('  Hash Cond: (t.table_id = ta.id_table)',), ('  Buffers: shared hit=1813',), ('  ->  Seq Scan on task t  (cost=0.00..1057.16 rows=6916 width=1086) (actual time=0.006..0.008 rows=1 loops=1)',), ('        Buffers: shared hit=1',), ('  ->  Hash  (cost=1949.11..1949.11 rows=28 width=2097) (actual time=213.075..213.093 rows=0 loops=1)',), ('        Buckets: 1024  Batches: 1  Memory Usage: 8kB',), ('        Buffers: shared hit=1812',), ('        ->  Nested Loop  (cost=725.65..1949.11 rows=28 width=2097) (actual time=213.071..213.087 rows=0 loops=1)',), ('              Buffers: shared hit=1812',), ('              ->  Index Scan using idx_user_id_hash on user_app ua  (cost=0.00..8.02 rows=1 width=33) (actual time=0.007..0.012 rows=1 loops=1)',), ('                    Index Cond: (id_user = 3)',), ('                    Buffers: shared hit=2',), ('              ->  Hash Join  (cost=725.65..1940.81 rows=28 width=2072) (actual time=213.054..213.065 rows=0 loops=1)',), ('                    Hash Cond: (ta.project_id = p.id_project)',), ('                    Buffers: shared hit=1810',), ('                    ->  Seq Scan on table_app ta  (cost=0.00..1200.15 rows=5715 width=1040) (actual time=0.004..103.111 rows=80000 loops=1)',), ('                          Buffers: shared hit=1143',), ('                    ->  Hash  (cost=725.36..725.36 rows=23 width=1040) (actual time=5.619..5.624 rows=1 loops=1)',), ('                          Buckets: 1024  Batches: 1  Memory Usage: 9kB',), ('                          Buffers: shared hit=667',), ('                          ->  Seq Scan on project p  (cost=0.00..725.36 rows=23 width=1040) (actual time=1.482..5.603 rows=1 loops=1)',), ('                                Filter: (user_id = 3)',), ('                                Rows Removed by Filter: 79999',), ('                                Buffers: shared hit=667',), ('Planning Time: 0.143 ms',), ('Execution Time: 213.137 ms',)]"
90000,No Index,25477.263927459717,"[('Nested Loop  (cost=3242.51..4469.58 rows=1 width=2175) (actual time=343.658..473.848 rows=3 loops=1)',), ('  Buffers: shared hit=3157',), ('  ->  Hash Join  (cost=3242.22..4461.26 rows=1 width=2150) (actual time=343.628..473.775 rows=3 loops=1)',), ('        Hash Cond: (t.table_id = ta.id_table)',), ('        Buffers: shared hit=3148',), ('        ->  Seq Scan on task t  (cost=0.00..1189.84 rows=7784 width=1086) (actual time=0.006..115.157 rows=90000 loops=1)',), ('              Buffers: shared hit=1112',), ('        ->  Hash  (cost=3242.20..3242.20 rows=1 width=1072) (actual time=239.722..239.736 rows=1 loops=1)',), ('              Buckets: 1024  Batches: 1  Memory Usage: 9kB',), ('              Buffers: shared hit=2036',), ('              ->  Hash Join  (cost=1875.03..3242.20 rows=1 width=1072) (actual time=93.857..239.724 rows=1 loops=1)',), ('                    Hash Cond: (ta.project_id = p.id_project)',), ('                    Buffers: shared hit=2036',), ('                    ->  Seq Scan on table_app ta  (cost=0.00..1350.30 rows=6430 width=1040) (actual time=0.004..116.117 rows=90000 loops=1)',), ('                          Buffers: shared hit=1286',), ('                    ->  Hash  (cost=1875.00..1875.00 rows=2 width=40) (actual time=5.656..5.661 rows=1 loops=1)',), ('                          Buckets: 1024  Batches: 1  Memory Usage: 9kB',), ('                          Buffers: shared hit=750',), ('                          ->  Seq Scan on project p  (cost=0.00..1875.00 rows=2 width=40) (actual time=4.591..5.648 rows=1 loops=1)',), ('                                Filter: (user_id = 2)',), ('                                Rows Removed by Filter: 89999',), ('                                Buffers: shared hit=750',), ('  ->  Index Scan using user_app_pkey on user_app ua  (cost=0.29..8.31 rows=1 width=33) (actual time=0.012..0.015 rows=1 loops=3)',), ('        Index Cond: (id_user = 2)',), ('        Buffers: shared hit=9',), ('Planning Time: 0.157 ms',), ('Execution Time: 473.880 ms',)]"
90000,BTREE,25767.91286468506,"[('Hash Join  (cost=2192.17..3411.59 rows=39 width=3175) (actual time=343.430..473.579 rows=3 loops=1)',), ('  Hash Cond: (t.table_id = ta.id_table)',), ('  Buffers: shared hit=3151',), ('  ->  Seq Scan on task t  (cost=0.00..1189.84 rows=7784 width=1086) (actual time=0.006..115.122 rows=90000 loops=1)',), ('        Buffers: shared hit=1112',), ('  ->  Hash  (cost=2191.77..2191.77 rows=32 width=2097) (actual time=239.924..239.944 rows=1 loops=1)',), ('        Buckets: 1024  Batches: 1  Memory Usage: 9kB',), ('        Buffers: shared hit=2039',), ('        ->  Nested Loop  (cost=816.24..2191.77 rows=32 width=2097) (actual time=93.981..239.934 rows=1 loops=1)',), ('              Buffers: shared hit=2039',), ('              ->  Index Scan using idx_user_id_btree on user_app ua  (cost=0.29..8.31 rows=1 width=33) (actual time=0.010..0.015 rows=1 loops=1)',), ('                    Index Cond: (id_user = 2)',), ('                    Buffers: shared hit=3',), ('              ->  Hash Join  (cost=815.95..2183.14 rows=32 width=2072) (actual time=93.965..239.903 rows=1 loops=1)',), ('                    Hash Cond: (ta.project_id = p.id_project)',), ('                    Buffers: shared hit=2036',), ('                    ->  Seq Scan on table_app ta  (cost=0.00..1350.30 rows=6430 width=1040) (actual time=0.004..115.961 rows=90000 loops=1)',), ('                          Buffers: shared hit=1286',), ('                    ->  Hash  (cost=815.62..815.62 rows=26 width=1040) (actual time=6.118..6.123 rows=1 loops=1)',), ('                          Buckets: 1024  Batches: 1  Memory Usage: 9kB',), ('                          Buffers: shared hit=750',), ('                          ->  Seq Scan on project p  (cost=0.00..815.62 rows=26 width=1040) (actual time=4.958..6.110 rows=1 loops=1)',), ('                                Filter: (user_id = 2)',), ('                                Rows Removed by Filter: 89999',), ('                                Buffers: shared hit=750',), ('Planning Time: 0.154 ms',), ('Execution Time: 473.614 ms',)]"
90000,HASH,25312.769412994385,"[('Nested Loop  (cost=3242.22..4469.28 rows=1 width=2175) (actual time=342.774..472.970 rows=3 loops=1)',), ('  Buffers: shared hit=3154',), ('  ->  Hash Join  (cost=3242.22..4461.26 rows=1 width=2150) (actual time=342.759..472.914 rows=3 loops=1)',), ('        Hash Cond: (t.table_id = ta.id_table)',), ('        Buffers: shared hit=3148',), ('        ->  Seq Scan on task t  (cost=0.00..1189.84 rows=7784 width=1086) (actual time=0.006..115.459 rows=90000 loops=1)',), ('              Buffers: shared hit=1112',), ('        ->  Hash  (cost=3242.20..3242.20 rows=1 width=1072) (actual time=239.097..239.110 rows=1 loops=1)',), ('              Buckets: 1024  Batches: 1  Memory Usage: 9kB',), ('              Buffers: shared hit=2036',), ('              ->  Hash Join  (cost=1875.03..3242.20 rows=1 width=1072) (actual time=93.427..239.098 rows=1 loops=1)',), ('                    Hash Cond: (ta.project_id = p.id_project)',), ('                    Buffers: shared hit=2036',), ('                    ->  Seq Scan on table_app ta  (cost=0.00..1350.30 rows=6430 width=1040) (actual time=0.003..116.362 rows=90000 loops=1)',), ('                          Buffers: shared hit=1286',), ('                    ->  Hash  (cost=1875.00..1875.00 rows=2 width=40) (actual time=5.684..5.689 rows=1 loops=1)',), ('                          Buckets: 1024  Batches: 1  Memory Usage: 9kB',), ('                          Buffers: shared hit=750',), ('                          ->  Seq Scan on project p  (cost=0.00..1875.00 rows=2 width=40) (actual time=4.624..5.676 rows=1 loops=1)',), ('                                Filter: (user_id = 2)',), ('                                Rows Removed by Filter: 89999',), ('                                Buffers: shared hit=750',), ('  ->  Index Scan using idx_user_id_hash on user_app ua  (cost=0.00..8.02 rows=1 width=33) (actual time=0.006..0.008 rows=1 loops=3)',), ('        Index Cond: (id_user = 2)',), ('        Buffers: shared hit=6',), ('Planning Time: 0.156 ms',), ('Execution Time: 473.003 ms',)]"
100000,No Index,26301.97525024414,"[('Nested Loop  (cost=4775.85..6137.76 rows=1 width=1210) (actual time=314.153..521.882 rows=1 loops=1)',), ('  Buffers: shared hit=3501',), ('  ->  Hash Join  (cost=4775.56..6129.44 rows=1 width=1185) (actual time=314.119..521.836 rows=1 loops=1)',), ('        Hash Cond: (t.table_id = ta.id_table)',), ('        Buffers: shared hit=3498',), ('        ->  Seq Scan on task t  (cost=0.00..1321.45 rows=8645 width=1086) (actual time=0.005..127.714 rows=100000 loops=1)',), ('              Buffers: shared hit=1235',), ('        ->  Hash  (cost=4775.54..4775.54 rows=2 width=107) (actual time=263.391..263.404 rows=2 loops=1)',), ('              Buckets: 1024  Batches: 1  Memory Usage: 9kB',), ('              Buffers: shared hit=2263',), ('              ->  Hash Join  (cost=2084.03..4775.54 rows=2 width=107) (actual time=86.519..263.390 rows=2 loops=1)',), ('                    Hash Cond: (ta.project_id = p.id_project)',), ('                    Buffers: shared hit=2263',), ('                    ->  Seq Scan on table_app ta  (cost=0.00..2429.00 rows=100000 width=75) (actual time=0.002..126.610 rows=100000 loops=1)',), ('                          Buffers: shared hit=1429',), ('                    ->  Hash  (cost=2084.00..2084.00 rows=2 width=40) (actual time=6.283..6.288 rows=1 loops=1)',), ('                          Buckets: 1024  Batches: 1  Memory Usage: 9kB',), ('                          Buffers: shared hit=834',), ('                          ->  Seq Scan on project p  (cost=0.00..2084.00 rows=2 width=40) (actual time=4.931..6.275 rows=1 loops=1)',), ('                                Filter: (user_id = 3)',), ('                                Rows Removed by Filter: 99999',), ('                                Buffers: shared hit=834',), ('  ->  Index Scan using user_app_pkey on user_app ua  (cost=0.29..8.31 rows=1 width=33) (actual time=0.028..0.031 rows=1 loops=1)',), ('        Index Cond: (id_user = 3)',), ('        Buffers: shared hit=3',), ('Planning:',), ('  Buffers: shared hit=12',), ('Planning Time: 0.203 ms',), ('Execution Time: 521.925 ms',)]"
100000,BTREE,28497.424125671387,"[('Hash Join  (cost=2435.65..3789.94 rows=42 width=3175) (actual time=321.231..530.698 rows=1 loops=1)',), ('  Hash Cond: (t.table_id = ta.id_table)',), ('  Buffers: shared hit=3501',), ('  ->  Seq Scan on task t  (cost=0.00..1321.45 rows=8645 width=1086) (actual time=0.009..128.385 rows=100000 loops=1)',), ('        Buffers: shared hit=1235',), ('  ->  Hash  (cost=2435.21..2435.21 rows=35 width=2097) (actual time=270.140..270.159 rows=2 loops=1)',), ('        Buckets: 1024  Batches: 1  Memory Usage: 9kB',), ('        Buffers: shared hit=2266',), ('        ->  Nested Loop  (cost=907.63..2435.21 rows=35 width=2097) (actual time=90.634..270.146 rows=2 loops=1)',), ('              Buffers: shared hit=2266',), ('              ->  Index Scan using idx_user_id_btree on user_app ua  (cost=0.29..8.31 rows=1 width=33) (actual time=0.013..0.018 rows=1 loops=1)',), ('                    Index Cond: (id_user = 3)',), ('                    Buffers: shared hit=3',), ('              ->  Hash Join  (cost=907.34..2426.55 rows=35 width=2072) (actual time=90.615..270.107 rows=2 loops=1)',), ('                    Hash Cond: (ta.project_id = p.id_project)',), ('                    Buffers: shared hit=2263',), ('                    ->  Seq Scan on table_app ta  (cost=0.00..1500.45 rows=7145 width=1040) (actual time=0.006..129.531 rows=100000 loops=1)',), ('                          Buffers: shared hit=1429',), ('                    ->  Hash  (cost=906.98..906.98 rows=29 width=1040) (actual time=9.158..9.163 rows=1 loops=1)',), ('                          Buckets: 1024  Batches: 1  Memory Usage: 9kB',), ('                          Buffers: shared hit=834',), ('                          ->  Seq Scan on project p  (cost=0.00..906.98 rows=29 width=1040) (actual time=7.685..9.151 rows=1 loops=1)',), ('                                Filter: (user_id = 3)',), ('                                Rows Removed by Filter: 99999',), ('                                Buffers: shared hit=834',), ('Planning Time: 0.279 ms',), ('Execution Time: 530.740 ms',)]"
100000,HASH,26871.180534362793,"[('Nested Loop  (cost=4775.56..6137.47 rows=1 width=1210) (actual time=316.400..526.110 rows=1 loops=1)',), ('  Buffers: shared hit=3500',), ('  ->  Hash Join  (cost=4775.56..6129.44 rows=1 width=1185) (actual time=316.386..526.083 rows=1 loops=1)',), ('        Hash Cond: (t.table_id = ta.id_table)',), ('        Buffers: shared hit=3498',), ('        ->  Seq Scan on task t  (cost=0.00..1321.45 rows=8645 width=1086) (actual time=0.006..127.458 rows=100000 loops=1)',), ('              Buffers: shared hit=1235',), ('        ->  Hash  (cost=4775.54..4775.54 rows=2 width=107) (actual time=265.487..265.500 rows=2 loops=1)',), ('              Buckets: 1024  Batches: 1  Memory Usage: 9kB',), ('              Buffers: shared hit=2263',), ('              ->  Hash Join  (cost=2084.03..4775.54 rows=2 width=107) (actual time=87.598..265.486 rows=2 loops=1)',), ('                    Hash Cond: (ta.project_id = p.id_project)',), ('                    Buffers: shared hit=2263',), ('                    ->  Seq Scan on table_app ta  (cost=0.00..2429.00 rows=100000 width=75) (actual time=0.002..126.927 rows=100000 loops=1)',), ('                          Buffers: shared hit=1429',), ('                    ->  Hash  (cost=2084.00..2084.00 rows=2 width=40) (actual time=6.233..6.238 rows=1 loops=1)',), ('                          Buckets: 1024  Batches: 1  Memory Usage: 9kB',), ('                          Buffers: shared hit=834',), ('                          ->  Seq Scan on project p  (cost=0.00..2084.00 rows=2 width=40) (actual time=4.880..6.225 rows=1 loops=1)',), ('                                Filter: (user_id = 3)',), ('                                Rows Removed by Filter: 99999',), ('                                Buffers: shared hit=834',), ('  ->  Index Scan using idx_user_id_hash on user_app ua  (cost=0.00..8.02 rows=1 width=33) (actual time=0.009..0.012 rows=1 loops=1)',), ('        Index Cond: (id_user = 3)',), ('        Buffers: shared hit=2',), ('Planning:',), ('  Buffers: shared hit=12',), ('Planning Time: 0.209 ms',), ('Execution Time: 526.139 ms',)]"
