Number of Records,Index Type,Query Time (s),EXPLAIN Plan
10000,No Index,4071.0196495056152,"[('Hash Join  (cost=252.60..388.55 rows=1 width=3175) (actual time=71.304..77.910 rows=2 loops=1)',), ('  Hash Cond: (t.table_id = ta.id_table)',), ('  Buffers: shared hit=354',), ('  ->  Seq Scan on task t  (cost=0.00..132.68 rows=868 width=1086) (actual time=0.005..12.774 rows=10000 loops=1)',), ('        Buffers: shared hit=124',), ('  ->  Hash  (cost=252.59..252.59 rows=1 width=2097) (actual time=51.902..51.922 rows=3 loops=1)',), ('        Buckets: 1024  Batches: 1  Memory Usage: 9kB',), ('        Buffers: shared hit=230',), ('        ->  Hash Join  (cost=99.75..252.59 rows=1 width=2097) (actual time=43.533..51.907 rows=3 loops=1)',), ('              Hash Cond: (ta.project_id = p.id_project)',), ('              Buffers: shared hit=230',), ('              ->  Seq Scan on table_app ta  (cost=0.00..150.15 rows=715 width=1040) (actual time=0.003..12.889 rows=10000 loops=1)',), ('                    Buffers: shared hit=143',), ('              ->  Hash  (cost=99.74..99.74 rows=1 width=1065) (actual time=25.848..25.860 rows=3 loops=1)',), ('                    Buckets: 1024  Batches: 1  Memory Usage: 9kB',), ('                    Buffers: shared hit=87',), ('                    ->  Hash Join  (cost=8.31..99.74 rows=1 width=1065) (actual time=1.023..25.848 rows=3 loops=1)',), ('                          Hash Cond: (p.user_id = ua.id_user)',), ('                          Buffers: shared hit=87',), ('                          ->  Seq Scan on project p  (cost=0.00..89.88 rows=588 width=1040) (actual time=0.004..12.731 rows=10000 loops=1)',), ('                                Buffers: shared hit=84',), ('                          ->  Hash  (cost=8.30..8.30 rows=1 width=33) (actual time=0.025..0.029 rows=1 loops=1)',), ('                                Buckets: 1024  Batches: 1  Memory Usage: 9kB',), ('                                Buffers: shared hit=3',), ('                                ->  Index Scan using uniq_user_app_email on user_app ua  (cost=0.29..8.30 rows=1 width=33) (actual time=0.018..0.020 rows=1 loops=1)',), (""                                      Index Cond: ((email)::text = 'icyabaldcx@example.com'::text)"",), ('                                      Buffers: shared hit=3',), ('Planning Time: 0.159 ms',), ('Execution Time: 77.944 ms',)]"
10000,BTREE,4089.7421836853027,"[('Hash Join  (cost=252.60..388.55 rows=1 width=4178) (actual time=71.902..78.501 rows=2 loops=1)',), ('  Hash Cond: (t.table_id = ta.id_table)',), ('  Buffers: shared hit=354',), ('  ->  Seq Scan on task t  (cost=0.00..132.68 rows=868 width=1086) (actual time=0.005..12.764 rows=10000 loops=1)',), ('        Buffers: shared hit=124',), ('  ->  Hash  (cost=252.59..252.59 rows=1 width=3100) (actual time=52.532..52.551 rows=3 loops=1)',), ('        Buckets: 1024  Batches: 1  Memory Usage: 9kB',), ('        Buffers: shared hit=230',), ('        ->  Hash Join  (cost=99.75..252.59 rows=1 width=3100) (actual time=44.201..52.540 rows=3 loops=1)',), ('              Hash Cond: (ta.project_id = p.id_project)',), ('              Buffers: shared hit=230',), ('              ->  Seq Scan on table_app ta  (cost=0.00..150.15 rows=715 width=1040) (actual time=0.003..13.072 rows=10000 loops=1)',), ('                    Buffers: shared hit=143',), ('              ->  Hash  (cost=99.74..99.74 rows=1 width=2068) (actual time=26.046..26.058 rows=3 loops=1)',), ('                    Buckets: 1024  Batches: 1  Memory Usage: 9kB',), ('                    Buffers: shared hit=87',), ('                    ->  Hash Join  (cost=8.31..99.74 rows=1 width=2068) (actual time=1.028..26.048 rows=3 loops=1)',), ('                          Hash Cond: (p.user_id = ua.id_user)',), ('                          Buffers: shared hit=87',), ('                          ->  Seq Scan on project p  (cost=0.00..89.88 rows=588 width=1040) (actual time=0.003..12.848 rows=10000 loops=1)',), ('                                Buffers: shared hit=84',), ('                          ->  Hash  (cost=8.30..8.30 rows=1 width=1036) (actual time=0.020..0.024 rows=1 loops=1)',), ('                                Buckets: 1024  Batches: 1  Memory Usage: 9kB',), ('                                Buffers: shared hit=3',), ('                                ->  Index Scan using uniq_user_app_email on user_app ua  (cost=0.29..8.30 rows=1 width=1036) (actual time=0.012..0.015 rows=1 loops=1)',), (""                                      Index Cond: ((email)::text = 'icyabaldcx@example.com'::text)"",), ('                                      Buffers: shared hit=3',), ('Planning Time: 0.151 ms',), ('Execution Time: 78.529 ms',)]"
10000,HASH,4064.6610260009766,"[('Hash Join  (cost=252.60..388.55 rows=1 width=4178) (actual time=71.286..77.833 rows=2 loops=1)',), ('  Hash Cond: (t.table_id = ta.id_table)',), ('  Buffers: shared hit=354',), ('  ->  Seq Scan on task t  (cost=0.00..132.68 rows=868 width=1086) (actual time=0.006..12.747 rows=10000 loops=1)',), ('        Buffers: shared hit=124',), ('  ->  Hash  (cost=252.59..252.59 rows=1 width=3100) (actual time=51.832..51.851 rows=3 loops=1)',), ('        Buckets: 1024  Batches: 1  Memory Usage: 9kB',), ('        Buffers: shared hit=230',), ('        ->  Hash Join  (cost=99.75..252.59 rows=1 width=3100) (actual time=43.503..51.838 rows=3 loops=1)',), ('              Hash Cond: (ta.project_id = p.id_project)',), ('              Buffers: shared hit=230',), ('              ->  Seq Scan on table_app ta  (cost=0.00..150.15 rows=715 width=1040) (actual time=0.003..12.891 rows=10000 loops=1)',), ('                    Buffers: shared hit=143',), ('              ->  Hash  (cost=99.74..99.74 rows=1 width=2068) (actual time=25.835..25.847 rows=3 loops=1)',), ('                    Buckets: 1024  Batches: 1  Memory Usage: 9kB',), ('                    Buffers: shared hit=87',), ('                    ->  Hash Join  (cost=8.31..99.74 rows=1 width=2068) (actual time=1.005..25.835 rows=3 loops=1)',), ('                          Hash Cond: (p.user_id = ua.id_user)',), ('                          Buffers: shared hit=87',), ('                          ->  Seq Scan on project p  (cost=0.00..89.88 rows=588 width=1040) (actual time=0.004..12.723 rows=10000 loops=1)',), ('                                Buffers: shared hit=84',), ('                          ->  Hash  (cost=8.30..8.30 rows=1 width=1036) (actual time=0.028..0.032 rows=1 loops=1)',), ('                                Buckets: 1024  Batches: 1  Memory Usage: 9kB',), ('                                Buffers: shared hit=3',), ('                                ->  Index Scan using uniq_user_app_email on user_app ua  (cost=0.29..8.30 rows=1 width=1036) (actual time=0.013..0.017 rows=1 loops=1)',), (""                                      Index Cond: ((email)::text = 'icyabaldcx@example.com'::text)"",), ('                                      Buffers: shared hit=3',), ('Planning Time: 0.146 ms',), ('Execution Time: 77.860 ms',)]"
20000,No Index,4862.856864929199,"[('Hash Join  (cost=495.82..766.61 rows=2 width=4178) (actual time=102.438..102.464 rows=0 loops=1)',), ('  Hash Cond: (t.table_id = ta.id_table)',), ('  Buffers: shared hit=457',), ('  ->  Seq Scan on task t  (cost=0.00..264.29 rows=1729 width=1086) (actual time=0.007..0.009 rows=1 loops=1)',), ('        Buffers: shared hit=1',), ('  ->  Hash  (cost=495.79..495.79 rows=2 width=3100) (actual time=102.425..102.445 rows=0 loops=1)',), ('        Buckets: 1024  Batches: 1  Memory Usage: 8kB',), ('        Buffers: shared hit=456',), ('        ->  Hash Join  (cost=190.11..495.79 rows=2 width=3100) (actual time=102.421..102.439 rows=0 loops=1)',), ('              Hash Cond: (ta.project_id = p.id_project)',), ('              Buffers: shared hit=456',), ('              ->  Seq Scan on table_app ta  (cost=0.00..300.30 rows=1430 width=1040) (actual time=0.004..25.456 rows=20000 loops=1)',), ('                    Buffers: shared hit=286',), ('              ->  Hash  (cost=190.09..190.09 rows=2 width=2068) (actual time=51.167..51.179 rows=1 loops=1)',), ('                    Buckets: 1024  Batches: 1  Memory Usage: 9kB',), ('                    Buffers: shared hit=170',), ('                    ->  Hash Join  (cost=8.30..190.09 rows=2 width=2068) (actual time=42.277..51.170 rows=1 loops=1)',), ('                          Hash Cond: (p.user_id = ua.id_user)',), ('                          Buffers: shared hit=170',), ('                          ->  Seq Scan on project p  (cost=0.00..178.69 rows=1169 width=1040) (actual time=0.003..25.478 rows=20000 loops=1)',), ('                                Buffers: shared hit=167',), ('                          ->  Hash  (cost=8.29..8.29 rows=1 width=1036) (actual time=0.023..0.028 rows=1 loops=1)',), ('                                Buckets: 1024  Batches: 1  Memory Usage: 9kB',), ('                                Buffers: shared hit=3',), ('                                ->  Index Scan using uniq_user_app_email on user_app ua  (cost=0.28..8.29 rows=1 width=1036) (actual time=0.015..0.018 rows=1 loops=1)',), (""                                      Index Cond: ((email)::text = 'cmffjfvgcs@example.com'::text)"",), ('                                      Buffers: shared hit=3',), ('Planning Time: 0.157 ms',), ('Execution Time: 102.495 ms',)]"
20000,BTREE,4813.272476196289,"[('Hash Join  (cost=495.77..766.56 rows=1 width=3175) (actual time=107.009..107.035 rows=0 loops=1)',), ('  Hash Cond: (t.table_id = ta.id_table)',), ('  Buffers: shared hit=457',), ('  ->  Seq Scan on task t  (cost=0.00..264.29 rows=1729 width=1086) (actual time=0.006..0.007 rows=1 loops=1)',), ('        Buffers: shared hit=1',), ('  ->  Hash  (cost=495.76..495.76 rows=1 width=2097) (actual time=106.996..107.017 rows=0 loops=1)',), ('        Buckets: 1024  Batches: 1  Memory Usage: 8kB',), ('        Buffers: shared hit=456',), ('        ->  Hash Join  (cost=190.09..495.76 rows=1 width=2097) (actual time=106.993..107.012 rows=0 loops=1)',), ('              Hash Cond: (ta.project_id = p.id_project)',), ('              Buffers: shared hit=456',), ('              ->  Seq Scan on table_app ta  (cost=0.00..300.30 rows=1430 width=1040) (actual time=0.003..25.839 rows=20000 loops=1)',), ('                    Buffers: shared hit=286',), ('              ->  Hash  (cost=190.08..190.08 rows=1 width=1065) (actual time=54.792..54.805 rows=1 loops=1)',), ('                    Buckets: 1024  Batches: 1  Memory Usage: 9kB',), ('                    Buffers: shared hit=170',), ('                    ->  Hash Join  (cost=8.32..190.08 rows=1 width=1065) (actual time=45.715..54.797 rows=1 loops=1)',), ('                          Hash Cond: (p.user_id = ua.id_user)',), ('                          Buffers: shared hit=170',), ('                          ->  Seq Scan on project p  (cost=0.00..178.69 rows=1169 width=1040) (actual time=0.003..25.560 rows=20000 loops=1)',), ('                                Buffers: shared hit=167',), ('                          ->  Hash  (cost=8.30..8.30 rows=1 width=33) (actual time=0.021..0.027 rows=1 loops=1)',), ('                                Buckets: 1024  Batches: 1  Memory Usage: 9kB',), ('                                Buffers: shared hit=3',), ('                                ->  Index Scan using uniq_user_app_email on user_app ua  (cost=0.29..8.30 rows=1 width=33) (actual time=0.014..0.018 rows=1 loops=1)',), (""                                      Index Cond: ((email)::text = 'cmffjfvgcs@example.com'::text)"",), ('                                      Buffers: shared hit=3',), ('Planning Time: 0.154 ms',), ('Execution Time: 107.063 ms',)]"
20000,HASH,4750.761032104492,"[('Hash Join  (cost=495.77..766.56 rows=1 width=4178) (actual time=104.262..104.289 rows=0 loops=1)',), ('  Hash Cond: (t.table_id = ta.id_table)',), ('  Buffers: shared hit=457',), ('  ->  Seq Scan on task t  (cost=0.00..264.29 rows=1729 width=1086) (actual time=0.005..0.007 rows=1 loops=1)',), ('        Buffers: shared hit=1',), ('  ->  Hash  (cost=495.76..495.76 rows=1 width=3100) (actual time=104.249..104.270 rows=0 loops=1)',), ('        Buckets: 1024  Batches: 1  Memory Usage: 8kB',), ('        Buffers: shared hit=456',), ('        ->  Hash Join  (cost=190.09..495.76 rows=1 width=3100) (actual time=104.247..104.264 rows=0 loops=1)',), ('              Hash Cond: (ta.project_id = p.id_project)',), ('              Buffers: shared hit=456',), ('              ->  Seq Scan on table_app ta  (cost=0.00..300.30 rows=1430 width=1040) (actual time=0.004..25.710 rows=20000 loops=1)',), ('                    Buffers: shared hit=286',), ('              ->  Hash  (cost=190.08..190.08 rows=1 width=2068) (actual time=52.334..52.347 rows=1 loops=1)',), ('                    Buckets: 1024  Batches: 1  Memory Usage: 9kB',), ('                    Buffers: shared hit=170',), ('                    ->  Hash Join  (cost=8.32..190.08 rows=1 width=2068) (actual time=43.231..52.330 rows=1 loops=1)',), ('                          Hash Cond: (p.user_id = ua.id_user)',), ('                          Buffers: shared hit=170',), ('                          ->  Seq Scan on project p  (cost=0.00..178.69 rows=1169 width=1040) (actual time=0.004..25.802 rows=20000 loops=1)',), ('                                Buffers: shared hit=167',), ('                          ->  Hash  (cost=8.30..8.30 rows=1 width=1036) (actual time=0.022..0.026 rows=1 loops=1)',), ('                                Buckets: 1024  Batches: 1  Memory Usage: 9kB',), ('                                Buffers: shared hit=3',), ('                                ->  Index Scan using uniq_user_app_email on user_app ua  (cost=0.29..8.30 rows=1 width=1036) (actual time=0.014..0.018 rows=1 loops=1)',), (""                                      Index Cond: ((email)::text = 'cmffjfvgcs@example.com'::text)"",), ('                                      Buffers: shared hit=3',), ('Planning Time: 0.155 ms',), ('Execution Time: 104.317 ms',)]"
30000,No Index,9799.90291595459,"[('Hash Join  (cost=1095.61..1502.33 rows=1 width=2175) (actual time=170.720..233.159 rows=3 loops=1)',), ('  Hash Cond: (t.table_id = ta.id_table)',), ('  Buffers: shared hit=1053',), ('  ->  Seq Scan on task t  (cost=0.00..396.97 rows=2597 width=1086) (actual time=0.005..38.344 rows=30000 loops=1)',), ('        Buffers: shared hit=371',), ('  ->  Hash  (cost=1095.59..1095.59 rows=1 width=1097) (actual time=155.096..155.117 rows=3 loops=1)',), ('        Buckets: 1024  Batches: 1  Memory Usage: 9kB',), ('        Buffers: shared hit=682',), ('        ->  Hash Join  (cost=637.09..1095.59 rows=1 width=1097) (actual time=118.986..155.096 rows=3 loops=1)',), ('              Hash Cond: (ta.project_id = p.id_project)',), ('              Buffers: shared hit=682',), ('              ->  Seq Scan on table_app ta  (cost=0.00..450.45 rows=2145 width=1040) (actual time=0.004..38.672 rows=30000 loops=1)',), ('                    Buffers: shared hit=429',), ('              ->  Hash  (cost=637.08..637.08 rows=1 width=65) (actual time=77.128..77.142 rows=1 loops=1)',), ('                    Buckets: 1024  Batches: 1  Memory Usage: 9kB',), ('                    Buffers: shared hit=253',), ('                    ->  Hash Join  (cost=8.32..637.08 rows=1 width=65) (actual time=29.193..77.123 rows=1 loops=1)',), ('                          Hash Cond: (p.user_id = ua.id_user)',), ('                          Buffers: shared hit=253',), ('                          ->  Seq Scan on project p  (cost=0.00..550.00 rows=30000 width=40) (actual time=0.003..37.972 rows=30000 loops=1)',), ('                                Buffers: shared hit=250',), ('                          ->  Hash  (cost=8.30..8.30 rows=1 width=33) (actual time=0.018..0.023 rows=1 loops=1)',), ('                                Buckets: 1024  Batches: 1  Memory Usage: 9kB',), ('                                Buffers: shared hit=3',), ('                                ->  Index Scan using uniq_user_app_email on user_app ua  (cost=0.29..8.30 rows=1 width=33) (actual time=0.011..0.014 rows=1 loops=1)',), (""                                      Index Cond: ((email)::text = 'bthnwqxsyv@example.com'::text)"",), ('                                      Buffers: shared hit=3',), ('Planning:',), ('  Buffers: shared hit=12',), ('Planning Time: 0.217 ms',), ('Execution Time: 233.192 ms',)]"
30000,BTREE,9896.344661712646,"[('Hash Join  (cost=738.94..1145.66 rows=1 width=4178) (actual time=170.813..233.228 rows=3 loops=1)',), ('  Hash Cond: (t.table_id = ta.id_table)',), ('  Buffers: shared hit=1053',), ('  ->  Seq Scan on task t  (cost=0.00..396.97 rows=2597 width=1086) (actual time=0.006..38.386 rows=30000 loops=1)',), ('        Buffers: shared hit=371',), ('  ->  Hash  (cost=738.93..738.93 rows=1 width=3100) (actual time=155.321..155.343 rows=3 loops=1)',), ('        Buckets: 1024  Batches: 1  Memory Usage: 9kB',), ('        Buffers: shared hit=682',), ('        ->  Hash Join  (cost=280.42..738.93 rows=1 width=3100) (actual time=119.109..155.326 rows=3 loops=1)',), ('              Hash Cond: (ta.project_id = p.id_project)',), ('              Buffers: shared hit=682',), ('              ->  Seq Scan on table_app ta  (cost=0.00..450.45 rows=2145 width=1040) (actual time=0.004..38.688 rows=30000 loops=1)',), ('                    Buffers: shared hit=429',), ('              ->  Hash  (cost=280.41..280.41 rows=1 width=2068) (actual time=77.268..77.281 rows=1 loops=1)',), ('                    Buckets: 1024  Batches: 1  Memory Usage: 9kB',), ('                    Buffers: shared hit=253',), ('                    ->  Hash Join  (cost=8.32..280.41 rows=1 width=2068) (actual time=29.280..77.274 rows=1 loops=1)',), ('                          Hash Cond: (p.user_id = ua.id_user)',), ('                          Buffers: shared hit=253',), ('                          ->  Seq Scan on project p  (cost=0.00..267.50 rows=1750 width=1040) (actual time=0.003..38.165 rows=30000 loops=1)',), ('                                Buffers: shared hit=250',), ('                          ->  Hash  (cost=8.30..8.30 rows=1 width=1036) (actual time=0.033..0.038 rows=1 loops=1)',), ('                                Buckets: 1024  Batches: 1  Memory Usage: 9kB',), ('                                Buffers: shared hit=3',), ('                                ->  Index Scan using uniq_user_app_email on user_app ua  (cost=0.29..8.30 rows=1 width=1036) (actual time=0.014..0.018 rows=1 loops=1)',), (""                                      Index Cond: ((email)::text = 'bthnwqxsyv@example.com'::text)"",), ('                                      Buffers: shared hit=3',), ('Planning Time: 0.157 ms',), ('Execution Time: 233.261 ms',)]"
30000,HASH,9897.403240203857,"[('Hash Join  (cost=738.94..1145.66 rows=1 width=3175) (actual time=170.163..233.100 rows=3 loops=1)',), ('  Hash Cond: (t.table_id = ta.id_table)',), ('  Buffers: shared hit=1053',), ('  ->  Seq Scan on task t  (cost=0.00..396.97 rows=2597 width=1086) (actual time=0.008..38.586 rows=30000 loops=1)',), ('        Buffers: shared hit=371',), ('  ->  Hash  (cost=738.93..738.93 rows=1 width=2097) (actual time=154.725..154.747 rows=3 loops=1)',), ('        Buckets: 1024  Batches: 1  Memory Usage: 9kB',), ('        Buffers: shared hit=682',), ('        ->  Hash Join  (cost=280.42..738.93 rows=1 width=2097) (actual time=118.781..154.728 rows=3 loops=1)',), ('              Hash Cond: (ta.project_id = p.id_project)',), ('              Buffers: shared hit=682',), ('              ->  Seq Scan on table_app ta  (cost=0.00..450.45 rows=2145 width=1040) (actual time=0.009..38.562 rows=30000 loops=1)',), ('                    Buffers: shared hit=429',), ('              ->  Hash  (cost=280.41..280.41 rows=1 width=1065) (actual time=77.068..77.082 rows=1 loops=1)',), ('                    Buckets: 1024  Batches: 1  Memory Usage: 9kB',), ('                    Buffers: shared hit=253',), ('                    ->  Hash Join  (cost=8.32..280.41 rows=1 width=1065) (actual time=29.204..77.067 rows=1 loops=1)',), ('                          Hash Cond: (p.user_id = ua.id_user)',), ('                          Buffers: shared hit=253',), ('                          ->  Seq Scan on project p  (cost=0.00..267.50 rows=1750 width=1040) (actual time=0.003..37.992 rows=30000 loops=1)',), ('                                Buffers: shared hit=250',), ('                          ->  Hash  (cost=8.30..8.30 rows=1 width=33) (actual time=0.038..0.043 rows=1 loops=1)',), ('                                Buckets: 1024  Batches: 1  Memory Usage: 9kB',), ('                                Buffers: shared hit=3',), ('                                ->  Index Scan using uniq_user_app_email on user_app ua  (cost=0.29..8.30 rows=1 width=33) (actual time=0.029..0.032 rows=1 loops=1)',), (""                                      Index Cond: ((email)::text = 'bthnwqxsyv@example.com'::text)"",), ('                                      Buffers: shared hit=3',), ('Planning Time: 0.158 ms',), ('Execution Time: 233.136 ms',)]"
40000,No Index,12048.5520362854,"[('Hash Join  (cost=1969.49..2511.05 rows=1 width=1210) (actual time=273.741..309.905 rows=2 loops=1)',), ('  Hash Cond: (t.table_id = ta.id_table)',), ('  Buffers: shared hit=1404',), ('  ->  Seq Scan on task t  (cost=0.00..528.58 rows=3458 width=1086) (actual time=0.006..51.189 rows=40000 loops=1)',), ('        Buffers: shared hit=494',), ('  ->  Hash  (cost=1969.48..1969.48 rows=1 width=132) (actual time=205.787..205.809 rows=3 loops=1)',), ('        Buckets: 1024  Batches: 1  Memory Usage: 9kB',), ('        Buffers: shared hit=910',), ('        ->  Hash Join  (cost=847.47..1969.48 rows=1 width=132) (actual time=112.101..205.790 rows=3 loops=1)',), ('              Hash Cond: (ta.project_id = p.id_project)',), ('              Buffers: shared hit=910',), ('              ->  Seq Scan on table_app ta  (cost=0.00..972.00 rows=40000 width=75) (actual time=0.003..50.741 rows=40000 loops=1)',), ('                    Buffers: shared hit=572',), ('              ->  Hash  (cost=847.46..847.46 rows=1 width=65) (actual time=102.671..102.685 rows=2 loops=1)',), ('                    Buckets: 1024  Batches: 1  Memory Usage: 9kB',), ('                    Buffers: shared hit=338',), ('                    ->  Hash Join  (cost=8.44..847.46 rows=1 width=65) (actual time=63.665..102.663 rows=2 loops=1)',), ('                          Hash Cond: (p.user_id = ua.id_user)',), ('                          Buffers: shared hit=338',), ('                          ->  Seq Scan on project p  (cost=0.00..734.00 rows=40000 width=40) (actual time=0.003..50.455 rows=40000 loops=1)',), ('                                Buffers: shared hit=334',), ('                          ->  Hash  (cost=8.43..8.43 rows=1 width=33) (actual time=0.019..0.025 rows=1 loops=1)',), ('                                Buckets: 1024  Batches: 1  Memory Usage: 9kB',), ('                                Buffers: shared hit=4',), ('                                ->  Index Scan using uniq_user_app_email on user_app ua  (cost=0.41..8.43 rows=1 width=33) (actual time=0.011..0.014 rows=1 loops=1)',), (""                                      Index Cond: ((email)::text = 'ochdbqeddc@example.com'::text)"",), ('                                      Buffers: shared hit=4',), ('Planning:',), ('  Buffers: shared hit=24',), ('Planning Time: 0.240 ms',), ('Execution Time: 309.937 ms',)]"
40000,BTREE,12305.411338806152,"[('Hash Join  (cost=983.32..1524.88 rows=1 width=4178) (actual time=274.598..310.740 rows=2 loops=1)',), ('  Hash Cond: (t.table_id = ta.id_table)',), ('  Buffers: shared hit=1404',), ('  ->  Seq Scan on task t  (cost=0.00..528.58 rows=3458 width=1086) (actual time=0.006..51.038 rows=40000 loops=1)',), ('        Buffers: shared hit=494',), ('  ->  Hash  (cost=983.31..983.31 rows=1 width=3100) (actual time=206.923..206.945 rows=3 loops=1)',), ('        Buckets: 1024  Batches: 1  Memory Usage: 9kB',), ('        Buffers: shared hit=910',), ('        ->  Hash Join  (cost=371.97..983.31 rows=1 width=3100) (actual time=112.533..206.933 rows=3 loops=1)',), ('              Hash Cond: (ta.project_id = p.id_project)',), ('              Buffers: shared hit=910',), ('              ->  Seq Scan on table_app ta  (cost=0.00..600.60 rows=2860 width=1040) (actual time=0.004..51.522 rows=40000 loops=1)',), ('                    Buffers: shared hit=572',), ('              ->  Hash  (cost=371.96..371.96 rows=1 width=2068) (actual time=103.047..103.061 rows=2 loops=1)',), ('                    Buckets: 1024  Batches: 1  Memory Usage: 9kB',), ('                    Buffers: shared hit=338',), ('                    ->  Hash Join  (cost=8.44..371.96 rows=1 width=2068) (actual time=63.821..103.051 rows=2 loops=1)',), ('                          Hash Cond: (p.user_id = ua.id_user)',), ('                          Buffers: shared hit=338',), ('                          ->  Seq Scan on project p  (cost=0.00..357.38 rows=2338 width=1040) (actual time=0.004..51.028 rows=40000 loops=1)',), ('                                Buffers: shared hit=334',), ('                          ->  Hash  (cost=8.43..8.43 rows=1 width=1036) (actual time=0.023..0.028 rows=1 loops=1)',), ('                                Buckets: 1024  Batches: 1  Memory Usage: 9kB',), ('                                Buffers: shared hit=4',), ('                                ->  Index Scan using uniq_user_app_email on user_app ua  (cost=0.41..8.43 rows=1 width=1036) (actual time=0.016..0.020 rows=1 loops=1)',), (""                                      Index Cond: ((email)::text = 'ochdbqeddc@example.com'::text)"",), ('                                      Buffers: shared hit=4',), ('Planning Time: 0.158 ms',), ('Execution Time: 310.773 ms',)]"
40000,HASH,12663.955211639404,"[('Hash Join  (cost=983.32..1524.88 rows=1 width=4178) (actual time=274.736..310.909 rows=2 loops=1)',), ('  Hash Cond: (t.table_id = ta.id_table)',), ('  Buffers: shared hit=1404',), ('  ->  Seq Scan on task t  (cost=0.00..528.58 rows=3458 width=1086) (actual time=0.006..51.039 rows=40000 loops=1)',), ('        Buffers: shared hit=494',), ('  ->  Hash  (cost=983.31..983.31 rows=1 width=3100) (actual time=206.905..206.926 rows=3 loops=1)',), ('        Buckets: 1024  Batches: 1  Memory Usage: 9kB',), ('        Buffers: shared hit=910',), ('        ->  Hash Join  (cost=371.97..983.31 rows=1 width=3100) (actual time=112.520..206.914 rows=3 loops=1)',), ('              Hash Cond: (ta.project_id = p.id_project)',), ('              Buffers: shared hit=910',), ('              ->  Seq Scan on table_app ta  (cost=0.00..600.60 rows=2860 width=1040) (actual time=0.004..51.519 rows=40000 loops=1)',), ('                    Buffers: shared hit=572',), ('              ->  Hash  (cost=371.96..371.96 rows=1 width=2068) (actual time=102.977..102.991 rows=2 loops=1)',), ('                    Buckets: 1024  Batches: 1  Memory Usage: 9kB',), ('                    Buffers: shared hit=338',), ('                    ->  Hash Join  (cost=8.44..371.96 rows=1 width=2068) (actual time=63.825..102.979 rows=2 loops=1)',), ('                          Hash Cond: (p.user_id = ua.id_user)',), ('                          Buffers: shared hit=338',), ('                          ->  Seq Scan on project p  (cost=0.00..357.38 rows=2338 width=1040) (actual time=0.003..50.947 rows=40000 loops=1)',), ('                                Buffers: shared hit=334',), ('                          ->  Hash  (cost=8.43..8.43 rows=1 width=1036) (actual time=0.024..0.030 rows=1 loops=1)',), ('                                Buckets: 1024  Batches: 1  Memory Usage: 9kB',), ('                                Buffers: shared hit=4',), ('                                ->  Index Scan using uniq_user_app_email on user_app ua  (cost=0.41..8.43 rows=1 width=1036) (actual time=0.016..0.020 rows=1 loops=1)',), (""                                      Index Cond: ((email)::text = 'ochdbqeddc@example.com'::text)"",), ('                                      Buffers: shared hit=4',), ('Planning Time: 0.157 ms',), ('Execution Time: 310.942 ms',)]"
50000,No Index,15609.540939331055,"[('Hash Join  (cost=1226.49..1903.98 rows=1 width=3175) (actual time=259.660..388.421 rows=2 loops=1)',), ('  Hash Cond: (t.table_id = ta.id_table)',), ('  Buffers: shared hit=1754',), ('  ->  Seq Scan on task t  (cost=0.00..661.26 rows=4326 width=1086) (actual time=0.005..63.844 rows=50000 loops=1)',), ('        Buffers: shared hit=618',), ('  ->  Hash  (cost=1226.48..1226.48 rows=1 width=2097) (actual time=258.717..258.739 rows=4 loops=1)',), ('        Buckets: 1024  Batches: 1  Memory Usage: 9kB',), ('        Buffers: shared hit=1136',), ('        ->  Hash Join  (cost=462.31..1226.48 rows=1 width=2097) (actual time=141.558..258.714 rows=4 loops=1)',), ('              Hash Cond: (ta.project_id = p.id_project)',), ('              Buffers: shared hit=1136',), ('              ->  Seq Scan on table_app ta  (cost=0.00..750.75 rows=3575 width=1040) (actual time=0.004..64.361 rows=50000 loops=1)',), ('                    Buffers: shared hit=715',), ('              ->  Hash  (cost=462.30..462.30 rows=1 width=1065) (actual time=128.832..128.846 rows=1 loops=1)',), ('                    Buckets: 1024  Batches: 1  Memory Usage: 9kB',), ('                    Buffers: shared hit=421',), ('                    ->  Hash Join  (cost=8.44..462.30 rows=1 width=1065) (actual time=21.730..128.836 rows=1 loops=1)',), ('                          Hash Cond: (p.user_id = ua.id_user)',), ('                          Buffers: shared hit=421',), ('                          ->  Seq Scan on project p  (cost=0.00..446.19 rows=2919 width=1040) (actual time=0.004..63.718 rows=50000 loops=1)',), ('                                Buffers: shared hit=417',), ('                          ->  Hash  (cost=8.43..8.43 rows=1 width=33) (actual time=0.026..0.031 rows=1 loops=1)',), ('                                Buckets: 1024  Batches: 1  Memory Usage: 9kB',), ('                                Buffers: shared hit=4',), ('                                ->  Index Scan using uniq_user_app_email on user_app ua  (cost=0.41..8.43 rows=1 width=33) (actual time=0.018..0.022 rows=1 loops=1)',), (""                                      Index Cond: ((email)::text = 'mnmrorzmjg@example.com'::text)"",), ('                                      Buffers: shared hit=4',), ('Planning Time: 0.153 ms',), ('Execution Time: 388.463 ms',)]"
50000,BTREE,15518.781661987305,"[('Hash Join  (cost=1226.49..1903.98 rows=1 width=3175) (actual time=258.667..387.329 rows=2 loops=1)',), ('  Hash Cond: (t.table_id = ta.id_table)',), ('  Buffers: shared hit=1754',), ('  ->  Seq Scan on task t  (cost=0.00..661.26 rows=4326 width=1086) (actual time=0.006..63.927 rows=50000 loops=1)',), ('        Buffers: shared hit=618',), ('  ->  Hash  (cost=1226.48..1226.48 rows=1 width=2097) (actual time=257.729..257.751 rows=4 loops=1)',), ('        Buckets: 1024  Batches: 1  Memory Usage: 9kB',), ('        Buffers: shared hit=1136',), ('        ->  Hash Join  (cost=462.31..1226.48 rows=1 width=2097) (actual time=141.180..257.724 rows=4 loops=1)',), ('              Hash Cond: (ta.project_id = p.id_project)',), ('              Buffers: shared hit=1136',), ('              ->  Seq Scan on table_app ta  (cost=0.00..750.75 rows=3575 width=1040) (actual time=0.005..64.231 rows=50000 loops=1)',), ('                    Buffers: shared hit=715',), ('              ->  Hash  (cost=462.30..462.30 rows=1 width=1065) (actual time=128.443..128.457 rows=1 loops=1)',), ('                    Buckets: 1024  Batches: 1  Memory Usage: 9kB',), ('                    Buffers: shared hit=421',), ('                    ->  Hash Join  (cost=8.44..462.30 rows=1 width=1065) (actual time=21.595..128.441 rows=1 loops=1)',), ('                          Hash Cond: (p.user_id = ua.id_user)',), ('                          Buffers: shared hit=421',), ('                          ->  Seq Scan on project p  (cost=0.00..446.19 rows=2919 width=1040) (actual time=0.004..63.626 rows=50000 loops=1)',), ('                                Buffers: shared hit=417',), ('                          ->  Hash  (cost=8.43..8.43 rows=1 width=33) (actual time=0.026..0.031 rows=1 loops=1)',), ('                                Buckets: 1024  Batches: 1  Memory Usage: 9kB',), ('                                Buffers: shared hit=4',), ('                                ->  Index Scan using uniq_user_app_email on user_app ua  (cost=0.41..8.43 rows=1 width=33) (actual time=0.019..0.022 rows=1 loops=1)',), (""                                      Index Cond: ((email)::text = 'mnmrorzmjg@example.com'::text)"",), ('                                      Buffers: shared hit=4',), ('Planning Time: 0.156 ms',), ('Execution Time: 387.363 ms',)]"
50000,HASH,15265.142917633057,"[('Hash Join  (cost=1820.90..2498.39 rows=1 width=2175) (actual time=258.084..386.486 rows=2 loops=1)',), ('  Hash Cond: (t.table_id = ta.id_table)',), ('  Buffers: shared hit=1754',), ('  ->  Seq Scan on task t  (cost=0.00..661.26 rows=4326 width=1086) (actual time=0.006..63.658 rows=50000 loops=1)',), ('        Buffers: shared hit=618',), ('  ->  Hash  (cost=1820.88..1820.88 rows=1 width=1097) (actual time=257.150..257.172 rows=4 loops=1)',), ('        Buckets: 1024  Batches: 1  Memory Usage: 9kB',), ('        Buffers: shared hit=1136',), ('        ->  Hash Join  (cost=1056.72..1820.88 rows=1 width=1097) (actual time=140.466..257.148 rows=4 loops=1)',), ('              Hash Cond: (ta.project_id = p.id_project)',), ('              Buffers: shared hit=1136',), ('              ->  Seq Scan on table_app ta  (cost=0.00..750.75 rows=3575 width=1040) (actual time=0.004..64.173 rows=50000 loops=1)',), ('                    Buffers: shared hit=715',), ('              ->  Hash  (cost=1056.71..1056.71 rows=1 width=65) (actual time=127.780..127.793 rows=1 loops=1)',), ('                    Buckets: 1024  Batches: 1  Memory Usage: 9kB',), ('                    Buffers: shared hit=421',), ('                    ->  Hash Join  (cost=8.44..1056.71 rows=1 width=65) (actual time=21.601..127.785 rows=1 loops=1)',), ('                          Hash Cond: (p.user_id = ua.id_user)',), ('                          Buffers: shared hit=421',), ('                          ->  Seq Scan on project p  (cost=0.00..917.00 rows=50000 width=40) (actual time=0.003..62.793 rows=50000 loops=1)',), ('                                Buffers: shared hit=417',), ('                          ->  Hash  (cost=8.43..8.43 rows=1 width=33) (actual time=0.025..0.030 rows=1 loops=1)',), ('                                Buckets: 1024  Batches: 1  Memory Usage: 9kB',), ('                                Buffers: shared hit=4',), ('                                ->  Index Scan using uniq_user_app_email on user_app ua  (cost=0.41..8.43 rows=1 width=33) (actual time=0.017..0.021 rows=1 loops=1)',), (""                                      Index Cond: ((email)::text = 'mnmrorzmjg@example.com'::text)"",), ('                                      Buffers: shared hit=4',), ('Planning:',), ('  Buffers: shared hit=12',), ('Planning Time: 0.209 ms',), ('Execution Time: 386.518 ms',)]"
60000,No Index,17894.906044006348,"[('Hash Join  (cost=2182.98..2995.31 rows=1 width=2175) (actual time=443.156..464.284 rows=1 loops=1)',), ('  Hash Cond: (t.table_id = ta.id_table)',), ('  Buffers: shared hit=2103',), ('  ->  Seq Scan on task t  (cost=0.00..792.87 rows=5187 width=1086) (actual time=0.005..76.362 rows=60000 loops=1)',), ('        Buffers: shared hit=741',), ('  ->  Hash  (cost=2182.97..2182.97 rows=1 width=1097) (actual time=309.137..309.159 rows=2 loops=1)',), ('        Buckets: 1024  Batches: 1  Memory Usage: 9kB',), ('        Buffers: shared hit=1362',), ('        ->  Hash Join  (cost=1265.97..2182.97 rows=1 width=1097) (actual time=178.362..309.145 rows=2 loops=1)',), ('              Hash Cond: (ta.project_id = p.id_project)',), ('              Buffers: shared hit=1362',), ('              ->  Seq Scan on table_app ta  (cost=0.00..900.90 rows=4290 width=1040) (actual time=0.004..77.320 rows=60000 loops=1)',), ('                    Buffers: shared hit=858',), ('              ->  Hash  (cost=1265.96..1265.96 rows=1 width=65) (actual time=153.531..153.544 rows=1 loops=1)',), ('                    Buckets: 1024  Batches: 1  Memory Usage: 9kB',), ('                    Buffers: shared hit=504',), ('                    ->  Hash Join  (cost=8.44..1265.96 rows=1 width=65) (actual time=152.680..153.533 rows=1 loops=1)',), ('                          Hash Cond: (p.user_id = ua.id_user)',), ('                          Buffers: shared hit=504',), ('                          ->  Seq Scan on project p  (cost=0.00..1100.00 rows=60000 width=40) (actual time=0.003..75.409 rows=60000 loops=1)',), ('                                Buffers: shared hit=500',), ('                          ->  Hash  (cost=8.43..8.43 rows=1 width=33) (actual time=0.023..0.028 rows=1 loops=1)',), ('                                Buckets: 1024  Batches: 1  Memory Usage: 9kB',), ('                                Buffers: shared hit=4',), ('                                ->  Index Scan using uniq_user_app_email on user_app ua  (cost=0.41..8.43 rows=1 width=33) (actual time=0.013..0.017 rows=1 loops=1)',), (""                                      Index Cond: ((email)::text = 'xtrimltnrd@example.com'::text)"",), ('                                      Buffers: shared hit=4',), ('Planning:',), ('  Buffers: shared hit=12',), ('Planning Time: 0.211 ms',), ('Execution Time: 464.315 ms',)]"
60000,BTREE,18487.637996673584,"[('Hash Join  (cost=1469.65..2281.99 rows=1 width=3175) (actual time=446.008..467.352 rows=1 loops=1)',), ('  Hash Cond: (t.table_id = ta.id_table)',), ('  Buffers: shared hit=2103',), ('  ->  Seq Scan on task t  (cost=0.00..792.87 rows=5187 width=1086) (actual time=0.006..77.232 rows=60000 loops=1)',), ('        Buffers: shared hit=741',), ('  ->  Hash  (cost=1469.64..1469.64 rows=1 width=2097) (actual time=311.070..311.092 rows=2 loops=1)',), ('        Buckets: 1024  Batches: 1  Memory Usage: 9kB',), ('        Buffers: shared hit=1362',), ('        ->  Hash Join  (cost=552.65..1469.64 rows=1 width=2097) (actual time=179.711..311.075 rows=2 loops=1)',), ('              Hash Cond: (ta.project_id = p.id_project)',), ('              Buffers: shared hit=1362',), ('              ->  Seq Scan on table_app ta  (cost=0.00..900.90 rows=4290 width=1040) (actual time=0.004..77.887 rows=60000 loops=1)',), ('                    Buffers: shared hit=858',), ('              ->  Hash  (cost=552.63..552.63 rows=1 width=1065) (actual time=154.704..154.718 rows=1 loops=1)',), ('                    Buckets: 1024  Batches: 1  Memory Usage: 9kB',), ('                    Buffers: shared hit=504',), ('                    ->  Hash Join  (cost=8.44..552.63 rows=1 width=1065) (actual time=153.851..154.697 rows=1 loops=1)',), ('                          Hash Cond: (p.user_id = ua.id_user)',), ('                          Buffers: shared hit=504',), ('                          ->  Seq Scan on project p  (cost=0.00..535.00 rows=3500 width=1040) (actual time=0.004..76.488 rows=60000 loops=1)',), ('                                Buffers: shared hit=500',), ('                          ->  Hash  (cost=8.43..8.43 rows=1 width=33) (actual time=0.034..0.039 rows=1 loops=1)',), ('                                Buckets: 1024  Batches: 1  Memory Usage: 9kB',), ('                                Buffers: shared hit=4',), ('                                ->  Index Scan using uniq_user_app_email on user_app ua  (cost=0.41..8.43 rows=1 width=33) (actual time=0.026..0.030 rows=1 loops=1)',), (""                                      Index Cond: ((email)::text = 'xtrimltnrd@example.com'::text)"",), ('                                      Buffers: shared hit=4',), ('Planning Time: 0.160 ms',), ('Execution Time: 467.386 ms',)]"
60000,HASH,18474.268436431885,"[('Hash Join  (cost=1469.65..2281.99 rows=1 width=4178) (actual time=444.539..465.849 rows=1 loops=1)',), ('  Hash Cond: (t.table_id = ta.id_table)',), ('  Buffers: shared hit=2103',), ('  ->  Seq Scan on task t  (cost=0.00..792.87 rows=5187 width=1086) (actual time=0.006..77.030 rows=60000 loops=1)',), ('        Buffers: shared hit=741',), ('  ->  Hash  (cost=1469.64..1469.64 rows=1 width=3100) (actual time=309.829..309.851 rows=2 loops=1)',), ('        Buckets: 1024  Batches: 1  Memory Usage: 9kB',), ('        Buffers: shared hit=1362',), ('        ->  Hash Join  (cost=552.65..1469.64 rows=1 width=3100) (actual time=178.971..309.830 rows=2 loops=1)',), ('              Hash Cond: (ta.project_id = p.id_project)',), ('              Buffers: shared hit=1362',), ('              ->  Seq Scan on table_app ta  (cost=0.00..900.90 rows=4290 width=1040) (actual time=0.004..77.402 rows=60000 loops=1)',), ('                    Buffers: shared hit=858',), ('              ->  Hash  (cost=552.63..552.63 rows=1 width=2068) (actual time=154.181..154.194 rows=1 loops=1)',), ('                    Buckets: 1024  Batches: 1  Memory Usage: 9kB',), ('                    Buffers: shared hit=504',), ('                    ->  Hash Join  (cost=8.44..552.63 rows=1 width=2068) (actual time=153.335..154.184 rows=1 loops=1)',), ('                          Hash Cond: (p.user_id = ua.id_user)',), ('                          Buffers: shared hit=504',), ('                          ->  Seq Scan on project p  (cost=0.00..535.00 rows=3500 width=1040) (actual time=0.004..76.500 rows=60000 loops=1)',), ('                                Buffers: shared hit=500',), ('                          ->  Hash  (cost=8.43..8.43 rows=1 width=1036) (actual time=0.024..0.029 rows=1 loops=1)',), ('                                Buckets: 1024  Batches: 1  Memory Usage: 9kB',), ('                                Buffers: shared hit=4',), ('                                ->  Index Scan using uniq_user_app_email on user_app ua  (cost=0.41..8.43 rows=1 width=1036) (actual time=0.016..0.020 rows=1 loops=1)',), (""                                      Index Cond: ((email)::text = 'xtrimltnrd@example.com'::text)"",), ('                                      Buffers: shared hit=4',), ('Planning Time: 0.150 ms',), ('Execution Time: 465.879 ms',)]"
70000,No Index,12637.180805206299,"[('Hash Join  (cost=3438.74..4387.01 rows=1 width=1210) (actual time=360.369..360.397 rows=0 loops=1)',), ('  Hash Cond: (t.table_id = ta.id_table)',), ('  Buffers: shared hit=1589',), ('  ->  Seq Scan on task t  (cost=0.00..925.55 rows=6055 width=1086) (actual time=0.005..0.007 rows=1 loops=1)',), ('        Buffers: shared hit=1',), ('  ->  Hash  (cost=3438.73..3438.73 rows=1 width=132) (actual time=360.357..360.379 rows=0 loops=1)',), ('        Buckets: 1024  Batches: 1  Memory Usage: 8kB',), ('        Buffers: shared hit=1588',), ('        ->  Hash Join  (cost=1476.22..3438.73 rows=1 width=132) (actual time=360.354..360.373 rows=0 loops=1)',), ('              Hash Cond: (ta.project_id = p.id_project)',), ('              Buffers: shared hit=1588',), ('              ->  Seq Scan on table_app ta  (cost=0.00..1700.00 rows=70000 width=75) (actual time=0.002..88.878 rows=70000 loops=1)',), ('                    Buffers: shared hit=1000',), ('              ->  Hash  (cost=1476.21..1476.21 rows=1 width=65) (actual time=179.672..179.685 rows=2 loops=1)',), ('                    Buckets: 1024  Batches: 1  Memory Usage: 9kB',), ('                    Buffers: shared hit=588',), ('                    ->  Hash Join  (cost=8.45..1476.21 rows=1 width=65) (actual time=5.129..179.675 rows=2 loops=1)',), ('                          Hash Cond: (p.user_id = ua.id_user)',), ('                          Buffers: shared hit=588',), ('                          ->  Seq Scan on project p  (cost=0.00..1284.00 rows=70000 width=40) (actual time=0.003..88.421 rows=70000 loops=1)',), ('                                Buffers: shared hit=584',), ('                          ->  Hash  (cost=8.44..8.44 rows=1 width=33) (actual time=0.023..0.027 rows=1 loops=1)',), ('                                Buckets: 1024  Batches: 1  Memory Usage: 9kB',), ('                                Buffers: shared hit=4',), ('                                ->  Index Scan using uniq_user_app_email on user_app ua  (cost=0.42..8.44 rows=1 width=33) (actual time=0.015..0.018 rows=1 loops=1)',), (""                                      Index Cond: ((email)::text = 'zaejptaqoz@example.com'::text)"",), ('                                      Buffers: shared hit=4',), ('Planning:',), ('  Buffers: shared hit=24',), ('Planning Time: 0.233 ms',), ('Execution Time: 360.424 ms',)]"
70000,BTREE,13777.124404907227,"[('Hash Join  (cost=2544.99..3493.26 rows=1 width=2175) (actual time=371.533..371.560 rows=0 loops=1)',), ('  Hash Cond: (t.table_id = ta.id_table)',), ('  Buffers: shared hit=1589',), ('  ->  Seq Scan on task t  (cost=0.00..925.55 rows=6055 width=1086) (actual time=0.005..0.006 rows=1 loops=1)',), ('        Buffers: shared hit=1',), ('  ->  Hash  (cost=2544.98..2544.98 rows=1 width=1097) (actual time=371.522..371.544 rows=0 loops=1)',), ('        Buckets: 1024  Batches: 1  Memory Usage: 8kB',), ('        Buffers: shared hit=1588',), ('        ->  Hash Join  (cost=1476.22..2544.98 rows=1 width=1097) (actual time=371.518..371.537 rows=0 loops=1)',), ('              Hash Cond: (ta.project_id = p.id_project)',), ('              Buffers: shared hit=1588',), ('              ->  Seq Scan on table_app ta  (cost=0.00..1050.00 rows=5000 width=1040) (actual time=0.004..94.086 rows=70000 loops=1)',), ('                    Buffers: shared hit=1000',), ('              ->  Hash  (cost=1476.21..1476.21 rows=1 width=65) (actual time=181.408..181.422 rows=2 loops=1)',), ('                    Buckets: 1024  Batches: 1  Memory Usage: 9kB',), ('                    Buffers: shared hit=588',), ('                    ->  Hash Join  (cost=8.45..1476.21 rows=1 width=65) (actual time=5.234..181.410 rows=2 loops=1)',), ('                          Hash Cond: (p.user_id = ua.id_user)',), ('                          Buffers: shared hit=588',), ('                          ->  Seq Scan on project p  (cost=0.00..1284.00 rows=70000 width=40) (actual time=0.003..89.153 rows=70000 loops=1)',), ('                                Buffers: shared hit=584',), ('                          ->  Hash  (cost=8.44..8.44 rows=1 width=33) (actual time=0.038..0.043 rows=1 loops=1)',), ('                                Buckets: 1024  Batches: 1  Memory Usage: 9kB',), ('                                Buffers: shared hit=4',), ('                                ->  Index Scan using uniq_user_app_email on user_app ua  (cost=0.42..8.44 rows=1 width=33) (actual time=0.011..0.015 rows=1 loops=1)',), (""                                      Index Cond: ((email)::text = 'zaejptaqoz@example.com'::text)"",), ('                                      Buffers: shared hit=4',), ('Planning:',), ('  Buffers: shared hit=12',), ('Planning Time: 0.210 ms',), ('Execution Time: 371.591 ms',)]"
70000,HASH,14063.56143951416,"[('Hash Join  (cost=1712.84..2661.11 rows=1 width=3175) (actual time=361.497..361.524 rows=0 loops=1)',), ('  Hash Cond: (t.table_id = ta.id_table)',), ('  Buffers: shared hit=1589',), ('  ->  Seq Scan on task t  (cost=0.00..925.55 rows=6055 width=1086) (actual time=0.005..0.007 rows=1 loops=1)',), ('        Buffers: shared hit=1',), ('  ->  Hash  (cost=1712.83..1712.83 rows=1 width=2097) (actual time=361.485..361.507 rows=0 loops=1)',), ('        Buckets: 1024  Batches: 1  Memory Usage: 8kB',), ('        Buffers: shared hit=1588',), ('        ->  Hash Join  (cost=644.07..1712.83 rows=1 width=2097) (actual time=361.482..361.501 rows=0 loops=1)',), ('              Hash Cond: (ta.project_id = p.id_project)',), ('              Buffers: shared hit=1588',), ('              ->  Seq Scan on table_app ta  (cost=0.00..1050.00 rows=5000 width=1040) (actual time=0.004..89.921 rows=70000 loops=1)',), ('                    Buffers: shared hit=1000',), ('              ->  Hash  (cost=644.06..644.06 rows=1 width=1065) (actual time=180.076..180.089 rows=2 loops=1)',), ('                    Buckets: 1024  Batches: 1  Memory Usage: 9kB',), ('                    Buffers: shared hit=588',), ('                    ->  Hash Join  (cost=8.45..644.06 rows=1 width=1065) (actual time=5.186..180.080 rows=2 loops=1)',), ('                          Hash Cond: (p.user_id = ua.id_user)',), ('                          Buffers: shared hit=588',), ('                          ->  Seq Scan on project p  (cost=0.00..624.88 rows=4088 width=1040) (actual time=0.004..88.935 rows=70000 loops=1)',), ('                                Buffers: shared hit=584',), ('                          ->  Hash  (cost=8.44..8.44 rows=1 width=33) (actual time=0.036..0.041 rows=1 loops=1)',), ('                                Buckets: 1024  Batches: 1  Memory Usage: 9kB',), ('                                Buffers: shared hit=4',), ('                                ->  Index Scan using uniq_user_app_email on user_app ua  (cost=0.42..8.44 rows=1 width=33) (actual time=0.027..0.031 rows=1 loops=1)',), (""                                      Index Cond: ((email)::text = 'zaejptaqoz@example.com'::text)"",), ('                                      Buffers: shared hit=4',), ('Planning Time: 0.164 ms',), ('Execution Time: 361.555 ms',)]"
80000,No Index,22575.30689239502,"[('Hash Join  (cost=3928.49..5011.60 rows=1 width=1210) (actual time=628.553..628.581 rows=0 loops=1)',), ('  Hash Cond: (t.table_id = ta.id_table)',), ('  Buffers: shared hit=2802',), ('  ->  Seq Scan on task t  (cost=0.00..1057.16 rows=6916 width=1086) (actual time=0.005..102.747 rows=80000 loops=1)',), ('        Buffers: shared hit=988',), ('  ->  Hash  (cost=3928.48..3928.48 rows=1 width=132) (actual time=419.991..420.014 rows=3 loops=1)',), ('        Buckets: 1024  Batches: 1  Memory Usage: 9kB',), ('        Buffers: shared hit=1814',), ('        ->  Hash Join  (cost=1685.47..3928.48 rows=1 width=132) (actual time=234.801..419.999 rows=3 loops=1)',), ('              Hash Cond: (ta.project_id = p.id_project)',), ('              Buffers: shared hit=1814',), ('              ->  Seq Scan on table_app ta  (cost=0.00..1943.00 rows=80000 width=75) (actual time=0.003..101.176 rows=80000 loops=1)',), ('                    Buffers: shared hit=1143',), ('              ->  Hash  (cost=1685.46..1685.46 rows=1 width=65) (actual time=208.763..208.776 rows=2 loops=1)',), ('                    Buckets: 1024  Batches: 1  Memory Usage: 9kB',), ('                    Buffers: shared hit=671',), ('                    ->  Hash Join  (cost=8.45..1685.46 rows=1 width=65) (actual time=117.115..208.762 rows=2 loops=1)',), ('                          Hash Cond: (p.user_id = ua.id_user)',), ('                          Buffers: shared hit=671',), ('                          ->  Seq Scan on project p  (cost=0.00..1467.00 rows=80000 width=40) (actual time=0.004..100.914 rows=80000 loops=1)',), ('                                Buffers: shared hit=667',), ('                          ->  Hash  (cost=8.44..8.44 rows=1 width=33) (actual time=0.019..0.025 rows=1 loops=1)',), ('                                Buckets: 1024  Batches: 1  Memory Usage: 9kB',), ('                                Buffers: shared hit=4',), ('                                ->  Index Scan using uniq_user_app_email on user_app ua  (cost=0.42..8.44 rows=1 width=33) (actual time=0.011..0.014 rows=1 loops=1)',), (""                                      Index Cond: ((email)::text = 'rtratlpfgm@example.com'::text)"",), ('                                      Buffers: shared hit=4',), ('Planning:',), ('  Buffers: shared hit=24',), ('Planning Time: 0.256 ms',), ('Execution Time: 628.610 ms',)]"
80000,BTREE,23591.729164123535,"[('Hash Join  (cost=2907.07..3990.18 rows=1 width=2175) (actual time=633.641..633.670 rows=0 loops=1)',), ('  Hash Cond: (t.table_id = ta.id_table)',), ('  Buffers: shared hit=2802',), ('  ->  Seq Scan on task t  (cost=0.00..1057.16 rows=6916 width=1086) (actual time=0.005..108.030 rows=80000 loops=1)',), ('        Buffers: shared hit=988',), ('  ->  Hash  (cost=2907.06..2907.06 rows=1 width=1097) (actual time=414.657..414.679 rows=3 loops=1)',), ('        Buckets: 1024  Batches: 1  Memory Usage: 9kB',), ('        Buffers: shared hit=1814',), ('        ->  Hash Join  (cost=1685.47..2907.06 rows=1 width=1097) (actual time=233.035..414.663 rows=3 loops=1)',), ('              Hash Cond: (ta.project_id = p.id_project)',), ('              Buffers: shared hit=1814',), ('              ->  Seq Scan on table_app ta  (cost=0.00..1200.15 rows=5715 width=1040) (actual time=0.004..103.128 rows=80000 loops=1)',), ('                    Buffers: shared hit=1143',), ('              ->  Hash  (cost=1685.46..1685.46 rows=1 width=65) (actual time=206.727..206.740 rows=2 loops=1)',), ('                    Buckets: 1024  Batches: 1  Memory Usage: 9kB',), ('                    Buffers: shared hit=671',), ('                    ->  Hash Join  (cost=8.45..1685.46 rows=1 width=65) (actual time=113.984..206.726 rows=2 loops=1)',), ('                          Hash Cond: (p.user_id = ua.id_user)',), ('                          Buffers: shared hit=671',), ('                          ->  Seq Scan on project p  (cost=0.00..1467.00 rows=80000 width=40) (actual time=0.003..101.459 rows=80000 loops=1)',), ('                                Buffers: shared hit=667',), ('                          ->  Hash  (cost=8.44..8.44 rows=1 width=33) (actual time=0.029..0.035 rows=1 loops=1)',), ('                                Buckets: 1024  Batches: 1  Memory Usage: 9kB',), ('                                Buffers: shared hit=4',), ('                                ->  Index Scan using uniq_user_app_email on user_app ua  (cost=0.42..8.44 rows=1 width=33) (actual time=0.016..0.019 rows=1 loops=1)',), (""                                      Index Cond: ((email)::text = 'rtratlpfgm@example.com'::text)"",), ('                                      Buffers: shared hit=4',), ('Planning:',), ('  Buffers: shared hit=12',), ('Planning Time: 0.225 ms',), ('Execution Time: 633.698 ms',)]"
80000,HASH,22634.72318649292,"[('Hash Join  (cost=3928.49..5011.60 rows=1 width=1210) (actual time=621.578..621.606 rows=0 loops=1)',), ('  Hash Cond: (t.table_id = ta.id_table)',), ('  Buffers: shared hit=2802',), ('  ->  Seq Scan on task t  (cost=0.00..1057.16 rows=6916 width=1086) (actual time=0.005..104.755 rows=80000 loops=1)',), ('        Buffers: shared hit=988',), ('  ->  Hash  (cost=3928.48..3928.48 rows=1 width=132) (actual time=411.186..411.208 rows=3 loops=1)',), ('        Buckets: 1024  Batches: 1  Memory Usage: 9kB',), ('        Buffers: shared hit=1814',), ('        ->  Hash Join  (cost=1685.47..3928.48 rows=1 width=132) (actual time=231.743..411.177 rows=3 loops=1)',), ('              Hash Cond: (ta.project_id = p.id_project)',), ('              Buffers: shared hit=1814',), ('              ->  Seq Scan on table_app ta  (cost=0.00..1943.00 rows=80000 width=75) (actual time=0.003..101.339 rows=80000 loops=1)',), ('                    Buffers: shared hit=1143',), ('              ->  Hash  (cost=1685.46..1685.46 rows=1 width=65) (actual time=205.568..205.582 rows=2 loops=1)',), ('                    Buckets: 1024  Batches: 1  Memory Usage: 9kB',), ('                    Buffers: shared hit=671',), ('                    ->  Hash Join  (cost=8.45..1685.46 rows=1 width=65) (actual time=113.612..205.556 rows=2 loops=1)',), ('                          Hash Cond: (p.user_id = ua.id_user)',), ('                          Buffers: shared hit=671',), ('                          ->  Seq Scan on project p  (cost=0.00..1467.00 rows=80000 width=40) (actual time=0.003..101.148 rows=80000 loops=1)',), ('                                Buffers: shared hit=667',), ('                          ->  Hash  (cost=8.44..8.44 rows=1 width=33) (actual time=0.022..0.028 rows=1 loops=1)',), ('                                Buckets: 1024  Batches: 1  Memory Usage: 9kB',), ('                                Buffers: shared hit=4',), ('                                ->  Index Scan using uniq_user_app_email on user_app ua  (cost=0.42..8.44 rows=1 width=33) (actual time=0.013..0.017 rows=1 loops=1)',), (""                                      Index Cond: ((email)::text = 'rtratlpfgm@example.com'::text)"",), ('                                      Buffers: shared hit=4',), ('Planning:',), ('  Buffers: shared hit=24',), ('Planning Time: 0.256 ms',), ('Execution Time: 621.636 ms',)]"
90000,No Index,17148.78749847412,"[('Hash Join  (cost=2199.18..3418.22 rows=1 width=3175) (actual time=470.727..470.754 rows=0 loops=1)',), ('  Hash Cond: (t.table_id = ta.id_table)',), ('  Buffers: shared hit=2041',), ('  ->  Seq Scan on task t  (cost=0.00..1189.84 rows=7784 width=1086) (actual time=0.005..0.007 rows=1 loops=1)',), ('        Buffers: shared hit=1',), ('  ->  Hash  (cost=2199.16..2199.16 rows=1 width=2097) (actual time=470.715..470.736 rows=0 loops=1)',), ('        Buckets: 1024  Batches: 1  Memory Usage: 8kB',), ('        Buffers: shared hit=2040',), ('        ->  Hash Join  (cost=824.74..2199.16 rows=1 width=2097) (actual time=470.712..470.730 rows=0 loops=1)',), ('              Hash Cond: (ta.project_id = p.id_project)',), ('              Buffers: shared hit=2040',), ('              ->  Seq Scan on table_app ta  (cost=0.00..1350.30 rows=6430 width=1040) (actual time=0.004..116.064 rows=90000 loops=1)',), ('                    Buffers: shared hit=1286',), ('              ->  Hash  (cost=824.73..824.73 rows=1 width=1065) (actual time=236.544..236.557 rows=1 loops=1)',), ('                    Buckets: 1024  Batches: 1  Memory Usage: 9kB',), ('                    Buffers: shared hit=754',), ('                    ->  Hash Join  (cost=8.45..824.73 rows=1 width=1065) (actual time=207.951..236.546 rows=1 loops=1)',), ('                          Hash Cond: (p.user_id = ua.id_user)',), ('                          Buffers: shared hit=754',), ('                          ->  Seq Scan on project p  (cost=0.00..802.50 rows=5250 width=1040) (actual time=0.004..114.520 rows=90000 loops=1)',), ('                                Buffers: shared hit=750',), ('                          ->  Hash  (cost=8.44..8.44 rows=1 width=33) (actual time=0.025..0.031 rows=1 loops=1)',), ('                                Buckets: 1024  Batches: 1  Memory Usage: 9kB',), ('                                Buffers: shared hit=4',), ('                                ->  Index Scan using uniq_user_app_email on user_app ua  (cost=0.42..8.44 rows=1 width=33) (actual time=0.018..0.021 rows=1 loops=1)',), (""                                      Index Cond: ((email)::text = 'hwftxghxfe@example.com'::text)"",), ('                                      Buffers: shared hit=4',), ('Planning Time: 0.169 ms',), ('Execution Time: 470.782 ms',)]"
90000,BTREE,15745.037078857422,"[('Hash Join  (cost=4418.24..5637.28 rows=1 width=1210) (actual time=461.752..461.780 rows=0 loops=1)',), ('  Hash Cond: (t.table_id = ta.id_table)',), ('  Buffers: shared hit=2041',), ('  ->  Seq Scan on task t  (cost=0.00..1189.84 rows=7784 width=1086) (actual time=0.006..0.008 rows=1 loops=1)',), ('        Buffers: shared hit=1',), ('  ->  Hash  (cost=4418.23..4418.23 rows=1 width=132) (actual time=461.739..461.760 rows=0 loops=1)',), ('        Buckets: 1024  Batches: 1  Memory Usage: 8kB',), ('        Buffers: shared hit=2040',), ('        ->  Hash Join  (cost=1894.72..4418.23 rows=1 width=132) (actual time=461.736..461.755 rows=0 loops=1)',), ('              Hash Cond: (ta.project_id = p.id_project)',), ('              Buffers: shared hit=2040',), ('              ->  Seq Scan on table_app ta  (cost=0.00..2186.00 rows=90000 width=75) (actual time=0.003..113.732 rows=90000 loops=1)',), ('                    Buffers: shared hit=1286',), ('              ->  Hash  (cost=1894.71..1894.71 rows=1 width=65) (actual time=230.632..230.646 rows=1 loops=1)',), ('                    Buckets: 1024  Batches: 1  Memory Usage: 9kB',), ('                    Buffers: shared hit=754',), ('                    ->  Hash Join  (cost=8.45..1894.71 rows=1 width=65) (actual time=202.167..230.628 rows=1 loops=1)',), ('                          Hash Cond: (p.user_id = ua.id_user)',), ('                          Buffers: shared hit=754',), ('                          ->  Seq Scan on project p  (cost=0.00..1650.00 rows=90000 width=40) (actual time=0.003..113.746 rows=90000 loops=1)',), ('                                Buffers: shared hit=750',), ('                          ->  Hash  (cost=8.44..8.44 rows=1 width=33) (actual time=0.035..0.040 rows=1 loops=1)',), ('                                Buckets: 1024  Batches: 1  Memory Usage: 9kB',), ('                                Buffers: shared hit=4',), ('                                ->  Index Scan using uniq_user_app_email on user_app ua  (cost=0.42..8.44 rows=1 width=33) (actual time=0.025..0.028 rows=1 loops=1)',), (""                                      Index Cond: ((email)::text = 'hwftxghxfe@example.com'::text)"",), ('                                      Buffers: shared hit=4',), ('Planning:',), ('  Buffers: shared hit=24',), ('Planning Time: 0.261 ms',), ('Execution Time: 461.814 ms',)]"
90000,HASH,17008.105754852295,"[('Hash Join  (cost=2199.18..3418.22 rows=1 width=3175) (actual time=464.734..464.760 rows=0 loops=1)',), ('  Hash Cond: (t.table_id = ta.id_table)',), ('  Buffers: shared hit=2041',), ('  ->  Seq Scan on task t  (cost=0.00..1189.84 rows=7784 width=1086) (actual time=0.006..0.008 rows=1 loops=1)',), ('        Buffers: shared hit=1',), ('  ->  Hash  (cost=2199.16..2199.16 rows=1 width=2097) (actual time=464.711..464.732 rows=0 loops=1)',), ('        Buckets: 1024  Batches: 1  Memory Usage: 8kB',), ('        Buffers: shared hit=2040',), ('        ->  Hash Join  (cost=824.74..2199.16 rows=1 width=2097) (actual time=464.707..464.726 rows=0 loops=1)',), ('              Hash Cond: (ta.project_id = p.id_project)',), ('              Buffers: shared hit=2040',), ('              ->  Seq Scan on table_app ta  (cost=0.00..1350.30 rows=6430 width=1040) (actual time=0.004..115.868 rows=90000 loops=1)',), ('                    Buffers: shared hit=1286',), ('              ->  Hash  (cost=824.73..824.73 rows=1 width=1065) (actual time=230.930..230.943 rows=1 loops=1)',), ('                    Buckets: 1024  Batches: 1  Memory Usage: 9kB',), ('                    Buffers: shared hit=754',), ('                    ->  Hash Join  (cost=8.45..824.73 rows=1 width=1065) (actual time=202.479..230.923 rows=1 loops=1)',), ('                          Hash Cond: (p.user_id = ua.id_user)',), ('                          Buffers: shared hit=754',), ('                          ->  Seq Scan on project p  (cost=0.00..802.50 rows=5250 width=1040) (actual time=0.004..114.360 rows=90000 loops=1)',), ('                                Buffers: shared hit=750',), ('                          ->  Hash  (cost=8.44..8.44 rows=1 width=33) (actual time=0.024..0.029 rows=1 loops=1)',), ('                                Buckets: 1024  Batches: 1  Memory Usage: 9kB',), ('                                Buffers: shared hit=4',), ('                                ->  Index Scan using uniq_user_app_email on user_app ua  (cost=0.42..8.44 rows=1 width=33) (actual time=0.016..0.020 rows=1 loops=1)',), (""                                      Index Cond: ((email)::text = 'hwftxghxfe@example.com'::text)"",), ('                                      Buffers: shared hit=4',), ('Planning Time: 0.173 ms',), ('Execution Time: 464.788 ms',)]"
100000,No Index,8690.255165100098,"[('Hash Join  (cost=3632.24..4986.12 rows=1 width=2175) (actual time=257.311..257.338 rows=0 loops=1)',), ('  Hash Cond: (t.table_id = ta.id_table)',), ('  Buffers: shared hit=840',), ('  ->  Seq Scan on task t  (cost=0.00..1321.45 rows=8645 width=1086) (actual time=0.005..0.006 rows=1 loops=1)',), ('        Buffers: shared hit=1',), ('  ->  Hash  (cost=3632.22..3632.22 rows=1 width=1097) (actual time=257.300..257.321 rows=0 loops=1)',), ('        Buckets: 1024  Batches: 1  Memory Usage: 8kB',), ('        Buffers: shared hit=839',), ('        ->  Hash Join  (cost=2104.97..3632.22 rows=1 width=1097) (actual time=257.297..257.316 rows=0 loops=1)',), ('              Hash Cond: (ta.project_id = p.id_project)',), ('              Buffers: shared hit=839',), ('              ->  Seq Scan on table_app ta  (cost=0.00..1500.45 rows=7145 width=1040) (actual time=0.004..0.005 rows=1 loops=1)',), ('                    Buffers: shared hit=1',), ('              ->  Hash  (cost=2104.96..2104.96 rows=1 width=65) (actual time=257.288..257.302 rows=0 loops=1)',), ('                    Buckets: 1024  Batches: 1  Memory Usage: 8kB',), ('                    Buffers: shared hit=838',), ('                    ->  Hash Join  (cost=8.45..2104.96 rows=1 width=65) (actual time=257.285..257.296 rows=0 loops=1)',), ('                          Hash Cond: (p.user_id = ua.id_user)',), ('                          Buffers: shared hit=838',), ('                          ->  Seq Scan on project p  (cost=0.00..1834.00 rows=100000 width=40) (actual time=0.002..126.368 rows=100000 loops=1)',), ('                                Buffers: shared hit=834',), ('                          ->  Hash  (cost=8.44..8.44 rows=1 width=33) (actual time=0.022..0.028 rows=1 loops=1)',), ('                                Buckets: 1024  Batches: 1  Memory Usage: 9kB',), ('                                Buffers: shared hit=4',), ('                                ->  Index Scan using uniq_user_app_email on user_app ua  (cost=0.42..8.44 rows=1 width=33) (actual time=0.014..0.018 rows=1 loops=1)',), (""                                      Index Cond: ((email)::text = 'mherpsxqpk@example.com'::text)"",), ('                                      Buffers: shared hit=4',), ('Planning:',), ('  Buffers: shared hit=12',), ('Planning Time: 0.214 ms',), ('Execution Time: 257.366 ms',)]"
100000,BTREE,8885.322570800781,"[('Hash Join  (cost=4908.99..6262.87 rows=1 width=1210) (actual time=256.251..256.275 rows=0 loops=1)',), ('  Hash Cond: (t.table_id = ta.id_table)',), ('  Buffers: shared hit=840',), ('  ->  Seq Scan on task t  (cost=0.00..1321.45 rows=8645 width=1086) (actual time=0.006..0.008 rows=1 loops=1)',), ('        Buffers: shared hit=1',), ('  ->  Hash  (cost=4908.98..4908.98 rows=1 width=132) (actual time=256.237..256.256 rows=0 loops=1)',), ('        Buckets: 1024  Batches: 1  Memory Usage: 8kB',), ('        Buffers: shared hit=839',), ('        ->  Hash Join  (cost=2104.97..4908.98 rows=1 width=132) (actual time=256.234..256.250 rows=0 loops=1)',), ('              Hash Cond: (ta.project_id = p.id_project)',), ('              Buffers: shared hit=839',), ('              ->  Seq Scan on table_app ta  (cost=0.00..2429.00 rows=100000 width=75) (actual time=0.003..0.005 rows=1 loops=1)',), ('                    Buffers: shared hit=1',), ('              ->  Hash  (cost=2104.96..2104.96 rows=1 width=65) (actual time=256.225..256.238 rows=0 loops=1)',), ('                    Buckets: 1024  Batches: 1  Memory Usage: 8kB',), ('                    Buffers: shared hit=838',), ('                    ->  Hash Join  (cost=8.45..2104.96 rows=1 width=65) (actual time=256.222..256.231 rows=0 loops=1)',), ('                          Hash Cond: (p.user_id = ua.id_user)',), ('                          Buffers: shared hit=838',), ('                          ->  Seq Scan on project p  (cost=0.00..1834.00 rows=100000 width=40) (actual time=0.003..126.037 rows=100000 loops=1)',), ('                                Buffers: shared hit=834',), ('                          ->  Hash  (cost=8.44..8.44 rows=1 width=33) (actual time=0.022..0.026 rows=1 loops=1)',), ('                                Buckets: 1024  Batches: 1  Memory Usage: 9kB',), ('                                Buffers: shared hit=4',), ('                                ->  Index Scan using uniq_user_app_email on user_app ua  (cost=0.42..8.44 rows=1 width=33) (actual time=0.013..0.017 rows=1 loops=1)',), (""                                      Index Cond: ((email)::text = 'mherpsxqpk@example.com'::text)"",), ('                                      Buffers: shared hit=4',), ('Planning:',), ('  Buffers: shared hit=24',), ('Planning Time: 0.294 ms',), ('Execution Time: 256.310 ms',)]"
100000,HASH,8617.294311523438,"[('Hash Join  (cost=4908.99..6262.87 rows=1 width=1210) (actual time=255.682..255.708 rows=0 loops=1)',), ('  Hash Cond: (t.table_id = ta.id_table)',), ('  Buffers: shared hit=840',), ('  ->  Seq Scan on task t  (cost=0.00..1321.45 rows=8645 width=1086) (actual time=0.006..0.008 rows=1 loops=1)',), ('        Buffers: shared hit=1',), ('  ->  Hash  (cost=4908.98..4908.98 rows=1 width=132) (actual time=255.671..255.691 rows=0 loops=1)',), ('        Buckets: 1024  Batches: 1  Memory Usage: 8kB',), ('        Buffers: shared hit=839',), ('        ->  Hash Join  (cost=2104.97..4908.98 rows=1 width=132) (actual time=255.668..255.686 rows=0 loops=1)',), ('              Hash Cond: (ta.project_id = p.id_project)',), ('              Buffers: shared hit=839',), ('              ->  Seq Scan on table_app ta  (cost=0.00..2429.00 rows=100000 width=75) (actual time=0.002..0.004 rows=1 loops=1)',), ('                    Buffers: shared hit=1',), ('              ->  Hash  (cost=2104.96..2104.96 rows=1 width=65) (actual time=255.660..255.673 rows=0 loops=1)',), ('                    Buckets: 1024  Batches: 1  Memory Usage: 8kB',), ('                    Buffers: shared hit=838',), ('                    ->  Hash Join  (cost=8.45..2104.96 rows=1 width=65) (actual time=255.657..255.667 rows=0 loops=1)',), ('                          Hash Cond: (p.user_id = ua.id_user)',), ('                          Buffers: shared hit=838',), ('                          ->  Seq Scan on project p  (cost=0.00..1834.00 rows=100000 width=40) (actual time=0.003..126.161 rows=100000 loops=1)',), ('                                Buffers: shared hit=834',), ('                          ->  Hash  (cost=8.44..8.44 rows=1 width=33) (actual time=0.021..0.026 rows=1 loops=1)',), ('                                Buckets: 1024  Batches: 1  Memory Usage: 9kB',), ('                                Buffers: shared hit=4',), ('                                ->  Index Scan using uniq_user_app_email on user_app ua  (cost=0.42..8.44 rows=1 width=33) (actual time=0.013..0.017 rows=1 loops=1)',), (""                                      Index Cond: ((email)::text = 'mherpsxqpk@example.com'::text)"",), ('                                      Buffers: shared hit=4',), ('Planning:',), ('  Buffers: shared hit=24',), ('Planning Time: 0.248 ms',), ('Execution Time: 255.737 ms',)]"
