Number of Records,Index Type,Query Time (s),EXPLAIN Plan
10000,No Index,23200.631141662598,"[('Hash Join  (cost=361.28..500.11 rows=289 width=4178) (actual time=142.839..185.525 rows=10000 loops=1)',), ('  Hash Cond: (t.table_id = ta.id_table)',), ('  Buffers: shared hit=455',), ('  ->  Seq Scan on task t  (cost=0.00..132.68 rows=868 width=1086) (actual time=0.007..13.776 rows=10000 loops=1)',), ('        Buffers: shared hit=124',), ('  ->  Hash  (cost=358.31..358.31 rows=238 width=3100) (actual time=142.821..142.843 rows=10000 loops=1)',), ('        Buckets: 16384 (originally 1024)  Batches: 1 (originally 1)  Memory Usage: 1730kB',), ('        Buffers: shared hit=331',), ('        ->  Hash Join  (cost=203.10..358.31 rows=238 width=3100) (actual time=88.580..127.964 rows=10000 loops=1)',), ('              Hash Cond: (ta.project_id = p.id_project)',), ('              Buffers: shared hit=331',), ('              ->  Seq Scan on table_app ta  (cost=0.00..150.15 rows=715 width=1040) (actual time=0.004..12.696 rows=10000 loops=1)',), ('                    Buffers: shared hit=143',), ('              ->  Hash  (cost=200.65..200.65 rows=196 width=2068) (actual time=88.568..88.582 rows=9999 loops=1)',), ('                    Buckets: 16384 (originally 1024)  Batches: 1 (originally 1)  Memory Usage: 1105kB',), ('                    Buffers: shared hit=188',), ('                    ->  Hash Join  (cost=109.20..200.65 rows=196 width=2068) (actual time=30.069..72.899 rows=9999 loops=1)',), ('                          Hash Cond: (p.user_id = ua.id_user)',), ('                          Buffers: shared hit=188',), ('                          ->  Seq Scan on project p  (cost=0.00..89.88 rows=588 width=1040) (actual time=0.003..13.522 rows=10000 loops=1)',), ('                                Buffers: shared hit=84',), ('                          ->  Hash  (cost=107.90..107.90 rows=104 width=1036) (actual time=30.058..30.064 rows=9998 loops=1)',), ('                                Buckets: 16384 (originally 1024)  Batches: 1 (originally 1)  Memory Usage: 792kB',), ('                                Buffers: shared hit=104',), ('                                ->  Seq Scan on user_app ua  (cost=0.00..107.90 rows=104 width=1036) (actual time=0.006..14.669 rows=9998 loops=1)',), ('                                      Filter: (id_user > 2)',), ('                                      Rows Removed by Filter: 2',), ('                                      Buffers: shared hit=104',), ('Planning Time: 0.151 ms',), ('Execution Time: 198.987 ms',)]"
10000,BTREE,22303.719520568848,"[('Hash Join  (cost=505.50..644.33 rows=289 width=4178) (actual time=138.272..178.929 rows=10000 loops=1)',), ('  Hash Cond: (t.table_id = ta.id_table)',), ('  Buffers: shared hit=484',), ('  ->  Seq Scan on task t  (cost=0.00..132.68 rows=868 width=1086) (actual time=0.007..13.016 rows=10000 loops=1)',), ('        Buffers: shared hit=124',), ('  ->  Hash  (cost=502.53..502.53 rows=238 width=3100) (actual time=138.258..138.282 rows=10000 loops=1)',), ('        Buckets: 16384 (originally 1024)  Batches: 1 (originally 1)  Memory Usage: 1730kB',), ('        Buffers: shared hit=360',), ('        ->  Hash Join  (cost=347.31..502.53 rows=238 width=3100) (actual time=82.343..122.943 rows=10000 loops=1)',), ('              Hash Cond: (ta.project_id = p.id_project)',), ('              Buffers: shared hit=360',), ('              ->  Seq Scan on table_app ta  (cost=0.00..150.15 rows=715 width=1040) (actual time=0.004..12.973 rows=10000 loops=1)',), ('                    Buffers: shared hit=143',), ('              ->  Hash  (cost=344.86..344.86 rows=196 width=2068) (actual time=82.330..82.347 rows=9999 loops=1)',), ('                    Buckets: 16384 (originally 1024)  Batches: 1 (originally 1)  Memory Usage: 1105kB',), ('                    Buffers: shared hit=217',), ('                    ->  Hash Join  (cost=253.44..344.86 rows=196 width=2068) (actual time=27.908..67.745 rows=9999 loops=1)',), ('                          Hash Cond: (p.user_id = ua.id_user)',), ('                          Buffers: shared hit=217',), ('                          ->  Seq Scan on project p  (cost=0.00..89.88 rows=588 width=1040) (actual time=0.003..12.749 rows=10000 loops=1)',), ('                                Buffers: shared hit=84',), ('                          ->  Hash  (cost=211.78..211.78 rows=3333 width=1036) (actual time=27.895..27.902 rows=9998 loops=1)',), ('                                Buckets: 16384 (originally 4096)  Batches: 1 (originally 1)  Memory Usage: 792kB',), ('                                Buffers: shared hit=133',), ('                                ->  Bitmap Heap Scan on user_app ua  (cost=66.12..211.78 rows=3333 width=1036) (actual time=0.259..13.902 rows=9998 loops=1)',), ('                                      Recheck Cond: (id_user > 2)',), ('                                      Heap Blocks: exact=104',), ('                                      Buffers: shared hit=133',), ('                                      ->  Bitmap Index Scan on idx_user_id_btree  (cost=0.00..65.28 rows=3333 width=0) (actual time=0.242..0.242 rows=9998 loops=1)',), ('                                            Index Cond: (id_user > 2)',), ('                                            Buffers: shared hit=29',), ('Planning Time: 0.155 ms',), ('Execution Time: 192.232 ms',)]"
10000,HASH,23695.98388671875,"[('Hash Join  (cost=505.50..644.33 rows=289 width=4178) (actual time=138.636..179.582 rows=10000 loops=1)',), ('  Hash Cond: (t.table_id = ta.id_table)',), ('  Buffers: shared hit=484',), ('  ->  Seq Scan on task t  (cost=0.00..132.68 rows=868 width=1086) (actual time=0.008..12.850 rows=10000 loops=1)',), ('        Buffers: shared hit=124',), ('  ->  Hash  (cost=502.53..502.53 rows=238 width=3100) (actual time=138.616..138.640 rows=10000 loops=1)',), ('        Buckets: 16384 (originally 1024)  Batches: 1 (originally 1)  Memory Usage: 1730kB',), ('        Buffers: shared hit=360',), ('        ->  Hash Join  (cost=347.31..502.53 rows=238 width=3100) (actual time=83.057..123.761 rows=10000 loops=1)',), ('              Hash Cond: (ta.project_id = p.id_project)',), ('              Buffers: shared hit=360',), ('              ->  Seq Scan on table_app ta  (cost=0.00..150.15 rows=715 width=1040) (actual time=0.004..12.794 rows=10000 loops=1)',), ('                    Buffers: shared hit=143',), ('              ->  Hash  (cost=344.86..344.86 rows=196 width=2068) (actual time=83.044..83.060 rows=9999 loops=1)',), ('                    Buckets: 16384 (originally 1024)  Batches: 1 (originally 1)  Memory Usage: 1105kB',), ('                    Buffers: shared hit=217',), ('                    ->  Hash Join  (cost=253.44..344.86 rows=196 width=2068) (actual time=27.781..68.508 rows=9999 loops=1)',), ('                          Hash Cond: (p.user_id = ua.id_user)',), ('                          Buffers: shared hit=217',), ('                          ->  Seq Scan on project p  (cost=0.00..89.88 rows=588 width=1040) (actual time=0.004..12.814 rows=10000 loops=1)',), ('                                Buffers: shared hit=84',), ('                          ->  Hash  (cost=211.78..211.78 rows=3333 width=1036) (actual time=27.745..27.752 rows=9998 loops=1)',), ('                                Buckets: 16384 (originally 4096)  Batches: 1 (originally 1)  Memory Usage: 792kB',), ('                                Buffers: shared hit=133',), ('                                ->  Bitmap Heap Scan on user_app ua  (cost=66.12..211.78 rows=3333 width=1036) (actual time=0.302..13.731 rows=9998 loops=1)',), ('                                      Recheck Cond: (id_user > 2)',), ('                                      Heap Blocks: exact=104',), ('                                      Buffers: shared hit=133',), ('                                      ->  Bitmap Index Scan on user_app_pkey  (cost=0.00..65.28 rows=3333 width=0) (actual time=0.285..0.286 rows=9998 loops=1)',), ('                                            Index Cond: (id_user > 2)',), ('                                            Buffers: shared hit=29',), ('Planning Time: 0.256 ms',), ('Execution Time: 192.811 ms',)]"
20000,No Index,52124.74346160889,"[('Hash Join  (cost=720.40..996.94 rows=577 width=4178) (actual time=282.153..363.149 rows=20000 loops=1)',), ('  Hash Cond: (t.table_id = ta.id_table)',), ('  Buffers: shared hit=907',), ('  ->  Seq Scan on task t  (cost=0.00..264.29 rows=1729 width=1086) (actual time=0.009..25.142 rows=20000 loops=1)',), ('        Buffers: shared hit=247',), ('  ->  Hash  (cost=714.44..714.44 rows=477 width=3100) (actual time=282.134..282.157 rows=19999 loops=1)',), ('        Buckets: 32768 (originally 1024)  Batches: 1 (originally 1)  Memory Usage: 3459kB',), ('        Buffers: shared hit=660',), ('        ->  Hash Join  (cost=404.01..714.44 rows=477 width=3100) (actual time=169.307..251.807 rows=19999 loops=1)',), ('              Hash Cond: (ta.project_id = p.id_project)',), ('              Buffers: shared hit=660',), ('              ->  Seq Scan on table_app ta  (cost=0.00..300.30 rows=1430 width=1040) (actual time=0.005..26.065 rows=20000 loops=1)',), ('                    Buffers: shared hit=286',), ('              ->  Hash  (cost=399.13..399.13 rows=390 width=2068) (actual time=169.292..169.306 rows=19998 loops=1)',), ('                    Buckets: 32768 (originally 1024)  Batches: 1 (originally 1)  Memory Usage: 2209kB',), ('                    Buffers: shared hit=374',), ('                    ->  Hash Join  (cost=217.35..399.13 rows=390 width=2068) (actual time=59.127..140.310 rows=19998 loops=1)',), ('                          Hash Cond: (p.user_id = ua.id_user)',), ('                          Buffers: shared hit=374',), ('                          ->  Seq Scan on project p  (cost=0.00..178.69 rows=1169 width=1040) (actual time=0.005..25.645 rows=20000 loops=1)',), ('                                Buffers: shared hit=167',), ('                          ->  Hash  (cost=214.76..214.76 rows=207 width=1036) (actual time=59.114..59.119 rows=19998 loops=1)',), ('                                Buckets: 32768 (originally 1024)  Batches: 1 (originally 1)  Memory Usage: 1584kB',), ('                                Buffers: shared hit=207',), ('                                ->  Seq Scan on user_app ua  (cost=0.00..214.76 rows=207 width=1036) (actual time=0.007..28.996 rows=19998 loops=1)',), ('                                      Filter: (id_user > 2)',), ('                                      Rows Removed by Filter: 2',), ('                                      Buffers: shared hit=207',), ('Planning Time: 0.201 ms',), ('Execution Time: 387.979 ms',)]"
20000,BTREE,66226.79471969604,"[('Hash Join  (cost=1454.16..1742.22 rows=1729 width=2175) (actual time=295.816..377.990 rows=20000 loops=1)',), ('  Hash Cond: (t.table_id = ta.id_table)',), ('  Buffers: shared hit=60697',), ('  ->  Seq Scan on task t  (cost=0.00..264.29 rows=1729 width=1086) (actual time=0.006..25.074 rows=20000 loops=1)',), ('        Buffers: shared hit=247',), ('  ->  Hash  (cost=1436.28..1436.28 rows=1430 width=1097) (actual time=295.800..295.822 rows=19999 loops=1)',), ('        Buckets: 32768 (originally 2048)  Batches: 1 (originally 1)  Memory Usage: 3459kB',), ('        Buffers: shared hit=60450',), ('        ->  Nested Loop  (cost=617.29..1436.28 rows=1430 width=1097) (actual time=52.625..264.977 rows=19999 loops=1)',), ('              Buffers: shared hit=60450',), ('              ->  Hash Join  (cost=617.00..921.05 rows=1430 width=1072) (actual time=52.597..134.578 rows=20000 loops=1)',), ('                    Hash Cond: (ta.project_id = p.id_project)',), ('                    Buffers: shared hit=453',), ('                    ->  Seq Scan on table_app ta  (cost=0.00..300.30 rows=1430 width=1040) (actual time=0.004..25.493 rows=20000 loops=1)',), ('                          Buffers: shared hit=286',), ('                    ->  Hash  (cost=367.00..367.00 rows=20000 width=40) (actual time=52.538..52.544 rows=20000 loops=1)',), ('                          Buckets: 32768  Batches: 1  Memory Usage: 1663kB',), ('                          Buffers: shared hit=167',), ('                          ->  Seq Scan on project p  (cost=0.00..367.00 rows=20000 width=40) (actual time=0.004..24.860 rows=20000 loops=1)',), ('                                Buffers: shared hit=167',), ('              ->  Index Scan using idx_user_id_btree on user_app ua  (cost=0.29..0.36 rows=1 width=33) (actual time=0.003..0.003 rows=1 loops=20000)',), ('                    Index Cond: ((id_user = p.user_id) AND (id_user > 2))',), ('                    Buffers: shared hit=59997',), ('Planning:',), ('  Buffers: shared hit=15',), ('Planning Time: 0.230 ms',), ('Execution Time: 403.437 ms',)]"
20000,HASH,49255.46646118164,"[('Hash Join  (cost=1008.66..1285.20 rows=577 width=4178) (actual time=278.395..362.071 rows=20000 loops=1)',), ('  Hash Cond: (t.table_id = ta.id_table)',), ('  Buffers: shared hit=963',), ('  ->  Seq Scan on task t  (cost=0.00..264.29 rows=1729 width=1086) (actual time=0.006..25.542 rows=20000 loops=1)',), ('        Buffers: shared hit=247',), ('  ->  Hash  (cost=1002.70..1002.70 rows=477 width=3100) (actual time=278.379..278.408 rows=19999 loops=1)',), ('        Buckets: 32768 (originally 1024)  Batches: 1 (originally 1)  Memory Usage: 3459kB',), ('        Buffers: shared hit=716',), ('        ->  Hash Join  (cost=692.27..1002.70 rows=477 width=3100) (actual time=164.580..248.116 rows=19999 loops=1)',), ('              Hash Cond: (ta.project_id = p.id_project)',), ('              Buffers: shared hit=716',), ('              ->  Seq Scan on table_app ta  (cost=0.00..300.30 rows=1430 width=1040) (actual time=0.004..25.580 rows=20000 loops=1)',), ('                    Buffers: shared hit=286',), ('              ->  Hash  (cost=687.39..687.39 rows=390 width=2068) (actual time=164.569..164.588 rows=19998 loops=1)',), ('                    Buckets: 32768 (originally 1024)  Batches: 1 (originally 1)  Memory Usage: 2209kB',), ('                    Buffers: shared hit=430',), ('                    ->  Hash Join  (cost=505.63..687.39 rows=390 width=2068) (actual time=54.088..135.674 rows=19998 loops=1)',), ('                          Hash Cond: (p.user_id = ua.id_user)',), ('                          Buffers: shared hit=430',), ('                          ->  Seq Scan on project p  (cost=0.00..178.69 rows=1169 width=1040) (actual time=0.003..25.210 rows=20000 loops=1)',), ('                                Buffers: shared hit=167',), ('                          ->  Hash  (cost=422.29..422.29 rows=6667 width=1036) (actual time=54.064..54.072 rows=19998 loops=1)',), ('                                Buckets: 32768 (originally 8192)  Batches: 1 (originally 1)  Memory Usage: 1584kB',), ('                                Buffers: shared hit=263',), ('                                ->  Bitmap Heap Scan on user_app ua  (cost=131.96..422.29 rows=6667 width=1036) (actual time=0.570..26.647 rows=19998 loops=1)',), ('                                      Recheck Cond: (id_user > 2)',), ('                                      Heap Blocks: exact=207',), ('                                      Buffers: shared hit=263',), ('                                      ->  Bitmap Index Scan on user_app_pkey  (cost=0.00..130.29 rows=6667 width=0) (actual time=0.546..0.548 rows=19998 loops=1)',), ('                                            Index Cond: (id_user > 2)',), ('                                            Buffers: shared hit=56',), ('Planning Time: 0.252 ms',), ('Execution Time: 388.126 ms',)]"
30000,No Index,75434.3318939209,"[('Hash Join  (cost=1079.48..1494.85 rows=866 width=4178) (actual time=420.695..546.739 rows=29999 loops=1)',), ('  Hash Cond: (t.table_id = ta.id_table)',), ('  Buffers: shared hit=1360',), ('  ->  Seq Scan on task t  (cost=0.00..396.97 rows=2597 width=1086) (actual time=0.008..38.254 rows=30000 loops=1)',), ('        Buffers: shared hit=371',), ('  ->  Hash  (cost=1070.55..1070.55 rows=715 width=3100) (actual time=420.676..420.697 rows=29999 loops=1)',), ('        Buckets: 32768 (originally 1024)  Batches: 1 (originally 1)  Memory Usage: 5061kB',), ('        Buffers: shared hit=989',), ('        ->  Hash Join  (cost=604.90..1070.55 rows=715 width=3100) (actual time=248.791..375.030 rows=29999 loops=1)',), ('              Hash Cond: (ta.project_id = p.id_project)',), ('              Buffers: shared hit=989',), ('              ->  Seq Scan on table_app ta  (cost=0.00..450.45 rows=2145 width=1040) (actual time=0.004..38.540 rows=30000 loops=1)',), ('                    Buffers: shared hit=429',), ('              ->  Hash  (cost=597.62..597.62 rows=583 width=2068) (actual time=248.778..248.791 rows=29999 loops=1)',), ('                    Buckets: 32768 (originally 1024)  Batches: 1 (originally 1)  Memory Usage: 3186kB',), ('                    Buffers: shared hit=560',), ('                    ->  Hash Join  (cost=325.50..597.62 rows=583 width=2068) (actual time=81.656..204.993 rows=29999 loops=1)',), ('                          Hash Cond: (p.user_id = ua.id_user)',), ('                          Buffers: shared hit=560',), ('                          ->  Seq Scan on project p  (cost=0.00..267.50 rows=1750 width=1040) (actual time=0.003..38.079 rows=30000 loops=1)',), ('                                Buffers: shared hit=250',), ('                          ->  Hash  (cost=321.62..321.62 rows=310 width=1036) (actual time=81.644..81.649 rows=29999 loops=1)',), ('                                Buckets: 32768 (originally 1024)  Batches: 1 (originally 1)  Memory Usage: 2249kB',), ('                                Buffers: shared hit=310',), ('                                ->  Seq Scan on user_app ua  (cost=0.00..321.62 rows=310 width=1036) (actual time=0.007..40.291 rows=29999 loops=1)',), ('                                      Filter: (id_user > 1)',), ('                                      Rows Removed by Filter: 1',), ('                                      Buffers: shared hit=310',), ('Planning Time: 0.165 ms',), ('Execution Time: 584.374 ms',)]"
30000,BTREE,79789.0853881836,"[('Hash Join  (cost=2410.50..2825.87 rows=866 width=4178) (actual time=501.546..629.882 rows=29999 loops=1)',), ('  Hash Cond: (t.table_id = ta.id_table)',), ('  Buffers: shared hit=1443',), ('  ->  Seq Scan on task t  (cost=0.00..396.97 rows=2597 width=1086) (actual time=0.007..38.762 rows=30000 loops=1)',), ('        Buffers: shared hit=371',), ('  ->  Hash  (cost=2401.56..2401.56 rows=715 width=3100) (actual time=501.524..501.548 rows=29999 loops=1)',), ('        Buckets: 32768 (originally 1024)  Batches: 1 (originally 1)  Memory Usage: 5061kB',), ('        Buffers: shared hit=1072',), ('        ->  Hash Join  (cost=1935.92..2401.56 rows=715 width=3100) (actual time=326.834..455.398 rows=29999 loops=1)',), ('              Hash Cond: (ta.project_id = p.id_project)',), ('              Buffers: shared hit=1072',), ('              ->  Seq Scan on table_app ta  (cost=0.00..450.45 rows=2145 width=1040) (actual time=0.004..39.229 rows=30000 loops=1)',), ('                    Buffers: shared hit=429',), ('              ->  Hash  (cost=1928.63..1928.63 rows=583 width=2068) (actual time=326.794..326.809 rows=29999 loops=1)',), ('                    Buckets: 32768 (originally 1024)  Batches: 1 (originally 1)  Memory Usage: 3186kB',), ('                    Buffers: shared hit=643',), ('                    ->  Merge Join  (cost=362.05..1928.63 rows=583 width=2068) (actual time=82.089..282.740 rows=29999 loops=1)',), ('                          Merge Cond: (ua.id_user = p.user_id)',), ('                          Buffers: shared hit=643',), ('                          ->  Index Scan using idx_user_id_btree on user_app ua  (cost=0.29..1527.29 rows=10000 width=1036) (actual time=0.020..40.885 rows=29999 loops=1)',), ('                                Index Cond: (id_user > 1)',), ('                                Buffers: shared hit=393',), ('                          ->  Sort  (cost=361.76..366.14 rows=1750 width=1040) (actual time=82.055..122.430 rows=30000 loops=1)',), ('                                Sort Key: p.user_id',), ('                                Sort Method: quicksort  Memory: 3112kB',), ('                                Buffers: shared hit=250',), ('                                ->  Seq Scan on project p  (cost=0.00..267.50 rows=1750 width=1040) (actual time=0.004..39.247 rows=30000 loops=1)',), ('                                      Buffers: shared hit=250',), ('Planning Time: 0.394 ms',), ('Execution Time: 669.139 ms',)]"
30000,HASH,79270.54166793823,"[('Hash Join  (cost=2410.50..2825.87 rows=866 width=4178) (actual time=499.481..626.439 rows=29999 loops=1)',), ('  Hash Cond: (t.table_id = ta.id_table)',), ('  Buffers: shared hit=1443',), ('  ->  Seq Scan on task t  (cost=0.00..396.97 rows=2597 width=1086) (actual time=0.007..38.586 rows=30000 loops=1)',), ('        Buffers: shared hit=371',), ('  ->  Hash  (cost=2401.56..2401.56 rows=715 width=3100) (actual time=499.463..499.486 rows=29999 loops=1)',), ('        Buckets: 32768 (originally 1024)  Batches: 1 (originally 1)  Memory Usage: 5061kB',), ('        Buffers: shared hit=1072',), ('        ->  Hash Join  (cost=1935.92..2401.56 rows=715 width=3100) (actual time=326.754..453.661 rows=29999 loops=1)',), ('              Hash Cond: (ta.project_id = p.id_project)',), ('              Buffers: shared hit=1072',), ('              ->  Seq Scan on table_app ta  (cost=0.00..450.45 rows=2145 width=1040) (actual time=0.003..38.885 rows=30000 loops=1)',), ('                    Buffers: shared hit=429',), ('              ->  Hash  (cost=1928.63..1928.63 rows=583 width=2068) (actual time=326.740..326.755 rows=29999 loops=1)',), ('                    Buckets: 32768 (originally 1024)  Batches: 1 (originally 1)  Memory Usage: 3186kB',), ('                    Buffers: shared hit=643',), ('                    ->  Merge Join  (cost=362.05..1928.63 rows=583 width=2068) (actual time=82.749..282.850 rows=29999 loops=1)',), ('                          Merge Cond: (ua.id_user = p.user_id)',), ('                          Buffers: shared hit=643',), ('                          ->  Index Scan using user_app_pkey on user_app ua  (cost=0.29..1527.29 rows=10000 width=1036) (actual time=0.014..40.880 rows=29999 loops=1)',), ('                                Index Cond: (id_user > 1)',), ('                                Buffers: shared hit=393',), ('                          ->  Sort  (cost=361.76..366.14 rows=1750 width=1040) (actual time=82.722..122.947 rows=30000 loops=1)',), ('                                Sort Key: p.user_id',), ('                                Sort Method: quicksort  Memory: 3112kB',), ('                                Buffers: shared hit=250',), ('                                ->  Seq Scan on project p  (cost=0.00..267.50 rows=1750 width=1040) (actual time=0.005..39.693 rows=30000 loops=1)',), ('                                      Buffers: shared hit=250',), ('Planning Time: 0.203 ms',), ('Execution Time: 665.332 ms',)]"
40000,No Index,99793.6487197876,"[('Hash Join  (cost=1439.69..1992.76 rows=1152 width=4178) (actual time=554.680..722.917 rows=39998 loops=1)',), ('  Hash Cond: (t.table_id = ta.id_table)',), ('  Buffers: shared hit=1813',), ('  ->  Seq Scan on task t  (cost=0.00..528.58 rows=3458 width=1086) (actual time=0.012..50.539 rows=40000 loops=1)',), ('        Buffers: shared hit=494',), ('  ->  Hash  (cost=1427.78..1427.78 rows=953 width=3100) (actual time=554.655..554.677 rows=39999 loops=1)',), ('        Buckets: 65536 (originally 1024)  Batches: 1 (originally 1)  Memory Usage: 6919kB',), ('        Buffers: shared hit=1319',), ('        ->  Hash Join  (cost=806.93..1427.78 rows=953 width=3100) (actual time=327.456..494.450 rows=39999 loops=1)',), ('              Hash Cond: (ta.project_id = p.id_project)',), ('              Buffers: shared hit=1319',), ('              ->  Seq Scan on table_app ta  (cost=0.00..600.60 rows=2860 width=1040) (actual time=0.007..51.084 rows=40000 loops=1)',), ('                    Buffers: shared hit=572',), ('              ->  Hash  (cost=797.19..797.19 rows=779 width=2068) (actual time=327.438..327.452 rows=39999 loops=1)',), ('                    Buckets: 65536 (originally 1024)  Batches: 1 (originally 1)  Memory Usage: 4419kB',), ('                    Buffers: shared hit=747',), ('                    ->  Hash Join  (cost=433.65..797.19 rows=779 width=2068) (actual time=107.043..269.923 rows=39999 loops=1)',), ('                          Hash Cond: (p.user_id = ua.id_user)',), ('                          Buffers: shared hit=747',), ('                          ->  Seq Scan on project p  (cost=0.00..357.38 rows=2338 width=1040) (actual time=0.008..50.256 rows=40000 loops=1)',), ('                                Buffers: shared hit=334',), ('                          ->  Hash  (cost=428.49..428.49 rows=413 width=1036) (actual time=107.024..107.029 rows=39999 loops=1)',), ('                                Buckets: 65536 (originally 1024)  Batches: 1 (originally 1)  Memory Usage: 3169kB',), ('                                Buffers: shared hit=413',), ('                                ->  Seq Scan on user_app ua  (cost=0.00..428.49 rows=413 width=1036) (actual time=0.011..53.433 rows=39999 loops=1)',), ('                                      Filter: (id_user > 1)',), ('                                      Rows Removed by Filter: 1',), ('                                      Buffers: shared hit=413',), ('Planning Time: 0.328 ms',), ('Execution Time: 773.012 ms',)]"
40000,BTREE,110411.68212890625,"[('Hash Join  (cost=3164.69..4262.26 rows=3458 width=1210) (actual time=574.589..741.739 rows=39998 loops=1)',), ('  Hash Cond: (ua.id_user = p.user_id)',), ('  Buffers: shared hit=1813',), ('  ->  Seq Scan on user_app ua  (cost=0.00..913.00 rows=39999 width=33) (actual time=0.009..51.804 rows=39999 loops=1)',), ('        Filter: (id_user > 1)',), ('        Rows Removed by Filter: 1',), ('        Buffers: shared hit=413',), ('  ->  Hash  (cost=3121.46..3121.46 rows=3458 width=1185) (actual time=574.562..574.582 rows=40000 loops=1)',), ('        Buckets: 65536 (originally 4096)  Batches: 1 (originally 1)  Memory Usage: 7368kB',), ('        Buffers: shared hit=1400',), ('        ->  Hash Join  (cost=2052.88..3121.46 rows=3458 width=1185) (actual time=343.082..511.562 rows=40000 loops=1)',), ('              Hash Cond: (p.id_project = ta.project_id)',), ('              Buffers: shared hit=1400',), ('              ->  Seq Scan on project p  (cost=0.00..734.00 rows=40000 width=40) (actual time=0.002..51.068 rows=40000 loops=1)',), ('                    Buffers: shared hit=334',), ('              ->  Hash  (cost=2009.66..2009.66 rows=3458 width=1153) (actual time=343.064..343.077 rows=40000 loops=1)',), ('                    Buckets: 65536 (originally 4096)  Batches: 1 (originally 1)  Memory Usage: 6157kB',), ('                    Buffers: shared hit=1066',), ('                    ->  Hash Join  (cost=1472.00..2009.66 rows=3458 width=1153) (actual time=112.189..281.603 rows=40000 loops=1)',), ('                          Hash Cond: (t.table_id = ta.id_table)',), ('                          Buffers: shared hit=1066',), ('                          ->  Seq Scan on task t  (cost=0.00..528.58 rows=3458 width=1086) (actual time=0.006..51.579 rows=40000 loops=1)',), ('                                Buffers: shared hit=494',), ('                          ->  Hash  (cost=972.00..972.00 rows=40000 width=75) (actual time=112.131..112.136 rows=40000 loops=1)',), ('                                Buckets: 65536  Batches: 1  Memory Usage: 4731kB',), ('                                Buffers: shared hit=572',), ('                                ->  Seq Scan on table_app ta  (cost=0.00..972.00 rows=40000 width=75) (actual time=0.005..53.512 rows=40000 loops=1)',), ('                                      Buffers: shared hit=572',), ('Planning:',), ('  Buffers: shared hit=27',), ('Planning Time: 0.488 ms',), ('Execution Time: 793.888 ms',)]"
40000,HASH,109656.35776519775,"[('Hash Join  (cost=3221.14..3774.21 rows=1152 width=4178) (actual time=663.785..832.562 rows=39998 loops=1)',), ('  Hash Cond: (t.table_id = ta.id_table)',), ('  Buffers: shared hit=1924',), ('  ->  Seq Scan on task t  (cost=0.00..528.58 rows=3458 width=1086) (actual time=0.007..50.947 rows=40000 loops=1)',), ('        Buffers: shared hit=494',), ('  ->  Hash  (cost=3209.23..3209.23 rows=953 width=3100) (actual time=663.767..663.789 rows=39999 loops=1)',), ('        Buckets: 65536 (originally 1024)  Batches: 1 (originally 1)  Memory Usage: 6919kB',), ('        Buffers: shared hit=1430',), ('        ->  Hash Join  (cost=2588.37..3209.23 rows=953 width=3100) (actual time=433.613..603.182 rows=39999 loops=1)',), ('              Hash Cond: (ta.project_id = p.id_project)',), ('              Buffers: shared hit=1430',), ('              ->  Seq Scan on table_app ta  (cost=0.00..600.60 rows=2860 width=1040) (actual time=0.004..51.676 rows=40000 loops=1)',), ('                    Buffers: shared hit=572',), ('              ->  Hash  (cost=2578.63..2578.63 rows=779 width=2068) (actual time=433.600..433.613 rows=39999 loops=1)',), ('                    Buckets: 65536 (originally 1024)  Batches: 1 (originally 1)  Memory Usage: 4419kB',), ('                    Buffers: shared hit=858',), ('                    ->  Merge Join  (cost=488.49..2578.63 rows=779 width=2068) (actual time=111.514..376.083 rows=39999 loops=1)',), ('                          Merge Cond: (ua.id_user = p.user_id)',), ('                          Buffers: shared hit=858',), ('                          ->  Index Scan using user_app_pkey on user_app ua  (cost=0.29..2037.62 rows=13333 width=1036) (actual time=0.015..53.923 rows=39998 loops=1)',), ('                                Index Cond: (id_user > 1)',), ('                                Buffers: shared hit=524',), ('                          ->  Sort  (cost=488.20..494.05 rows=2338 width=1040) (actual time=111.486..164.889 rows=40000 loops=1)',), ('                                Sort Key: p.user_id',), ('                                Sort Method: quicksort  Memory: 4071kB',), ('                                Buffers: shared hit=334',), ('                                ->  Seq Scan on project p  (cost=0.00..357.38 rows=2338 width=1040) (actual time=0.004..51.981 rows=40000 loops=1)',), ('                                      Buffers: shared hit=334',), ('Planning Time: 0.266 ms',), ('Execution Time: 884.389 ms',)]"
50000,No Index,150580.54208755493,"[('Hash Join  (cost=1798.81..2490.72 rows=1442 width=4178) (actual time=705.688..935.571 rows=50000 loops=1)',), ('  Hash Cond: (t.table_id = ta.id_table)',), ('  Buffers: shared hit=2266, temp read=731 written=731',), ('  ->  Seq Scan on task t  (cost=0.00..661.26 rows=4326 width=1086) (actual time=0.013..63.565 rows=50000 loops=1)',), ('        Buffers: shared hit=618',), ('  ->  Hash  (cost=1783.91..1783.91 rows=1192 width=3100) (actual time=705.662..705.684 rows=50000 loops=1)',), ('        Buckets: 65536 (originally 2048)  Batches: 2 (originally 1)  Memory Usage: 7681kB',), ('        Buffers: shared hit=1648, temp written=462',), ('        ->  Hash Join  (cost=1007.84..1783.91 rows=1192 width=3100) (actual time=411.909..624.721 rows=50000 loops=1)',), ('              Hash Cond: (ta.project_id = p.id_project)',), ('              Buffers: shared hit=1648',), ('              ->  Seq Scan on table_app ta  (cost=0.00..750.75 rows=3575 width=1040) (actual time=0.007..64.343 rows=50000 loops=1)',), ('                    Buffers: shared hit=715',), ('              ->  Hash  (cost=995.67..995.67 rows=973 width=2068) (actual time=411.891..411.904 rows=50000 loops=1)',), ('                    Buckets: 65536 (originally 1024)  Batches: 1 (originally 1)  Memory Usage: 5395kB',), ('                    Buffers: shared hit=933',), ('                    ->  Hash Join  (cost=541.80..995.67 rows=973 width=2068) (actual time=134.140..339.659 rows=50000 loops=1)',), ('                          Hash Cond: (p.user_id = ua.id_user)',), ('                          Buffers: shared hit=933',), ('                          ->  Seq Scan on project p  (cost=0.00..446.19 rows=2919 width=1040) (actual time=0.008..63.083 rows=50000 loops=1)',), ('                                Buffers: shared hit=417',), ('                          ->  Hash  (cost=535.35..535.35 rows=516 width=1036) (actual time=134.118..134.122 rows=49999 loops=1)',), ('                                Buckets: 65536 (originally 1024)  Batches: 1 (originally 1)  Memory Usage: 3833kB',), ('                                Buffers: shared hit=516',), ('                                ->  Seq Scan on user_app ua  (cost=0.00..535.35 rows=516 width=1036) (actual time=0.011..66.479 rows=49999 loops=1)',), ('                                      Filter: (id_user > 1)',), ('                                      Rows Removed by Filter: 1',), ('                                      Buffers: shared hit=516',), ('Planning Time: 0.333 ms',), ('Execution Time: 998.593 ms',)]"
50000,BTREE,197571.2490081787,"[('Hash Join  (cost=3642.40..4363.14 rows=4326 width=2175) (actual time=765.682..990.113 rows=50000 loops=1)',), ('  Hash Cond: (t.table_id = ta.id_table)',), ('  Buffers: shared hit=151750, temp read=731 written=731',), ('  ->  Seq Scan on task t  (cost=0.00..661.26 rows=4326 width=1086) (actual time=0.007..63.457 rows=50000 loops=1)',), ('        Buffers: shared hit=618',), ('  ->  Hash  (cost=3597.71..3597.71 rows=3575 width=1097) (actual time=765.653..765.671 rows=50000 loops=1)',), ('        Buckets: 65536 (originally 4096)  Batches: 2 (originally 1)  Memory Usage: 7681kB',), ('        Buffers: shared hit=151132, temp written=462',), ('        ->  Nested Loop  (cost=1542.29..3597.71 rows=3575 width=1097) (actual time=136.838..681.976 rows=50000 loops=1)',), ('              Buffers: shared hit=151132',), ('              ->  Hash Join  (cost=1542.00..2302.13 rows=3575 width=1072) (actual time=136.807..347.771 rows=50000 loops=1)',), ('                    Hash Cond: (ta.project_id = p.id_project)',), ('                    Buffers: shared hit=1132',), ('                    ->  Seq Scan on table_app ta  (cost=0.00..750.75 rows=3575 width=1040) (actual time=0.003..63.940 rows=50000 loops=1)',), ('                          Buffers: shared hit=715',), ('                    ->  Hash  (cost=917.00..917.00 rows=50000 width=40) (actual time=136.615..136.619 rows=50000 loops=1)',), ('                          Buckets: 65536  Batches: 1  Memory Usage: 4028kB',), ('                          Buffers: shared hit=417',), ('                          ->  Seq Scan on project p  (cost=0.00..917.00 rows=50000 width=40) (actual time=0.005..65.006 rows=50000 loops=1)',), ('                                Buffers: shared hit=417',), ('              ->  Index Scan using idx_user_id_btree on user_app ua  (cost=0.29..0.36 rows=1 width=33) (actual time=0.003..0.003 rows=1 loops=50000)',), ('                    Index Cond: ((id_user = p.user_id) AND (id_user > 1))',), ('                    Buffers: shared hit=150000',), ('Planning:',), ('  Buffers: shared hit=15',), ('Planning Time: 0.239 ms',), ('Execution Time: 1053.525 ms',)]"
50000,HASH,166436.870098114,"[('Nested Loop  (cost=2337.44..3375.81 rows=4326 width=2175) (actual time=274.659..946.506 rows=50000 loops=1)',), ('  Buffers: shared hit=101751',), ('  ->  Hash Join  (cost=2337.44..3021.42 rows=4326 width=2150) (actual time=274.642..632.947 rows=50000 loops=1)',), ('        Hash Cond: (ta.project_id = p.id_project)',), ('        Buffers: shared hit=1750',), ('        ->  Hash Join  (cost=795.44..1468.06 rows=4326 width=2118) (actual time=138.255..352.528 rows=50000 loops=1)',), ('              Hash Cond: (t.table_id = ta.id_table)',), ('              Buffers: shared hit=1333',), ('              ->  Seq Scan on task t  (cost=0.00..661.26 rows=4326 width=1086) (actual time=0.006..63.466 rows=50000 loops=1)',), ('                    Buffers: shared hit=618',), ('              ->  Hash  (cost=750.75..750.75 rows=3575 width=1040) (actual time=138.235..138.239 rows=50000 loops=1)',), ('                    Buckets: 65536 (originally 4096)  Batches: 1 (originally 1)  Memory Usage: 5786kB',), ('                    Buffers: shared hit=715',), ('                    ->  Seq Scan on table_app ta  (cost=0.00..750.75 rows=3575 width=1040) (actual time=0.006..66.600 rows=50000 loops=1)',), ('                          Buffers: shared hit=715',), ('        ->  Hash  (cost=917.00..917.00 rows=50000 width=40) (actual time=136.126..136.129 rows=50000 loops=1)',), ('              Buckets: 65536  Batches: 1  Memory Usage: 4028kB',), ('              Buffers: shared hit=417',), ('              ->  Seq Scan on project p  (cost=0.00..917.00 rows=50000 width=40) (actual time=0.009..64.960 rows=50000 loops=1)',), ('                    Buffers: shared hit=417',), ('  ->  Index Scan using idx_user_id_hash on user_app ua  (cost=0.00..0.08 rows=1 width=33) (actual time=0.002..0.002 rows=1 loops=50000)',), ('        Index Cond: (id_user = p.user_id)',), ('        Rows Removed by Index Recheck: 0',), ('        Filter: (id_user > 1)',), ('        Buffers: shared hit=100001',), ('Planning:',), ('  Buffers: shared hit=15',), ('Planning Time: 0.336 ms',), ('Execution Time: 1009.891 ms',)]"
60000,No Index,237866.57571792603,"[('Nested Loop  (cost=3079.61..6560.62 rows=5187 width=1210) (actual time=520.216..1188.823 rows=59999 loops=1)',), ('  Buffers: shared hit=182096, temp read=706 written=706',), ('  ->  Hash Join  (cost=3079.32..4681.19 rows=5187 width=1185) (actual time=520.196..796.080 rows=60000 loops=1)',), ('        Hash Cond: (p.id_project = ta.project_id)',), ('        Buffers: shared hit=2099, temp read=706 written=706',), ('        ->  Seq Scan on project p  (cost=0.00..1100.00 rows=60000 width=40) (actual time=0.004..75.760 rows=60000 loops=1)',), ('              Buffers: shared hit=500',), ('        ->  Hash  (cost=3014.49..3014.49 rows=5187 width=1153) (actual time=520.122..520.139 rows=60000 loops=1)',), ('              Buckets: 65536 (originally 8192)  Batches: 2 (originally 1)  Memory Usage: 7681kB',), ('              Buffers: shared hit=1599, temp written=485',), ('              ->  Hash Join  (cost=2208.00..3014.49 rows=5187 width=1153) (actual time=168.734..423.730 rows=60000 loops=1)',), ('                    Hash Cond: (t.table_id = ta.id_table)',), ('                    Buffers: shared hit=1599',), ('                    ->  Seq Scan on task t  (cost=0.00..792.87 rows=5187 width=1086) (actual time=0.004..77.293 rows=60000 loops=1)',), ('                          Buffers: shared hit=741',), ('                    ->  Hash  (cost=1458.00..1458.00 rows=60000 width=75) (actual time=168.535..168.542 rows=60000 loops=1)',), ('                          Buckets: 65536  Batches: 1  Memory Usage: 6841kB',), ('                          Buffers: shared hit=858',), ('                          ->  Seq Scan on table_app ta  (cost=0.00..1458.00 rows=60000 width=75) (actual time=0.005..79.879 rows=60000 loops=1)',), ('                                Buffers: shared hit=858',), ('  ->  Index Scan using user_app_pkey on user_app ua  (cost=0.29..0.36 rows=1 width=33) (actual time=0.003..0.003 rows=1 loops=60000)',), ('        Index Cond: ((id_user = p.user_id) AND (id_user > 2))',), ('        Buffers: shared hit=179997',), ('Planning:',), ('  Buffers: shared hit=27',), ('Planning Time: 0.439 ms',), ('Execution Time: 1265.289 ms',)]"
60000,BTREE,240912.18948364258,"[('Hash Join  (cost=4370.20..5234.39 rows=5187 width=2175) (actual time=923.952..1194.833 rows=59999 loops=1)',), ('  Hash Cond: (t.table_id = ta.id_table)',), ('  Buffers: shared hit=182096, temp read=877 written=877',), ('  ->  Seq Scan on task t  (cost=0.00..792.87 rows=5187 width=1086) (actual time=0.011..76.463 rows=60000 loops=1)',), ('        Buffers: shared hit=741',), ('  ->  Hash  (cost=4316.57..4316.57 rows=4290 width=1097) (actual time=923.882..923.899 rows=59999 loops=1)',), ('        Buckets: 65536 (originally 8192)  Batches: 2 (originally 1)  Memory Usage: 7681kB',), ('        Buffers: shared hit=181355, temp written=556',), ('        ->  Nested Loop  (cost=1850.29..4316.57 rows=4290 width=1097) (actual time=162.202..822.663 rows=59999 loops=1)',), ('              Buffers: shared hit=181355',), ('              ->  Hash Join  (cost=1850.00..2762.16 rows=4290 width=1072) (actual time=162.176..416.028 rows=60000 loops=1)',), ('                    Hash Cond: (ta.project_id = p.id_project)',), ('                    Buffers: shared hit=1358',), ('                    ->  Seq Scan on table_app ta  (cost=0.00..900.90 rows=4290 width=1040) (actual time=0.004..76.701 rows=60000 loops=1)',), ('                          Buffers: shared hit=858',), ('                    ->  Hash  (cost=1100.00..1100.00 rows=60000 width=40) (actual time=161.973..161.977 rows=60000 loops=1)',), ('                          Buckets: 65536  Batches: 1  Memory Usage: 4731kB',), ('                          Buffers: shared hit=500',), ('                          ->  Seq Scan on project p  (cost=0.00..1100.00 rows=60000 width=40) (actual time=0.005..77.514 rows=60000 loops=1)',), ('                                Buffers: shared hit=500',), ('              ->  Index Scan using idx_user_id_btree on user_app ua  (cost=0.29..0.36 rows=1 width=33) (actual time=0.003..0.003 rows=1 loops=60000)',), ('                    Index Cond: ((id_user = p.user_id) AND (id_user > 2))',), ('                    Buffers: shared hit=179997',), ('Planning:',), ('  Buffers: shared hit=15',), ('Planning Time: 0.669 ms',), ('Execution Time: 1271.344 ms',)]"
60000,HASH,154057.30485916138,"[('Hash Join  (cost=3652.25..4485.99 rows=5187 width=3175) (actual time=494.660..1099.057 rows=59999 loops=1)',), ('  Hash Cond: (p.user_id = ua.id_user)',), ('  Buffers: shared hit=2718',), ('  ->  Hash Join  (cost=1533.28..2353.40 rows=5187 width=3150) (actual time=329.720..759.950 rows=60000 loops=1)',), ('        Hash Cond: (ta.project_id = p.id_project)',), ('        Buffers: shared hit=2099',), ('        ->  Hash Join  (cost=954.52..1761.02 rows=5187 width=2118) (actual time=166.121..421.987 rows=60000 loops=1)',), ('              Hash Cond: (t.table_id = ta.id_table)',), ('              Buffers: shared hit=1599',), ('              ->  Seq Scan on task t  (cost=0.00..792.87 rows=5187 width=1086) (actual time=0.010..75.331 rows=60000 loops=1)',), ('                    Buffers: shared hit=741',), ('              ->  Hash  (cost=900.90..900.90 rows=4290 width=1040) (actual time=166.057..166.062 rows=60000 loops=1)',), ('                    Buckets: 65536 (originally 8192)  Batches: 1 (originally 1)  Memory Usage: 6841kB',), ('                    Buffers: shared hit=858',), ('                    ->  Seq Scan on table_app ta  (cost=0.00..900.90 rows=4290 width=1040) (actual time=0.007..80.492 rows=60000 loops=1)',), ('                          Buffers: shared hit=858',), ('        ->  Hash  (cost=535.00..535.00 rows=3500 width=1040) (actual time=163.564..163.567 rows=60000 loops=1)',), ('              Buckets: 65536 (originally 4096)  Batches: 1 (originally 1)  Memory Usage: 4731kB',), ('              Buffers: shared hit=500',), ('              ->  Seq Scan on project p  (cost=0.00..535.00 rows=3500 width=1040) (actual time=0.008..79.245 rows=60000 loops=1)',), ('                    Buffers: shared hit=500',), ('  ->  Hash  (cost=1369.00..1369.00 rows=59998 width=33) (actual time=164.769..164.773 rows=59998 loops=1)',), ('        Buckets: 65536  Batches: 1  Memory Usage: 4497kB',), ('        Buffers: shared hit=619',), ('        ->  Seq Scan on user_app ua  (cost=0.00..1369.00 rows=59998 width=33) (actual time=0.008..80.449 rows=59998 loops=1)',), ('              Filter: (id_user > 2)',), ('              Rows Removed by Filter: 2',), ('              Buffers: shared hit=619',), ('Planning:',), ('  Buffers: shared hit=3',), ('Planning Time: 0.320 ms',), ('Execution Time: 1175.927 ms',)]"
70000,No Index,203663.33961486816,"[('Hash Join  (cost=4260.47..5233.72 rows=6055 width=3175) (actual time=584.211..1303.677 rows=70000 loops=1)',), ('  Hash Cond: (p.user_id = ua.id_user)',), ('  Buffers: shared hit=3171, temp read=789 written=789',), ('  ->  Hash Join  (cost=1788.48..2745.84 rows=6055 width=3150) (actual time=389.023..907.477 rows=70000 loops=1)',), ('        Hash Cond: (ta.project_id = p.id_project)',), ('        Buffers: shared hit=2449, temp read=789 written=789',), ('        ->  Hash Join  (cost=1112.50..2053.96 rows=6055 width=2118) (actual time=198.394..515.302 rows=70000 loops=1)',), ('              Hash Cond: (t.table_id = ta.id_table)',), ('              Buffers: shared hit=1865, temp read=789 written=789',), ('              ->  Seq Scan on task t  (cost=0.00..925.55 rows=6055 width=1086) (actual time=0.015..88.781 rows=70000 loops=1)',), ('                    Buffers: shared hit=865',), ('              ->  Hash  (cost=1050.00..1050.00 rows=5000 width=1040) (actual time=198.308..198.313 rows=70000 loops=1)',), ('                    Buckets: 131072 (originally 8192)  Batches: 2 (originally 1)  Memory Usage: 7169kB',), ('                    Buffers: shared hit=1000, temp written=410',), ('                    ->  Seq Scan on table_app ta  (cost=0.00..1050.00 rows=5000 width=1040) (actual time=0.008..92.984 rows=70000 loops=1)',), ('                          Buffers: shared hit=1000',), ('        ->  Hash  (cost=624.88..624.88 rows=4088 width=1040) (actual time=190.596..190.600 rows=70000 loops=1)',), ('              Buckets: 131072 (originally 4096)  Batches: 1 (originally 1)  Memory Usage: 5946kB',), ('              Buffers: shared hit=584',), ('              ->  Seq Scan on project p  (cost=0.00..624.88 rows=4088 width=1040) (actual time=0.007..91.735 rows=70000 loops=1)',), ('                    Buffers: shared hit=584',), ('  ->  Hash  (cost=1597.00..1597.00 rows=69999 width=33) (actual time=194.198..194.202 rows=69999 loops=1)',), ('        Buckets: 131072  Batches: 1  Memory Usage: 5673kB',), ('        Buffers: shared hit=722',), ('        ->  Seq Scan on user_app ua  (cost=0.00..1597.00 rows=69999 width=33) (actual time=0.013..93.854 rows=69999 loops=1)',), ('              Filter: (id_user > 1)',), ('              Rows Removed by Filter: 1',), ('              Buffers: shared hit=722',), ('Planning:',), ('  Buffers: shared hit=3',), ('Planning Time: 0.379 ms',), ('Execution Time: 1393.058 ms',)]"
70000,BTREE,199475.99411010742,"[('Hash Join  (cost=6689.68..7658.12 rows=2019 width=4178) (actual time=1089.881..1418.652 rows=70000 loops=1)',), ('  Hash Cond: (t.table_id = ta.id_table)',), ('  Buffers: shared hit=212449, temp read=1027 written=1027',), ('  ->  Seq Scan on task t  (cost=0.00..925.55 rows=6055 width=1086) (actual time=0.007..92.949 rows=70000 loops=1)',), ('        Buffers: shared hit=865',), ('  ->  Hash  (cost=6668.84..6668.84 rows=1667 width=3100) (actual time=1089.804..1089.821 rows=70000 loops=1)',), ('        Buckets: 65536 (originally 2048)  Batches: 2 (originally 1)  Memory Usage: 7681kB',), ('        Buffers: shared hit=211584, temp written=648',), ('        ->  Hash Join  (cost=5583.42..6668.84 rows=1667 width=3100) (actual time=674.544..976.084 rows=70000 loops=1)',), ('              Hash Cond: (ta.project_id = p.id_project)',), ('              Buffers: shared hit=211584',), ('              ->  Seq Scan on table_app ta  (cost=0.00..1050.00 rows=5000 width=1040) (actual time=0.004..91.096 rows=70000 loops=1)',), ('                    Buffers: shared hit=1000',), ('              ->  Hash  (cost=5566.38..5566.38 rows=1363 width=2068) (actual time=674.527..674.537 rows=70000 loops=1)',), ('                    Buckets: 131072 (originally 2048)  Batches: 1 (originally 1)  Memory Usage: 7860kB',), ('                    Buffers: shared hit=210584',), ('                    ->  Nested Loop  (cost=0.29..5566.38 rows=1363 width=2068) (actual time=0.023..569.186 rows=70000 loops=1)',), ('                          Buffers: shared hit=210584',), ('                          ->  Seq Scan on project p  (cost=0.00..624.88 rows=4088 width=1040) (actual time=0.004..90.356 rows=70000 loops=1)',), ('                                Buffers: shared hit=584',), ('                          ->  Index Scan using idx_user_id_btree on user_app ua  (cost=0.29..1.21 rows=1 width=1036) (actual time=0.003..0.003 rows=1 loops=70000)',), ('                                Index Cond: ((id_user = p.user_id) AND (id_user > 1))',), ('                                Buffers: shared hit=210000',), ('Planning Time: 0.156 ms',), ('Execution Time: 1510.189 ms',)]"
70000,HASH,263346.20475769043,"[('Nested Loop  (cost=7014.13..9431.36 rows=6055 width=1210) (actual time=614.109..1351.672 rows=70000 loops=1)',), ('  Buffers: shared hit=142452, temp read=1512 written=1512',), ('  ->  Hash Join  (cost=7014.13..8971.18 rows=6055 width=1185) (actual time=614.091..928.562 rows=70000 loops=1)',), ('        Hash Cond: (p.id_project = ta.project_id)',), ('        Buffers: shared hit=2449, temp read=1512 written=1512',), ('        ->  Seq Scan on project p  (cost=0.00..1284.00 rows=70000 width=40) (actual time=0.008..87.995 rows=70000 loops=1)',), ('              Buffers: shared hit=584',), ('        ->  Hash  (cost=6938.44..6938.44 rows=6055 width=1153) (actual time=614.022..614.034 rows=70000 loops=1)',), ('              Buckets: 65536 (originally 8192)  Batches: 2 (originally 1)  Memory Usage: 7681kB',), ('              Buffers: shared hit=1865, temp read=695 written=1254',), ('              ->  Hash Join  (cost=3464.00..6938.44 rows=6055 width=1153) (actual time=194.510..501.929 rows=70000 loops=1)',), ('                    Hash Cond: (t.table_id = ta.id_table)',), ('                    Buffers: shared hit=1865, temp read=695 written=695',), ('                    ->  Seq Scan on task t  (cost=0.00..925.55 rows=6055 width=1086) (actual time=0.010..93.789 rows=70000 loops=1)',), ('                          Buffers: shared hit=865',), ('                    ->  Hash  (cost=1700.00..1700.00 rows=70000 width=75) (actual time=194.412..194.416 rows=70000 loops=1)',), ('                          Buckets: 131072  Batches: 2  Memory Usage: 4714kB',), ('                          Buffers: shared hit=1000, temp written=410',), ('                          ->  Seq Scan on table_app ta  (cost=0.00..1700.00 rows=70000 width=75) (actual time=0.006..92.042 rows=70000 loops=1)',), ('                                Buffers: shared hit=1000',), ('  ->  Index Scan using idx_user_id_hash on user_app ua  (cost=0.00..0.08 rows=1 width=33) (actual time=0.002..0.002 rows=1 loops=70000)',), ('        Index Cond: (id_user = p.user_id)',), ('        Rows Removed by Index Recheck: 0',), ('        Filter: (id_user > 1)',), ('        Buffers: shared hit=140003',), ('Planning:',), ('  Buffers: shared hit=27',), ('Planning Time: 0.594 ms',), ('Execution Time: 1438.803 ms',)]"
80000,No Index,243089.6234512329,"[('Hash Join  (cost=4868.62..5980.26 rows=6916 width=3175) (actual time=663.495..1480.960 rows=80000 loops=1)',), ('  Hash Cond: (p.user_id = ua.id_user)',), ('  Buffers: shared hit=3623, temp read=898 written=898',), ('  ->  Hash Join  (cost=2043.64..3137.13 rows=6916 width=3150) (actual time=442.885..1031.695 rows=80000 loops=1)',), ('        Hash Cond: (ta.project_id = p.id_project)',), ('        Buffers: shared hit=2798, temp read=898 written=898',), ('        ->  Hash Join  (cost=1271.59..2346.91 rows=6916 width=2118) (actual time=227.104..586.828 rows=80000 loops=1)',), ('              Hash Cond: (t.table_id = ta.id_table)',), ('              Buffers: shared hit=2131, temp read=898 written=898',), ('              ->  Seq Scan on task t  (cost=0.00..1057.16 rows=6916 width=1086) (actual time=0.012..101.190 rows=80000 loops=1)',), ('                    Buffers: shared hit=988',), ('              ->  Hash  (cost=1200.15..1200.15 rows=5715 width=1040) (actual time=227.073..227.077 rows=80000 loops=1)',), ('                    Buckets: 131072 (originally 8192)  Batches: 2 (originally 1)  Memory Usage: 7169kB',), ('                    Buffers: shared hit=1143, temp written=468',), ('                    ->  Seq Scan on table_app ta  (cost=0.00..1200.15 rows=5715 width=1040) (actual time=0.006..106.424 rows=80000 loops=1)',), ('                          Buffers: shared hit=1143',), ('        ->  Hash  (cost=713.69..713.69 rows=4669 width=1040) (actual time=215.730..215.735 rows=80000 loops=1)',), ('              Buckets: 131072 (originally 8192)  Batches: 1 (originally 1)  Memory Usage: 6649kB',), ('              Buffers: shared hit=667',), ('              ->  Seq Scan on project p  (cost=0.00..713.69 rows=4669 width=1040) (actual time=0.007..103.648 rows=80000 loops=1)',), ('                    Buffers: shared hit=667',), ('  ->  Hash  (cost=1825.00..1825.00 rows=79998 width=33) (actual time=220.193..220.197 rows=79998 loops=1)',), ('        Buckets: 131072  Batches: 1  Memory Usage: 6337kB',), ('        Buffers: shared hit=825',), ('        ->  Seq Scan on user_app ua  (cost=0.00..1825.00 rows=79998 width=33) (actual time=0.008..106.382 rows=79998 loops=1)',), ('              Filter: (id_user > 2)',), ('              Rows Removed by Filter: 2',), ('              Buffers: shared hit=825',), ('Planning:',), ('  Buffers: shared hit=3',), ('Planning Time: 0.190 ms',), ('Execution Time: 1582.541 ms',)]"
80000,BTREE,222833.4140777588,"[('Hash Join  (cost=7235.21..8341.36 rows=2305 width=4178) (actual time=869.546..1229.232 rows=80000 loops=1)',), ('  Hash Cond: (t.table_id = ta.id_table)',), ('  Buffers: shared hit=243515, temp read=1173 written=1173',), ('  ->  Seq Scan on task t  (cost=0.00..1057.16 rows=6916 width=1086) (actual time=0.012..101.062 rows=80000 loops=1)',), ('        Buffers: shared hit=988',), ('  ->  Hash  (cost=7211.40..7211.40 rows=1905 width=3100) (actual time=869.485..869.585 rows=80000 loops=1)',), ('        Buckets: 65536 (originally 2048)  Batches: 2 (originally 1)  Memory Usage: 7681kB',), ('        Buffers: shared hit=242527, temp written=741',), ('        ->  Gather  (cost=1772.35..7211.40 rows=1905 width=3100) (actual time=226.446..737.769 rows=80000 loops=1)',), ('              Workers Planned: 1',), ('              Workers Launched: 1',), ('              Buffers: shared hit=242527',), ('              ->  Nested Loop  (cost=772.35..6020.90 rows=1121 width=3100) (actual time=226.295..683.950 rows=40000 loops=2)',), ('                    Buffers: shared hit=242527',), ('                    ->  Hash Join  (cost=772.05..1957.51 rows=3362 width=2072) (actual time=226.248..400.095 rows=40000 loops=2)',), ('                          Hash Cond: (ta.project_id = p.id_project)',), ('                          Buffers: shared hit=2526',), ('                          ->  Parallel Seq Scan on table_app ta  (cost=0.00..1176.62 rows=3362 width=1040) (actual time=0.006..56.943 rows=40000 loops=2)',), ('                                Buffers: shared hit=1143',), ('                          ->  Hash  (cost=713.69..713.69 rows=4669 width=1040) (actual time=226.184..226.189 rows=80000 loops=2)',), ('                                Buckets: 131072 (originally 8192)  Batches: 1 (originally 1)  Memory Usage: 6649kB',), ('                                Buffers: shared hit=1334',), ('                                ->  Seq Scan on project p  (cost=0.00..713.69 rows=4669 width=1040) (actual time=0.010..110.485 rows=80000 loops=2)',), ('                                      Buffers: shared hit=1334',), ('                    ->  Index Scan using idx_user_id_btree on user_app ua  (cost=0.29..1.21 rows=1 width=1036) (actual time=0.003..0.003 rows=1 loops=80000)',), ('                          Index Cond: ((id_user = p.user_id) AND (id_user > 2))',), ('                          Buffers: shared hit=240001',), ('Planning Time: 0.393 ms',), ('Execution Time: 1330.449 ms',)]"
80000,HASH,306325.75035095215,"[('Nested Loop  (cost=3738.59..5433.41 rows=6916 width=2175) (actual time=438.111..1542.650 rows=80000 loops=1)',), ('  Buffers: shared hit=162804, temp read=898 written=898',), ('  ->  Hash Join  (cost=3738.59..4832.07 rows=6916 width=2150) (actual time=438.092..1031.502 rows=80000 loops=1)',), ('        Hash Cond: (ta.project_id = p.id_project)',), ('        Buffers: shared hit=2798, temp read=898 written=898',), ('        ->  Hash Join  (cost=1271.59..2346.91 rows=6916 width=2118) (actual time=219.962..582.612 rows=80000 loops=1)',), ('              Hash Cond: (t.table_id = ta.id_table)',), ('              Buffers: shared hit=2131, temp read=898 written=898',), ('              ->  Seq Scan on task t  (cost=0.00..1057.16 rows=6916 width=1086) (actual time=0.011..101.464 rows=80000 loops=1)',), ('                    Buffers: shared hit=988',), ('              ->  Hash  (cost=1200.15..1200.15 rows=5715 width=1040) (actual time=219.934..219.939 rows=80000 loops=1)',), ('                    Buckets: 131072 (originally 8192)  Batches: 2 (originally 1)  Memory Usage: 7169kB',), ('                    Buffers: shared hit=1143, temp written=468',), ('                    ->  Seq Scan on table_app ta  (cost=0.00..1200.15 rows=5715 width=1040) (actual time=0.009..104.684 rows=80000 loops=1)',), ('                          Buffers: shared hit=1143',), ('        ->  Hash  (cost=1467.00..1467.00 rows=80000 width=40) (actual time=218.048..218.052 rows=80000 loops=1)',), ('              Buckets: 131072  Batches: 1  Memory Usage: 6649kB',), ('              Buffers: shared hit=667',), ('              ->  Seq Scan on project p  (cost=0.00..1467.00 rows=80000 width=40) (actual time=0.006..103.569 rows=80000 loops=1)',), ('                    Buffers: shared hit=667',), ('  ->  Index Scan using idx_user_id_hash on user_app ua  (cost=0.00..0.09 rows=1 width=33) (actual time=0.002..0.002 rows=1 loops=80000)',), ('        Index Cond: (id_user = p.user_id)',), ('        Rows Removed by Index Recheck: 0',), ('        Filter: (id_user > 2)',), ('        Buffers: shared hit=160006',), ('Planning:',), ('  Buffers: shared hit=15',), ('Planning Time: 0.547 ms',), ('Execution Time: 1642.357 ms',)]"
90000,No Index,264335.2007865906,"[('Hash Join  (cost=3235.21..4480.18 rows=2594 width=4178) (actual time=1283.404..1683.633 rows=90000 loops=1)',), ('  Hash Cond: (t.table_id = ta.id_table)',), ('  Buffers: shared hit=4076, temp read=2388 written=2388',), ('  ->  Seq Scan on task t  (cost=0.00..1189.84 rows=7784 width=1086) (actual time=0.012..113.247 rows=90000 loops=1)',), ('        Buffers: shared hit=1112',), ('  ->  Hash  (cost=3208.42..3208.42 rows=2143 width=3100) (actual time=1283.343..1283.364 rows=90000 loops=1)',), ('        Buckets: 65536 (originally 4096)  Batches: 2 (originally 1)  Memory Usage: 7717kB',), ('        Buffers: shared hit=2964, temp read=1067 written=1902',), ('        ->  Hash Join  (cost=1812.58..3208.42 rows=2143 width=3100) (actual time=746.280..1142.736 rows=90000 loops=1)',), ('              Hash Cond: (ta.project_id = p.id_project)',), ('              Buffers: shared hit=2964, temp read=1067 written=1067',), ('              ->  Seq Scan on table_app ta  (cost=0.00..1350.30 rows=6430 width=1040) (actual time=0.007..114.322 rows=90000 loops=1)',), ('                    Buffers: shared hit=1286',), ('              ->  Hash  (cost=1790.70..1790.70 rows=1750 width=2068) (actual time=746.263..746.277 rows=90000 loops=1)',), ('                    Buckets: 131072 (originally 2048)  Batches: 2 (originally 1)  Memory Usage: 7169kB',), ('                    Buffers: shared hit=1678, temp written=483',), ('                    ->  Hash Join  (cost=974.40..1790.70 rows=1750 width=2068) (actual time=239.976..612.465 rows=90000 loops=1)',), ('                          Hash Cond: (p.user_id = ua.id_user)',), ('                          Buffers: shared hit=1678',), ('                          ->  Seq Scan on project p  (cost=0.00..802.50 rows=5250 width=1040) (actual time=0.007..113.643 rows=90000 loops=1)',), ('                                Buffers: shared hit=750',), ('                          ->  Hash  (cost=962.80..962.80 rows=928 width=1036) (actual time=239.954..239.959 rows=89999 loops=1)',), ('                                Buckets: 131072 (originally 1024)  Batches: 1 (originally 1)  Memory Usage: 7001kB',), ('                                Buffers: shared hit=928',), ('                                ->  Seq Scan on user_app ua  (cost=0.00..962.80 rows=928 width=1036) (actual time=0.011..119.780 rows=89999 loops=1)',), ('                                      Filter: (id_user > 1)',), ('                                      Rows Removed by Filter: 1',), ('                                      Buffers: shared hit=928',), ('Planning Time: 0.375 ms',), ('Execution Time: 1797.427 ms',)]"
90000,BTREE,303893.0130004883,"[('Hash Join  (cost=6568.00..7864.87 rows=7784 width=2175) (actual time=1386.261..1795.344 rows=90000 loops=1)',), ('  Hash Cond: (t.table_id = ta.id_table)',), ('  Buffers: shared hit=273148, temp read=1321 written=1321',), ('  ->  Seq Scan on task t  (cost=0.00..1189.84 rows=7784 width=1086) (actual time=0.007..114.336 rows=90000 loops=1)',), ('        Buffers: shared hit=1112',), ('  ->  Hash  (cost=6487.63..6487.63 rows=6430 width=1097) (actual time=1386.195..1386.213 rows=90000 loops=1)',), ('        Buckets: 65536 (originally 8192)  Batches: 2 (originally 1)  Memory Usage: 7717kB',), ('        Buffers: shared hit=272036, temp written=835',), ('        ->  Nested Loop  (cost=2775.29..6487.63 rows=6430 width=1097) (actual time=243.030..1236.292 rows=90000 loops=1)',), ('              Buffers: shared hit=272036',), ('              ->  Hash Join  (cost=2775.00..4142.18 rows=6430 width=1072) (actual time=243.011..628.476 rows=90000 loops=1)',), ('                    Hash Cond: (ta.project_id = p.id_project)',), ('                    Buffers: shared hit=2036',), ('                    ->  Seq Scan on table_app ta  (cost=0.00..1350.30 rows=6430 width=1040) (actual time=0.004..114.517 rows=90000 loops=1)',), ('                          Buffers: shared hit=1286',), ('                    ->  Hash  (cost=1650.00..1650.00 rows=90000 width=40) (actual time=242.934..242.939 rows=90000 loops=1)',), ('                          Buckets: 131072  Batches: 1  Memory Usage: 7353kB',), ('                          Buffers: shared hit=750',), ('                          ->  Seq Scan on project p  (cost=0.00..1650.00 rows=90000 width=40) (actual time=0.004..118.084 rows=90000 loops=1)',), ('                                Buffers: shared hit=750',), ('              ->  Index Scan using idx_user_id_btree on user_app ua  (cost=0.29..0.36 rows=1 width=33) (actual time=0.003..0.003 rows=1 loops=90000)',), ('                    Index Cond: ((id_user = p.user_id) AND (id_user > 1))',), ('                    Buffers: shared hit=270000',), ('Planning:',), ('  Buffers: shared hit=15',), ('Planning Time: 0.425 ms',), ('Execution Time: 1909.346 ms',)]"
90000,HASH,258472.24473953247,"[('Hash Join  (cost=5476.79..6727.95 rows=7784 width=3175) (actual time=746.267..1669.318 rows=90000 loops=1)',), ('  Hash Cond: (p.user_id = ua.id_user)',), ('  Buffers: shared hit=4076, temp read=1012 written=1012',), ('  ->  Hash Join  (cost=2298.80..3529.53 rows=7784 width=3150) (actual time=501.857..1166.574 rows=90000 loops=1)',), ('        Hash Cond: (ta.project_id = p.id_project)',), ('        Buffers: shared hit=3148, temp read=1012 written=1012',), ('        ->  Hash Join  (cost=1430.67..2640.96 rows=7784 width=2118) (actual time=254.814..659.975 rows=90000 loops=1)',), ('              Hash Cond: (t.table_id = ta.id_table)',), ('              Buffers: shared hit=2398, temp read=1012 written=1012',), ('              ->  Seq Scan on task t  (cost=0.00..1189.84 rows=7784 width=1086) (actual time=0.011..113.566 rows=90000 loops=1)',), ('                    Buffers: shared hit=1112',), ('              ->  Hash  (cost=1350.30..1350.30 rows=6430 width=1040) (actual time=254.783..254.788 rows=90000 loops=1)',), ('                    Buckets: 131072 (originally 8192)  Batches: 2 (originally 1)  Memory Usage: 7169kB',), ('                    Buffers: shared hit=1286, temp written=527',), ('                    ->  Seq Scan on table_app ta  (cost=0.00..1350.30 rows=6430 width=1040) (actual time=0.007..120.808 rows=90000 loops=1)',), ('                          Buffers: shared hit=1286',), ('        ->  Hash  (cost=802.50..802.50 rows=5250 width=1040) (actual time=246.992..246.996 rows=90000 loops=1)',), ('              Buckets: 131072 (originally 8192)  Batches: 1 (originally 1)  Memory Usage: 7353kB',), ('              Buffers: shared hit=750',), ('              ->  Seq Scan on project p  (cost=0.00..802.50 rows=5250 width=1040) (actual time=0.008..119.481 rows=90000 loops=1)',), ('                    Buffers: shared hit=750',), ('  ->  Hash  (cost=2053.00..2053.00 rows=89999 width=33) (actual time=244.337..244.341 rows=89999 loops=1)',), ('        Buckets: 131072  Batches: 1  Memory Usage: 7001kB',), ('        Buffers: shared hit=928',), ('        ->  Seq Scan on user_app ua  (cost=0.00..2053.00 rows=89999 width=33) (actual time=0.007..120.615 rows=89999 loops=1)',), ('              Filter: (id_user > 1)',), ('              Rows Removed by Filter: 1',), ('              Buffers: shared hit=928',), ('Planning:',), ('  Buffers: shared hit=3',), ('Planning Time: 0.191 ms',), ('Execution Time: 1784.060 ms',)]"
100000,No Index,208379.1995048523,"[('Gather  (cost=5990.50..8180.92 rows=8645 width=3175) (actual time=605.917..1188.681 rows=100000 loops=1)',), ('  Workers Planned: 1',), ('  Workers Launched: 1',), ('  Buffers: shared hit=5442',), ('  ->  Parallel Hash Join  (cost=4990.50..6316.42 rows=5085 width=3175) (actual time=603.446..1103.086 rows=50000 loops=2)',), ('        Hash Cond: (p.user_id = ua.id_user)',), ('        Buffers: shared hit=5442',), ('        ->  Hash Join  (cost=2488.92..3801.49 rows=5085 width=3150) (actual time=450.116..806.874 rows=50000 loops=2)',), ('              Hash Cond: (ta.project_id = p.id_project)',), ('              Buffers: shared hit=4332',), ('              ->  Parallel Hash Join  (cost=1523.57..2822.78 rows=5085 width=2118) (actual time=158.968..373.415 rows=50000 loops=2)',), ('                    Hash Cond: (t.table_id = ta.id_table)',), ('                    Buffers: shared hit=2664',), ('                    ->  Parallel Seq Scan on task t  (cost=0.00..1285.85 rows=5085 width=1086) (actual time=0.010..70.486 rows=50000 loops=2)',), ('                          Buffers: shared hit=1235',), ('                    ->  Parallel Hash  (cost=1471.03..1471.03 rows=4203 width=1040) (actual time=158.877..158.882 rows=50000 loops=2)',), ('                          Buckets: 131072 (originally 8192)  Batches: 1 (originally 1)  Memory Usage: 12992kB',), ('                          Buffers: shared hit=1429',), ('                          ->  Parallel Seq Scan on table_app ta  (cost=0.00..1471.03 rows=4203 width=1040) (actual time=0.016..73.456 rows=50000 loops=2)',), ('                                Buffers: shared hit=1429',), ('              ->  Hash  (cost=892.38..892.38 rows=5838 width=1040) (actual time=291.110..291.115 rows=100000 loops=2)',), ('                    Buckets: 131072 (originally 8192)  Batches: 1 (originally 1)  Memory Usage: 8056kB',), ('                    Buffers: shared hit=1668',), ('                    ->  Seq Scan on project p  (cost=0.00..892.38 rows=5838 width=1040) (actual time=0.021..143.366 rows=100000 loops=2)',), ('                          Buffers: shared hit=1668',), ('        ->  Parallel Hash  (cost=1766.29..1766.29 rows=58823 width=33) (actual time=152.306..152.311 rows=50000 loops=2)',), ('              Buckets: 131072  Batches: 1  Memory Usage: 8096kB',), ('              Buffers: shared hit=1031',), ('              ->  Parallel Seq Scan on user_app ua  (cost=0.00..1766.29 rows=58823 width=33) (actual time=0.009..73.663 rows=50000 loops=2)',), ('                    Filter: (id_user > 1)',), ('                    Rows Removed by Filter: 0',), ('                    Buffers: shared hit=1031',), ('Planning:',), ('  Buffers: shared hit=3',), ('Planning Time: 0.353 ms',), ('Execution Time: 1324.511 ms',)]"
100000,BTREE,327123.5942840576,"[('Gather  (cost=7971.47..10170.80 rows=8645 width=2175) (actual time=1075.526..1232.785 rows=100000 loops=1)',), ('  Workers Planned: 1',), ('  Workers Launched: 1',), ('  Buffers: shared hit=602715, temp read=2478 written=2496',), ('  ->  Parallel Hash Join  (cost=6971.47..8306.30 rows=5085 width=2175) (actual time=1070.528..1144.126 rows=50000 loops=2)',), ('        Hash Cond: (t.table_id = ta.id_table)',), ('        Buffers: shared hit=602715, temp read=2478 written=2496',), ('        ->  Parallel Seq Scan on task t  (cost=0.00..1285.85 rows=5085 width=1086) (actual time=0.009..71.336 rows=50000 loops=2)',), ('              Buffers: shared hit=1235',), ('        ->  Parallel Hash  (cost=6918.93..6918.93 rows=4203 width=1097) (actual time=920.087..920.103 rows=50000 loops=2)',), ('              Buckets: 65536 (originally 8192)  Batches: 4 (originally 1)  Memory Usage: 4672kB',), ('              Buffers: shared hit=601431, temp written=1408',), ('              ->  Nested Loop  (cost=0.58..6918.93 rows=4203 width=1097) (actual time=0.104..812.184 rows=50000 loops=2)',), ('                    Buffers: shared hit=601431',), ('                    ->  Nested Loop  (cost=0.29..5385.76 rows=4203 width=1072) (actual time=0.045..439.213 rows=50000 loops=2)',), ('                          Buffers: shared hit=301430',), ('                          ->  Parallel Seq Scan on table_app ta  (cost=0.00..1471.03 rows=4203 width=1040) (actual time=0.011..72.000 rows=50000 loops=2)',), ('                                Buffers: shared hit=1429',), ('                          ->  Index Scan using project_pkey on project p  (cost=0.29..0.93 rows=1 width=40) (actual time=0.003..0.003 rows=1 loops=100000)',), ('                                Index Cond: (id_project = ta.project_id)',), ('                                Buffers: shared hit=300001',), ('                    ->  Index Scan using idx_user_id_btree on user_app ua  (cost=0.29..0.36 rows=1 width=33) (actual time=0.003..0.003 rows=1 loops=100000)',), ('                          Index Cond: ((id_user = p.user_id) AND (id_user > 1))',), ('                          Buffers: shared hit=300001',), ('Planning:',), ('  Buffers: shared hit=15',), ('Planning Time: 0.447 ms',), ('Execution Time: 1370.793 ms',)]"
100000,HASH,280997.5528717041,"[('Gather  (cost=3752.83..8134.31 rows=8645 width=1210) (actual time=197.810..1433.114 rows=100000 loops=1)',), ('  Workers Planned: 1',), ('  Workers Launched: 1',), ('  Buffers: shared hit=502716',), ('  ->  Nested Loop  (cost=2752.83..6269.81 rows=5085 width=1210) (actual time=194.659..1332.945 rows=50000 loops=2)',), ('        Buffers: shared hit=502716',), ('        ->  Nested Loop  (cost=2752.83..5853.86 rows=5085 width=1185) (actual time=194.611..914.340 rows=50000 loops=2)',), ('              Buffers: shared hit=302714',), ('              ->  Parallel Hash Join  (cost=2752.54..4051.74 rows=5085 width=1153) (actual time=194.567..458.049 rows=50000 loops=2)',), ('                    Hash Cond: (t.table_id = ta.id_table)',), ('                    Buffers: shared hit=2713',), ('                    ->  Parallel Seq Scan on task t  (cost=0.00..1285.85 rows=5085 width=1086) (actual time=0.010..84.827 rows=50000 loops=2)',), ('                          Buffers: shared hit=1235',), ('                    ->  Parallel Hash  (cost=2017.24..2017.24 rows=58824 width=75) (actual time=193.173..193.178 rows=50000 loops=2)',), ('                          Buckets: 131072  Batches: 1  Memory Usage: 12032kB',), ('                          Buffers: shared hit=1429',), ('                          ->  Parallel Seq Scan on table_app ta  (cost=0.00..2017.24 rows=58824 width=75) (actual time=0.010..91.139 rows=50000 loops=2)',), ('                                Buffers: shared hit=1429',), ('              ->  Index Scan using project_pkey on project p  (cost=0.29..0.35 rows=1 width=40) (actual time=0.004..0.004 rows=1 loops=100000)',), ('                    Index Cond: (id_project = ta.project_id)',), ('                    Buffers: shared hit=300001',), ('        ->  Index Scan using idx_user_id_hash on user_app ua  (cost=0.00..0.08 rows=1 width=33) (actual time=0.003..0.003 rows=1 loops=100000)',), ('              Index Cond: (id_user = p.user_id)',), ('              Rows Removed by Index Recheck: 0',), ('              Filter: (id_user > 1)',), ('              Buffers: shared hit=200002',), ('Planning:',), ('  Buffers: shared hit=27',), ('Planning Time: 0.660 ms',), ('Execution Time: 1594.304 ms',)]"
