Number of Records,Index Type,Query Time (s),EXPLAIN Plan
1000,No Index,2755.125045776367,"[('Hash Join  (cost=39.31..53.81 rows=30 width=4178) (actual time=21.951..26.042 rows=1000 loops=1)',), ('  Hash Cond: (t.table_id = ta.id_table)',), ('  Buffers: shared hit=48',), ('  ->  Seq Scan on task t  (cost=0.00..13.91 rows=91 width=1086) (actual time=0.011..1.335 rows=1000 loops=1)',), ('        Buffers: shared hit=13',), ('  ->  Hash  (cost=38.99..38.99 rows=25 width=3100) (actual time=21.900..21.920 rows=999 loops=1)',), ('        Buckets: 1024  Batches: 1  Memory Usage: 168kB',), ('        Buffers: shared hit=35',), ('        ->  Hash Join  (cost=22.73..38.99 rows=25 width=3100) (actual time=13.241..19.346 rows=999 loops=1)',), ('              Hash Cond: (ta.project_id = p.id_project)',), ('              Buffers: shared hit=35',), ('              ->  Seq Scan on table_app ta  (cost=0.00..15.75 rows=75 width=1040) (actual time=0.007..1.916 rows=1000 loops=1)',), ('                    Buffers: shared hit=15',), ('              ->  Hash  (cost=22.44..22.44 rows=23 width=2068) (actual time=13.207..13.220 rows=999 loops=1)',), ('                    Buckets: 1024  Batches: 1  Memory Usage: 106kB',), ('                    Buffers: shared hit=20',), ('                    ->  Hash Join  (cost=11.55..22.44 rows=23 width=2068) (actual time=4.355..10.747 rows=999 loops=1)',), ('                          Hash Cond: (p.user_id = ua.id_user)',), ('                          Buffers: shared hit=20',), ('                          ->  Seq Scan on project p  (cost=0.00..10.70 rows=70 width=1040) (actual time=0.007..2.068 rows=1000 loops=1)',), ('                                Buffers: shared hit=9',), ('                          ->  Hash  (cost=11.41..11.41 rows=11 width=1036) (actual time=4.329..4.333 rows=999 loops=1)',), ('                                Buckets: 1024  Batches: 1  Memory Usage: 75kB',), ('                                Buffers: shared hit=11',), ('                                ->  Seq Scan on user_app ua  (cost=0.00..11.41 rows=11 width=1036) (actual time=0.014..2.182 rows=999 loops=1)',), ('                                      Filter: (id_user > 1)',), ('                                      Rows Removed by Filter: 1',), ('                                      Buffers: shared hit=11',), ('Planning Time: 0.326 ms',), ('Execution Time: 27.413 ms',)]"
1000,BTREE,2968.9159393310547,"[('Hash Join  (cost=43.81..68.86 rows=30 width=4178) (actual time=13.643..17.650 rows=1000 loops=1)',), ('  Hash Cond: (ua.id_user = p.user_id)',), ('  Buffers: shared hit=48',), ('  ->  Seq Scan on user_app ua  (cost=0.00..23.50 rows=333 width=1036) (actual time=0.006..1.317 rows=999 loops=1)',), ('        Filter: (id_user > 1)',), ('        Rows Removed by Filter: 1',), ('        Buffers: shared hit=11',), ('  ->  Hash  (cost=42.67..42.67 rows=91 width=3150) (actual time=13.624..13.643 rows=1000 loops=1)',), ('        Buckets: 1024  Batches: 1  Memory Usage: 180kB',), ('        Buffers: shared hit=37',), ('        ->  Hash Join  (cost=28.26..42.67 rows=91 width=3150) (actual time=5.474..12.115 rows=1000 loops=1)',), ('              Hash Cond: (ta.project_id = p.id_project)',), ('              Buffers: shared hit=37',), ('              ->  Hash Join  (cost=16.69..30.85 rows=91 width=2118) (actual time=2.763..6.735 rows=1000 loops=1)',), ('                    Hash Cond: (t.table_id = ta.id_table)',), ('                    Buffers: shared hit=28',), ('                    ->  Seq Scan on task t  (cost=0.00..13.91 rows=91 width=1086) (actual time=0.004..1.290 rows=1000 loops=1)',), ('                          Buffers: shared hit=13',), ('                    ->  Hash  (cost=15.75..15.75 rows=75 width=1040) (actual time=2.753..2.757 rows=1000 loops=1)',), ('                          Buckets: 1024  Batches: 1  Memory Usage: 114kB',), ('                          Buffers: shared hit=15',), ('                          ->  Seq Scan on table_app ta  (cost=0.00..15.75 rows=75 width=1040) (actual time=0.004..1.384 rows=1000 loops=1)',), ('                                Buffers: shared hit=15',), ('              ->  Hash  (cost=10.70..10.70 rows=70 width=1040) (actual time=2.706..2.710 rows=1000 loops=1)',), ('                    Buckets: 1024  Batches: 1  Memory Usage: 79kB',), ('                    Buffers: shared hit=9',), ('                    ->  Seq Scan on project p  (cost=0.00..10.70 rows=70 width=1040) (actual time=0.004..1.340 rows=1000 loops=1)',), ('                          Buffers: shared hit=9',), ('Planning Time: 0.141 ms',), ('Execution Time: 18.938 ms',)]"
1000,HASH,3016.5810585021973,"[('Hash Join  (cost=43.81..68.86 rows=30 width=4178) (actual time=14.621..18.684 rows=1000 loops=1)',), ('  Hash Cond: (ua.id_user = p.user_id)',), ('  Buffers: shared hit=48',), ('  ->  Seq Scan on user_app ua  (cost=0.00..23.50 rows=333 width=1036) (actual time=0.010..1.303 rows=999 loops=1)',), ('        Filter: (id_user > 1)',), ('        Rows Removed by Filter: 1',), ('        Buffers: shared hit=11',), ('  ->  Hash  (cost=42.67..42.67 rows=91 width=3150) (actual time=14.591..14.611 rows=1000 loops=1)',), ('        Buckets: 1024  Batches: 1  Memory Usage: 180kB',), ('        Buffers: shared hit=37',), ('        ->  Hash Join  (cost=28.26..42.67 rows=91 width=3150) (actual time=5.929..12.956 rows=1000 loops=1)',), ('              Hash Cond: (ta.project_id = p.id_project)',), ('              Buffers: shared hit=37',), ('              ->  Hash Join  (cost=16.69..30.85 rows=91 width=2118) (actual time=2.984..7.219 rows=1000 loops=1)',), ('                    Hash Cond: (t.table_id = ta.id_table)',), ('                    Buffers: shared hit=28',), ('                    ->  Seq Scan on task t  (cost=0.00..13.91 rows=91 width=1086) (actual time=0.007..1.348 rows=1000 loops=1)',), ('                          Buffers: shared hit=13',), ('                    ->  Hash  (cost=15.75..15.75 rows=75 width=1040) (actual time=2.963..2.967 rows=1000 loops=1)',), ('                          Buckets: 1024  Batches: 1  Memory Usage: 114kB',), ('                          Buffers: shared hit=15',), ('                          ->  Seq Scan on table_app ta  (cost=0.00..15.75 rows=75 width=1040) (actual time=0.006..1.437 rows=1000 loops=1)',), ('                                Buffers: shared hit=15',), ('              ->  Hash  (cost=10.70..10.70 rows=70 width=1040) (actual time=2.937..2.940 rows=1000 loops=1)',), ('                    Buckets: 1024  Batches: 1  Memory Usage: 79kB',), ('                    Buffers: shared hit=9',), ('                    ->  Seq Scan on project p  (cost=0.00..10.70 rows=70 width=1040) (actual time=0.005..1.435 rows=1000 loops=1)',), ('                          Buffers: shared hit=9',), ('Planning Time: 0.253 ms',), ('Execution Time: 19.935 ms',)]"
2000,No Index,5129.204750061035,"[('Hash Join  (cost=73.07..100.97 rows=59 width=4178) (actual time=29.746..37.727 rows=1998 loops=1)',), ('  Hash Cond: (t.table_id = ta.id_table)',), ('  Buffers: shared hit=92',), ('  ->  Seq Scan on task t  (cost=0.00..26.75 rows=175 width=1086) (actual time=0.010..2.603 rows=2000 loops=1)',), ('        Buffers: shared hit=25',), ('  ->  Hash  (cost=72.46..72.46 rows=49 width=3100) (actual time=29.726..29.745 rows=1999 loops=1)',), ('        Buckets: 2048 (originally 1024)  Batches: 1 (originally 1)  Memory Usage: 337kB',), ('        Buffers: shared hit=67',), ('        ->  Hash Join  (cost=41.06..72.46 rows=49 width=3100) (actual time=18.678..26.736 rows=1999 loops=1)',), ('              Hash Cond: (ta.project_id = p.id_project)',), ('              Buffers: shared hit=67',), ('              ->  Seq Scan on table_app ta  (cost=0.00..30.45 rows=145 width=1040) (actual time=0.006..2.606 rows=2000 loops=1)',), ('                    Buffers: shared hit=29',), ('              ->  Hash  (cost=40.56..40.56 rows=40 width=2068) (actual time=18.664..18.676 rows=1997 loops=1)',), ('                    Buckets: 2048 (originally 1024)  Batches: 1 (originally 1)  Memory Usage: 212kB',), ('                    Buffers: shared hit=38',), ('                    ->  Hash Join  (cost=22.05..40.56 rows=40 width=2068) (actual time=7.851..15.779 rows=1997 loops=1)',), ('                          Hash Cond: (p.user_id = ua.id_user)',), ('                          Buffers: shared hit=38',), ('                          ->  Seq Scan on project p  (cost=0.00..18.19 rows=119 width=1040) (actual time=0.006..2.549 rows=2000 loops=1)',), ('                                Buffers: shared hit=17',), ('                          ->  Hash  (cost=21.79..21.79 rows=21 width=1036) (actual time=7.834..7.839 rows=1998 loops=1)',), ('                                Buckets: 2048 (originally 1024)  Batches: 1 (originally 1)  Memory Usage: 149kB',), ('                                Buffers: shared hit=21',), ('                                ->  Seq Scan on user_app ua  (cost=0.00..21.79 rows=21 width=1036) (actual time=0.010..3.847 rows=1998 loops=1)',), ('                                      Filter: (id_user > 2)',), ('                                      Rows Removed by Filter: 2',), ('                                      Buffers: shared hit=21',), ('Planning Time: 0.278 ms',), ('Execution Time: 40.270 ms',)]"
2000,BTREE,5323.359489440918,"[('Hash Join  (cost=81.35..130.88 rows=59 width=4178) (actual time=20.439..33.779 rows=1998 loops=1)',), ('  Hash Cond: (p.id_project = ta.project_id)',), ('  Buffers: shared hit=92',), ('  ->  Hash Join  (cost=19.68..68.58 rows=40 width=2068) (actual time=4.995..13.021 rows=1997 loops=1)',), ('        Hash Cond: (ua.id_user = p.user_id)',), ('        Buffers: shared hit=38',), ('        ->  Seq Scan on user_app ua  (cost=0.00..46.00 rows=667 width=1036) (actual time=0.007..2.632 rows=1998 loops=1)',), ('              Filter: (id_user > 2)',), ('              Rows Removed by Filter: 2',), ('              Buffers: shared hit=21',), ('        ->  Hash  (cost=18.19..18.19 rows=119 width=1040) (actual time=4.980..4.985 rows=2000 loops=1)',), ('              Buckets: 2048 (originally 1024)  Batches: 1 (originally 1)  Memory Usage: 157kB',), ('              Buffers: shared hit=17',), ('              ->  Seq Scan on project p  (cost=0.00..18.19 rows=119 width=1040) (actual time=0.004..2.382 rows=2000 loops=1)',), ('                    Buffers: shared hit=17',), ('  ->  Hash  (cost=59.48..59.48 rows=175 width=2118) (actual time=15.427..15.439 rows=2000 loops=1)',), ('        Buckets: 2048 (originally 1024)  Batches: 1 (originally 1)  Memory Usage: 299kB',), ('        Buffers: shared hit=54',), ('        ->  Hash Join  (cost=32.26..59.48 rows=175 width=2118) (actual time=5.091..12.624 rows=2000 loops=1)',), ('              Hash Cond: (t.table_id = ta.id_table)',), ('              Buffers: shared hit=54',), ('              ->  Seq Scan on task t  (cost=0.00..26.75 rows=175 width=1086) (actual time=0.004..2.444 rows=2000 loops=1)',), ('                    Buffers: shared hit=25',), ('              ->  Hash  (cost=30.45..30.45 rows=145 width=1040) (actual time=5.077..5.081 rows=2000 loops=1)',), ('                    Buckets: 2048 (originally 1024)  Batches: 1 (originally 1)  Memory Usage: 227kB',), ('                    Buffers: shared hit=29',), ('                    ->  Seq Scan on table_app ta  (cost=0.00..30.45 rows=145 width=1040) (actual time=0.004..2.423 rows=2000 loops=1)',), ('                          Buffers: shared hit=29',), ('Planning Time: 0.147 ms',), ('Execution Time: 36.293 ms',)]"
2000,HASH,5273.441791534424,"[('Hash Join  (cost=81.35..130.88 rows=59 width=4178) (actual time=21.898..35.430 rows=1998 loops=1)',), ('  Hash Cond: (p.id_project = ta.project_id)',), ('  Buffers: shared hit=92',), ('  ->  Hash Join  (cost=19.68..68.58 rows=40 width=2068) (actual time=5.449..13.571 rows=1997 loops=1)',), ('        Hash Cond: (ua.id_user = p.user_id)',), ('        Buffers: shared hit=38',), ('        ->  Seq Scan on user_app ua  (cost=0.00..46.00 rows=667 width=1036) (actual time=0.007..2.710 rows=1998 loops=1)',), ('              Filter: (id_user > 2)',), ('              Rows Removed by Filter: 2',), ('              Buffers: shared hit=21',), ('        ->  Hash  (cost=18.19..18.19 rows=119 width=1040) (actual time=5.435..5.439 rows=2000 loops=1)',), ('              Buckets: 2048 (originally 1024)  Batches: 1 (originally 1)  Memory Usage: 157kB',), ('              Buffers: shared hit=17',), ('              ->  Seq Scan on project p  (cost=0.00..18.19 rows=119 width=1040) (actual time=0.004..2.640 rows=2000 loops=1)',), ('                    Buffers: shared hit=17',), ('  ->  Hash  (cost=59.48..59.48 rows=175 width=2118) (actual time=16.431..16.442 rows=2000 loops=1)',), ('        Buckets: 2048 (originally 1024)  Batches: 1 (originally 1)  Memory Usage: 299kB',), ('        Buffers: shared hit=54',), ('        ->  Hash Join  (cost=32.26..59.48 rows=175 width=2118) (actual time=5.560..13.482 rows=2000 loops=1)',), ('              Hash Cond: (t.table_id = ta.id_table)',), ('              Buffers: shared hit=54',), ('              ->  Seq Scan on task t  (cost=0.00..26.75 rows=175 width=1086) (actual time=0.005..2.572 rows=2000 loops=1)',), ('                    Buffers: shared hit=25',), ('              ->  Hash  (cost=30.45..30.45 rows=145 width=1040) (actual time=5.541..5.545 rows=2000 loops=1)',), ('                    Buckets: 2048 (originally 1024)  Batches: 1 (originally 1)  Memory Usage: 227kB',), ('                    Buffers: shared hit=29',), ('                    ->  Seq Scan on table_app ta  (cost=0.00..30.45 rows=145 width=1040) (actual time=0.004..2.699 rows=2000 loops=1)',), ('                          Buffers: shared hit=29',), ('Planning Time: 0.152 ms',), ('Execution Time: 38.016 ms',)]"
3000,No Index,7264.394283294678,"[('Hash Join  (cost=107.96..150.50 rows=88 width=4178) (actual time=41.487..53.707 rows=3000 loops=1)',), ('  Hash Cond: (t.table_id = ta.id_table)',), ('  Buffers: shared hit=137',), ('  ->  Seq Scan on task t  (cost=0.00..40.66 rows=266 width=1086) (actual time=0.006..3.885 rows=3000 loops=1)',), ('        Buffers: shared hit=38',), ('  ->  Hash  (cost=107.07..107.07 rows=71 width=3100) (actual time=41.467..41.505 rows=3000 loops=1)',), ('        Buckets: 4096 (originally 1024)  Batches: 1 (originally 1)  Memory Usage: 513kB',), ('        Buffers: shared hit=99',), ('        ->  Hash Join  (cost=60.50..107.07 rows=71 width=3100) (actual time=24.868..36.940 rows=3000 loops=1)',), ('              Hash Cond: (ta.project_id = p.id_project)',), ('              Buffers: shared hit=99',), ('              ->  Seq Scan on table_app ta  (cost=0.00..45.15 rows=215 width=1040) (actual time=0.006..3.873 rows=3000 loops=1)',), ('                    Buffers: shared hit=43',), ('              ->  Hash  (cost=59.77..59.77 rows=58 width=2068) (actual time=24.852..24.881 rows=2999 loops=1)',), ('                    Buckets: 4096 (originally 1024)  Batches: 1 (originally 1)  Memory Usage: 325kB',), ('                    Buffers: shared hit=56',), ('                    ->  Hash Join  (cost=32.55..59.77 rows=58 width=2068) (actual time=8.586..20.452 rows=2999 loops=1)',), ('                          Hash Cond: (p.user_id = ua.id_user)',), ('                          Buffers: shared hit=56',), ('                          ->  Seq Scan on project p  (cost=0.00..26.75 rows=175 width=1040) (actual time=0.003..3.762 rows=3000 loops=1)',), ('                                Buffers: shared hit=25',), ('                          ->  Hash  (cost=32.16..32.16 rows=31 width=1036) (actual time=8.574..8.579 rows=2997 loops=1)',), ('                                Buckets: 4096 (originally 1024)  Batches: 1 (originally 1)  Memory Usage: 232kB',), ('                                Buffers: shared hit=31',), ('                                ->  Seq Scan on user_app ua  (cost=0.00..32.16 rows=31 width=1036) (actual time=0.005..4.270 rows=2997 loops=1)',), ('                                      Filter: (id_user > 3)',), ('                                      Rows Removed by Filter: 3',), ('                                      Buffers: shared hit=31',), ('Planning Time: 0.141 ms',), ('Execution Time: 57.587 ms',)]"
3000,BTREE,7466.692924499512,"[('Hash Join  (cost=148.99..191.52 rows=88 width=4178) (actual time=44.090..56.039 rows=3000 loops=1)',), ('  Hash Cond: (t.table_id = ta.id_table)',), ('  Buffers: shared hit=147',), ('  ->  Seq Scan on task t  (cost=0.00..40.66 rows=266 width=1086) (actual time=0.012..3.889 rows=3000 loops=1)',), ('        Buffers: shared hit=38',), ('  ->  Hash  (cost=148.10..148.10 rows=71 width=3100) (actual time=44.056..44.080 rows=3000 loops=1)',), ('        Buckets: 4096 (originally 1024)  Batches: 1 (originally 1)  Memory Usage: 513kB',), ('        Buffers: shared hit=109',), ('        ->  Hash Join  (cost=101.52..148.10 rows=71 width=3100) (actual time=27.598..39.543 rows=3000 loops=1)',), ('              Hash Cond: (ta.project_id = p.id_project)',), ('              Buffers: shared hit=109',), ('              ->  Seq Scan on table_app ta  (cost=0.00..45.15 rows=215 width=1040) (actual time=0.007..3.838 rows=3000 loops=1)',), ('                    Buffers: shared hit=43',), ('              ->  Hash  (cost=100.80..100.80 rows=58 width=2068) (actual time=27.570..27.586 rows=2999 loops=1)',), ('                    Buckets: 4096 (originally 1024)  Batches: 1 (originally 1)  Memory Usage: 325kB',), ('                    Buffers: shared hit=66',), ('                    ->  Hash Join  (cost=52.97..100.80 rows=58 width=2068) (actual time=11.453..23.295 rows=2999 loops=1)',), ('                          Hash Cond: (ua.id_user = p.user_id)',), ('                          Buffers: shared hit=66',), ('                          ->  Bitmap Heap Scan on user_app ua  (cost=24.03..67.53 rows=1000 width=1036) (actual time=0.248..4.072 rows=2997 loops=1)',), ('                                Recheck Cond: (id_user > 3)',), ('                                Heap Blocks: exact=31',), ('                                Buffers: shared hit=41',), ('                                ->  Bitmap Index Scan on idx_user_id_btree  (cost=0.00..23.78 rows=1000 width=0) (actual time=0.228..0.229 rows=2997 loops=1)',), ('                                      Index Cond: (id_user > 3)',), ('                                      Buffers: shared hit=10',), ('                          ->  Hash  (cost=26.75..26.75 rows=175 width=1040) (actual time=11.184..11.188 rows=3000 loops=1)',), ('                                Buckets: 4096 (originally 1024)  Batches: 1 (originally 1)  Memory Usage: 243kB',), ('                                Buffers: shared hit=25',), ('                                ->  Seq Scan on project p  (cost=0.00..26.75 rows=175 width=1040) (actual time=0.009..5.387 rows=3000 loops=1)',), ('                                      Buffers: shared hit=25',), ('Planning Time: 0.334 ms',), ('Execution Time: 59.916 ms',)]"
3000,HASH,7545.080661773682,"[('Hash Join  (cost=148.99..191.52 rows=88 width=4178) (actual time=40.658..52.590 rows=3000 loops=1)',), ('  Hash Cond: (t.table_id = ta.id_table)',), ('  Buffers: shared hit=147',), ('  ->  Seq Scan on task t  (cost=0.00..40.66 rows=266 width=1086) (actual time=0.006..3.866 rows=3000 loops=1)',), ('        Buffers: shared hit=38',), ('  ->  Hash  (cost=148.10..148.10 rows=71 width=3100) (actual time=40.639..40.662 rows=3000 loops=1)',), ('        Buckets: 4096 (originally 1024)  Batches: 1 (originally 1)  Memory Usage: 513kB',), ('        Buffers: shared hit=109',), ('        ->  Hash Join  (cost=101.52..148.10 rows=71 width=3100) (actual time=24.290..36.175 rows=3000 loops=1)',), ('              Hash Cond: (ta.project_id = p.id_project)',), ('              Buffers: shared hit=109',), ('              ->  Seq Scan on table_app ta  (cost=0.00..45.15 rows=215 width=1040) (actual time=0.004..3.831 rows=3000 loops=1)',), ('                    Buffers: shared hit=43',), ('              ->  Hash  (cost=100.80..100.80 rows=58 width=2068) (actual time=24.266..24.282 rows=2999 loops=1)',), ('                    Buckets: 4096 (originally 1024)  Batches: 1 (originally 1)  Memory Usage: 325kB',), ('                    Buffers: shared hit=66',), ('                    ->  Hash Join  (cost=52.97..100.80 rows=58 width=2068) (actual time=7.938..19.949 rows=2999 loops=1)',), ('                          Hash Cond: (ua.id_user = p.user_id)',), ('                          Buffers: shared hit=66',), ('                          ->  Bitmap Heap Scan on user_app ua  (cost=24.03..67.53 rows=1000 width=1036) (actual time=0.094..3.937 rows=2997 loops=1)',), ('                                Recheck Cond: (id_user > 3)',), ('                                Heap Blocks: exact=31',), ('                                Buffers: shared hit=41',), ('                                ->  Bitmap Index Scan on user_app_pkey  (cost=0.00..23.78 rows=1000 width=0) (actual time=0.085..0.087 rows=2997 loops=1)',), ('                                      Index Cond: (id_user > 3)',), ('                                      Buffers: shared hit=10',), ('                          ->  Hash  (cost=26.75..26.75 rows=175 width=1040) (actual time=7.831..7.836 rows=3000 loops=1)',), ('                                Buckets: 4096 (originally 1024)  Batches: 1 (originally 1)  Memory Usage: 243kB',), ('                                Buffers: shared hit=25',), ('                                ->  Seq Scan on project p  (cost=0.00..26.75 rows=175 width=1040) (actual time=0.005..3.757 rows=3000 loops=1)',), ('                                      Buffers: shared hit=25',), ('Planning Time: 0.154 ms',), ('Execution Time: 56.436 ms',)]"
4000,No Index,9931.875705718994,"[('Hash Join  (cost=146.25..202.22 rows=116 width=4178) (actual time=52.050..67.556 rows=4000 loops=1)',), ('  Hash Cond: (t.table_id = ta.id_table)',), ('  Buffers: shared hit=184',), ('  ->  Seq Scan on task t  (cost=0.00..53.50 rows=350 width=1086) (actual time=0.009..4.985 rows=4000 loops=1)',), ('        Buffers: shared hit=50',), ('  ->  Hash  (cost=145.05..145.05 rows=96 width=3100) (actual time=52.031..52.051 rows=4000 loops=1)',), ('        Buckets: 4096 (originally 1024)  Batches: 1 (originally 1)  Memory Usage: 673kB',), ('        Buffers: shared hit=134',), ('        ->  Hash Join  (cost=82.10..145.05 rows=96 width=3100) (actual time=30.692..46.263 rows=4000 loops=1)',), ('              Hash Cond: (ta.project_id = p.id_project)',), ('              Buffers: shared hit=134',), ('              ->  Seq Scan on table_app ta  (cost=0.00..60.90 rows=290 width=1040) (actual time=0.004..4.973 rows=4000 loops=1)',), ('                    Buffers: shared hit=58',), ('              ->  Hash  (cost=81.12..81.12 rows=79 width=2068) (actual time=30.670..30.683 rows=4000 loops=1)',), ('                    Buckets: 4096 (originally 1024)  Batches: 1 (originally 1)  Memory Usage: 423kB',), ('                    Buffers: shared hit=76',), ('                    ->  Hash Join  (cost=44.10..81.12 rows=79 width=2068) (actual time=10.096..25.224 rows=4000 loops=1)',), ('                          Hash Cond: (p.user_id = ua.id_user)',), ('                          Buffers: shared hit=76',), ('                          ->  Seq Scan on project p  (cost=0.00..36.38 rows=238 width=1040) (actual time=0.003..4.922 rows=4000 loops=1)',), ('                                Buffers: shared hit=34',), ('                          ->  Hash  (cost=43.58..43.58 rows=42 width=1036) (actual time=10.083..10.088 rows=3999 loops=1)',), ('                                Buckets: 4096 (originally 1024)  Batches: 1 (originally 1)  Memory Usage: 298kB',), ('                                Buffers: shared hit=42',), ('                                ->  Seq Scan on user_app ua  (cost=0.00..43.58 rows=42 width=1036) (actual time=0.006..4.967 rows=3999 loops=1)',), ('                                      Filter: (id_user > 1)',), ('                                      Rows Removed by Filter: 1',), ('                                      Buffers: shared hit=42',), ('Planning Time: 0.162 ms',), ('Execution Time: 72.458 ms',)]"
4000,BTREE,10219.590663909912,"[('Hash Join  (cost=208.08..264.05 rows=116 width=4178) (actual time=53.037..68.730 rows=4000 loops=1)',), ('  Hash Cond: (t.table_id = ta.id_table)',), ('  Buffers: shared hit=196',), ('  ->  Seq Scan on task t  (cost=0.00..53.50 rows=350 width=1086) (actual time=0.009..4.976 rows=4000 loops=1)',), ('        Buffers: shared hit=50',), ('  ->  Hash  (cost=206.88..206.88 rows=96 width=3100) (actual time=53.001..53.024 rows=4000 loops=1)',), ('        Buckets: 4096 (originally 1024)  Batches: 1 (originally 1)  Memory Usage: 673kB',), ('        Buffers: shared hit=146',), ('        ->  Hash Join  (cost=143.93..206.88 rows=96 width=3100) (actual time=31.627..47.211 rows=4000 loops=1)',), ('              Hash Cond: (ta.project_id = p.id_project)',), ('              Buffers: shared hit=146',), ('              ->  Seq Scan on table_app ta  (cost=0.00..60.90 rows=290 width=1040) (actual time=0.004..5.027 rows=4000 loops=1)',), ('                    Buffers: shared hit=58',), ('              ->  Hash  (cost=142.94..142.94 rows=79 width=2068) (actual time=31.611..31.627 rows=4000 loops=1)',), ('                    Buckets: 4096 (originally 1024)  Batches: 1 (originally 1)  Memory Usage: 423kB',), ('                    Buffers: shared hit=88',), ('                    ->  Hash Join  (cost=105.94..142.94 rows=79 width=2068) (actual time=10.486..26.058 rows=4000 loops=1)',), ('                          Hash Cond: (p.user_id = ua.id_user)',), ('                          Buffers: shared hit=88',), ('                          ->  Seq Scan on project p  (cost=0.00..36.38 rows=238 width=1040) (actual time=0.004..5.048 rows=4000 loops=1)',), ('                                Buffers: shared hit=34',), ('                          ->  Hash  (cost=89.27..89.27 rows=1333 width=1036) (actual time=10.468..10.475 rows=3999 loops=1)',), ('                                Buckets: 4096 (originally 2048)  Batches: 1 (originally 1)  Memory Usage: 298kB',), ('                                Buffers: shared hit=54',), ('                                ->  Bitmap Heap Scan on user_app ua  (cost=30.61..89.27 rows=1333 width=1036) (actual time=0.115..5.167 rows=3999 loops=1)',), ('                                      Recheck Cond: (id_user > 1)',), ('                                      Heap Blocks: exact=42',), ('                                      Buffers: shared hit=54',), ('                                      ->  Bitmap Index Scan on idx_user_id_btree  (cost=0.00..30.28 rows=1333 width=0) (actual time=0.104..0.105 rows=3999 loops=1)',), ('                                            Index Cond: (id_user > 1)',), ('                                            Buffers: shared hit=12',), ('Planning Time: 0.193 ms',), ('Execution Time: 73.859 ms',)]"
4000,HASH,9412.737369537354,"[('Hash Join  (cost=208.08..264.05 rows=116 width=4178) (actual time=54.503..70.431 rows=4000 loops=1)',), ('  Hash Cond: (t.table_id = ta.id_table)',), ('  Buffers: shared hit=196',), ('  ->  Seq Scan on task t  (cost=0.00..53.50 rows=350 width=1086) (actual time=0.006..5.136 rows=4000 loops=1)',), ('        Buffers: shared hit=50',), ('  ->  Hash  (cost=206.88..206.88 rows=96 width=3100) (actual time=54.483..54.508 rows=4000 loops=1)',), ('        Buckets: 4096 (originally 1024)  Batches: 1 (originally 1)  Memory Usage: 673kB',), ('        Buffers: shared hit=146',), ('        ->  Hash Join  (cost=143.93..206.88 rows=96 width=3100) (actual time=32.741..48.533 rows=4000 loops=1)',), ('              Hash Cond: (ta.project_id = p.id_project)',), ('              Buffers: shared hit=146',), ('              ->  Seq Scan on table_app ta  (cost=0.00..60.90 rows=290 width=1040) (actual time=0.004..5.055 rows=4000 loops=1)',), ('                    Buffers: shared hit=58',), ('              ->  Hash  (cost=142.94..142.94 rows=79 width=2068) (actual time=32.722..32.739 rows=4000 loops=1)',), ('                    Buckets: 4096 (originally 1024)  Batches: 1 (originally 1)  Memory Usage: 423kB',), ('                    Buffers: shared hit=88',), ('                    ->  Hash Join  (cost=105.94..142.94 rows=79 width=2068) (actual time=11.040..26.913 rows=4000 loops=1)',), ('                          Hash Cond: (p.user_id = ua.id_user)',), ('                          Buffers: shared hit=88',), ('                          ->  Seq Scan on project p  (cost=0.00..36.38 rows=238 width=1040) (actual time=0.004..5.095 rows=4000 loops=1)',), ('                                Buffers: shared hit=34',), ('                          ->  Hash  (cost=89.27..89.27 rows=1333 width=1036) (actual time=11.020..11.028 rows=3999 loops=1)',), ('                                Buckets: 4096 (originally 2048)  Batches: 1 (originally 1)  Memory Usage: 298kB',), ('                                Buffers: shared hit=54',), ('                                ->  Bitmap Heap Scan on user_app ua  (cost=30.61..89.27 rows=1333 width=1036) (actual time=0.123..5.437 rows=3999 loops=1)',), ('                                      Recheck Cond: (id_user > 1)',), ('                                      Heap Blocks: exact=42',), ('                                      Buffers: shared hit=54',), ('                                      ->  Bitmap Index Scan on user_app_pkey  (cost=0.00..30.28 rows=1333 width=0) (actual time=0.111..0.113 rows=3999 loops=1)',), ('                                            Index Cond: (id_user > 1)',), ('                                            Buffers: shared hit=12',), ('Planning Time: 0.157 ms',), ('Execution Time: 75.713 ms',)]"
5000,No Index,12133.298873901367,"[('Hash Join  (cost=181.20..250.62 rows=145 width=4178) (actual time=67.832..87.564 rows=4998 loops=1)',), ('  Hash Cond: (t.table_id = ta.id_table)',), ('  Buffers: shared hit=228',), ('  ->  Seq Scan on task t  (cost=0.00..66.34 rows=434 width=1086) (actual time=0.007..6.363 rows=5000 loops=1)',), ('        Buffers: shared hit=62',), ('  ->  Hash  (cost=179.70..179.70 rows=120 width=3100) (actual time=67.813..67.837 rows=4995 loops=1)',), ('        Buckets: 8192 (originally 1024)  Batches: 1 (originally 1)  Memory Usage: 864kB',), ('        Buffers: shared hit=166',), ('        ->  Hash Join  (cost=101.55..179.70 rows=120 width=3100) (actual time=40.622..60.399 rows=4995 loops=1)',), ('              Hash Cond: (ta.project_id = p.id_project)',), ('              Buffers: shared hit=166',), ('              ->  Seq Scan on table_app ta  (cost=0.00..75.60 rows=360 width=1040) (actual time=0.004..6.355 rows=5000 loops=1)',), ('                    Buffers: shared hit=72',), ('              ->  Hash  (cost=100.32..100.32 rows=98 width=2068) (actual time=40.604..40.618 rows=4997 loops=1)',), ('                    Buckets: 8192 (originally 1024)  Batches: 1 (originally 1)  Memory Usage: 552kB',), ('                    Buffers: shared hit=94',), ('                    ->  Hash Join  (cost=54.60..100.32 rows=98 width=2068) (actual time=13.788..33.418 rows=4997 loops=1)',), ('                          Hash Cond: (p.user_id = ua.id_user)',), ('                          Buffers: shared hit=94',), ('                          ->  Seq Scan on project p  (cost=0.00..44.94 rows=294 width=1040) (actual time=0.003..6.335 rows=5000 loops=1)',), ('                                Buffers: shared hit=42',), ('                          ->  Hash  (cost=53.95..53.95 rows=52 width=1036) (actual time=13.771..13.777 rows=4997 loops=1)',), ('                                Buckets: 8192 (originally 1024)  Batches: 1 (originally 1)  Memory Usage: 396kB',), ('                                Buffers: shared hit=52',), ('                                ->  Seq Scan on user_app ua  (cost=0.00..53.95 rows=52 width=1036) (actual time=0.005..6.766 rows=4997 loops=1)',), ('                                      Filter: (id_user > 3)',), ('                                      Rows Removed by Filter: 3',), ('                                      Buffers: shared hit=52',), ('Planning Time: 0.147 ms',), ('Execution Time: 93.834 ms',)]"
5000,BTREE,12173.438549041748,"[('Hash Join  (cost=257.46..326.88 rows=145 width=4178) (actual time=68.260..88.245 rows=4998 loops=1)',), ('  Hash Cond: (t.table_id = ta.id_table)',), ('  Buffers: shared hit=243',), ('  ->  Seq Scan on task t  (cost=0.00..66.34 rows=434 width=1086) (actual time=0.007..6.475 rows=5000 loops=1)',), ('        Buffers: shared hit=62',), ('  ->  Hash  (cost=255.96..255.96 rows=120 width=3100) (actual time=68.236..68.261 rows=4995 loops=1)',), ('        Buckets: 8192 (originally 1024)  Batches: 1 (originally 1)  Memory Usage: 864kB',), ('        Buffers: shared hit=181',), ('        ->  Hash Join  (cost=177.81..255.96 rows=120 width=3100) (actual time=41.048..60.812 rows=4995 loops=1)',), ('              Hash Cond: (ta.project_id = p.id_project)',), ('              Buffers: shared hit=181',), ('              ->  Seq Scan on table_app ta  (cost=0.00..75.60 rows=360 width=1040) (actual time=0.004..6.374 rows=5000 loops=1)',), ('                    Buffers: shared hit=72',), ('              ->  Hash  (cost=176.59..176.59 rows=98 width=2068) (actual time=41.032..41.048 rows=4997 loops=1)',), ('                    Buckets: 8192 (originally 1024)  Batches: 1 (originally 1)  Memory Usage: 552kB',), ('                    Buffers: shared hit=109',), ('                    ->  Hash Join  (cost=130.88..176.59 rows=98 width=2068) (actual time=14.101..33.794 rows=4997 loops=1)',), ('                          Hash Cond: (p.user_id = ua.id_user)',), ('                          Buffers: shared hit=109',), ('                          ->  Seq Scan on project p  (cost=0.00..44.94 rows=294 width=1040) (actual time=0.004..6.358 rows=5000 loops=1)',), ('                                Buffers: shared hit=42',), ('                          ->  Hash  (cost=110.04..110.04 rows=1667 width=1036) (actual time=14.084..14.092 rows=4997 loops=1)',), ('                                Buckets: 8192 (originally 2048)  Batches: 1 (originally 1)  Memory Usage: 396kB',), ('                                Buffers: shared hit=67',), ('                                ->  Bitmap Heap Scan on user_app ua  (cost=37.20..110.04 rows=1667 width=1036) (actual time=0.141..7.056 rows=4997 loops=1)',), ('                                      Recheck Cond: (id_user > 3)',), ('                                      Heap Blocks: exact=52',), ('                                      Buffers: shared hit=67',), ('                                      ->  Bitmap Index Scan on idx_user_id_btree  (cost=0.00..36.78 rows=1667 width=0) (actual time=0.129..0.130 rows=4997 loops=1)',), ('                                            Index Cond: (id_user > 3)',), ('                                            Buffers: shared hit=15',), ('Planning Time: 0.159 ms',), ('Execution Time: 94.786 ms',)]"
5000,HASH,11933.897495269775,"[('Hash Join  (cost=257.46..326.88 rows=145 width=4178) (actual time=67.963..87.931 rows=4998 loops=1)',), ('  Hash Cond: (t.table_id = ta.id_table)',), ('  Buffers: shared hit=243',), ('  ->  Seq Scan on task t  (cost=0.00..66.34 rows=434 width=1086) (actual time=0.009..6.488 rows=5000 loops=1)',), ('        Buffers: shared hit=62',), ('  ->  Hash  (cost=255.96..255.96 rows=120 width=3100) (actual time=67.939..67.964 rows=4995 loops=1)',), ('        Buckets: 8192 (originally 1024)  Batches: 1 (originally 1)  Memory Usage: 864kB',), ('        Buffers: shared hit=181',), ('        ->  Hash Join  (cost=177.81..255.96 rows=120 width=3100) (actual time=40.821..60.503 rows=4995 loops=1)',), ('              Hash Cond: (ta.project_id = p.id_project)',), ('              Buffers: shared hit=181',), ('              ->  Seq Scan on table_app ta  (cost=0.00..75.60 rows=360 width=1040) (actual time=0.003..6.393 rows=5000 loops=1)',), ('                    Buffers: shared hit=72',), ('              ->  Hash  (cost=176.59..176.59 rows=98 width=2068) (actual time=40.807..40.823 rows=4997 loops=1)',), ('                    Buckets: 8192 (originally 1024)  Batches: 1 (originally 1)  Memory Usage: 552kB',), ('                    Buffers: shared hit=109',), ('                    ->  Hash Join  (cost=130.88..176.59 rows=98 width=2068) (actual time=13.964..33.616 rows=4997 loops=1)',), ('                          Hash Cond: (p.user_id = ua.id_user)',), ('                          Buffers: shared hit=109',), ('                          ->  Seq Scan on project p  (cost=0.00..44.94 rows=294 width=1040) (actual time=0.007..6.328 rows=5000 loops=1)',), ('                                Buffers: shared hit=42',), ('                          ->  Hash  (cost=110.04..110.04 rows=1667 width=1036) (actual time=13.942..13.950 rows=4997 loops=1)',), ('                                Buckets: 8192 (originally 2048)  Batches: 1 (originally 1)  Memory Usage: 396kB',), ('                                Buffers: shared hit=67',), ('                                ->  Bitmap Heap Scan on user_app ua  (cost=37.20..110.04 rows=1667 width=1036) (actual time=0.144..6.928 rows=4997 loops=1)',), ('                                      Recheck Cond: (id_user > 3)',), ('                                      Heap Blocks: exact=52',), ('                                      Buffers: shared hit=67',), ('                                      ->  Bitmap Index Scan on user_app_pkey  (cost=0.00..36.78 rows=1667 width=0) (actual time=0.131..0.133 rows=4997 loops=1)',), ('                                            Index Cond: (id_user > 3)',), ('                                            Buffers: shared hit=15',), ('Planning Time: 0.176 ms',), ('Execution Time: 94.511 ms',)]"
6000,No Index,14151.200771331787,"[('Hash Join  (cost=216.16..300.13 rows=176 width=4178) (actual time=81.452..105.365 rows=5996 loops=1)',), ('  Hash Cond: (t.table_id = ta.id_table)',), ('  Buffers: shared hit=273',), ('  ->  Seq Scan on task t  (cost=0.00..80.25 rows=525 width=1086) (actual time=0.006..7.687 rows=6000 loops=1)',), ('        Buffers: shared hit=75',), ('  ->  Hash  (cost=214.36..214.36 rows=144 width=3100) (actual time=81.427..81.448 rows=5993 loops=1)',), ('        Buckets: 8192 (originally 1024)  Batches: 1 (originally 1)  Memory Usage: 1024kB',), ('        Buffers: shared hit=198',), ('        ->  Hash Join  (cost=121.00..214.36 rows=144 width=3100) (actual time=48.629..72.460 rows=5993 loops=1)',), ('              Hash Cond: (ta.project_id = p.id_project)',), ('              Buffers: shared hit=198',), ('              ->  Seq Scan on table_app ta  (cost=0.00..90.30 rows=430 width=1040) (actual time=0.004..7.645 rows=6000 loops=1)',), ('                    Buffers: shared hit=86',), ('              ->  Hash  (cost=119.54..119.54 rows=117 width=2068) (actual time=48.614..48.626 rows=5994 loops=1)',), ('                    Buckets: 8192 (originally 1024)  Batches: 1 (originally 1)  Memory Usage: 650kB',), ('                    Buffers: shared hit=112',), ('                    ->  Hash Join  (cost=65.10..119.54 rows=117 width=2068) (actual time=16.411..39.989 rows=5994 loops=1)',), ('                          Hash Cond: (p.user_id = ua.id_user)',), ('                          Buffers: shared hit=112',), ('                          ->  Seq Scan on project p  (cost=0.00..53.50 rows=350 width=1040) (actual time=0.004..7.526 rows=6000 loops=1)',), ('                                Buffers: shared hit=50',), ('                          ->  Hash  (cost=64.33..64.33 rows=62 width=1036) (actual time=16.395..16.400 rows=5997 loops=1)',), ('                                Buckets: 8192 (originally 1024)  Batches: 1 (originally 1)  Memory Usage: 463kB',), ('                                Buffers: shared hit=62',), ('                                ->  Seq Scan on user_app ua  (cost=0.00..64.33 rows=62 width=1036) (actual time=0.006..8.060 rows=5997 loops=1)',), ('                                      Filter: (id_user > 3)',), ('                                      Rows Removed by Filter: 3',), ('                                      Buffers: shared hit=62',), ('Planning Time: 0.140 ms',), ('Execution Time: 112.953 ms',)]"
6000,BTREE,13890.672206878662,"[('Hash Join  (cost=306.82..390.80 rows=176 width=4178) (actual time=81.911..106.482 rows=5996 loops=1)',), ('  Hash Cond: (t.table_id = ta.id_table)',), ('  Buffers: shared hit=291',), ('  ->  Seq Scan on task t  (cost=0.00..80.25 rows=525 width=1086) (actual time=0.006..7.819 rows=6000 loops=1)',), ('        Buffers: shared hit=75',), ('  ->  Hash  (cost=305.02..305.02 rows=144 width=3100) (actual time=81.890..81.916 rows=5993 loops=1)',), ('        Buckets: 8192 (originally 1024)  Batches: 1 (originally 1)  Memory Usage: 1024kB',), ('        Buffers: shared hit=216',), ('        ->  Hash Join  (cost=211.66..305.02 rows=144 width=3100) (actual time=48.935..72.838 rows=5993 loops=1)',), ('              Hash Cond: (ta.project_id = p.id_project)',), ('              Buffers: shared hit=216',), ('              ->  Seq Scan on table_app ta  (cost=0.00..90.30 rows=430 width=1040) (actual time=0.005..7.634 rows=6000 loops=1)',), ('                    Buffers: shared hit=86',), ('              ->  Hash  (cost=210.20..210.20 rows=117 width=2068) (actual time=48.919..48.936 rows=5994 loops=1)',), ('                    Buckets: 8192 (originally 1024)  Batches: 1 (originally 1)  Memory Usage: 650kB',), ('                    Buffers: shared hit=130',), ('                    ->  Hash Join  (cost=155.78..210.20 rows=117 width=2068) (actual time=16.645..40.255 rows=5994 loops=1)',), ('                          Hash Cond: (p.user_id = ua.id_user)',), ('                          Buffers: shared hit=130',), ('                          ->  Seq Scan on project p  (cost=0.00..53.50 rows=350 width=1040) (actual time=0.003..7.523 rows=6000 loops=1)',), ('                                Buffers: shared hit=50',), ('                          ->  Hash  (cost=130.78..130.78 rows=2000 width=1036) (actual time=16.626..16.634 rows=5997 loops=1)',), ('                                Buckets: 8192 (originally 2048)  Batches: 1 (originally 1)  Memory Usage: 463kB',), ('                                Buffers: shared hit=80',), ('                                ->  Bitmap Heap Scan on user_app ua  (cost=43.78..130.78 rows=2000 width=1036) (actual time=0.168..8.241 rows=5997 loops=1)',), ('                                      Recheck Cond: (id_user > 3)',), ('                                      Heap Blocks: exact=62',), ('                                      Buffers: shared hit=80',), ('                                      ->  Bitmap Index Scan on idx_user_id_btree  (cost=0.00..43.28 rows=2000 width=0) (actual time=0.155..0.156 rows=5997 loops=1)',), ('                                            Index Cond: (id_user > 3)',), ('                                            Buffers: shared hit=18',), ('Planning Time: 0.153 ms',), ('Execution Time: 114.491 ms',)]"
6000,HASH,13664.985179901123,"[('Hash Join  (cost=306.82..390.80 rows=176 width=4178) (actual time=81.511..105.596 rows=5996 loops=1)',), ('  Hash Cond: (t.table_id = ta.id_table)',), ('  Buffers: shared hit=291',), ('  ->  Seq Scan on task t  (cost=0.00..80.25 rows=525 width=1086) (actual time=0.006..7.624 rows=6000 loops=1)',), ('        Buffers: shared hit=75',), ('  ->  Hash  (cost=305.02..305.02 rows=144 width=3100) (actual time=81.498..81.525 rows=5993 loops=1)',), ('        Buckets: 8192 (originally 1024)  Batches: 1 (originally 1)  Memory Usage: 1024kB',), ('        Buffers: shared hit=216',), ('        ->  Hash Join  (cost=211.66..305.02 rows=144 width=3100) (actual time=48.488..72.536 rows=5993 loops=1)',), ('              Hash Cond: (ta.project_id = p.id_project)',), ('              Buffers: shared hit=216',), ('              ->  Seq Scan on table_app ta  (cost=0.00..90.30 rows=430 width=1040) (actual time=0.004..7.653 rows=6000 loops=1)',), ('                    Buffers: shared hit=86',), ('              ->  Hash  (cost=210.20..210.20 rows=117 width=2068) (actual time=48.478..48.495 rows=5994 loops=1)',), ('                    Buckets: 8192 (originally 1024)  Batches: 1 (originally 1)  Memory Usage: 650kB',), ('                    Buffers: shared hit=130',), ('                    ->  Hash Join  (cost=155.78..210.20 rows=117 width=2068) (actual time=16.028..39.882 rows=5994 loops=1)',), ('                          Hash Cond: (p.user_id = ua.id_user)',), ('                          Buffers: shared hit=130',), ('                          ->  Seq Scan on project p  (cost=0.00..53.50 rows=350 width=1040) (actual time=0.004..7.567 rows=6000 loops=1)',), ('                                Buffers: shared hit=50',), ('                          ->  Hash  (cost=130.78..130.78 rows=2000 width=1036) (actual time=16.017..16.025 rows=5997 loops=1)',), ('                                Buckets: 8192 (originally 2048)  Batches: 1 (originally 1)  Memory Usage: 463kB',), ('                                Buffers: shared hit=80',), ('                                ->  Bitmap Heap Scan on user_app ua  (cost=43.78..130.78 rows=2000 width=1036) (actual time=0.163..7.914 rows=5997 loops=1)',), ('                                      Recheck Cond: (id_user > 3)',), ('                                      Heap Blocks: exact=62',), ('                                      Buffers: shared hit=80',), ('                                      ->  Bitmap Index Scan on user_app_pkey  (cost=0.00..43.28 rows=2000 width=0) (actual time=0.150..0.152 rows=5997 loops=1)',), ('                                            Index Cond: (id_user > 3)',), ('                                            Buffers: shared hit=18',), ('Planning Time: 0.148 ms',), ('Execution Time: 113.468 ms',)]"
7000,No Index,16209.559440612793,"[('Hash Join  (cost=253.24..350.65 rows=203 width=4178) (actual time=96.093..124.276 rows=6998 loops=1)',), ('  Hash Cond: (t.table_id = ta.id_table)',), ('  Buffers: shared hit=319',), ('  ->  Seq Scan on task t  (cost=0.00..93.09 rows=609 width=1086) (actual time=0.009..8.988 rows=7000 loops=1)',), ('        Buffers: shared hit=87',), ('  ->  Hash  (cost=251.16..251.16 rows=167 width=3100) (actual time=96.073..96.095 rows=6999 loops=1)',), ('        Buckets: 8192 (originally 1024)  Batches: 1 (originally 1)  Memory Usage: 1185kB',), ('        Buffers: shared hit=232',), ('        ->  Hash Join  (cost=142.61..251.16 rows=167 width=3100) (actual time=58.139..85.711 rows=6999 loops=1)',), ('              Hash Cond: (ta.project_id = p.id_project)',), ('              Buffers: shared hit=232',), ('              ->  Seq Scan on table_app ta  (cost=0.00..105.00 rows=500 width=1040) (actual time=0.006..8.807 rows=7000 loops=1)',), ('                    Buffers: shared hit=100',), ('              ->  Hash  (cost=140.89..140.89 rows=138 width=2068) (actual time=58.125..58.138 rows=6999 loops=1)',), ('                    Buckets: 8192 (originally 1024)  Batches: 1 (originally 1)  Memory Usage: 748kB',), ('                    Buffers: shared hit=132',), ('                    ->  Hash Join  (cost=76.65..140.89 rows=138 width=2068) (actual time=20.338..47.975 rows=6999 loops=1)',), ('                          Hash Cond: (p.user_id = ua.id_user)',), ('                          Buffers: shared hit=132',), ('                          ->  Seq Scan on project p  (cost=0.00..63.13 rows=413 width=1040) (actual time=0.006..8.824 rows=7000 loops=1)',), ('                                Buffers: shared hit=59',), ('                          ->  Hash  (cost=75.74..75.74 rows=73 width=1036) (actual time=20.324..20.328 rows=6997 loops=1)',), ('                                Buckets: 8192 (originally 1024)  Batches: 1 (originally 1)  Memory Usage: 529kB',), ('                                Buffers: shared hit=73',), ('                                ->  Seq Scan on user_app ua  (cost=0.00..75.74 rows=73 width=1036) (actual time=0.009..9.958 rows=6997 loops=1)',), ('                                      Filter: (id_user > 3)',), ('                                      Rows Removed by Filter: 3',), ('                                      Buffers: shared hit=73',), ('Planning Time: 0.258 ms',), ('Execution Time: 133.140 ms',)]"
7000,BTREE,16673.033714294434,"[('Hash Join  (cost=358.26..455.66 rows=203 width=4178) (actual time=96.327..124.727 rows=6998 loops=1)',), ('  Hash Cond: (t.table_id = ta.id_table)',), ('  Buffers: shared hit=340',), ('  ->  Seq Scan on task t  (cost=0.00..93.09 rows=609 width=1086) (actual time=0.007..8.958 rows=7000 loops=1)',), ('        Buffers: shared hit=87',), ('  ->  Hash  (cost=356.17..356.17 rows=167 width=3100) (actual time=96.301..96.326 rows=6999 loops=1)',), ('        Buckets: 8192 (originally 1024)  Batches: 1 (originally 1)  Memory Usage: 1185kB',), ('        Buffers: shared hit=253',), ('        ->  Hash Join  (cost=247.63..356.17 rows=167 width=3100) (actual time=57.404..85.707 rows=6999 loops=1)',), ('              Hash Cond: (ta.project_id = p.id_project)',), ('              Buffers: shared hit=253',), ('              ->  Seq Scan on table_app ta  (cost=0.00..105.00 rows=500 width=1040) (actual time=0.004..8.959 rows=7000 loops=1)',), ('                    Buffers: shared hit=100',), ('              ->  Hash  (cost=245.90..245.90 rows=138 width=2068) (actual time=57.390..57.407 rows=6999 loops=1)',), ('                    Buckets: 8192 (originally 1024)  Batches: 1 (originally 1)  Memory Usage: 748kB',), ('                    Buffers: shared hit=153',), ('                    ->  Hash Join  (cost=181.69..245.90 rows=138 width=2068) (actual time=18.781..47.073 rows=6999 loops=1)',), ('                          Hash Cond: (p.user_id = ua.id_user)',), ('                          Buffers: shared hit=153',), ('                          ->  Seq Scan on project p  (cost=0.00..63.13 rows=413 width=1040) (actual time=0.005..9.085 rows=7000 loops=1)',), ('                                Buffers: shared hit=59',), ('                          ->  Hash  (cost=152.53..152.53 rows=2333 width=1036) (actual time=18.762..18.770 rows=6997 loops=1)',), ('                                Buckets: 8192 (originally 4096)  Batches: 1 (originally 1)  Memory Usage: 529kB',), ('                                Buffers: shared hit=94',), ('                                ->  Bitmap Heap Scan on user_app ua  (cost=50.36..152.53 rows=2333 width=1036) (actual time=0.203..9.305 rows=6997 loops=1)',), ('                                      Recheck Cond: (id_user > 3)',), ('                                      Heap Blocks: exact=73',), ('                                      Buffers: shared hit=94',), ('                                      ->  Bitmap Index Scan on idx_user_id_btree  (cost=0.00..49.78 rows=2333 width=0) (actual time=0.186..0.188 rows=6997 loops=1)',), ('                                            Index Cond: (id_user > 3)',), ('                                            Buffers: shared hit=21',), ('Planning Time: 0.200 ms',), ('Execution Time: 134.015 ms',)]"
7000,HASH,16667.871952056885,"[('Hash Join  (cost=358.26..455.66 rows=203 width=4178) (actual time=96.076..124.376 rows=6998 loops=1)',), ('  Hash Cond: (t.table_id = ta.id_table)',), ('  Buffers: shared hit=340',), ('  ->  Seq Scan on task t  (cost=0.00..93.09 rows=609 width=1086) (actual time=0.007..8.919 rows=7000 loops=1)',), ('        Buffers: shared hit=87',), ('  ->  Hash  (cost=356.17..356.17 rows=167 width=3100) (actual time=96.059..96.084 rows=6999 loops=1)',), ('        Buckets: 8192 (originally 1024)  Batches: 1 (originally 1)  Memory Usage: 1185kB',), ('        Buffers: shared hit=253',), ('        ->  Hash Join  (cost=247.63..356.17 rows=167 width=3100) (actual time=56.878..85.434 rows=6999 loops=1)',), ('              Hash Cond: (ta.project_id = p.id_project)',), ('              Buffers: shared hit=253',), ('              ->  Seq Scan on table_app ta  (cost=0.00..105.00 rows=500 width=1040) (actual time=0.004..8.977 rows=7000 loops=1)',), ('                    Buffers: shared hit=100',), ('              ->  Hash  (cost=245.90..245.90 rows=138 width=2068) (actual time=56.866..56.883 rows=6999 loops=1)',), ('                    Buckets: 8192 (originally 1024)  Batches: 1 (originally 1)  Memory Usage: 748kB',), ('                    Buffers: shared hit=153',), ('                    ->  Hash Join  (cost=181.69..245.90 rows=138 width=2068) (actual time=19.195..46.757 rows=6999 loops=1)',), ('                          Hash Cond: (p.user_id = ua.id_user)',), ('                          Buffers: shared hit=153',), ('                          ->  Seq Scan on project p  (cost=0.00..63.13 rows=413 width=1040) (actual time=0.004..8.846 rows=7000 loops=1)',), ('                                Buffers: shared hit=59',), ('                          ->  Hash  (cost=152.53..152.53 rows=2333 width=1036) (actual time=19.182..19.190 rows=6997 loops=1)',), ('                                Buckets: 8192 (originally 4096)  Batches: 1 (originally 1)  Memory Usage: 529kB',), ('                                Buffers: shared hit=94',), ('                                ->  Bitmap Heap Scan on user_app ua  (cost=50.36..152.53 rows=2333 width=1036) (actual time=0.194..9.521 rows=6997 loops=1)',), ('                                      Recheck Cond: (id_user > 3)',), ('                                      Heap Blocks: exact=73',), ('                                      Buffers: shared hit=94',), ('                                      ->  Bitmap Index Scan on user_app_pkey  (cost=0.00..49.78 rows=2333 width=0) (actual time=0.180..0.181 rows=6997 loops=1)',), ('                                            Index Cond: (id_user > 3)',), ('                                            Buffers: shared hit=21',), ('Planning Time: 0.153 ms',), ('Execution Time: 133.567 ms',)]"
8000,No Index,19241.090297698975,"[('Hash Join  (cost=289.25..400.08 rows=230 width=4178) (actual time=109.306..141.347 rows=7998 loops=1)',), ('  Hash Cond: (t.table_id = ta.id_table)',), ('  Buffers: shared hit=364',), ('  ->  Seq Scan on task t  (cost=0.00..105.93 rows=693 width=1086) (actual time=0.007..10.237 rows=8000 loops=1)',), ('        Buffers: shared hit=99',), ('  ->  Hash  (cost=286.86..286.86 rows=191 width=3100) (actual time=109.290..109.311 rows=7996 loops=1)',), ('        Buckets: 8192 (originally 1024)  Batches: 1 (originally 1)  Memory Usage: 1345kB',), ('        Buffers: shared hit=265',), ('        ->  Hash Join  (cost=162.04..286.86 rows=191 width=3100) (actual time=64.964..97.210 rows=7996 loops=1)',), ('              Hash Cond: (ta.project_id = p.id_project)',), ('              Buffers: shared hit=265',), ('              ->  Seq Scan on table_app ta  (cost=0.00..120.75 rows=575 width=1040) (actual time=0.004..10.285 rows=8000 loops=1)',), ('                    Buffers: shared hit=115',), ('              ->  Hash  (cost=160.09..160.09 rows=156 width=2068) (actual time=64.953..64.966 rows=7995 loops=1)',), ('                    Buckets: 8192 (originally 1024)  Batches: 1 (originally 1)  Memory Usage: 845kB',), ('                    Buffers: shared hit=150',), ('                    ->  Hash Join  (cost=87.15..160.09 rows=156 width=2068) (actual time=22.151..53.458 rows=7995 loops=1)',), ('                          Hash Cond: (p.user_id = ua.id_user)',), ('                          Buffers: shared hit=150',), ('                          ->  Seq Scan on project p  (cost=0.00..71.69 rows=469 width=1040) (actual time=0.003..9.983 rows=8000 loops=1)',), ('                                Buffers: shared hit=67',), ('                          ->  Hash  (cost=86.11..86.11 rows=83 width=1036) (actual time=22.140..22.145 rows=7997 loops=1)',), ('                                Buckets: 8192 (originally 1024)  Batches: 1 (originally 1)  Memory Usage: 596kB',), ('                                Buffers: shared hit=83',), ('                                ->  Seq Scan on user_app ua  (cost=0.00..86.11 rows=83 width=1036) (actual time=0.006..10.911 rows=7997 loops=1)',), ('                                      Filter: (id_user > 3)',), ('                                      Rows Removed by Filter: 3',), ('                                      Buffers: shared hit=83',), ('Planning Time: 0.145 ms',), ('Execution Time: 151.448 ms',)]"
8000,BTREE,19048.9182472229,"[('Hash Join  (cost=408.70..519.53 rows=230 width=4178) (actual time=111.408..144.125 rows=7998 loops=1)',), ('  Hash Cond: (t.table_id = ta.id_table)',), ('  Buffers: shared hit=387',), ('  ->  Seq Scan on task t  (cost=0.00..105.93 rows=693 width=1086) (actual time=0.006..10.467 rows=8000 loops=1)',), ('        Buffers: shared hit=99',), ('  ->  Hash  (cost=406.31..406.31 rows=191 width=3100) (actual time=111.388..111.414 rows=7996 loops=1)',), ('        Buckets: 8192 (originally 1024)  Batches: 1 (originally 1)  Memory Usage: 1345kB',), ('        Buffers: shared hit=288',), ('        ->  Hash Join  (cost=281.50..406.31 rows=191 width=3100) (actual time=66.460..99.166 rows=7996 loops=1)',), ('              Hash Cond: (ta.project_id = p.id_project)',), ('              Buffers: shared hit=288',), ('              ->  Seq Scan on table_app ta  (cost=0.00..120.75 rows=575 width=1040) (actual time=0.004..10.393 rows=8000 loops=1)',), ('                    Buffers: shared hit=115',), ('              ->  Hash  (cost=279.55..279.55 rows=156 width=2068) (actual time=66.444..66.461 rows=7995 loops=1)',), ('                    Buckets: 8192 (originally 1024)  Batches: 1 (originally 1)  Memory Usage: 845kB',), ('                    Buffers: shared hit=173',), ('                    ->  Hash Join  (cost=206.63..279.55 rows=156 width=2068) (actual time=22.592..54.697 rows=7995 loops=1)',), ('                          Hash Cond: (p.user_id = ua.id_user)',), ('                          Buffers: shared hit=173',), ('                          ->  Seq Scan on project p  (cost=0.00..71.69 rows=469 width=1040) (actual time=0.004..10.245 rows=8000 loops=1)',), ('                                Buffers: shared hit=67',), ('                          ->  Hash  (cost=173.29..173.29 rows=2667 width=1036) (actual time=22.576..22.584 rows=7997 loops=1)',), ('                                Buckets: 8192 (originally 4096)  Batches: 1 (originally 1)  Memory Usage: 596kB',), ('                                Buffers: shared hit=106',), ('                                ->  Bitmap Heap Scan on user_app ua  (cost=56.95..173.29 rows=2667 width=1036) (actual time=0.235..11.295 rows=7997 loops=1)',), ('                                      Recheck Cond: (id_user > 3)',), ('                                      Heap Blocks: exact=83',), ('                                      Buffers: shared hit=106',), ('                                      ->  Bitmap Index Scan on idx_user_id_btree  (cost=0.00..56.28 rows=2667 width=0) (actual time=0.219..0.220 rows=7997 loops=1)',), ('                                            Index Cond: (id_user > 3)',), ('                                            Buffers: shared hit=23',), ('Planning Time: 0.151 ms',), ('Execution Time: 154.760 ms',)]"
8000,HASH,18957.576751708984,"[('Hash Join  (cost=408.70..519.53 rows=230 width=4178) (actual time=113.161..145.890 rows=7998 loops=1)',), ('  Hash Cond: (t.table_id = ta.id_table)',), ('  Buffers: shared hit=387',), ('  ->  Seq Scan on task t  (cost=0.00..105.93 rows=693 width=1086) (actual time=0.007..10.327 rows=8000 loops=1)',), ('        Buffers: shared hit=99',), ('  ->  Hash  (cost=406.31..406.31 rows=191 width=3100) (actual time=113.144..113.169 rows=7996 loops=1)',), ('        Buckets: 8192 (originally 1024)  Batches: 1 (originally 1)  Memory Usage: 1345kB',), ('        Buffers: shared hit=288',), ('        ->  Hash Join  (cost=281.50..406.31 rows=191 width=3100) (actual time=66.367..100.452 rows=7996 loops=1)',), ('              Hash Cond: (ta.project_id = p.id_project)',), ('              Buffers: shared hit=288',), ('              ->  Seq Scan on table_app ta  (cost=0.00..120.75 rows=575 width=1040) (actual time=0.004..10.637 rows=8000 loops=1)',), ('                    Buffers: shared hit=115',), ('              ->  Hash  (cost=279.55..279.55 rows=156 width=2068) (actual time=66.356..66.372 rows=7995 loops=1)',), ('                    Buckets: 8192 (originally 1024)  Batches: 1 (originally 1)  Memory Usage: 845kB',), ('                    Buffers: shared hit=173',), ('                    ->  Hash Join  (cost=206.63..279.55 rows=156 width=2068) (actual time=22.258..54.522 rows=7995 loops=1)',), ('                          Hash Cond: (p.user_id = ua.id_user)',), ('                          Buffers: shared hit=173',), ('                          ->  Seq Scan on project p  (cost=0.00..71.69 rows=469 width=1040) (actual time=0.004..10.224 rows=8000 loops=1)',), ('                                Buffers: shared hit=67',), ('                          ->  Hash  (cost=173.29..173.29 rows=2667 width=1036) (actual time=22.244..22.252 rows=7997 loops=1)',), ('                                Buckets: 8192 (originally 4096)  Batches: 1 (originally 1)  Memory Usage: 596kB',), ('                                Buffers: shared hit=106',), ('                                ->  Bitmap Heap Scan on user_app ua  (cost=56.95..173.29 rows=2667 width=1036) (actual time=0.214..11.008 rows=7997 loops=1)',), ('                                      Recheck Cond: (id_user > 3)',), ('                                      Heap Blocks: exact=83',), ('                                      Buffers: shared hit=106',), ('                                      ->  Bitmap Index Scan on user_app_pkey  (cost=0.00..56.28 rows=2667 width=0) (actual time=0.199..0.201 rows=7997 loops=1)',), ('                                            Index Cond: (id_user > 3)',), ('                                            Buffers: shared hit=23',), ('Planning Time: 0.157 ms',), ('Execution Time: 156.474 ms',)]"
9000,No Index,21282.912254333496,"[('Hash Join  (cost=324.19..449.58 rows=261 width=4178) (actual time=123.814..160.550 rows=9000 loops=1)',), ('  Hash Cond: (t.table_id = ta.id_table)',), ('  Buffers: shared hit=409',), ('  ->  Seq Scan on task t  (cost=0.00..119.84 rows=784 width=1086) (actual time=0.007..11.407 rows=9000 loops=1)',), ('        Buffers: shared hit=112',), ('  ->  Hash  (cost=321.51..321.51 rows=215 width=3100) (actual time=123.799..123.819 rows=9000 loops=1)',), ('        Buckets: 16384 (originally 1024)  Batches: 1 (originally 1)  Memory Usage: 1570kB',), ('        Buffers: shared hit=297',), ('        ->  Hash Join  (cost=181.49..321.51 rows=215 width=3100) (actual time=73.330..110.128 rows=9000 loops=1)',), ('              Hash Cond: (ta.project_id = p.id_project)',), ('              Buffers: shared hit=297',), ('              ->  Seq Scan on table_app ta  (cost=0.00..135.45 rows=645 width=1040) (actual time=0.004..11.542 rows=9000 loops=1)',), ('                    Buffers: shared hit=129',), ('              ->  Hash  (cost=179.30..179.30 rows=175 width=2068) (actual time=73.318..73.331 rows=9000 loops=1)',), ('                    Buckets: 16384 (originally 1024)  Batches: 1 (originally 1)  Memory Usage: 1007kB',), ('                    Buffers: shared hit=168',), ('                    ->  Hash Join  (cost=97.65..179.30 rows=175 width=2068) (actual time=24.205..60.400 rows=9000 loops=1)',), ('                          Hash Cond: (p.user_id = ua.id_user)',), ('                          Buffers: shared hit=168',), ('                          ->  Seq Scan on project p  (cost=0.00..80.25 rows=525 width=1040) (actual time=0.004..11.372 rows=9000 loops=1)',), ('                                Buffers: shared hit=75',), ('                          ->  Hash  (cost=96.49..96.49 rows=93 width=1036) (actual time=24.192..24.197 rows=8998 loops=1)',), ('                                Buckets: 16384 (originally 1024)  Batches: 1 (originally 1)  Memory Usage: 726kB',), ('                                Buffers: shared hit=93',), ('                                ->  Seq Scan on user_app ua  (cost=0.00..96.49 rows=93 width=1036) (actual time=0.005..11.913 rows=8998 loops=1)',), ('                                      Filter: (id_user > 2)',), ('                                      Rows Removed by Filter: 2',), ('                                      Buffers: shared hit=93',), ('Planning Time: 0.150 ms',), ('Execution Time: 171.964 ms',)]"
9000,BTREE,21282.27996826172,"[('Hash Join  (cost=454.06..579.45 rows=261 width=4178) (actual time=124.231..161.608 rows=9000 loops=1)',), ('  Hash Cond: (t.table_id = ta.id_table)',), ('  Buffers: shared hit=435',), ('  ->  Seq Scan on task t  (cost=0.00..119.84 rows=784 width=1086) (actual time=0.008..11.721 rows=9000 loops=1)',), ('        Buffers: shared hit=112',), ('  ->  Hash  (cost=451.37..451.37 rows=215 width=3100) (actual time=124.208..124.231 rows=9000 loops=1)',), ('        Buckets: 16384 (originally 1024)  Batches: 1 (originally 1)  Memory Usage: 1570kB',), ('        Buffers: shared hit=323',), ('        ->  Hash Join  (cost=311.35..451.37 rows=215 width=3100) (actual time=73.628..110.542 rows=9000 loops=1)',), ('              Hash Cond: (ta.project_id = p.id_project)',), ('              Buffers: shared hit=323',), ('              ->  Seq Scan on table_app ta  (cost=0.00..135.45 rows=645 width=1040) (actual time=0.004..11.594 rows=9000 loops=1)',), ('                    Buffers: shared hit=129',), ('              ->  Hash  (cost=309.16..309.16 rows=175 width=2068) (actual time=73.611..73.626 rows=9000 loops=1)',), ('                    Buckets: 16384 (originally 1024)  Batches: 1 (originally 1)  Memory Usage: 1007kB',), ('                    Buffers: shared hit=194',), ('                    ->  Hash Join  (cost=227.53..309.16 rows=175 width=2068) (actual time=24.955..60.556 rows=9000 loops=1)',), ('                          Hash Cond: (p.user_id = ua.id_user)',), ('                          Buffers: shared hit=194',), ('                          ->  Seq Scan on project p  (cost=0.00..80.25 rows=525 width=1040) (actual time=0.004..11.336 rows=9000 loops=1)',), ('                                Buffers: shared hit=75',), ('                          ->  Hash  (cost=190.03..190.03 rows=3000 width=1036) (actual time=24.935..24.942 rows=8998 loops=1)',), ('                                Buckets: 16384 (originally 4096)  Batches: 1 (originally 1)  Memory Usage: 726kB',), ('                                Buffers: shared hit=119',), ('                                ->  Bitmap Heap Scan on user_app ua  (cost=59.53..190.03 rows=3000 width=1036) (actual time=0.239..12.340 rows=8998 loops=1)',), ('                                      Recheck Cond: (id_user > 2)',), ('                                      Heap Blocks: exact=93',), ('                                      Buffers: shared hit=119',), ('                                      ->  Bitmap Index Scan on idx_user_id_btree  (cost=0.00..58.78 rows=3000 width=0) (actual time=0.224..0.224 rows=8998 loops=1)',), ('                                            Index Cond: (id_user > 2)',), ('                                            Buffers: shared hit=26',), ('Planning Time: 0.159 ms',), ('Execution Time: 173.717 ms',)]"
9000,HASH,21300.394535064697,"[('Hash Join  (cost=454.06..579.45 rows=261 width=4178) (actual time=120.835..156.802 rows=9000 loops=1)',), ('  Hash Cond: (t.table_id = ta.id_table)',), ('  Buffers: shared hit=435',), ('  ->  Seq Scan on task t  (cost=0.00..119.84 rows=784 width=1086) (actual time=0.006..11.248 rows=9000 loops=1)',), ('        Buffers: shared hit=112',), ('  ->  Hash  (cost=451.37..451.37 rows=215 width=3100) (actual time=120.820..120.842 rows=9000 loops=1)',), ('        Buckets: 16384 (originally 1024)  Batches: 1 (originally 1)  Memory Usage: 1570kB',), ('        Buffers: shared hit=323',), ('        ->  Hash Join  (cost=311.35..451.37 rows=215 width=3100) (actual time=71.240..107.396 rows=9000 loops=1)',), ('              Hash Cond: (ta.project_id = p.id_project)',), ('              Buffers: shared hit=323',), ('              ->  Seq Scan on table_app ta  (cost=0.00..135.45 rows=645 width=1040) (actual time=0.004..11.359 rows=9000 loops=1)',), ('                    Buffers: shared hit=129',), ('              ->  Hash  (cost=309.16..309.16 rows=175 width=2068) (actual time=71.228..71.243 rows=9000 loops=1)',), ('                    Buckets: 16384 (originally 1024)  Batches: 1 (originally 1)  Memory Usage: 1007kB',), ('                    Buffers: shared hit=194',), ('                    ->  Hash Join  (cost=227.53..309.16 rows=175 width=2068) (actual time=23.270..58.560 rows=9000 loops=1)',), ('                          Hash Cond: (p.user_id = ua.id_user)',), ('                          Buffers: shared hit=194',), ('                          ->  Seq Scan on project p  (cost=0.00..80.25 rows=525 width=1040) (actual time=0.004..11.188 rows=9000 loops=1)',), ('                                Buffers: shared hit=75',), ('                          ->  Hash  (cost=190.03..190.03 rows=3000 width=1036) (actual time=23.255..23.263 rows=8998 loops=1)',), ('                                Buckets: 16384 (originally 4096)  Batches: 1 (originally 1)  Memory Usage: 726kB',), ('                                Buffers: shared hit=119',), ('                                ->  Bitmap Heap Scan on user_app ua  (cost=59.53..190.03 rows=3000 width=1036) (actual time=0.239..11.446 rows=8998 loops=1)',), ('                                      Recheck Cond: (id_user > 2)',), ('                                      Heap Blocks: exact=93',), ('                                      Buffers: shared hit=119',), ('                                      ->  Bitmap Index Scan on user_app_pkey  (cost=0.00..58.78 rows=3000 width=0) (actual time=0.224..0.225 rows=8998 loops=1)',), ('                                            Index Cond: (id_user > 2)',), ('                                            Buffers: shared hit=26',), ('Planning Time: 0.158 ms',), ('Execution Time: 168.148 ms',)]"
10000,No Index,23146.616458892822,"[('Hash Join  (cost=361.28..500.11 rows=289 width=4178) (actual time=135.846..175.790 rows=10000 loops=1)',), ('  Hash Cond: (t.table_id = ta.id_table)',), ('  Buffers: shared hit=455',), ('  ->  Seq Scan on task t  (cost=0.00..132.68 rows=868 width=1086) (actual time=0.007..12.863 rows=10000 loops=1)',), ('        Buffers: shared hit=124',), ('  ->  Hash  (cost=358.31..358.31 rows=238 width=3100) (actual time=135.830..135.852 rows=10000 loops=1)',), ('        Buckets: 16384 (originally 1024)  Batches: 1 (originally 1)  Memory Usage: 1730kB',), ('        Buffers: shared hit=331',), ('        ->  Hash Join  (cost=203.10..358.31 rows=238 width=3100) (actual time=81.527..120.942 rows=10000 loops=1)',), ('              Hash Cond: (ta.project_id = p.id_project)',), ('              Buffers: shared hit=331',), ('              ->  Seq Scan on table_app ta  (cost=0.00..150.15 rows=715 width=1040) (actual time=0.004..12.705 rows=10000 loops=1)',), ('                    Buffers: shared hit=143',), ('              ->  Hash  (cost=200.65..200.65 rows=196 width=2068) (actual time=81.515..81.529 rows=9999 loops=1)',), ('                    Buckets: 16384 (originally 1024)  Batches: 1 (originally 1)  Memory Usage: 1105kB',), ('                    Buffers: shared hit=188',), ('                    ->  Hash Join  (cost=109.20..200.65 rows=196 width=2068) (actual time=27.255..66.983 rows=9999 loops=1)',), ('                          Hash Cond: (p.user_id = ua.id_user)',), ('                          Buffers: shared hit=188',), ('                          ->  Seq Scan on project p  (cost=0.00..89.88 rows=588 width=1040) (actual time=0.004..12.802 rows=10000 loops=1)',), ('                                Buffers: shared hit=84',), ('                          ->  Hash  (cost=107.90..107.90 rows=104 width=1036) (actual time=27.243..27.248 rows=9997 loops=1)',), ('                                Buckets: 16384 (originally 1024)  Batches: 1 (originally 1)  Memory Usage: 792kB',), ('                                Buffers: shared hit=104',), ('                                ->  Seq Scan on user_app ua  (cost=0.00..107.90 rows=104 width=1036) (actual time=0.005..13.406 rows=9997 loops=1)',), ('                                      Filter: (id_user > 3)',), ('                                      Rows Removed by Filter: 3',), ('                                      Buffers: shared hit=104',), ('Planning Time: 0.174 ms',), ('Execution Time: 188.471 ms',)]"
10000,BTREE,24006.625175476074,"[('Hash Join  (cost=505.50..644.33 rows=289 width=4178) (actual time=134.506..174.450 rows=10000 loops=1)',), ('  Hash Cond: (t.table_id = ta.id_table)',), ('  Buffers: shared hit=484',), ('  ->  Seq Scan on task t  (cost=0.00..132.68 rows=868 width=1086) (actual time=0.007..12.621 rows=10000 loops=1)',), ('        Buffers: shared hit=124',), ('  ->  Hash  (cost=502.53..502.53 rows=238 width=3100) (actual time=134.478..134.503 rows=10000 loops=1)',), ('        Buckets: 16384 (originally 1024)  Batches: 1 (originally 1)  Memory Usage: 1730kB',), ('        Buffers: shared hit=360',), ('        ->  Hash Join  (cost=347.31..502.53 rows=238 width=3100) (actual time=79.326..119.706 rows=10000 loops=1)',), ('              Hash Cond: (ta.project_id = p.id_project)',), ('              Buffers: shared hit=360',), ('              ->  Seq Scan on table_app ta  (cost=0.00..150.15 rows=715 width=1040) (actual time=0.003..12.713 rows=10000 loops=1)',), ('                    Buffers: shared hit=143',), ('              ->  Hash  (cost=344.86..344.86 rows=196 width=2068) (actual time=79.310..79.327 rows=9999 loops=1)',), ('                    Buckets: 16384 (originally 1024)  Batches: 1 (originally 1)  Memory Usage: 1105kB',), ('                    Buffers: shared hit=217',), ('                    ->  Hash Join  (cost=253.44..344.86 rows=196 width=2068) (actual time=26.039..65.360 rows=9999 loops=1)',), ('                          Hash Cond: (p.user_id = ua.id_user)',), ('                          Buffers: shared hit=217',), ('                          ->  Seq Scan on project p  (cost=0.00..89.88 rows=588 width=1040) (actual time=0.004..12.437 rows=10000 loops=1)',), ('                                Buffers: shared hit=84',), ('                          ->  Hash  (cost=211.78..211.78 rows=3333 width=1036) (actual time=26.014..26.021 rows=9997 loops=1)',), ('                                Buckets: 16384 (originally 4096)  Batches: 1 (originally 1)  Memory Usage: 792kB',), ('                                Buffers: shared hit=133',), ('                                ->  Bitmap Heap Scan on user_app ua  (cost=66.12..211.78 rows=3333 width=1036) (actual time=0.275..12.781 rows=9997 loops=1)',), ('                                      Recheck Cond: (id_user > 3)',), ('                                      Heap Blocks: exact=104',), ('                                      Buffers: shared hit=133',), ('                                      ->  Bitmap Index Scan on idx_user_id_btree  (cost=0.00..65.28 rows=3333 width=0) (actual time=0.258..0.260 rows=9997 loops=1)',), ('                                            Index Cond: (id_user > 3)',), ('                                            Buffers: shared hit=29',), ('Planning Time: 0.189 ms',), ('Execution Time: 187.366 ms',)]"
10000,HASH,23610.80837249756,"[('Hash Join  (cost=505.50..644.33 rows=289 width=4178) (actual time=132.064..171.464 rows=10000 loops=1)',), ('  Hash Cond: (t.table_id = ta.id_table)',), ('  Buffers: shared hit=484',), ('  ->  Seq Scan on task t  (cost=0.00..132.68 rows=868 width=1086) (actual time=0.007..12.518 rows=10000 loops=1)',), ('        Buffers: shared hit=124',), ('  ->  Hash  (cost=502.53..502.53 rows=238 width=3100) (actual time=132.049..132.077 rows=10000 loops=1)',), ('        Buckets: 16384 (originally 1024)  Batches: 1 (originally 1)  Memory Usage: 1730kB',), ('        Buffers: shared hit=360',), ('        ->  Hash Join  (cost=347.31..502.53 rows=238 width=3100) (actual time=78.467..117.731 rows=10000 loops=1)',), ('              Hash Cond: (ta.project_id = p.id_project)',), ('              Buffers: shared hit=360',), ('              ->  Seq Scan on table_app ta  (cost=0.00..150.15 rows=715 width=1040) (actual time=0.004..12.528 rows=10000 loops=1)',), ('                    Buffers: shared hit=143',), ('              ->  Hash  (cost=344.86..344.86 rows=196 width=2068) (actual time=78.455..78.473 rows=9999 loops=1)',), ('                    Buckets: 16384 (originally 1024)  Batches: 1 (originally 1)  Memory Usage: 1105kB',), ('                    Buffers: shared hit=217',), ('                    ->  Hash Join  (cost=253.44..344.86 rows=196 width=2068) (actual time=25.842..64.753 rows=9999 loops=1)',), ('                          Hash Cond: (p.user_id = ua.id_user)',), ('                          Buffers: shared hit=217',), ('                          ->  Seq Scan on project p  (cost=0.00..89.88 rows=588 width=1040) (actual time=0.003..12.405 rows=10000 loops=1)',), ('                                Buffers: shared hit=84',), ('                          ->  Hash  (cost=211.78..211.78 rows=3333 width=1036) (actual time=25.828..25.837 rows=9997 loops=1)',), ('                                Buckets: 16384 (originally 4096)  Batches: 1 (originally 1)  Memory Usage: 792kB',), ('                                Buffers: shared hit=133',), ('                                ->  Bitmap Heap Scan on user_app ua  (cost=66.12..211.78 rows=3333 width=1036) (actual time=0.269..12.617 rows=9997 loops=1)',), ('                                      Recheck Cond: (id_user > 3)',), ('                                      Heap Blocks: exact=104',), ('                                      Buffers: shared hit=133',), ('                                      ->  Bitmap Index Scan on user_app_pkey  (cost=0.00..65.28 rows=3333 width=0) (actual time=0.252..0.254 rows=9997 loops=1)',), ('                                            Index Cond: (id_user > 3)',), ('                                            Buffers: shared hit=29',), ('Planning Time: 0.155 ms',), ('Execution Time: 184.079 ms',)]"
